[2021-09-23 22:45:00.283] [exthost] [info] extension host started
[2021-09-23 22:45:00.298] [exthost] [error] Error: EEXIST: file already exists, open '/home/airflow/.vscode-server/data/User/workspaceStorage/e689b1832e6363481fe5fa9acd4a1bee/vscode.lock'
[2021-09-23 22:45:00.356] [exthost] [info] Lock '/home/airflow/.vscode-server/data/User/workspaceStorage/e689b1832e6363481fe5fa9acd4a1bee/vscode.lock': Could not acquire lock, checking if the file is stale.
[2021-09-23 22:45:00.380] [exthost] [info] Lock '/home/airflow/.vscode-server/data/User/workspaceStorage/e689b1832e6363481fe5fa9acd4a1bee/vscode.lock': The pid 1378 appears to be gone.
[2021-09-23 22:45:00.380] [exthost] [info] Lock '/home/airflow/.vscode-server/data/User/workspaceStorage/e689b1832e6363481fe5fa9acd4a1bee/vscode.lock': Deleting a stale lock.
[2021-09-23 22:45:00.384] [exthost] [info] Lock '/home/airflow/.vscode-server/data/User/workspaceStorage/e689b1832e6363481fe5fa9acd4a1bee/vscode.lock': Lock acquired.
[2021-09-23 22:45:00.659] [exthost] [info] ExtensionService#_doActivateExtension vscode.debug-auto-launch {"startup":true,"extensionId":{"value":"vscode.debug-auto-launch","_lower":"vscode.debug-auto-launch"},"activationEvent":"*"}
[2021-09-23 22:45:00.659] [exthost] [info] ExtensionService#loadCommonJSModule file:///home/airflow/.vscode-server/bin/83bd43bc519d15e50c4272c6cf5c1479df196a4d/extensions/debug-auto-launch/dist/extension
[2021-09-23 22:45:00.713] [exthost] [info] ExtensionService#_doActivateExtension vscode.git {"startup":true,"extensionId":{"value":"vscode.github","_lower":"vscode.github"},"activationEvent":"*"}
[2021-09-23 22:45:00.713] [exthost] [info] ExtensionService#loadCommonJSModule file:///home/airflow/.vscode-server/bin/83bd43bc519d15e50c4272c6cf5c1479df196a4d/extensions/git/dist/main
[2021-09-23 22:45:01.373] [exthost] [info] ExtensionService#_doActivateExtension ritwickdey.LiveServer {"startup":true,"extensionId":{"value":"ritwickdey.LiveServer","_lower":"ritwickdey.liveserver"},"activationEvent":"*"}
[2021-09-23 22:45:01.373] [exthost] [info] ExtensionService#loadCommonJSModule file:///home/airflow/.vscode-server/extensions/ritwickdey.liveserver-5.6.1/out/src/extension
[2021-09-23 22:45:05.306] [exthost] [info] ExtensionService#_doActivateExtension vscode.github {"startup":true,"extensionId":{"value":"vscode.github","_lower":"vscode.github"},"activationEvent":"*"}
[2021-09-23 22:45:05.306] [exthost] [info] ExtensionService#loadCommonJSModule file:///home/airflow/.vscode-server/bin/83bd43bc519d15e50c4272c6cf5c1479df196a4d/extensions/github/dist/extension.js
[2021-09-23 22:45:08.225] [exthost] [info] ExtensionService#_doActivateExtension vscode.emmet {"startup":false,"extensionId":{"value":"vscode.emmet","_lower":"vscode.emmet"},"activationEvent":"onStartupFinished"}
[2021-09-23 22:45:08.225] [exthost] [info] ExtensionService#loadCommonJSModule file:///home/airflow/.vscode-server/bin/83bd43bc519d15e50c4272c6cf5c1479df196a4d/extensions/emmet/dist/node/emmetNodeMain
[2021-09-23 22:45:08.536] [exthost] [info] ExtensionService#_doActivateExtension vscode.merge-conflict {"startup":false,"extensionId":{"value":"vscode.merge-conflict","_lower":"vscode.merge-conflict"},"activationEvent":"onStartupFinished"}
[2021-09-23 22:45:08.536] [exthost] [info] ExtensionService#loadCommonJSModule file:///home/airflow/.vscode-server/bin/83bd43bc519d15e50c4272c6cf5c1479df196a4d/extensions/merge-conflict/dist/mergeConflictMain
[2021-09-23 22:45:08.601] [exthost] [info] eager extensions activated
[2021-09-23 22:45:08.832] [exthost] [info] ExtensionService#_doActivateExtension ms-vscode.js-debug {"startup":false,"extensionId":{"value":"ms-vscode.js-debug","_lower":"ms-vscode.js-debug"},"activationEvent":"onCommand:extension.js-debug.clearAutoAttachVariables"}
[2021-09-23 22:45:08.832] [exthost] [info] ExtensionService#loadCommonJSModule file:///home/airflow/.vscode-server/bin/83bd43bc519d15e50c4272c6cf5c1479df196a4d/extensions/ms-vscode.js-debug/src/extension.js
[2021-09-23 22:45:11.213] [exthost] [warning] [Decorations] CAPPING events from decorations provider vscode.git 1349
[2021-09-23 22:45:16.678] [exthost] [warning] [Decorations] CAPPING events from decorations provider vscode.git 1349
