[2021-09-23 23:14:55,840] {taskinstance.py:876} INFO - Dependencies all met for <TaskInstance: user_processing.drop_table 2021-09-23T23:14:53.113078+00:00 [queued]>
[2021-09-23 23:14:55,846] {taskinstance.py:876} INFO - Dependencies all met for <TaskInstance: user_processing.drop_table 2021-09-23T23:14:53.113078+00:00 [queued]>
[2021-09-23 23:14:55,846] {taskinstance.py:1067} INFO - 
--------------------------------------------------------------------------------
[2021-09-23 23:14:55,846] {taskinstance.py:1068} INFO - Starting attempt 1 of 1
[2021-09-23 23:14:55,846] {taskinstance.py:1069} INFO - 
--------------------------------------------------------------------------------
[2021-09-23 23:14:55,868] {taskinstance.py:1087} INFO - Executing <Task(SqliteOperator): drop_table> on 2021-09-23T23:14:53.113078+00:00
[2021-09-23 23:14:55,871] {standard_task_runner.py:52} INFO - Started process 8596 to run task
[2021-09-23 23:14:55,877] {standard_task_runner.py:76} INFO - Running: ['airflow', 'tasks', 'run', 'user_processing', 'drop_table', '2021-09-23T23:14:53.113078+00:00', '--job-id', '201', '--pool', 'default_pool', '--raw', '--subdir', 'DAGS_FOLDER/user_processing.py', '--cfg-path', '/tmp/tmp1aj8bl0l', '--error-file', '/tmp/tmplcum9c9v']
[2021-09-23 23:14:55,877] {standard_task_runner.py:77} INFO - Job 201: Subtask drop_table
[2021-09-23 23:14:55,949] {logging_mixin.py:104} INFO - Running <TaskInstance: user_processing.drop_table 2021-09-23T23:14:53.113078+00:00 [running]> on host airflowvm
[2021-09-23 23:14:56,108] {taskinstance.py:1280} INFO - Exporting the following env vars:
AIRFLOW_CTX_DAG_OWNER=airflow
AIRFLOW_CTX_DAG_ID=user_processing
AIRFLOW_CTX_TASK_ID=drop_table
AIRFLOW_CTX_EXECUTION_DATE=2021-09-23T23:14:53.113078+00:00
AIRFLOW_CTX_DAG_RUN_ID=manual__2021-09-23T23:14:53.113078+00:00
[2021-09-23 23:14:56,108] {sqlite.py:63} INFO - Executing: 
            DROP TABLE IF EXISTS users ;
        
[2021-09-23 23:14:56,115] {base.py:69} INFO - Using connection to: id: db_sqlite. Host: /home/airflow/airflow/airflow.db, Port: None, Schema: , Login: , Password: None, extra: {}
[2021-09-23 23:14:56,115] {dbapi.py:204} INFO - Running statement: 
            DROP TABLE IF EXISTS users ;
        , parameters: []
[2021-09-23 23:14:56,129] {taskinstance.py:1184} INFO - Marking task as SUCCESS. dag_id=user_processing, task_id=drop_table, execution_date=20210923T231453, start_date=20210923T231455, end_date=20210923T231456
[2021-09-23 23:14:56,159] {taskinstance.py:1245} INFO - 0 downstream tasks scheduled from follow-on schedule check
[2021-09-23 23:14:56,187] {local_task_job.py:151} INFO - Task exited with return code 0
