[2021-09-23 23:14:57,845] {taskinstance.py:876} INFO - Dependencies all met for <TaskInstance: user_processing.creating_table 2021-09-23T23:14:53.113078+00:00 [queued]>
[2021-09-23 23:14:57,850] {taskinstance.py:876} INFO - Dependencies all met for <TaskInstance: user_processing.creating_table 2021-09-23T23:14:53.113078+00:00 [queued]>
[2021-09-23 23:14:57,851] {taskinstance.py:1067} INFO - 
--------------------------------------------------------------------------------
[2021-09-23 23:14:57,851] {taskinstance.py:1068} INFO - Starting attempt 1 of 1
[2021-09-23 23:14:57,851] {taskinstance.py:1069} INFO - 
--------------------------------------------------------------------------------
[2021-09-23 23:14:57,872] {taskinstance.py:1087} INFO - Executing <Task(SqliteOperator): creating_table> on 2021-09-23T23:14:53.113078+00:00
[2021-09-23 23:14:57,874] {standard_task_runner.py:52} INFO - Started process 8625 to run task
[2021-09-23 23:14:57,881] {standard_task_runner.py:76} INFO - Running: ['airflow', 'tasks', 'run', 'user_processing', 'creating_table', '2021-09-23T23:14:53.113078+00:00', '--job-id', '202', '--pool', 'default_pool', '--raw', '--subdir', 'DAGS_FOLDER/user_processing.py', '--cfg-path', '/tmp/tmp7a5hghai', '--error-file', '/tmp/tmpozif2wl3']
[2021-09-23 23:14:57,882] {standard_task_runner.py:77} INFO - Job 202: Subtask creating_table
[2021-09-23 23:14:57,963] {logging_mixin.py:104} INFO - Running <TaskInstance: user_processing.creating_table 2021-09-23T23:14:53.113078+00:00 [running]> on host airflowvm
[2021-09-23 23:14:58,109] {taskinstance.py:1280} INFO - Exporting the following env vars:
AIRFLOW_CTX_DAG_OWNER=airflow
AIRFLOW_CTX_DAG_ID=user_processing
AIRFLOW_CTX_TASK_ID=creating_table
AIRFLOW_CTX_EXECUTION_DATE=2021-09-23T23:14:53.113078+00:00
AIRFLOW_CTX_DAG_RUN_ID=manual__2021-09-23T23:14:53.113078+00:00
[2021-09-23 23:14:58,109] {sqlite.py:63} INFO - Executing: 
            CREATE TABLE users (
                firstname TEXT NOT NULL,
                lastname TEXT NOT NULL,
                country TEXT NOT NULL,
                username TEXT NOT NULL,
                password TEXT NOT NULL,
                email TEXT NOT NULL PRIMARY KEY
            );
        
[2021-09-23 23:14:58,114] {base.py:69} INFO - Using connection to: id: db_sqlite. Host: /home/airflow/airflow/airflow.db, Port: None, Schema: , Login: , Password: None, extra: {}
[2021-09-23 23:14:58,114] {dbapi.py:204} INFO - Running statement: 
            CREATE TABLE users (
                firstname TEXT NOT NULL,
                lastname TEXT NOT NULL,
                country TEXT NOT NULL,
                username TEXT NOT NULL,
                password TEXT NOT NULL,
                email TEXT NOT NULL PRIMARY KEY
            );
        , parameters: []
[2021-09-23 23:14:58,132] {taskinstance.py:1184} INFO - Marking task as SUCCESS. dag_id=user_processing, task_id=creating_table, execution_date=20210923T231453, start_date=20210923T231457, end_date=20210923T231458
[2021-09-23 23:14:58,161] {taskinstance.py:1245} INFO - 0 downstream tasks scheduled from follow-on schedule check
[2021-09-23 23:14:58,179] {local_task_job.py:151} INFO - Task exited with return code 0
