[2021-08-16 14:40:16.305] [exthost] [info] extension host started
[2021-08-16 14:40:16.600] [exthost] [info] Lock '/home/airflow/.vscode-server/data/User/workspaceStorage/e689b1832e6363481fe5fa9acd4a1bee/vscode.lock': Lock acquired.
[2021-08-16 14:40:17.049] [exthost] [info] ExtensionService#_doActivateExtension vscode.debug-auto-launch {"startup":true,"extensionId":{"value":"vscode.debug-auto-launch","_lower":"vscode.debug-auto-launch"},"activationEvent":"*"}
[2021-08-16 14:40:17.049] [exthost] [info] ExtensionService#loadCommonJSModule file:///home/airflow/.vscode-server/bin/379476f0e13988d90fab105c5c19e7abc8b1dea8/extensions/debug-auto-launch/dist/extension
[2021-08-16 14:40:17.214] [exthost] [info] ExtensionService#_doActivateExtension vscode.git {"startup":true,"extensionId":{"value":"vscode.github","_lower":"vscode.github"},"activationEvent":"*"}
[2021-08-16 14:40:17.214] [exthost] [info] ExtensionService#loadCommonJSModule file:///home/airflow/.vscode-server/bin/379476f0e13988d90fab105c5c19e7abc8b1dea8/extensions/git/dist/main
[2021-08-16 14:40:18.923] [exthost] [info] ExtensionService#_doActivateExtension ritwickdey.LiveServer {"startup":true,"extensionId":{"value":"ritwickdey.LiveServer","_lower":"ritwickdey.liveserver"},"activationEvent":"*"}
[2021-08-16 14:40:18.923] [exthost] [info] ExtensionService#loadCommonJSModule file:///home/airflow/.vscode-server/extensions/ritwickdey.liveserver-5.6.1/out/src/extension
[2021-08-16 14:40:24.983] [exthost] [info] ExtensionService#_doActivateExtension vscode.github {"startup":true,"extensionId":{"value":"vscode.github","_lower":"vscode.github"},"activationEvent":"*"}
[2021-08-16 14:40:24.984] [exthost] [info] ExtensionService#loadCommonJSModule file:///home/airflow/.vscode-server/bin/379476f0e13988d90fab105c5c19e7abc8b1dea8/extensions/github/dist/extension.js
[2021-08-16 14:40:26.213] [exthost] [info] ExtensionService#_doActivateExtension vscode.emmet {"startup":false,"extensionId":{"value":"vscode.emmet","_lower":"vscode.emmet"},"activationEvent":"onStartupFinished"}
[2021-08-16 14:40:26.213] [exthost] [info] ExtensionService#loadCommonJSModule file:///home/airflow/.vscode-server/bin/379476f0e13988d90fab105c5c19e7abc8b1dea8/extensions/emmet/dist/node/emmetNodeMain
[2021-08-16 14:40:26.467] [exthost] [info] ExtensionService#_doActivateExtension vscode.merge-conflict {"startup":false,"extensionId":{"value":"vscode.merge-conflict","_lower":"vscode.merge-conflict"},"activationEvent":"onStartupFinished"}
[2021-08-16 14:40:26.467] [exthost] [info] ExtensionService#loadCommonJSModule file:///home/airflow/.vscode-server/bin/379476f0e13988d90fab105c5c19e7abc8b1dea8/extensions/merge-conflict/dist/mergeConflictMain
[2021-08-16 14:40:26.575] [exthost] [info] eager extensions activated
[2021-08-16 14:40:26.680] [exthost] [info] ExtensionService#_doActivateExtension ms-vscode.js-debug {"startup":false,"extensionId":{"value":"ms-vscode.js-debug","_lower":"ms-vscode.js-debug"},"activationEvent":"onCommand:extension.js-debug.clearAutoAttachVariables"}
[2021-08-16 14:40:26.680] [exthost] [info] ExtensionService#loadCommonJSModule file:///home/airflow/.vscode-server/bin/379476f0e13988d90fab105c5c19e7abc8b1dea8/extensions/ms-vscode.js-debug/src/extension.js
[2021-08-16 15:23:01.050] [exthost] [info] ExtensionService#_doActivateExtension vscode.configuration-editing {"startup":false,"extensionId":{"value":"vscode.configuration-editing","_lower":"vscode.configuration-editing"},"activationEvent":"onLanguage:jsonc"}
[2021-08-16 15:23:01.051] [exthost] [info] ExtensionService#loadCommonJSModule file:///home/airflow/.vscode-server/bin/379476f0e13988d90fab105c5c19e7abc8b1dea8/extensions/configuration-editing/dist/configurationEditingMain
[2021-08-16 15:23:01.068] [exthost] [info] ExtensionService#_doActivateExtension vscode.json-language-features {"startup":false,"extensionId":{"value":"vscode.json-language-features","_lower":"vscode.json-language-features"},"activationEvent":"onLanguage:jsonc"}
[2021-08-16 15:23:01.068] [exthost] [info] ExtensionService#loadCommonJSModule file:///home/airflow/.vscode-server/bin/379476f0e13988d90fab105c5c19e7abc8b1dea8/extensions/json-language-features/client/dist/node/jsonClientMain
[2021-08-16 15:23:01.207] [exthost] [info] ExtensionService#_doActivateExtension vscode.typescript-language-features {"startup":false,"extensionId":{"value":"vscode.typescript-language-features","_lower":"vscode.typescript-language-features"},"activationEvent":"onLanguage:jsonc"}
[2021-08-16 15:23:01.207] [exthost] [info] ExtensionService#loadCommonJSModule file:///home/airflow/.vscode-server/bin/379476f0e13988d90fab105c5c19e7abc8b1dea8/extensions/typescript-language-features/dist/extension
