[2021-09-23 22:55:11,788] {taskinstance.py:876} INFO - Dependencies all met for <TaskInstance: example_bash_operator.runme_2 2021-09-02T00:00:00+00:00 [queued]>
[2021-09-23 22:55:11,795] {taskinstance.py:876} INFO - Dependencies all met for <TaskInstance: example_bash_operator.runme_2 2021-09-02T00:00:00+00:00 [queued]>
[2021-09-23 22:55:11,795] {taskinstance.py:1067} INFO - 
--------------------------------------------------------------------------------
[2021-09-23 22:55:11,795] {taskinstance.py:1068} INFO - Starting attempt 1 of 1
[2021-09-23 22:55:11,795] {taskinstance.py:1069} INFO - 
--------------------------------------------------------------------------------
[2021-09-23 22:55:11,815] {taskinstance.py:1087} INFO - Executing <Task(BashOperator): runme_2> on 2021-09-02T00:00:00+00:00
[2021-09-23 22:55:11,817] {standard_task_runner.py:52} INFO - Started process 4916 to run task
[2021-09-23 22:55:11,825] {standard_task_runner.py:76} INFO - Running: ['airflow', 'tasks', 'run', 'example_bash_operator', 'runme_2', '2021-09-02T00:00:00+00:00', '--job-id', '146', '--pool', 'default_pool', '--raw', '--subdir', '/home/airflow/sandbox/lib/python3.8/site-packages/airflow/example_dags/example_bash_operator.py', '--cfg-path', '/tmp/tmp42si35ek', '--error-file', '/tmp/tmp5ns7ra68']
[2021-09-23 22:55:11,826] {standard_task_runner.py:77} INFO - Job 146: Subtask runme_2
[2021-09-23 22:55:11,893] {logging_mixin.py:104} INFO - Running <TaskInstance: example_bash_operator.runme_2 2021-09-02T00:00:00+00:00 [running]> on host airflowvm
[2021-09-23 22:55:11,975] {taskinstance.py:1280} INFO - Exporting the following env vars:
AIRFLOW_CTX_DAG_OWNER=airflow
AIRFLOW_CTX_DAG_ID=example_bash_operator
AIRFLOW_CTX_TASK_ID=runme_2
AIRFLOW_CTX_EXECUTION_DATE=2021-09-02T00:00:00+00:00
AIRFLOW_CTX_DAG_RUN_ID=scheduled__2021-09-02T00:00:00+00:00
[2021-09-23 22:55:11,975] {subprocess.py:52} INFO - Tmp dir root location: 
 /tmp
[2021-09-23 22:55:11,976] {subprocess.py:63} INFO - Running command: ['bash', '-c', 'echo "example_bash_operator__runme_2__20210902" && sleep 1']
[2021-09-23 22:55:11,988] {subprocess.py:75} INFO - Output:
[2021-09-23 22:55:11,990] {subprocess.py:79} INFO - example_bash_operator__runme_2__20210902
[2021-09-23 22:55:12,994] {subprocess.py:83} INFO - Command exited with return code 0
[2021-09-23 22:55:13,021] {taskinstance.py:1184} INFO - Marking task as SUCCESS. dag_id=example_bash_operator, task_id=runme_2, execution_date=20210902T000000, start_date=20210923T225511, end_date=20210923T225513
[2021-09-23 22:55:13,061] {taskinstance.py:1245} INFO - 1 downstream tasks scheduled from follow-on schedule check
[2021-09-23 22:55:13,090] {local_task_job.py:151} INFO - Task exited with return code 0
