[2021-09-23 22:52:23,872] {taskinstance.py:876} INFO - Dependencies all met for <TaskInstance: example_bash_operator.also_run_this 2021-08-23T00:00:00+00:00 [queued]>
[2021-09-23 22:52:23,882] {taskinstance.py:876} INFO - Dependencies all met for <TaskInstance: example_bash_operator.also_run_this 2021-08-23T00:00:00+00:00 [queued]>
[2021-09-23 22:52:23,882] {taskinstance.py:1067} INFO - 
--------------------------------------------------------------------------------
[2021-09-23 22:52:23,882] {taskinstance.py:1068} INFO - Starting attempt 1 of 1
[2021-09-23 22:52:23,882] {taskinstance.py:1069} INFO - 
--------------------------------------------------------------------------------
[2021-09-23 22:52:23,901] {taskinstance.py:1087} INFO - Executing <Task(BashOperator): also_run_this> on 2021-08-23T00:00:00+00:00
[2021-09-23 22:52:23,902] {standard_task_runner.py:52} INFO - Started process 3791 to run task
[2021-09-23 22:52:23,908] {standard_task_runner.py:76} INFO - Running: ['airflow', 'tasks', 'run', 'example_bash_operator', 'also_run_this', '2021-08-23T00:00:00+00:00', '--job-id', '79', '--pool', 'default_pool', '--raw', '--subdir', '/home/airflow/sandbox/lib/python3.8/site-packages/airflow/example_dags/example_bash_operator.py', '--cfg-path', '/tmp/tmpakdykq7z', '--error-file', '/tmp/tmp33slhtyp']
[2021-09-23 22:52:23,909] {standard_task_runner.py:77} INFO - Job 79: Subtask also_run_this
[2021-09-23 22:52:23,976] {logging_mixin.py:104} INFO - Running <TaskInstance: example_bash_operator.also_run_this 2021-08-23T00:00:00+00:00 [running]> on host airflowvm
[2021-09-23 22:52:24,063] {taskinstance.py:1280} INFO - Exporting the following env vars:
AIRFLOW_CTX_DAG_OWNER=airflow
AIRFLOW_CTX_DAG_ID=example_bash_operator
AIRFLOW_CTX_TASK_ID=also_run_this
AIRFLOW_CTX_EXECUTION_DATE=2021-08-23T00:00:00+00:00
AIRFLOW_CTX_DAG_RUN_ID=scheduled__2021-08-23T00:00:00+00:00
[2021-09-23 22:52:24,064] {subprocess.py:52} INFO - Tmp dir root location: 
 /tmp
[2021-09-23 22:52:24,065] {subprocess.py:63} INFO - Running command: ['bash', '-c', 'echo "run_id=scheduled__2021-08-23T00:00:00+00:00 | dag_run=<DagRun example_bash_operator @ 2021-08-23 00:00:00+00:00: scheduled__2021-08-23T00:00:00+00:00, externally triggered: False>"']
[2021-09-23 22:52:24,071] {subprocess.py:75} INFO - Output:
[2021-09-23 22:52:24,075] {subprocess.py:79} INFO - run_id=scheduled__2021-08-23T00:00:00+00:00 | dag_run=<DagRun example_bash_operator @ 2021-08-23 00:00:00+00:00: scheduled__2021-08-23T00:00:00+00:00, externally triggered: False>
[2021-09-23 22:52:24,075] {subprocess.py:83} INFO - Command exited with return code 0
[2021-09-23 22:52:24,105] {taskinstance.py:1184} INFO - Marking task as SUCCESS. dag_id=example_bash_operator, task_id=also_run_this, execution_date=20210823T000000, start_date=20210923T225223, end_date=20210923T225224
[2021-09-23 22:52:24,164] {taskinstance.py:1245} INFO - 0 downstream tasks scheduled from follow-on schedule check
[2021-09-23 22:52:24,195] {local_task_job.py:151} INFO - Task exited with return code 0
