[2021-09-23 22:50:14,799] {taskinstance.py:876} INFO - Dependencies all met for <TaskInstance: example_bash_operator.runme_0 2021-08-17T00:00:00+00:00 [queued]>
[2021-09-23 22:50:14,809] {taskinstance.py:876} INFO - Dependencies all met for <TaskInstance: example_bash_operator.runme_0 2021-08-17T00:00:00+00:00 [queued]>
[2021-09-23 22:50:14,810] {taskinstance.py:1067} INFO - 
--------------------------------------------------------------------------------
[2021-09-23 22:50:14,810] {taskinstance.py:1068} INFO - Starting attempt 1 of 1
[2021-09-23 22:50:14,810] {taskinstance.py:1069} INFO - 
--------------------------------------------------------------------------------
[2021-09-23 22:50:14,829] {taskinstance.py:1087} INFO - Executing <Task(BashOperator): runme_0> on 2021-08-17T00:00:00+00:00
[2021-09-23 22:50:14,834] {standard_task_runner.py:52} INFO - Started process 2679 to run task
[2021-09-23 22:50:14,893] {standard_task_runner.py:76} INFO - Running: ['airflow', 'tasks', 'run', 'example_bash_operator', 'runme_0', '2021-08-17T00:00:00+00:00', '--job-id', '31', '--pool', 'default_pool', '--raw', '--subdir', '/home/airflow/sandbox/lib/python3.8/site-packages/airflow/example_dags/example_bash_operator.py', '--cfg-path', '/tmp/tmp0_8xg3kw', '--error-file', '/tmp/tmp8twtu41m']
[2021-09-23 22:50:14,894] {standard_task_runner.py:77} INFO - Job 31: Subtask runme_0
[2021-09-23 22:50:15,068] {logging_mixin.py:104} INFO - Running <TaskInstance: example_bash_operator.runme_0 2021-08-17T00:00:00+00:00 [running]> on host airflowvm
[2021-09-23 22:50:15,194] {taskinstance.py:1280} INFO - Exporting the following env vars:
AIRFLOW_CTX_DAG_OWNER=airflow
AIRFLOW_CTX_DAG_ID=example_bash_operator
AIRFLOW_CTX_TASK_ID=runme_0
AIRFLOW_CTX_EXECUTION_DATE=2021-08-17T00:00:00+00:00
AIRFLOW_CTX_DAG_RUN_ID=scheduled__2021-08-17T00:00:00+00:00
[2021-09-23 22:50:15,196] {subprocess.py:52} INFO - Tmp dir root location: 
 /tmp
[2021-09-23 22:50:15,197] {subprocess.py:63} INFO - Running command: ['bash', '-c', 'echo "example_bash_operator__runme_0__20210817" && sleep 1']
[2021-09-23 22:50:15,218] {subprocess.py:75} INFO - Output:
[2021-09-23 22:50:15,223] {subprocess.py:79} INFO - example_bash_operator__runme_0__20210817
[2021-09-23 22:50:16,227] {subprocess.py:83} INFO - Command exited with return code 0
[2021-09-23 22:50:16,267] {taskinstance.py:1184} INFO - Marking task as SUCCESS. dag_id=example_bash_operator, task_id=runme_0, execution_date=20210817T000000, start_date=20210923T225014, end_date=20210923T225016
[2021-09-23 22:50:16,301] {taskinstance.py:1245} INFO - 0 downstream tasks scheduled from follow-on schedule check
[2021-09-23 22:50:16,322] {local_task_job.py:151} INFO - Task exited with return code 0
