[2021-09-23 22:50:11,971] {scheduler_job.py:182} INFO - Started process (PID=2666) to work on /home/airflow/airflow/dags/user_processing.py
[2021-09-23 22:50:11,976] {scheduler_job.py:633} INFO - Processing file /home/airflow/airflow/dags/user_processing.py for tasks to queue
[2021-09-23 22:50:11,979] {logging_mixin.py:104} INFO - [2021-09-23 22:50:11,979] {dagbag.py:487} INFO - Filling up the DagBag from /home/airflow/airflow/dags/user_processing.py
[2021-09-23 22:50:12,194] {logging_mixin.py:104} WARNING - /home/airflow/sandbox/lib/python3.8/site-packages/airflow/providers/sqlite/operators/sqlite.py:25 DeprecationWarning: This decorator is deprecated.

In previous versions, all subclasses of BaseOperator must use apply_default decorator for the`default_args` feature to work properly.

In current version, it is optional. The decorator is applied automatically using the metaclass.
[2021-09-23 22:50:12,394] {scheduler_job.py:643} INFO - DAG(s) dict_keys(['user_processing']) retrieved from /home/airflow/airflow/dags/user_processing.py
[2021-09-23 22:50:12,480] {logging_mixin.py:104} INFO - [2021-09-23 22:50:12,480] {dag.py:1832} INFO - Sync 1 DAGs
[2021-09-23 22:50:12,528] {logging_mixin.py:104} INFO - [2021-09-23 22:50:12,528] {dag.py:2305} INFO - Setting next_dagrun for user_processing to 2021-09-22 00:00:00+00:00
[2021-09-23 22:50:12,555] {scheduler_job.py:190} INFO - Processing /home/airflow/airflow/dags/user_processing.py took 0.605 seconds
[2021-09-23 22:57:34,548] {scheduler_job.py:182} INFO - Started process (PID=5948) to work on /home/airflow/airflow/dags/user_processing.py
[2021-09-23 22:57:34,549] {scheduler_job.py:633} INFO - Processing file /home/airflow/airflow/dags/user_processing.py for tasks to queue
[2021-09-23 22:57:34,550] {logging_mixin.py:104} INFO - [2021-09-23 22:57:34,550] {dagbag.py:487} INFO - Filling up the DagBag from /home/airflow/airflow/dags/user_processing.py
[2021-09-23 22:57:34,613] {logging_mixin.py:104} WARNING - /home/airflow/sandbox/lib/python3.8/site-packages/airflow/providers/sqlite/operators/sqlite.py:25 DeprecationWarning: This decorator is deprecated.

In previous versions, all subclasses of BaseOperator must use apply_default decorator for the`default_args` feature to work properly.

In current version, it is optional. The decorator is applied automatically using the metaclass.
[2021-09-23 22:57:34,682] {scheduler_job.py:643} INFO - DAG(s) dict_keys(['user_processing']) retrieved from /home/airflow/airflow/dags/user_processing.py
[2021-09-23 22:57:34,694] {logging_mixin.py:104} INFO - [2021-09-23 22:57:34,694] {dag.py:1832} INFO - Sync 1 DAGs
[2021-09-23 22:57:34,705] {logging_mixin.py:104} INFO - [2021-09-23 22:57:34,705] {dag.py:2305} INFO - Setting next_dagrun for user_processing to 2021-09-23 00:00:00+00:00
[2021-09-23 22:57:34,720] {scheduler_job.py:190} INFO - Processing /home/airflow/airflow/dags/user_processing.py took 0.174 seconds
[2021-09-23 22:58:05,211] {scheduler_job.py:182} INFO - Started process (PID=6058) to work on /home/airflow/airflow/dags/user_processing.py
[2021-09-23 22:58:05,212] {scheduler_job.py:633} INFO - Processing file /home/airflow/airflow/dags/user_processing.py for tasks to queue
[2021-09-23 22:58:05,213] {logging_mixin.py:104} INFO - [2021-09-23 22:58:05,213] {dagbag.py:487} INFO - Filling up the DagBag from /home/airflow/airflow/dags/user_processing.py
[2021-09-23 22:58:05,269] {logging_mixin.py:104} WARNING - /home/airflow/sandbox/lib/python3.8/site-packages/airflow/providers/sqlite/operators/sqlite.py:25 DeprecationWarning: This decorator is deprecated.

In previous versions, all subclasses of BaseOperator must use apply_default decorator for the`default_args` feature to work properly.

In current version, it is optional. The decorator is applied automatically using the metaclass.
[2021-09-23 22:58:05,339] {scheduler_job.py:643} INFO - DAG(s) dict_keys(['user_processing']) retrieved from /home/airflow/airflow/dags/user_processing.py
[2021-09-23 22:58:05,355] {logging_mixin.py:104} INFO - [2021-09-23 22:58:05,355] {dag.py:1832} INFO - Sync 1 DAGs
[2021-09-23 22:58:05,374] {logging_mixin.py:104} INFO - [2021-09-23 22:58:05,374] {dag.py:2305} INFO - Setting next_dagrun for user_processing to 2021-09-23 00:00:00+00:00
[2021-09-23 22:58:05,392] {scheduler_job.py:190} INFO - Processing /home/airflow/airflow/dags/user_processing.py took 0.184 seconds
[2021-09-23 22:58:37,584] {scheduler_job.py:182} INFO - Started process (PID=6118) to work on /home/airflow/airflow/dags/user_processing.py
[2021-09-23 22:58:37,585] {scheduler_job.py:633} INFO - Processing file /home/airflow/airflow/dags/user_processing.py for tasks to queue
[2021-09-23 22:58:37,586] {logging_mixin.py:104} INFO - [2021-09-23 22:58:37,586] {dagbag.py:487} INFO - Filling up the DagBag from /home/airflow/airflow/dags/user_processing.py
[2021-09-23 22:58:37,638] {logging_mixin.py:104} WARNING - /home/airflow/sandbox/lib/python3.8/site-packages/airflow/providers/sqlite/operators/sqlite.py:25 DeprecationWarning: This decorator is deprecated.

In previous versions, all subclasses of BaseOperator must use apply_default decorator for the`default_args` feature to work properly.

In current version, it is optional. The decorator is applied automatically using the metaclass.
[2021-09-23 22:58:37,695] {scheduler_job.py:643} INFO - DAG(s) dict_keys(['user_processing']) retrieved from /home/airflow/airflow/dags/user_processing.py
[2021-09-23 22:58:37,708] {logging_mixin.py:104} INFO - [2021-09-23 22:58:37,708] {dag.py:1832} INFO - Sync 1 DAGs
[2021-09-23 22:58:37,723] {logging_mixin.py:104} INFO - [2021-09-23 22:58:37,723] {dag.py:2305} INFO - Setting next_dagrun for user_processing to 2021-09-23 00:00:00+00:00
[2021-09-23 22:58:37,743] {scheduler_job.py:190} INFO - Processing /home/airflow/airflow/dags/user_processing.py took 0.162 seconds
[2021-09-23 22:59:11,886] {scheduler_job.py:182} INFO - Started process (PID=6210) to work on /home/airflow/airflow/dags/user_processing.py
[2021-09-23 22:59:11,887] {scheduler_job.py:633} INFO - Processing file /home/airflow/airflow/dags/user_processing.py for tasks to queue
[2021-09-23 22:59:11,888] {logging_mixin.py:104} INFO - [2021-09-23 22:59:11,888] {dagbag.py:487} INFO - Filling up the DagBag from /home/airflow/airflow/dags/user_processing.py
[2021-09-23 22:59:11,949] {logging_mixin.py:104} WARNING - /home/airflow/sandbox/lib/python3.8/site-packages/airflow/providers/sqlite/operators/sqlite.py:25 DeprecationWarning: This decorator is deprecated.

In previous versions, all subclasses of BaseOperator must use apply_default decorator for the`default_args` feature to work properly.

In current version, it is optional. The decorator is applied automatically using the metaclass.
[2021-09-23 22:59:12,015] {scheduler_job.py:643} INFO - DAG(s) dict_keys(['user_processing']) retrieved from /home/airflow/airflow/dags/user_processing.py
[2021-09-23 22:59:12,028] {logging_mixin.py:104} INFO - [2021-09-23 22:59:12,028] {dag.py:1832} INFO - Sync 1 DAGs
[2021-09-23 22:59:12,044] {logging_mixin.py:104} INFO - [2021-09-23 22:59:12,044] {dag.py:2305} INFO - Setting next_dagrun for user_processing to 2021-09-23 00:00:00+00:00
[2021-09-23 22:59:12,065] {scheduler_job.py:190} INFO - Processing /home/airflow/airflow/dags/user_processing.py took 0.181 seconds
[2021-09-23 22:59:44,523] {scheduler_job.py:182} INFO - Started process (PID=6241) to work on /home/airflow/airflow/dags/user_processing.py
[2021-09-23 22:59:44,524] {scheduler_job.py:633} INFO - Processing file /home/airflow/airflow/dags/user_processing.py for tasks to queue
[2021-09-23 22:59:44,525] {logging_mixin.py:104} INFO - [2021-09-23 22:59:44,524] {dagbag.py:487} INFO - Filling up the DagBag from /home/airflow/airflow/dags/user_processing.py
[2021-09-23 22:59:44,592] {logging_mixin.py:104} WARNING - /home/airflow/sandbox/lib/python3.8/site-packages/airflow/providers/sqlite/operators/sqlite.py:25 DeprecationWarning: This decorator is deprecated.

In previous versions, all subclasses of BaseOperator must use apply_default decorator for the`default_args` feature to work properly.

In current version, it is optional. The decorator is applied automatically using the metaclass.
[2021-09-23 22:59:44,670] {scheduler_job.py:643} INFO - DAG(s) dict_keys(['user_processing']) retrieved from /home/airflow/airflow/dags/user_processing.py
[2021-09-23 22:59:44,685] {logging_mixin.py:104} INFO - [2021-09-23 22:59:44,685] {dag.py:1832} INFO - Sync 1 DAGs
[2021-09-23 22:59:44,702] {logging_mixin.py:104} INFO - [2021-09-23 22:59:44,701] {dag.py:2305} INFO - Setting next_dagrun for user_processing to 2021-09-23 00:00:00+00:00
[2021-09-23 22:59:44,718] {scheduler_job.py:190} INFO - Processing /home/airflow/airflow/dags/user_processing.py took 0.198 seconds
[2021-09-23 23:00:17,877] {scheduler_job.py:182} INFO - Started process (PID=6272) to work on /home/airflow/airflow/dags/user_processing.py
[2021-09-23 23:00:17,877] {scheduler_job.py:633} INFO - Processing file /home/airflow/airflow/dags/user_processing.py for tasks to queue
[2021-09-23 23:00:17,878] {logging_mixin.py:104} INFO - [2021-09-23 23:00:17,878] {dagbag.py:487} INFO - Filling up the DagBag from /home/airflow/airflow/dags/user_processing.py
[2021-09-23 23:00:17,933] {logging_mixin.py:104} WARNING - /home/airflow/sandbox/lib/python3.8/site-packages/airflow/providers/sqlite/operators/sqlite.py:25 DeprecationWarning: This decorator is deprecated.

In previous versions, all subclasses of BaseOperator must use apply_default decorator for the`default_args` feature to work properly.

In current version, it is optional. The decorator is applied automatically using the metaclass.
[2021-09-23 23:00:17,998] {scheduler_job.py:643} INFO - DAG(s) dict_keys(['user_processing']) retrieved from /home/airflow/airflow/dags/user_processing.py
[2021-09-23 23:00:18,015] {logging_mixin.py:104} INFO - [2021-09-23 23:00:18,015] {dag.py:1832} INFO - Sync 1 DAGs
[2021-09-23 23:00:18,029] {logging_mixin.py:104} INFO - [2021-09-23 23:00:18,028] {dag.py:2305} INFO - Setting next_dagrun for user_processing to 2021-09-23 00:00:00+00:00
[2021-09-23 23:00:18,048] {scheduler_job.py:190} INFO - Processing /home/airflow/airflow/dags/user_processing.py took 0.174 seconds
[2021-09-23 23:00:48,316] {scheduler_job.py:182} INFO - Started process (PID=6344) to work on /home/airflow/airflow/dags/user_processing.py
[2021-09-23 23:00:48,318] {scheduler_job.py:633} INFO - Processing file /home/airflow/airflow/dags/user_processing.py for tasks to queue
[2021-09-23 23:00:48,318] {logging_mixin.py:104} INFO - [2021-09-23 23:00:48,318] {dagbag.py:487} INFO - Filling up the DagBag from /home/airflow/airflow/dags/user_processing.py
[2021-09-23 23:00:48,416] {logging_mixin.py:104} WARNING - /home/airflow/sandbox/lib/python3.8/site-packages/airflow/providers/sqlite/operators/sqlite.py:25 DeprecationWarning: This decorator is deprecated.

In previous versions, all subclasses of BaseOperator must use apply_default decorator for the`default_args` feature to work properly.

In current version, it is optional. The decorator is applied automatically using the metaclass.
[2021-09-23 23:00:48,484] {scheduler_job.py:643} INFO - DAG(s) dict_keys(['user_processing']) retrieved from /home/airflow/airflow/dags/user_processing.py
[2021-09-23 23:00:48,502] {logging_mixin.py:104} INFO - [2021-09-23 23:00:48,501] {dag.py:1832} INFO - Sync 1 DAGs
[2021-09-23 23:00:48,518] {logging_mixin.py:104} INFO - [2021-09-23 23:00:48,518] {dag.py:2305} INFO - Setting next_dagrun for user_processing to 2021-09-23 00:00:00+00:00
[2021-09-23 23:00:48,542] {scheduler_job.py:190} INFO - Processing /home/airflow/airflow/dags/user_processing.py took 0.229 seconds
[2021-09-23 23:01:25,419] {scheduler_job.py:182} INFO - Started process (PID=6376) to work on /home/airflow/airflow/dags/user_processing.py
[2021-09-23 23:01:25,420] {scheduler_job.py:633} INFO - Processing file /home/airflow/airflow/dags/user_processing.py for tasks to queue
[2021-09-23 23:01:25,421] {logging_mixin.py:104} INFO - [2021-09-23 23:01:25,421] {dagbag.py:487} INFO - Filling up the DagBag from /home/airflow/airflow/dags/user_processing.py
[2021-09-23 23:01:25,478] {logging_mixin.py:104} WARNING - /home/airflow/sandbox/lib/python3.8/site-packages/airflow/providers/sqlite/operators/sqlite.py:25 DeprecationWarning: This decorator is deprecated.

In previous versions, all subclasses of BaseOperator must use apply_default decorator for the`default_args` feature to work properly.

In current version, it is optional. The decorator is applied automatically using the metaclass.
[2021-09-23 23:01:25,549] {scheduler_job.py:643} INFO - DAG(s) dict_keys(['user_processing']) retrieved from /home/airflow/airflow/dags/user_processing.py
[2021-09-23 23:01:25,560] {logging_mixin.py:104} INFO - [2021-09-23 23:01:25,560] {dag.py:1832} INFO - Sync 1 DAGs
[2021-09-23 23:01:25,580] {logging_mixin.py:104} INFO - [2021-09-23 23:01:25,580] {dag.py:2305} INFO - Setting next_dagrun for user_processing to 2021-09-23 00:00:00+00:00
[2021-09-23 23:01:25,598] {scheduler_job.py:190} INFO - Processing /home/airflow/airflow/dags/user_processing.py took 0.180 seconds
[2021-09-23 23:01:56,503] {scheduler_job.py:182} INFO - Started process (PID=6469) to work on /home/airflow/airflow/dags/user_processing.py
[2021-09-23 23:01:56,505] {scheduler_job.py:633} INFO - Processing file /home/airflow/airflow/dags/user_processing.py for tasks to queue
[2021-09-23 23:01:56,505] {logging_mixin.py:104} INFO - [2021-09-23 23:01:56,505] {dagbag.py:487} INFO - Filling up the DagBag from /home/airflow/airflow/dags/user_processing.py
[2021-09-23 23:01:56,716] {logging_mixin.py:104} WARNING - /home/airflow/sandbox/lib/python3.8/site-packages/airflow/providers/sqlite/operators/sqlite.py:25 DeprecationWarning: This decorator is deprecated.

In previous versions, all subclasses of BaseOperator must use apply_default decorator for the`default_args` feature to work properly.

In current version, it is optional. The decorator is applied automatically using the metaclass.
[2021-09-23 23:01:56,868] {scheduler_job.py:643} INFO - DAG(s) dict_keys(['user_processing']) retrieved from /home/airflow/airflow/dags/user_processing.py
[2021-09-23 23:01:57,007] {logging_mixin.py:104} INFO - [2021-09-23 23:01:57,007] {dag.py:1832} INFO - Sync 1 DAGs
[2021-09-23 23:01:57,042] {logging_mixin.py:104} INFO - [2021-09-23 23:01:57,041] {dag.py:2305} INFO - Setting next_dagrun for user_processing to 2021-09-23 00:00:00+00:00
[2021-09-23 23:01:57,072] {scheduler_job.py:190} INFO - Processing /home/airflow/airflow/dags/user_processing.py took 0.576 seconds
[2021-09-23 23:02:29,406] {scheduler_job.py:182} INFO - Started process (PID=6543) to work on /home/airflow/airflow/dags/user_processing.py
[2021-09-23 23:02:29,408] {scheduler_job.py:633} INFO - Processing file /home/airflow/airflow/dags/user_processing.py for tasks to queue
[2021-09-23 23:02:29,409] {logging_mixin.py:104} INFO - [2021-09-23 23:02:29,409] {dagbag.py:487} INFO - Filling up the DagBag from /home/airflow/airflow/dags/user_processing.py
[2021-09-23 23:02:29,462] {logging_mixin.py:104} WARNING - /home/airflow/sandbox/lib/python3.8/site-packages/airflow/providers/sqlite/operators/sqlite.py:25 DeprecationWarning: This decorator is deprecated.

In previous versions, all subclasses of BaseOperator must use apply_default decorator for the`default_args` feature to work properly.

In current version, it is optional. The decorator is applied automatically using the metaclass.
[2021-09-23 23:02:29,524] {scheduler_job.py:643} INFO - DAG(s) dict_keys(['user_processing']) retrieved from /home/airflow/airflow/dags/user_processing.py
[2021-09-23 23:02:29,542] {logging_mixin.py:104} INFO - [2021-09-23 23:02:29,542] {dag.py:1832} INFO - Sync 1 DAGs
[2021-09-23 23:02:29,559] {logging_mixin.py:104} INFO - [2021-09-23 23:02:29,559] {dag.py:2305} INFO - Setting next_dagrun for user_processing to 2021-09-23 00:00:00+00:00
[2021-09-23 23:02:29,579] {scheduler_job.py:190} INFO - Processing /home/airflow/airflow/dags/user_processing.py took 0.177 seconds
[2021-09-23 23:03:04,056] {scheduler_job.py:182} INFO - Started process (PID=6577) to work on /home/airflow/airflow/dags/user_processing.py
[2021-09-23 23:03:04,057] {scheduler_job.py:633} INFO - Processing file /home/airflow/airflow/dags/user_processing.py for tasks to queue
[2021-09-23 23:03:04,057] {logging_mixin.py:104} INFO - [2021-09-23 23:03:04,057] {dagbag.py:487} INFO - Filling up the DagBag from /home/airflow/airflow/dags/user_processing.py
[2021-09-23 23:03:04,105] {logging_mixin.py:104} WARNING - /home/airflow/sandbox/lib/python3.8/site-packages/airflow/providers/sqlite/operators/sqlite.py:25 DeprecationWarning: This decorator is deprecated.

In previous versions, all subclasses of BaseOperator must use apply_default decorator for the`default_args` feature to work properly.

In current version, it is optional. The decorator is applied automatically using the metaclass.
[2021-09-23 23:03:04,163] {scheduler_job.py:643} INFO - DAG(s) dict_keys(['user_processing']) retrieved from /home/airflow/airflow/dags/user_processing.py
[2021-09-23 23:03:04,180] {logging_mixin.py:104} INFO - [2021-09-23 23:03:04,180] {dag.py:1832} INFO - Sync 1 DAGs
[2021-09-23 23:03:04,196] {logging_mixin.py:104} INFO - [2021-09-23 23:03:04,196] {dag.py:2305} INFO - Setting next_dagrun for user_processing to 2021-09-23 00:00:00+00:00
[2021-09-23 23:03:04,215] {scheduler_job.py:190} INFO - Processing /home/airflow/airflow/dags/user_processing.py took 0.162 seconds
[2021-09-23 23:03:36,051] {scheduler_job.py:182} INFO - Started process (PID=6833) to work on /home/airflow/airflow/dags/user_processing.py
[2021-09-23 23:03:36,052] {scheduler_job.py:633} INFO - Processing file /home/airflow/airflow/dags/user_processing.py for tasks to queue
[2021-09-23 23:03:36,053] {logging_mixin.py:104} INFO - [2021-09-23 23:03:36,053] {dagbag.py:487} INFO - Filling up the DagBag from /home/airflow/airflow/dags/user_processing.py
[2021-09-23 23:03:36,105] {logging_mixin.py:104} WARNING - /home/airflow/sandbox/lib/python3.8/site-packages/airflow/providers/sqlite/operators/sqlite.py:25 DeprecationWarning: This decorator is deprecated.

In previous versions, all subclasses of BaseOperator must use apply_default decorator for the`default_args` feature to work properly.

In current version, it is optional. The decorator is applied automatically using the metaclass.
[2021-09-23 23:03:36,172] {scheduler_job.py:643} INFO - DAG(s) dict_keys(['user_processing']) retrieved from /home/airflow/airflow/dags/user_processing.py
[2021-09-23 23:03:36,190] {logging_mixin.py:104} INFO - [2021-09-23 23:03:36,190] {dag.py:1832} INFO - Sync 1 DAGs
[2021-09-23 23:03:36,218] {logging_mixin.py:104} INFO - [2021-09-23 23:03:36,217] {dag.py:2305} INFO - Setting next_dagrun for user_processing to 2021-09-23 00:00:00+00:00
[2021-09-23 23:03:36,243] {scheduler_job.py:190} INFO - Processing /home/airflow/airflow/dags/user_processing.py took 0.194 seconds
[2021-09-23 23:04:06,766] {scheduler_job.py:182} INFO - Started process (PID=6901) to work on /home/airflow/airflow/dags/user_processing.py
[2021-09-23 23:04:06,768] {scheduler_job.py:633} INFO - Processing file /home/airflow/airflow/dags/user_processing.py for tasks to queue
[2021-09-23 23:04:06,768] {logging_mixin.py:104} INFO - [2021-09-23 23:04:06,768] {dagbag.py:487} INFO - Filling up the DagBag from /home/airflow/airflow/dags/user_processing.py
[2021-09-23 23:04:06,817] {logging_mixin.py:104} WARNING - /home/airflow/sandbox/lib/python3.8/site-packages/airflow/providers/sqlite/operators/sqlite.py:25 DeprecationWarning: This decorator is deprecated.

In previous versions, all subclasses of BaseOperator must use apply_default decorator for the`default_args` feature to work properly.

In current version, it is optional. The decorator is applied automatically using the metaclass.
[2021-09-23 23:04:06,874] {scheduler_job.py:643} INFO - DAG(s) dict_keys(['user_processing']) retrieved from /home/airflow/airflow/dags/user_processing.py
[2021-09-23 23:04:06,885] {logging_mixin.py:104} INFO - [2021-09-23 23:04:06,885] {dag.py:1832} INFO - Sync 1 DAGs
[2021-09-23 23:04:06,901] {logging_mixin.py:104} INFO - [2021-09-23 23:04:06,901] {dag.py:2305} INFO - Setting next_dagrun for user_processing to 2021-09-23 00:00:00+00:00
[2021-09-23 23:04:06,923] {scheduler_job.py:190} INFO - Processing /home/airflow/airflow/dags/user_processing.py took 0.159 seconds
[2021-09-23 23:04:39,777] {scheduler_job.py:182} INFO - Started process (PID=6933) to work on /home/airflow/airflow/dags/user_processing.py
[2021-09-23 23:04:39,778] {scheduler_job.py:633} INFO - Processing file /home/airflow/airflow/dags/user_processing.py for tasks to queue
[2021-09-23 23:04:39,778] {logging_mixin.py:104} INFO - [2021-09-23 23:04:39,778] {dagbag.py:487} INFO - Filling up the DagBag from /home/airflow/airflow/dags/user_processing.py
[2021-09-23 23:04:39,836] {logging_mixin.py:104} WARNING - /home/airflow/sandbox/lib/python3.8/site-packages/airflow/providers/sqlite/operators/sqlite.py:25 DeprecationWarning: This decorator is deprecated.

In previous versions, all subclasses of BaseOperator must use apply_default decorator for the`default_args` feature to work properly.

In current version, it is optional. The decorator is applied automatically using the metaclass.
[2021-09-23 23:04:39,899] {scheduler_job.py:643} INFO - DAG(s) dict_keys(['user_processing']) retrieved from /home/airflow/airflow/dags/user_processing.py
[2021-09-23 23:04:39,917] {logging_mixin.py:104} INFO - [2021-09-23 23:04:39,917] {dag.py:1832} INFO - Sync 1 DAGs
[2021-09-23 23:04:39,936] {logging_mixin.py:104} INFO - [2021-09-23 23:04:39,936] {dag.py:2305} INFO - Setting next_dagrun for user_processing to 2021-09-23 00:00:00+00:00
[2021-09-23 23:04:39,953] {scheduler_job.py:190} INFO - Processing /home/airflow/airflow/dags/user_processing.py took 0.178 seconds
[2021-09-23 23:05:11,360] {scheduler_job.py:182} INFO - Started process (PID=6990) to work on /home/airflow/airflow/dags/user_processing.py
[2021-09-23 23:05:11,361] {scheduler_job.py:633} INFO - Processing file /home/airflow/airflow/dags/user_processing.py for tasks to queue
[2021-09-23 23:05:11,362] {logging_mixin.py:104} INFO - [2021-09-23 23:05:11,362] {dagbag.py:487} INFO - Filling up the DagBag from /home/airflow/airflow/dags/user_processing.py
[2021-09-23 23:05:11,411] {logging_mixin.py:104} WARNING - /home/airflow/sandbox/lib/python3.8/site-packages/airflow/providers/sqlite/operators/sqlite.py:25 DeprecationWarning: This decorator is deprecated.

In previous versions, all subclasses of BaseOperator must use apply_default decorator for the`default_args` feature to work properly.

In current version, it is optional. The decorator is applied automatically using the metaclass.
[2021-09-23 23:05:11,473] {scheduler_job.py:643} INFO - DAG(s) dict_keys(['user_processing']) retrieved from /home/airflow/airflow/dags/user_processing.py
[2021-09-23 23:05:11,833] {logging_mixin.py:104} INFO - [2021-09-23 23:05:11,833] {dag.py:1832} INFO - Sync 1 DAGs
[2021-09-23 23:05:11,845] {logging_mixin.py:104} INFO - [2021-09-23 23:05:11,845] {dag.py:2305} INFO - Setting next_dagrun for user_processing to 2021-09-23 00:00:00+00:00
[2021-09-23 23:05:11,876] {scheduler_job.py:190} INFO - Processing /home/airflow/airflow/dags/user_processing.py took 0.519 seconds
[2021-09-23 23:05:45,923] {scheduler_job.py:182} INFO - Started process (PID=7065) to work on /home/airflow/airflow/dags/user_processing.py
[2021-09-23 23:05:45,924] {scheduler_job.py:633} INFO - Processing file /home/airflow/airflow/dags/user_processing.py for tasks to queue
[2021-09-23 23:05:45,924] {logging_mixin.py:104} INFO - [2021-09-23 23:05:45,924] {dagbag.py:487} INFO - Filling up the DagBag from /home/airflow/airflow/dags/user_processing.py
[2021-09-23 23:05:45,972] {logging_mixin.py:104} WARNING - /home/airflow/sandbox/lib/python3.8/site-packages/airflow/providers/sqlite/operators/sqlite.py:25 DeprecationWarning: This decorator is deprecated.

In previous versions, all subclasses of BaseOperator must use apply_default decorator for the`default_args` feature to work properly.

In current version, it is optional. The decorator is applied automatically using the metaclass.
[2021-09-23 23:05:46,029] {scheduler_job.py:643} INFO - DAG(s) dict_keys(['user_processing']) retrieved from /home/airflow/airflow/dags/user_processing.py
[2021-09-23 23:05:46,387] {logging_mixin.py:104} INFO - [2021-09-23 23:05:46,386] {dag.py:1832} INFO - Sync 1 DAGs
[2021-09-23 23:05:46,399] {logging_mixin.py:104} INFO - [2021-09-23 23:05:46,399] {dag.py:2305} INFO - Setting next_dagrun for user_processing to 2021-09-23 00:00:00+00:00
[2021-09-23 23:05:46,425] {scheduler_job.py:190} INFO - Processing /home/airflow/airflow/dags/user_processing.py took 0.504 seconds
[2021-09-23 23:06:23,372] {scheduler_job.py:182} INFO - Started process (PID=7195) to work on /home/airflow/airflow/dags/user_processing.py
[2021-09-23 23:06:23,373] {scheduler_job.py:633} INFO - Processing file /home/airflow/airflow/dags/user_processing.py for tasks to queue
[2021-09-23 23:06:23,374] {logging_mixin.py:104} INFO - [2021-09-23 23:06:23,373] {dagbag.py:487} INFO - Filling up the DagBag from /home/airflow/airflow/dags/user_processing.py
[2021-09-23 23:06:23,423] {logging_mixin.py:104} WARNING - /home/airflow/sandbox/lib/python3.8/site-packages/airflow/providers/sqlite/operators/sqlite.py:25 DeprecationWarning: This decorator is deprecated.

In previous versions, all subclasses of BaseOperator must use apply_default decorator for the`default_args` feature to work properly.

In current version, it is optional. The decorator is applied automatically using the metaclass.
[2021-09-23 23:06:23,489] {scheduler_job.py:643} INFO - DAG(s) dict_keys(['user_processing']) retrieved from /home/airflow/airflow/dags/user_processing.py
[2021-09-23 23:06:23,831] {logging_mixin.py:104} INFO - [2021-09-23 23:06:23,831] {dag.py:1832} INFO - Sync 1 DAGs
[2021-09-23 23:06:23,847] {logging_mixin.py:104} INFO - [2021-09-23 23:06:23,847] {dag.py:2305} INFO - Setting next_dagrun for user_processing to 2021-09-23 00:00:00+00:00
[2021-09-23 23:06:23,886] {scheduler_job.py:190} INFO - Processing /home/airflow/airflow/dags/user_processing.py took 0.517 seconds
[2021-09-23 23:06:57,477] {scheduler_job.py:182} INFO - Started process (PID=7323) to work on /home/airflow/airflow/dags/user_processing.py
[2021-09-23 23:06:57,478] {scheduler_job.py:633} INFO - Processing file /home/airflow/airflow/dags/user_processing.py for tasks to queue
[2021-09-23 23:06:57,479] {logging_mixin.py:104} INFO - [2021-09-23 23:06:57,479] {dagbag.py:487} INFO - Filling up the DagBag from /home/airflow/airflow/dags/user_processing.py
[2021-09-23 23:06:57,555] {logging_mixin.py:104} WARNING - /home/airflow/sandbox/lib/python3.8/site-packages/airflow/providers/sqlite/operators/sqlite.py:25 DeprecationWarning: This decorator is deprecated.

In previous versions, all subclasses of BaseOperator must use apply_default decorator for the`default_args` feature to work properly.

In current version, it is optional. The decorator is applied automatically using the metaclass.
[2021-09-23 23:06:57,631] {scheduler_job.py:643} INFO - DAG(s) dict_keys(['user_processing']) retrieved from /home/airflow/airflow/dags/user_processing.py
[2021-09-23 23:06:57,934] {logging_mixin.py:104} INFO - [2021-09-23 23:06:57,934] {dag.py:1832} INFO - Sync 1 DAGs
[2021-09-23 23:06:57,952] {logging_mixin.py:104} INFO - [2021-09-23 23:06:57,952] {dag.py:2305} INFO - Setting next_dagrun for user_processing to 2021-09-23 00:00:00+00:00
[2021-09-23 23:06:57,973] {scheduler_job.py:190} INFO - Processing /home/airflow/airflow/dags/user_processing.py took 0.501 seconds
[2021-09-23 23:07:28,424] {scheduler_job.py:182} INFO - Started process (PID=7367) to work on /home/airflow/airflow/dags/user_processing.py
[2021-09-23 23:07:28,425] {scheduler_job.py:633} INFO - Processing file /home/airflow/airflow/dags/user_processing.py for tasks to queue
[2021-09-23 23:07:28,425] {logging_mixin.py:104} INFO - [2021-09-23 23:07:28,425] {dagbag.py:487} INFO - Filling up the DagBag from /home/airflow/airflow/dags/user_processing.py
[2021-09-23 23:07:28,472] {logging_mixin.py:104} WARNING - /home/airflow/sandbox/lib/python3.8/site-packages/airflow/providers/sqlite/operators/sqlite.py:25 DeprecationWarning: This decorator is deprecated.

In previous versions, all subclasses of BaseOperator must use apply_default decorator for the`default_args` feature to work properly.

In current version, it is optional. The decorator is applied automatically using the metaclass.
[2021-09-23 23:07:28,535] {scheduler_job.py:643} INFO - DAG(s) dict_keys(['user_processing']) retrieved from /home/airflow/airflow/dags/user_processing.py
[2021-09-23 23:07:28,547] {logging_mixin.py:104} INFO - [2021-09-23 23:07:28,547] {dag.py:1832} INFO - Sync 1 DAGs
[2021-09-23 23:07:28,561] {logging_mixin.py:104} INFO - [2021-09-23 23:07:28,561] {dag.py:2305} INFO - Setting next_dagrun for user_processing to 2021-09-23 00:00:00+00:00
[2021-09-23 23:07:28,580] {scheduler_job.py:190} INFO - Processing /home/airflow/airflow/dags/user_processing.py took 0.158 seconds
[2021-09-23 23:08:00,324] {scheduler_job.py:182} INFO - Started process (PID=7398) to work on /home/airflow/airflow/dags/user_processing.py
[2021-09-23 23:08:00,326] {scheduler_job.py:633} INFO - Processing file /home/airflow/airflow/dags/user_processing.py for tasks to queue
[2021-09-23 23:08:00,327] {logging_mixin.py:104} INFO - [2021-09-23 23:08:00,326] {dagbag.py:487} INFO - Filling up the DagBag from /home/airflow/airflow/dags/user_processing.py
[2021-09-23 23:08:00,384] {logging_mixin.py:104} WARNING - /home/airflow/sandbox/lib/python3.8/site-packages/airflow/providers/sqlite/operators/sqlite.py:25 DeprecationWarning: This decorator is deprecated.

In previous versions, all subclasses of BaseOperator must use apply_default decorator for the`default_args` feature to work properly.

In current version, it is optional. The decorator is applied automatically using the metaclass.
[2021-09-23 23:08:00,444] {scheduler_job.py:643} INFO - DAG(s) dict_keys(['user_processing']) retrieved from /home/airflow/airflow/dags/user_processing.py
[2021-09-23 23:08:00,457] {logging_mixin.py:104} INFO - [2021-09-23 23:08:00,457] {dag.py:1832} INFO - Sync 1 DAGs
[2021-09-23 23:08:00,470] {logging_mixin.py:104} INFO - [2021-09-23 23:08:00,470] {dag.py:2305} INFO - Setting next_dagrun for user_processing to 2021-09-23 00:00:00+00:00
[2021-09-23 23:08:00,486] {scheduler_job.py:190} INFO - Processing /home/airflow/airflow/dags/user_processing.py took 0.166 seconds
[2021-09-23 23:08:32,857] {scheduler_job.py:182} INFO - Started process (PID=7441) to work on /home/airflow/airflow/dags/user_processing.py
[2021-09-23 23:08:32,858] {scheduler_job.py:633} INFO - Processing file /home/airflow/airflow/dags/user_processing.py for tasks to queue
[2021-09-23 23:08:32,858] {logging_mixin.py:104} INFO - [2021-09-23 23:08:32,858] {dagbag.py:487} INFO - Filling up the DagBag from /home/airflow/airflow/dags/user_processing.py
[2021-09-23 23:08:32,911] {logging_mixin.py:104} WARNING - /home/airflow/sandbox/lib/python3.8/site-packages/airflow/providers/sqlite/operators/sqlite.py:25 DeprecationWarning: This decorator is deprecated.

In previous versions, all subclasses of BaseOperator must use apply_default decorator for the`default_args` feature to work properly.

In current version, it is optional. The decorator is applied automatically using the metaclass.
[2021-09-23 23:08:32,965] {scheduler_job.py:643} INFO - DAG(s) dict_keys(['user_processing']) retrieved from /home/airflow/airflow/dags/user_processing.py
[2021-09-23 23:08:32,980] {logging_mixin.py:104} INFO - [2021-09-23 23:08:32,980] {dag.py:1832} INFO - Sync 1 DAGs
[2021-09-23 23:08:32,998] {logging_mixin.py:104} INFO - [2021-09-23 23:08:32,997] {dag.py:2305} INFO - Setting next_dagrun for user_processing to 2021-09-23 00:00:00+00:00
[2021-09-23 23:08:33,013] {scheduler_job.py:190} INFO - Processing /home/airflow/airflow/dags/user_processing.py took 0.158 seconds
[2021-09-23 23:09:05,424] {scheduler_job.py:182} INFO - Started process (PID=7552) to work on /home/airflow/airflow/dags/user_processing.py
[2021-09-23 23:09:05,425] {scheduler_job.py:633} INFO - Processing file /home/airflow/airflow/dags/user_processing.py for tasks to queue
[2021-09-23 23:09:05,426] {logging_mixin.py:104} INFO - [2021-09-23 23:09:05,425] {dagbag.py:487} INFO - Filling up the DagBag from /home/airflow/airflow/dags/user_processing.py
[2021-09-23 23:09:05,469] {logging_mixin.py:104} WARNING - /home/airflow/sandbox/lib/python3.8/site-packages/airflow/providers/sqlite/operators/sqlite.py:25 DeprecationWarning: This decorator is deprecated.

In previous versions, all subclasses of BaseOperator must use apply_default decorator for the`default_args` feature to work properly.

In current version, it is optional. The decorator is applied automatically using the metaclass.
[2021-09-23 23:09:05,528] {scheduler_job.py:643} INFO - DAG(s) dict_keys(['user_processing']) retrieved from /home/airflow/airflow/dags/user_processing.py
[2021-09-23 23:09:05,543] {logging_mixin.py:104} INFO - [2021-09-23 23:09:05,543] {dag.py:1832} INFO - Sync 1 DAGs
[2021-09-23 23:09:05,555] {logging_mixin.py:104} INFO - [2021-09-23 23:09:05,555] {dag.py:2305} INFO - Setting next_dagrun for user_processing to 2021-09-23 00:00:00+00:00
[2021-09-23 23:09:05,574] {scheduler_job.py:190} INFO - Processing /home/airflow/airflow/dags/user_processing.py took 0.154 seconds
[2021-09-23 23:09:37,175] {scheduler_job.py:182} INFO - Started process (PID=7614) to work on /home/airflow/airflow/dags/user_processing.py
[2021-09-23 23:09:37,175] {scheduler_job.py:633} INFO - Processing file /home/airflow/airflow/dags/user_processing.py for tasks to queue
[2021-09-23 23:09:37,176] {logging_mixin.py:104} INFO - [2021-09-23 23:09:37,176] {dagbag.py:487} INFO - Filling up the DagBag from /home/airflow/airflow/dags/user_processing.py
[2021-09-23 23:09:37,220] {logging_mixin.py:104} WARNING - /home/airflow/sandbox/lib/python3.8/site-packages/airflow/providers/sqlite/operators/sqlite.py:25 DeprecationWarning: This decorator is deprecated.

In previous versions, all subclasses of BaseOperator must use apply_default decorator for the`default_args` feature to work properly.

In current version, it is optional. The decorator is applied automatically using the metaclass.
[2021-09-23 23:09:37,295] {scheduler_job.py:643} INFO - DAG(s) dict_keys(['user_processing']) retrieved from /home/airflow/airflow/dags/user_processing.py
[2021-09-23 23:09:37,316] {logging_mixin.py:104} INFO - [2021-09-23 23:09:37,316] {dag.py:1832} INFO - Sync 1 DAGs
[2021-09-23 23:09:37,333] {logging_mixin.py:104} INFO - [2021-09-23 23:09:37,333] {dag.py:2305} INFO - Setting next_dagrun for user_processing to 2021-09-23 00:00:00+00:00
[2021-09-23 23:09:37,353] {scheduler_job.py:190} INFO - Processing /home/airflow/airflow/dags/user_processing.py took 0.182 seconds
[2021-09-23 23:10:09,992] {scheduler_job.py:182} INFO - Started process (PID=7676) to work on /home/airflow/airflow/dags/user_processing.py
[2021-09-23 23:10:09,993] {scheduler_job.py:633} INFO - Processing file /home/airflow/airflow/dags/user_processing.py for tasks to queue
[2021-09-23 23:10:09,994] {logging_mixin.py:104} INFO - [2021-09-23 23:10:09,994] {dagbag.py:487} INFO - Filling up the DagBag from /home/airflow/airflow/dags/user_processing.py
[2021-09-23 23:10:10,048] {logging_mixin.py:104} WARNING - /home/airflow/sandbox/lib/python3.8/site-packages/airflow/providers/sqlite/operators/sqlite.py:25 DeprecationWarning: This decorator is deprecated.

In previous versions, all subclasses of BaseOperator must use apply_default decorator for the`default_args` feature to work properly.

In current version, it is optional. The decorator is applied automatically using the metaclass.
[2021-09-23 23:10:10,111] {scheduler_job.py:643} INFO - DAG(s) dict_keys(['user_processing']) retrieved from /home/airflow/airflow/dags/user_processing.py
[2021-09-23 23:10:10,125] {logging_mixin.py:104} INFO - [2021-09-23 23:10:10,125] {dag.py:1832} INFO - Sync 1 DAGs
[2021-09-23 23:10:10,144] {logging_mixin.py:104} INFO - [2021-09-23 23:10:10,144] {dag.py:2305} INFO - Setting next_dagrun for user_processing to 2021-09-23 00:00:00+00:00
[2021-09-23 23:10:10,164] {scheduler_job.py:190} INFO - Processing /home/airflow/airflow/dags/user_processing.py took 0.174 seconds
[2021-09-23 23:10:45,147] {scheduler_job.py:182} INFO - Started process (PID=7840) to work on /home/airflow/airflow/dags/user_processing.py
[2021-09-23 23:10:45,148] {scheduler_job.py:633} INFO - Processing file /home/airflow/airflow/dags/user_processing.py for tasks to queue
[2021-09-23 23:10:45,149] {logging_mixin.py:104} INFO - [2021-09-23 23:10:45,149] {dagbag.py:487} INFO - Filling up the DagBag from /home/airflow/airflow/dags/user_processing.py
[2021-09-23 23:10:45,197] {logging_mixin.py:104} WARNING - /home/airflow/sandbox/lib/python3.8/site-packages/airflow/providers/sqlite/operators/sqlite.py:25 DeprecationWarning: This decorator is deprecated.

In previous versions, all subclasses of BaseOperator must use apply_default decorator for the`default_args` feature to work properly.

In current version, it is optional. The decorator is applied automatically using the metaclass.
[2021-09-23 23:10:45,259] {scheduler_job.py:643} INFO - DAG(s) dict_keys(['user_processing']) retrieved from /home/airflow/airflow/dags/user_processing.py
[2021-09-23 23:10:45,273] {logging_mixin.py:104} INFO - [2021-09-23 23:10:45,272] {dag.py:1832} INFO - Sync 1 DAGs
[2021-09-23 23:10:45,286] {logging_mixin.py:104} INFO - [2021-09-23 23:10:45,286] {dag.py:2305} INFO - Setting next_dagrun for user_processing to 2021-09-23 00:00:00+00:00
[2021-09-23 23:10:45,301] {scheduler_job.py:190} INFO - Processing /home/airflow/airflow/dags/user_processing.py took 0.157 seconds
[2021-09-23 23:11:16,110] {scheduler_job.py:182} INFO - Started process (PID=7930) to work on /home/airflow/airflow/dags/user_processing.py
[2021-09-23 23:11:16,111] {scheduler_job.py:633} INFO - Processing file /home/airflow/airflow/dags/user_processing.py for tasks to queue
[2021-09-23 23:11:16,113] {logging_mixin.py:104} INFO - [2021-09-23 23:11:16,112] {dagbag.py:487} INFO - Filling up the DagBag from /home/airflow/airflow/dags/user_processing.py
[2021-09-23 23:11:16,169] {logging_mixin.py:104} WARNING - /home/airflow/sandbox/lib/python3.8/site-packages/airflow/providers/sqlite/operators/sqlite.py:25 DeprecationWarning: This decorator is deprecated.

In previous versions, all subclasses of BaseOperator must use apply_default decorator for the`default_args` feature to work properly.

In current version, it is optional. The decorator is applied automatically using the metaclass.
[2021-09-23 23:11:16,241] {scheduler_job.py:643} INFO - DAG(s) dict_keys(['user_processing']) retrieved from /home/airflow/airflow/dags/user_processing.py
[2021-09-23 23:11:16,251] {logging_mixin.py:104} INFO - [2021-09-23 23:11:16,251] {dag.py:1832} INFO - Sync 1 DAGs
[2021-09-23 23:11:16,268] {logging_mixin.py:104} INFO - [2021-09-23 23:11:16,268] {dag.py:2305} INFO - Setting next_dagrun for user_processing to 2021-09-23 00:00:00+00:00
[2021-09-23 23:11:16,290] {scheduler_job.py:190} INFO - Processing /home/airflow/airflow/dags/user_processing.py took 0.187 seconds
[2021-09-23 23:11:47,004] {scheduler_job.py:182} INFO - Started process (PID=8079) to work on /home/airflow/airflow/dags/user_processing.py
[2021-09-23 23:11:47,005] {scheduler_job.py:633} INFO - Processing file /home/airflow/airflow/dags/user_processing.py for tasks to queue
[2021-09-23 23:11:47,006] {logging_mixin.py:104} INFO - [2021-09-23 23:11:47,005] {dagbag.py:487} INFO - Filling up the DagBag from /home/airflow/airflow/dags/user_processing.py
[2021-09-23 23:11:47,080] {logging_mixin.py:104} WARNING - /home/airflow/sandbox/lib/python3.8/site-packages/airflow/providers/sqlite/operators/sqlite.py:25 DeprecationWarning: This decorator is deprecated.

In previous versions, all subclasses of BaseOperator must use apply_default decorator for the`default_args` feature to work properly.

In current version, it is optional. The decorator is applied automatically using the metaclass.
[2021-09-23 23:11:47,174] {scheduler_job.py:643} INFO - DAG(s) dict_keys(['user_processing']) retrieved from /home/airflow/airflow/dags/user_processing.py
[2021-09-23 23:11:47,197] {logging_mixin.py:104} INFO - [2021-09-23 23:11:47,197] {dag.py:1832} INFO - Sync 1 DAGs
[2021-09-23 23:11:47,220] {logging_mixin.py:104} INFO - [2021-09-23 23:11:47,220] {dag.py:2305} INFO - Setting next_dagrun for user_processing to 2021-09-23 00:00:00+00:00
[2021-09-23 23:11:47,241] {scheduler_job.py:190} INFO - Processing /home/airflow/airflow/dags/user_processing.py took 0.239 seconds
[2021-09-23 23:12:20,797] {scheduler_job.py:182} INFO - Started process (PID=8251) to work on /home/airflow/airflow/dags/user_processing.py
[2021-09-23 23:12:20,798] {scheduler_job.py:633} INFO - Processing file /home/airflow/airflow/dags/user_processing.py for tasks to queue
[2021-09-23 23:12:20,799] {logging_mixin.py:104} INFO - [2021-09-23 23:12:20,799] {dagbag.py:487} INFO - Filling up the DagBag from /home/airflow/airflow/dags/user_processing.py
[2021-09-23 23:12:20,847] {logging_mixin.py:104} WARNING - /home/airflow/sandbox/lib/python3.8/site-packages/airflow/providers/sqlite/operators/sqlite.py:25 DeprecationWarning: This decorator is deprecated.

In previous versions, all subclasses of BaseOperator must use apply_default decorator for the`default_args` feature to work properly.

In current version, it is optional. The decorator is applied automatically using the metaclass.
[2021-09-23 23:12:20,924] {scheduler_job.py:643} INFO - DAG(s) dict_keys(['user_processing']) retrieved from /home/airflow/airflow/dags/user_processing.py
[2021-09-23 23:12:20,939] {logging_mixin.py:104} INFO - [2021-09-23 23:12:20,938] {dag.py:1832} INFO - Sync 1 DAGs
[2021-09-23 23:12:20,950] {logging_mixin.py:104} INFO - [2021-09-23 23:12:20,950] {dag.py:2305} INFO - Setting next_dagrun for user_processing to 2021-09-23 00:00:00+00:00
[2021-09-23 23:12:20,966] {scheduler_job.py:190} INFO - Processing /home/airflow/airflow/dags/user_processing.py took 0.171 seconds
[2021-09-23 23:12:52,790] {scheduler_job.py:182} INFO - Started process (PID=8393) to work on /home/airflow/airflow/dags/user_processing.py
[2021-09-23 23:12:52,791] {scheduler_job.py:633} INFO - Processing file /home/airflow/airflow/dags/user_processing.py for tasks to queue
[2021-09-23 23:12:52,792] {logging_mixin.py:104} INFO - [2021-09-23 23:12:52,792] {dagbag.py:487} INFO - Filling up the DagBag from /home/airflow/airflow/dags/user_processing.py
[2021-09-23 23:12:52,842] {logging_mixin.py:104} WARNING - /home/airflow/sandbox/lib/python3.8/site-packages/airflow/providers/sqlite/operators/sqlite.py:25 DeprecationWarning: This decorator is deprecated.

In previous versions, all subclasses of BaseOperator must use apply_default decorator for the`default_args` feature to work properly.

In current version, it is optional. The decorator is applied automatically using the metaclass.
[2021-09-23 23:12:52,905] {scheduler_job.py:643} INFO - DAG(s) dict_keys(['user_processing']) retrieved from /home/airflow/airflow/dags/user_processing.py
[2021-09-23 23:12:52,916] {logging_mixin.py:104} INFO - [2021-09-23 23:12:52,916] {dag.py:1832} INFO - Sync 1 DAGs
[2021-09-23 23:12:52,932] {logging_mixin.py:104} INFO - [2021-09-23 23:12:52,932] {dag.py:2305} INFO - Setting next_dagrun for user_processing to 2021-09-23 00:00:00+00:00
[2021-09-23 23:12:52,951] {scheduler_job.py:190} INFO - Processing /home/airflow/airflow/dags/user_processing.py took 0.165 seconds
[2021-09-23 23:13:25,179] {scheduler_job.py:182} INFO - Started process (PID=8423) to work on /home/airflow/airflow/dags/user_processing.py
[2021-09-23 23:13:25,180] {scheduler_job.py:633} INFO - Processing file /home/airflow/airflow/dags/user_processing.py for tasks to queue
[2021-09-23 23:13:25,180] {logging_mixin.py:104} INFO - [2021-09-23 23:13:25,180] {dagbag.py:487} INFO - Filling up the DagBag from /home/airflow/airflow/dags/user_processing.py
[2021-09-23 23:13:25,223] {logging_mixin.py:104} WARNING - /home/airflow/sandbox/lib/python3.8/site-packages/airflow/providers/sqlite/operators/sqlite.py:25 DeprecationWarning: This decorator is deprecated.

In previous versions, all subclasses of BaseOperator must use apply_default decorator for the`default_args` feature to work properly.

In current version, it is optional. The decorator is applied automatically using the metaclass.
[2021-09-23 23:13:25,282] {scheduler_job.py:643} INFO - DAG(s) dict_keys(['user_processing']) retrieved from /home/airflow/airflow/dags/user_processing.py
[2021-09-23 23:13:25,293] {logging_mixin.py:104} INFO - [2021-09-23 23:13:25,293] {dag.py:1832} INFO - Sync 1 DAGs
[2021-09-23 23:13:25,304] {logging_mixin.py:104} INFO - [2021-09-23 23:13:25,304] {dag.py:2305} INFO - Setting next_dagrun for user_processing to 2021-09-23 00:00:00+00:00
[2021-09-23 23:13:25,324] {scheduler_job.py:190} INFO - Processing /home/airflow/airflow/dags/user_processing.py took 0.147 seconds
[2021-09-23 23:13:58,040] {scheduler_job.py:182} INFO - Started process (PID=8453) to work on /home/airflow/airflow/dags/user_processing.py
[2021-09-23 23:13:58,041] {scheduler_job.py:633} INFO - Processing file /home/airflow/airflow/dags/user_processing.py for tasks to queue
[2021-09-23 23:13:58,042] {logging_mixin.py:104} INFO - [2021-09-23 23:13:58,042] {dagbag.py:487} INFO - Filling up the DagBag from /home/airflow/airflow/dags/user_processing.py
[2021-09-23 23:13:58,093] {logging_mixin.py:104} WARNING - /home/airflow/sandbox/lib/python3.8/site-packages/airflow/providers/sqlite/operators/sqlite.py:25 DeprecationWarning: This decorator is deprecated.

In previous versions, all subclasses of BaseOperator must use apply_default decorator for the`default_args` feature to work properly.

In current version, it is optional. The decorator is applied automatically using the metaclass.
[2021-09-23 23:13:58,149] {scheduler_job.py:643} INFO - DAG(s) dict_keys(['user_processing']) retrieved from /home/airflow/airflow/dags/user_processing.py
[2021-09-23 23:13:58,165] {logging_mixin.py:104} INFO - [2021-09-23 23:13:58,164] {dag.py:1832} INFO - Sync 1 DAGs
[2021-09-23 23:13:58,180] {logging_mixin.py:104} INFO - [2021-09-23 23:13:58,180] {dag.py:2305} INFO - Setting next_dagrun for user_processing to 2021-09-23 00:00:00+00:00
[2021-09-23 23:13:58,201] {scheduler_job.py:190} INFO - Processing /home/airflow/airflow/dags/user_processing.py took 0.163 seconds
[2021-09-23 23:14:33,396] {scheduler_job.py:182} INFO - Started process (PID=8485) to work on /home/airflow/airflow/dags/user_processing.py
[2021-09-23 23:14:33,397] {scheduler_job.py:633} INFO - Processing file /home/airflow/airflow/dags/user_processing.py for tasks to queue
[2021-09-23 23:14:33,397] {logging_mixin.py:104} INFO - [2021-09-23 23:14:33,397] {dagbag.py:487} INFO - Filling up the DagBag from /home/airflow/airflow/dags/user_processing.py
[2021-09-23 23:14:33,455] {logging_mixin.py:104} WARNING - /home/airflow/sandbox/lib/python3.8/site-packages/airflow/providers/sqlite/operators/sqlite.py:25 DeprecationWarning: This decorator is deprecated.

In previous versions, all subclasses of BaseOperator must use apply_default decorator for the`default_args` feature to work properly.

In current version, it is optional. The decorator is applied automatically using the metaclass.
[2021-09-23 23:14:33,525] {scheduler_job.py:643} INFO - DAG(s) dict_keys(['user_processing']) retrieved from /home/airflow/airflow/dags/user_processing.py
[2021-09-23 23:14:33,826] {logging_mixin.py:104} INFO - [2021-09-23 23:14:33,826] {dag.py:1832} INFO - Sync 1 DAGs
[2021-09-23 23:14:33,836] {logging_mixin.py:104} INFO - [2021-09-23 23:14:33,836] {dag.py:2305} INFO - Setting next_dagrun for user_processing to 2021-09-23 00:00:00+00:00
[2021-09-23 23:14:33,864] {scheduler_job.py:190} INFO - Processing /home/airflow/airflow/dags/user_processing.py took 0.472 seconds
[2021-09-23 23:15:08,569] {scheduler_job.py:182} INFO - Started process (PID=8725) to work on /home/airflow/airflow/dags/user_processing.py
[2021-09-23 23:15:08,570] {scheduler_job.py:633} INFO - Processing file /home/airflow/airflow/dags/user_processing.py for tasks to queue
[2021-09-23 23:15:08,571] {logging_mixin.py:104} INFO - [2021-09-23 23:15:08,571] {dagbag.py:487} INFO - Filling up the DagBag from /home/airflow/airflow/dags/user_processing.py
[2021-09-23 23:15:08,642] {logging_mixin.py:104} WARNING - /home/airflow/sandbox/lib/python3.8/site-packages/airflow/providers/sqlite/operators/sqlite.py:25 DeprecationWarning: This decorator is deprecated.

In previous versions, all subclasses of BaseOperator must use apply_default decorator for the`default_args` feature to work properly.

In current version, it is optional. The decorator is applied automatically using the metaclass.
[2021-09-23 23:15:08,725] {scheduler_job.py:643} INFO - DAG(s) dict_keys(['user_processing']) retrieved from /home/airflow/airflow/dags/user_processing.py
[2021-09-23 23:15:08,746] {logging_mixin.py:104} INFO - [2021-09-23 23:15:08,746] {dag.py:1832} INFO - Sync 1 DAGs
[2021-09-23 23:15:08,763] {logging_mixin.py:104} INFO - [2021-09-23 23:15:08,763] {dag.py:2305} INFO - Setting next_dagrun for user_processing to 2021-09-23 00:00:00+00:00
[2021-09-23 23:15:08,785] {scheduler_job.py:190} INFO - Processing /home/airflow/airflow/dags/user_processing.py took 0.221 seconds
[2021-09-23 23:15:39,709] {scheduler_job.py:182} INFO - Started process (PID=8909) to work on /home/airflow/airflow/dags/user_processing.py
[2021-09-23 23:15:39,710] {scheduler_job.py:633} INFO - Processing file /home/airflow/airflow/dags/user_processing.py for tasks to queue
[2021-09-23 23:15:39,711] {logging_mixin.py:104} INFO - [2021-09-23 23:15:39,711] {dagbag.py:487} INFO - Filling up the DagBag from /home/airflow/airflow/dags/user_processing.py
[2021-09-23 23:15:39,756] {logging_mixin.py:104} WARNING - /home/airflow/sandbox/lib/python3.8/site-packages/airflow/providers/sqlite/operators/sqlite.py:25 DeprecationWarning: This decorator is deprecated.

In previous versions, all subclasses of BaseOperator must use apply_default decorator for the`default_args` feature to work properly.

In current version, it is optional. The decorator is applied automatically using the metaclass.
[2021-09-23 23:15:39,813] {scheduler_job.py:643} INFO - DAG(s) dict_keys(['user_processing']) retrieved from /home/airflow/airflow/dags/user_processing.py
[2021-09-23 23:15:39,827] {logging_mixin.py:104} INFO - [2021-09-23 23:15:39,826] {dag.py:1832} INFO - Sync 1 DAGs
[2021-09-23 23:15:39,840] {logging_mixin.py:104} INFO - [2021-09-23 23:15:39,840] {dag.py:2305} INFO - Setting next_dagrun for user_processing to 2021-09-23 00:00:00+00:00
[2021-09-23 23:15:39,856] {scheduler_job.py:190} INFO - Processing /home/airflow/airflow/dags/user_processing.py took 0.150 seconds
[2021-09-23 23:16:09,998] {scheduler_job.py:182} INFO - Started process (PID=9024) to work on /home/airflow/airflow/dags/user_processing.py
[2021-09-23 23:16:09,999] {scheduler_job.py:633} INFO - Processing file /home/airflow/airflow/dags/user_processing.py for tasks to queue
[2021-09-23 23:16:10,000] {logging_mixin.py:104} INFO - [2021-09-23 23:16:10,000] {dagbag.py:487} INFO - Filling up the DagBag from /home/airflow/airflow/dags/user_processing.py
[2021-09-23 23:16:10,098] {logging_mixin.py:104} WARNING - /home/airflow/sandbox/lib/python3.8/site-packages/airflow/providers/sqlite/operators/sqlite.py:25 DeprecationWarning: This decorator is deprecated.

In previous versions, all subclasses of BaseOperator must use apply_default decorator for the`default_args` feature to work properly.

In current version, it is optional. The decorator is applied automatically using the metaclass.
[2021-09-23 23:16:10,260] {scheduler_job.py:643} INFO - DAG(s) dict_keys(['user_processing']) retrieved from /home/airflow/airflow/dags/user_processing.py
[2021-09-23 23:16:10,301] {logging_mixin.py:104} INFO - [2021-09-23 23:16:10,301] {dag.py:1832} INFO - Sync 1 DAGs
[2021-09-23 23:16:10,325] {logging_mixin.py:104} INFO - [2021-09-23 23:16:10,325] {dag.py:2305} INFO - Setting next_dagrun for user_processing to 2021-09-23 00:00:00+00:00
[2021-09-23 23:16:10,351] {scheduler_job.py:190} INFO - Processing /home/airflow/airflow/dags/user_processing.py took 0.355 seconds
[2021-09-23 23:16:41,813] {scheduler_job.py:182} INFO - Started process (PID=9146) to work on /home/airflow/airflow/dags/user_processing.py
[2021-09-23 23:16:41,814] {scheduler_job.py:633} INFO - Processing file /home/airflow/airflow/dags/user_processing.py for tasks to queue
[2021-09-23 23:16:41,814] {logging_mixin.py:104} INFO - [2021-09-23 23:16:41,814] {dagbag.py:487} INFO - Filling up the DagBag from /home/airflow/airflow/dags/user_processing.py
[2021-09-23 23:16:41,862] {logging_mixin.py:104} WARNING - /home/airflow/sandbox/lib/python3.8/site-packages/airflow/providers/sqlite/operators/sqlite.py:25 DeprecationWarning: This decorator is deprecated.

In previous versions, all subclasses of BaseOperator must use apply_default decorator for the`default_args` feature to work properly.

In current version, it is optional. The decorator is applied automatically using the metaclass.
[2021-09-23 23:16:41,915] {scheduler_job.py:643} INFO - DAG(s) dict_keys(['user_processing']) retrieved from /home/airflow/airflow/dags/user_processing.py
[2021-09-23 23:16:41,925] {logging_mixin.py:104} INFO - [2021-09-23 23:16:41,925] {dag.py:1832} INFO - Sync 1 DAGs
[2021-09-23 23:16:41,938] {logging_mixin.py:104} INFO - [2021-09-23 23:16:41,938] {dag.py:2305} INFO - Setting next_dagrun for user_processing to 2021-09-23 00:00:00+00:00
[2021-09-23 23:16:41,954] {scheduler_job.py:190} INFO - Processing /home/airflow/airflow/dags/user_processing.py took 0.144 seconds
[2021-09-23 23:43:08,618] {scheduler_job.py:182} INFO - Started process (PID=9273) to work on /home/airflow/airflow/dags/user_processing.py
[2021-09-23 23:43:08,619] {scheduler_job.py:633} INFO - Processing file /home/airflow/airflow/dags/user_processing.py for tasks to queue
[2021-09-23 23:43:08,620] {logging_mixin.py:104} INFO - [2021-09-23 23:43:08,619] {dagbag.py:487} INFO - Filling up the DagBag from /home/airflow/airflow/dags/user_processing.py
[2021-09-23 23:43:08,939] {logging_mixin.py:104} WARNING - /home/airflow/sandbox/lib/python3.8/site-packages/airflow/providers/sqlite/operators/sqlite.py:25 DeprecationWarning: This decorator is deprecated.

In previous versions, all subclasses of BaseOperator must use apply_default decorator for the`default_args` feature to work properly.

In current version, it is optional. The decorator is applied automatically using the metaclass.
[2021-09-23 23:43:09,261] {scheduler_job.py:643} INFO - DAG(s) dict_keys(['user_processing']) retrieved from /home/airflow/airflow/dags/user_processing.py
[2021-09-23 23:43:09,365] {logging_mixin.py:104} INFO - [2021-09-23 23:43:09,365] {dag.py:1832} INFO - Sync 1 DAGs
[2021-09-23 23:43:09,422] {logging_mixin.py:104} INFO - [2021-09-23 23:43:09,422] {dag.py:2305} INFO - Setting next_dagrun for user_processing to 2021-09-23 00:00:00+00:00
[2021-09-23 23:43:09,484] {scheduler_job.py:190} INFO - Processing /home/airflow/airflow/dags/user_processing.py took 0.869 seconds
[2021-09-23 23:43:47,273] {scheduler_job.py:182} INFO - Started process (PID=9333) to work on /home/airflow/airflow/dags/user_processing.py
[2021-09-23 23:43:47,273] {scheduler_job.py:633} INFO - Processing file /home/airflow/airflow/dags/user_processing.py for tasks to queue
[2021-09-23 23:43:47,274] {logging_mixin.py:104} INFO - [2021-09-23 23:43:47,274] {dagbag.py:487} INFO - Filling up the DagBag from /home/airflow/airflow/dags/user_processing.py
[2021-09-23 23:43:47,332] {logging_mixin.py:104} WARNING - /home/airflow/sandbox/lib/python3.8/site-packages/airflow/providers/sqlite/operators/sqlite.py:25 DeprecationWarning: This decorator is deprecated.

In previous versions, all subclasses of BaseOperator must use apply_default decorator for the`default_args` feature to work properly.

In current version, it is optional. The decorator is applied automatically using the metaclass.
[2021-09-23 23:43:47,408] {scheduler_job.py:643} INFO - DAG(s) dict_keys(['user_processing']) retrieved from /home/airflow/airflow/dags/user_processing.py
[2021-09-23 23:43:47,426] {logging_mixin.py:104} INFO - [2021-09-23 23:43:47,426] {dag.py:1832} INFO - Sync 1 DAGs
[2021-09-23 23:43:47,442] {logging_mixin.py:104} INFO - [2021-09-23 23:43:47,442] {dag.py:2305} INFO - Setting next_dagrun for user_processing to 2021-09-23 00:00:00+00:00
[2021-09-23 23:43:47,458] {scheduler_job.py:190} INFO - Processing /home/airflow/airflow/dags/user_processing.py took 0.190 seconds
[2021-09-23 23:44:21,676] {scheduler_job.py:182} INFO - Started process (PID=9366) to work on /home/airflow/airflow/dags/user_processing.py
[2021-09-23 23:44:21,678] {scheduler_job.py:633} INFO - Processing file /home/airflow/airflow/dags/user_processing.py for tasks to queue
[2021-09-23 23:44:21,679] {logging_mixin.py:104} INFO - [2021-09-23 23:44:21,679] {dagbag.py:487} INFO - Filling up the DagBag from /home/airflow/airflow/dags/user_processing.py
[2021-09-23 23:44:21,736] {logging_mixin.py:104} WARNING - /home/airflow/sandbox/lib/python3.8/site-packages/airflow/providers/sqlite/operators/sqlite.py:25 DeprecationWarning: This decorator is deprecated.

In previous versions, all subclasses of BaseOperator must use apply_default decorator for the`default_args` feature to work properly.

In current version, it is optional. The decorator is applied automatically using the metaclass.
[2021-09-23 23:44:21,801] {scheduler_job.py:643} INFO - DAG(s) dict_keys(['user_processing']) retrieved from /home/airflow/airflow/dags/user_processing.py
[2021-09-23 23:44:21,812] {logging_mixin.py:104} INFO - [2021-09-23 23:44:21,812] {dag.py:1832} INFO - Sync 1 DAGs
[2021-09-23 23:44:21,825] {logging_mixin.py:104} INFO - [2021-09-23 23:44:21,825] {dag.py:2305} INFO - Setting next_dagrun for user_processing to 2021-09-23 00:00:00+00:00
[2021-09-23 23:44:21,849] {scheduler_job.py:190} INFO - Processing /home/airflow/airflow/dags/user_processing.py took 0.175 seconds
[2021-09-23 23:44:53,358] {scheduler_job.py:182} INFO - Started process (PID=9397) to work on /home/airflow/airflow/dags/user_processing.py
[2021-09-23 23:44:53,360] {scheduler_job.py:633} INFO - Processing file /home/airflow/airflow/dags/user_processing.py for tasks to queue
[2021-09-23 23:44:53,361] {logging_mixin.py:104} INFO - [2021-09-23 23:44:53,361] {dagbag.py:487} INFO - Filling up the DagBag from /home/airflow/airflow/dags/user_processing.py
[2021-09-23 23:44:53,412] {logging_mixin.py:104} WARNING - /home/airflow/sandbox/lib/python3.8/site-packages/airflow/providers/sqlite/operators/sqlite.py:25 DeprecationWarning: This decorator is deprecated.

In previous versions, all subclasses of BaseOperator must use apply_default decorator for the`default_args` feature to work properly.

In current version, it is optional. The decorator is applied automatically using the metaclass.
[2021-09-23 23:44:53,470] {scheduler_job.py:643} INFO - DAG(s) dict_keys(['user_processing']) retrieved from /home/airflow/airflow/dags/user_processing.py
[2021-09-23 23:44:53,482] {logging_mixin.py:104} INFO - [2021-09-23 23:44:53,482] {dag.py:1832} INFO - Sync 1 DAGs
[2021-09-23 23:44:53,500] {logging_mixin.py:104} INFO - [2021-09-23 23:44:53,500] {dag.py:2305} INFO - Setting next_dagrun for user_processing to 2021-09-23 00:00:00+00:00
[2021-09-23 23:44:53,521] {scheduler_job.py:190} INFO - Processing /home/airflow/airflow/dags/user_processing.py took 0.167 seconds
[2021-09-23 23:45:27,309] {scheduler_job.py:182} INFO - Started process (PID=9429) to work on /home/airflow/airflow/dags/user_processing.py
[2021-09-23 23:45:27,310] {scheduler_job.py:633} INFO - Processing file /home/airflow/airflow/dags/user_processing.py for tasks to queue
[2021-09-23 23:45:27,311] {logging_mixin.py:104} INFO - [2021-09-23 23:45:27,311] {dagbag.py:487} INFO - Filling up the DagBag from /home/airflow/airflow/dags/user_processing.py
[2021-09-23 23:45:27,358] {logging_mixin.py:104} WARNING - /home/airflow/sandbox/lib/python3.8/site-packages/airflow/providers/sqlite/operators/sqlite.py:25 DeprecationWarning: This decorator is deprecated.

In previous versions, all subclasses of BaseOperator must use apply_default decorator for the`default_args` feature to work properly.

In current version, it is optional. The decorator is applied automatically using the metaclass.
[2021-09-23 23:45:27,418] {scheduler_job.py:643} INFO - DAG(s) dict_keys(['user_processing']) retrieved from /home/airflow/airflow/dags/user_processing.py
[2021-09-23 23:45:27,433] {logging_mixin.py:104} INFO - [2021-09-23 23:45:27,433] {dag.py:1832} INFO - Sync 1 DAGs
[2021-09-23 23:45:27,446] {logging_mixin.py:104} INFO - [2021-09-23 23:45:27,446] {dag.py:2305} INFO - Setting next_dagrun for user_processing to 2021-09-23 00:00:00+00:00
[2021-09-23 23:45:27,467] {scheduler_job.py:190} INFO - Processing /home/airflow/airflow/dags/user_processing.py took 0.160 seconds
[2021-09-23 23:46:02,137] {scheduler_job.py:182} INFO - Started process (PID=9461) to work on /home/airflow/airflow/dags/user_processing.py
[2021-09-23 23:46:02,138] {scheduler_job.py:633} INFO - Processing file /home/airflow/airflow/dags/user_processing.py for tasks to queue
[2021-09-23 23:46:02,138] {logging_mixin.py:104} INFO - [2021-09-23 23:46:02,138] {dagbag.py:487} INFO - Filling up the DagBag from /home/airflow/airflow/dags/user_processing.py
[2021-09-23 23:46:02,187] {logging_mixin.py:104} WARNING - /home/airflow/sandbox/lib/python3.8/site-packages/airflow/providers/sqlite/operators/sqlite.py:25 DeprecationWarning: This decorator is deprecated.

In previous versions, all subclasses of BaseOperator must use apply_default decorator for the`default_args` feature to work properly.

In current version, it is optional. The decorator is applied automatically using the metaclass.
[2021-09-23 23:46:02,242] {scheduler_job.py:643} INFO - DAG(s) dict_keys(['user_processing']) retrieved from /home/airflow/airflow/dags/user_processing.py
[2021-09-23 23:46:02,254] {logging_mixin.py:104} INFO - [2021-09-23 23:46:02,254] {dag.py:1832} INFO - Sync 1 DAGs
[2021-09-23 23:46:02,272] {logging_mixin.py:104} INFO - [2021-09-23 23:46:02,271] {dag.py:2305} INFO - Setting next_dagrun for user_processing to 2021-09-23 00:00:00+00:00
[2021-09-23 23:46:02,286] {scheduler_job.py:190} INFO - Processing /home/airflow/airflow/dags/user_processing.py took 0.152 seconds
[2021-09-23 23:46:34,155] {scheduler_job.py:182} INFO - Started process (PID=9528) to work on /home/airflow/airflow/dags/user_processing.py
[2021-09-23 23:46:34,156] {scheduler_job.py:633} INFO - Processing file /home/airflow/airflow/dags/user_processing.py for tasks to queue
[2021-09-23 23:46:34,156] {logging_mixin.py:104} INFO - [2021-09-23 23:46:34,156] {dagbag.py:487} INFO - Filling up the DagBag from /home/airflow/airflow/dags/user_processing.py
[2021-09-23 23:46:34,205] {logging_mixin.py:104} WARNING - /home/airflow/sandbox/lib/python3.8/site-packages/airflow/providers/sqlite/operators/sqlite.py:25 DeprecationWarning: This decorator is deprecated.

In previous versions, all subclasses of BaseOperator must use apply_default decorator for the`default_args` feature to work properly.

In current version, it is optional. The decorator is applied automatically using the metaclass.
[2021-09-23 23:46:34,265] {scheduler_job.py:643} INFO - DAG(s) dict_keys(['user_processing']) retrieved from /home/airflow/airflow/dags/user_processing.py
[2021-09-23 23:46:34,276] {logging_mixin.py:104} INFO - [2021-09-23 23:46:34,276] {dag.py:1832} INFO - Sync 1 DAGs
[2021-09-23 23:46:34,287] {logging_mixin.py:104} INFO - [2021-09-23 23:46:34,286] {dag.py:2305} INFO - Setting next_dagrun for user_processing to 2021-09-23 00:00:00+00:00
[2021-09-23 23:46:34,303] {scheduler_job.py:190} INFO - Processing /home/airflow/airflow/dags/user_processing.py took 0.152 seconds
[2021-09-23 23:47:05,561] {scheduler_job.py:182} INFO - Started process (PID=9567) to work on /home/airflow/airflow/dags/user_processing.py
[2021-09-23 23:47:05,562] {scheduler_job.py:633} INFO - Processing file /home/airflow/airflow/dags/user_processing.py for tasks to queue
[2021-09-23 23:47:05,562] {logging_mixin.py:104} INFO - [2021-09-23 23:47:05,562] {dagbag.py:487} INFO - Filling up the DagBag from /home/airflow/airflow/dags/user_processing.py
[2021-09-23 23:47:05,609] {logging_mixin.py:104} WARNING - /home/airflow/sandbox/lib/python3.8/site-packages/airflow/providers/sqlite/operators/sqlite.py:25 DeprecationWarning: This decorator is deprecated.

In previous versions, all subclasses of BaseOperator must use apply_default decorator for the`default_args` feature to work properly.

In current version, it is optional. The decorator is applied automatically using the metaclass.
[2021-09-23 23:47:05,667] {scheduler_job.py:643} INFO - DAG(s) dict_keys(['user_processing']) retrieved from /home/airflow/airflow/dags/user_processing.py
[2021-09-23 23:47:05,678] {logging_mixin.py:104} INFO - [2021-09-23 23:47:05,678] {dag.py:1832} INFO - Sync 1 DAGs
[2021-09-23 23:47:05,694] {logging_mixin.py:104} INFO - [2021-09-23 23:47:05,694] {dag.py:2305} INFO - Setting next_dagrun for user_processing to 2021-09-23 00:00:00+00:00
[2021-09-23 23:47:05,714] {scheduler_job.py:190} INFO - Processing /home/airflow/airflow/dags/user_processing.py took 0.156 seconds
[2021-09-23 23:47:36,706] {scheduler_job.py:182} INFO - Started process (PID=9597) to work on /home/airflow/airflow/dags/user_processing.py
[2021-09-23 23:47:36,707] {scheduler_job.py:633} INFO - Processing file /home/airflow/airflow/dags/user_processing.py for tasks to queue
[2021-09-23 23:47:36,707] {logging_mixin.py:104} INFO - [2021-09-23 23:47:36,707] {dagbag.py:487} INFO - Filling up the DagBag from /home/airflow/airflow/dags/user_processing.py
[2021-09-23 23:47:36,750] {logging_mixin.py:104} WARNING - /home/airflow/sandbox/lib/python3.8/site-packages/airflow/providers/sqlite/operators/sqlite.py:25 DeprecationWarning: This decorator is deprecated.

In previous versions, all subclasses of BaseOperator must use apply_default decorator for the`default_args` feature to work properly.

In current version, it is optional. The decorator is applied automatically using the metaclass.
[2021-09-23 23:47:36,811] {scheduler_job.py:643} INFO - DAG(s) dict_keys(['user_processing']) retrieved from /home/airflow/airflow/dags/user_processing.py
[2021-09-23 23:47:36,823] {logging_mixin.py:104} INFO - [2021-09-23 23:47:36,823] {dag.py:1832} INFO - Sync 1 DAGs
[2021-09-23 23:47:36,833] {logging_mixin.py:104} INFO - [2021-09-23 23:47:36,833] {dag.py:2305} INFO - Setting next_dagrun for user_processing to 2021-09-23 00:00:00+00:00
[2021-09-23 23:47:36,855] {scheduler_job.py:190} INFO - Processing /home/airflow/airflow/dags/user_processing.py took 0.152 seconds
[2021-09-23 23:48:09,095] {scheduler_job.py:182} INFO - Started process (PID=9628) to work on /home/airflow/airflow/dags/user_processing.py
[2021-09-23 23:48:09,096] {scheduler_job.py:633} INFO - Processing file /home/airflow/airflow/dags/user_processing.py for tasks to queue
[2021-09-23 23:48:09,097] {logging_mixin.py:104} INFO - [2021-09-23 23:48:09,096] {dagbag.py:487} INFO - Filling up the DagBag from /home/airflow/airflow/dags/user_processing.py
[2021-09-23 23:48:09,151] {logging_mixin.py:104} WARNING - /home/airflow/sandbox/lib/python3.8/site-packages/airflow/providers/sqlite/operators/sqlite.py:25 DeprecationWarning: This decorator is deprecated.

In previous versions, all subclasses of BaseOperator must use apply_default decorator for the`default_args` feature to work properly.

In current version, it is optional. The decorator is applied automatically using the metaclass.
[2021-09-23 23:48:09,219] {scheduler_job.py:643} INFO - DAG(s) dict_keys(['user_processing']) retrieved from /home/airflow/airflow/dags/user_processing.py
[2021-09-23 23:48:09,231] {logging_mixin.py:104} INFO - [2021-09-23 23:48:09,231] {dag.py:1832} INFO - Sync 1 DAGs
[2021-09-23 23:48:09,247] {logging_mixin.py:104} INFO - [2021-09-23 23:48:09,247] {dag.py:2305} INFO - Setting next_dagrun for user_processing to 2021-09-23 00:00:00+00:00
[2021-09-23 23:48:09,262] {scheduler_job.py:190} INFO - Processing /home/airflow/airflow/dags/user_processing.py took 0.171 seconds
[2021-09-23 23:48:43,763] {scheduler_job.py:182} INFO - Started process (PID=9660) to work on /home/airflow/airflow/dags/user_processing.py
[2021-09-23 23:48:43,765] {scheduler_job.py:633} INFO - Processing file /home/airflow/airflow/dags/user_processing.py for tasks to queue
[2021-09-23 23:48:43,766] {logging_mixin.py:104} INFO - [2021-09-23 23:48:43,766] {dagbag.py:487} INFO - Filling up the DagBag from /home/airflow/airflow/dags/user_processing.py
[2021-09-23 23:48:43,851] {logging_mixin.py:104} WARNING - /home/airflow/sandbox/lib/python3.8/site-packages/airflow/providers/sqlite/operators/sqlite.py:25 DeprecationWarning: This decorator is deprecated.

In previous versions, all subclasses of BaseOperator must use apply_default decorator for the`default_args` feature to work properly.

In current version, it is optional. The decorator is applied automatically using the metaclass.
[2021-09-23 23:48:43,963] {scheduler_job.py:643} INFO - DAG(s) dict_keys(['user_processing']) retrieved from /home/airflow/airflow/dags/user_processing.py
[2021-09-23 23:48:43,990] {logging_mixin.py:104} INFO - [2021-09-23 23:48:43,990] {dag.py:1832} INFO - Sync 1 DAGs
[2021-09-23 23:48:44,027] {logging_mixin.py:104} INFO - [2021-09-23 23:48:44,026] {dag.py:2305} INFO - Setting next_dagrun for user_processing to 2021-09-23 00:00:00+00:00
[2021-09-23 23:48:44,053] {scheduler_job.py:190} INFO - Processing /home/airflow/airflow/dags/user_processing.py took 0.293 seconds
[2021-09-23 23:49:16,013] {scheduler_job.py:182} INFO - Started process (PID=9689) to work on /home/airflow/airflow/dags/user_processing.py
[2021-09-23 23:49:16,014] {scheduler_job.py:633} INFO - Processing file /home/airflow/airflow/dags/user_processing.py for tasks to queue
[2021-09-23 23:49:16,014] {logging_mixin.py:104} INFO - [2021-09-23 23:49:16,014] {dagbag.py:487} INFO - Filling up the DagBag from /home/airflow/airflow/dags/user_processing.py
[2021-09-23 23:49:16,081] {logging_mixin.py:104} WARNING - /home/airflow/sandbox/lib/python3.8/site-packages/airflow/providers/sqlite/operators/sqlite.py:25 DeprecationWarning: This decorator is deprecated.

In previous versions, all subclasses of BaseOperator must use apply_default decorator for the`default_args` feature to work properly.

In current version, it is optional. The decorator is applied automatically using the metaclass.
[2021-09-23 23:49:16,156] {scheduler_job.py:643} INFO - DAG(s) dict_keys(['user_processing']) retrieved from /home/airflow/airflow/dags/user_processing.py
[2021-09-23 23:49:16,174] {logging_mixin.py:104} INFO - [2021-09-23 23:49:16,174] {dag.py:1832} INFO - Sync 1 DAGs
[2021-09-23 23:49:16,192] {logging_mixin.py:104} INFO - [2021-09-23 23:49:16,192] {dag.py:2305} INFO - Setting next_dagrun for user_processing to 2021-09-23 00:00:00+00:00
[2021-09-23 23:49:16,212] {scheduler_job.py:190} INFO - Processing /home/airflow/airflow/dags/user_processing.py took 0.203 seconds
[2021-09-23 23:49:51,226] {scheduler_job.py:182} INFO - Started process (PID=9722) to work on /home/airflow/airflow/dags/user_processing.py
[2021-09-23 23:49:51,227] {scheduler_job.py:633} INFO - Processing file /home/airflow/airflow/dags/user_processing.py for tasks to queue
[2021-09-23 23:49:51,228] {logging_mixin.py:104} INFO - [2021-09-23 23:49:51,227] {dagbag.py:487} INFO - Filling up the DagBag from /home/airflow/airflow/dags/user_processing.py
[2021-09-23 23:49:51,272] {logging_mixin.py:104} WARNING - /home/airflow/sandbox/lib/python3.8/site-packages/airflow/providers/sqlite/operators/sqlite.py:25 DeprecationWarning: This decorator is deprecated.

In previous versions, all subclasses of BaseOperator must use apply_default decorator for the`default_args` feature to work properly.

In current version, it is optional. The decorator is applied automatically using the metaclass.
[2021-09-23 23:49:51,332] {scheduler_job.py:643} INFO - DAG(s) dict_keys(['user_processing']) retrieved from /home/airflow/airflow/dags/user_processing.py
[2021-09-23 23:49:51,342] {logging_mixin.py:104} INFO - [2021-09-23 23:49:51,342] {dag.py:1832} INFO - Sync 1 DAGs
[2021-09-23 23:49:51,356] {logging_mixin.py:104} INFO - [2021-09-23 23:49:51,356] {dag.py:2305} INFO - Setting next_dagrun for user_processing to 2021-09-23 00:00:00+00:00
[2021-09-23 23:49:51,376] {scheduler_job.py:190} INFO - Processing /home/airflow/airflow/dags/user_processing.py took 0.153 seconds
[2021-09-23 23:50:24,018] {scheduler_job.py:182} INFO - Started process (PID=9756) to work on /home/airflow/airflow/dags/user_processing.py
[2021-09-23 23:50:24,019] {scheduler_job.py:633} INFO - Processing file /home/airflow/airflow/dags/user_processing.py for tasks to queue
[2021-09-23 23:50:24,020] {logging_mixin.py:104} INFO - [2021-09-23 23:50:24,020] {dagbag.py:487} INFO - Filling up the DagBag from /home/airflow/airflow/dags/user_processing.py
[2021-09-23 23:50:24,062] {logging_mixin.py:104} WARNING - /home/airflow/sandbox/lib/python3.8/site-packages/airflow/providers/sqlite/operators/sqlite.py:25 DeprecationWarning: This decorator is deprecated.

In previous versions, all subclasses of BaseOperator must use apply_default decorator for the`default_args` feature to work properly.

In current version, it is optional. The decorator is applied automatically using the metaclass.
[2021-09-23 23:50:24,124] {scheduler_job.py:643} INFO - DAG(s) dict_keys(['user_processing']) retrieved from /home/airflow/airflow/dags/user_processing.py
[2021-09-23 23:50:24,137] {logging_mixin.py:104} INFO - [2021-09-23 23:50:24,137] {dag.py:1832} INFO - Sync 1 DAGs
[2021-09-23 23:50:24,154] {logging_mixin.py:104} INFO - [2021-09-23 23:50:24,154] {dag.py:2305} INFO - Setting next_dagrun for user_processing to 2021-09-23 00:00:00+00:00
[2021-09-23 23:50:24,172] {scheduler_job.py:190} INFO - Processing /home/airflow/airflow/dags/user_processing.py took 0.157 seconds
[2021-09-23 23:50:58,570] {scheduler_job.py:182} INFO - Started process (PID=9789) to work on /home/airflow/airflow/dags/user_processing.py
[2021-09-23 23:50:58,571] {scheduler_job.py:633} INFO - Processing file /home/airflow/airflow/dags/user_processing.py for tasks to queue
[2021-09-23 23:50:58,572] {logging_mixin.py:104} INFO - [2021-09-23 23:50:58,572] {dagbag.py:487} INFO - Filling up the DagBag from /home/airflow/airflow/dags/user_processing.py
[2021-09-23 23:50:58,624] {logging_mixin.py:104} WARNING - /home/airflow/sandbox/lib/python3.8/site-packages/airflow/providers/sqlite/operators/sqlite.py:25 DeprecationWarning: This decorator is deprecated.

In previous versions, all subclasses of BaseOperator must use apply_default decorator for the`default_args` feature to work properly.

In current version, it is optional. The decorator is applied automatically using the metaclass.
[2021-09-23 23:50:58,676] {scheduler_job.py:643} INFO - DAG(s) dict_keys(['user_processing']) retrieved from /home/airflow/airflow/dags/user_processing.py
[2021-09-23 23:50:58,693] {logging_mixin.py:104} INFO - [2021-09-23 23:50:58,693] {dag.py:1832} INFO - Sync 1 DAGs
[2021-09-23 23:50:58,707] {logging_mixin.py:104} INFO - [2021-09-23 23:50:58,707] {dag.py:2305} INFO - Setting next_dagrun for user_processing to 2021-09-23 00:00:00+00:00
[2021-09-23 23:50:58,727] {scheduler_job.py:190} INFO - Processing /home/airflow/airflow/dags/user_processing.py took 0.161 seconds
[2021-09-23 23:51:30,343] {scheduler_job.py:182} INFO - Started process (PID=9842) to work on /home/airflow/airflow/dags/user_processing.py
[2021-09-23 23:51:30,344] {scheduler_job.py:633} INFO - Processing file /home/airflow/airflow/dags/user_processing.py for tasks to queue
[2021-09-23 23:51:30,345] {logging_mixin.py:104} INFO - [2021-09-23 23:51:30,345] {dagbag.py:487} INFO - Filling up the DagBag from /home/airflow/airflow/dags/user_processing.py
[2021-09-23 23:51:30,388] {logging_mixin.py:104} WARNING - /home/airflow/sandbox/lib/python3.8/site-packages/airflow/providers/sqlite/operators/sqlite.py:25 DeprecationWarning: This decorator is deprecated.

In previous versions, all subclasses of BaseOperator must use apply_default decorator for the`default_args` feature to work properly.

In current version, it is optional. The decorator is applied automatically using the metaclass.
[2021-09-23 23:51:30,447] {scheduler_job.py:643} INFO - DAG(s) dict_keys(['user_processing']) retrieved from /home/airflow/airflow/dags/user_processing.py
[2021-09-23 23:51:30,458] {logging_mixin.py:104} INFO - [2021-09-23 23:51:30,458] {dag.py:1832} INFO - Sync 1 DAGs
[2021-09-23 23:51:30,472] {logging_mixin.py:104} INFO - [2021-09-23 23:51:30,472] {dag.py:2305} INFO - Setting next_dagrun for user_processing to 2021-09-23 00:00:00+00:00
[2021-09-23 23:51:30,488] {scheduler_job.py:190} INFO - Processing /home/airflow/airflow/dags/user_processing.py took 0.148 seconds
[2021-09-23 23:52:02,176] {scheduler_job.py:182} INFO - Started process (PID=9893) to work on /home/airflow/airflow/dags/user_processing.py
[2021-09-23 23:52:02,177] {scheduler_job.py:633} INFO - Processing file /home/airflow/airflow/dags/user_processing.py for tasks to queue
[2021-09-23 23:52:02,178] {logging_mixin.py:104} INFO - [2021-09-23 23:52:02,178] {dagbag.py:487} INFO - Filling up the DagBag from /home/airflow/airflow/dags/user_processing.py
[2021-09-23 23:52:02,224] {logging_mixin.py:104} WARNING - /home/airflow/sandbox/lib/python3.8/site-packages/airflow/providers/sqlite/operators/sqlite.py:25 DeprecationWarning: This decorator is deprecated.

In previous versions, all subclasses of BaseOperator must use apply_default decorator for the`default_args` feature to work properly.

In current version, it is optional. The decorator is applied automatically using the metaclass.
[2021-09-23 23:52:02,287] {scheduler_job.py:643} INFO - DAG(s) dict_keys(['user_processing']) retrieved from /home/airflow/airflow/dags/user_processing.py
[2021-09-23 23:52:02,303] {logging_mixin.py:104} INFO - [2021-09-23 23:52:02,303] {dag.py:1832} INFO - Sync 1 DAGs
[2021-09-23 23:52:02,316] {logging_mixin.py:104} INFO - [2021-09-23 23:52:02,316] {dag.py:2305} INFO - Setting next_dagrun for user_processing to 2021-09-23 00:00:00+00:00
[2021-09-23 23:52:02,336] {scheduler_job.py:190} INFO - Processing /home/airflow/airflow/dags/user_processing.py took 0.163 seconds
[2021-09-23 23:52:32,944] {scheduler_job.py:182} INFO - Started process (PID=9924) to work on /home/airflow/airflow/dags/user_processing.py
[2021-09-23 23:52:32,945] {scheduler_job.py:633} INFO - Processing file /home/airflow/airflow/dags/user_processing.py for tasks to queue
[2021-09-23 23:52:32,946] {logging_mixin.py:104} INFO - [2021-09-23 23:52:32,946] {dagbag.py:487} INFO - Filling up the DagBag from /home/airflow/airflow/dags/user_processing.py
[2021-09-23 23:52:32,998] {logging_mixin.py:104} WARNING - /home/airflow/sandbox/lib/python3.8/site-packages/airflow/providers/sqlite/operators/sqlite.py:25 DeprecationWarning: This decorator is deprecated.

In previous versions, all subclasses of BaseOperator must use apply_default decorator for the`default_args` feature to work properly.

In current version, it is optional. The decorator is applied automatically using the metaclass.
[2021-09-23 23:52:33,054] {scheduler_job.py:643} INFO - DAG(s) dict_keys(['user_processing']) retrieved from /home/airflow/airflow/dags/user_processing.py
[2021-09-23 23:52:33,068] {logging_mixin.py:104} INFO - [2021-09-23 23:52:33,068] {dag.py:1832} INFO - Sync 1 DAGs
[2021-09-23 23:52:33,081] {logging_mixin.py:104} INFO - [2021-09-23 23:52:33,081] {dag.py:2305} INFO - Setting next_dagrun for user_processing to 2021-09-23 00:00:00+00:00
[2021-09-23 23:52:33,096] {scheduler_job.py:190} INFO - Processing /home/airflow/airflow/dags/user_processing.py took 0.155 seconds
[2021-09-23 23:53:04,498] {scheduler_job.py:182} INFO - Started process (PID=9955) to work on /home/airflow/airflow/dags/user_processing.py
[2021-09-23 23:53:04,499] {scheduler_job.py:633} INFO - Processing file /home/airflow/airflow/dags/user_processing.py for tasks to queue
[2021-09-23 23:53:04,500] {logging_mixin.py:104} INFO - [2021-09-23 23:53:04,500] {dagbag.py:487} INFO - Filling up the DagBag from /home/airflow/airflow/dags/user_processing.py
[2021-09-23 23:53:04,550] {logging_mixin.py:104} WARNING - /home/airflow/sandbox/lib/python3.8/site-packages/airflow/providers/sqlite/operators/sqlite.py:25 DeprecationWarning: This decorator is deprecated.

In previous versions, all subclasses of BaseOperator must use apply_default decorator for the`default_args` feature to work properly.

In current version, it is optional. The decorator is applied automatically using the metaclass.
[2021-09-23 23:53:04,604] {scheduler_job.py:643} INFO - DAG(s) dict_keys(['user_processing']) retrieved from /home/airflow/airflow/dags/user_processing.py
[2021-09-23 23:53:04,616] {logging_mixin.py:104} INFO - [2021-09-23 23:53:04,615] {dag.py:1832} INFO - Sync 1 DAGs
[2021-09-23 23:53:04,635] {logging_mixin.py:104} INFO - [2021-09-23 23:53:04,635] {dag.py:2305} INFO - Setting next_dagrun for user_processing to 2021-09-23 00:00:00+00:00
[2021-09-23 23:53:04,651] {scheduler_job.py:190} INFO - Processing /home/airflow/airflow/dags/user_processing.py took 0.159 seconds
[2021-09-23 23:53:34,804] {scheduler_job.py:182} INFO - Started process (PID=9984) to work on /home/airflow/airflow/dags/user_processing.py
[2021-09-23 23:53:34,805] {scheduler_job.py:633} INFO - Processing file /home/airflow/airflow/dags/user_processing.py for tasks to queue
[2021-09-23 23:53:34,805] {logging_mixin.py:104} INFO - [2021-09-23 23:53:34,805] {dagbag.py:487} INFO - Filling up the DagBag from /home/airflow/airflow/dags/user_processing.py
[2021-09-23 23:53:34,855] {logging_mixin.py:104} WARNING - /home/airflow/sandbox/lib/python3.8/site-packages/airflow/providers/sqlite/operators/sqlite.py:25 DeprecationWarning: This decorator is deprecated.

In previous versions, all subclasses of BaseOperator must use apply_default decorator for the`default_args` feature to work properly.

In current version, it is optional. The decorator is applied automatically using the metaclass.
[2021-09-23 23:53:34,912] {scheduler_job.py:643} INFO - DAG(s) dict_keys(['user_processing']) retrieved from /home/airflow/airflow/dags/user_processing.py
[2021-09-23 23:53:34,927] {logging_mixin.py:104} INFO - [2021-09-23 23:53:34,927] {dag.py:1832} INFO - Sync 1 DAGs
[2021-09-23 23:53:34,940] {logging_mixin.py:104} INFO - [2021-09-23 23:53:34,940] {dag.py:2305} INFO - Setting next_dagrun for user_processing to 2021-09-23 00:00:00+00:00
[2021-09-23 23:53:34,961] {scheduler_job.py:190} INFO - Processing /home/airflow/airflow/dags/user_processing.py took 0.159 seconds
[2021-09-23 23:54:08,854] {scheduler_job.py:182} INFO - Started process (PID=10016) to work on /home/airflow/airflow/dags/user_processing.py
[2021-09-23 23:54:08,855] {scheduler_job.py:633} INFO - Processing file /home/airflow/airflow/dags/user_processing.py for tasks to queue
[2021-09-23 23:54:08,856] {logging_mixin.py:104} INFO - [2021-09-23 23:54:08,856] {dagbag.py:487} INFO - Filling up the DagBag from /home/airflow/airflow/dags/user_processing.py
[2021-09-23 23:54:08,904] {logging_mixin.py:104} WARNING - /home/airflow/sandbox/lib/python3.8/site-packages/airflow/providers/sqlite/operators/sqlite.py:25 DeprecationWarning: This decorator is deprecated.

In previous versions, all subclasses of BaseOperator must use apply_default decorator for the`default_args` feature to work properly.

In current version, it is optional. The decorator is applied automatically using the metaclass.
[2021-09-23 23:54:08,962] {scheduler_job.py:643} INFO - DAG(s) dict_keys(['user_processing']) retrieved from /home/airflow/airflow/dags/user_processing.py
[2021-09-23 23:54:08,976] {logging_mixin.py:104} INFO - [2021-09-23 23:54:08,976] {dag.py:1832} INFO - Sync 1 DAGs
[2021-09-23 23:54:08,988] {logging_mixin.py:104} INFO - [2021-09-23 23:54:08,987] {dag.py:2305} INFO - Setting next_dagrun for user_processing to 2021-09-23 00:00:00+00:00
[2021-09-23 23:54:09,008] {scheduler_job.py:190} INFO - Processing /home/airflow/airflow/dags/user_processing.py took 0.156 seconds
[2021-09-23 23:54:42,700] {scheduler_job.py:182} INFO - Started process (PID=10048) to work on /home/airflow/airflow/dags/user_processing.py
[2021-09-23 23:54:42,701] {scheduler_job.py:633} INFO - Processing file /home/airflow/airflow/dags/user_processing.py for tasks to queue
[2021-09-23 23:54:42,702] {logging_mixin.py:104} INFO - [2021-09-23 23:54:42,702] {dagbag.py:487} INFO - Filling up the DagBag from /home/airflow/airflow/dags/user_processing.py
[2021-09-23 23:54:42,754] {logging_mixin.py:104} WARNING - /home/airflow/sandbox/lib/python3.8/site-packages/airflow/providers/sqlite/operators/sqlite.py:25 DeprecationWarning: This decorator is deprecated.

In previous versions, all subclasses of BaseOperator must use apply_default decorator for the`default_args` feature to work properly.

In current version, it is optional. The decorator is applied automatically using the metaclass.
[2021-09-23 23:54:42,817] {scheduler_job.py:643} INFO - DAG(s) dict_keys(['user_processing']) retrieved from /home/airflow/airflow/dags/user_processing.py
[2021-09-23 23:54:42,830] {logging_mixin.py:104} INFO - [2021-09-23 23:54:42,830] {dag.py:1832} INFO - Sync 1 DAGs
[2021-09-23 23:54:42,848] {logging_mixin.py:104} INFO - [2021-09-23 23:54:42,848] {dag.py:2305} INFO - Setting next_dagrun for user_processing to 2021-09-23 00:00:00+00:00
[2021-09-23 23:54:42,874] {scheduler_job.py:190} INFO - Processing /home/airflow/airflow/dags/user_processing.py took 0.176 seconds
[2021-09-23 23:55:14,724] {scheduler_job.py:182} INFO - Started process (PID=10078) to work on /home/airflow/airflow/dags/user_processing.py
[2021-09-23 23:55:14,726] {scheduler_job.py:633} INFO - Processing file /home/airflow/airflow/dags/user_processing.py for tasks to queue
[2021-09-23 23:55:14,728] {logging_mixin.py:104} INFO - [2021-09-23 23:55:14,727] {dagbag.py:487} INFO - Filling up the DagBag from /home/airflow/airflow/dags/user_processing.py
[2021-09-23 23:55:14,790] {logging_mixin.py:104} WARNING - /home/airflow/sandbox/lib/python3.8/site-packages/airflow/providers/sqlite/operators/sqlite.py:25 DeprecationWarning: This decorator is deprecated.

In previous versions, all subclasses of BaseOperator must use apply_default decorator for the`default_args` feature to work properly.

In current version, it is optional. The decorator is applied automatically using the metaclass.
[2021-09-23 23:55:14,851] {scheduler_job.py:643} INFO - DAG(s) dict_keys(['user_processing']) retrieved from /home/airflow/airflow/dags/user_processing.py
[2021-09-23 23:55:14,867] {logging_mixin.py:104} INFO - [2021-09-23 23:55:14,867] {dag.py:1832} INFO - Sync 1 DAGs
[2021-09-23 23:55:14,883] {logging_mixin.py:104} INFO - [2021-09-23 23:55:14,882] {dag.py:2305} INFO - Setting next_dagrun for user_processing to 2021-09-23 00:00:00+00:00
[2021-09-23 23:55:14,906] {scheduler_job.py:190} INFO - Processing /home/airflow/airflow/dags/user_processing.py took 0.186 seconds
[2021-09-23 23:55:47,745] {scheduler_job.py:182} INFO - Started process (PID=10193) to work on /home/airflow/airflow/dags/user_processing.py
[2021-09-23 23:55:47,747] {scheduler_job.py:633} INFO - Processing file /home/airflow/airflow/dags/user_processing.py for tasks to queue
[2021-09-23 23:55:47,748] {logging_mixin.py:104} INFO - [2021-09-23 23:55:47,748] {dagbag.py:487} INFO - Filling up the DagBag from /home/airflow/airflow/dags/user_processing.py
[2021-09-23 23:55:47,807] {logging_mixin.py:104} WARNING - /home/airflow/sandbox/lib/python3.8/site-packages/airflow/providers/sqlite/operators/sqlite.py:25 DeprecationWarning: This decorator is deprecated.

In previous versions, all subclasses of BaseOperator must use apply_default decorator for the`default_args` feature to work properly.

In current version, it is optional. The decorator is applied automatically using the metaclass.
[2021-09-23 23:55:47,863] {scheduler_job.py:643} INFO - DAG(s) dict_keys(['user_processing']) retrieved from /home/airflow/airflow/dags/user_processing.py
[2021-09-23 23:55:47,877] {logging_mixin.py:104} INFO - [2021-09-23 23:55:47,877] {dag.py:1832} INFO - Sync 1 DAGs
[2021-09-23 23:55:47,895] {logging_mixin.py:104} INFO - [2021-09-23 23:55:47,895] {dag.py:2305} INFO - Setting next_dagrun for user_processing to 2021-09-23 00:00:00+00:00
[2021-09-23 23:55:47,916] {scheduler_job.py:190} INFO - Processing /home/airflow/airflow/dags/user_processing.py took 0.174 seconds
[2021-09-23 23:56:19,046] {scheduler_job.py:182} INFO - Started process (PID=10224) to work on /home/airflow/airflow/dags/user_processing.py
[2021-09-23 23:56:19,047] {scheduler_job.py:633} INFO - Processing file /home/airflow/airflow/dags/user_processing.py for tasks to queue
[2021-09-23 23:56:19,048] {logging_mixin.py:104} INFO - [2021-09-23 23:56:19,047] {dagbag.py:487} INFO - Filling up the DagBag from /home/airflow/airflow/dags/user_processing.py
[2021-09-23 23:56:19,111] {logging_mixin.py:104} WARNING - /home/airflow/sandbox/lib/python3.8/site-packages/airflow/providers/sqlite/operators/sqlite.py:25 DeprecationWarning: This decorator is deprecated.

In previous versions, all subclasses of BaseOperator must use apply_default decorator for the`default_args` feature to work properly.

In current version, it is optional. The decorator is applied automatically using the metaclass.
[2021-09-23 23:56:19,182] {scheduler_job.py:643} INFO - DAG(s) dict_keys(['user_processing']) retrieved from /home/airflow/airflow/dags/user_processing.py
[2021-09-23 23:56:19,197] {logging_mixin.py:104} INFO - [2021-09-23 23:56:19,197] {dag.py:1832} INFO - Sync 1 DAGs
[2021-09-23 23:56:19,218] {logging_mixin.py:104} INFO - [2021-09-23 23:56:19,218] {dag.py:2305} INFO - Setting next_dagrun for user_processing to 2021-09-23 00:00:00+00:00
[2021-09-23 23:56:19,243] {scheduler_job.py:190} INFO - Processing /home/airflow/airflow/dags/user_processing.py took 0.200 seconds
[2021-09-23 23:56:54,035] {scheduler_job.py:182} INFO - Started process (PID=10299) to work on /home/airflow/airflow/dags/user_processing.py
[2021-09-23 23:56:54,036] {scheduler_job.py:633} INFO - Processing file /home/airflow/airflow/dags/user_processing.py for tasks to queue
[2021-09-23 23:56:54,037] {logging_mixin.py:104} INFO - [2021-09-23 23:56:54,037] {dagbag.py:487} INFO - Filling up the DagBag from /home/airflow/airflow/dags/user_processing.py
[2021-09-23 23:56:54,086] {logging_mixin.py:104} WARNING - /home/airflow/sandbox/lib/python3.8/site-packages/airflow/providers/sqlite/operators/sqlite.py:25 DeprecationWarning: This decorator is deprecated.

In previous versions, all subclasses of BaseOperator must use apply_default decorator for the`default_args` feature to work properly.

In current version, it is optional. The decorator is applied automatically using the metaclass.
[2021-09-23 23:56:54,145] {scheduler_job.py:643} INFO - DAG(s) dict_keys(['user_processing']) retrieved from /home/airflow/airflow/dags/user_processing.py
[2021-09-23 23:56:54,157] {logging_mixin.py:104} INFO - [2021-09-23 23:56:54,157] {dag.py:1832} INFO - Sync 1 DAGs
[2021-09-23 23:56:54,174] {logging_mixin.py:104} INFO - [2021-09-23 23:56:54,174] {dag.py:2305} INFO - Setting next_dagrun for user_processing to 2021-09-23 00:00:00+00:00
[2021-09-23 23:56:54,194] {scheduler_job.py:190} INFO - Processing /home/airflow/airflow/dags/user_processing.py took 0.161 seconds
[2021-09-23 23:57:25,329] {scheduler_job.py:182} INFO - Started process (PID=10610) to work on /home/airflow/airflow/dags/user_processing.py
[2021-09-23 23:57:25,330] {scheduler_job.py:633} INFO - Processing file /home/airflow/airflow/dags/user_processing.py for tasks to queue
[2021-09-23 23:57:25,331] {logging_mixin.py:104} INFO - [2021-09-23 23:57:25,331] {dagbag.py:487} INFO - Filling up the DagBag from /home/airflow/airflow/dags/user_processing.py
[2021-09-23 23:57:25,382] {logging_mixin.py:104} WARNING - /home/airflow/sandbox/lib/python3.8/site-packages/airflow/providers/sqlite/operators/sqlite.py:25 DeprecationWarning: This decorator is deprecated.

In previous versions, all subclasses of BaseOperator must use apply_default decorator for the`default_args` feature to work properly.

In current version, it is optional. The decorator is applied automatically using the metaclass.
[2021-09-23 23:57:25,439] {scheduler_job.py:643} INFO - DAG(s) dict_keys(['user_processing']) retrieved from /home/airflow/airflow/dags/user_processing.py
[2021-09-23 23:57:25,452] {logging_mixin.py:104} INFO - [2021-09-23 23:57:25,452] {dag.py:1832} INFO - Sync 1 DAGs
[2021-09-23 23:57:25,467] {logging_mixin.py:104} INFO - [2021-09-23 23:57:25,467] {dag.py:2305} INFO - Setting next_dagrun for user_processing to 2021-09-23 00:00:00+00:00
[2021-09-23 23:57:25,486] {scheduler_job.py:190} INFO - Processing /home/airflow/airflow/dags/user_processing.py took 0.159 seconds
[2021-09-23 23:57:56,582] {scheduler_job.py:182} INFO - Started process (PID=10843) to work on /home/airflow/airflow/dags/user_processing.py
[2021-09-23 23:57:56,583] {scheduler_job.py:633} INFO - Processing file /home/airflow/airflow/dags/user_processing.py for tasks to queue
[2021-09-23 23:57:56,583] {logging_mixin.py:104} INFO - [2021-09-23 23:57:56,583] {dagbag.py:487} INFO - Filling up the DagBag from /home/airflow/airflow/dags/user_processing.py
[2021-09-23 23:57:56,684] {logging_mixin.py:104} WARNING - /home/airflow/sandbox/lib/python3.8/site-packages/airflow/providers/sqlite/operators/sqlite.py:25 DeprecationWarning: This decorator is deprecated.

In previous versions, all subclasses of BaseOperator must use apply_default decorator for the`default_args` feature to work properly.

In current version, it is optional. The decorator is applied automatically using the metaclass.
[2021-09-23 23:57:56,794] {scheduler_job.py:643} INFO - DAG(s) dict_keys(['user_processing']) retrieved from /home/airflow/airflow/dags/user_processing.py
[2021-09-23 23:57:56,821] {logging_mixin.py:104} INFO - [2021-09-23 23:57:56,821] {dag.py:1832} INFO - Sync 1 DAGs
[2021-09-23 23:57:56,858] {logging_mixin.py:104} INFO - [2021-09-23 23:57:56,858] {dag.py:2305} INFO - Setting next_dagrun for user_processing to 2021-09-23 00:00:00+00:00
[2021-09-23 23:57:56,889] {scheduler_job.py:190} INFO - Processing /home/airflow/airflow/dags/user_processing.py took 0.308 seconds
[2021-09-23 23:58:28,009] {scheduler_job.py:182} INFO - Started process (PID=10877) to work on /home/airflow/airflow/dags/user_processing.py
[2021-09-23 23:58:28,011] {scheduler_job.py:633} INFO - Processing file /home/airflow/airflow/dags/user_processing.py for tasks to queue
[2021-09-23 23:58:28,013] {logging_mixin.py:104} INFO - [2021-09-23 23:58:28,013] {dagbag.py:487} INFO - Filling up the DagBag from /home/airflow/airflow/dags/user_processing.py
[2021-09-23 23:58:28,070] {logging_mixin.py:104} WARNING - /home/airflow/sandbox/lib/python3.8/site-packages/airflow/providers/sqlite/operators/sqlite.py:25 DeprecationWarning: This decorator is deprecated.

In previous versions, all subclasses of BaseOperator must use apply_default decorator for the`default_args` feature to work properly.

In current version, it is optional. The decorator is applied automatically using the metaclass.
[2021-09-23 23:58:28,138] {scheduler_job.py:643} INFO - DAG(s) dict_keys(['user_processing']) retrieved from /home/airflow/airflow/dags/user_processing.py
[2021-09-23 23:58:28,159] {logging_mixin.py:104} INFO - [2021-09-23 23:58:28,159] {dag.py:1832} INFO - Sync 1 DAGs
[2021-09-23 23:58:28,177] {logging_mixin.py:104} INFO - [2021-09-23 23:58:28,177] {dag.py:2305} INFO - Setting next_dagrun for user_processing to 2021-09-23 00:00:00+00:00
[2021-09-23 23:58:28,200] {scheduler_job.py:190} INFO - Processing /home/airflow/airflow/dags/user_processing.py took 0.195 seconds
[2021-09-23 23:59:02,691] {scheduler_job.py:182} INFO - Started process (PID=10908) to work on /home/airflow/airflow/dags/user_processing.py
[2021-09-23 23:59:02,692] {scheduler_job.py:633} INFO - Processing file /home/airflow/airflow/dags/user_processing.py for tasks to queue
[2021-09-23 23:59:02,693] {logging_mixin.py:104} INFO - [2021-09-23 23:59:02,693] {dagbag.py:487} INFO - Filling up the DagBag from /home/airflow/airflow/dags/user_processing.py
[2021-09-23 23:59:02,752] {logging_mixin.py:104} WARNING - /home/airflow/sandbox/lib/python3.8/site-packages/airflow/providers/sqlite/operators/sqlite.py:25 DeprecationWarning: This decorator is deprecated.

In previous versions, all subclasses of BaseOperator must use apply_default decorator for the`default_args` feature to work properly.

In current version, it is optional. The decorator is applied automatically using the metaclass.
[2021-09-23 23:59:02,826] {scheduler_job.py:643} INFO - DAG(s) dict_keys(['user_processing']) retrieved from /home/airflow/airflow/dags/user_processing.py
[2021-09-23 23:59:02,840] {logging_mixin.py:104} INFO - [2021-09-23 23:59:02,840] {dag.py:1832} INFO - Sync 1 DAGs
[2021-09-23 23:59:02,867] {logging_mixin.py:104} INFO - [2021-09-23 23:59:02,867] {dag.py:2305} INFO - Setting next_dagrun for user_processing to 2021-09-23 00:00:00+00:00
[2021-09-23 23:59:02,891] {scheduler_job.py:190} INFO - Processing /home/airflow/airflow/dags/user_processing.py took 0.204 seconds
[2021-09-23 23:59:36,873] {scheduler_job.py:182} INFO - Started process (PID=10941) to work on /home/airflow/airflow/dags/user_processing.py
[2021-09-23 23:59:36,873] {scheduler_job.py:633} INFO - Processing file /home/airflow/airflow/dags/user_processing.py for tasks to queue
[2021-09-23 23:59:36,874] {logging_mixin.py:104} INFO - [2021-09-23 23:59:36,874] {dagbag.py:487} INFO - Filling up the DagBag from /home/airflow/airflow/dags/user_processing.py
[2021-09-23 23:59:36,930] {logging_mixin.py:104} WARNING - /home/airflow/sandbox/lib/python3.8/site-packages/airflow/providers/sqlite/operators/sqlite.py:25 DeprecationWarning: This decorator is deprecated.

In previous versions, all subclasses of BaseOperator must use apply_default decorator for the`default_args` feature to work properly.

In current version, it is optional. The decorator is applied automatically using the metaclass.
[2021-09-23 23:59:36,991] {scheduler_job.py:643} INFO - DAG(s) dict_keys(['user_processing']) retrieved from /home/airflow/airflow/dags/user_processing.py
[2021-09-23 23:59:37,006] {logging_mixin.py:104} INFO - [2021-09-23 23:59:37,006] {dag.py:1832} INFO - Sync 1 DAGs
[2021-09-23 23:59:37,027] {logging_mixin.py:104} INFO - [2021-09-23 23:59:37,027] {dag.py:2305} INFO - Setting next_dagrun for user_processing to 2021-09-23 00:00:00+00:00
[2021-09-23 23:59:37,048] {scheduler_job.py:190} INFO - Processing /home/airflow/airflow/dags/user_processing.py took 0.178 seconds
