[2021-09-23 22:55:58,297] {taskinstance.py:876} INFO - Dependencies all met for <TaskInstance: example_bash_operator.runme_0 2021-09-05T00:00:00+00:00 [queued]>
[2021-09-23 22:55:58,304] {taskinstance.py:876} INFO - Dependencies all met for <TaskInstance: example_bash_operator.runme_0 2021-09-05T00:00:00+00:00 [queued]>
[2021-09-23 22:55:58,305] {taskinstance.py:1067} INFO - 
--------------------------------------------------------------------------------
[2021-09-23 22:55:58,305] {taskinstance.py:1068} INFO - Starting attempt 1 of 1
[2021-09-23 22:55:58,305] {taskinstance.py:1069} INFO - 
--------------------------------------------------------------------------------
[2021-09-23 22:55:58,326] {taskinstance.py:1087} INFO - Executing <Task(BashOperator): runme_0> on 2021-09-05T00:00:00+00:00
[2021-09-23 22:55:58,328] {standard_task_runner.py:52} INFO - Started process 5208 to run task
[2021-09-23 22:55:58,334] {standard_task_runner.py:76} INFO - Running: ['airflow', 'tasks', 'run', 'example_bash_operator', 'runme_0', '2021-09-05T00:00:00+00:00', '--job-id', '165', '--pool', 'default_pool', '--raw', '--subdir', '/home/airflow/sandbox/lib/python3.8/site-packages/airflow/example_dags/example_bash_operator.py', '--cfg-path', '/tmp/tmpfw0h3y26', '--error-file', '/tmp/tmpsyxz0002']
[2021-09-23 22:55:58,334] {standard_task_runner.py:77} INFO - Job 165: Subtask runme_0
[2021-09-23 22:55:58,406] {logging_mixin.py:104} INFO - Running <TaskInstance: example_bash_operator.runme_0 2021-09-05T00:00:00+00:00 [running]> on host airflowvm
[2021-09-23 22:55:58,501] {taskinstance.py:1280} INFO - Exporting the following env vars:
AIRFLOW_CTX_DAG_OWNER=airflow
AIRFLOW_CTX_DAG_ID=example_bash_operator
AIRFLOW_CTX_TASK_ID=runme_0
AIRFLOW_CTX_EXECUTION_DATE=2021-09-05T00:00:00+00:00
AIRFLOW_CTX_DAG_RUN_ID=scheduled__2021-09-05T00:00:00+00:00
[2021-09-23 22:55:58,501] {subprocess.py:52} INFO - Tmp dir root location: 
 /tmp
[2021-09-23 22:55:58,502] {subprocess.py:63} INFO - Running command: ['bash', '-c', 'echo "example_bash_operator__runme_0__20210905" && sleep 1']
[2021-09-23 22:55:58,508] {subprocess.py:75} INFO - Output:
[2021-09-23 22:55:58,510] {subprocess.py:79} INFO - example_bash_operator__runme_0__20210905
[2021-09-23 22:55:59,514] {subprocess.py:83} INFO - Command exited with return code 0
[2021-09-23 22:55:59,543] {taskinstance.py:1184} INFO - Marking task as SUCCESS. dag_id=example_bash_operator, task_id=runme_0, execution_date=20210905T000000, start_date=20210923T225558, end_date=20210923T225559
[2021-09-23 22:55:59,579] {taskinstance.py:1245} INFO - 0 downstream tasks scheduled from follow-on schedule check
[2021-09-23 22:55:59,592] {local_task_job.py:151} INFO - Task exited with return code 0
