[2021-08-17 14:07:51.368] [exthost] [info] extension host started
[2021-08-17 14:07:51.404] [exthost] [error] Error: EEXIST: file already exists, open '/home/airflow/.vscode-server/data/User/workspaceStorage/e689b1832e6363481fe5fa9acd4a1bee/vscode.lock'
[2021-08-17 14:07:51.504] [exthost] [info] Lock '/home/airflow/.vscode-server/data/User/workspaceStorage/e689b1832e6363481fe5fa9acd4a1bee/vscode.lock': Could not acquire lock, checking if the file is stale.
[2021-08-17 14:07:51.570] [exthost] [info] Lock '/home/airflow/.vscode-server/data/User/workspaceStorage/e689b1832e6363481fe5fa9acd4a1bee/vscode.lock': The lock does not look stale, elapsed: 945 ms, giving up.
[2021-08-17 14:07:51.730] [exthost] [info] ExtensionService#_doActivateExtension vscode.debug-auto-launch {"startup":true,"extensionId":{"value":"vscode.debug-auto-launch","_lower":"vscode.debug-auto-launch"},"activationEvent":"*"}
[2021-08-17 14:07:51.731] [exthost] [info] ExtensionService#loadCommonJSModule file:///home/airflow/.vscode-server/bin/379476f0e13988d90fab105c5c19e7abc8b1dea8/extensions/debug-auto-launch/dist/extension
[2021-08-17 14:07:51.756] [exthost] [info] ExtensionService#_doActivateExtension vscode.git {"startup":true,"extensionId":{"value":"vscode.github","_lower":"vscode.github"},"activationEvent":"*"}
[2021-08-17 14:07:51.756] [exthost] [info] ExtensionService#loadCommonJSModule file:///home/airflow/.vscode-server/bin/379476f0e13988d90fab105c5c19e7abc8b1dea8/extensions/git/dist/main
[2021-08-17 14:07:52.421] [exthost] [info] ExtensionService#_doActivateExtension ritwickdey.LiveServer {"startup":true,"extensionId":{"value":"ritwickdey.LiveServer","_lower":"ritwickdey.liveserver"},"activationEvent":"*"}
[2021-08-17 14:07:52.421] [exthost] [info] ExtensionService#loadCommonJSModule file:///home/airflow/.vscode-server/extensions/ritwickdey.liveserver-5.6.1/out/src/extension
[2021-08-17 14:07:54.798] [exthost] [info] Lock '/home/airflow/.vscode-server/data/User/workspaceStorage/e689b1832e6363481fe5fa9acd4a1bee-1/vscode.lock': Lock acquired.
[2021-08-17 14:07:56.137] [exthost] [info] ExtensionService#_doActivateExtension vscode.github {"startup":true,"extensionId":{"value":"vscode.github","_lower":"vscode.github"},"activationEvent":"*"}
[2021-08-17 14:07:56.137] [exthost] [info] ExtensionService#loadCommonJSModule file:///home/airflow/.vscode-server/bin/379476f0e13988d90fab105c5c19e7abc8b1dea8/extensions/github/dist/extension.js
[2021-08-17 14:07:57.405] [exthost] [info] ExtensionService#_doActivateExtension vscode.emmet {"startup":false,"extensionId":{"value":"vscode.emmet","_lower":"vscode.emmet"},"activationEvent":"onStartupFinished"}
[2021-08-17 14:07:57.405] [exthost] [info] ExtensionService#loadCommonJSModule file:///home/airflow/.vscode-server/bin/379476f0e13988d90fab105c5c19e7abc8b1dea8/extensions/emmet/dist/node/emmetNodeMain
[2021-08-17 14:07:57.585] [exthost] [info] ExtensionService#_doActivateExtension vscode.merge-conflict {"startup":false,"extensionId":{"value":"vscode.merge-conflict","_lower":"vscode.merge-conflict"},"activationEvent":"onStartupFinished"}
[2021-08-17 14:07:57.585] [exthost] [info] ExtensionService#loadCommonJSModule file:///home/airflow/.vscode-server/bin/379476f0e13988d90fab105c5c19e7abc8b1dea8/extensions/merge-conflict/dist/mergeConflictMain
[2021-08-17 14:07:57.642] [exthost] [info] eager extensions activated
[2021-08-17 14:07:57.983] [exthost] [warning] [Decorations] CAPPING events from decorations provider vscode.git 289
[2021-08-17 14:07:59.150] [exthost] [info] ExtensionService#_doActivateExtension ms-vscode.js-debug {"startup":false,"extensionId":{"value":"ms-vscode.js-debug","_lower":"ms-vscode.js-debug"},"activationEvent":"onCommand:extension.js-debug.clearAutoAttachVariables"}
[2021-08-17 14:07:59.150] [exthost] [info] ExtensionService#loadCommonJSModule file:///home/airflow/.vscode-server/bin/379476f0e13988d90fab105c5c19e7abc8b1dea8/extensions/ms-vscode.js-debug/src/extension.js
[2021-08-17 14:08:03.493] [exthost] [warning] [Decorations] CAPPING events from decorations provider vscode.git 289
[2021-08-17 14:08:10.257] [exthost] [warning] [Decorations] CAPPING events from decorations provider vscode.git 290
