[2021-09-23 22:57:22,010] {taskinstance.py:876} INFO - Dependencies all met for <TaskInstance: example_bash_operator.this_will_skip 2021-09-22T00:00:00+00:00 [queued]>
[2021-09-23 22:57:22,021] {taskinstance.py:876} INFO - Dependencies all met for <TaskInstance: example_bash_operator.this_will_skip 2021-09-22T00:00:00+00:00 [queued]>
[2021-09-23 22:57:22,021] {taskinstance.py:1067} INFO - 
--------------------------------------------------------------------------------
[2021-09-23 22:57:22,021] {taskinstance.py:1068} INFO - Starting attempt 1 of 1
[2021-09-23 22:57:22,021] {taskinstance.py:1069} INFO - 
--------------------------------------------------------------------------------
[2021-09-23 22:57:22,043] {taskinstance.py:1087} INFO - Executing <Task(BashOperator): this_will_skip> on 2021-09-22T00:00:00+00:00
[2021-09-23 22:57:22,044] {standard_task_runner.py:52} INFO - Started process 5864 to run task
[2021-09-23 22:57:22,050] {standard_task_runner.py:76} INFO - Running: ['airflow', 'tasks', 'run', 'example_bash_operator', 'this_will_skip', '2021-09-22T00:00:00+00:00', '--job-id', '198', '--pool', 'default_pool', '--raw', '--subdir', '/home/airflow/sandbox/lib/python3.8/site-packages/airflow/example_dags/example_bash_operator.py', '--cfg-path', '/tmp/tmpmq1xsmfr', '--error-file', '/tmp/tmprvpbmkw6']
[2021-09-23 22:57:22,051] {standard_task_runner.py:77} INFO - Job 198: Subtask this_will_skip
[2021-09-23 22:57:22,120] {logging_mixin.py:104} INFO - Running <TaskInstance: example_bash_operator.this_will_skip 2021-09-22T00:00:00+00:00 [running]> on host airflowvm
[2021-09-23 22:57:22,192] {taskinstance.py:1280} INFO - Exporting the following env vars:
AIRFLOW_CTX_DAG_OWNER=airflow
AIRFLOW_CTX_DAG_ID=example_bash_operator
AIRFLOW_CTX_TASK_ID=this_will_skip
AIRFLOW_CTX_EXECUTION_DATE=2021-09-22T00:00:00+00:00
AIRFLOW_CTX_DAG_RUN_ID=scheduled__2021-09-22T00:00:00+00:00
[2021-09-23 22:57:22,193] {subprocess.py:52} INFO - Tmp dir root location: 
 /tmp
[2021-09-23 22:57:22,193] {subprocess.py:63} INFO - Running command: ['bash', '-c', 'echo "hello world"; exit 99;']
[2021-09-23 22:57:22,198] {subprocess.py:75} INFO - Output:
[2021-09-23 22:57:22,201] {subprocess.py:79} INFO - hello world
[2021-09-23 22:57:22,201] {subprocess.py:83} INFO - Command exited with return code 99
[2021-09-23 22:57:22,202] {taskinstance.py:1147} INFO - Bash command returned exit code 99. Skipping.
[2021-09-23 22:57:22,207] {taskinstance.py:1150} INFO - Marking task as SKIPPED. dag_id=example_bash_operator, task_id=this_will_skip, execution_date=20210922T000000, start_date=20210923T225722, end_date=
[2021-09-23 22:57:22,207] {taskinstance.py:1184} INFO - Marking task as SUCCESS. dag_id=example_bash_operator, task_id=this_will_skip, execution_date=20210922T000000, start_date=20210923T225722, end_date=20210923T225722
[2021-09-23 22:57:22,248] {taskinstance.py:1245} INFO - 0 downstream tasks scheduled from follow-on schedule check
[2021-09-23 22:57:22,251] {local_task_job.py:151} INFO - Task exited with return code 0
