[2021-09-23 22:56:33,448] {taskinstance.py:876} INFO - Dependencies all met for <TaskInstance: example_bash_operator.runme_0 2021-09-07T00:00:00+00:00 [queued]>
[2021-09-23 22:56:33,453] {taskinstance.py:876} INFO - Dependencies all met for <TaskInstance: example_bash_operator.runme_0 2021-09-07T00:00:00+00:00 [queued]>
[2021-09-23 22:56:33,454] {taskinstance.py:1067} INFO - 
--------------------------------------------------------------------------------
[2021-09-23 22:56:33,454] {taskinstance.py:1068} INFO - Starting attempt 1 of 1
[2021-09-23 22:56:33,454] {taskinstance.py:1069} INFO - 
--------------------------------------------------------------------------------
[2021-09-23 22:56:33,469] {taskinstance.py:1087} INFO - Executing <Task(BashOperator): runme_0> on 2021-09-07T00:00:00+00:00
[2021-09-23 22:56:33,471] {standard_task_runner.py:52} INFO - Started process 5493 to run task
[2021-09-23 22:56:33,475] {standard_task_runner.py:76} INFO - Running: ['airflow', 'tasks', 'run', 'example_bash_operator', 'runme_0', '2021-09-07T00:00:00+00:00', '--job-id', '179', '--pool', 'default_pool', '--raw', '--subdir', '/home/airflow/sandbox/lib/python3.8/site-packages/airflow/example_dags/example_bash_operator.py', '--cfg-path', '/tmp/tmp8ck2bxkb', '--error-file', '/tmp/tmp1_xe5d3z']
[2021-09-23 22:56:33,476] {standard_task_runner.py:77} INFO - Job 179: Subtask runme_0
[2021-09-23 22:56:33,530] {logging_mixin.py:104} INFO - Running <TaskInstance: example_bash_operator.runme_0 2021-09-07T00:00:00+00:00 [running]> on host airflowvm
[2021-09-23 22:56:33,608] {taskinstance.py:1280} INFO - Exporting the following env vars:
AIRFLOW_CTX_DAG_OWNER=airflow
AIRFLOW_CTX_DAG_ID=example_bash_operator
AIRFLOW_CTX_TASK_ID=runme_0
AIRFLOW_CTX_EXECUTION_DATE=2021-09-07T00:00:00+00:00
AIRFLOW_CTX_DAG_RUN_ID=scheduled__2021-09-07T00:00:00+00:00
[2021-09-23 22:56:33,609] {subprocess.py:52} INFO - Tmp dir root location: 
 /tmp
[2021-09-23 22:56:33,609] {subprocess.py:63} INFO - Running command: ['bash', '-c', 'echo "example_bash_operator__runme_0__20210907" && sleep 1']
[2021-09-23 22:56:33,615] {subprocess.py:75} INFO - Output:
[2021-09-23 22:56:33,618] {subprocess.py:79} INFO - example_bash_operator__runme_0__20210907
[2021-09-23 22:56:34,620] {subprocess.py:83} INFO - Command exited with return code 0
[2021-09-23 22:56:34,667] {taskinstance.py:1184} INFO - Marking task as SUCCESS. dag_id=example_bash_operator, task_id=runme_0, execution_date=20210907T000000, start_date=20210923T225633, end_date=20210923T225634
[2021-09-23 22:56:34,709] {taskinstance.py:1245} INFO - 0 downstream tasks scheduled from follow-on schedule check
[2021-09-23 22:56:34,731] {local_task_job.py:151} INFO - Task exited with return code 0
