[2021-09-23 22:55:05,895] {taskinstance.py:876} INFO - Dependencies all met for <TaskInstance: example_bash_operator.runme_0 2021-09-02T00:00:00+00:00 [queued]>
[2021-09-23 22:55:05,903] {taskinstance.py:876} INFO - Dependencies all met for <TaskInstance: example_bash_operator.runme_0 2021-09-02T00:00:00+00:00 [queued]>
[2021-09-23 22:55:05,903] {taskinstance.py:1067} INFO - 
--------------------------------------------------------------------------------
[2021-09-23 22:55:05,903] {taskinstance.py:1068} INFO - Starting attempt 1 of 1
[2021-09-23 22:55:05,903] {taskinstance.py:1069} INFO - 
--------------------------------------------------------------------------------
[2021-09-23 22:55:05,927] {taskinstance.py:1087} INFO - Executing <Task(BashOperator): runme_0> on 2021-09-02T00:00:00+00:00
[2021-09-23 22:55:05,928] {standard_task_runner.py:52} INFO - Started process 4868 to run task
[2021-09-23 22:55:05,944] {standard_task_runner.py:76} INFO - Running: ['airflow', 'tasks', 'run', 'example_bash_operator', 'runme_0', '2021-09-02T00:00:00+00:00', '--job-id', '144', '--pool', 'default_pool', '--raw', '--subdir', '/home/airflow/sandbox/lib/python3.8/site-packages/airflow/example_dags/example_bash_operator.py', '--cfg-path', '/tmp/tmpl1badpcp', '--error-file', '/tmp/tmp05n6u_hg']
[2021-09-23 22:55:05,944] {standard_task_runner.py:77} INFO - Job 144: Subtask runme_0
[2021-09-23 22:55:06,018] {logging_mixin.py:104} INFO - Running <TaskInstance: example_bash_operator.runme_0 2021-09-02T00:00:00+00:00 [running]> on host airflowvm
[2021-09-23 22:55:06,103] {taskinstance.py:1280} INFO - Exporting the following env vars:
AIRFLOW_CTX_DAG_OWNER=airflow
AIRFLOW_CTX_DAG_ID=example_bash_operator
AIRFLOW_CTX_TASK_ID=runme_0
AIRFLOW_CTX_EXECUTION_DATE=2021-09-02T00:00:00+00:00
AIRFLOW_CTX_DAG_RUN_ID=scheduled__2021-09-02T00:00:00+00:00
[2021-09-23 22:55:06,103] {subprocess.py:52} INFO - Tmp dir root location: 
 /tmp
[2021-09-23 22:55:06,103] {subprocess.py:63} INFO - Running command: ['bash', '-c', 'echo "example_bash_operator__runme_0__20210902" && sleep 1']
[2021-09-23 22:55:06,109] {subprocess.py:75} INFO - Output:
[2021-09-23 22:55:06,111] {subprocess.py:79} INFO - example_bash_operator__runme_0__20210902
[2021-09-23 22:55:07,113] {subprocess.py:83} INFO - Command exited with return code 0
[2021-09-23 22:55:07,136] {taskinstance.py:1184} INFO - Marking task as SUCCESS. dag_id=example_bash_operator, task_id=runme_0, execution_date=20210902T000000, start_date=20210923T225505, end_date=20210923T225507
[2021-09-23 22:55:07,165] {taskinstance.py:1245} INFO - 0 downstream tasks scheduled from follow-on schedule check
[2021-09-23 22:55:07,205] {local_task_job.py:151} INFO - Task exited with return code 0
