[2021-08-16 13:13:43,484] {taskinstance.py:876} INFO - Dependencies all met for <TaskInstance: example_bash_operator.run_after_loop 2021-08-14T00:00:00+00:00 [queued]>
[2021-08-16 13:13:43,492] {taskinstance.py:876} INFO - Dependencies all met for <TaskInstance: example_bash_operator.run_after_loop 2021-08-14T00:00:00+00:00 [queued]>
[2021-08-16 13:13:43,493] {taskinstance.py:1067} INFO - 
--------------------------------------------------------------------------------
[2021-08-16 13:13:43,493] {taskinstance.py:1068} INFO - Starting attempt 1 of 1
[2021-08-16 13:13:43,493] {taskinstance.py:1069} INFO - 
--------------------------------------------------------------------------------
[2021-08-16 13:13:43,511] {taskinstance.py:1087} INFO - Executing <Task(BashOperator): run_after_loop> on 2021-08-14T00:00:00+00:00
[2021-08-16 13:13:43,513] {standard_task_runner.py:52} INFO - Started process 68187 to run task
[2021-08-16 13:13:43,520] {standard_task_runner.py:76} INFO - Running: ['airflow', 'tasks', 'run', 'example_bash_operator', 'run_after_loop', '2021-08-14T00:00:00+00:00', '--job-id', '10', '--pool', 'default_pool', '--raw', '--subdir', '/home/airflow/sandbox/lib/python3.8/site-packages/airflow/example_dags/example_bash_operator.py', '--cfg-path', '/tmp/tmpqpaf09rt', '--error-file', '/tmp/tmpxefnq2rm']
[2021-08-16 13:13:43,520] {standard_task_runner.py:77} INFO - Job 10: Subtask run_after_loop
[2021-08-16 13:13:43,589] {logging_mixin.py:104} INFO - Running <TaskInstance: example_bash_operator.run_after_loop 2021-08-14T00:00:00+00:00 [running]> on host airflowvm
[2021-08-16 13:13:43,664] {taskinstance.py:1280} INFO - Exporting the following env vars:
AIRFLOW_CTX_DAG_OWNER=airflow
AIRFLOW_CTX_DAG_ID=example_bash_operator
AIRFLOW_CTX_TASK_ID=run_after_loop
AIRFLOW_CTX_EXECUTION_DATE=2021-08-14T00:00:00+00:00
AIRFLOW_CTX_DAG_RUN_ID=scheduled__2021-08-14T00:00:00+00:00
[2021-08-16 13:13:43,665] {subprocess.py:52} INFO - Tmp dir root location: 
 /tmp
[2021-08-16 13:13:43,665] {subprocess.py:63} INFO - Running command: ['bash', '-c', 'echo 1']
[2021-08-16 13:13:43,672] {subprocess.py:75} INFO - Output:
[2021-08-16 13:13:43,674] {subprocess.py:79} INFO - 1
[2021-08-16 13:13:43,675] {subprocess.py:83} INFO - Command exited with return code 0
[2021-08-16 13:13:43,696] {taskinstance.py:1184} INFO - Marking task as SUCCESS. dag_id=example_bash_operator, task_id=run_after_loop, execution_date=20210814T000000, start_date=20210816T131343, end_date=20210816T131343
[2021-08-16 13:13:43,729] {taskinstance.py:1245} INFO - 0 downstream tasks scheduled from follow-on schedule check
[2021-08-16 13:13:43,767] {local_task_job.py:151} INFO - Task exited with return code 0
