[2021-08-17 14:13:01.552] [exthost] [info] extension host started
[2021-08-17 14:13:01.583] [exthost] [error] Error: EEXIST: file already exists, open '/home/airflow/.vscode-server/data/User/workspaceStorage/e689b1832e6363481fe5fa9acd4a1bee/vscode.lock'
[2021-08-17 14:13:01.634] [exthost] [info] Lock '/home/airflow/.vscode-server/data/User/workspaceStorage/e689b1832e6363481fe5fa9acd4a1bee/vscode.lock': Could not acquire lock, checking if the file is stale.
[2021-08-17 14:13:01.661] [exthost] [info] Lock '/home/airflow/.vscode-server/data/User/workspaceStorage/e689b1832e6363481fe5fa9acd4a1bee/vscode.lock': The pid 1409 appears to be gone.
[2021-08-17 14:13:01.662] [exthost] [info] Lock '/home/airflow/.vscode-server/data/User/workspaceStorage/e689b1832e6363481fe5fa9acd4a1bee/vscode.lock': Deleting a stale lock.
[2021-08-17 14:13:01.751] [exthost] [info] Lock '/home/airflow/.vscode-server/data/User/workspaceStorage/e689b1832e6363481fe5fa9acd4a1bee/vscode.lock': Lock acquired.
[2021-08-17 14:13:01.922] [exthost] [info] ExtensionService#_doActivateExtension vscode.debug-auto-launch {"startup":true,"extensionId":{"value":"vscode.debug-auto-launch","_lower":"vscode.debug-auto-launch"},"activationEvent":"*"}
[2021-08-17 14:13:01.923] [exthost] [info] ExtensionService#loadCommonJSModule file:///home/airflow/.vscode-server/bin/379476f0e13988d90fab105c5c19e7abc8b1dea8/extensions/debug-auto-launch/dist/extension
[2021-08-17 14:13:01.997] [exthost] [info] ExtensionService#_doActivateExtension vscode.git {"startup":true,"extensionId":{"value":"vscode.github","_lower":"vscode.github"},"activationEvent":"*"}
[2021-08-17 14:13:01.997] [exthost] [info] ExtensionService#loadCommonJSModule file:///home/airflow/.vscode-server/bin/379476f0e13988d90fab105c5c19e7abc8b1dea8/extensions/git/dist/main
[2021-08-17 14:13:02.976] [exthost] [info] ExtensionService#_doActivateExtension ritwickdey.LiveServer {"startup":true,"extensionId":{"value":"ritwickdey.LiveServer","_lower":"ritwickdey.liveserver"},"activationEvent":"*"}
[2021-08-17 14:13:02.976] [exthost] [info] ExtensionService#loadCommonJSModule file:///home/airflow/.vscode-server/extensions/ritwickdey.liveserver-5.6.1/out/src/extension
[2021-08-17 14:13:07.060] [exthost] [info] ExtensionService#_doActivateExtension vscode.github {"startup":true,"extensionId":{"value":"vscode.github","_lower":"vscode.github"},"activationEvent":"*"}
[2021-08-17 14:13:07.060] [exthost] [info] ExtensionService#loadCommonJSModule file:///home/airflow/.vscode-server/bin/379476f0e13988d90fab105c5c19e7abc8b1dea8/extensions/github/dist/extension.js
[2021-08-17 14:13:09.245] [exthost] [info] ExtensionService#_doActivateExtension vscode.emmet {"startup":false,"extensionId":{"value":"vscode.emmet","_lower":"vscode.emmet"},"activationEvent":"onStartupFinished"}
[2021-08-17 14:13:09.245] [exthost] [info] ExtensionService#loadCommonJSModule file:///home/airflow/.vscode-server/bin/379476f0e13988d90fab105c5c19e7abc8b1dea8/extensions/emmet/dist/node/emmetNodeMain
[2021-08-17 14:13:09.345] [exthost] [info] ExtensionService#_doActivateExtension vscode.merge-conflict {"startup":false,"extensionId":{"value":"vscode.merge-conflict","_lower":"vscode.merge-conflict"},"activationEvent":"onStartupFinished"}
[2021-08-17 14:13:09.345] [exthost] [info] ExtensionService#loadCommonJSModule file:///home/airflow/.vscode-server/bin/379476f0e13988d90fab105c5c19e7abc8b1dea8/extensions/merge-conflict/dist/mergeConflictMain
[2021-08-17 14:13:09.388] [exthost] [info] eager extensions activated
[2021-08-17 14:13:09.598] [exthost] [info] ExtensionService#_doActivateExtension ms-vscode.js-debug {"startup":false,"extensionId":{"value":"ms-vscode.js-debug","_lower":"ms-vscode.js-debug"},"activationEvent":"onCommand:extension.js-debug.clearAutoAttachVariables"}
[2021-08-17 14:13:09.599] [exthost] [info] ExtensionService#loadCommonJSModule file:///home/airflow/.vscode-server/bin/379476f0e13988d90fab105c5c19e7abc8b1dea8/extensions/ms-vscode.js-debug/src/extension.js
[2021-08-17 14:13:12.030] [exthost] [warning] [Decorations] CAPPING events from decorations provider vscode.git 292
[2021-08-17 14:13:15.629] [exthost] [warning] [Decorations] CAPPING events from decorations provider vscode.git 292
[2021-08-17 15:01:35.391] [exthost] [warning] [Decorations] CAPPING events from decorations provider vscode.git 292
[2021-08-17 15:01:52.805] [exthost] [warning] [Decorations] CAPPING events from decorations provider vscode.git 292
