[2021-09-23 22:52:11,992] {taskinstance.py:876} INFO - Dependencies all met for <TaskInstance: example_bash_operator.runme_2 2021-08-23T00:00:00+00:00 [queued]>
[2021-09-23 22:52:12,001] {taskinstance.py:876} INFO - Dependencies all met for <TaskInstance: example_bash_operator.runme_2 2021-08-23T00:00:00+00:00 [queued]>
[2021-09-23 22:52:12,001] {taskinstance.py:1067} INFO - 
--------------------------------------------------------------------------------
[2021-09-23 22:52:12,002] {taskinstance.py:1068} INFO - Starting attempt 1 of 1
[2021-09-23 22:52:12,002] {taskinstance.py:1069} INFO - 
--------------------------------------------------------------------------------
[2021-09-23 22:52:12,024] {taskinstance.py:1087} INFO - Executing <Task(BashOperator): runme_2> on 2021-08-23T00:00:00+00:00
[2021-09-23 22:52:12,025] {standard_task_runner.py:52} INFO - Started process 3726 to run task
[2021-09-23 22:52:12,031] {standard_task_runner.py:76} INFO - Running: ['airflow', 'tasks', 'run', 'example_bash_operator', 'runme_2', '2021-08-23T00:00:00+00:00', '--job-id', '76', '--pool', 'default_pool', '--raw', '--subdir', '/home/airflow/sandbox/lib/python3.8/site-packages/airflow/example_dags/example_bash_operator.py', '--cfg-path', '/tmp/tmpxsb2edwt', '--error-file', '/tmp/tmp3uabr30j']
[2021-09-23 22:52:12,032] {standard_task_runner.py:77} INFO - Job 76: Subtask runme_2
[2021-09-23 22:52:12,101] {logging_mixin.py:104} INFO - Running <TaskInstance: example_bash_operator.runme_2 2021-08-23T00:00:00+00:00 [running]> on host airflowvm
[2021-09-23 22:52:12,177] {taskinstance.py:1280} INFO - Exporting the following env vars:
AIRFLOW_CTX_DAG_OWNER=airflow
AIRFLOW_CTX_DAG_ID=example_bash_operator
AIRFLOW_CTX_TASK_ID=runme_2
AIRFLOW_CTX_EXECUTION_DATE=2021-08-23T00:00:00+00:00
AIRFLOW_CTX_DAG_RUN_ID=scheduled__2021-08-23T00:00:00+00:00
[2021-09-23 22:52:12,177] {subprocess.py:52} INFO - Tmp dir root location: 
 /tmp
[2021-09-23 22:52:12,177] {subprocess.py:63} INFO - Running command: ['bash', '-c', 'echo "example_bash_operator__runme_2__20210823" && sleep 1']
[2021-09-23 22:52:12,183] {subprocess.py:75} INFO - Output:
[2021-09-23 22:52:12,186] {subprocess.py:79} INFO - example_bash_operator__runme_2__20210823
[2021-09-23 22:52:13,188] {subprocess.py:83} INFO - Command exited with return code 0
[2021-09-23 22:52:13,217] {taskinstance.py:1184} INFO - Marking task as SUCCESS. dag_id=example_bash_operator, task_id=runme_2, execution_date=20210823T000000, start_date=20210923T225211, end_date=20210923T225213
[2021-09-23 22:52:13,264] {taskinstance.py:1245} INFO - 1 downstream tasks scheduled from follow-on schedule check
[2021-09-23 22:52:13,286] {local_task_job.py:151} INFO - Task exited with return code 0
