[2021-09-23 22:55:38,549] {scheduler_job.py:182} INFO - Started process (PID=5087) to work on /home/airflow/sandbox/lib/python3.8/site-packages/airflow/example_dags/example_external_task_marker_dag.py
[2021-09-23 22:55:38,550] {scheduler_job.py:633} INFO - Processing file /home/airflow/sandbox/lib/python3.8/site-packages/airflow/example_dags/example_external_task_marker_dag.py for tasks to queue
[2021-09-23 22:55:38,551] {logging_mixin.py:104} INFO - [2021-09-23 22:55:38,551] {dagbag.py:487} INFO - Filling up the DagBag from /home/airflow/sandbox/lib/python3.8/site-packages/airflow/example_dags/example_external_task_marker_dag.py
[2021-09-23 22:55:38,565] {scheduler_job.py:643} INFO - DAG(s) dict_keys(['example_external_task_marker_parent', 'example_external_task_marker_child']) retrieved from /home/airflow/sandbox/lib/python3.8/site-packages/airflow/example_dags/example_external_task_marker_dag.py
[2021-09-23 22:55:38,910] {logging_mixin.py:104} INFO - [2021-09-23 22:55:38,910] {dag.py:1832} INFO - Sync 2 DAGs
[2021-09-23 22:55:38,921] {logging_mixin.py:104} INFO - [2021-09-23 22:55:38,921] {dag.py:2305} INFO - Setting next_dagrun for example_external_task_marker_child to None
[2021-09-23 22:55:38,922] {logging_mixin.py:104} INFO - [2021-09-23 22:55:38,922] {dag.py:2305} INFO - Setting next_dagrun for example_external_task_marker_parent to None
[2021-09-23 22:55:38,951] {scheduler_job.py:190} INFO - Processing /home/airflow/sandbox/lib/python3.8/site-packages/airflow/example_dags/example_external_task_marker_dag.py took 0.404 seconds
[2021-09-23 22:57:53,852] {scheduler_job.py:182} INFO - Started process (PID=6018) to work on /home/airflow/sandbox/lib/python3.8/site-packages/airflow/example_dags/example_external_task_marker_dag.py
[2021-09-23 22:57:53,853] {scheduler_job.py:633} INFO - Processing file /home/airflow/sandbox/lib/python3.8/site-packages/airflow/example_dags/example_external_task_marker_dag.py for tasks to queue
[2021-09-23 22:57:53,854] {logging_mixin.py:104} INFO - [2021-09-23 22:57:53,854] {dagbag.py:487} INFO - Filling up the DagBag from /home/airflow/sandbox/lib/python3.8/site-packages/airflow/example_dags/example_external_task_marker_dag.py
[2021-09-23 22:57:53,866] {scheduler_job.py:643} INFO - DAG(s) dict_keys(['example_external_task_marker_parent', 'example_external_task_marker_child']) retrieved from /home/airflow/sandbox/lib/python3.8/site-packages/airflow/example_dags/example_external_task_marker_dag.py
[2021-09-23 22:57:53,883] {logging_mixin.py:104} INFO - [2021-09-23 22:57:53,883] {dag.py:1832} INFO - Sync 2 DAGs
[2021-09-23 22:57:53,896] {logging_mixin.py:104} INFO - [2021-09-23 22:57:53,896] {dag.py:2305} INFO - Setting next_dagrun for example_external_task_marker_child to None
[2021-09-23 22:57:53,897] {logging_mixin.py:104} INFO - [2021-09-23 22:57:53,897] {dag.py:2305} INFO - Setting next_dagrun for example_external_task_marker_parent to None
[2021-09-23 22:57:53,922] {scheduler_job.py:190} INFO - Processing /home/airflow/sandbox/lib/python3.8/site-packages/airflow/example_dags/example_external_task_marker_dag.py took 0.073 seconds
[2021-09-23 22:58:29,549] {scheduler_job.py:182} INFO - Started process (PID=6110) to work on /home/airflow/sandbox/lib/python3.8/site-packages/airflow/example_dags/example_external_task_marker_dag.py
[2021-09-23 22:58:29,550] {scheduler_job.py:633} INFO - Processing file /home/airflow/sandbox/lib/python3.8/site-packages/airflow/example_dags/example_external_task_marker_dag.py for tasks to queue
[2021-09-23 22:58:29,551] {logging_mixin.py:104} INFO - [2021-09-23 22:58:29,551] {dagbag.py:487} INFO - Filling up the DagBag from /home/airflow/sandbox/lib/python3.8/site-packages/airflow/example_dags/example_external_task_marker_dag.py
[2021-09-23 22:58:29,561] {scheduler_job.py:643} INFO - DAG(s) dict_keys(['example_external_task_marker_parent', 'example_external_task_marker_child']) retrieved from /home/airflow/sandbox/lib/python3.8/site-packages/airflow/example_dags/example_external_task_marker_dag.py
[2021-09-23 22:58:29,577] {logging_mixin.py:104} INFO - [2021-09-23 22:58:29,577] {dag.py:1832} INFO - Sync 2 DAGs
[2021-09-23 22:58:29,590] {logging_mixin.py:104} INFO - [2021-09-23 22:58:29,589] {dag.py:2305} INFO - Setting next_dagrun for example_external_task_marker_child to None
[2021-09-23 22:58:29,591] {logging_mixin.py:104} INFO - [2021-09-23 22:58:29,590] {dag.py:2305} INFO - Setting next_dagrun for example_external_task_marker_parent to None
[2021-09-23 22:58:29,613] {scheduler_job.py:190} INFO - Processing /home/airflow/sandbox/lib/python3.8/site-packages/airflow/example_dags/example_external_task_marker_dag.py took 0.066 seconds
[2021-09-23 22:59:03,695] {scheduler_job.py:182} INFO - Started process (PID=6202) to work on /home/airflow/sandbox/lib/python3.8/site-packages/airflow/example_dags/example_external_task_marker_dag.py
[2021-09-23 22:59:03,696] {scheduler_job.py:633} INFO - Processing file /home/airflow/sandbox/lib/python3.8/site-packages/airflow/example_dags/example_external_task_marker_dag.py for tasks to queue
[2021-09-23 22:59:03,697] {logging_mixin.py:104} INFO - [2021-09-23 22:59:03,697] {dagbag.py:487} INFO - Filling up the DagBag from /home/airflow/sandbox/lib/python3.8/site-packages/airflow/example_dags/example_external_task_marker_dag.py
[2021-09-23 22:59:03,710] {scheduler_job.py:643} INFO - DAG(s) dict_keys(['example_external_task_marker_parent', 'example_external_task_marker_child']) retrieved from /home/airflow/sandbox/lib/python3.8/site-packages/airflow/example_dags/example_external_task_marker_dag.py
[2021-09-23 22:59:04,022] {logging_mixin.py:104} INFO - [2021-09-23 22:59:04,021] {dag.py:1832} INFO - Sync 2 DAGs
[2021-09-23 22:59:04,032] {logging_mixin.py:104} INFO - [2021-09-23 22:59:04,032] {dag.py:2305} INFO - Setting next_dagrun for example_external_task_marker_child to None
[2021-09-23 22:59:04,033] {logging_mixin.py:104} INFO - [2021-09-23 22:59:04,033] {dag.py:2305} INFO - Setting next_dagrun for example_external_task_marker_parent to None
[2021-09-23 22:59:04,052] {scheduler_job.py:190} INFO - Processing /home/airflow/sandbox/lib/python3.8/site-packages/airflow/example_dags/example_external_task_marker_dag.py took 0.361 seconds
[2021-09-23 22:59:38,762] {scheduler_job.py:182} INFO - Started process (PID=6235) to work on /home/airflow/sandbox/lib/python3.8/site-packages/airflow/example_dags/example_external_task_marker_dag.py
[2021-09-23 22:59:38,765] {scheduler_job.py:633} INFO - Processing file /home/airflow/sandbox/lib/python3.8/site-packages/airflow/example_dags/example_external_task_marker_dag.py for tasks to queue
[2021-09-23 22:59:38,766] {logging_mixin.py:104} INFO - [2021-09-23 22:59:38,766] {dagbag.py:487} INFO - Filling up the DagBag from /home/airflow/sandbox/lib/python3.8/site-packages/airflow/example_dags/example_external_task_marker_dag.py
[2021-09-23 22:59:38,777] {scheduler_job.py:643} INFO - DAG(s) dict_keys(['example_external_task_marker_parent', 'example_external_task_marker_child']) retrieved from /home/airflow/sandbox/lib/python3.8/site-packages/airflow/example_dags/example_external_task_marker_dag.py
[2021-09-23 22:59:39,105] {logging_mixin.py:104} INFO - [2021-09-23 22:59:39,105] {dag.py:1832} INFO - Sync 2 DAGs
[2021-09-23 22:59:39,119] {logging_mixin.py:104} INFO - [2021-09-23 22:59:39,119] {dag.py:2305} INFO - Setting next_dagrun for example_external_task_marker_child to None
[2021-09-23 22:59:39,120] {logging_mixin.py:104} INFO - [2021-09-23 22:59:39,120] {dag.py:2305} INFO - Setting next_dagrun for example_external_task_marker_parent to None
[2021-09-23 22:59:39,144] {scheduler_job.py:190} INFO - Processing /home/airflow/sandbox/lib/python3.8/site-packages/airflow/example_dags/example_external_task_marker_dag.py took 0.384 seconds
[2021-09-23 23:00:13,834] {scheduler_job.py:182} INFO - Started process (PID=6268) to work on /home/airflow/sandbox/lib/python3.8/site-packages/airflow/example_dags/example_external_task_marker_dag.py
[2021-09-23 23:00:13,835] {scheduler_job.py:633} INFO - Processing file /home/airflow/sandbox/lib/python3.8/site-packages/airflow/example_dags/example_external_task_marker_dag.py for tasks to queue
[2021-09-23 23:00:13,836] {logging_mixin.py:104} INFO - [2021-09-23 23:00:13,836] {dagbag.py:487} INFO - Filling up the DagBag from /home/airflow/sandbox/lib/python3.8/site-packages/airflow/example_dags/example_external_task_marker_dag.py
[2021-09-23 23:00:13,847] {scheduler_job.py:643} INFO - DAG(s) dict_keys(['example_external_task_marker_parent', 'example_external_task_marker_child']) retrieved from /home/airflow/sandbox/lib/python3.8/site-packages/airflow/example_dags/example_external_task_marker_dag.py
[2021-09-23 23:00:14,188] {logging_mixin.py:104} INFO - [2021-09-23 23:00:14,188] {dag.py:1832} INFO - Sync 2 DAGs
[2021-09-23 23:00:14,197] {logging_mixin.py:104} INFO - [2021-09-23 23:00:14,197] {dag.py:2305} INFO - Setting next_dagrun for example_external_task_marker_child to None
[2021-09-23 23:00:14,198] {logging_mixin.py:104} INFO - [2021-09-23 23:00:14,198] {dag.py:2305} INFO - Setting next_dagrun for example_external_task_marker_parent to None
[2021-09-23 23:00:14,224] {scheduler_job.py:190} INFO - Processing /home/airflow/sandbox/lib/python3.8/site-packages/airflow/example_dags/example_external_task_marker_dag.py took 0.393 seconds
[2021-09-23 23:00:46,539] {scheduler_job.py:182} INFO - Started process (PID=6342) to work on /home/airflow/sandbox/lib/python3.8/site-packages/airflow/example_dags/example_external_task_marker_dag.py
[2021-09-23 23:00:46,541] {scheduler_job.py:633} INFO - Processing file /home/airflow/sandbox/lib/python3.8/site-packages/airflow/example_dags/example_external_task_marker_dag.py for tasks to queue
[2021-09-23 23:00:46,542] {logging_mixin.py:104} INFO - [2021-09-23 23:00:46,542] {dagbag.py:487} INFO - Filling up the DagBag from /home/airflow/sandbox/lib/python3.8/site-packages/airflow/example_dags/example_external_task_marker_dag.py
[2021-09-23 23:00:46,551] {scheduler_job.py:643} INFO - DAG(s) dict_keys(['example_external_task_marker_parent', 'example_external_task_marker_child']) retrieved from /home/airflow/sandbox/lib/python3.8/site-packages/airflow/example_dags/example_external_task_marker_dag.py
[2021-09-23 23:00:46,844] {logging_mixin.py:104} INFO - [2021-09-23 23:00:46,844] {dag.py:1832} INFO - Sync 2 DAGs
[2021-09-23 23:00:46,855] {logging_mixin.py:104} INFO - [2021-09-23 23:00:46,855] {dag.py:2305} INFO - Setting next_dagrun for example_external_task_marker_child to None
[2021-09-23 23:00:46,856] {logging_mixin.py:104} INFO - [2021-09-23 23:00:46,856] {dag.py:2305} INFO - Setting next_dagrun for example_external_task_marker_parent to None
[2021-09-23 23:00:46,876] {scheduler_job.py:190} INFO - Processing /home/airflow/sandbox/lib/python3.8/site-packages/airflow/example_dags/example_external_task_marker_dag.py took 0.339 seconds
[2021-09-23 23:01:27,277] {scheduler_job.py:182} INFO - Started process (PID=6378) to work on /home/airflow/sandbox/lib/python3.8/site-packages/airflow/example_dags/example_external_task_marker_dag.py
[2021-09-23 23:01:27,279] {scheduler_job.py:633} INFO - Processing file /home/airflow/sandbox/lib/python3.8/site-packages/airflow/example_dags/example_external_task_marker_dag.py for tasks to queue
[2021-09-23 23:01:27,280] {logging_mixin.py:104} INFO - [2021-09-23 23:01:27,280] {dagbag.py:487} INFO - Filling up the DagBag from /home/airflow/sandbox/lib/python3.8/site-packages/airflow/example_dags/example_external_task_marker_dag.py
[2021-09-23 23:01:27,290] {scheduler_job.py:643} INFO - DAG(s) dict_keys(['example_external_task_marker_parent', 'example_external_task_marker_child']) retrieved from /home/airflow/sandbox/lib/python3.8/site-packages/airflow/example_dags/example_external_task_marker_dag.py
[2021-09-23 23:01:27,632] {logging_mixin.py:104} INFO - [2021-09-23 23:01:27,632] {dag.py:1832} INFO - Sync 2 DAGs
[2021-09-23 23:01:27,641] {logging_mixin.py:104} INFO - [2021-09-23 23:01:27,641] {dag.py:2305} INFO - Setting next_dagrun for example_external_task_marker_child to None
[2021-09-23 23:01:27,642] {logging_mixin.py:104} INFO - [2021-09-23 23:01:27,641] {dag.py:2305} INFO - Setting next_dagrun for example_external_task_marker_parent to None
[2021-09-23 23:01:27,666] {scheduler_job.py:190} INFO - Processing /home/airflow/sandbox/lib/python3.8/site-packages/airflow/example_dags/example_external_task_marker_dag.py took 0.391 seconds
[2021-09-23 23:02:07,052] {scheduler_job.py:182} INFO - Started process (PID=6483) to work on /home/airflow/sandbox/lib/python3.8/site-packages/airflow/example_dags/example_external_task_marker_dag.py
[2021-09-23 23:02:07,054] {scheduler_job.py:633} INFO - Processing file /home/airflow/sandbox/lib/python3.8/site-packages/airflow/example_dags/example_external_task_marker_dag.py for tasks to queue
[2021-09-23 23:02:07,054] {logging_mixin.py:104} INFO - [2021-09-23 23:02:07,054] {dagbag.py:487} INFO - Filling up the DagBag from /home/airflow/sandbox/lib/python3.8/site-packages/airflow/example_dags/example_external_task_marker_dag.py
[2021-09-23 23:02:07,074] {scheduler_job.py:643} INFO - DAG(s) dict_keys(['example_external_task_marker_parent', 'example_external_task_marker_child']) retrieved from /home/airflow/sandbox/lib/python3.8/site-packages/airflow/example_dags/example_external_task_marker_dag.py
[2021-09-23 23:02:07,095] {logging_mixin.py:104} INFO - [2021-09-23 23:02:07,095] {dag.py:1832} INFO - Sync 2 DAGs
[2021-09-23 23:02:07,108] {logging_mixin.py:104} INFO - [2021-09-23 23:02:07,107] {dag.py:2305} INFO - Setting next_dagrun for example_external_task_marker_child to None
[2021-09-23 23:02:07,108] {logging_mixin.py:104} INFO - [2021-09-23 23:02:07,108] {dag.py:2305} INFO - Setting next_dagrun for example_external_task_marker_parent to None
[2021-09-23 23:02:07,127] {scheduler_job.py:190} INFO - Processing /home/airflow/sandbox/lib/python3.8/site-packages/airflow/example_dags/example_external_task_marker_dag.py took 0.079 seconds
[2021-09-23 23:02:41,172] {scheduler_job.py:182} INFO - Started process (PID=6554) to work on /home/airflow/sandbox/lib/python3.8/site-packages/airflow/example_dags/example_external_task_marker_dag.py
[2021-09-23 23:02:41,173] {scheduler_job.py:633} INFO - Processing file /home/airflow/sandbox/lib/python3.8/site-packages/airflow/example_dags/example_external_task_marker_dag.py for tasks to queue
[2021-09-23 23:02:41,174] {logging_mixin.py:104} INFO - [2021-09-23 23:02:41,174] {dagbag.py:487} INFO - Filling up the DagBag from /home/airflow/sandbox/lib/python3.8/site-packages/airflow/example_dags/example_external_task_marker_dag.py
[2021-09-23 23:02:41,190] {scheduler_job.py:643} INFO - DAG(s) dict_keys(['example_external_task_marker_parent', 'example_external_task_marker_child']) retrieved from /home/airflow/sandbox/lib/python3.8/site-packages/airflow/example_dags/example_external_task_marker_dag.py
[2021-09-23 23:02:41,512] {logging_mixin.py:104} INFO - [2021-09-23 23:02:41,512] {dag.py:1832} INFO - Sync 2 DAGs
[2021-09-23 23:02:41,526] {logging_mixin.py:104} INFO - [2021-09-23 23:02:41,526] {dag.py:2305} INFO - Setting next_dagrun for example_external_task_marker_child to None
[2021-09-23 23:02:41,526] {logging_mixin.py:104} INFO - [2021-09-23 23:02:41,526] {dag.py:2305} INFO - Setting next_dagrun for example_external_task_marker_parent to None
[2021-09-23 23:02:41,555] {scheduler_job.py:190} INFO - Processing /home/airflow/sandbox/lib/python3.8/site-packages/airflow/example_dags/example_external_task_marker_dag.py took 0.386 seconds
[2021-09-23 23:03:15,515] {scheduler_job.py:182} INFO - Started process (PID=6590) to work on /home/airflow/sandbox/lib/python3.8/site-packages/airflow/example_dags/example_external_task_marker_dag.py
[2021-09-23 23:03:15,516] {scheduler_job.py:633} INFO - Processing file /home/airflow/sandbox/lib/python3.8/site-packages/airflow/example_dags/example_external_task_marker_dag.py for tasks to queue
[2021-09-23 23:03:15,517] {logging_mixin.py:104} INFO - [2021-09-23 23:03:15,516] {dagbag.py:487} INFO - Filling up the DagBag from /home/airflow/sandbox/lib/python3.8/site-packages/airflow/example_dags/example_external_task_marker_dag.py
[2021-09-23 23:03:15,532] {scheduler_job.py:643} INFO - DAG(s) dict_keys(['example_external_task_marker_parent', 'example_external_task_marker_child']) retrieved from /home/airflow/sandbox/lib/python3.8/site-packages/airflow/example_dags/example_external_task_marker_dag.py
[2021-09-23 23:03:15,553] {logging_mixin.py:104} INFO - [2021-09-23 23:03:15,553] {dag.py:1832} INFO - Sync 2 DAGs
[2021-09-23 23:03:15,567] {logging_mixin.py:104} INFO - [2021-09-23 23:03:15,566] {dag.py:2305} INFO - Setting next_dagrun for example_external_task_marker_child to None
[2021-09-23 23:03:15,568] {logging_mixin.py:104} INFO - [2021-09-23 23:03:15,567] {dag.py:2305} INFO - Setting next_dagrun for example_external_task_marker_parent to None
[2021-09-23 23:03:15,594] {scheduler_job.py:190} INFO - Processing /home/airflow/sandbox/lib/python3.8/site-packages/airflow/example_dags/example_external_task_marker_dag.py took 0.081 seconds
[2021-09-23 23:03:51,390] {scheduler_job.py:182} INFO - Started process (PID=6862) to work on /home/airflow/sandbox/lib/python3.8/site-packages/airflow/example_dags/example_external_task_marker_dag.py
[2021-09-23 23:03:51,392] {scheduler_job.py:633} INFO - Processing file /home/airflow/sandbox/lib/python3.8/site-packages/airflow/example_dags/example_external_task_marker_dag.py for tasks to queue
[2021-09-23 23:03:51,400] {logging_mixin.py:104} INFO - [2021-09-23 23:03:51,400] {dagbag.py:487} INFO - Filling up the DagBag from /home/airflow/sandbox/lib/python3.8/site-packages/airflow/example_dags/example_external_task_marker_dag.py
[2021-09-23 23:03:51,413] {scheduler_job.py:643} INFO - DAG(s) dict_keys(['example_external_task_marker_parent', 'example_external_task_marker_child']) retrieved from /home/airflow/sandbox/lib/python3.8/site-packages/airflow/example_dags/example_external_task_marker_dag.py
[2021-09-23 23:03:51,769] {logging_mixin.py:104} INFO - [2021-09-23 23:03:51,769] {dag.py:1832} INFO - Sync 2 DAGs
[2021-09-23 23:03:51,780] {logging_mixin.py:104} INFO - [2021-09-23 23:03:51,780] {dag.py:2305} INFO - Setting next_dagrun for example_external_task_marker_child to None
[2021-09-23 23:03:51,780] {logging_mixin.py:104} INFO - [2021-09-23 23:03:51,780] {dag.py:2305} INFO - Setting next_dagrun for example_external_task_marker_parent to None
[2021-09-23 23:03:51,801] {scheduler_job.py:190} INFO - Processing /home/airflow/sandbox/lib/python3.8/site-packages/airflow/example_dags/example_external_task_marker_dag.py took 0.413 seconds
[2021-09-23 23:04:26,588] {scheduler_job.py:182} INFO - Started process (PID=6920) to work on /home/airflow/sandbox/lib/python3.8/site-packages/airflow/example_dags/example_external_task_marker_dag.py
[2021-09-23 23:04:26,589] {scheduler_job.py:633} INFO - Processing file /home/airflow/sandbox/lib/python3.8/site-packages/airflow/example_dags/example_external_task_marker_dag.py for tasks to queue
[2021-09-23 23:04:26,589] {logging_mixin.py:104} INFO - [2021-09-23 23:04:26,589] {dagbag.py:487} INFO - Filling up the DagBag from /home/airflow/sandbox/lib/python3.8/site-packages/airflow/example_dags/example_external_task_marker_dag.py
[2021-09-23 23:04:26,600] {scheduler_job.py:643} INFO - DAG(s) dict_keys(['example_external_task_marker_parent', 'example_external_task_marker_child']) retrieved from /home/airflow/sandbox/lib/python3.8/site-packages/airflow/example_dags/example_external_task_marker_dag.py
[2021-09-23 23:04:26,617] {logging_mixin.py:104} INFO - [2021-09-23 23:04:26,617] {dag.py:1832} INFO - Sync 2 DAGs
[2021-09-23 23:04:26,629] {logging_mixin.py:104} INFO - [2021-09-23 23:04:26,629] {dag.py:2305} INFO - Setting next_dagrun for example_external_task_marker_child to None
[2021-09-23 23:04:26,630] {logging_mixin.py:104} INFO - [2021-09-23 23:04:26,630] {dag.py:2305} INFO - Setting next_dagrun for example_external_task_marker_parent to None
[2021-09-23 23:04:26,648] {scheduler_job.py:190} INFO - Processing /home/airflow/sandbox/lib/python3.8/site-packages/airflow/example_dags/example_external_task_marker_dag.py took 0.063 seconds
[2021-09-23 23:04:58,626] {scheduler_job.py:182} INFO - Started process (PID=6954) to work on /home/airflow/sandbox/lib/python3.8/site-packages/airflow/example_dags/example_external_task_marker_dag.py
[2021-09-23 23:04:58,627] {scheduler_job.py:633} INFO - Processing file /home/airflow/sandbox/lib/python3.8/site-packages/airflow/example_dags/example_external_task_marker_dag.py for tasks to queue
[2021-09-23 23:04:58,627] {logging_mixin.py:104} INFO - [2021-09-23 23:04:58,627] {dagbag.py:487} INFO - Filling up the DagBag from /home/airflow/sandbox/lib/python3.8/site-packages/airflow/example_dags/example_external_task_marker_dag.py
[2021-09-23 23:04:58,656] {scheduler_job.py:643} INFO - DAG(s) dict_keys(['example_external_task_marker_parent', 'example_external_task_marker_child']) retrieved from /home/airflow/sandbox/lib/python3.8/site-packages/airflow/example_dags/example_external_task_marker_dag.py
[2021-09-23 23:04:58,679] {logging_mixin.py:104} INFO - [2021-09-23 23:04:58,679] {dag.py:1832} INFO - Sync 2 DAGs
[2021-09-23 23:04:58,711] {logging_mixin.py:104} INFO - [2021-09-23 23:04:58,711] {dag.py:2305} INFO - Setting next_dagrun for example_external_task_marker_child to None
[2021-09-23 23:04:58,711] {logging_mixin.py:104} INFO - [2021-09-23 23:04:58,711] {dag.py:2305} INFO - Setting next_dagrun for example_external_task_marker_parent to None
[2021-09-23 23:04:58,742] {scheduler_job.py:190} INFO - Processing /home/airflow/sandbox/lib/python3.8/site-packages/airflow/example_dags/example_external_task_marker_dag.py took 0.118 seconds
[2021-09-23 23:05:34,571] {scheduler_job.py:182} INFO - Started process (PID=7054) to work on /home/airflow/sandbox/lib/python3.8/site-packages/airflow/example_dags/example_external_task_marker_dag.py
[2021-09-23 23:05:34,573] {scheduler_job.py:633} INFO - Processing file /home/airflow/sandbox/lib/python3.8/site-packages/airflow/example_dags/example_external_task_marker_dag.py for tasks to queue
[2021-09-23 23:05:34,574] {logging_mixin.py:104} INFO - [2021-09-23 23:05:34,574] {dagbag.py:487} INFO - Filling up the DagBag from /home/airflow/sandbox/lib/python3.8/site-packages/airflow/example_dags/example_external_task_marker_dag.py
[2021-09-23 23:05:34,583] {scheduler_job.py:643} INFO - DAG(s) dict_keys(['example_external_task_marker_parent', 'example_external_task_marker_child']) retrieved from /home/airflow/sandbox/lib/python3.8/site-packages/airflow/example_dags/example_external_task_marker_dag.py
[2021-09-23 23:05:34,913] {logging_mixin.py:104} INFO - [2021-09-23 23:05:34,913] {dag.py:1832} INFO - Sync 2 DAGs
[2021-09-23 23:05:34,922] {logging_mixin.py:104} INFO - [2021-09-23 23:05:34,922] {dag.py:2305} INFO - Setting next_dagrun for example_external_task_marker_child to None
[2021-09-23 23:05:34,923] {logging_mixin.py:104} INFO - [2021-09-23 23:05:34,923] {dag.py:2305} INFO - Setting next_dagrun for example_external_task_marker_parent to None
[2021-09-23 23:05:34,949] {scheduler_job.py:190} INFO - Processing /home/airflow/sandbox/lib/python3.8/site-packages/airflow/example_dags/example_external_task_marker_dag.py took 0.381 seconds
[2021-09-23 23:06:13,320] {scheduler_job.py:182} INFO - Started process (PID=7156) to work on /home/airflow/sandbox/lib/python3.8/site-packages/airflow/example_dags/example_external_task_marker_dag.py
[2021-09-23 23:06:13,321] {scheduler_job.py:633} INFO - Processing file /home/airflow/sandbox/lib/python3.8/site-packages/airflow/example_dags/example_external_task_marker_dag.py for tasks to queue
[2021-09-23 23:06:13,321] {logging_mixin.py:104} INFO - [2021-09-23 23:06:13,321] {dagbag.py:487} INFO - Filling up the DagBag from /home/airflow/sandbox/lib/python3.8/site-packages/airflow/example_dags/example_external_task_marker_dag.py
[2021-09-23 23:06:13,333] {scheduler_job.py:643} INFO - DAG(s) dict_keys(['example_external_task_marker_parent', 'example_external_task_marker_child']) retrieved from /home/airflow/sandbox/lib/python3.8/site-packages/airflow/example_dags/example_external_task_marker_dag.py
[2021-09-23 23:06:13,646] {logging_mixin.py:104} INFO - [2021-09-23 23:06:13,646] {dag.py:1832} INFO - Sync 2 DAGs
[2021-09-23 23:06:13,653] {logging_mixin.py:104} INFO - [2021-09-23 23:06:13,653] {dag.py:2305} INFO - Setting next_dagrun for example_external_task_marker_child to None
[2021-09-23 23:06:13,654] {logging_mixin.py:104} INFO - [2021-09-23 23:06:13,654] {dag.py:2305} INFO - Setting next_dagrun for example_external_task_marker_parent to None
[2021-09-23 23:06:13,676] {scheduler_job.py:190} INFO - Processing /home/airflow/sandbox/lib/python3.8/site-packages/airflow/example_dags/example_external_task_marker_dag.py took 0.359 seconds
[2021-09-23 23:06:51,075] {scheduler_job.py:182} INFO - Started process (PID=7301) to work on /home/airflow/sandbox/lib/python3.8/site-packages/airflow/example_dags/example_external_task_marker_dag.py
[2021-09-23 23:06:51,076] {scheduler_job.py:633} INFO - Processing file /home/airflow/sandbox/lib/python3.8/site-packages/airflow/example_dags/example_external_task_marker_dag.py for tasks to queue
[2021-09-23 23:06:51,077] {logging_mixin.py:104} INFO - [2021-09-23 23:06:51,076] {dagbag.py:487} INFO - Filling up the DagBag from /home/airflow/sandbox/lib/python3.8/site-packages/airflow/example_dags/example_external_task_marker_dag.py
[2021-09-23 23:06:51,090] {scheduler_job.py:643} INFO - DAG(s) dict_keys(['example_external_task_marker_parent', 'example_external_task_marker_child']) retrieved from /home/airflow/sandbox/lib/python3.8/site-packages/airflow/example_dags/example_external_task_marker_dag.py
[2021-09-23 23:06:51,110] {logging_mixin.py:104} INFO - [2021-09-23 23:06:51,110] {dag.py:1832} INFO - Sync 2 DAGs
[2021-09-23 23:06:51,125] {logging_mixin.py:104} INFO - [2021-09-23 23:06:51,123] {dag.py:2305} INFO - Setting next_dagrun for example_external_task_marker_child to None
[2021-09-23 23:06:51,126] {logging_mixin.py:104} INFO - [2021-09-23 23:06:51,126] {dag.py:2305} INFO - Setting next_dagrun for example_external_task_marker_parent to None
[2021-09-23 23:06:51,149] {scheduler_job.py:190} INFO - Processing /home/airflow/sandbox/lib/python3.8/site-packages/airflow/example_dags/example_external_task_marker_dag.py took 0.076 seconds
[2021-09-23 23:07:25,542] {scheduler_job.py:182} INFO - Started process (PID=7364) to work on /home/airflow/sandbox/lib/python3.8/site-packages/airflow/example_dags/example_external_task_marker_dag.py
[2021-09-23 23:07:25,543] {scheduler_job.py:633} INFO - Processing file /home/airflow/sandbox/lib/python3.8/site-packages/airflow/example_dags/example_external_task_marker_dag.py for tasks to queue
[2021-09-23 23:07:25,543] {logging_mixin.py:104} INFO - [2021-09-23 23:07:25,543] {dagbag.py:487} INFO - Filling up the DagBag from /home/airflow/sandbox/lib/python3.8/site-packages/airflow/example_dags/example_external_task_marker_dag.py
[2021-09-23 23:07:25,554] {scheduler_job.py:643} INFO - DAG(s) dict_keys(['example_external_task_marker_parent', 'example_external_task_marker_child']) retrieved from /home/airflow/sandbox/lib/python3.8/site-packages/airflow/example_dags/example_external_task_marker_dag.py
[2021-09-23 23:07:25,570] {logging_mixin.py:104} INFO - [2021-09-23 23:07:25,570] {dag.py:1832} INFO - Sync 2 DAGs
[2021-09-23 23:07:25,581] {logging_mixin.py:104} INFO - [2021-09-23 23:07:25,581] {dag.py:2305} INFO - Setting next_dagrun for example_external_task_marker_child to None
[2021-09-23 23:07:25,582] {logging_mixin.py:104} INFO - [2021-09-23 23:07:25,582] {dag.py:2305} INFO - Setting next_dagrun for example_external_task_marker_parent to None
[2021-09-23 23:07:25,605] {scheduler_job.py:190} INFO - Processing /home/airflow/sandbox/lib/python3.8/site-packages/airflow/example_dags/example_external_task_marker_dag.py took 0.066 seconds
[2021-09-23 23:07:57,715] {scheduler_job.py:182} INFO - Started process (PID=7396) to work on /home/airflow/sandbox/lib/python3.8/site-packages/airflow/example_dags/example_external_task_marker_dag.py
[2021-09-23 23:07:57,716] {scheduler_job.py:633} INFO - Processing file /home/airflow/sandbox/lib/python3.8/site-packages/airflow/example_dags/example_external_task_marker_dag.py for tasks to queue
[2021-09-23 23:07:57,717] {logging_mixin.py:104} INFO - [2021-09-23 23:07:57,717] {dagbag.py:487} INFO - Filling up the DagBag from /home/airflow/sandbox/lib/python3.8/site-packages/airflow/example_dags/example_external_task_marker_dag.py
[2021-09-23 23:07:57,727] {scheduler_job.py:643} INFO - DAG(s) dict_keys(['example_external_task_marker_parent', 'example_external_task_marker_child']) retrieved from /home/airflow/sandbox/lib/python3.8/site-packages/airflow/example_dags/example_external_task_marker_dag.py
[2021-09-23 23:07:58,027] {logging_mixin.py:104} INFO - [2021-09-23 23:07:58,027] {dag.py:1832} INFO - Sync 2 DAGs
[2021-09-23 23:07:58,042] {logging_mixin.py:104} INFO - [2021-09-23 23:07:58,042] {dag.py:2305} INFO - Setting next_dagrun for example_external_task_marker_child to None
[2021-09-23 23:07:58,042] {logging_mixin.py:104} INFO - [2021-09-23 23:07:58,042] {dag.py:2305} INFO - Setting next_dagrun for example_external_task_marker_parent to None
[2021-09-23 23:07:58,064] {scheduler_job.py:190} INFO - Processing /home/airflow/sandbox/lib/python3.8/site-packages/airflow/example_dags/example_external_task_marker_dag.py took 0.351 seconds
[2021-09-23 23:08:30,446] {scheduler_job.py:182} INFO - Started process (PID=7429) to work on /home/airflow/sandbox/lib/python3.8/site-packages/airflow/example_dags/example_external_task_marker_dag.py
[2021-09-23 23:08:30,447] {scheduler_job.py:633} INFO - Processing file /home/airflow/sandbox/lib/python3.8/site-packages/airflow/example_dags/example_external_task_marker_dag.py for tasks to queue
[2021-09-23 23:08:30,448] {logging_mixin.py:104} INFO - [2021-09-23 23:08:30,448] {dagbag.py:487} INFO - Filling up the DagBag from /home/airflow/sandbox/lib/python3.8/site-packages/airflow/example_dags/example_external_task_marker_dag.py
[2021-09-23 23:08:30,458] {scheduler_job.py:643} INFO - DAG(s) dict_keys(['example_external_task_marker_parent', 'example_external_task_marker_child']) retrieved from /home/airflow/sandbox/lib/python3.8/site-packages/airflow/example_dags/example_external_task_marker_dag.py
[2021-09-23 23:08:30,800] {logging_mixin.py:104} INFO - [2021-09-23 23:08:30,800] {dag.py:1832} INFO - Sync 2 DAGs
[2021-09-23 23:08:30,809] {logging_mixin.py:104} INFO - [2021-09-23 23:08:30,809] {dag.py:2305} INFO - Setting next_dagrun for example_external_task_marker_child to None
[2021-09-23 23:08:30,809] {logging_mixin.py:104} INFO - [2021-09-23 23:08:30,809] {dag.py:2305} INFO - Setting next_dagrun for example_external_task_marker_parent to None
[2021-09-23 23:08:30,835] {scheduler_job.py:190} INFO - Processing /home/airflow/sandbox/lib/python3.8/site-packages/airflow/example_dags/example_external_task_marker_dag.py took 0.392 seconds
[2021-09-23 23:09:06,179] {scheduler_job.py:182} INFO - Started process (PID=7553) to work on /home/airflow/sandbox/lib/python3.8/site-packages/airflow/example_dags/example_external_task_marker_dag.py
[2021-09-23 23:09:06,180] {scheduler_job.py:633} INFO - Processing file /home/airflow/sandbox/lib/python3.8/site-packages/airflow/example_dags/example_external_task_marker_dag.py for tasks to queue
[2021-09-23 23:09:06,180] {logging_mixin.py:104} INFO - [2021-09-23 23:09:06,180] {dagbag.py:487} INFO - Filling up the DagBag from /home/airflow/sandbox/lib/python3.8/site-packages/airflow/example_dags/example_external_task_marker_dag.py
[2021-09-23 23:09:06,195] {scheduler_job.py:643} INFO - DAG(s) dict_keys(['example_external_task_marker_parent', 'example_external_task_marker_child']) retrieved from /home/airflow/sandbox/lib/python3.8/site-packages/airflow/example_dags/example_external_task_marker_dag.py
[2021-09-23 23:09:06,505] {logging_mixin.py:104} INFO - [2021-09-23 23:09:06,504] {dag.py:1832} INFO - Sync 2 DAGs
[2021-09-23 23:09:06,512] {logging_mixin.py:104} INFO - [2021-09-23 23:09:06,512] {dag.py:2305} INFO - Setting next_dagrun for example_external_task_marker_child to None
[2021-09-23 23:09:06,513] {logging_mixin.py:104} INFO - [2021-09-23 23:09:06,513] {dag.py:2305} INFO - Setting next_dagrun for example_external_task_marker_parent to None
[2021-09-23 23:09:06,541] {scheduler_job.py:190} INFO - Processing /home/airflow/sandbox/lib/python3.8/site-packages/airflow/example_dags/example_external_task_marker_dag.py took 0.364 seconds
[2021-09-23 23:09:38,593] {scheduler_job.py:182} INFO - Started process (PID=7626) to work on /home/airflow/sandbox/lib/python3.8/site-packages/airflow/example_dags/example_external_task_marker_dag.py
[2021-09-23 23:09:38,594] {scheduler_job.py:633} INFO - Processing file /home/airflow/sandbox/lib/python3.8/site-packages/airflow/example_dags/example_external_task_marker_dag.py for tasks to queue
[2021-09-23 23:09:38,595] {logging_mixin.py:104} INFO - [2021-09-23 23:09:38,595] {dagbag.py:487} INFO - Filling up the DagBag from /home/airflow/sandbox/lib/python3.8/site-packages/airflow/example_dags/example_external_task_marker_dag.py
[2021-09-23 23:09:38,610] {scheduler_job.py:643} INFO - DAG(s) dict_keys(['example_external_task_marker_parent', 'example_external_task_marker_child']) retrieved from /home/airflow/sandbox/lib/python3.8/site-packages/airflow/example_dags/example_external_task_marker_dag.py
[2021-09-23 23:09:38,918] {logging_mixin.py:104} INFO - [2021-09-23 23:09:38,917] {dag.py:1832} INFO - Sync 2 DAGs
[2021-09-23 23:09:38,927] {logging_mixin.py:104} INFO - [2021-09-23 23:09:38,927] {dag.py:2305} INFO - Setting next_dagrun for example_external_task_marker_child to None
[2021-09-23 23:09:38,927] {logging_mixin.py:104} INFO - [2021-09-23 23:09:38,927] {dag.py:2305} INFO - Setting next_dagrun for example_external_task_marker_parent to None
[2021-09-23 23:09:38,945] {scheduler_job.py:190} INFO - Processing /home/airflow/sandbox/lib/python3.8/site-packages/airflow/example_dags/example_external_task_marker_dag.py took 0.355 seconds
[2021-09-23 23:10:12,373] {scheduler_job.py:182} INFO - Started process (PID=7678) to work on /home/airflow/sandbox/lib/python3.8/site-packages/airflow/example_dags/example_external_task_marker_dag.py
[2021-09-23 23:10:12,374] {scheduler_job.py:633} INFO - Processing file /home/airflow/sandbox/lib/python3.8/site-packages/airflow/example_dags/example_external_task_marker_dag.py for tasks to queue
[2021-09-23 23:10:12,375] {logging_mixin.py:104} INFO - [2021-09-23 23:10:12,375] {dagbag.py:487} INFO - Filling up the DagBag from /home/airflow/sandbox/lib/python3.8/site-packages/airflow/example_dags/example_external_task_marker_dag.py
[2021-09-23 23:10:12,386] {scheduler_job.py:643} INFO - DAG(s) dict_keys(['example_external_task_marker_parent', 'example_external_task_marker_child']) retrieved from /home/airflow/sandbox/lib/python3.8/site-packages/airflow/example_dags/example_external_task_marker_dag.py
[2021-09-23 23:10:12,700] {logging_mixin.py:104} INFO - [2021-09-23 23:10:12,700] {dag.py:1832} INFO - Sync 2 DAGs
[2021-09-23 23:10:12,711] {logging_mixin.py:104} INFO - [2021-09-23 23:10:12,711] {dag.py:2305} INFO - Setting next_dagrun for example_external_task_marker_child to None
[2021-09-23 23:10:12,712] {logging_mixin.py:104} INFO - [2021-09-23 23:10:12,712] {dag.py:2305} INFO - Setting next_dagrun for example_external_task_marker_parent to None
[2021-09-23 23:10:12,733] {scheduler_job.py:190} INFO - Processing /home/airflow/sandbox/lib/python3.8/site-packages/airflow/example_dags/example_external_task_marker_dag.py took 0.363 seconds
[2021-09-23 23:10:48,871] {scheduler_job.py:182} INFO - Started process (PID=7858) to work on /home/airflow/sandbox/lib/python3.8/site-packages/airflow/example_dags/example_external_task_marker_dag.py
[2021-09-23 23:10:48,871] {scheduler_job.py:633} INFO - Processing file /home/airflow/sandbox/lib/python3.8/site-packages/airflow/example_dags/example_external_task_marker_dag.py for tasks to queue
[2021-09-23 23:10:48,872] {logging_mixin.py:104} INFO - [2021-09-23 23:10:48,872] {dagbag.py:487} INFO - Filling up the DagBag from /home/airflow/sandbox/lib/python3.8/site-packages/airflow/example_dags/example_external_task_marker_dag.py
[2021-09-23 23:10:48,882] {scheduler_job.py:643} INFO - DAG(s) dict_keys(['example_external_task_marker_parent', 'example_external_task_marker_child']) retrieved from /home/airflow/sandbox/lib/python3.8/site-packages/airflow/example_dags/example_external_task_marker_dag.py
[2021-09-23 23:10:48,899] {logging_mixin.py:104} INFO - [2021-09-23 23:10:48,899] {dag.py:1832} INFO - Sync 2 DAGs
[2021-09-23 23:10:48,911] {logging_mixin.py:104} INFO - [2021-09-23 23:10:48,911] {dag.py:2305} INFO - Setting next_dagrun for example_external_task_marker_child to None
[2021-09-23 23:10:48,914] {logging_mixin.py:104} INFO - [2021-09-23 23:10:48,914] {dag.py:2305} INFO - Setting next_dagrun for example_external_task_marker_parent to None
[2021-09-23 23:10:48,937] {scheduler_job.py:190} INFO - Processing /home/airflow/sandbox/lib/python3.8/site-packages/airflow/example_dags/example_external_task_marker_dag.py took 0.069 seconds
[2021-09-23 23:11:25,458] {scheduler_job.py:182} INFO - Started process (PID=7968) to work on /home/airflow/sandbox/lib/python3.8/site-packages/airflow/example_dags/example_external_task_marker_dag.py
[2021-09-23 23:11:25,459] {scheduler_job.py:633} INFO - Processing file /home/airflow/sandbox/lib/python3.8/site-packages/airflow/example_dags/example_external_task_marker_dag.py for tasks to queue
[2021-09-23 23:11:25,459] {logging_mixin.py:104} INFO - [2021-09-23 23:11:25,459] {dagbag.py:487} INFO - Filling up the DagBag from /home/airflow/sandbox/lib/python3.8/site-packages/airflow/example_dags/example_external_task_marker_dag.py
[2021-09-23 23:11:25,470] {scheduler_job.py:643} INFO - DAG(s) dict_keys(['example_external_task_marker_parent', 'example_external_task_marker_child']) retrieved from /home/airflow/sandbox/lib/python3.8/site-packages/airflow/example_dags/example_external_task_marker_dag.py
[2021-09-23 23:11:25,495] {logging_mixin.py:104} INFO - [2021-09-23 23:11:25,494] {dag.py:1832} INFO - Sync 2 DAGs
[2021-09-23 23:11:25,507] {logging_mixin.py:104} INFO - [2021-09-23 23:11:25,507] {dag.py:2305} INFO - Setting next_dagrun for example_external_task_marker_child to None
[2021-09-23 23:11:25,508] {logging_mixin.py:104} INFO - [2021-09-23 23:11:25,508] {dag.py:2305} INFO - Setting next_dagrun for example_external_task_marker_parent to None
[2021-09-23 23:11:25,528] {scheduler_job.py:190} INFO - Processing /home/airflow/sandbox/lib/python3.8/site-packages/airflow/example_dags/example_external_task_marker_dag.py took 0.073 seconds
[2021-09-23 23:12:01,655] {scheduler_job.py:182} INFO - Started process (PID=8117) to work on /home/airflow/sandbox/lib/python3.8/site-packages/airflow/example_dags/example_external_task_marker_dag.py
[2021-09-23 23:12:01,656] {scheduler_job.py:633} INFO - Processing file /home/airflow/sandbox/lib/python3.8/site-packages/airflow/example_dags/example_external_task_marker_dag.py for tasks to queue
[2021-09-23 23:12:01,656] {logging_mixin.py:104} INFO - [2021-09-23 23:12:01,656] {dagbag.py:487} INFO - Filling up the DagBag from /home/airflow/sandbox/lib/python3.8/site-packages/airflow/example_dags/example_external_task_marker_dag.py
[2021-09-23 23:12:01,667] {scheduler_job.py:643} INFO - DAG(s) dict_keys(['example_external_task_marker_parent', 'example_external_task_marker_child']) retrieved from /home/airflow/sandbox/lib/python3.8/site-packages/airflow/example_dags/example_external_task_marker_dag.py
[2021-09-23 23:12:01,684] {logging_mixin.py:104} INFO - [2021-09-23 23:12:01,684] {dag.py:1832} INFO - Sync 2 DAGs
[2021-09-23 23:12:01,696] {logging_mixin.py:104} INFO - [2021-09-23 23:12:01,696] {dag.py:2305} INFO - Setting next_dagrun for example_external_task_marker_child to None
[2021-09-23 23:12:01,697] {logging_mixin.py:104} INFO - [2021-09-23 23:12:01,697] {dag.py:2305} INFO - Setting next_dagrun for example_external_task_marker_parent to None
[2021-09-23 23:12:01,717] {scheduler_job.py:190} INFO - Processing /home/airflow/sandbox/lib/python3.8/site-packages/airflow/example_dags/example_external_task_marker_dag.py took 0.065 seconds
[2021-09-23 23:12:36,198] {scheduler_job.py:182} INFO - Started process (PID=8377) to work on /home/airflow/sandbox/lib/python3.8/site-packages/airflow/example_dags/example_external_task_marker_dag.py
[2021-09-23 23:12:36,200] {scheduler_job.py:633} INFO - Processing file /home/airflow/sandbox/lib/python3.8/site-packages/airflow/example_dags/example_external_task_marker_dag.py for tasks to queue
[2021-09-23 23:12:36,201] {logging_mixin.py:104} INFO - [2021-09-23 23:12:36,201] {dagbag.py:487} INFO - Filling up the DagBag from /home/airflow/sandbox/lib/python3.8/site-packages/airflow/example_dags/example_external_task_marker_dag.py
[2021-09-23 23:12:36,214] {scheduler_job.py:643} INFO - DAG(s) dict_keys(['example_external_task_marker_parent', 'example_external_task_marker_child']) retrieved from /home/airflow/sandbox/lib/python3.8/site-packages/airflow/example_dags/example_external_task_marker_dag.py
[2021-09-23 23:12:36,230] {logging_mixin.py:104} INFO - [2021-09-23 23:12:36,230] {dag.py:1832} INFO - Sync 2 DAGs
[2021-09-23 23:12:36,241] {logging_mixin.py:104} INFO - [2021-09-23 23:12:36,241] {dag.py:2305} INFO - Setting next_dagrun for example_external_task_marker_child to None
[2021-09-23 23:12:36,242] {logging_mixin.py:104} INFO - [2021-09-23 23:12:36,242] {dag.py:2305} INFO - Setting next_dagrun for example_external_task_marker_parent to None
[2021-09-23 23:12:36,261] {scheduler_job.py:190} INFO - Processing /home/airflow/sandbox/lib/python3.8/site-packages/airflow/example_dags/example_external_task_marker_dag.py took 0.066 seconds
[2021-09-23 23:13:13,830] {scheduler_job.py:182} INFO - Started process (PID=8412) to work on /home/airflow/sandbox/lib/python3.8/site-packages/airflow/example_dags/example_external_task_marker_dag.py
[2021-09-23 23:13:13,831] {scheduler_job.py:633} INFO - Processing file /home/airflow/sandbox/lib/python3.8/site-packages/airflow/example_dags/example_external_task_marker_dag.py for tasks to queue
[2021-09-23 23:13:13,832] {logging_mixin.py:104} INFO - [2021-09-23 23:13:13,832] {dagbag.py:487} INFO - Filling up the DagBag from /home/airflow/sandbox/lib/python3.8/site-packages/airflow/example_dags/example_external_task_marker_dag.py
[2021-09-23 23:13:13,842] {scheduler_job.py:643} INFO - DAG(s) dict_keys(['example_external_task_marker_parent', 'example_external_task_marker_child']) retrieved from /home/airflow/sandbox/lib/python3.8/site-packages/airflow/example_dags/example_external_task_marker_dag.py
[2021-09-23 23:13:14,179] {logging_mixin.py:104} INFO - [2021-09-23 23:13:14,179] {dag.py:1832} INFO - Sync 2 DAGs
[2021-09-23 23:13:14,196] {logging_mixin.py:104} INFO - [2021-09-23 23:13:14,196] {dag.py:2305} INFO - Setting next_dagrun for example_external_task_marker_child to None
[2021-09-23 23:13:14,197] {logging_mixin.py:104} INFO - [2021-09-23 23:13:14,197] {dag.py:2305} INFO - Setting next_dagrun for example_external_task_marker_parent to None
[2021-09-23 23:13:14,224] {scheduler_job.py:190} INFO - Processing /home/airflow/sandbox/lib/python3.8/site-packages/airflow/example_dags/example_external_task_marker_dag.py took 0.396 seconds
[2021-09-23 23:13:50,880] {scheduler_job.py:182} INFO - Started process (PID=8446) to work on /home/airflow/sandbox/lib/python3.8/site-packages/airflow/example_dags/example_external_task_marker_dag.py
[2021-09-23 23:13:50,882] {scheduler_job.py:633} INFO - Processing file /home/airflow/sandbox/lib/python3.8/site-packages/airflow/example_dags/example_external_task_marker_dag.py for tasks to queue
[2021-09-23 23:13:50,883] {logging_mixin.py:104} INFO - [2021-09-23 23:13:50,883] {dagbag.py:487} INFO - Filling up the DagBag from /home/airflow/sandbox/lib/python3.8/site-packages/airflow/example_dags/example_external_task_marker_dag.py
[2021-09-23 23:13:50,899] {scheduler_job.py:643} INFO - DAG(s) dict_keys(['example_external_task_marker_parent', 'example_external_task_marker_child']) retrieved from /home/airflow/sandbox/lib/python3.8/site-packages/airflow/example_dags/example_external_task_marker_dag.py
[2021-09-23 23:13:51,210] {logging_mixin.py:104} INFO - [2021-09-23 23:13:51,209] {dag.py:1832} INFO - Sync 2 DAGs
[2021-09-23 23:13:51,219] {logging_mixin.py:104} INFO - [2021-09-23 23:13:51,219] {dag.py:2305} INFO - Setting next_dagrun for example_external_task_marker_child to None
[2021-09-23 23:13:51,220] {logging_mixin.py:104} INFO - [2021-09-23 23:13:51,219] {dag.py:2305} INFO - Setting next_dagrun for example_external_task_marker_parent to None
[2021-09-23 23:13:51,238] {scheduler_job.py:190} INFO - Processing /home/airflow/sandbox/lib/python3.8/site-packages/airflow/example_dags/example_external_task_marker_dag.py took 0.362 seconds
[2021-09-23 23:14:29,632] {scheduler_job.py:182} INFO - Started process (PID=8482) to work on /home/airflow/sandbox/lib/python3.8/site-packages/airflow/example_dags/example_external_task_marker_dag.py
[2021-09-23 23:14:29,633] {scheduler_job.py:633} INFO - Processing file /home/airflow/sandbox/lib/python3.8/site-packages/airflow/example_dags/example_external_task_marker_dag.py for tasks to queue
[2021-09-23 23:14:29,633] {logging_mixin.py:104} INFO - [2021-09-23 23:14:29,633] {dagbag.py:487} INFO - Filling up the DagBag from /home/airflow/sandbox/lib/python3.8/site-packages/airflow/example_dags/example_external_task_marker_dag.py
[2021-09-23 23:14:29,646] {scheduler_job.py:643} INFO - DAG(s) dict_keys(['example_external_task_marker_parent', 'example_external_task_marker_child']) retrieved from /home/airflow/sandbox/lib/python3.8/site-packages/airflow/example_dags/example_external_task_marker_dag.py
[2021-09-23 23:14:29,956] {logging_mixin.py:104} INFO - [2021-09-23 23:14:29,956] {dag.py:1832} INFO - Sync 2 DAGs
[2021-09-23 23:14:29,971] {logging_mixin.py:104} INFO - [2021-09-23 23:14:29,971] {dag.py:2305} INFO - Setting next_dagrun for example_external_task_marker_child to None
[2021-09-23 23:14:29,973] {logging_mixin.py:104} INFO - [2021-09-23 23:14:29,973] {dag.py:2305} INFO - Setting next_dagrun for example_external_task_marker_parent to None
[2021-09-23 23:14:29,994] {scheduler_job.py:190} INFO - Processing /home/airflow/sandbox/lib/python3.8/site-packages/airflow/example_dags/example_external_task_marker_dag.py took 0.364 seconds
[2021-09-23 23:15:06,829] {scheduler_job.py:182} INFO - Started process (PID=8714) to work on /home/airflow/sandbox/lib/python3.8/site-packages/airflow/example_dags/example_external_task_marker_dag.py
[2021-09-23 23:15:06,830] {scheduler_job.py:633} INFO - Processing file /home/airflow/sandbox/lib/python3.8/site-packages/airflow/example_dags/example_external_task_marker_dag.py for tasks to queue
[2021-09-23 23:15:06,831] {logging_mixin.py:104} INFO - [2021-09-23 23:15:06,830] {dagbag.py:487} INFO - Filling up the DagBag from /home/airflow/sandbox/lib/python3.8/site-packages/airflow/example_dags/example_external_task_marker_dag.py
[2021-09-23 23:15:06,842] {scheduler_job.py:643} INFO - DAG(s) dict_keys(['example_external_task_marker_parent', 'example_external_task_marker_child']) retrieved from /home/airflow/sandbox/lib/python3.8/site-packages/airflow/example_dags/example_external_task_marker_dag.py
[2021-09-23 23:15:07,131] {logging_mixin.py:104} INFO - [2021-09-23 23:15:07,131] {dag.py:1832} INFO - Sync 2 DAGs
[2021-09-23 23:15:07,138] {logging_mixin.py:104} INFO - [2021-09-23 23:15:07,138] {dag.py:2305} INFO - Setting next_dagrun for example_external_task_marker_child to None
[2021-09-23 23:15:07,142] {logging_mixin.py:104} INFO - [2021-09-23 23:15:07,141] {dag.py:2305} INFO - Setting next_dagrun for example_external_task_marker_parent to None
[2021-09-23 23:15:07,163] {scheduler_job.py:190} INFO - Processing /home/airflow/sandbox/lib/python3.8/site-packages/airflow/example_dags/example_external_task_marker_dag.py took 0.338 seconds
[2021-09-23 23:15:38,576] {scheduler_job.py:182} INFO - Started process (PID=8908) to work on /home/airflow/sandbox/lib/python3.8/site-packages/airflow/example_dags/example_external_task_marker_dag.py
[2021-09-23 23:15:38,577] {scheduler_job.py:633} INFO - Processing file /home/airflow/sandbox/lib/python3.8/site-packages/airflow/example_dags/example_external_task_marker_dag.py for tasks to queue
[2021-09-23 23:15:38,578] {logging_mixin.py:104} INFO - [2021-09-23 23:15:38,578] {dagbag.py:487} INFO - Filling up the DagBag from /home/airflow/sandbox/lib/python3.8/site-packages/airflow/example_dags/example_external_task_marker_dag.py
[2021-09-23 23:15:38,590] {scheduler_job.py:643} INFO - DAG(s) dict_keys(['example_external_task_marker_parent', 'example_external_task_marker_child']) retrieved from /home/airflow/sandbox/lib/python3.8/site-packages/airflow/example_dags/example_external_task_marker_dag.py
[2021-09-23 23:15:38,606] {logging_mixin.py:104} INFO - [2021-09-23 23:15:38,606] {dag.py:1832} INFO - Sync 2 DAGs
[2021-09-23 23:15:38,618] {logging_mixin.py:104} INFO - [2021-09-23 23:15:38,618] {dag.py:2305} INFO - Setting next_dagrun for example_external_task_marker_child to None
[2021-09-23 23:15:38,619] {logging_mixin.py:104} INFO - [2021-09-23 23:15:38,619] {dag.py:2305} INFO - Setting next_dagrun for example_external_task_marker_parent to None
[2021-09-23 23:15:38,640] {scheduler_job.py:190} INFO - Processing /home/airflow/sandbox/lib/python3.8/site-packages/airflow/example_dags/example_external_task_marker_dag.py took 0.068 seconds
[2021-09-23 23:16:13,007] {scheduler_job.py:182} INFO - Started process (PID=9039) to work on /home/airflow/sandbox/lib/python3.8/site-packages/airflow/example_dags/example_external_task_marker_dag.py
[2021-09-23 23:16:13,008] {scheduler_job.py:633} INFO - Processing file /home/airflow/sandbox/lib/python3.8/site-packages/airflow/example_dags/example_external_task_marker_dag.py for tasks to queue
[2021-09-23 23:16:13,008] {logging_mixin.py:104} INFO - [2021-09-23 23:16:13,008] {dagbag.py:487} INFO - Filling up the DagBag from /home/airflow/sandbox/lib/python3.8/site-packages/airflow/example_dags/example_external_task_marker_dag.py
[2021-09-23 23:16:13,019] {scheduler_job.py:643} INFO - DAG(s) dict_keys(['example_external_task_marker_parent', 'example_external_task_marker_child']) retrieved from /home/airflow/sandbox/lib/python3.8/site-packages/airflow/example_dags/example_external_task_marker_dag.py
[2021-09-23 23:16:13,036] {logging_mixin.py:104} INFO - [2021-09-23 23:16:13,036] {dag.py:1832} INFO - Sync 2 DAGs
[2021-09-23 23:16:13,047] {logging_mixin.py:104} INFO - [2021-09-23 23:16:13,047] {dag.py:2305} INFO - Setting next_dagrun for example_external_task_marker_child to None
[2021-09-23 23:16:13,048] {logging_mixin.py:104} INFO - [2021-09-23 23:16:13,048] {dag.py:2305} INFO - Setting next_dagrun for example_external_task_marker_parent to None
[2021-09-23 23:16:13,067] {scheduler_job.py:190} INFO - Processing /home/airflow/sandbox/lib/python3.8/site-packages/airflow/example_dags/example_external_task_marker_dag.py took 0.062 seconds
[2021-09-23 23:16:47,082] {scheduler_job.py:182} INFO - Started process (PID=9189) to work on /home/airflow/sandbox/lib/python3.8/site-packages/airflow/example_dags/example_external_task_marker_dag.py
[2021-09-23 23:16:47,083] {scheduler_job.py:633} INFO - Processing file /home/airflow/sandbox/lib/python3.8/site-packages/airflow/example_dags/example_external_task_marker_dag.py for tasks to queue
[2021-09-23 23:16:47,084] {logging_mixin.py:104} INFO - [2021-09-23 23:16:47,084] {dagbag.py:487} INFO - Filling up the DagBag from /home/airflow/sandbox/lib/python3.8/site-packages/airflow/example_dags/example_external_task_marker_dag.py
[2021-09-23 23:16:47,095] {scheduler_job.py:643} INFO - DAG(s) dict_keys(['example_external_task_marker_parent', 'example_external_task_marker_child']) retrieved from /home/airflow/sandbox/lib/python3.8/site-packages/airflow/example_dags/example_external_task_marker_dag.py
[2021-09-23 23:16:47,111] {logging_mixin.py:104} INFO - [2021-09-23 23:16:47,111] {dag.py:1832} INFO - Sync 2 DAGs
[2021-09-23 23:16:47,122] {logging_mixin.py:104} INFO - [2021-09-23 23:16:47,122] {dag.py:2305} INFO - Setting next_dagrun for example_external_task_marker_child to None
[2021-09-23 23:16:47,123] {logging_mixin.py:104} INFO - [2021-09-23 23:16:47,123] {dag.py:2305} INFO - Setting next_dagrun for example_external_task_marker_parent to None
[2021-09-23 23:16:47,144] {scheduler_job.py:190} INFO - Processing /home/airflow/sandbox/lib/python3.8/site-packages/airflow/example_dags/example_external_task_marker_dag.py took 0.064 seconds
[2021-09-23 23:43:36,408] {scheduler_job.py:182} INFO - Started process (PID=9322) to work on /home/airflow/sandbox/lib/python3.8/site-packages/airflow/example_dags/example_external_task_marker_dag.py
[2021-09-23 23:43:36,409] {scheduler_job.py:633} INFO - Processing file /home/airflow/sandbox/lib/python3.8/site-packages/airflow/example_dags/example_external_task_marker_dag.py for tasks to queue
[2021-09-23 23:43:36,409] {logging_mixin.py:104} INFO - [2021-09-23 23:43:36,409] {dagbag.py:487} INFO - Filling up the DagBag from /home/airflow/sandbox/lib/python3.8/site-packages/airflow/example_dags/example_external_task_marker_dag.py
[2021-09-23 23:43:36,419] {scheduler_job.py:643} INFO - DAG(s) dict_keys(['example_external_task_marker_parent', 'example_external_task_marker_child']) retrieved from /home/airflow/sandbox/lib/python3.8/site-packages/airflow/example_dags/example_external_task_marker_dag.py
[2021-09-23 23:43:36,436] {logging_mixin.py:104} INFO - [2021-09-23 23:43:36,436] {dag.py:1832} INFO - Sync 2 DAGs
[2021-09-23 23:43:36,449] {logging_mixin.py:104} INFO - [2021-09-23 23:43:36,449] {dag.py:2305} INFO - Setting next_dagrun for example_external_task_marker_child to None
[2021-09-23 23:43:36,450] {logging_mixin.py:104} INFO - [2021-09-23 23:43:36,450] {dag.py:2305} INFO - Setting next_dagrun for example_external_task_marker_parent to None
[2021-09-23 23:43:36,476] {scheduler_job.py:190} INFO - Processing /home/airflow/sandbox/lib/python3.8/site-packages/airflow/example_dags/example_external_task_marker_dag.py took 0.070 seconds
[2021-09-23 23:44:10,221] {scheduler_job.py:182} INFO - Started process (PID=9355) to work on /home/airflow/sandbox/lib/python3.8/site-packages/airflow/example_dags/example_external_task_marker_dag.py
[2021-09-23 23:44:10,223] {scheduler_job.py:633} INFO - Processing file /home/airflow/sandbox/lib/python3.8/site-packages/airflow/example_dags/example_external_task_marker_dag.py for tasks to queue
[2021-09-23 23:44:10,223] {logging_mixin.py:104} INFO - [2021-09-23 23:44:10,223] {dagbag.py:487} INFO - Filling up the DagBag from /home/airflow/sandbox/lib/python3.8/site-packages/airflow/example_dags/example_external_task_marker_dag.py
[2021-09-23 23:44:10,240] {scheduler_job.py:643} INFO - DAG(s) dict_keys(['example_external_task_marker_parent', 'example_external_task_marker_child']) retrieved from /home/airflow/sandbox/lib/python3.8/site-packages/airflow/example_dags/example_external_task_marker_dag.py
[2021-09-23 23:44:10,257] {logging_mixin.py:104} INFO - [2021-09-23 23:44:10,257] {dag.py:1832} INFO - Sync 2 DAGs
[2021-09-23 23:44:10,270] {logging_mixin.py:104} INFO - [2021-09-23 23:44:10,270] {dag.py:2305} INFO - Setting next_dagrun for example_external_task_marker_child to None
[2021-09-23 23:44:10,270] {logging_mixin.py:104} INFO - [2021-09-23 23:44:10,270] {dag.py:2305} INFO - Setting next_dagrun for example_external_task_marker_parent to None
[2021-09-23 23:44:10,288] {scheduler_job.py:190} INFO - Processing /home/airflow/sandbox/lib/python3.8/site-packages/airflow/example_dags/example_external_task_marker_dag.py took 0.071 seconds
[2021-09-23 23:44:43,866] {scheduler_job.py:182} INFO - Started process (PID=9388) to work on /home/airflow/sandbox/lib/python3.8/site-packages/airflow/example_dags/example_external_task_marker_dag.py
[2021-09-23 23:44:43,867] {scheduler_job.py:633} INFO - Processing file /home/airflow/sandbox/lib/python3.8/site-packages/airflow/example_dags/example_external_task_marker_dag.py for tasks to queue
[2021-09-23 23:44:43,868] {logging_mixin.py:104} INFO - [2021-09-23 23:44:43,868] {dagbag.py:487} INFO - Filling up the DagBag from /home/airflow/sandbox/lib/python3.8/site-packages/airflow/example_dags/example_external_task_marker_dag.py
[2021-09-23 23:44:43,878] {scheduler_job.py:643} INFO - DAG(s) dict_keys(['example_external_task_marker_parent', 'example_external_task_marker_child']) retrieved from /home/airflow/sandbox/lib/python3.8/site-packages/airflow/example_dags/example_external_task_marker_dag.py
[2021-09-23 23:44:43,894] {logging_mixin.py:104} INFO - [2021-09-23 23:44:43,894] {dag.py:1832} INFO - Sync 2 DAGs
[2021-09-23 23:44:43,905] {logging_mixin.py:104} INFO - [2021-09-23 23:44:43,904] {dag.py:2305} INFO - Setting next_dagrun for example_external_task_marker_child to None
[2021-09-23 23:44:43,906] {logging_mixin.py:104} INFO - [2021-09-23 23:44:43,905] {dag.py:2305} INFO - Setting next_dagrun for example_external_task_marker_parent to None
[2021-09-23 23:44:43,926] {scheduler_job.py:190} INFO - Processing /home/airflow/sandbox/lib/python3.8/site-packages/airflow/example_dags/example_external_task_marker_dag.py took 0.063 seconds
[2021-09-23 23:45:18,144] {scheduler_job.py:182} INFO - Started process (PID=9420) to work on /home/airflow/sandbox/lib/python3.8/site-packages/airflow/example_dags/example_external_task_marker_dag.py
[2021-09-23 23:45:18,146] {scheduler_job.py:633} INFO - Processing file /home/airflow/sandbox/lib/python3.8/site-packages/airflow/example_dags/example_external_task_marker_dag.py for tasks to queue
[2021-09-23 23:45:18,147] {logging_mixin.py:104} INFO - [2021-09-23 23:45:18,147] {dagbag.py:487} INFO - Filling up the DagBag from /home/airflow/sandbox/lib/python3.8/site-packages/airflow/example_dags/example_external_task_marker_dag.py
[2021-09-23 23:45:18,159] {scheduler_job.py:643} INFO - DAG(s) dict_keys(['example_external_task_marker_parent', 'example_external_task_marker_child']) retrieved from /home/airflow/sandbox/lib/python3.8/site-packages/airflow/example_dags/example_external_task_marker_dag.py
[2021-09-23 23:45:18,175] {logging_mixin.py:104} INFO - [2021-09-23 23:45:18,174] {dag.py:1832} INFO - Sync 2 DAGs
[2021-09-23 23:45:18,192] {logging_mixin.py:104} INFO - [2021-09-23 23:45:18,191] {dag.py:2305} INFO - Setting next_dagrun for example_external_task_marker_child to None
[2021-09-23 23:45:18,193] {logging_mixin.py:104} INFO - [2021-09-23 23:45:18,192] {dag.py:2305} INFO - Setting next_dagrun for example_external_task_marker_parent to None
[2021-09-23 23:45:18,215] {scheduler_job.py:190} INFO - Processing /home/airflow/sandbox/lib/python3.8/site-packages/airflow/example_dags/example_external_task_marker_dag.py took 0.075 seconds
[2021-09-23 23:45:51,926] {scheduler_job.py:182} INFO - Started process (PID=9452) to work on /home/airflow/sandbox/lib/python3.8/site-packages/airflow/example_dags/example_external_task_marker_dag.py
[2021-09-23 23:45:51,928] {scheduler_job.py:633} INFO - Processing file /home/airflow/sandbox/lib/python3.8/site-packages/airflow/example_dags/example_external_task_marker_dag.py for tasks to queue
[2021-09-23 23:45:51,929] {logging_mixin.py:104} INFO - [2021-09-23 23:45:51,928] {dagbag.py:487} INFO - Filling up the DagBag from /home/airflow/sandbox/lib/python3.8/site-packages/airflow/example_dags/example_external_task_marker_dag.py
[2021-09-23 23:45:51,940] {scheduler_job.py:643} INFO - DAG(s) dict_keys(['example_external_task_marker_parent', 'example_external_task_marker_child']) retrieved from /home/airflow/sandbox/lib/python3.8/site-packages/airflow/example_dags/example_external_task_marker_dag.py
[2021-09-23 23:45:52,236] {logging_mixin.py:104} INFO - [2021-09-23 23:45:52,236] {dag.py:1832} INFO - Sync 2 DAGs
[2021-09-23 23:45:52,244] {logging_mixin.py:104} INFO - [2021-09-23 23:45:52,244] {dag.py:2305} INFO - Setting next_dagrun for example_external_task_marker_child to None
[2021-09-23 23:45:52,244] {logging_mixin.py:104} INFO - [2021-09-23 23:45:52,244] {dag.py:2305} INFO - Setting next_dagrun for example_external_task_marker_parent to None
[2021-09-23 23:45:52,265] {scheduler_job.py:190} INFO - Processing /home/airflow/sandbox/lib/python3.8/site-packages/airflow/example_dags/example_external_task_marker_dag.py took 0.343 seconds
[2021-09-23 23:46:24,993] {scheduler_job.py:182} INFO - Started process (PID=9485) to work on /home/airflow/sandbox/lib/python3.8/site-packages/airflow/example_dags/example_external_task_marker_dag.py
[2021-09-23 23:46:24,994] {scheduler_job.py:633} INFO - Processing file /home/airflow/sandbox/lib/python3.8/site-packages/airflow/example_dags/example_external_task_marker_dag.py for tasks to queue
[2021-09-23 23:46:24,995] {logging_mixin.py:104} INFO - [2021-09-23 23:46:24,995] {dagbag.py:487} INFO - Filling up the DagBag from /home/airflow/sandbox/lib/python3.8/site-packages/airflow/example_dags/example_external_task_marker_dag.py
[2021-09-23 23:46:25,009] {scheduler_job.py:643} INFO - DAG(s) dict_keys(['example_external_task_marker_parent', 'example_external_task_marker_child']) retrieved from /home/airflow/sandbox/lib/python3.8/site-packages/airflow/example_dags/example_external_task_marker_dag.py
[2021-09-23 23:46:25,299] {logging_mixin.py:104} INFO - [2021-09-23 23:46:25,299] {dag.py:1832} INFO - Sync 2 DAGs
[2021-09-23 23:46:25,310] {logging_mixin.py:104} INFO - [2021-09-23 23:46:25,307] {dag.py:2305} INFO - Setting next_dagrun for example_external_task_marker_child to None
[2021-09-23 23:46:25,310] {logging_mixin.py:104} INFO - [2021-09-23 23:46:25,310] {dag.py:2305} INFO - Setting next_dagrun for example_external_task_marker_parent to None
[2021-09-23 23:46:25,330] {scheduler_job.py:190} INFO - Processing /home/airflow/sandbox/lib/python3.8/site-packages/airflow/example_dags/example_external_task_marker_dag.py took 0.340 seconds
[2021-09-23 23:46:59,819] {scheduler_job.py:182} INFO - Started process (PID=9560) to work on /home/airflow/sandbox/lib/python3.8/site-packages/airflow/example_dags/example_external_task_marker_dag.py
[2021-09-23 23:46:59,820] {scheduler_job.py:633} INFO - Processing file /home/airflow/sandbox/lib/python3.8/site-packages/airflow/example_dags/example_external_task_marker_dag.py for tasks to queue
[2021-09-23 23:46:59,821] {logging_mixin.py:104} INFO - [2021-09-23 23:46:59,821] {dagbag.py:487} INFO - Filling up the DagBag from /home/airflow/sandbox/lib/python3.8/site-packages/airflow/example_dags/example_external_task_marker_dag.py
[2021-09-23 23:46:59,832] {scheduler_job.py:643} INFO - DAG(s) dict_keys(['example_external_task_marker_parent', 'example_external_task_marker_child']) retrieved from /home/airflow/sandbox/lib/python3.8/site-packages/airflow/example_dags/example_external_task_marker_dag.py
[2021-09-23 23:46:59,849] {logging_mixin.py:104} INFO - [2021-09-23 23:46:59,849] {dag.py:1832} INFO - Sync 2 DAGs
[2021-09-23 23:46:59,859] {logging_mixin.py:104} INFO - [2021-09-23 23:46:59,859] {dag.py:2305} INFO - Setting next_dagrun for example_external_task_marker_child to None
[2021-09-23 23:46:59,860] {logging_mixin.py:104} INFO - [2021-09-23 23:46:59,860] {dag.py:2305} INFO - Setting next_dagrun for example_external_task_marker_parent to None
[2021-09-23 23:46:59,884] {scheduler_job.py:190} INFO - Processing /home/airflow/sandbox/lib/python3.8/site-packages/airflow/example_dags/example_external_task_marker_dag.py took 0.068 seconds
[2021-09-23 23:47:34,111] {scheduler_job.py:182} INFO - Started process (PID=9594) to work on /home/airflow/sandbox/lib/python3.8/site-packages/airflow/example_dags/example_external_task_marker_dag.py
[2021-09-23 23:47:34,112] {scheduler_job.py:633} INFO - Processing file /home/airflow/sandbox/lib/python3.8/site-packages/airflow/example_dags/example_external_task_marker_dag.py for tasks to queue
[2021-09-23 23:47:34,112] {logging_mixin.py:104} INFO - [2021-09-23 23:47:34,112] {dagbag.py:487} INFO - Filling up the DagBag from /home/airflow/sandbox/lib/python3.8/site-packages/airflow/example_dags/example_external_task_marker_dag.py
[2021-09-23 23:47:34,123] {scheduler_job.py:643} INFO - DAG(s) dict_keys(['example_external_task_marker_parent', 'example_external_task_marker_child']) retrieved from /home/airflow/sandbox/lib/python3.8/site-packages/airflow/example_dags/example_external_task_marker_dag.py
[2021-09-23 23:47:34,139] {logging_mixin.py:104} INFO - [2021-09-23 23:47:34,139] {dag.py:1832} INFO - Sync 2 DAGs
[2021-09-23 23:47:34,151] {logging_mixin.py:104} INFO - [2021-09-23 23:47:34,151] {dag.py:2305} INFO - Setting next_dagrun for example_external_task_marker_child to None
[2021-09-23 23:47:34,152] {logging_mixin.py:104} INFO - [2021-09-23 23:47:34,152] {dag.py:2305} INFO - Setting next_dagrun for example_external_task_marker_parent to None
[2021-09-23 23:47:34,169] {scheduler_job.py:190} INFO - Processing /home/airflow/sandbox/lib/python3.8/site-packages/airflow/example_dags/example_external_task_marker_dag.py took 0.061 seconds
[2021-09-23 23:48:07,391] {scheduler_job.py:182} INFO - Started process (PID=9626) to work on /home/airflow/sandbox/lib/python3.8/site-packages/airflow/example_dags/example_external_task_marker_dag.py
[2021-09-23 23:48:07,392] {scheduler_job.py:633} INFO - Processing file /home/airflow/sandbox/lib/python3.8/site-packages/airflow/example_dags/example_external_task_marker_dag.py for tasks to queue
[2021-09-23 23:48:07,393] {logging_mixin.py:104} INFO - [2021-09-23 23:48:07,393] {dagbag.py:487} INFO - Filling up the DagBag from /home/airflow/sandbox/lib/python3.8/site-packages/airflow/example_dags/example_external_task_marker_dag.py
[2021-09-23 23:48:07,403] {scheduler_job.py:643} INFO - DAG(s) dict_keys(['example_external_task_marker_parent', 'example_external_task_marker_child']) retrieved from /home/airflow/sandbox/lib/python3.8/site-packages/airflow/example_dags/example_external_task_marker_dag.py
[2021-09-23 23:48:07,702] {logging_mixin.py:104} INFO - [2021-09-23 23:48:07,702] {dag.py:1832} INFO - Sync 2 DAGs
[2021-09-23 23:48:07,712] {logging_mixin.py:104} INFO - [2021-09-23 23:48:07,712] {dag.py:2305} INFO - Setting next_dagrun for example_external_task_marker_child to None
[2021-09-23 23:48:07,713] {logging_mixin.py:104} INFO - [2021-09-23 23:48:07,713] {dag.py:2305} INFO - Setting next_dagrun for example_external_task_marker_parent to None
[2021-09-23 23:48:07,735] {scheduler_job.py:190} INFO - Processing /home/airflow/sandbox/lib/python3.8/site-packages/airflow/example_dags/example_external_task_marker_dag.py took 0.346 seconds
[2021-09-23 23:48:41,159] {scheduler_job.py:182} INFO - Started process (PID=9658) to work on /home/airflow/sandbox/lib/python3.8/site-packages/airflow/example_dags/example_external_task_marker_dag.py
[2021-09-23 23:48:41,160] {scheduler_job.py:633} INFO - Processing file /home/airflow/sandbox/lib/python3.8/site-packages/airflow/example_dags/example_external_task_marker_dag.py for tasks to queue
[2021-09-23 23:48:41,161] {logging_mixin.py:104} INFO - [2021-09-23 23:48:41,161] {dagbag.py:487} INFO - Filling up the DagBag from /home/airflow/sandbox/lib/python3.8/site-packages/airflow/example_dags/example_external_task_marker_dag.py
[2021-09-23 23:48:41,184] {scheduler_job.py:643} INFO - DAG(s) dict_keys(['example_external_task_marker_parent', 'example_external_task_marker_child']) retrieved from /home/airflow/sandbox/lib/python3.8/site-packages/airflow/example_dags/example_external_task_marker_dag.py
[2021-09-23 23:48:41,477] {logging_mixin.py:104} INFO - [2021-09-23 23:48:41,477] {dag.py:1832} INFO - Sync 2 DAGs
[2021-09-23 23:48:41,487] {logging_mixin.py:104} INFO - [2021-09-23 23:48:41,486] {dag.py:2305} INFO - Setting next_dagrun for example_external_task_marker_child to None
[2021-09-23 23:48:41,487] {logging_mixin.py:104} INFO - [2021-09-23 23:48:41,487] {dag.py:2305} INFO - Setting next_dagrun for example_external_task_marker_parent to None
[2021-09-23 23:48:41,507] {scheduler_job.py:190} INFO - Processing /home/airflow/sandbox/lib/python3.8/site-packages/airflow/example_dags/example_external_task_marker_dag.py took 0.352 seconds
[2021-09-23 23:49:19,698] {scheduler_job.py:182} INFO - Started process (PID=9693) to work on /home/airflow/sandbox/lib/python3.8/site-packages/airflow/example_dags/example_external_task_marker_dag.py
[2021-09-23 23:49:19,699] {scheduler_job.py:633} INFO - Processing file /home/airflow/sandbox/lib/python3.8/site-packages/airflow/example_dags/example_external_task_marker_dag.py for tasks to queue
[2021-09-23 23:49:19,699] {logging_mixin.py:104} INFO - [2021-09-23 23:49:19,699] {dagbag.py:487} INFO - Filling up the DagBag from /home/airflow/sandbox/lib/python3.8/site-packages/airflow/example_dags/example_external_task_marker_dag.py
[2021-09-23 23:49:19,711] {scheduler_job.py:643} INFO - DAG(s) dict_keys(['example_external_task_marker_parent', 'example_external_task_marker_child']) retrieved from /home/airflow/sandbox/lib/python3.8/site-packages/airflow/example_dags/example_external_task_marker_dag.py
[2021-09-23 23:49:20,095] {logging_mixin.py:104} INFO - [2021-09-23 23:49:20,095] {dag.py:1832} INFO - Sync 2 DAGs
[2021-09-23 23:49:20,110] {logging_mixin.py:104} INFO - [2021-09-23 23:49:20,110] {dag.py:2305} INFO - Setting next_dagrun for example_external_task_marker_child to None
[2021-09-23 23:49:20,110] {logging_mixin.py:104} INFO - [2021-09-23 23:49:20,110] {dag.py:2305} INFO - Setting next_dagrun for example_external_task_marker_parent to None
[2021-09-23 23:49:20,131] {scheduler_job.py:190} INFO - Processing /home/airflow/sandbox/lib/python3.8/site-packages/airflow/example_dags/example_external_task_marker_dag.py took 0.436 seconds
[2021-09-23 23:49:54,327] {scheduler_job.py:182} INFO - Started process (PID=9725) to work on /home/airflow/sandbox/lib/python3.8/site-packages/airflow/example_dags/example_external_task_marker_dag.py
[2021-09-23 23:49:54,329] {scheduler_job.py:633} INFO - Processing file /home/airflow/sandbox/lib/python3.8/site-packages/airflow/example_dags/example_external_task_marker_dag.py for tasks to queue
[2021-09-23 23:49:54,330] {logging_mixin.py:104} INFO - [2021-09-23 23:49:54,329] {dagbag.py:487} INFO - Filling up the DagBag from /home/airflow/sandbox/lib/python3.8/site-packages/airflow/example_dags/example_external_task_marker_dag.py
[2021-09-23 23:49:54,346] {scheduler_job.py:643} INFO - DAG(s) dict_keys(['example_external_task_marker_parent', 'example_external_task_marker_child']) retrieved from /home/airflow/sandbox/lib/python3.8/site-packages/airflow/example_dags/example_external_task_marker_dag.py
[2021-09-23 23:49:54,628] {logging_mixin.py:104} INFO - [2021-09-23 23:49:54,628] {dag.py:1832} INFO - Sync 2 DAGs
[2021-09-23 23:49:54,635] {logging_mixin.py:104} INFO - [2021-09-23 23:49:54,635] {dag.py:2305} INFO - Setting next_dagrun for example_external_task_marker_child to None
[2021-09-23 23:49:54,636] {logging_mixin.py:104} INFO - [2021-09-23 23:49:54,636] {dag.py:2305} INFO - Setting next_dagrun for example_external_task_marker_parent to None
[2021-09-23 23:49:54,660] {scheduler_job.py:190} INFO - Processing /home/airflow/sandbox/lib/python3.8/site-packages/airflow/example_dags/example_external_task_marker_dag.py took 0.338 seconds
[2021-09-23 23:50:28,006] {scheduler_job.py:182} INFO - Started process (PID=9760) to work on /home/airflow/sandbox/lib/python3.8/site-packages/airflow/example_dags/example_external_task_marker_dag.py
[2021-09-23 23:50:28,008] {scheduler_job.py:633} INFO - Processing file /home/airflow/sandbox/lib/python3.8/site-packages/airflow/example_dags/example_external_task_marker_dag.py for tasks to queue
[2021-09-23 23:50:28,008] {logging_mixin.py:104} INFO - [2021-09-23 23:50:28,008] {dagbag.py:487} INFO - Filling up the DagBag from /home/airflow/sandbox/lib/python3.8/site-packages/airflow/example_dags/example_external_task_marker_dag.py
[2021-09-23 23:50:28,018] {scheduler_job.py:643} INFO - DAG(s) dict_keys(['example_external_task_marker_parent', 'example_external_task_marker_child']) retrieved from /home/airflow/sandbox/lib/python3.8/site-packages/airflow/example_dags/example_external_task_marker_dag.py
[2021-09-23 23:50:28,304] {logging_mixin.py:104} INFO - [2021-09-23 23:50:28,304] {dag.py:1832} INFO - Sync 2 DAGs
[2021-09-23 23:50:28,311] {logging_mixin.py:104} INFO - [2021-09-23 23:50:28,311] {dag.py:2305} INFO - Setting next_dagrun for example_external_task_marker_child to None
[2021-09-23 23:50:28,312] {logging_mixin.py:104} INFO - [2021-09-23 23:50:28,312] {dag.py:2305} INFO - Setting next_dagrun for example_external_task_marker_parent to None
[2021-09-23 23:50:28,332] {scheduler_job.py:190} INFO - Processing /home/airflow/sandbox/lib/python3.8/site-packages/airflow/example_dags/example_external_task_marker_dag.py took 0.329 seconds
[2021-09-23 23:51:02,900] {scheduler_job.py:182} INFO - Started process (PID=9793) to work on /home/airflow/sandbox/lib/python3.8/site-packages/airflow/example_dags/example_external_task_marker_dag.py
[2021-09-23 23:51:02,901] {scheduler_job.py:633} INFO - Processing file /home/airflow/sandbox/lib/python3.8/site-packages/airflow/example_dags/example_external_task_marker_dag.py for tasks to queue
[2021-09-23 23:51:02,902] {logging_mixin.py:104} INFO - [2021-09-23 23:51:02,901] {dagbag.py:487} INFO - Filling up the DagBag from /home/airflow/sandbox/lib/python3.8/site-packages/airflow/example_dags/example_external_task_marker_dag.py
[2021-09-23 23:51:02,912] {scheduler_job.py:643} INFO - DAG(s) dict_keys(['example_external_task_marker_parent', 'example_external_task_marker_child']) retrieved from /home/airflow/sandbox/lib/python3.8/site-packages/airflow/example_dags/example_external_task_marker_dag.py
[2021-09-23 23:51:02,928] {logging_mixin.py:104} INFO - [2021-09-23 23:51:02,928] {dag.py:1832} INFO - Sync 2 DAGs
[2021-09-23 23:51:02,940] {logging_mixin.py:104} INFO - [2021-09-23 23:51:02,940] {dag.py:2305} INFO - Setting next_dagrun for example_external_task_marker_child to None
[2021-09-23 23:51:02,941] {logging_mixin.py:104} INFO - [2021-09-23 23:51:02,941] {dag.py:2305} INFO - Setting next_dagrun for example_external_task_marker_parent to None
[2021-09-23 23:51:02,961] {scheduler_job.py:190} INFO - Processing /home/airflow/sandbox/lib/python3.8/site-packages/airflow/example_dags/example_external_task_marker_dag.py took 0.064 seconds
[2021-09-23 23:51:37,556] {scheduler_job.py:182} INFO - Started process (PID=9870) to work on /home/airflow/sandbox/lib/python3.8/site-packages/airflow/example_dags/example_external_task_marker_dag.py
[2021-09-23 23:51:37,557] {scheduler_job.py:633} INFO - Processing file /home/airflow/sandbox/lib/python3.8/site-packages/airflow/example_dags/example_external_task_marker_dag.py for tasks to queue
[2021-09-23 23:51:37,557] {logging_mixin.py:104} INFO - [2021-09-23 23:51:37,557] {dagbag.py:487} INFO - Filling up the DagBag from /home/airflow/sandbox/lib/python3.8/site-packages/airflow/example_dags/example_external_task_marker_dag.py
[2021-09-23 23:51:37,567] {scheduler_job.py:643} INFO - DAG(s) dict_keys(['example_external_task_marker_parent', 'example_external_task_marker_child']) retrieved from /home/airflow/sandbox/lib/python3.8/site-packages/airflow/example_dags/example_external_task_marker_dag.py
[2021-09-23 23:51:37,584] {logging_mixin.py:104} INFO - [2021-09-23 23:51:37,584] {dag.py:1832} INFO - Sync 2 DAGs
[2021-09-23 23:51:37,597] {logging_mixin.py:104} INFO - [2021-09-23 23:51:37,597] {dag.py:2305} INFO - Setting next_dagrun for example_external_task_marker_child to None
[2021-09-23 23:51:37,598] {logging_mixin.py:104} INFO - [2021-09-23 23:51:37,597] {dag.py:2305} INFO - Setting next_dagrun for example_external_task_marker_parent to None
[2021-09-23 23:51:37,617] {scheduler_job.py:190} INFO - Processing /home/airflow/sandbox/lib/python3.8/site-packages/airflow/example_dags/example_external_task_marker_dag.py took 0.063 seconds
[2021-09-23 23:52:12,028] {scheduler_job.py:182} INFO - Started process (PID=9902) to work on /home/airflow/sandbox/lib/python3.8/site-packages/airflow/example_dags/example_external_task_marker_dag.py
[2021-09-23 23:52:12,031] {scheduler_job.py:633} INFO - Processing file /home/airflow/sandbox/lib/python3.8/site-packages/airflow/example_dags/example_external_task_marker_dag.py for tasks to queue
[2021-09-23 23:52:12,031] {logging_mixin.py:104} INFO - [2021-09-23 23:52:12,031] {dagbag.py:487} INFO - Filling up the DagBag from /home/airflow/sandbox/lib/python3.8/site-packages/airflow/example_dags/example_external_task_marker_dag.py
[2021-09-23 23:52:12,045] {scheduler_job.py:643} INFO - DAG(s) dict_keys(['example_external_task_marker_parent', 'example_external_task_marker_child']) retrieved from /home/airflow/sandbox/lib/python3.8/site-packages/airflow/example_dags/example_external_task_marker_dag.py
[2021-09-23 23:52:12,060] {logging_mixin.py:104} INFO - [2021-09-23 23:52:12,060] {dag.py:1832} INFO - Sync 2 DAGs
[2021-09-23 23:52:12,071] {logging_mixin.py:104} INFO - [2021-09-23 23:52:12,071] {dag.py:2305} INFO - Setting next_dagrun for example_external_task_marker_child to None
[2021-09-23 23:52:12,071] {logging_mixin.py:104} INFO - [2021-09-23 23:52:12,071] {dag.py:2305} INFO - Setting next_dagrun for example_external_task_marker_parent to None
[2021-09-23 23:52:12,095] {scheduler_job.py:190} INFO - Processing /home/airflow/sandbox/lib/python3.8/site-packages/airflow/example_dags/example_external_task_marker_dag.py took 0.070 seconds
[2021-09-23 23:52:43,521] {scheduler_job.py:182} INFO - Started process (PID=9935) to work on /home/airflow/sandbox/lib/python3.8/site-packages/airflow/example_dags/example_external_task_marker_dag.py
[2021-09-23 23:52:43,522] {scheduler_job.py:633} INFO - Processing file /home/airflow/sandbox/lib/python3.8/site-packages/airflow/example_dags/example_external_task_marker_dag.py for tasks to queue
[2021-09-23 23:52:43,522] {logging_mixin.py:104} INFO - [2021-09-23 23:52:43,522] {dagbag.py:487} INFO - Filling up the DagBag from /home/airflow/sandbox/lib/python3.8/site-packages/airflow/example_dags/example_external_task_marker_dag.py
[2021-09-23 23:52:43,534] {scheduler_job.py:643} INFO - DAG(s) dict_keys(['example_external_task_marker_parent', 'example_external_task_marker_child']) retrieved from /home/airflow/sandbox/lib/python3.8/site-packages/airflow/example_dags/example_external_task_marker_dag.py
[2021-09-23 23:52:43,550] {logging_mixin.py:104} INFO - [2021-09-23 23:52:43,549] {dag.py:1832} INFO - Sync 2 DAGs
[2021-09-23 23:52:43,561] {logging_mixin.py:104} INFO - [2021-09-23 23:52:43,561] {dag.py:2305} INFO - Setting next_dagrun for example_external_task_marker_child to None
[2021-09-23 23:52:43,562] {logging_mixin.py:104} INFO - [2021-09-23 23:52:43,562] {dag.py:2305} INFO - Setting next_dagrun for example_external_task_marker_parent to None
[2021-09-23 23:52:43,583] {scheduler_job.py:190} INFO - Processing /home/airflow/sandbox/lib/python3.8/site-packages/airflow/example_dags/example_external_task_marker_dag.py took 0.066 seconds
[2021-09-23 23:53:16,393] {scheduler_job.py:182} INFO - Started process (PID=9966) to work on /home/airflow/sandbox/lib/python3.8/site-packages/airflow/example_dags/example_external_task_marker_dag.py
[2021-09-23 23:53:16,394] {scheduler_job.py:633} INFO - Processing file /home/airflow/sandbox/lib/python3.8/site-packages/airflow/example_dags/example_external_task_marker_dag.py for tasks to queue
[2021-09-23 23:53:16,395] {logging_mixin.py:104} INFO - [2021-09-23 23:53:16,395] {dagbag.py:487} INFO - Filling up the DagBag from /home/airflow/sandbox/lib/python3.8/site-packages/airflow/example_dags/example_external_task_marker_dag.py
[2021-09-23 23:53:16,407] {scheduler_job.py:643} INFO - DAG(s) dict_keys(['example_external_task_marker_parent', 'example_external_task_marker_child']) retrieved from /home/airflow/sandbox/lib/python3.8/site-packages/airflow/example_dags/example_external_task_marker_dag.py
[2021-09-23 23:53:16,703] {logging_mixin.py:104} INFO - [2021-09-23 23:53:16,703] {dag.py:1832} INFO - Sync 2 DAGs
[2021-09-23 23:53:16,714] {logging_mixin.py:104} INFO - [2021-09-23 23:53:16,714] {dag.py:2305} INFO - Setting next_dagrun for example_external_task_marker_child to None
[2021-09-23 23:53:16,715] {logging_mixin.py:104} INFO - [2021-09-23 23:53:16,715] {dag.py:2305} INFO - Setting next_dagrun for example_external_task_marker_parent to None
[2021-09-23 23:53:16,733] {scheduler_job.py:190} INFO - Processing /home/airflow/sandbox/lib/python3.8/site-packages/airflow/example_dags/example_external_task_marker_dag.py took 0.344 seconds
[2021-09-23 23:53:51,882] {scheduler_job.py:182} INFO - Started process (PID=10000) to work on /home/airflow/sandbox/lib/python3.8/site-packages/airflow/example_dags/example_external_task_marker_dag.py
[2021-09-23 23:53:51,884] {scheduler_job.py:633} INFO - Processing file /home/airflow/sandbox/lib/python3.8/site-packages/airflow/example_dags/example_external_task_marker_dag.py for tasks to queue
[2021-09-23 23:53:51,884] {logging_mixin.py:104} INFO - [2021-09-23 23:53:51,884] {dagbag.py:487} INFO - Filling up the DagBag from /home/airflow/sandbox/lib/python3.8/site-packages/airflow/example_dags/example_external_task_marker_dag.py
[2021-09-23 23:53:51,900] {scheduler_job.py:643} INFO - DAG(s) dict_keys(['example_external_task_marker_parent', 'example_external_task_marker_child']) retrieved from /home/airflow/sandbox/lib/python3.8/site-packages/airflow/example_dags/example_external_task_marker_dag.py
[2021-09-23 23:53:51,917] {logging_mixin.py:104} INFO - [2021-09-23 23:53:51,917] {dag.py:1832} INFO - Sync 2 DAGs
[2021-09-23 23:53:51,928] {logging_mixin.py:104} INFO - [2021-09-23 23:53:51,928] {dag.py:2305} INFO - Setting next_dagrun for example_external_task_marker_child to None
[2021-09-23 23:53:51,929] {logging_mixin.py:104} INFO - [2021-09-23 23:53:51,929] {dag.py:2305} INFO - Setting next_dagrun for example_external_task_marker_parent to None
[2021-09-23 23:53:51,947] {scheduler_job.py:190} INFO - Processing /home/airflow/sandbox/lib/python3.8/site-packages/airflow/example_dags/example_external_task_marker_dag.py took 0.068 seconds
[2021-09-23 23:54:25,788] {scheduler_job.py:182} INFO - Started process (PID=10032) to work on /home/airflow/sandbox/lib/python3.8/site-packages/airflow/example_dags/example_external_task_marker_dag.py
[2021-09-23 23:54:25,789] {scheduler_job.py:633} INFO - Processing file /home/airflow/sandbox/lib/python3.8/site-packages/airflow/example_dags/example_external_task_marker_dag.py for tasks to queue
[2021-09-23 23:54:25,790] {logging_mixin.py:104} INFO - [2021-09-23 23:54:25,790] {dagbag.py:487} INFO - Filling up the DagBag from /home/airflow/sandbox/lib/python3.8/site-packages/airflow/example_dags/example_external_task_marker_dag.py
[2021-09-23 23:54:25,801] {scheduler_job.py:643} INFO - DAG(s) dict_keys(['example_external_task_marker_parent', 'example_external_task_marker_child']) retrieved from /home/airflow/sandbox/lib/python3.8/site-packages/airflow/example_dags/example_external_task_marker_dag.py
[2021-09-23 23:54:26,106] {logging_mixin.py:104} INFO - [2021-09-23 23:54:26,106] {dag.py:1832} INFO - Sync 2 DAGs
[2021-09-23 23:54:26,119] {logging_mixin.py:104} INFO - [2021-09-23 23:54:26,119] {dag.py:2305} INFO - Setting next_dagrun for example_external_task_marker_child to None
[2021-09-23 23:54:26,120] {logging_mixin.py:104} INFO - [2021-09-23 23:54:26,120] {dag.py:2305} INFO - Setting next_dagrun for example_external_task_marker_parent to None
[2021-09-23 23:54:26,144] {scheduler_job.py:190} INFO - Processing /home/airflow/sandbox/lib/python3.8/site-packages/airflow/example_dags/example_external_task_marker_dag.py took 0.358 seconds
[2021-09-23 23:54:59,179] {scheduler_job.py:182} INFO - Started process (PID=10063) to work on /home/airflow/sandbox/lib/python3.8/site-packages/airflow/example_dags/example_external_task_marker_dag.py
[2021-09-23 23:54:59,180] {scheduler_job.py:633} INFO - Processing file /home/airflow/sandbox/lib/python3.8/site-packages/airflow/example_dags/example_external_task_marker_dag.py for tasks to queue
[2021-09-23 23:54:59,181] {logging_mixin.py:104} INFO - [2021-09-23 23:54:59,181] {dagbag.py:487} INFO - Filling up the DagBag from /home/airflow/sandbox/lib/python3.8/site-packages/airflow/example_dags/example_external_task_marker_dag.py
[2021-09-23 23:54:59,192] {scheduler_job.py:643} INFO - DAG(s) dict_keys(['example_external_task_marker_parent', 'example_external_task_marker_child']) retrieved from /home/airflow/sandbox/lib/python3.8/site-packages/airflow/example_dags/example_external_task_marker_dag.py
[2021-09-23 23:54:59,473] {logging_mixin.py:104} INFO - [2021-09-23 23:54:59,473] {dag.py:1832} INFO - Sync 2 DAGs
[2021-09-23 23:54:59,486] {logging_mixin.py:104} INFO - [2021-09-23 23:54:59,486] {dag.py:2305} INFO - Setting next_dagrun for example_external_task_marker_child to None
[2021-09-23 23:54:59,487] {logging_mixin.py:104} INFO - [2021-09-23 23:54:59,487] {dag.py:2305} INFO - Setting next_dagrun for example_external_task_marker_parent to None
[2021-09-23 23:54:59,514] {scheduler_job.py:190} INFO - Processing /home/airflow/sandbox/lib/python3.8/site-packages/airflow/example_dags/example_external_task_marker_dag.py took 0.338 seconds
[2021-09-23 23:55:31,944] {scheduler_job.py:182} INFO - Started process (PID=10178) to work on /home/airflow/sandbox/lib/python3.8/site-packages/airflow/example_dags/example_external_task_marker_dag.py
[2021-09-23 23:55:31,945] {scheduler_job.py:633} INFO - Processing file /home/airflow/sandbox/lib/python3.8/site-packages/airflow/example_dags/example_external_task_marker_dag.py for tasks to queue
[2021-09-23 23:55:31,946] {logging_mixin.py:104} INFO - [2021-09-23 23:55:31,946] {dagbag.py:487} INFO - Filling up the DagBag from /home/airflow/sandbox/lib/python3.8/site-packages/airflow/example_dags/example_external_task_marker_dag.py
[2021-09-23 23:55:31,956] {scheduler_job.py:643} INFO - DAG(s) dict_keys(['example_external_task_marker_parent', 'example_external_task_marker_child']) retrieved from /home/airflow/sandbox/lib/python3.8/site-packages/airflow/example_dags/example_external_task_marker_dag.py
[2021-09-23 23:55:31,972] {logging_mixin.py:104} INFO - [2021-09-23 23:55:31,972] {dag.py:1832} INFO - Sync 2 DAGs
[2021-09-23 23:55:31,984] {logging_mixin.py:104} INFO - [2021-09-23 23:55:31,984] {dag.py:2305} INFO - Setting next_dagrun for example_external_task_marker_child to None
[2021-09-23 23:55:31,985] {logging_mixin.py:104} INFO - [2021-09-23 23:55:31,985] {dag.py:2305} INFO - Setting next_dagrun for example_external_task_marker_parent to None
[2021-09-23 23:55:32,000] {scheduler_job.py:190} INFO - Processing /home/airflow/sandbox/lib/python3.8/site-packages/airflow/example_dags/example_external_task_marker_dag.py took 0.060 seconds
[2021-09-23 23:56:04,671] {scheduler_job.py:182} INFO - Started process (PID=10210) to work on /home/airflow/sandbox/lib/python3.8/site-packages/airflow/example_dags/example_external_task_marker_dag.py
[2021-09-23 23:56:04,672] {scheduler_job.py:633} INFO - Processing file /home/airflow/sandbox/lib/python3.8/site-packages/airflow/example_dags/example_external_task_marker_dag.py for tasks to queue
[2021-09-23 23:56:04,672] {logging_mixin.py:104} INFO - [2021-09-23 23:56:04,672] {dagbag.py:487} INFO - Filling up the DagBag from /home/airflow/sandbox/lib/python3.8/site-packages/airflow/example_dags/example_external_task_marker_dag.py
[2021-09-23 23:56:04,684] {scheduler_job.py:643} INFO - DAG(s) dict_keys(['example_external_task_marker_parent', 'example_external_task_marker_child']) retrieved from /home/airflow/sandbox/lib/python3.8/site-packages/airflow/example_dags/example_external_task_marker_dag.py
[2021-09-23 23:56:04,984] {logging_mixin.py:104} INFO - [2021-09-23 23:56:04,984] {dag.py:1832} INFO - Sync 2 DAGs
[2021-09-23 23:56:04,994] {logging_mixin.py:104} INFO - [2021-09-23 23:56:04,994] {dag.py:2305} INFO - Setting next_dagrun for example_external_task_marker_child to None
[2021-09-23 23:56:04,995] {logging_mixin.py:104} INFO - [2021-09-23 23:56:04,994] {dag.py:2305} INFO - Setting next_dagrun for example_external_task_marker_parent to None
[2021-09-23 23:56:05,018] {scheduler_job.py:190} INFO - Processing /home/airflow/sandbox/lib/python3.8/site-packages/airflow/example_dags/example_external_task_marker_dag.py took 0.350 seconds
[2021-09-23 23:56:40,484] {scheduler_job.py:182} INFO - Started process (PID=10286) to work on /home/airflow/sandbox/lib/python3.8/site-packages/airflow/example_dags/example_external_task_marker_dag.py
[2021-09-23 23:56:40,486] {scheduler_job.py:633} INFO - Processing file /home/airflow/sandbox/lib/python3.8/site-packages/airflow/example_dags/example_external_task_marker_dag.py for tasks to queue
[2021-09-23 23:56:40,487] {logging_mixin.py:104} INFO - [2021-09-23 23:56:40,487] {dagbag.py:487} INFO - Filling up the DagBag from /home/airflow/sandbox/lib/python3.8/site-packages/airflow/example_dags/example_external_task_marker_dag.py
[2021-09-23 23:56:40,500] {scheduler_job.py:643} INFO - DAG(s) dict_keys(['example_external_task_marker_parent', 'example_external_task_marker_child']) retrieved from /home/airflow/sandbox/lib/python3.8/site-packages/airflow/example_dags/example_external_task_marker_dag.py
[2021-09-23 23:56:40,770] {logging_mixin.py:104} INFO - [2021-09-23 23:56:40,769] {dag.py:1832} INFO - Sync 2 DAGs
[2021-09-23 23:56:40,779] {logging_mixin.py:104} INFO - [2021-09-23 23:56:40,778] {dag.py:2305} INFO - Setting next_dagrun for example_external_task_marker_child to None
[2021-09-23 23:56:40,779] {logging_mixin.py:104} INFO - [2021-09-23 23:56:40,779] {dag.py:2305} INFO - Setting next_dagrun for example_external_task_marker_parent to None
[2021-09-23 23:56:40,801] {scheduler_job.py:190} INFO - Processing /home/airflow/sandbox/lib/python3.8/site-packages/airflow/example_dags/example_external_task_marker_dag.py took 0.319 seconds
[2021-09-23 23:57:16,172] {scheduler_job.py:182} INFO - Started process (PID=10599) to work on /home/airflow/sandbox/lib/python3.8/site-packages/airflow/example_dags/example_external_task_marker_dag.py
[2021-09-23 23:57:16,175] {scheduler_job.py:633} INFO - Processing file /home/airflow/sandbox/lib/python3.8/site-packages/airflow/example_dags/example_external_task_marker_dag.py for tasks to queue
[2021-09-23 23:57:16,175] {logging_mixin.py:104} INFO - [2021-09-23 23:57:16,175] {dagbag.py:487} INFO - Filling up the DagBag from /home/airflow/sandbox/lib/python3.8/site-packages/airflow/example_dags/example_external_task_marker_dag.py
[2021-09-23 23:57:16,187] {scheduler_job.py:643} INFO - DAG(s) dict_keys(['example_external_task_marker_parent', 'example_external_task_marker_child']) retrieved from /home/airflow/sandbox/lib/python3.8/site-packages/airflow/example_dags/example_external_task_marker_dag.py
[2021-09-23 23:57:16,575] {logging_mixin.py:104} INFO - [2021-09-23 23:57:16,575] {dag.py:1832} INFO - Sync 2 DAGs
[2021-09-23 23:57:16,587] {logging_mixin.py:104} INFO - [2021-09-23 23:57:16,587] {dag.py:2305} INFO - Setting next_dagrun for example_external_task_marker_child to None
[2021-09-23 23:57:16,587] {logging_mixin.py:104} INFO - [2021-09-23 23:57:16,587] {dag.py:2305} INFO - Setting next_dagrun for example_external_task_marker_parent to None
[2021-09-23 23:57:16,618] {scheduler_job.py:190} INFO - Processing /home/airflow/sandbox/lib/python3.8/site-packages/airflow/example_dags/example_external_task_marker_dag.py took 0.449 seconds
[2021-09-23 23:58:00,059] {scheduler_job.py:182} INFO - Started process (PID=10846) to work on /home/airflow/sandbox/lib/python3.8/site-packages/airflow/example_dags/example_external_task_marker_dag.py
[2021-09-23 23:58:00,060] {scheduler_job.py:633} INFO - Processing file /home/airflow/sandbox/lib/python3.8/site-packages/airflow/example_dags/example_external_task_marker_dag.py for tasks to queue
[2021-09-23 23:58:00,060] {logging_mixin.py:104} INFO - [2021-09-23 23:58:00,060] {dagbag.py:487} INFO - Filling up the DagBag from /home/airflow/sandbox/lib/python3.8/site-packages/airflow/example_dags/example_external_task_marker_dag.py
[2021-09-23 23:58:00,103] {scheduler_job.py:643} INFO - DAG(s) dict_keys(['example_external_task_marker_parent', 'example_external_task_marker_child']) retrieved from /home/airflow/sandbox/lib/python3.8/site-packages/airflow/example_dags/example_external_task_marker_dag.py
[2021-09-23 23:58:00,711] {logging_mixin.py:104} INFO - [2021-09-23 23:58:00,710] {dag.py:1832} INFO - Sync 2 DAGs
[2021-09-23 23:58:00,732] {logging_mixin.py:104} INFO - [2021-09-23 23:58:00,732] {dag.py:2305} INFO - Setting next_dagrun for example_external_task_marker_child to None
[2021-09-23 23:58:00,733] {logging_mixin.py:104} INFO - [2021-09-23 23:58:00,733] {dag.py:2305} INFO - Setting next_dagrun for example_external_task_marker_parent to None
[2021-09-23 23:58:00,777] {scheduler_job.py:190} INFO - Processing /home/airflow/sandbox/lib/python3.8/site-packages/airflow/example_dags/example_external_task_marker_dag.py took 0.720 seconds
[2021-09-23 23:58:36,703] {scheduler_job.py:182} INFO - Started process (PID=10885) to work on /home/airflow/sandbox/lib/python3.8/site-packages/airflow/example_dags/example_external_task_marker_dag.py
[2021-09-23 23:58:36,703] {scheduler_job.py:633} INFO - Processing file /home/airflow/sandbox/lib/python3.8/site-packages/airflow/example_dags/example_external_task_marker_dag.py for tasks to queue
[2021-09-23 23:58:36,704] {logging_mixin.py:104} INFO - [2021-09-23 23:58:36,704] {dagbag.py:487} INFO - Filling up the DagBag from /home/airflow/sandbox/lib/python3.8/site-packages/airflow/example_dags/example_external_task_marker_dag.py
[2021-09-23 23:58:36,715] {scheduler_job.py:643} INFO - DAG(s) dict_keys(['example_external_task_marker_parent', 'example_external_task_marker_child']) retrieved from /home/airflow/sandbox/lib/python3.8/site-packages/airflow/example_dags/example_external_task_marker_dag.py
[2021-09-23 23:58:37,049] {logging_mixin.py:104} INFO - [2021-09-23 23:58:37,049] {dag.py:1832} INFO - Sync 2 DAGs
[2021-09-23 23:58:37,063] {logging_mixin.py:104} INFO - [2021-09-23 23:58:37,063] {dag.py:2305} INFO - Setting next_dagrun for example_external_task_marker_child to None
[2021-09-23 23:58:37,063] {logging_mixin.py:104} INFO - [2021-09-23 23:58:37,063] {dag.py:2305} INFO - Setting next_dagrun for example_external_task_marker_parent to None
[2021-09-23 23:58:37,084] {scheduler_job.py:190} INFO - Processing /home/airflow/sandbox/lib/python3.8/site-packages/airflow/example_dags/example_external_task_marker_dag.py took 0.383 seconds
[2021-09-23 23:59:11,279] {scheduler_job.py:182} INFO - Started process (PID=10917) to work on /home/airflow/sandbox/lib/python3.8/site-packages/airflow/example_dags/example_external_task_marker_dag.py
[2021-09-23 23:59:11,280] {scheduler_job.py:633} INFO - Processing file /home/airflow/sandbox/lib/python3.8/site-packages/airflow/example_dags/example_external_task_marker_dag.py for tasks to queue
[2021-09-23 23:59:11,281] {logging_mixin.py:104} INFO - [2021-09-23 23:59:11,281] {dagbag.py:487} INFO - Filling up the DagBag from /home/airflow/sandbox/lib/python3.8/site-packages/airflow/example_dags/example_external_task_marker_dag.py
[2021-09-23 23:59:11,292] {scheduler_job.py:643} INFO - DAG(s) dict_keys(['example_external_task_marker_parent', 'example_external_task_marker_child']) retrieved from /home/airflow/sandbox/lib/python3.8/site-packages/airflow/example_dags/example_external_task_marker_dag.py
[2021-09-23 23:59:11,604] {logging_mixin.py:104} INFO - [2021-09-23 23:59:11,604] {dag.py:1832} INFO - Sync 2 DAGs
[2021-09-23 23:59:11,618] {logging_mixin.py:104} INFO - [2021-09-23 23:59:11,618] {dag.py:2305} INFO - Setting next_dagrun for example_external_task_marker_child to None
[2021-09-23 23:59:11,619] {logging_mixin.py:104} INFO - [2021-09-23 23:59:11,619] {dag.py:2305} INFO - Setting next_dagrun for example_external_task_marker_parent to None
[2021-09-23 23:59:11,642] {scheduler_job.py:190} INFO - Processing /home/airflow/sandbox/lib/python3.8/site-packages/airflow/example_dags/example_external_task_marker_dag.py took 0.371 seconds
[2021-09-23 23:59:44,611] {scheduler_job.py:182} INFO - Started process (PID=10950) to work on /home/airflow/sandbox/lib/python3.8/site-packages/airflow/example_dags/example_external_task_marker_dag.py
[2021-09-23 23:59:44,612] {scheduler_job.py:633} INFO - Processing file /home/airflow/sandbox/lib/python3.8/site-packages/airflow/example_dags/example_external_task_marker_dag.py for tasks to queue
[2021-09-23 23:59:44,613] {logging_mixin.py:104} INFO - [2021-09-23 23:59:44,613] {dagbag.py:487} INFO - Filling up the DagBag from /home/airflow/sandbox/lib/python3.8/site-packages/airflow/example_dags/example_external_task_marker_dag.py
[2021-09-23 23:59:44,625] {scheduler_job.py:643} INFO - DAG(s) dict_keys(['example_external_task_marker_parent', 'example_external_task_marker_child']) retrieved from /home/airflow/sandbox/lib/python3.8/site-packages/airflow/example_dags/example_external_task_marker_dag.py
[2021-09-23 23:59:44,646] {logging_mixin.py:104} INFO - [2021-09-23 23:59:44,646] {dag.py:1832} INFO - Sync 2 DAGs
[2021-09-23 23:59:44,658] {logging_mixin.py:104} INFO - [2021-09-23 23:59:44,658] {dag.py:2305} INFO - Setting next_dagrun for example_external_task_marker_child to None
[2021-09-23 23:59:44,659] {logging_mixin.py:104} INFO - [2021-09-23 23:59:44,659] {dag.py:2305} INFO - Setting next_dagrun for example_external_task_marker_parent to None
[2021-09-23 23:59:44,685] {scheduler_job.py:190} INFO - Processing /home/airflow/sandbox/lib/python3.8/site-packages/airflow/example_dags/example_external_task_marker_dag.py took 0.078 seconds
