[2021-09-23 22:56:49,222] {scheduler_job.py:182} INFO - Started process (PID=5625) to work on /home/airflow/sandbox/lib/python3.8/site-packages/airflow/example_dags/example_bash_operator.py
[2021-09-23 22:56:49,223] {scheduler_job.py:633} INFO - Processing file /home/airflow/sandbox/lib/python3.8/site-packages/airflow/example_dags/example_bash_operator.py for tasks to queue
[2021-09-23 22:56:49,224] {logging_mixin.py:104} INFO - [2021-09-23 22:56:49,223] {dagbag.py:487} INFO - Filling up the DagBag from /home/airflow/sandbox/lib/python3.8/site-packages/airflow/example_dags/example_bash_operator.py
[2021-09-23 22:56:49,242] {scheduler_job.py:643} INFO - DAG(s) dict_keys(['example_bash_operator']) retrieved from /home/airflow/sandbox/lib/python3.8/site-packages/airflow/example_dags/example_bash_operator.py
[2021-09-23 22:56:49,574] {logging_mixin.py:104} INFO - [2021-09-23 22:56:49,574] {dag.py:1832} INFO - Sync 1 DAGs
[2021-09-23 22:56:49,588] {logging_mixin.py:104} INFO - [2021-09-23 22:56:49,587] {dag.py:2305} INFO - Setting next_dagrun for example_bash_operator to 2021-09-21 00:00:00+00:00
[2021-09-23 22:56:49,618] {scheduler_job.py:190} INFO - Processing /home/airflow/sandbox/lib/python3.8/site-packages/airflow/example_dags/example_bash_operator.py took 0.399 seconds
[2021-09-23 22:57:58,317] {scheduler_job.py:182} INFO - Started process (PID=6022) to work on /home/airflow/sandbox/lib/python3.8/site-packages/airflow/example_dags/example_bash_operator.py
[2021-09-23 22:57:58,318] {scheduler_job.py:633} INFO - Processing file /home/airflow/sandbox/lib/python3.8/site-packages/airflow/example_dags/example_bash_operator.py for tasks to queue
[2021-09-23 22:57:58,319] {logging_mixin.py:104} INFO - [2021-09-23 22:57:58,319] {dagbag.py:487} INFO - Filling up the DagBag from /home/airflow/sandbox/lib/python3.8/site-packages/airflow/example_dags/example_bash_operator.py
[2021-09-23 22:57:58,335] {scheduler_job.py:643} INFO - DAG(s) dict_keys(['example_bash_operator']) retrieved from /home/airflow/sandbox/lib/python3.8/site-packages/airflow/example_dags/example_bash_operator.py
[2021-09-23 22:57:58,357] {logging_mixin.py:104} INFO - [2021-09-23 22:57:58,357] {dag.py:1832} INFO - Sync 1 DAGs
[2021-09-23 22:57:58,372] {logging_mixin.py:104} INFO - [2021-09-23 22:57:58,372] {dag.py:2305} INFO - Setting next_dagrun for example_bash_operator to 2021-09-23 00:00:00+00:00
[2021-09-23 22:57:58,395] {scheduler_job.py:190} INFO - Processing /home/airflow/sandbox/lib/python3.8/site-packages/airflow/example_dags/example_bash_operator.py took 0.081 seconds
[2021-09-23 22:58:33,570] {scheduler_job.py:182} INFO - Started process (PID=6114) to work on /home/airflow/sandbox/lib/python3.8/site-packages/airflow/example_dags/example_bash_operator.py
[2021-09-23 22:58:33,571] {scheduler_job.py:633} INFO - Processing file /home/airflow/sandbox/lib/python3.8/site-packages/airflow/example_dags/example_bash_operator.py for tasks to queue
[2021-09-23 22:58:33,572] {logging_mixin.py:104} INFO - [2021-09-23 22:58:33,572] {dagbag.py:487} INFO - Filling up the DagBag from /home/airflow/sandbox/lib/python3.8/site-packages/airflow/example_dags/example_bash_operator.py
[2021-09-23 22:58:33,583] {scheduler_job.py:643} INFO - DAG(s) dict_keys(['example_bash_operator']) retrieved from /home/airflow/sandbox/lib/python3.8/site-packages/airflow/example_dags/example_bash_operator.py
[2021-09-23 22:58:33,597] {logging_mixin.py:104} INFO - [2021-09-23 22:58:33,597] {dag.py:1832} INFO - Sync 1 DAGs
[2021-09-23 22:58:33,612] {logging_mixin.py:104} INFO - [2021-09-23 22:58:33,612] {dag.py:2305} INFO - Setting next_dagrun for example_bash_operator to 2021-09-23 00:00:00+00:00
[2021-09-23 22:58:33,635] {scheduler_job.py:190} INFO - Processing /home/airflow/sandbox/lib/python3.8/site-packages/airflow/example_dags/example_bash_operator.py took 0.070 seconds
[2021-09-23 22:59:07,696] {scheduler_job.py:182} INFO - Started process (PID=6206) to work on /home/airflow/sandbox/lib/python3.8/site-packages/airflow/example_dags/example_bash_operator.py
[2021-09-23 22:59:07,697] {scheduler_job.py:633} INFO - Processing file /home/airflow/sandbox/lib/python3.8/site-packages/airflow/example_dags/example_bash_operator.py for tasks to queue
[2021-09-23 22:59:07,697] {logging_mixin.py:104} INFO - [2021-09-23 22:59:07,697] {dagbag.py:487} INFO - Filling up the DagBag from /home/airflow/sandbox/lib/python3.8/site-packages/airflow/example_dags/example_bash_operator.py
[2021-09-23 22:59:07,711] {scheduler_job.py:643} INFO - DAG(s) dict_keys(['example_bash_operator']) retrieved from /home/airflow/sandbox/lib/python3.8/site-packages/airflow/example_dags/example_bash_operator.py
[2021-09-23 22:59:07,724] {logging_mixin.py:104} INFO - [2021-09-23 22:59:07,724] {dag.py:1832} INFO - Sync 1 DAGs
[2021-09-23 22:59:07,737] {logging_mixin.py:104} INFO - [2021-09-23 22:59:07,737] {dag.py:2305} INFO - Setting next_dagrun for example_bash_operator to 2021-09-23 00:00:00+00:00
[2021-09-23 22:59:07,756] {scheduler_job.py:190} INFO - Processing /home/airflow/sandbox/lib/python3.8/site-packages/airflow/example_dags/example_bash_operator.py took 0.065 seconds
[2021-09-23 22:59:42,806] {scheduler_job.py:182} INFO - Started process (PID=6239) to work on /home/airflow/sandbox/lib/python3.8/site-packages/airflow/example_dags/example_bash_operator.py
[2021-09-23 22:59:42,807] {scheduler_job.py:633} INFO - Processing file /home/airflow/sandbox/lib/python3.8/site-packages/airflow/example_dags/example_bash_operator.py for tasks to queue
[2021-09-23 22:59:42,808] {logging_mixin.py:104} INFO - [2021-09-23 22:59:42,807] {dagbag.py:487} INFO - Filling up the DagBag from /home/airflow/sandbox/lib/python3.8/site-packages/airflow/example_dags/example_bash_operator.py
[2021-09-23 22:59:42,823] {scheduler_job.py:643} INFO - DAG(s) dict_keys(['example_bash_operator']) retrieved from /home/airflow/sandbox/lib/python3.8/site-packages/airflow/example_dags/example_bash_operator.py
[2021-09-23 22:59:42,838] {logging_mixin.py:104} INFO - [2021-09-23 22:59:42,838] {dag.py:1832} INFO - Sync 1 DAGs
[2021-09-23 22:59:42,853] {logging_mixin.py:104} INFO - [2021-09-23 22:59:42,853] {dag.py:2305} INFO - Setting next_dagrun for example_bash_operator to 2021-09-23 00:00:00+00:00
[2021-09-23 22:59:42,874] {scheduler_job.py:190} INFO - Processing /home/airflow/sandbox/lib/python3.8/site-packages/airflow/example_dags/example_bash_operator.py took 0.071 seconds
[2021-09-23 23:00:19,119] {scheduler_job.py:182} INFO - Started process (PID=6273) to work on /home/airflow/sandbox/lib/python3.8/site-packages/airflow/example_dags/example_bash_operator.py
[2021-09-23 23:00:19,121] {scheduler_job.py:633} INFO - Processing file /home/airflow/sandbox/lib/python3.8/site-packages/airflow/example_dags/example_bash_operator.py for tasks to queue
[2021-09-23 23:00:19,121] {logging_mixin.py:104} INFO - [2021-09-23 23:00:19,121] {dagbag.py:487} INFO - Filling up the DagBag from /home/airflow/sandbox/lib/python3.8/site-packages/airflow/example_dags/example_bash_operator.py
[2021-09-23 23:00:19,137] {scheduler_job.py:643} INFO - DAG(s) dict_keys(['example_bash_operator']) retrieved from /home/airflow/sandbox/lib/python3.8/site-packages/airflow/example_dags/example_bash_operator.py
[2021-09-23 23:00:19,156] {logging_mixin.py:104} INFO - [2021-09-23 23:00:19,156] {dag.py:1832} INFO - Sync 1 DAGs
[2021-09-23 23:00:19,173] {logging_mixin.py:104} INFO - [2021-09-23 23:00:19,173] {dag.py:2305} INFO - Setting next_dagrun for example_bash_operator to 2021-09-23 00:00:00+00:00
[2021-09-23 23:00:19,195] {scheduler_job.py:190} INFO - Processing /home/airflow/sandbox/lib/python3.8/site-packages/airflow/example_dags/example_bash_operator.py took 0.080 seconds
[2021-09-23 23:00:52,335] {scheduler_job.py:182} INFO - Started process (PID=6349) to work on /home/airflow/sandbox/lib/python3.8/site-packages/airflow/example_dags/example_bash_operator.py
[2021-09-23 23:00:52,337] {scheduler_job.py:633} INFO - Processing file /home/airflow/sandbox/lib/python3.8/site-packages/airflow/example_dags/example_bash_operator.py for tasks to queue
[2021-09-23 23:00:52,338] {logging_mixin.py:104} INFO - [2021-09-23 23:00:52,338] {dagbag.py:487} INFO - Filling up the DagBag from /home/airflow/sandbox/lib/python3.8/site-packages/airflow/example_dags/example_bash_operator.py
[2021-09-23 23:00:52,361] {scheduler_job.py:643} INFO - DAG(s) dict_keys(['example_bash_operator']) retrieved from /home/airflow/sandbox/lib/python3.8/site-packages/airflow/example_dags/example_bash_operator.py
[2021-09-23 23:00:52,443] {logging_mixin.py:104} INFO - [2021-09-23 23:00:52,443] {dag.py:1832} INFO - Sync 1 DAGs
[2021-09-23 23:00:52,565] {logging_mixin.py:104} INFO - [2021-09-23 23:00:52,564] {dag.py:2305} INFO - Setting next_dagrun for example_bash_operator to 2021-09-23 00:00:00+00:00
[2021-09-23 23:00:52,630] {scheduler_job.py:190} INFO - Processing /home/airflow/sandbox/lib/python3.8/site-packages/airflow/example_dags/example_bash_operator.py took 0.302 seconds
[2021-09-23 23:01:31,841] {scheduler_job.py:182} INFO - Started process (PID=6382) to work on /home/airflow/sandbox/lib/python3.8/site-packages/airflow/example_dags/example_bash_operator.py
[2021-09-23 23:01:31,842] {scheduler_job.py:633} INFO - Processing file /home/airflow/sandbox/lib/python3.8/site-packages/airflow/example_dags/example_bash_operator.py for tasks to queue
[2021-09-23 23:01:31,843] {logging_mixin.py:104} INFO - [2021-09-23 23:01:31,843] {dagbag.py:487} INFO - Filling up the DagBag from /home/airflow/sandbox/lib/python3.8/site-packages/airflow/example_dags/example_bash_operator.py
[2021-09-23 23:01:31,855] {scheduler_job.py:643} INFO - DAG(s) dict_keys(['example_bash_operator']) retrieved from /home/airflow/sandbox/lib/python3.8/site-packages/airflow/example_dags/example_bash_operator.py
[2021-09-23 23:01:31,871] {logging_mixin.py:104} INFO - [2021-09-23 23:01:31,871] {dag.py:1832} INFO - Sync 1 DAGs
[2021-09-23 23:01:31,885] {logging_mixin.py:104} INFO - [2021-09-23 23:01:31,885] {dag.py:2305} INFO - Setting next_dagrun for example_bash_operator to 2021-09-23 00:00:00+00:00
[2021-09-23 23:01:31,905] {scheduler_job.py:190} INFO - Processing /home/airflow/sandbox/lib/python3.8/site-packages/airflow/example_dags/example_bash_operator.py took 0.067 seconds
[2021-09-23 23:02:11,188] {scheduler_job.py:182} INFO - Started process (PID=6487) to work on /home/airflow/sandbox/lib/python3.8/site-packages/airflow/example_dags/example_bash_operator.py
[2021-09-23 23:02:11,189] {scheduler_job.py:633} INFO - Processing file /home/airflow/sandbox/lib/python3.8/site-packages/airflow/example_dags/example_bash_operator.py for tasks to queue
[2021-09-23 23:02:11,190] {logging_mixin.py:104} INFO - [2021-09-23 23:02:11,190] {dagbag.py:487} INFO - Filling up the DagBag from /home/airflow/sandbox/lib/python3.8/site-packages/airflow/example_dags/example_bash_operator.py
[2021-09-23 23:02:11,201] {scheduler_job.py:643} INFO - DAG(s) dict_keys(['example_bash_operator']) retrieved from /home/airflow/sandbox/lib/python3.8/site-packages/airflow/example_dags/example_bash_operator.py
[2021-09-23 23:02:11,217] {logging_mixin.py:104} INFO - [2021-09-23 23:02:11,217] {dag.py:1832} INFO - Sync 1 DAGs
[2021-09-23 23:02:11,238] {logging_mixin.py:104} INFO - [2021-09-23 23:02:11,238] {dag.py:2305} INFO - Setting next_dagrun for example_bash_operator to 2021-09-23 00:00:00+00:00
[2021-09-23 23:02:11,310] {scheduler_job.py:190} INFO - Processing /home/airflow/sandbox/lib/python3.8/site-packages/airflow/example_dags/example_bash_operator.py took 0.124 seconds
[2021-09-23 23:02:48,250] {scheduler_job.py:182} INFO - Started process (PID=6560) to work on /home/airflow/sandbox/lib/python3.8/site-packages/airflow/example_dags/example_bash_operator.py
[2021-09-23 23:02:48,252] {scheduler_job.py:633} INFO - Processing file /home/airflow/sandbox/lib/python3.8/site-packages/airflow/example_dags/example_bash_operator.py for tasks to queue
[2021-09-23 23:02:48,253] {logging_mixin.py:104} INFO - [2021-09-23 23:02:48,252] {dagbag.py:487} INFO - Filling up the DagBag from /home/airflow/sandbox/lib/python3.8/site-packages/airflow/example_dags/example_bash_operator.py
[2021-09-23 23:02:48,265] {scheduler_job.py:643} INFO - DAG(s) dict_keys(['example_bash_operator']) retrieved from /home/airflow/sandbox/lib/python3.8/site-packages/airflow/example_dags/example_bash_operator.py
[2021-09-23 23:02:48,281] {logging_mixin.py:104} INFO - [2021-09-23 23:02:48,281] {dag.py:1832} INFO - Sync 1 DAGs
[2021-09-23 23:02:48,300] {logging_mixin.py:104} INFO - [2021-09-23 23:02:48,299] {dag.py:2305} INFO - Setting next_dagrun for example_bash_operator to 2021-09-23 00:00:00+00:00
[2021-09-23 23:02:48,322] {scheduler_job.py:190} INFO - Processing /home/airflow/sandbox/lib/python3.8/site-packages/airflow/example_dags/example_bash_operator.py took 0.076 seconds
[2021-09-23 23:03:21,848] {scheduler_job.py:182} INFO - Started process (PID=6596) to work on /home/airflow/sandbox/lib/python3.8/site-packages/airflow/example_dags/example_bash_operator.py
[2021-09-23 23:03:21,849] {scheduler_job.py:633} INFO - Processing file /home/airflow/sandbox/lib/python3.8/site-packages/airflow/example_dags/example_bash_operator.py for tasks to queue
[2021-09-23 23:03:21,850] {logging_mixin.py:104} INFO - [2021-09-23 23:03:21,850] {dagbag.py:487} INFO - Filling up the DagBag from /home/airflow/sandbox/lib/python3.8/site-packages/airflow/example_dags/example_bash_operator.py
[2021-09-23 23:03:21,879] {scheduler_job.py:643} INFO - DAG(s) dict_keys(['example_bash_operator']) retrieved from /home/airflow/sandbox/lib/python3.8/site-packages/airflow/example_dags/example_bash_operator.py
[2021-09-23 23:03:21,905] {logging_mixin.py:104} INFO - [2021-09-23 23:03:21,905] {dag.py:1832} INFO - Sync 1 DAGs
[2021-09-23 23:03:21,954] {logging_mixin.py:104} INFO - [2021-09-23 23:03:21,954] {dag.py:2305} INFO - Setting next_dagrun for example_bash_operator to 2021-09-23 00:00:00+00:00
[2021-09-23 23:03:21,995] {scheduler_job.py:190} INFO - Processing /home/airflow/sandbox/lib/python3.8/site-packages/airflow/example_dags/example_bash_operator.py took 0.155 seconds
[2021-09-23 23:03:58,027] {scheduler_job.py:182} INFO - Started process (PID=6870) to work on /home/airflow/sandbox/lib/python3.8/site-packages/airflow/example_dags/example_bash_operator.py
[2021-09-23 23:03:58,028] {scheduler_job.py:633} INFO - Processing file /home/airflow/sandbox/lib/python3.8/site-packages/airflow/example_dags/example_bash_operator.py for tasks to queue
[2021-09-23 23:03:58,028] {logging_mixin.py:104} INFO - [2021-09-23 23:03:58,028] {dagbag.py:487} INFO - Filling up the DagBag from /home/airflow/sandbox/lib/python3.8/site-packages/airflow/example_dags/example_bash_operator.py
[2021-09-23 23:03:58,050] {scheduler_job.py:643} INFO - DAG(s) dict_keys(['example_bash_operator']) retrieved from /home/airflow/sandbox/lib/python3.8/site-packages/airflow/example_dags/example_bash_operator.py
[2021-09-23 23:03:58,088] {logging_mixin.py:104} INFO - [2021-09-23 23:03:58,087] {dag.py:1832} INFO - Sync 1 DAGs
[2021-09-23 23:03:58,122] {logging_mixin.py:104} INFO - [2021-09-23 23:03:58,121] {dag.py:2305} INFO - Setting next_dagrun for example_bash_operator to 2021-09-23 00:00:00+00:00
[2021-09-23 23:03:58,156] {scheduler_job.py:190} INFO - Processing /home/airflow/sandbox/lib/python3.8/site-packages/airflow/example_dags/example_bash_operator.py took 0.131 seconds
[2021-09-23 23:04:33,469] {scheduler_job.py:182} INFO - Started process (PID=6927) to work on /home/airflow/sandbox/lib/python3.8/site-packages/airflow/example_dags/example_bash_operator.py
[2021-09-23 23:04:33,470] {scheduler_job.py:633} INFO - Processing file /home/airflow/sandbox/lib/python3.8/site-packages/airflow/example_dags/example_bash_operator.py for tasks to queue
[2021-09-23 23:04:33,471] {logging_mixin.py:104} INFO - [2021-09-23 23:04:33,471] {dagbag.py:487} INFO - Filling up the DagBag from /home/airflow/sandbox/lib/python3.8/site-packages/airflow/example_dags/example_bash_operator.py
[2021-09-23 23:04:33,483] {scheduler_job.py:643} INFO - DAG(s) dict_keys(['example_bash_operator']) retrieved from /home/airflow/sandbox/lib/python3.8/site-packages/airflow/example_dags/example_bash_operator.py
[2021-09-23 23:04:33,500] {logging_mixin.py:104} INFO - [2021-09-23 23:04:33,499] {dag.py:1832} INFO - Sync 1 DAGs
[2021-09-23 23:04:33,512] {logging_mixin.py:104} INFO - [2021-09-23 23:04:33,512] {dag.py:2305} INFO - Setting next_dagrun for example_bash_operator to 2021-09-23 00:00:00+00:00
[2021-09-23 23:04:33,534] {scheduler_job.py:190} INFO - Processing /home/airflow/sandbox/lib/python3.8/site-packages/airflow/example_dags/example_bash_operator.py took 0.067 seconds
[2021-09-23 23:05:06,207] {scheduler_job.py:182} INFO - Started process (PID=6985) to work on /home/airflow/sandbox/lib/python3.8/site-packages/airflow/example_dags/example_bash_operator.py
[2021-09-23 23:05:06,208] {scheduler_job.py:633} INFO - Processing file /home/airflow/sandbox/lib/python3.8/site-packages/airflow/example_dags/example_bash_operator.py for tasks to queue
[2021-09-23 23:05:06,208] {logging_mixin.py:104} INFO - [2021-09-23 23:05:06,208] {dagbag.py:487} INFO - Filling up the DagBag from /home/airflow/sandbox/lib/python3.8/site-packages/airflow/example_dags/example_bash_operator.py
[2021-09-23 23:05:06,225] {scheduler_job.py:643} INFO - DAG(s) dict_keys(['example_bash_operator']) retrieved from /home/airflow/sandbox/lib/python3.8/site-packages/airflow/example_dags/example_bash_operator.py
[2021-09-23 23:05:06,241] {logging_mixin.py:104} INFO - [2021-09-23 23:05:06,241] {dag.py:1832} INFO - Sync 1 DAGs
[2021-09-23 23:05:06,263] {logging_mixin.py:104} INFO - [2021-09-23 23:05:06,263] {dag.py:2305} INFO - Setting next_dagrun for example_bash_operator to 2021-09-23 00:00:00+00:00
[2021-09-23 23:05:06,284] {scheduler_job.py:190} INFO - Processing /home/airflow/sandbox/lib/python3.8/site-packages/airflow/example_dags/example_bash_operator.py took 0.080 seconds
[2021-09-23 23:05:41,288] {scheduler_job.py:182} INFO - Started process (PID=7060) to work on /home/airflow/sandbox/lib/python3.8/site-packages/airflow/example_dags/example_bash_operator.py
[2021-09-23 23:05:41,290] {scheduler_job.py:633} INFO - Processing file /home/airflow/sandbox/lib/python3.8/site-packages/airflow/example_dags/example_bash_operator.py for tasks to queue
[2021-09-23 23:05:41,290] {logging_mixin.py:104} INFO - [2021-09-23 23:05:41,290] {dagbag.py:487} INFO - Filling up the DagBag from /home/airflow/sandbox/lib/python3.8/site-packages/airflow/example_dags/example_bash_operator.py
[2021-09-23 23:05:41,302] {scheduler_job.py:643} INFO - DAG(s) dict_keys(['example_bash_operator']) retrieved from /home/airflow/sandbox/lib/python3.8/site-packages/airflow/example_dags/example_bash_operator.py
[2021-09-23 23:05:41,316] {logging_mixin.py:104} INFO - [2021-09-23 23:05:41,316] {dag.py:1832} INFO - Sync 1 DAGs
[2021-09-23 23:05:41,330] {logging_mixin.py:104} INFO - [2021-09-23 23:05:41,329] {dag.py:2305} INFO - Setting next_dagrun for example_bash_operator to 2021-09-23 00:00:00+00:00
[2021-09-23 23:05:41,350] {scheduler_job.py:190} INFO - Processing /home/airflow/sandbox/lib/python3.8/site-packages/airflow/example_dags/example_bash_operator.py took 0.065 seconds
[2021-09-23 23:06:17,366] {scheduler_job.py:182} INFO - Started process (PID=7162) to work on /home/airflow/sandbox/lib/python3.8/site-packages/airflow/example_dags/example_bash_operator.py
[2021-09-23 23:06:17,366] {scheduler_job.py:633} INFO - Processing file /home/airflow/sandbox/lib/python3.8/site-packages/airflow/example_dags/example_bash_operator.py for tasks to queue
[2021-09-23 23:06:17,367] {logging_mixin.py:104} INFO - [2021-09-23 23:06:17,367] {dagbag.py:487} INFO - Filling up the DagBag from /home/airflow/sandbox/lib/python3.8/site-packages/airflow/example_dags/example_bash_operator.py
[2021-09-23 23:06:17,417] {scheduler_job.py:643} INFO - DAG(s) dict_keys(['example_bash_operator']) retrieved from /home/airflow/sandbox/lib/python3.8/site-packages/airflow/example_dags/example_bash_operator.py
[2021-09-23 23:06:17,460] {logging_mixin.py:104} INFO - [2021-09-23 23:06:17,460] {dag.py:1832} INFO - Sync 1 DAGs
[2021-09-23 23:06:17,485] {logging_mixin.py:104} INFO - [2021-09-23 23:06:17,485] {dag.py:2305} INFO - Setting next_dagrun for example_bash_operator to 2021-09-23 00:00:00+00:00
[2021-09-23 23:06:17,518] {scheduler_job.py:190} INFO - Processing /home/airflow/sandbox/lib/python3.8/site-packages/airflow/example_dags/example_bash_operator.py took 0.172 seconds
[2021-09-23 23:06:55,076] {scheduler_job.py:182} INFO - Started process (PID=7321) to work on /home/airflow/sandbox/lib/python3.8/site-packages/airflow/example_dags/example_bash_operator.py
[2021-09-23 23:06:55,077] {scheduler_job.py:633} INFO - Processing file /home/airflow/sandbox/lib/python3.8/site-packages/airflow/example_dags/example_bash_operator.py for tasks to queue
[2021-09-23 23:06:55,078] {logging_mixin.py:104} INFO - [2021-09-23 23:06:55,077] {dagbag.py:487} INFO - Filling up the DagBag from /home/airflow/sandbox/lib/python3.8/site-packages/airflow/example_dags/example_bash_operator.py
[2021-09-23 23:06:55,091] {scheduler_job.py:643} INFO - DAG(s) dict_keys(['example_bash_operator']) retrieved from /home/airflow/sandbox/lib/python3.8/site-packages/airflow/example_dags/example_bash_operator.py
[2021-09-23 23:06:55,123] {logging_mixin.py:104} INFO - [2021-09-23 23:06:55,123] {dag.py:1832} INFO - Sync 1 DAGs
[2021-09-23 23:06:55,151] {logging_mixin.py:104} INFO - [2021-09-23 23:06:55,150] {dag.py:2305} INFO - Setting next_dagrun for example_bash_operator to 2021-09-23 00:00:00+00:00
[2021-09-23 23:06:55,181] {scheduler_job.py:190} INFO - Processing /home/airflow/sandbox/lib/python3.8/site-packages/airflow/example_dags/example_bash_operator.py took 0.108 seconds
[2021-09-23 23:07:30,800] {scheduler_job.py:182} INFO - Started process (PID=7369) to work on /home/airflow/sandbox/lib/python3.8/site-packages/airflow/example_dags/example_bash_operator.py
[2021-09-23 23:07:30,801] {scheduler_job.py:633} INFO - Processing file /home/airflow/sandbox/lib/python3.8/site-packages/airflow/example_dags/example_bash_operator.py for tasks to queue
[2021-09-23 23:07:30,801] {logging_mixin.py:104} INFO - [2021-09-23 23:07:30,801] {dagbag.py:487} INFO - Filling up the DagBag from /home/airflow/sandbox/lib/python3.8/site-packages/airflow/example_dags/example_bash_operator.py
[2021-09-23 23:07:30,814] {scheduler_job.py:643} INFO - DAG(s) dict_keys(['example_bash_operator']) retrieved from /home/airflow/sandbox/lib/python3.8/site-packages/airflow/example_dags/example_bash_operator.py
[2021-09-23 23:07:30,827] {logging_mixin.py:104} INFO - [2021-09-23 23:07:30,827] {dag.py:1832} INFO - Sync 1 DAGs
[2021-09-23 23:07:30,841] {logging_mixin.py:104} INFO - [2021-09-23 23:07:30,841] {dag.py:2305} INFO - Setting next_dagrun for example_bash_operator to 2021-09-23 00:00:00+00:00
[2021-09-23 23:07:30,863] {scheduler_job.py:190} INFO - Processing /home/airflow/sandbox/lib/python3.8/site-packages/airflow/example_dags/example_bash_operator.py took 0.066 seconds
[2021-09-23 23:08:05,799] {scheduler_job.py:182} INFO - Started process (PID=7403) to work on /home/airflow/sandbox/lib/python3.8/site-packages/airflow/example_dags/example_bash_operator.py
[2021-09-23 23:08:05,800] {scheduler_job.py:633} INFO - Processing file /home/airflow/sandbox/lib/python3.8/site-packages/airflow/example_dags/example_bash_operator.py for tasks to queue
[2021-09-23 23:08:05,801] {logging_mixin.py:104} INFO - [2021-09-23 23:08:05,801] {dagbag.py:487} INFO - Filling up the DagBag from /home/airflow/sandbox/lib/python3.8/site-packages/airflow/example_dags/example_bash_operator.py
[2021-09-23 23:08:05,813] {scheduler_job.py:643} INFO - DAG(s) dict_keys(['example_bash_operator']) retrieved from /home/airflow/sandbox/lib/python3.8/site-packages/airflow/example_dags/example_bash_operator.py
[2021-09-23 23:08:05,828] {logging_mixin.py:104} INFO - [2021-09-23 23:08:05,828] {dag.py:1832} INFO - Sync 1 DAGs
[2021-09-23 23:08:05,842] {logging_mixin.py:104} INFO - [2021-09-23 23:08:05,842] {dag.py:2305} INFO - Setting next_dagrun for example_bash_operator to 2021-09-23 00:00:00+00:00
[2021-09-23 23:08:05,860] {scheduler_job.py:190} INFO - Processing /home/airflow/sandbox/lib/python3.8/site-packages/airflow/example_dags/example_bash_operator.py took 0.064 seconds
[2021-09-23 23:08:39,451] {scheduler_job.py:182} INFO - Started process (PID=7482) to work on /home/airflow/sandbox/lib/python3.8/site-packages/airflow/example_dags/example_bash_operator.py
[2021-09-23 23:08:39,452] {scheduler_job.py:633} INFO - Processing file /home/airflow/sandbox/lib/python3.8/site-packages/airflow/example_dags/example_bash_operator.py for tasks to queue
[2021-09-23 23:08:39,453] {logging_mixin.py:104} INFO - [2021-09-23 23:08:39,453] {dagbag.py:487} INFO - Filling up the DagBag from /home/airflow/sandbox/lib/python3.8/site-packages/airflow/example_dags/example_bash_operator.py
[2021-09-23 23:08:39,469] {scheduler_job.py:643} INFO - DAG(s) dict_keys(['example_bash_operator']) retrieved from /home/airflow/sandbox/lib/python3.8/site-packages/airflow/example_dags/example_bash_operator.py
[2021-09-23 23:08:39,487] {logging_mixin.py:104} INFO - [2021-09-23 23:08:39,487] {dag.py:1832} INFO - Sync 1 DAGs
[2021-09-23 23:08:39,504] {logging_mixin.py:104} INFO - [2021-09-23 23:08:39,504] {dag.py:2305} INFO - Setting next_dagrun for example_bash_operator to 2021-09-23 00:00:00+00:00
[2021-09-23 23:08:39,532] {scheduler_job.py:190} INFO - Processing /home/airflow/sandbox/lib/python3.8/site-packages/airflow/example_dags/example_bash_operator.py took 0.083 seconds
[2021-09-23 23:09:13,957] {scheduler_job.py:182} INFO - Started process (PID=7560) to work on /home/airflow/sandbox/lib/python3.8/site-packages/airflow/example_dags/example_bash_operator.py
[2021-09-23 23:09:13,958] {scheduler_job.py:633} INFO - Processing file /home/airflow/sandbox/lib/python3.8/site-packages/airflow/example_dags/example_bash_operator.py for tasks to queue
[2021-09-23 23:09:13,959] {logging_mixin.py:104} INFO - [2021-09-23 23:09:13,959] {dagbag.py:487} INFO - Filling up the DagBag from /home/airflow/sandbox/lib/python3.8/site-packages/airflow/example_dags/example_bash_operator.py
[2021-09-23 23:09:13,980] {scheduler_job.py:643} INFO - DAG(s) dict_keys(['example_bash_operator']) retrieved from /home/airflow/sandbox/lib/python3.8/site-packages/airflow/example_dags/example_bash_operator.py
[2021-09-23 23:09:14,002] {logging_mixin.py:104} INFO - [2021-09-23 23:09:14,002] {dag.py:1832} INFO - Sync 1 DAGs
[2021-09-23 23:09:14,019] {logging_mixin.py:104} INFO - [2021-09-23 23:09:14,019] {dag.py:2305} INFO - Setting next_dagrun for example_bash_operator to 2021-09-23 00:00:00+00:00
[2021-09-23 23:09:14,042] {scheduler_job.py:190} INFO - Processing /home/airflow/sandbox/lib/python3.8/site-packages/airflow/example_dags/example_bash_operator.py took 0.088 seconds
[2021-09-23 23:09:46,348] {scheduler_job.py:182} INFO - Started process (PID=7653) to work on /home/airflow/sandbox/lib/python3.8/site-packages/airflow/example_dags/example_bash_operator.py
[2021-09-23 23:09:46,349] {scheduler_job.py:633} INFO - Processing file /home/airflow/sandbox/lib/python3.8/site-packages/airflow/example_dags/example_bash_operator.py for tasks to queue
[2021-09-23 23:09:46,350] {logging_mixin.py:104} INFO - [2021-09-23 23:09:46,350] {dagbag.py:487} INFO - Filling up the DagBag from /home/airflow/sandbox/lib/python3.8/site-packages/airflow/example_dags/example_bash_operator.py
[2021-09-23 23:09:46,362] {scheduler_job.py:643} INFO - DAG(s) dict_keys(['example_bash_operator']) retrieved from /home/airflow/sandbox/lib/python3.8/site-packages/airflow/example_dags/example_bash_operator.py
[2021-09-23 23:09:46,376] {logging_mixin.py:104} INFO - [2021-09-23 23:09:46,375] {dag.py:1832} INFO - Sync 1 DAGs
[2021-09-23 23:09:46,390] {logging_mixin.py:104} INFO - [2021-09-23 23:09:46,390] {dag.py:2305} INFO - Setting next_dagrun for example_bash_operator to 2021-09-23 00:00:00+00:00
[2021-09-23 23:09:46,410] {scheduler_job.py:190} INFO - Processing /home/airflow/sandbox/lib/python3.8/site-packages/airflow/example_dags/example_bash_operator.py took 0.064 seconds
[2021-09-23 23:10:21,595] {scheduler_job.py:182} INFO - Started process (PID=7701) to work on /home/airflow/sandbox/lib/python3.8/site-packages/airflow/example_dags/example_bash_operator.py
[2021-09-23 23:10:21,596] {scheduler_job.py:633} INFO - Processing file /home/airflow/sandbox/lib/python3.8/site-packages/airflow/example_dags/example_bash_operator.py for tasks to queue
[2021-09-23 23:10:21,597] {logging_mixin.py:104} INFO - [2021-09-23 23:10:21,596] {dagbag.py:487} INFO - Filling up the DagBag from /home/airflow/sandbox/lib/python3.8/site-packages/airflow/example_dags/example_bash_operator.py
[2021-09-23 23:10:21,609] {scheduler_job.py:643} INFO - DAG(s) dict_keys(['example_bash_operator']) retrieved from /home/airflow/sandbox/lib/python3.8/site-packages/airflow/example_dags/example_bash_operator.py
[2021-09-23 23:10:21,634] {logging_mixin.py:104} INFO - [2021-09-23 23:10:21,634] {dag.py:1832} INFO - Sync 1 DAGs
[2021-09-23 23:10:21,652] {logging_mixin.py:104} INFO - [2021-09-23 23:10:21,652] {dag.py:2305} INFO - Setting next_dagrun for example_bash_operator to 2021-09-23 00:00:00+00:00
[2021-09-23 23:10:21,671] {scheduler_job.py:190} INFO - Processing /home/airflow/sandbox/lib/python3.8/site-packages/airflow/example_dags/example_bash_operator.py took 0.079 seconds
[2021-09-23 23:11:00,061] {scheduler_job.py:182} INFO - Started process (PID=7914) to work on /home/airflow/sandbox/lib/python3.8/site-packages/airflow/example_dags/example_bash_operator.py
[2021-09-23 23:11:00,062] {scheduler_job.py:633} INFO - Processing file /home/airflow/sandbox/lib/python3.8/site-packages/airflow/example_dags/example_bash_operator.py for tasks to queue
[2021-09-23 23:11:00,062] {logging_mixin.py:104} INFO - [2021-09-23 23:11:00,062] {dagbag.py:487} INFO - Filling up the DagBag from /home/airflow/sandbox/lib/python3.8/site-packages/airflow/example_dags/example_bash_operator.py
[2021-09-23 23:11:00,074] {scheduler_job.py:643} INFO - DAG(s) dict_keys(['example_bash_operator']) retrieved from /home/airflow/sandbox/lib/python3.8/site-packages/airflow/example_dags/example_bash_operator.py
[2021-09-23 23:11:00,089] {logging_mixin.py:104} INFO - [2021-09-23 23:11:00,089] {dag.py:1832} INFO - Sync 1 DAGs
[2021-09-23 23:11:00,102] {logging_mixin.py:104} INFO - [2021-09-23 23:11:00,102] {dag.py:2305} INFO - Setting next_dagrun for example_bash_operator to 2021-09-23 00:00:00+00:00
[2021-09-23 23:11:00,124] {scheduler_job.py:190} INFO - Processing /home/airflow/sandbox/lib/python3.8/site-packages/airflow/example_dags/example_bash_operator.py took 0.066 seconds
[2021-09-23 23:11:35,442] {scheduler_job.py:182} INFO - Started process (PID=7997) to work on /home/airflow/sandbox/lib/python3.8/site-packages/airflow/example_dags/example_bash_operator.py
[2021-09-23 23:11:35,447] {scheduler_job.py:633} INFO - Processing file /home/airflow/sandbox/lib/python3.8/site-packages/airflow/example_dags/example_bash_operator.py for tasks to queue
[2021-09-23 23:11:35,448] {logging_mixin.py:104} INFO - [2021-09-23 23:11:35,448] {dagbag.py:487} INFO - Filling up the DagBag from /home/airflow/sandbox/lib/python3.8/site-packages/airflow/example_dags/example_bash_operator.py
[2021-09-23 23:11:35,469] {scheduler_job.py:643} INFO - DAG(s) dict_keys(['example_bash_operator']) retrieved from /home/airflow/sandbox/lib/python3.8/site-packages/airflow/example_dags/example_bash_operator.py
[2021-09-23 23:11:35,483] {logging_mixin.py:104} INFO - [2021-09-23 23:11:35,483] {dag.py:1832} INFO - Sync 1 DAGs
[2021-09-23 23:11:35,500] {logging_mixin.py:104} INFO - [2021-09-23 23:11:35,500] {dag.py:2305} INFO - Setting next_dagrun for example_bash_operator to 2021-09-23 00:00:00+00:00
[2021-09-23 23:11:35,523] {scheduler_job.py:190} INFO - Processing /home/airflow/sandbox/lib/python3.8/site-packages/airflow/example_dags/example_bash_operator.py took 0.084 seconds
[2021-09-23 23:12:13,118] {scheduler_job.py:182} INFO - Started process (PID=8173) to work on /home/airflow/sandbox/lib/python3.8/site-packages/airflow/example_dags/example_bash_operator.py
[2021-09-23 23:12:13,119] {scheduler_job.py:633} INFO - Processing file /home/airflow/sandbox/lib/python3.8/site-packages/airflow/example_dags/example_bash_operator.py for tasks to queue
[2021-09-23 23:12:13,119] {logging_mixin.py:104} INFO - [2021-09-23 23:12:13,119] {dagbag.py:487} INFO - Filling up the DagBag from /home/airflow/sandbox/lib/python3.8/site-packages/airflow/example_dags/example_bash_operator.py
[2021-09-23 23:12:13,130] {scheduler_job.py:643} INFO - DAG(s) dict_keys(['example_bash_operator']) retrieved from /home/airflow/sandbox/lib/python3.8/site-packages/airflow/example_dags/example_bash_operator.py
[2021-09-23 23:12:13,142] {logging_mixin.py:104} INFO - [2021-09-23 23:12:13,142] {dag.py:1832} INFO - Sync 1 DAGs
[2021-09-23 23:12:13,155] {logging_mixin.py:104} INFO - [2021-09-23 23:12:13,155] {dag.py:2305} INFO - Setting next_dagrun for example_bash_operator to 2021-09-23 00:00:00+00:00
[2021-09-23 23:12:13,171] {scheduler_job.py:190} INFO - Processing /home/airflow/sandbox/lib/python3.8/site-packages/airflow/example_dags/example_bash_operator.py took 0.056 seconds
[2021-09-23 23:12:50,513] {scheduler_job.py:182} INFO - Started process (PID=8391) to work on /home/airflow/sandbox/lib/python3.8/site-packages/airflow/example_dags/example_bash_operator.py
[2021-09-23 23:12:50,515] {scheduler_job.py:633} INFO - Processing file /home/airflow/sandbox/lib/python3.8/site-packages/airflow/example_dags/example_bash_operator.py for tasks to queue
[2021-09-23 23:12:50,515] {logging_mixin.py:104} INFO - [2021-09-23 23:12:50,515] {dagbag.py:487} INFO - Filling up the DagBag from /home/airflow/sandbox/lib/python3.8/site-packages/airflow/example_dags/example_bash_operator.py
[2021-09-23 23:12:50,527] {scheduler_job.py:643} INFO - DAG(s) dict_keys(['example_bash_operator']) retrieved from /home/airflow/sandbox/lib/python3.8/site-packages/airflow/example_dags/example_bash_operator.py
[2021-09-23 23:12:50,545] {logging_mixin.py:104} INFO - [2021-09-23 23:12:50,545] {dag.py:1832} INFO - Sync 1 DAGs
[2021-09-23 23:12:50,558] {logging_mixin.py:104} INFO - [2021-09-23 23:12:50,557] {dag.py:2305} INFO - Setting next_dagrun for example_bash_operator to 2021-09-23 00:00:00+00:00
[2021-09-23 23:12:50,579] {scheduler_job.py:190} INFO - Processing /home/airflow/sandbox/lib/python3.8/site-packages/airflow/example_dags/example_bash_operator.py took 0.070 seconds
[2021-09-23 23:13:28,000] {scheduler_job.py:182} INFO - Started process (PID=8425) to work on /home/airflow/sandbox/lib/python3.8/site-packages/airflow/example_dags/example_bash_operator.py
[2021-09-23 23:13:28,001] {scheduler_job.py:633} INFO - Processing file /home/airflow/sandbox/lib/python3.8/site-packages/airflow/example_dags/example_bash_operator.py for tasks to queue
[2021-09-23 23:13:28,002] {logging_mixin.py:104} INFO - [2021-09-23 23:13:28,002] {dagbag.py:487} INFO - Filling up the DagBag from /home/airflow/sandbox/lib/python3.8/site-packages/airflow/example_dags/example_bash_operator.py
[2021-09-23 23:13:28,018] {scheduler_job.py:643} INFO - DAG(s) dict_keys(['example_bash_operator']) retrieved from /home/airflow/sandbox/lib/python3.8/site-packages/airflow/example_dags/example_bash_operator.py
[2021-09-23 23:13:28,033] {logging_mixin.py:104} INFO - [2021-09-23 23:13:28,033] {dag.py:1832} INFO - Sync 1 DAGs
[2021-09-23 23:13:28,047] {logging_mixin.py:104} INFO - [2021-09-23 23:13:28,047] {dag.py:2305} INFO - Setting next_dagrun for example_bash_operator to 2021-09-23 00:00:00+00:00
[2021-09-23 23:13:28,067] {scheduler_job.py:190} INFO - Processing /home/airflow/sandbox/lib/python3.8/site-packages/airflow/example_dags/example_bash_operator.py took 0.069 seconds
[2021-09-23 23:14:03,140] {scheduler_job.py:182} INFO - Started process (PID=8457) to work on /home/airflow/sandbox/lib/python3.8/site-packages/airflow/example_dags/example_bash_operator.py
[2021-09-23 23:14:03,141] {scheduler_job.py:633} INFO - Processing file /home/airflow/sandbox/lib/python3.8/site-packages/airflow/example_dags/example_bash_operator.py for tasks to queue
[2021-09-23 23:14:03,146] {logging_mixin.py:104} INFO - [2021-09-23 23:14:03,146] {dagbag.py:487} INFO - Filling up the DagBag from /home/airflow/sandbox/lib/python3.8/site-packages/airflow/example_dags/example_bash_operator.py
[2021-09-23 23:14:03,183] {scheduler_job.py:643} INFO - DAG(s) dict_keys(['example_bash_operator']) retrieved from /home/airflow/sandbox/lib/python3.8/site-packages/airflow/example_dags/example_bash_operator.py
[2021-09-23 23:14:03,205] {logging_mixin.py:104} INFO - [2021-09-23 23:14:03,205] {dag.py:1832} INFO - Sync 1 DAGs
[2021-09-23 23:14:03,223] {logging_mixin.py:104} INFO - [2021-09-23 23:14:03,222] {dag.py:2305} INFO - Setting next_dagrun for example_bash_operator to 2021-09-23 00:00:00+00:00
[2021-09-23 23:14:03,261] {scheduler_job.py:190} INFO - Processing /home/airflow/sandbox/lib/python3.8/site-packages/airflow/example_dags/example_bash_operator.py took 0.124 seconds
[2021-09-23 23:14:36,750] {scheduler_job.py:182} INFO - Started process (PID=8489) to work on /home/airflow/sandbox/lib/python3.8/site-packages/airflow/example_dags/example_bash_operator.py
[2021-09-23 23:14:36,753] {scheduler_job.py:633} INFO - Processing file /home/airflow/sandbox/lib/python3.8/site-packages/airflow/example_dags/example_bash_operator.py for tasks to queue
[2021-09-23 23:14:36,754] {logging_mixin.py:104} INFO - [2021-09-23 23:14:36,754] {dagbag.py:487} INFO - Filling up the DagBag from /home/airflow/sandbox/lib/python3.8/site-packages/airflow/example_dags/example_bash_operator.py
[2021-09-23 23:14:36,764] {scheduler_job.py:643} INFO - DAG(s) dict_keys(['example_bash_operator']) retrieved from /home/airflow/sandbox/lib/python3.8/site-packages/airflow/example_dags/example_bash_operator.py
[2021-09-23 23:14:36,775] {logging_mixin.py:104} INFO - [2021-09-23 23:14:36,775] {dag.py:1832} INFO - Sync 1 DAGs
[2021-09-23 23:14:36,787] {logging_mixin.py:104} INFO - [2021-09-23 23:14:36,787] {dag.py:2305} INFO - Setting next_dagrun for example_bash_operator to 2021-09-23 00:00:00+00:00
[2021-09-23 23:14:36,806] {scheduler_job.py:190} INFO - Processing /home/airflow/sandbox/lib/python3.8/site-packages/airflow/example_dags/example_bash_operator.py took 0.058 seconds
[2021-09-23 23:15:15,085] {scheduler_job.py:182} INFO - Started process (PID=8750) to work on /home/airflow/sandbox/lib/python3.8/site-packages/airflow/example_dags/example_bash_operator.py
[2021-09-23 23:15:15,085] {scheduler_job.py:633} INFO - Processing file /home/airflow/sandbox/lib/python3.8/site-packages/airflow/example_dags/example_bash_operator.py for tasks to queue
[2021-09-23 23:15:15,086] {logging_mixin.py:104} INFO - [2021-09-23 23:15:15,086] {dagbag.py:487} INFO - Filling up the DagBag from /home/airflow/sandbox/lib/python3.8/site-packages/airflow/example_dags/example_bash_operator.py
[2021-09-23 23:15:15,098] {scheduler_job.py:643} INFO - DAG(s) dict_keys(['example_bash_operator']) retrieved from /home/airflow/sandbox/lib/python3.8/site-packages/airflow/example_dags/example_bash_operator.py
[2021-09-23 23:15:15,112] {logging_mixin.py:104} INFO - [2021-09-23 23:15:15,112] {dag.py:1832} INFO - Sync 1 DAGs
[2021-09-23 23:15:15,126] {logging_mixin.py:104} INFO - [2021-09-23 23:15:15,126] {dag.py:2305} INFO - Setting next_dagrun for example_bash_operator to 2021-09-23 00:00:00+00:00
[2021-09-23 23:15:15,143] {scheduler_job.py:190} INFO - Processing /home/airflow/sandbox/lib/python3.8/site-packages/airflow/example_dags/example_bash_operator.py took 0.061 seconds
[2021-09-23 23:15:47,247] {scheduler_job.py:182} INFO - Started process (PID=8941) to work on /home/airflow/sandbox/lib/python3.8/site-packages/airflow/example_dags/example_bash_operator.py
[2021-09-23 23:15:47,248] {scheduler_job.py:633} INFO - Processing file /home/airflow/sandbox/lib/python3.8/site-packages/airflow/example_dags/example_bash_operator.py for tasks to queue
[2021-09-23 23:15:47,248] {logging_mixin.py:104} INFO - [2021-09-23 23:15:47,248] {dagbag.py:487} INFO - Filling up the DagBag from /home/airflow/sandbox/lib/python3.8/site-packages/airflow/example_dags/example_bash_operator.py
[2021-09-23 23:15:47,261] {scheduler_job.py:643} INFO - DAG(s) dict_keys(['example_bash_operator']) retrieved from /home/airflow/sandbox/lib/python3.8/site-packages/airflow/example_dags/example_bash_operator.py
[2021-09-23 23:15:47,274] {logging_mixin.py:104} INFO - [2021-09-23 23:15:47,274] {dag.py:1832} INFO - Sync 1 DAGs
[2021-09-23 23:15:47,290] {logging_mixin.py:104} INFO - [2021-09-23 23:15:47,290] {dag.py:2305} INFO - Setting next_dagrun for example_bash_operator to 2021-09-23 00:00:00+00:00
[2021-09-23 23:15:47,311] {scheduler_job.py:190} INFO - Processing /home/airflow/sandbox/lib/python3.8/site-packages/airflow/example_dags/example_bash_operator.py took 0.067 seconds
[2021-09-23 23:16:22,209] {scheduler_job.py:182} INFO - Started process (PID=9079) to work on /home/airflow/sandbox/lib/python3.8/site-packages/airflow/example_dags/example_bash_operator.py
[2021-09-23 23:16:22,210] {scheduler_job.py:633} INFO - Processing file /home/airflow/sandbox/lib/python3.8/site-packages/airflow/example_dags/example_bash_operator.py for tasks to queue
[2021-09-23 23:16:22,211] {logging_mixin.py:104} INFO - [2021-09-23 23:16:22,211] {dagbag.py:487} INFO - Filling up the DagBag from /home/airflow/sandbox/lib/python3.8/site-packages/airflow/example_dags/example_bash_operator.py
[2021-09-23 23:16:22,226] {scheduler_job.py:643} INFO - DAG(s) dict_keys(['example_bash_operator']) retrieved from /home/airflow/sandbox/lib/python3.8/site-packages/airflow/example_dags/example_bash_operator.py
[2021-09-23 23:16:22,240] {logging_mixin.py:104} INFO - [2021-09-23 23:16:22,240] {dag.py:1832} INFO - Sync 1 DAGs
[2021-09-23 23:16:22,256] {logging_mixin.py:104} INFO - [2021-09-23 23:16:22,256] {dag.py:2305} INFO - Setting next_dagrun for example_bash_operator to 2021-09-23 00:00:00+00:00
[2021-09-23 23:16:22,276] {scheduler_job.py:190} INFO - Processing /home/airflow/sandbox/lib/python3.8/site-packages/airflow/example_dags/example_bash_operator.py took 0.069 seconds
[2021-09-23 23:16:57,432] {scheduler_job.py:182} INFO - Started process (PID=9214) to work on /home/airflow/sandbox/lib/python3.8/site-packages/airflow/example_dags/example_bash_operator.py
[2021-09-23 23:16:57,432] {scheduler_job.py:633} INFO - Processing file /home/airflow/sandbox/lib/python3.8/site-packages/airflow/example_dags/example_bash_operator.py for tasks to queue
[2021-09-23 23:16:57,433] {logging_mixin.py:104} INFO - [2021-09-23 23:16:57,433] {dagbag.py:487} INFO - Filling up the DagBag from /home/airflow/sandbox/lib/python3.8/site-packages/airflow/example_dags/example_bash_operator.py
[2021-09-23 23:16:57,445] {scheduler_job.py:643} INFO - DAG(s) dict_keys(['example_bash_operator']) retrieved from /home/airflow/sandbox/lib/python3.8/site-packages/airflow/example_dags/example_bash_operator.py
[2021-09-23 23:16:57,458] {logging_mixin.py:104} INFO - [2021-09-23 23:16:57,458] {dag.py:1832} INFO - Sync 1 DAGs
[2021-09-23 23:16:57,473] {logging_mixin.py:104} INFO - [2021-09-23 23:16:57,473] {dag.py:2305} INFO - Setting next_dagrun for example_bash_operator to 2021-09-23 00:00:00+00:00
[2021-09-23 23:16:57,493] {scheduler_job.py:190} INFO - Processing /home/airflow/sandbox/lib/python3.8/site-packages/airflow/example_dags/example_bash_operator.py took 0.064 seconds
[2021-09-23 23:43:40,398] {scheduler_job.py:182} INFO - Started process (PID=9326) to work on /home/airflow/sandbox/lib/python3.8/site-packages/airflow/example_dags/example_bash_operator.py
[2021-09-23 23:43:40,399] {scheduler_job.py:633} INFO - Processing file /home/airflow/sandbox/lib/python3.8/site-packages/airflow/example_dags/example_bash_operator.py for tasks to queue
[2021-09-23 23:43:40,400] {logging_mixin.py:104} INFO - [2021-09-23 23:43:40,400] {dagbag.py:487} INFO - Filling up the DagBag from /home/airflow/sandbox/lib/python3.8/site-packages/airflow/example_dags/example_bash_operator.py
[2021-09-23 23:43:40,416] {scheduler_job.py:643} INFO - DAG(s) dict_keys(['example_bash_operator']) retrieved from /home/airflow/sandbox/lib/python3.8/site-packages/airflow/example_dags/example_bash_operator.py
[2021-09-23 23:43:40,431] {logging_mixin.py:104} INFO - [2021-09-23 23:43:40,431] {dag.py:1832} INFO - Sync 1 DAGs
[2021-09-23 23:43:40,446] {logging_mixin.py:104} INFO - [2021-09-23 23:43:40,446] {dag.py:2305} INFO - Setting next_dagrun for example_bash_operator to 2021-09-23 00:00:00+00:00
[2021-09-23 23:43:40,470] {scheduler_job.py:190} INFO - Processing /home/airflow/sandbox/lib/python3.8/site-packages/airflow/example_dags/example_bash_operator.py took 0.074 seconds
[2021-09-23 23:44:14,234] {scheduler_job.py:182} INFO - Started process (PID=9359) to work on /home/airflow/sandbox/lib/python3.8/site-packages/airflow/example_dags/example_bash_operator.py
[2021-09-23 23:44:14,235] {scheduler_job.py:633} INFO - Processing file /home/airflow/sandbox/lib/python3.8/site-packages/airflow/example_dags/example_bash_operator.py for tasks to queue
[2021-09-23 23:44:14,236] {logging_mixin.py:104} INFO - [2021-09-23 23:44:14,236] {dagbag.py:487} INFO - Filling up the DagBag from /home/airflow/sandbox/lib/python3.8/site-packages/airflow/example_dags/example_bash_operator.py
[2021-09-23 23:44:14,250] {scheduler_job.py:643} INFO - DAG(s) dict_keys(['example_bash_operator']) retrieved from /home/airflow/sandbox/lib/python3.8/site-packages/airflow/example_dags/example_bash_operator.py
[2021-09-23 23:44:14,267] {logging_mixin.py:104} INFO - [2021-09-23 23:44:14,266] {dag.py:1832} INFO - Sync 1 DAGs
[2021-09-23 23:44:14,305] {logging_mixin.py:104} INFO - [2021-09-23 23:44:14,305] {dag.py:2305} INFO - Setting next_dagrun for example_bash_operator to 2021-09-23 00:00:00+00:00
[2021-09-23 23:44:14,330] {scheduler_job.py:190} INFO - Processing /home/airflow/sandbox/lib/python3.8/site-packages/airflow/example_dags/example_bash_operator.py took 0.099 seconds
[2021-09-23 23:44:47,571] {scheduler_job.py:182} INFO - Started process (PID=9392) to work on /home/airflow/sandbox/lib/python3.8/site-packages/airflow/example_dags/example_bash_operator.py
[2021-09-23 23:44:47,572] {scheduler_job.py:633} INFO - Processing file /home/airflow/sandbox/lib/python3.8/site-packages/airflow/example_dags/example_bash_operator.py for tasks to queue
[2021-09-23 23:44:47,572] {logging_mixin.py:104} INFO - [2021-09-23 23:44:47,572] {dagbag.py:487} INFO - Filling up the DagBag from /home/airflow/sandbox/lib/python3.8/site-packages/airflow/example_dags/example_bash_operator.py
[2021-09-23 23:44:47,585] {scheduler_job.py:643} INFO - DAG(s) dict_keys(['example_bash_operator']) retrieved from /home/airflow/sandbox/lib/python3.8/site-packages/airflow/example_dags/example_bash_operator.py
[2021-09-23 23:44:47,599] {logging_mixin.py:104} INFO - [2021-09-23 23:44:47,599] {dag.py:1832} INFO - Sync 1 DAGs
[2021-09-23 23:44:47,610] {logging_mixin.py:104} INFO - [2021-09-23 23:44:47,610] {dag.py:2305} INFO - Setting next_dagrun for example_bash_operator to 2021-09-23 00:00:00+00:00
[2021-09-23 23:44:47,632] {scheduler_job.py:190} INFO - Processing /home/airflow/sandbox/lib/python3.8/site-packages/airflow/example_dags/example_bash_operator.py took 0.064 seconds
[2021-09-23 23:45:22,160] {scheduler_job.py:182} INFO - Started process (PID=9424) to work on /home/airflow/sandbox/lib/python3.8/site-packages/airflow/example_dags/example_bash_operator.py
[2021-09-23 23:45:22,161] {scheduler_job.py:633} INFO - Processing file /home/airflow/sandbox/lib/python3.8/site-packages/airflow/example_dags/example_bash_operator.py for tasks to queue
[2021-09-23 23:45:22,162] {logging_mixin.py:104} INFO - [2021-09-23 23:45:22,162] {dagbag.py:487} INFO - Filling up the DagBag from /home/airflow/sandbox/lib/python3.8/site-packages/airflow/example_dags/example_bash_operator.py
[2021-09-23 23:45:22,177] {scheduler_job.py:643} INFO - DAG(s) dict_keys(['example_bash_operator']) retrieved from /home/airflow/sandbox/lib/python3.8/site-packages/airflow/example_dags/example_bash_operator.py
[2021-09-23 23:45:22,193] {logging_mixin.py:104} INFO - [2021-09-23 23:45:22,193] {dag.py:1832} INFO - Sync 1 DAGs
[2021-09-23 23:45:22,205] {logging_mixin.py:104} INFO - [2021-09-23 23:45:22,205] {dag.py:2305} INFO - Setting next_dagrun for example_bash_operator to 2021-09-23 00:00:00+00:00
[2021-09-23 23:45:22,222] {scheduler_job.py:190} INFO - Processing /home/airflow/sandbox/lib/python3.8/site-packages/airflow/example_dags/example_bash_operator.py took 0.065 seconds
[2021-09-23 23:45:56,815] {scheduler_job.py:182} INFO - Started process (PID=9456) to work on /home/airflow/sandbox/lib/python3.8/site-packages/airflow/example_dags/example_bash_operator.py
[2021-09-23 23:45:56,816] {scheduler_job.py:633} INFO - Processing file /home/airflow/sandbox/lib/python3.8/site-packages/airflow/example_dags/example_bash_operator.py for tasks to queue
[2021-09-23 23:45:56,816] {logging_mixin.py:104} INFO - [2021-09-23 23:45:56,816] {dagbag.py:487} INFO - Filling up the DagBag from /home/airflow/sandbox/lib/python3.8/site-packages/airflow/example_dags/example_bash_operator.py
[2021-09-23 23:45:56,828] {scheduler_job.py:643} INFO - DAG(s) dict_keys(['example_bash_operator']) retrieved from /home/airflow/sandbox/lib/python3.8/site-packages/airflow/example_dags/example_bash_operator.py
[2021-09-23 23:45:56,840] {logging_mixin.py:104} INFO - [2021-09-23 23:45:56,840] {dag.py:1832} INFO - Sync 1 DAGs
[2021-09-23 23:45:56,854] {logging_mixin.py:104} INFO - [2021-09-23 23:45:56,854] {dag.py:2305} INFO - Setting next_dagrun for example_bash_operator to 2021-09-23 00:00:00+00:00
[2021-09-23 23:45:56,875] {scheduler_job.py:190} INFO - Processing /home/airflow/sandbox/lib/python3.8/site-packages/airflow/example_dags/example_bash_operator.py took 0.063 seconds
[2021-09-23 23:46:28,995] {scheduler_job.py:182} INFO - Started process (PID=9489) to work on /home/airflow/sandbox/lib/python3.8/site-packages/airflow/example_dags/example_bash_operator.py
[2021-09-23 23:46:28,996] {scheduler_job.py:633} INFO - Processing file /home/airflow/sandbox/lib/python3.8/site-packages/airflow/example_dags/example_bash_operator.py for tasks to queue
[2021-09-23 23:46:28,996] {logging_mixin.py:104} INFO - [2021-09-23 23:46:28,996] {dagbag.py:487} INFO - Filling up the DagBag from /home/airflow/sandbox/lib/python3.8/site-packages/airflow/example_dags/example_bash_operator.py
[2021-09-23 23:46:29,008] {scheduler_job.py:643} INFO - DAG(s) dict_keys(['example_bash_operator']) retrieved from /home/airflow/sandbox/lib/python3.8/site-packages/airflow/example_dags/example_bash_operator.py
[2021-09-23 23:46:29,022] {logging_mixin.py:104} INFO - [2021-09-23 23:46:29,022] {dag.py:1832} INFO - Sync 1 DAGs
[2021-09-23 23:46:29,037] {logging_mixin.py:104} INFO - [2021-09-23 23:46:29,037] {dag.py:2305} INFO - Setting next_dagrun for example_bash_operator to 2021-09-23 00:00:00+00:00
[2021-09-23 23:46:29,063] {scheduler_job.py:190} INFO - Processing /home/airflow/sandbox/lib/python3.8/site-packages/airflow/example_dags/example_bash_operator.py took 0.073 seconds
[2021-09-23 23:47:03,820] {scheduler_job.py:182} INFO - Started process (PID=9565) to work on /home/airflow/sandbox/lib/python3.8/site-packages/airflow/example_dags/example_bash_operator.py
[2021-09-23 23:47:03,821] {scheduler_job.py:633} INFO - Processing file /home/airflow/sandbox/lib/python3.8/site-packages/airflow/example_dags/example_bash_operator.py for tasks to queue
[2021-09-23 23:47:03,822] {logging_mixin.py:104} INFO - [2021-09-23 23:47:03,822] {dagbag.py:487} INFO - Filling up the DagBag from /home/airflow/sandbox/lib/python3.8/site-packages/airflow/example_dags/example_bash_operator.py
[2021-09-23 23:47:03,834] {scheduler_job.py:643} INFO - DAG(s) dict_keys(['example_bash_operator']) retrieved from /home/airflow/sandbox/lib/python3.8/site-packages/airflow/example_dags/example_bash_operator.py
[2021-09-23 23:47:03,848] {logging_mixin.py:104} INFO - [2021-09-23 23:47:03,848] {dag.py:1832} INFO - Sync 1 DAGs
[2021-09-23 23:47:03,860] {logging_mixin.py:104} INFO - [2021-09-23 23:47:03,860] {dag.py:2305} INFO - Setting next_dagrun for example_bash_operator to 2021-09-23 00:00:00+00:00
[2021-09-23 23:47:03,882] {scheduler_job.py:190} INFO - Processing /home/airflow/sandbox/lib/python3.8/site-packages/airflow/example_dags/example_bash_operator.py took 0.064 seconds
[2021-09-23 23:47:39,092] {scheduler_job.py:182} INFO - Started process (PID=9599) to work on /home/airflow/sandbox/lib/python3.8/site-packages/airflow/example_dags/example_bash_operator.py
[2021-09-23 23:47:39,092] {scheduler_job.py:633} INFO - Processing file /home/airflow/sandbox/lib/python3.8/site-packages/airflow/example_dags/example_bash_operator.py for tasks to queue
[2021-09-23 23:47:39,093] {logging_mixin.py:104} INFO - [2021-09-23 23:47:39,093] {dagbag.py:487} INFO - Filling up the DagBag from /home/airflow/sandbox/lib/python3.8/site-packages/airflow/example_dags/example_bash_operator.py
[2021-09-23 23:47:39,105] {scheduler_job.py:643} INFO - DAG(s) dict_keys(['example_bash_operator']) retrieved from /home/airflow/sandbox/lib/python3.8/site-packages/airflow/example_dags/example_bash_operator.py
[2021-09-23 23:47:39,119] {logging_mixin.py:104} INFO - [2021-09-23 23:47:39,119] {dag.py:1832} INFO - Sync 1 DAGs
[2021-09-23 23:47:39,132] {logging_mixin.py:104} INFO - [2021-09-23 23:47:39,131] {dag.py:2305} INFO - Setting next_dagrun for example_bash_operator to 2021-09-23 00:00:00+00:00
[2021-09-23 23:47:39,149] {scheduler_job.py:190} INFO - Processing /home/airflow/sandbox/lib/python3.8/site-packages/airflow/example_dags/example_bash_operator.py took 0.060 seconds
[2021-09-23 23:48:13,093] {scheduler_job.py:182} INFO - Started process (PID=9632) to work on /home/airflow/sandbox/lib/python3.8/site-packages/airflow/example_dags/example_bash_operator.py
[2021-09-23 23:48:13,095] {scheduler_job.py:633} INFO - Processing file /home/airflow/sandbox/lib/python3.8/site-packages/airflow/example_dags/example_bash_operator.py for tasks to queue
[2021-09-23 23:48:13,096] {logging_mixin.py:104} INFO - [2021-09-23 23:48:13,096] {dagbag.py:487} INFO - Filling up the DagBag from /home/airflow/sandbox/lib/python3.8/site-packages/airflow/example_dags/example_bash_operator.py
[2021-09-23 23:48:13,115] {scheduler_job.py:643} INFO - DAG(s) dict_keys(['example_bash_operator']) retrieved from /home/airflow/sandbox/lib/python3.8/site-packages/airflow/example_dags/example_bash_operator.py
[2021-09-23 23:48:13,133] {logging_mixin.py:104} INFO - [2021-09-23 23:48:13,133] {dag.py:1832} INFO - Sync 1 DAGs
[2021-09-23 23:48:13,145] {logging_mixin.py:104} INFO - [2021-09-23 23:48:13,145] {dag.py:2305} INFO - Setting next_dagrun for example_bash_operator to 2021-09-23 00:00:00+00:00
[2021-09-23 23:48:13,163] {scheduler_job.py:190} INFO - Processing /home/airflow/sandbox/lib/python3.8/site-packages/airflow/example_dags/example_bash_operator.py took 0.073 seconds
[2021-09-23 23:48:48,263] {scheduler_job.py:182} INFO - Started process (PID=9664) to work on /home/airflow/sandbox/lib/python3.8/site-packages/airflow/example_dags/example_bash_operator.py
[2021-09-23 23:48:48,264] {scheduler_job.py:633} INFO - Processing file /home/airflow/sandbox/lib/python3.8/site-packages/airflow/example_dags/example_bash_operator.py for tasks to queue
[2021-09-23 23:48:48,265] {logging_mixin.py:104} INFO - [2021-09-23 23:48:48,265] {dagbag.py:487} INFO - Filling up the DagBag from /home/airflow/sandbox/lib/python3.8/site-packages/airflow/example_dags/example_bash_operator.py
[2021-09-23 23:48:48,277] {scheduler_job.py:643} INFO - DAG(s) dict_keys(['example_bash_operator']) retrieved from /home/airflow/sandbox/lib/python3.8/site-packages/airflow/example_dags/example_bash_operator.py
[2021-09-23 23:48:48,292] {logging_mixin.py:104} INFO - [2021-09-23 23:48:48,291] {dag.py:1832} INFO - Sync 1 DAGs
[2021-09-23 23:48:48,303] {logging_mixin.py:104} INFO - [2021-09-23 23:48:48,303] {dag.py:2305} INFO - Setting next_dagrun for example_bash_operator to 2021-09-23 00:00:00+00:00
[2021-09-23 23:48:48,322] {scheduler_job.py:190} INFO - Processing /home/airflow/sandbox/lib/python3.8/site-packages/airflow/example_dags/example_bash_operator.py took 0.062 seconds
[2021-09-23 23:49:25,279] {scheduler_job.py:182} INFO - Started process (PID=9698) to work on /home/airflow/sandbox/lib/python3.8/site-packages/airflow/example_dags/example_bash_operator.py
[2021-09-23 23:49:25,280] {scheduler_job.py:633} INFO - Processing file /home/airflow/sandbox/lib/python3.8/site-packages/airflow/example_dags/example_bash_operator.py for tasks to queue
[2021-09-23 23:49:25,280] {logging_mixin.py:104} INFO - [2021-09-23 23:49:25,280] {dagbag.py:487} INFO - Filling up the DagBag from /home/airflow/sandbox/lib/python3.8/site-packages/airflow/example_dags/example_bash_operator.py
[2021-09-23 23:49:25,294] {scheduler_job.py:643} INFO - DAG(s) dict_keys(['example_bash_operator']) retrieved from /home/airflow/sandbox/lib/python3.8/site-packages/airflow/example_dags/example_bash_operator.py
[2021-09-23 23:49:25,308] {logging_mixin.py:104} INFO - [2021-09-23 23:49:25,308] {dag.py:1832} INFO - Sync 1 DAGs
[2021-09-23 23:49:25,323] {logging_mixin.py:104} INFO - [2021-09-23 23:49:25,323] {dag.py:2305} INFO - Setting next_dagrun for example_bash_operator to 2021-09-23 00:00:00+00:00
[2021-09-23 23:49:25,343] {scheduler_job.py:190} INFO - Processing /home/airflow/sandbox/lib/python3.8/site-packages/airflow/example_dags/example_bash_operator.py took 0.067 seconds
[2021-09-23 23:49:59,459] {scheduler_job.py:182} INFO - Started process (PID=9731) to work on /home/airflow/sandbox/lib/python3.8/site-packages/airflow/example_dags/example_bash_operator.py
[2021-09-23 23:49:59,460] {scheduler_job.py:633} INFO - Processing file /home/airflow/sandbox/lib/python3.8/site-packages/airflow/example_dags/example_bash_operator.py for tasks to queue
[2021-09-23 23:49:59,461] {logging_mixin.py:104} INFO - [2021-09-23 23:49:59,461] {dagbag.py:487} INFO - Filling up the DagBag from /home/airflow/sandbox/lib/python3.8/site-packages/airflow/example_dags/example_bash_operator.py
[2021-09-23 23:49:59,477] {scheduler_job.py:643} INFO - DAG(s) dict_keys(['example_bash_operator']) retrieved from /home/airflow/sandbox/lib/python3.8/site-packages/airflow/example_dags/example_bash_operator.py
[2021-09-23 23:49:59,492] {logging_mixin.py:104} INFO - [2021-09-23 23:49:59,492] {dag.py:1832} INFO - Sync 1 DAGs
[2021-09-23 23:49:59,507] {logging_mixin.py:104} INFO - [2021-09-23 23:49:59,507] {dag.py:2305} INFO - Setting next_dagrun for example_bash_operator to 2021-09-23 00:00:00+00:00
[2021-09-23 23:49:59,529] {scheduler_job.py:190} INFO - Processing /home/airflow/sandbox/lib/python3.8/site-packages/airflow/example_dags/example_bash_operator.py took 0.074 seconds
[2021-09-23 23:50:33,476] {scheduler_job.py:182} INFO - Started process (PID=9766) to work on /home/airflow/sandbox/lib/python3.8/site-packages/airflow/example_dags/example_bash_operator.py
[2021-09-23 23:50:33,479] {scheduler_job.py:633} INFO - Processing file /home/airflow/sandbox/lib/python3.8/site-packages/airflow/example_dags/example_bash_operator.py for tasks to queue
[2021-09-23 23:50:33,480] {logging_mixin.py:104} INFO - [2021-09-23 23:50:33,480] {dagbag.py:487} INFO - Filling up the DagBag from /home/airflow/sandbox/lib/python3.8/site-packages/airflow/example_dags/example_bash_operator.py
[2021-09-23 23:50:33,498] {scheduler_job.py:643} INFO - DAG(s) dict_keys(['example_bash_operator']) retrieved from /home/airflow/sandbox/lib/python3.8/site-packages/airflow/example_dags/example_bash_operator.py
[2021-09-23 23:50:33,513] {logging_mixin.py:104} INFO - [2021-09-23 23:50:33,513] {dag.py:1832} INFO - Sync 1 DAGs
[2021-09-23 23:50:33,526] {logging_mixin.py:104} INFO - [2021-09-23 23:50:33,526] {dag.py:2305} INFO - Setting next_dagrun for example_bash_operator to 2021-09-23 00:00:00+00:00
[2021-09-23 23:50:33,548] {scheduler_job.py:190} INFO - Processing /home/airflow/sandbox/lib/python3.8/site-packages/airflow/example_dags/example_bash_operator.py took 0.076 seconds
[2021-09-23 23:51:07,710] {scheduler_job.py:182} INFO - Started process (PID=9798) to work on /home/airflow/sandbox/lib/python3.8/site-packages/airflow/example_dags/example_bash_operator.py
[2021-09-23 23:51:07,711] {scheduler_job.py:633} INFO - Processing file /home/airflow/sandbox/lib/python3.8/site-packages/airflow/example_dags/example_bash_operator.py for tasks to queue
[2021-09-23 23:51:07,712] {logging_mixin.py:104} INFO - [2021-09-23 23:51:07,712] {dagbag.py:487} INFO - Filling up the DagBag from /home/airflow/sandbox/lib/python3.8/site-packages/airflow/example_dags/example_bash_operator.py
[2021-09-23 23:51:07,724] {scheduler_job.py:643} INFO - DAG(s) dict_keys(['example_bash_operator']) retrieved from /home/airflow/sandbox/lib/python3.8/site-packages/airflow/example_dags/example_bash_operator.py
[2021-09-23 23:51:07,738] {logging_mixin.py:104} INFO - [2021-09-23 23:51:07,738] {dag.py:1832} INFO - Sync 1 DAGs
[2021-09-23 23:51:07,750] {logging_mixin.py:104} INFO - [2021-09-23 23:51:07,750] {dag.py:2305} INFO - Setting next_dagrun for example_bash_operator to 2021-09-23 00:00:00+00:00
[2021-09-23 23:51:07,769] {scheduler_job.py:190} INFO - Processing /home/airflow/sandbox/lib/python3.8/site-packages/airflow/example_dags/example_bash_operator.py took 0.061 seconds
[2021-09-23 23:51:41,553] {scheduler_job.py:182} INFO - Started process (PID=9874) to work on /home/airflow/sandbox/lib/python3.8/site-packages/airflow/example_dags/example_bash_operator.py
[2021-09-23 23:51:41,554] {scheduler_job.py:633} INFO - Processing file /home/airflow/sandbox/lib/python3.8/site-packages/airflow/example_dags/example_bash_operator.py for tasks to queue
[2021-09-23 23:51:41,555] {logging_mixin.py:104} INFO - [2021-09-23 23:51:41,555] {dagbag.py:487} INFO - Filling up the DagBag from /home/airflow/sandbox/lib/python3.8/site-packages/airflow/example_dags/example_bash_operator.py
[2021-09-23 23:51:41,568] {scheduler_job.py:643} INFO - DAG(s) dict_keys(['example_bash_operator']) retrieved from /home/airflow/sandbox/lib/python3.8/site-packages/airflow/example_dags/example_bash_operator.py
[2021-09-23 23:51:41,585] {logging_mixin.py:104} INFO - [2021-09-23 23:51:41,585] {dag.py:1832} INFO - Sync 1 DAGs
[2021-09-23 23:51:41,596] {logging_mixin.py:104} INFO - [2021-09-23 23:51:41,596] {dag.py:2305} INFO - Setting next_dagrun for example_bash_operator to 2021-09-23 00:00:00+00:00
[2021-09-23 23:51:41,616] {scheduler_job.py:190} INFO - Processing /home/airflow/sandbox/lib/python3.8/site-packages/airflow/example_dags/example_bash_operator.py took 0.067 seconds
[2021-09-23 23:52:17,741] {scheduler_job.py:182} INFO - Started process (PID=9908) to work on /home/airflow/sandbox/lib/python3.8/site-packages/airflow/example_dags/example_bash_operator.py
[2021-09-23 23:52:17,742] {scheduler_job.py:633} INFO - Processing file /home/airflow/sandbox/lib/python3.8/site-packages/airflow/example_dags/example_bash_operator.py for tasks to queue
[2021-09-23 23:52:17,742] {logging_mixin.py:104} INFO - [2021-09-23 23:52:17,742] {dagbag.py:487} INFO - Filling up the DagBag from /home/airflow/sandbox/lib/python3.8/site-packages/airflow/example_dags/example_bash_operator.py
[2021-09-23 23:52:17,753] {scheduler_job.py:643} INFO - DAG(s) dict_keys(['example_bash_operator']) retrieved from /home/airflow/sandbox/lib/python3.8/site-packages/airflow/example_dags/example_bash_operator.py
[2021-09-23 23:52:17,767] {logging_mixin.py:104} INFO - [2021-09-23 23:52:17,767] {dag.py:1832} INFO - Sync 1 DAGs
[2021-09-23 23:52:17,781] {logging_mixin.py:104} INFO - [2021-09-23 23:52:17,781] {dag.py:2305} INFO - Setting next_dagrun for example_bash_operator to 2021-09-23 00:00:00+00:00
[2021-09-23 23:52:17,813] {scheduler_job.py:190} INFO - Processing /home/airflow/sandbox/lib/python3.8/site-packages/airflow/example_dags/example_bash_operator.py took 0.076 seconds
[2021-09-23 23:52:51,021] {scheduler_job.py:182} INFO - Started process (PID=9941) to work on /home/airflow/sandbox/lib/python3.8/site-packages/airflow/example_dags/example_bash_operator.py
[2021-09-23 23:52:51,022] {scheduler_job.py:633} INFO - Processing file /home/airflow/sandbox/lib/python3.8/site-packages/airflow/example_dags/example_bash_operator.py for tasks to queue
[2021-09-23 23:52:51,022] {logging_mixin.py:104} INFO - [2021-09-23 23:52:51,022] {dagbag.py:487} INFO - Filling up the DagBag from /home/airflow/sandbox/lib/python3.8/site-packages/airflow/example_dags/example_bash_operator.py
[2021-09-23 23:52:51,038] {scheduler_job.py:643} INFO - DAG(s) dict_keys(['example_bash_operator']) retrieved from /home/airflow/sandbox/lib/python3.8/site-packages/airflow/example_dags/example_bash_operator.py
[2021-09-23 23:52:51,052] {logging_mixin.py:104} INFO - [2021-09-23 23:52:51,052] {dag.py:1832} INFO - Sync 1 DAGs
[2021-09-23 23:52:51,065] {logging_mixin.py:104} INFO - [2021-09-23 23:52:51,065] {dag.py:2305} INFO - Setting next_dagrun for example_bash_operator to 2021-09-23 00:00:00+00:00
[2021-09-23 23:52:51,082] {scheduler_job.py:190} INFO - Processing /home/airflow/sandbox/lib/python3.8/site-packages/airflow/example_dags/example_bash_operator.py took 0.065 seconds
[2021-09-23 23:53:27,028] {scheduler_job.py:182} INFO - Started process (PID=9976) to work on /home/airflow/sandbox/lib/python3.8/site-packages/airflow/example_dags/example_bash_operator.py
[2021-09-23 23:53:27,029] {scheduler_job.py:633} INFO - Processing file /home/airflow/sandbox/lib/python3.8/site-packages/airflow/example_dags/example_bash_operator.py for tasks to queue
[2021-09-23 23:53:27,030] {logging_mixin.py:104} INFO - [2021-09-23 23:53:27,030] {dagbag.py:487} INFO - Filling up the DagBag from /home/airflow/sandbox/lib/python3.8/site-packages/airflow/example_dags/example_bash_operator.py
[2021-09-23 23:53:27,048] {scheduler_job.py:643} INFO - DAG(s) dict_keys(['example_bash_operator']) retrieved from /home/airflow/sandbox/lib/python3.8/site-packages/airflow/example_dags/example_bash_operator.py
[2021-09-23 23:53:27,063] {logging_mixin.py:104} INFO - [2021-09-23 23:53:27,063] {dag.py:1832} INFO - Sync 1 DAGs
[2021-09-23 23:53:27,075] {logging_mixin.py:104} INFO - [2021-09-23 23:53:27,074] {dag.py:2305} INFO - Setting next_dagrun for example_bash_operator to 2021-09-23 00:00:00+00:00
[2021-09-23 23:53:27,096] {scheduler_job.py:190} INFO - Processing /home/airflow/sandbox/lib/python3.8/site-packages/airflow/example_dags/example_bash_operator.py took 0.072 seconds
[2021-09-23 23:54:01,619] {scheduler_job.py:182} INFO - Started process (PID=10009) to work on /home/airflow/sandbox/lib/python3.8/site-packages/airflow/example_dags/example_bash_operator.py
[2021-09-23 23:54:01,620] {scheduler_job.py:633} INFO - Processing file /home/airflow/sandbox/lib/python3.8/site-packages/airflow/example_dags/example_bash_operator.py for tasks to queue
[2021-09-23 23:54:01,620] {logging_mixin.py:104} INFO - [2021-09-23 23:54:01,620] {dagbag.py:487} INFO - Filling up the DagBag from /home/airflow/sandbox/lib/python3.8/site-packages/airflow/example_dags/example_bash_operator.py
[2021-09-23 23:54:01,632] {scheduler_job.py:643} INFO - DAG(s) dict_keys(['example_bash_operator']) retrieved from /home/airflow/sandbox/lib/python3.8/site-packages/airflow/example_dags/example_bash_operator.py
[2021-09-23 23:54:01,648] {logging_mixin.py:104} INFO - [2021-09-23 23:54:01,648] {dag.py:1832} INFO - Sync 1 DAGs
[2021-09-23 23:54:01,662] {logging_mixin.py:104} INFO - [2021-09-23 23:54:01,662] {dag.py:2305} INFO - Setting next_dagrun for example_bash_operator to 2021-09-23 00:00:00+00:00
[2021-09-23 23:54:01,683] {scheduler_job.py:190} INFO - Processing /home/airflow/sandbox/lib/python3.8/site-packages/airflow/example_dags/example_bash_operator.py took 0.068 seconds
[2021-09-23 23:54:34,953] {scheduler_job.py:182} INFO - Started process (PID=10041) to work on /home/airflow/sandbox/lib/python3.8/site-packages/airflow/example_dags/example_bash_operator.py
[2021-09-23 23:54:34,954] {scheduler_job.py:633} INFO - Processing file /home/airflow/sandbox/lib/python3.8/site-packages/airflow/example_dags/example_bash_operator.py for tasks to queue
[2021-09-23 23:54:34,955] {logging_mixin.py:104} INFO - [2021-09-23 23:54:34,954] {dagbag.py:487} INFO - Filling up the DagBag from /home/airflow/sandbox/lib/python3.8/site-packages/airflow/example_dags/example_bash_operator.py
[2021-09-23 23:54:34,968] {scheduler_job.py:643} INFO - DAG(s) dict_keys(['example_bash_operator']) retrieved from /home/airflow/sandbox/lib/python3.8/site-packages/airflow/example_dags/example_bash_operator.py
[2021-09-23 23:54:34,982] {logging_mixin.py:104} INFO - [2021-09-23 23:54:34,982] {dag.py:1832} INFO - Sync 1 DAGs
[2021-09-23 23:54:34,998] {logging_mixin.py:104} INFO - [2021-09-23 23:54:34,998] {dag.py:2305} INFO - Setting next_dagrun for example_bash_operator to 2021-09-23 00:00:00+00:00
[2021-09-23 23:54:35,019] {scheduler_job.py:190} INFO - Processing /home/airflow/sandbox/lib/python3.8/site-packages/airflow/example_dags/example_bash_operator.py took 0.069 seconds
[2021-09-23 23:55:11,210] {scheduler_job.py:182} INFO - Started process (PID=10075) to work on /home/airflow/sandbox/lib/python3.8/site-packages/airflow/example_dags/example_bash_operator.py
[2021-09-23 23:55:11,211] {scheduler_job.py:633} INFO - Processing file /home/airflow/sandbox/lib/python3.8/site-packages/airflow/example_dags/example_bash_operator.py for tasks to queue
[2021-09-23 23:55:11,211] {logging_mixin.py:104} INFO - [2021-09-23 23:55:11,211] {dagbag.py:487} INFO - Filling up the DagBag from /home/airflow/sandbox/lib/python3.8/site-packages/airflow/example_dags/example_bash_operator.py
[2021-09-23 23:55:11,224] {scheduler_job.py:643} INFO - DAG(s) dict_keys(['example_bash_operator']) retrieved from /home/airflow/sandbox/lib/python3.8/site-packages/airflow/example_dags/example_bash_operator.py
[2021-09-23 23:55:11,237] {logging_mixin.py:104} INFO - [2021-09-23 23:55:11,237] {dag.py:1832} INFO - Sync 1 DAGs
[2021-09-23 23:55:11,252] {logging_mixin.py:104} INFO - [2021-09-23 23:55:11,252] {dag.py:2305} INFO - Setting next_dagrun for example_bash_operator to 2021-09-23 00:00:00+00:00
[2021-09-23 23:55:11,268] {scheduler_job.py:190} INFO - Processing /home/airflow/sandbox/lib/python3.8/site-packages/airflow/example_dags/example_bash_operator.py took 0.061 seconds
[2021-09-23 23:55:46,586] {scheduler_job.py:182} INFO - Started process (PID=10192) to work on /home/airflow/sandbox/lib/python3.8/site-packages/airflow/example_dags/example_bash_operator.py
[2021-09-23 23:55:46,587] {scheduler_job.py:633} INFO - Processing file /home/airflow/sandbox/lib/python3.8/site-packages/airflow/example_dags/example_bash_operator.py for tasks to queue
[2021-09-23 23:55:46,587] {logging_mixin.py:104} INFO - [2021-09-23 23:55:46,587] {dagbag.py:487} INFO - Filling up the DagBag from /home/airflow/sandbox/lib/python3.8/site-packages/airflow/example_dags/example_bash_operator.py
[2021-09-23 23:55:46,600] {scheduler_job.py:643} INFO - DAG(s) dict_keys(['example_bash_operator']) retrieved from /home/airflow/sandbox/lib/python3.8/site-packages/airflow/example_dags/example_bash_operator.py
[2021-09-23 23:55:46,618] {logging_mixin.py:104} INFO - [2021-09-23 23:55:46,618] {dag.py:1832} INFO - Sync 1 DAGs
[2021-09-23 23:55:46,631] {logging_mixin.py:104} INFO - [2021-09-23 23:55:46,631] {dag.py:2305} INFO - Setting next_dagrun for example_bash_operator to 2021-09-23 00:00:00+00:00
[2021-09-23 23:55:46,649] {scheduler_job.py:190} INFO - Processing /home/airflow/sandbox/lib/python3.8/site-packages/airflow/example_dags/example_bash_operator.py took 0.066 seconds
[2021-09-23 23:56:21,439] {scheduler_job.py:182} INFO - Started process (PID=10226) to work on /home/airflow/sandbox/lib/python3.8/site-packages/airflow/example_dags/example_bash_operator.py
[2021-09-23 23:56:21,440] {scheduler_job.py:633} INFO - Processing file /home/airflow/sandbox/lib/python3.8/site-packages/airflow/example_dags/example_bash_operator.py for tasks to queue
[2021-09-23 23:56:21,441] {logging_mixin.py:104} INFO - [2021-09-23 23:56:21,441] {dagbag.py:487} INFO - Filling up the DagBag from /home/airflow/sandbox/lib/python3.8/site-packages/airflow/example_dags/example_bash_operator.py
[2021-09-23 23:56:21,457] {scheduler_job.py:643} INFO - DAG(s) dict_keys(['example_bash_operator']) retrieved from /home/airflow/sandbox/lib/python3.8/site-packages/airflow/example_dags/example_bash_operator.py
[2021-09-23 23:56:21,472] {logging_mixin.py:104} INFO - [2021-09-23 23:56:21,472] {dag.py:1832} INFO - Sync 1 DAGs
[2021-09-23 23:56:21,485] {logging_mixin.py:104} INFO - [2021-09-23 23:56:21,485] {dag.py:2305} INFO - Setting next_dagrun for example_bash_operator to 2021-09-23 00:00:00+00:00
[2021-09-23 23:56:21,505] {scheduler_job.py:190} INFO - Processing /home/airflow/sandbox/lib/python3.8/site-packages/airflow/example_dags/example_bash_operator.py took 0.069 seconds
[2021-09-23 23:56:57,891] {scheduler_job.py:182} INFO - Started process (PID=10303) to work on /home/airflow/sandbox/lib/python3.8/site-packages/airflow/example_dags/example_bash_operator.py
[2021-09-23 23:56:57,892] {scheduler_job.py:633} INFO - Processing file /home/airflow/sandbox/lib/python3.8/site-packages/airflow/example_dags/example_bash_operator.py for tasks to queue
[2021-09-23 23:56:57,893] {logging_mixin.py:104} INFO - [2021-09-23 23:56:57,893] {dagbag.py:487} INFO - Filling up the DagBag from /home/airflow/sandbox/lib/python3.8/site-packages/airflow/example_dags/example_bash_operator.py
[2021-09-23 23:56:57,904] {scheduler_job.py:643} INFO - DAG(s) dict_keys(['example_bash_operator']) retrieved from /home/airflow/sandbox/lib/python3.8/site-packages/airflow/example_dags/example_bash_operator.py
[2021-09-23 23:56:57,919] {logging_mixin.py:104} INFO - [2021-09-23 23:56:57,919] {dag.py:1832} INFO - Sync 1 DAGs
[2021-09-23 23:56:57,932] {logging_mixin.py:104} INFO - [2021-09-23 23:56:57,932] {dag.py:2305} INFO - Setting next_dagrun for example_bash_operator to 2021-09-23 00:00:00+00:00
[2021-09-23 23:56:57,953] {scheduler_job.py:190} INFO - Processing /home/airflow/sandbox/lib/python3.8/site-packages/airflow/example_dags/example_bash_operator.py took 0.065 seconds
[2021-09-23 23:57:36,635] {scheduler_job.py:182} INFO - Started process (PID=10652) to work on /home/airflow/sandbox/lib/python3.8/site-packages/airflow/example_dags/example_bash_operator.py
[2021-09-23 23:57:36,635] {scheduler_job.py:633} INFO - Processing file /home/airflow/sandbox/lib/python3.8/site-packages/airflow/example_dags/example_bash_operator.py for tasks to queue
[2021-09-23 23:57:36,636] {logging_mixin.py:104} INFO - [2021-09-23 23:57:36,636] {dagbag.py:487} INFO - Filling up the DagBag from /home/airflow/sandbox/lib/python3.8/site-packages/airflow/example_dags/example_bash_operator.py
[2021-09-23 23:57:36,673] {scheduler_job.py:643} INFO - DAG(s) dict_keys(['example_bash_operator']) retrieved from /home/airflow/sandbox/lib/python3.8/site-packages/airflow/example_dags/example_bash_operator.py
[2021-09-23 23:57:36,702] {logging_mixin.py:104} INFO - [2021-09-23 23:57:36,702] {dag.py:1832} INFO - Sync 1 DAGs
[2021-09-23 23:57:36,716] {logging_mixin.py:104} INFO - [2021-09-23 23:57:36,716] {dag.py:2305} INFO - Setting next_dagrun for example_bash_operator to 2021-09-23 00:00:00+00:00
[2021-09-23 23:57:36,756] {scheduler_job.py:190} INFO - Processing /home/airflow/sandbox/lib/python3.8/site-packages/airflow/example_dags/example_bash_operator.py took 0.136 seconds
[2021-09-23 23:58:17,994] {scheduler_job.py:182} INFO - Started process (PID=10867) to work on /home/airflow/sandbox/lib/python3.8/site-packages/airflow/example_dags/example_bash_operator.py
[2021-09-23 23:58:17,995] {scheduler_job.py:633} INFO - Processing file /home/airflow/sandbox/lib/python3.8/site-packages/airflow/example_dags/example_bash_operator.py for tasks to queue
[2021-09-23 23:58:17,996] {logging_mixin.py:104} INFO - [2021-09-23 23:58:17,996] {dagbag.py:487} INFO - Filling up the DagBag from /home/airflow/sandbox/lib/python3.8/site-packages/airflow/example_dags/example_bash_operator.py
[2021-09-23 23:58:18,011] {scheduler_job.py:643} INFO - DAG(s) dict_keys(['example_bash_operator']) retrieved from /home/airflow/sandbox/lib/python3.8/site-packages/airflow/example_dags/example_bash_operator.py
[2021-09-23 23:58:18,028] {logging_mixin.py:104} INFO - [2021-09-23 23:58:18,028] {dag.py:1832} INFO - Sync 1 DAGs
[2021-09-23 23:58:18,042] {logging_mixin.py:104} INFO - [2021-09-23 23:58:18,042] {dag.py:2305} INFO - Setting next_dagrun for example_bash_operator to 2021-09-23 00:00:00+00:00
[2021-09-23 23:58:18,065] {scheduler_job.py:190} INFO - Processing /home/airflow/sandbox/lib/python3.8/site-packages/airflow/example_dags/example_bash_operator.py took 0.076 seconds
[2021-09-23 23:58:53,654] {scheduler_job.py:182} INFO - Started process (PID=10901) to work on /home/airflow/sandbox/lib/python3.8/site-packages/airflow/example_dags/example_bash_operator.py
[2021-09-23 23:58:53,667] {scheduler_job.py:633} INFO - Processing file /home/airflow/sandbox/lib/python3.8/site-packages/airflow/example_dags/example_bash_operator.py for tasks to queue
[2021-09-23 23:58:53,667] {logging_mixin.py:104} INFO - [2021-09-23 23:58:53,667] {dagbag.py:487} INFO - Filling up the DagBag from /home/airflow/sandbox/lib/python3.8/site-packages/airflow/example_dags/example_bash_operator.py
[2021-09-23 23:58:53,685] {scheduler_job.py:643} INFO - DAG(s) dict_keys(['example_bash_operator']) retrieved from /home/airflow/sandbox/lib/python3.8/site-packages/airflow/example_dags/example_bash_operator.py
[2021-09-23 23:58:53,705] {logging_mixin.py:104} INFO - [2021-09-23 23:58:53,704] {dag.py:1832} INFO - Sync 1 DAGs
[2021-09-23 23:58:53,724] {logging_mixin.py:104} INFO - [2021-09-23 23:58:53,724] {dag.py:2305} INFO - Setting next_dagrun for example_bash_operator to 2021-09-23 00:00:00+00:00
[2021-09-23 23:58:53,742] {scheduler_job.py:190} INFO - Processing /home/airflow/sandbox/lib/python3.8/site-packages/airflow/example_dags/example_bash_operator.py took 0.094 seconds
[2021-09-23 23:59:28,968] {scheduler_job.py:182} INFO - Started process (PID=10934) to work on /home/airflow/sandbox/lib/python3.8/site-packages/airflow/example_dags/example_bash_operator.py
[2021-09-23 23:59:28,969] {scheduler_job.py:633} INFO - Processing file /home/airflow/sandbox/lib/python3.8/site-packages/airflow/example_dags/example_bash_operator.py for tasks to queue
[2021-09-23 23:59:28,970] {logging_mixin.py:104} INFO - [2021-09-23 23:59:28,970] {dagbag.py:487} INFO - Filling up the DagBag from /home/airflow/sandbox/lib/python3.8/site-packages/airflow/example_dags/example_bash_operator.py
[2021-09-23 23:59:28,995] {scheduler_job.py:643} INFO - DAG(s) dict_keys(['example_bash_operator']) retrieved from /home/airflow/sandbox/lib/python3.8/site-packages/airflow/example_dags/example_bash_operator.py
[2021-09-23 23:59:29,019] {logging_mixin.py:104} INFO - [2021-09-23 23:59:29,018] {dag.py:1832} INFO - Sync 1 DAGs
[2021-09-23 23:59:29,041] {logging_mixin.py:104} INFO - [2021-09-23 23:59:29,041] {dag.py:2305} INFO - Setting next_dagrun for example_bash_operator to 2021-09-23 00:00:00+00:00
[2021-09-23 23:59:29,061] {scheduler_job.py:190} INFO - Processing /home/airflow/sandbox/lib/python3.8/site-packages/airflow/example_dags/example_bash_operator.py took 0.097 seconds
