[2021-09-23 22:57:07,325] {scheduler_job.py:182} INFO - Started process (PID=5741) to work on /home/airflow/sandbox/lib/python3.8/site-packages/airflow/example_dags/example_kubernetes_executor.py
[2021-09-23 22:57:07,325] {scheduler_job.py:633} INFO - Processing file /home/airflow/sandbox/lib/python3.8/site-packages/airflow/example_dags/example_kubernetes_executor.py for tasks to queue
[2021-09-23 22:57:07,326] {logging_mixin.py:104} INFO - [2021-09-23 22:57:07,326] {dagbag.py:487} INFO - Filling up the DagBag from /home/airflow/sandbox/lib/python3.8/site-packages/airflow/example_dags/example_kubernetes_executor.py
[2021-09-23 22:57:07,343] {scheduler_job.py:643} INFO - DAG(s) dict_keys(['example_kubernetes_executor']) retrieved from /home/airflow/sandbox/lib/python3.8/site-packages/airflow/example_dags/example_kubernetes_executor.py
[2021-09-23 22:57:07,686] {logging_mixin.py:104} INFO - [2021-09-23 22:57:07,686] {dag.py:1832} INFO - Sync 1 DAGs
[2021-09-23 22:57:07,697] {logging_mixin.py:104} INFO - [2021-09-23 22:57:07,697] {dag.py:2305} INFO - Setting next_dagrun for example_kubernetes_executor to None
[2021-09-23 22:57:07,721] {scheduler_job.py:190} INFO - Processing /home/airflow/sandbox/lib/python3.8/site-packages/airflow/example_dags/example_kubernetes_executor.py took 0.398 seconds
[2021-09-23 22:57:59,447] {scheduler_job.py:182} INFO - Started process (PID=6023) to work on /home/airflow/sandbox/lib/python3.8/site-packages/airflow/example_dags/example_kubernetes_executor.py
[2021-09-23 22:57:59,450] {scheduler_job.py:633} INFO - Processing file /home/airflow/sandbox/lib/python3.8/site-packages/airflow/example_dags/example_kubernetes_executor.py for tasks to queue
[2021-09-23 22:57:59,451] {logging_mixin.py:104} INFO - [2021-09-23 22:57:59,451] {dagbag.py:487} INFO - Filling up the DagBag from /home/airflow/sandbox/lib/python3.8/site-packages/airflow/example_dags/example_kubernetes_executor.py
[2021-09-23 22:57:59,463] {scheduler_job.py:643} INFO - DAG(s) dict_keys(['example_kubernetes_executor']) retrieved from /home/airflow/sandbox/lib/python3.8/site-packages/airflow/example_dags/example_kubernetes_executor.py
[2021-09-23 22:57:59,481] {logging_mixin.py:104} INFO - [2021-09-23 22:57:59,481] {dag.py:1832} INFO - Sync 1 DAGs
[2021-09-23 22:57:59,494] {logging_mixin.py:104} INFO - [2021-09-23 22:57:59,494] {dag.py:2305} INFO - Setting next_dagrun for example_kubernetes_executor to None
[2021-09-23 22:57:59,517] {scheduler_job.py:190} INFO - Processing /home/airflow/sandbox/lib/python3.8/site-packages/airflow/example_dags/example_kubernetes_executor.py took 0.073 seconds
[2021-09-23 22:58:34,704] {scheduler_job.py:182} INFO - Started process (PID=6115) to work on /home/airflow/sandbox/lib/python3.8/site-packages/airflow/example_dags/example_kubernetes_executor.py
[2021-09-23 22:58:34,705] {scheduler_job.py:633} INFO - Processing file /home/airflow/sandbox/lib/python3.8/site-packages/airflow/example_dags/example_kubernetes_executor.py for tasks to queue
[2021-09-23 22:58:34,706] {logging_mixin.py:104} INFO - [2021-09-23 22:58:34,706] {dagbag.py:487} INFO - Filling up the DagBag from /home/airflow/sandbox/lib/python3.8/site-packages/airflow/example_dags/example_kubernetes_executor.py
[2021-09-23 22:58:34,718] {scheduler_job.py:643} INFO - DAG(s) dict_keys(['example_kubernetes_executor']) retrieved from /home/airflow/sandbox/lib/python3.8/site-packages/airflow/example_dags/example_kubernetes_executor.py
[2021-09-23 22:58:34,732] {logging_mixin.py:104} INFO - [2021-09-23 22:58:34,732] {dag.py:1832} INFO - Sync 1 DAGs
[2021-09-23 22:58:34,745] {logging_mixin.py:104} INFO - [2021-09-23 22:58:34,745] {dag.py:2305} INFO - Setting next_dagrun for example_kubernetes_executor to None
[2021-09-23 22:58:34,774] {scheduler_job.py:190} INFO - Processing /home/airflow/sandbox/lib/python3.8/site-packages/airflow/example_dags/example_kubernetes_executor.py took 0.073 seconds
[2021-09-23 22:59:08,464] {scheduler_job.py:182} INFO - Started process (PID=6207) to work on /home/airflow/sandbox/lib/python3.8/site-packages/airflow/example_dags/example_kubernetes_executor.py
[2021-09-23 22:59:08,465] {scheduler_job.py:633} INFO - Processing file /home/airflow/sandbox/lib/python3.8/site-packages/airflow/example_dags/example_kubernetes_executor.py for tasks to queue
[2021-09-23 22:59:08,465] {logging_mixin.py:104} INFO - [2021-09-23 22:59:08,465] {dagbag.py:487} INFO - Filling up the DagBag from /home/airflow/sandbox/lib/python3.8/site-packages/airflow/example_dags/example_kubernetes_executor.py
[2021-09-23 22:59:08,488] {scheduler_job.py:643} INFO - DAG(s) dict_keys(['example_kubernetes_executor']) retrieved from /home/airflow/sandbox/lib/python3.8/site-packages/airflow/example_dags/example_kubernetes_executor.py
[2021-09-23 22:59:08,504] {logging_mixin.py:104} INFO - [2021-09-23 22:59:08,504] {dag.py:1832} INFO - Sync 1 DAGs
[2021-09-23 22:59:08,516] {logging_mixin.py:104} INFO - [2021-09-23 22:59:08,516] {dag.py:2305} INFO - Setting next_dagrun for example_kubernetes_executor to None
[2021-09-23 22:59:08,534] {scheduler_job.py:190} INFO - Processing /home/airflow/sandbox/lib/python3.8/site-packages/airflow/example_dags/example_kubernetes_executor.py took 0.072 seconds
[2021-09-23 22:59:43,945] {scheduler_job.py:182} INFO - Started process (PID=6240) to work on /home/airflow/sandbox/lib/python3.8/site-packages/airflow/example_dags/example_kubernetes_executor.py
[2021-09-23 22:59:43,946] {scheduler_job.py:633} INFO - Processing file /home/airflow/sandbox/lib/python3.8/site-packages/airflow/example_dags/example_kubernetes_executor.py for tasks to queue
[2021-09-23 22:59:43,947] {logging_mixin.py:104} INFO - [2021-09-23 22:59:43,947] {dagbag.py:487} INFO - Filling up the DagBag from /home/airflow/sandbox/lib/python3.8/site-packages/airflow/example_dags/example_kubernetes_executor.py
[2021-09-23 22:59:43,960] {scheduler_job.py:643} INFO - DAG(s) dict_keys(['example_kubernetes_executor']) retrieved from /home/airflow/sandbox/lib/python3.8/site-packages/airflow/example_dags/example_kubernetes_executor.py
[2021-09-23 22:59:43,977] {logging_mixin.py:104} INFO - [2021-09-23 22:59:43,977] {dag.py:1832} INFO - Sync 1 DAGs
[2021-09-23 22:59:43,990] {logging_mixin.py:104} INFO - [2021-09-23 22:59:43,990] {dag.py:2305} INFO - Setting next_dagrun for example_kubernetes_executor to None
[2021-09-23 22:59:44,009] {scheduler_job.py:190} INFO - Processing /home/airflow/sandbox/lib/python3.8/site-packages/airflow/example_dags/example_kubernetes_executor.py took 0.066 seconds
[2021-09-23 23:00:20,261] {scheduler_job.py:182} INFO - Started process (PID=6274) to work on /home/airflow/sandbox/lib/python3.8/site-packages/airflow/example_dags/example_kubernetes_executor.py
[2021-09-23 23:00:20,262] {scheduler_job.py:633} INFO - Processing file /home/airflow/sandbox/lib/python3.8/site-packages/airflow/example_dags/example_kubernetes_executor.py for tasks to queue
[2021-09-23 23:00:20,263] {logging_mixin.py:104} INFO - [2021-09-23 23:00:20,263] {dagbag.py:487} INFO - Filling up the DagBag from /home/airflow/sandbox/lib/python3.8/site-packages/airflow/example_dags/example_kubernetes_executor.py
[2021-09-23 23:00:20,280] {scheduler_job.py:643} INFO - DAG(s) dict_keys(['example_kubernetes_executor']) retrieved from /home/airflow/sandbox/lib/python3.8/site-packages/airflow/example_dags/example_kubernetes_executor.py
[2021-09-23 23:00:20,299] {logging_mixin.py:104} INFO - [2021-09-23 23:00:20,299] {dag.py:1832} INFO - Sync 1 DAGs
[2021-09-23 23:00:20,320] {logging_mixin.py:104} INFO - [2021-09-23 23:00:20,320] {dag.py:2305} INFO - Setting next_dagrun for example_kubernetes_executor to None
[2021-09-23 23:00:20,347] {scheduler_job.py:190} INFO - Processing /home/airflow/sandbox/lib/python3.8/site-packages/airflow/example_dags/example_kubernetes_executor.py took 0.089 seconds
[2021-09-23 23:00:53,871] {scheduler_job.py:182} INFO - Started process (PID=6350) to work on /home/airflow/sandbox/lib/python3.8/site-packages/airflow/example_dags/example_kubernetes_executor.py
[2021-09-23 23:00:53,873] {scheduler_job.py:633} INFO - Processing file /home/airflow/sandbox/lib/python3.8/site-packages/airflow/example_dags/example_kubernetes_executor.py for tasks to queue
[2021-09-23 23:00:53,874] {logging_mixin.py:104} INFO - [2021-09-23 23:00:53,874] {dagbag.py:487} INFO - Filling up the DagBag from /home/airflow/sandbox/lib/python3.8/site-packages/airflow/example_dags/example_kubernetes_executor.py
[2021-09-23 23:00:53,935] {scheduler_job.py:643} INFO - DAG(s) dict_keys(['example_kubernetes_executor']) retrieved from /home/airflow/sandbox/lib/python3.8/site-packages/airflow/example_dags/example_kubernetes_executor.py
[2021-09-23 23:00:54,044] {logging_mixin.py:104} INFO - [2021-09-23 23:00:54,042] {dag.py:1832} INFO - Sync 1 DAGs
[2021-09-23 23:00:54,112] {logging_mixin.py:104} INFO - [2021-09-23 23:00:54,112] {dag.py:2305} INFO - Setting next_dagrun for example_kubernetes_executor to None
[2021-09-23 23:00:54,174] {scheduler_job.py:190} INFO - Processing /home/airflow/sandbox/lib/python3.8/site-packages/airflow/example_dags/example_kubernetes_executor.py took 0.306 seconds
[2021-09-23 23:01:32,984] {scheduler_job.py:182} INFO - Started process (PID=6383) to work on /home/airflow/sandbox/lib/python3.8/site-packages/airflow/example_dags/example_kubernetes_executor.py
[2021-09-23 23:01:32,985] {scheduler_job.py:633} INFO - Processing file /home/airflow/sandbox/lib/python3.8/site-packages/airflow/example_dags/example_kubernetes_executor.py for tasks to queue
[2021-09-23 23:01:32,986] {logging_mixin.py:104} INFO - [2021-09-23 23:01:32,986] {dagbag.py:487} INFO - Filling up the DagBag from /home/airflow/sandbox/lib/python3.8/site-packages/airflow/example_dags/example_kubernetes_executor.py
[2021-09-23 23:01:32,998] {scheduler_job.py:643} INFO - DAG(s) dict_keys(['example_kubernetes_executor']) retrieved from /home/airflow/sandbox/lib/python3.8/site-packages/airflow/example_dags/example_kubernetes_executor.py
[2021-09-23 23:01:33,014] {logging_mixin.py:104} INFO - [2021-09-23 23:01:33,014] {dag.py:1832} INFO - Sync 1 DAGs
[2021-09-23 23:01:33,024] {logging_mixin.py:104} INFO - [2021-09-23 23:01:33,024] {dag.py:2305} INFO - Setting next_dagrun for example_kubernetes_executor to None
[2021-09-23 23:01:33,044] {scheduler_job.py:190} INFO - Processing /home/airflow/sandbox/lib/python3.8/site-packages/airflow/example_dags/example_kubernetes_executor.py took 0.063 seconds
[2021-09-23 23:02:12,251] {scheduler_job.py:182} INFO - Started process (PID=6527) to work on /home/airflow/sandbox/lib/python3.8/site-packages/airflow/example_dags/example_kubernetes_executor.py
[2021-09-23 23:02:12,253] {scheduler_job.py:633} INFO - Processing file /home/airflow/sandbox/lib/python3.8/site-packages/airflow/example_dags/example_kubernetes_executor.py for tasks to queue
[2021-09-23 23:02:12,253] {logging_mixin.py:104} INFO - [2021-09-23 23:02:12,253] {dagbag.py:487} INFO - Filling up the DagBag from /home/airflow/sandbox/lib/python3.8/site-packages/airflow/example_dags/example_kubernetes_executor.py
[2021-09-23 23:02:12,266] {scheduler_job.py:643} INFO - DAG(s) dict_keys(['example_kubernetes_executor']) retrieved from /home/airflow/sandbox/lib/python3.8/site-packages/airflow/example_dags/example_kubernetes_executor.py
[2021-09-23 23:02:12,280] {logging_mixin.py:104} INFO - [2021-09-23 23:02:12,280] {dag.py:1832} INFO - Sync 1 DAGs
[2021-09-23 23:02:12,292] {logging_mixin.py:104} INFO - [2021-09-23 23:02:12,292] {dag.py:2305} INFO - Setting next_dagrun for example_kubernetes_executor to None
[2021-09-23 23:02:12,312] {scheduler_job.py:190} INFO - Processing /home/airflow/sandbox/lib/python3.8/site-packages/airflow/example_dags/example_kubernetes_executor.py took 0.064 seconds
[2021-09-23 23:02:48,842] {scheduler_job.py:182} INFO - Started process (PID=6561) to work on /home/airflow/sandbox/lib/python3.8/site-packages/airflow/example_dags/example_kubernetes_executor.py
[2021-09-23 23:02:48,844] {scheduler_job.py:633} INFO - Processing file /home/airflow/sandbox/lib/python3.8/site-packages/airflow/example_dags/example_kubernetes_executor.py for tasks to queue
[2021-09-23 23:02:48,844] {logging_mixin.py:104} INFO - [2021-09-23 23:02:48,844] {dagbag.py:487} INFO - Filling up the DagBag from /home/airflow/sandbox/lib/python3.8/site-packages/airflow/example_dags/example_kubernetes_executor.py
[2021-09-23 23:02:48,856] {scheduler_job.py:643} INFO - DAG(s) dict_keys(['example_kubernetes_executor']) retrieved from /home/airflow/sandbox/lib/python3.8/site-packages/airflow/example_dags/example_kubernetes_executor.py
[2021-09-23 23:02:48,869] {logging_mixin.py:104} INFO - [2021-09-23 23:02:48,869] {dag.py:1832} INFO - Sync 1 DAGs
[2021-09-23 23:02:48,880] {logging_mixin.py:104} INFO - [2021-09-23 23:02:48,880] {dag.py:2305} INFO - Setting next_dagrun for example_kubernetes_executor to None
[2021-09-23 23:02:48,904] {scheduler_job.py:190} INFO - Processing /home/airflow/sandbox/lib/python3.8/site-packages/airflow/example_dags/example_kubernetes_executor.py took 0.065 seconds
[2021-09-23 23:03:23,158] {scheduler_job.py:182} INFO - Started process (PID=6735) to work on /home/airflow/sandbox/lib/python3.8/site-packages/airflow/example_dags/example_kubernetes_executor.py
[2021-09-23 23:03:23,159] {scheduler_job.py:633} INFO - Processing file /home/airflow/sandbox/lib/python3.8/site-packages/airflow/example_dags/example_kubernetes_executor.py for tasks to queue
[2021-09-23 23:03:23,161] {logging_mixin.py:104} INFO - [2021-09-23 23:03:23,161] {dagbag.py:487} INFO - Filling up the DagBag from /home/airflow/sandbox/lib/python3.8/site-packages/airflow/example_dags/example_kubernetes_executor.py
[2021-09-23 23:03:23,179] {scheduler_job.py:643} INFO - DAG(s) dict_keys(['example_kubernetes_executor']) retrieved from /home/airflow/sandbox/lib/python3.8/site-packages/airflow/example_dags/example_kubernetes_executor.py
[2021-09-23 23:03:23,262] {logging_mixin.py:104} INFO - [2021-09-23 23:03:23,261] {dag.py:1832} INFO - Sync 1 DAGs
[2021-09-23 23:03:23,293] {logging_mixin.py:104} INFO - [2021-09-23 23:03:23,293] {dag.py:2305} INFO - Setting next_dagrun for example_kubernetes_executor to None
[2021-09-23 23:03:23,359] {scheduler_job.py:190} INFO - Processing /home/airflow/sandbox/lib/python3.8/site-packages/airflow/example_dags/example_kubernetes_executor.py took 0.204 seconds
[2021-09-23 23:03:59,294] {scheduler_job.py:182} INFO - Started process (PID=6880) to work on /home/airflow/sandbox/lib/python3.8/site-packages/airflow/example_dags/example_kubernetes_executor.py
[2021-09-23 23:03:59,295] {scheduler_job.py:633} INFO - Processing file /home/airflow/sandbox/lib/python3.8/site-packages/airflow/example_dags/example_kubernetes_executor.py for tasks to queue
[2021-09-23 23:03:59,296] {logging_mixin.py:104} INFO - [2021-09-23 23:03:59,296] {dagbag.py:487} INFO - Filling up the DagBag from /home/airflow/sandbox/lib/python3.8/site-packages/airflow/example_dags/example_kubernetes_executor.py
[2021-09-23 23:03:59,306] {scheduler_job.py:643} INFO - DAG(s) dict_keys(['example_kubernetes_executor']) retrieved from /home/airflow/sandbox/lib/python3.8/site-packages/airflow/example_dags/example_kubernetes_executor.py
[2021-09-23 23:03:59,322] {logging_mixin.py:104} INFO - [2021-09-23 23:03:59,322] {dag.py:1832} INFO - Sync 1 DAGs
[2021-09-23 23:03:59,333] {logging_mixin.py:104} INFO - [2021-09-23 23:03:59,333] {dag.py:2305} INFO - Setting next_dagrun for example_kubernetes_executor to None
[2021-09-23 23:03:59,355] {scheduler_job.py:190} INFO - Processing /home/airflow/sandbox/lib/python3.8/site-packages/airflow/example_dags/example_kubernetes_executor.py took 0.063 seconds
[2021-09-23 23:04:34,624] {scheduler_job.py:182} INFO - Started process (PID=6928) to work on /home/airflow/sandbox/lib/python3.8/site-packages/airflow/example_dags/example_kubernetes_executor.py
[2021-09-23 23:04:34,625] {scheduler_job.py:633} INFO - Processing file /home/airflow/sandbox/lib/python3.8/site-packages/airflow/example_dags/example_kubernetes_executor.py for tasks to queue
[2021-09-23 23:04:34,625] {logging_mixin.py:104} INFO - [2021-09-23 23:04:34,625] {dagbag.py:487} INFO - Filling up the DagBag from /home/airflow/sandbox/lib/python3.8/site-packages/airflow/example_dags/example_kubernetes_executor.py
[2021-09-23 23:04:34,637] {scheduler_job.py:643} INFO - DAG(s) dict_keys(['example_kubernetes_executor']) retrieved from /home/airflow/sandbox/lib/python3.8/site-packages/airflow/example_dags/example_kubernetes_executor.py
[2021-09-23 23:04:34,655] {logging_mixin.py:104} INFO - [2021-09-23 23:04:34,654] {dag.py:1832} INFO - Sync 1 DAGs
[2021-09-23 23:04:34,668] {logging_mixin.py:104} INFO - [2021-09-23 23:04:34,668] {dag.py:2305} INFO - Setting next_dagrun for example_kubernetes_executor to None
[2021-09-23 23:04:34,690] {scheduler_job.py:190} INFO - Processing /home/airflow/sandbox/lib/python3.8/site-packages/airflow/example_dags/example_kubernetes_executor.py took 0.069 seconds
[2021-09-23 23:05:07,343] {scheduler_job.py:182} INFO - Started process (PID=6986) to work on /home/airflow/sandbox/lib/python3.8/site-packages/airflow/example_dags/example_kubernetes_executor.py
[2021-09-23 23:05:07,345] {scheduler_job.py:633} INFO - Processing file /home/airflow/sandbox/lib/python3.8/site-packages/airflow/example_dags/example_kubernetes_executor.py for tasks to queue
[2021-09-23 23:05:07,346] {logging_mixin.py:104} INFO - [2021-09-23 23:05:07,346] {dagbag.py:487} INFO - Filling up the DagBag from /home/airflow/sandbox/lib/python3.8/site-packages/airflow/example_dags/example_kubernetes_executor.py
[2021-09-23 23:05:07,359] {scheduler_job.py:643} INFO - DAG(s) dict_keys(['example_kubernetes_executor']) retrieved from /home/airflow/sandbox/lib/python3.8/site-packages/airflow/example_dags/example_kubernetes_executor.py
[2021-09-23 23:05:07,374] {logging_mixin.py:104} INFO - [2021-09-23 23:05:07,374] {dag.py:1832} INFO - Sync 1 DAGs
[2021-09-23 23:05:07,389] {logging_mixin.py:104} INFO - [2021-09-23 23:05:07,387] {dag.py:2305} INFO - Setting next_dagrun for example_kubernetes_executor to None
[2021-09-23 23:05:07,408] {scheduler_job.py:190} INFO - Processing /home/airflow/sandbox/lib/python3.8/site-packages/airflow/example_dags/example_kubernetes_executor.py took 0.067 seconds
[2021-09-23 23:05:41,874] {scheduler_job.py:182} INFO - Started process (PID=7061) to work on /home/airflow/sandbox/lib/python3.8/site-packages/airflow/example_dags/example_kubernetes_executor.py
[2021-09-23 23:05:41,874] {scheduler_job.py:633} INFO - Processing file /home/airflow/sandbox/lib/python3.8/site-packages/airflow/example_dags/example_kubernetes_executor.py for tasks to queue
[2021-09-23 23:05:41,875] {logging_mixin.py:104} INFO - [2021-09-23 23:05:41,875] {dagbag.py:487} INFO - Filling up the DagBag from /home/airflow/sandbox/lib/python3.8/site-packages/airflow/example_dags/example_kubernetes_executor.py
[2021-09-23 23:05:41,886] {scheduler_job.py:643} INFO - DAG(s) dict_keys(['example_kubernetes_executor']) retrieved from /home/airflow/sandbox/lib/python3.8/site-packages/airflow/example_dags/example_kubernetes_executor.py
[2021-09-23 23:05:41,903] {logging_mixin.py:104} INFO - [2021-09-23 23:05:41,902] {dag.py:1832} INFO - Sync 1 DAGs
[2021-09-23 23:05:41,914] {logging_mixin.py:104} INFO - [2021-09-23 23:05:41,914] {dag.py:2305} INFO - Setting next_dagrun for example_kubernetes_executor to None
[2021-09-23 23:05:41,936] {scheduler_job.py:190} INFO - Processing /home/airflow/sandbox/lib/python3.8/site-packages/airflow/example_dags/example_kubernetes_executor.py took 0.065 seconds
[2021-09-23 23:06:18,702] {scheduler_job.py:182} INFO - Started process (PID=7178) to work on /home/airflow/sandbox/lib/python3.8/site-packages/airflow/example_dags/example_kubernetes_executor.py
[2021-09-23 23:06:18,703] {scheduler_job.py:633} INFO - Processing file /home/airflow/sandbox/lib/python3.8/site-packages/airflow/example_dags/example_kubernetes_executor.py for tasks to queue
[2021-09-23 23:06:18,704] {logging_mixin.py:104} INFO - [2021-09-23 23:06:18,704] {dagbag.py:487} INFO - Filling up the DagBag from /home/airflow/sandbox/lib/python3.8/site-packages/airflow/example_dags/example_kubernetes_executor.py
[2021-09-23 23:06:18,715] {scheduler_job.py:643} INFO - DAG(s) dict_keys(['example_kubernetes_executor']) retrieved from /home/airflow/sandbox/lib/python3.8/site-packages/airflow/example_dags/example_kubernetes_executor.py
[2021-09-23 23:06:18,730] {logging_mixin.py:104} INFO - [2021-09-23 23:06:18,730] {dag.py:1832} INFO - Sync 1 DAGs
[2021-09-23 23:06:18,741] {logging_mixin.py:104} INFO - [2021-09-23 23:06:18,741] {dag.py:2305} INFO - Setting next_dagrun for example_kubernetes_executor to None
[2021-09-23 23:06:18,763] {scheduler_job.py:190} INFO - Processing /home/airflow/sandbox/lib/python3.8/site-packages/airflow/example_dags/example_kubernetes_executor.py took 0.063 seconds
[2021-09-23 23:06:56,337] {scheduler_job.py:182} INFO - Started process (PID=7322) to work on /home/airflow/sandbox/lib/python3.8/site-packages/airflow/example_dags/example_kubernetes_executor.py
[2021-09-23 23:06:56,338] {scheduler_job.py:633} INFO - Processing file /home/airflow/sandbox/lib/python3.8/site-packages/airflow/example_dags/example_kubernetes_executor.py for tasks to queue
[2021-09-23 23:06:56,338] {logging_mixin.py:104} INFO - [2021-09-23 23:06:56,338] {dagbag.py:487} INFO - Filling up the DagBag from /home/airflow/sandbox/lib/python3.8/site-packages/airflow/example_dags/example_kubernetes_executor.py
[2021-09-23 23:06:56,351] {scheduler_job.py:643} INFO - DAG(s) dict_keys(['example_kubernetes_executor']) retrieved from /home/airflow/sandbox/lib/python3.8/site-packages/airflow/example_dags/example_kubernetes_executor.py
[2021-09-23 23:06:56,364] {logging_mixin.py:104} INFO - [2021-09-23 23:06:56,364] {dag.py:1832} INFO - Sync 1 DAGs
[2021-09-23 23:06:56,377] {logging_mixin.py:104} INFO - [2021-09-23 23:06:56,376] {dag.py:2305} INFO - Setting next_dagrun for example_kubernetes_executor to None
[2021-09-23 23:06:56,397] {scheduler_job.py:190} INFO - Processing /home/airflow/sandbox/lib/python3.8/site-packages/airflow/example_dags/example_kubernetes_executor.py took 0.062 seconds
[2021-09-23 23:07:31,149] {scheduler_job.py:182} INFO - Started process (PID=7370) to work on /home/airflow/sandbox/lib/python3.8/site-packages/airflow/example_dags/example_kubernetes_executor.py
[2021-09-23 23:07:31,151] {scheduler_job.py:633} INFO - Processing file /home/airflow/sandbox/lib/python3.8/site-packages/airflow/example_dags/example_kubernetes_executor.py for tasks to queue
[2021-09-23 23:07:31,152] {logging_mixin.py:104} INFO - [2021-09-23 23:07:31,152] {dagbag.py:487} INFO - Filling up the DagBag from /home/airflow/sandbox/lib/python3.8/site-packages/airflow/example_dags/example_kubernetes_executor.py
[2021-09-23 23:07:31,162] {scheduler_job.py:643} INFO - DAG(s) dict_keys(['example_kubernetes_executor']) retrieved from /home/airflow/sandbox/lib/python3.8/site-packages/airflow/example_dags/example_kubernetes_executor.py
[2021-09-23 23:07:31,175] {logging_mixin.py:104} INFO - [2021-09-23 23:07:31,175] {dag.py:1832} INFO - Sync 1 DAGs
[2021-09-23 23:07:31,188] {logging_mixin.py:104} INFO - [2021-09-23 23:07:31,188] {dag.py:2305} INFO - Setting next_dagrun for example_kubernetes_executor to None
[2021-09-23 23:07:31,208] {scheduler_job.py:190} INFO - Processing /home/airflow/sandbox/lib/python3.8/site-packages/airflow/example_dags/example_kubernetes_executor.py took 0.062 seconds
[2021-09-23 23:08:06,934] {scheduler_job.py:182} INFO - Started process (PID=7404) to work on /home/airflow/sandbox/lib/python3.8/site-packages/airflow/example_dags/example_kubernetes_executor.py
[2021-09-23 23:08:06,936] {scheduler_job.py:633} INFO - Processing file /home/airflow/sandbox/lib/python3.8/site-packages/airflow/example_dags/example_kubernetes_executor.py for tasks to queue
[2021-09-23 23:08:06,937] {logging_mixin.py:104} INFO - [2021-09-23 23:08:06,937] {dagbag.py:487} INFO - Filling up the DagBag from /home/airflow/sandbox/lib/python3.8/site-packages/airflow/example_dags/example_kubernetes_executor.py
[2021-09-23 23:08:06,949] {scheduler_job.py:643} INFO - DAG(s) dict_keys(['example_kubernetes_executor']) retrieved from /home/airflow/sandbox/lib/python3.8/site-packages/airflow/example_dags/example_kubernetes_executor.py
[2021-09-23 23:08:06,978] {logging_mixin.py:104} INFO - [2021-09-23 23:08:06,978] {dag.py:1832} INFO - Sync 1 DAGs
[2021-09-23 23:08:06,990] {logging_mixin.py:104} INFO - [2021-09-23 23:08:06,990] {dag.py:2305} INFO - Setting next_dagrun for example_kubernetes_executor to None
[2021-09-23 23:08:07,013] {scheduler_job.py:190} INFO - Processing /home/airflow/sandbox/lib/python3.8/site-packages/airflow/example_dags/example_kubernetes_executor.py took 0.081 seconds
[2021-09-23 23:08:43,309] {scheduler_job.py:182} INFO - Started process (PID=7510) to work on /home/airflow/sandbox/lib/python3.8/site-packages/airflow/example_dags/example_kubernetes_executor.py
[2021-09-23 23:08:43,310] {scheduler_job.py:633} INFO - Processing file /home/airflow/sandbox/lib/python3.8/site-packages/airflow/example_dags/example_kubernetes_executor.py for tasks to queue
[2021-09-23 23:08:43,311] {logging_mixin.py:104} INFO - [2021-09-23 23:08:43,311] {dagbag.py:487} INFO - Filling up the DagBag from /home/airflow/sandbox/lib/python3.8/site-packages/airflow/example_dags/example_kubernetes_executor.py
[2021-09-23 23:08:43,321] {scheduler_job.py:643} INFO - DAG(s) dict_keys(['example_kubernetes_executor']) retrieved from /home/airflow/sandbox/lib/python3.8/site-packages/airflow/example_dags/example_kubernetes_executor.py
[2021-09-23 23:08:43,337] {logging_mixin.py:104} INFO - [2021-09-23 23:08:43,337] {dag.py:1832} INFO - Sync 1 DAGs
[2021-09-23 23:08:43,357] {logging_mixin.py:104} INFO - [2021-09-23 23:08:43,356] {dag.py:2305} INFO - Setting next_dagrun for example_kubernetes_executor to None
[2021-09-23 23:08:43,378] {scheduler_job.py:190} INFO - Processing /home/airflow/sandbox/lib/python3.8/site-packages/airflow/example_dags/example_kubernetes_executor.py took 0.073 seconds
[2021-09-23 23:09:17,147] {scheduler_job.py:182} INFO - Started process (PID=7564) to work on /home/airflow/sandbox/lib/python3.8/site-packages/airflow/example_dags/example_kubernetes_executor.py
[2021-09-23 23:09:17,148] {scheduler_job.py:633} INFO - Processing file /home/airflow/sandbox/lib/python3.8/site-packages/airflow/example_dags/example_kubernetes_executor.py for tasks to queue
[2021-09-23 23:09:17,148] {logging_mixin.py:104} INFO - [2021-09-23 23:09:17,148] {dagbag.py:487} INFO - Filling up the DagBag from /home/airflow/sandbox/lib/python3.8/site-packages/airflow/example_dags/example_kubernetes_executor.py
[2021-09-23 23:09:17,159] {scheduler_job.py:643} INFO - DAG(s) dict_keys(['example_kubernetes_executor']) retrieved from /home/airflow/sandbox/lib/python3.8/site-packages/airflow/example_dags/example_kubernetes_executor.py
[2021-09-23 23:09:17,180] {logging_mixin.py:104} INFO - [2021-09-23 23:09:17,180] {dag.py:1832} INFO - Sync 1 DAGs
[2021-09-23 23:09:17,194] {logging_mixin.py:104} INFO - [2021-09-23 23:09:17,194] {dag.py:2305} INFO - Setting next_dagrun for example_kubernetes_executor to None
[2021-09-23 23:09:17,212] {scheduler_job.py:190} INFO - Processing /home/airflow/sandbox/lib/python3.8/site-packages/airflow/example_dags/example_kubernetes_executor.py took 0.068 seconds
[2021-09-23 23:09:50,511] {scheduler_job.py:182} INFO - Started process (PID=7657) to work on /home/airflow/sandbox/lib/python3.8/site-packages/airflow/example_dags/example_kubernetes_executor.py
[2021-09-23 23:09:50,512] {scheduler_job.py:633} INFO - Processing file /home/airflow/sandbox/lib/python3.8/site-packages/airflow/example_dags/example_kubernetes_executor.py for tasks to queue
[2021-09-23 23:09:50,512] {logging_mixin.py:104} INFO - [2021-09-23 23:09:50,512] {dagbag.py:487} INFO - Filling up the DagBag from /home/airflow/sandbox/lib/python3.8/site-packages/airflow/example_dags/example_kubernetes_executor.py
[2021-09-23 23:09:50,527] {scheduler_job.py:643} INFO - DAG(s) dict_keys(['example_kubernetes_executor']) retrieved from /home/airflow/sandbox/lib/python3.8/site-packages/airflow/example_dags/example_kubernetes_executor.py
[2021-09-23 23:09:50,541] {logging_mixin.py:104} INFO - [2021-09-23 23:09:50,541] {dag.py:1832} INFO - Sync 1 DAGs
[2021-09-23 23:09:50,553] {logging_mixin.py:104} INFO - [2021-09-23 23:09:50,553] {dag.py:2305} INFO - Setting next_dagrun for example_kubernetes_executor to None
[2021-09-23 23:09:50,572] {scheduler_job.py:190} INFO - Processing /home/airflow/sandbox/lib/python3.8/site-packages/airflow/example_dags/example_kubernetes_executor.py took 0.063 seconds
[2021-09-23 23:10:25,623] {scheduler_job.py:182} INFO - Started process (PID=7756) to work on /home/airflow/sandbox/lib/python3.8/site-packages/airflow/example_dags/example_kubernetes_executor.py
[2021-09-23 23:10:25,624] {scheduler_job.py:633} INFO - Processing file /home/airflow/sandbox/lib/python3.8/site-packages/airflow/example_dags/example_kubernetes_executor.py for tasks to queue
[2021-09-23 23:10:25,624] {logging_mixin.py:104} INFO - [2021-09-23 23:10:25,624] {dagbag.py:487} INFO - Filling up the DagBag from /home/airflow/sandbox/lib/python3.8/site-packages/airflow/example_dags/example_kubernetes_executor.py
[2021-09-23 23:10:25,635] {scheduler_job.py:643} INFO - DAG(s) dict_keys(['example_kubernetes_executor']) retrieved from /home/airflow/sandbox/lib/python3.8/site-packages/airflow/example_dags/example_kubernetes_executor.py
[2021-09-23 23:10:25,649] {logging_mixin.py:104} INFO - [2021-09-23 23:10:25,649] {dag.py:1832} INFO - Sync 1 DAGs
[2021-09-23 23:10:25,669] {logging_mixin.py:104} INFO - [2021-09-23 23:10:25,669] {dag.py:2305} INFO - Setting next_dagrun for example_kubernetes_executor to None
[2021-09-23 23:10:25,691] {scheduler_job.py:190} INFO - Processing /home/airflow/sandbox/lib/python3.8/site-packages/airflow/example_dags/example_kubernetes_executor.py took 0.071 seconds
[2021-09-23 23:11:04,014] {scheduler_job.py:182} INFO - Started process (PID=7918) to work on /home/airflow/sandbox/lib/python3.8/site-packages/airflow/example_dags/example_kubernetes_executor.py
[2021-09-23 23:11:04,015] {scheduler_job.py:633} INFO - Processing file /home/airflow/sandbox/lib/python3.8/site-packages/airflow/example_dags/example_kubernetes_executor.py for tasks to queue
[2021-09-23 23:11:04,015] {logging_mixin.py:104} INFO - [2021-09-23 23:11:04,015] {dagbag.py:487} INFO - Filling up the DagBag from /home/airflow/sandbox/lib/python3.8/site-packages/airflow/example_dags/example_kubernetes_executor.py
[2021-09-23 23:11:04,026] {scheduler_job.py:643} INFO - DAG(s) dict_keys(['example_kubernetes_executor']) retrieved from /home/airflow/sandbox/lib/python3.8/site-packages/airflow/example_dags/example_kubernetes_executor.py
[2021-09-23 23:11:04,045] {logging_mixin.py:104} INFO - [2021-09-23 23:11:04,045] {dag.py:1832} INFO - Sync 1 DAGs
[2021-09-23 23:11:04,056] {logging_mixin.py:104} INFO - [2021-09-23 23:11:04,056] {dag.py:2305} INFO - Setting next_dagrun for example_kubernetes_executor to None
[2021-09-23 23:11:04,079] {scheduler_job.py:190} INFO - Processing /home/airflow/sandbox/lib/python3.8/site-packages/airflow/example_dags/example_kubernetes_executor.py took 0.068 seconds
[2021-09-23 23:11:39,565] {scheduler_job.py:182} INFO - Started process (PID=8027) to work on /home/airflow/sandbox/lib/python3.8/site-packages/airflow/example_dags/example_kubernetes_executor.py
[2021-09-23 23:11:39,566] {scheduler_job.py:633} INFO - Processing file /home/airflow/sandbox/lib/python3.8/site-packages/airflow/example_dags/example_kubernetes_executor.py for tasks to queue
[2021-09-23 23:11:39,567] {logging_mixin.py:104} INFO - [2021-09-23 23:11:39,567] {dagbag.py:487} INFO - Filling up the DagBag from /home/airflow/sandbox/lib/python3.8/site-packages/airflow/example_dags/example_kubernetes_executor.py
[2021-09-23 23:11:39,578] {scheduler_job.py:643} INFO - DAG(s) dict_keys(['example_kubernetes_executor']) retrieved from /home/airflow/sandbox/lib/python3.8/site-packages/airflow/example_dags/example_kubernetes_executor.py
[2021-09-23 23:11:39,592] {logging_mixin.py:104} INFO - [2021-09-23 23:11:39,592] {dag.py:1832} INFO - Sync 1 DAGs
[2021-09-23 23:11:39,604] {logging_mixin.py:104} INFO - [2021-09-23 23:11:39,604] {dag.py:2305} INFO - Setting next_dagrun for example_kubernetes_executor to None
[2021-09-23 23:11:39,627] {scheduler_job.py:190} INFO - Processing /home/airflow/sandbox/lib/python3.8/site-packages/airflow/example_dags/example_kubernetes_executor.py took 0.065 seconds
[2021-09-23 23:12:13,713] {scheduler_job.py:182} INFO - Started process (PID=8189) to work on /home/airflow/sandbox/lib/python3.8/site-packages/airflow/example_dags/example_kubernetes_executor.py
[2021-09-23 23:12:13,715] {scheduler_job.py:633} INFO - Processing file /home/airflow/sandbox/lib/python3.8/site-packages/airflow/example_dags/example_kubernetes_executor.py for tasks to queue
[2021-09-23 23:12:13,716] {logging_mixin.py:104} INFO - [2021-09-23 23:12:13,715] {dagbag.py:487} INFO - Filling up the DagBag from /home/airflow/sandbox/lib/python3.8/site-packages/airflow/example_dags/example_kubernetes_executor.py
[2021-09-23 23:12:13,729] {scheduler_job.py:643} INFO - DAG(s) dict_keys(['example_kubernetes_executor']) retrieved from /home/airflow/sandbox/lib/python3.8/site-packages/airflow/example_dags/example_kubernetes_executor.py
[2021-09-23 23:12:13,742] {logging_mixin.py:104} INFO - [2021-09-23 23:12:13,741] {dag.py:1832} INFO - Sync 1 DAGs
[2021-09-23 23:12:13,756] {logging_mixin.py:104} INFO - [2021-09-23 23:12:13,756] {dag.py:2305} INFO - Setting next_dagrun for example_kubernetes_executor to None
[2021-09-23 23:12:13,774] {scheduler_job.py:190} INFO - Processing /home/airflow/sandbox/lib/python3.8/site-packages/airflow/example_dags/example_kubernetes_executor.py took 0.064 seconds
[2021-09-23 23:12:51,656] {scheduler_job.py:182} INFO - Started process (PID=8392) to work on /home/airflow/sandbox/lib/python3.8/site-packages/airflow/example_dags/example_kubernetes_executor.py
[2021-09-23 23:12:51,658] {scheduler_job.py:633} INFO - Processing file /home/airflow/sandbox/lib/python3.8/site-packages/airflow/example_dags/example_kubernetes_executor.py for tasks to queue
[2021-09-23 23:12:51,658] {logging_mixin.py:104} INFO - [2021-09-23 23:12:51,658] {dagbag.py:487} INFO - Filling up the DagBag from /home/airflow/sandbox/lib/python3.8/site-packages/airflow/example_dags/example_kubernetes_executor.py
[2021-09-23 23:12:51,669] {scheduler_job.py:643} INFO - DAG(s) dict_keys(['example_kubernetes_executor']) retrieved from /home/airflow/sandbox/lib/python3.8/site-packages/airflow/example_dags/example_kubernetes_executor.py
[2021-09-23 23:12:51,682] {logging_mixin.py:104} INFO - [2021-09-23 23:12:51,682] {dag.py:1832} INFO - Sync 1 DAGs
[2021-09-23 23:12:51,694] {logging_mixin.py:104} INFO - [2021-09-23 23:12:51,694] {dag.py:2305} INFO - Setting next_dagrun for example_kubernetes_executor to None
[2021-09-23 23:12:51,711] {scheduler_job.py:190} INFO - Processing /home/airflow/sandbox/lib/python3.8/site-packages/airflow/example_dags/example_kubernetes_executor.py took 0.058 seconds
[2021-09-23 23:13:29,133] {scheduler_job.py:182} INFO - Started process (PID=8426) to work on /home/airflow/sandbox/lib/python3.8/site-packages/airflow/example_dags/example_kubernetes_executor.py
[2021-09-23 23:13:29,135] {scheduler_job.py:633} INFO - Processing file /home/airflow/sandbox/lib/python3.8/site-packages/airflow/example_dags/example_kubernetes_executor.py for tasks to queue
[2021-09-23 23:13:29,135] {logging_mixin.py:104} INFO - [2021-09-23 23:13:29,135] {dagbag.py:487} INFO - Filling up the DagBag from /home/airflow/sandbox/lib/python3.8/site-packages/airflow/example_dags/example_kubernetes_executor.py
[2021-09-23 23:13:29,145] {scheduler_job.py:643} INFO - DAG(s) dict_keys(['example_kubernetes_executor']) retrieved from /home/airflow/sandbox/lib/python3.8/site-packages/airflow/example_dags/example_kubernetes_executor.py
[2021-09-23 23:13:29,165] {logging_mixin.py:104} INFO - [2021-09-23 23:13:29,165] {dag.py:1832} INFO - Sync 1 DAGs
[2021-09-23 23:13:29,175] {logging_mixin.py:104} INFO - [2021-09-23 23:13:29,175] {dag.py:2305} INFO - Setting next_dagrun for example_kubernetes_executor to None
[2021-09-23 23:13:29,195] {scheduler_job.py:190} INFO - Processing /home/airflow/sandbox/lib/python3.8/site-packages/airflow/example_dags/example_kubernetes_executor.py took 0.064 seconds
[2021-09-23 23:14:04,407] {scheduler_job.py:182} INFO - Started process (PID=8458) to work on /home/airflow/sandbox/lib/python3.8/site-packages/airflow/example_dags/example_kubernetes_executor.py
[2021-09-23 23:14:04,409] {scheduler_job.py:633} INFO - Processing file /home/airflow/sandbox/lib/python3.8/site-packages/airflow/example_dags/example_kubernetes_executor.py for tasks to queue
[2021-09-23 23:14:04,410] {logging_mixin.py:104} INFO - [2021-09-23 23:14:04,410] {dagbag.py:487} INFO - Filling up the DagBag from /home/airflow/sandbox/lib/python3.8/site-packages/airflow/example_dags/example_kubernetes_executor.py
[2021-09-23 23:14:04,421] {scheduler_job.py:643} INFO - DAG(s) dict_keys(['example_kubernetes_executor']) retrieved from /home/airflow/sandbox/lib/python3.8/site-packages/airflow/example_dags/example_kubernetes_executor.py
[2021-09-23 23:14:04,434] {logging_mixin.py:104} INFO - [2021-09-23 23:14:04,434] {dag.py:1832} INFO - Sync 1 DAGs
[2021-09-23 23:14:04,446] {logging_mixin.py:104} INFO - [2021-09-23 23:14:04,445] {dag.py:2305} INFO - Setting next_dagrun for example_kubernetes_executor to None
[2021-09-23 23:14:04,467] {scheduler_job.py:190} INFO - Processing /home/airflow/sandbox/lib/python3.8/site-packages/airflow/example_dags/example_kubernetes_executor.py took 0.064 seconds
[2021-09-23 23:14:40,486] {scheduler_job.py:182} INFO - Started process (PID=8492) to work on /home/airflow/sandbox/lib/python3.8/site-packages/airflow/example_dags/example_kubernetes_executor.py
[2021-09-23 23:14:40,487] {scheduler_job.py:633} INFO - Processing file /home/airflow/sandbox/lib/python3.8/site-packages/airflow/example_dags/example_kubernetes_executor.py for tasks to queue
[2021-09-23 23:14:40,488] {logging_mixin.py:104} INFO - [2021-09-23 23:14:40,488] {dagbag.py:487} INFO - Filling up the DagBag from /home/airflow/sandbox/lib/python3.8/site-packages/airflow/example_dags/example_kubernetes_executor.py
[2021-09-23 23:14:40,500] {scheduler_job.py:643} INFO - DAG(s) dict_keys(['example_kubernetes_executor']) retrieved from /home/airflow/sandbox/lib/python3.8/site-packages/airflow/example_dags/example_kubernetes_executor.py
[2021-09-23 23:14:40,516] {logging_mixin.py:104} INFO - [2021-09-23 23:14:40,516] {dag.py:1832} INFO - Sync 1 DAGs
[2021-09-23 23:14:40,529] {logging_mixin.py:104} INFO - [2021-09-23 23:14:40,529] {dag.py:2305} INFO - Setting next_dagrun for example_kubernetes_executor to None
[2021-09-23 23:14:40,562] {scheduler_job.py:190} INFO - Processing /home/airflow/sandbox/lib/python3.8/site-packages/airflow/example_dags/example_kubernetes_executor.py took 0.079 seconds
[2021-09-23 23:15:20,450] {scheduler_job.py:182} INFO - Started process (PID=8785) to work on /home/airflow/sandbox/lib/python3.8/site-packages/airflow/example_dags/example_kubernetes_executor.py
[2021-09-23 23:15:20,452] {scheduler_job.py:633} INFO - Processing file /home/airflow/sandbox/lib/python3.8/site-packages/airflow/example_dags/example_kubernetes_executor.py for tasks to queue
[2021-09-23 23:15:20,452] {logging_mixin.py:104} INFO - [2021-09-23 23:15:20,452] {dagbag.py:487} INFO - Filling up the DagBag from /home/airflow/sandbox/lib/python3.8/site-packages/airflow/example_dags/example_kubernetes_executor.py
[2021-09-23 23:15:20,470] {scheduler_job.py:643} INFO - DAG(s) dict_keys(['example_kubernetes_executor']) retrieved from /home/airflow/sandbox/lib/python3.8/site-packages/airflow/example_dags/example_kubernetes_executor.py
[2021-09-23 23:15:20,484] {logging_mixin.py:104} INFO - [2021-09-23 23:15:20,484] {dag.py:1832} INFO - Sync 1 DAGs
[2021-09-23 23:15:20,496] {logging_mixin.py:104} INFO - [2021-09-23 23:15:20,496] {dag.py:2305} INFO - Setting next_dagrun for example_kubernetes_executor to None
[2021-09-23 23:15:20,517] {scheduler_job.py:190} INFO - Processing /home/airflow/sandbox/lib/python3.8/site-packages/airflow/example_dags/example_kubernetes_executor.py took 0.070 seconds
[2021-09-23 23:15:52,570] {scheduler_job.py:182} INFO - Started process (PID=8959) to work on /home/airflow/sandbox/lib/python3.8/site-packages/airflow/example_dags/example_kubernetes_executor.py
[2021-09-23 23:15:52,571] {scheduler_job.py:633} INFO - Processing file /home/airflow/sandbox/lib/python3.8/site-packages/airflow/example_dags/example_kubernetes_executor.py for tasks to queue
[2021-09-23 23:15:52,572] {logging_mixin.py:104} INFO - [2021-09-23 23:15:52,572] {dagbag.py:487} INFO - Filling up the DagBag from /home/airflow/sandbox/lib/python3.8/site-packages/airflow/example_dags/example_kubernetes_executor.py
[2021-09-23 23:15:52,584] {scheduler_job.py:643} INFO - DAG(s) dict_keys(['example_kubernetes_executor']) retrieved from /home/airflow/sandbox/lib/python3.8/site-packages/airflow/example_dags/example_kubernetes_executor.py
[2021-09-23 23:15:52,596] {logging_mixin.py:104} INFO - [2021-09-23 23:15:52,596] {dag.py:1832} INFO - Sync 1 DAGs
[2021-09-23 23:15:52,608] {logging_mixin.py:104} INFO - [2021-09-23 23:15:52,608] {dag.py:2305} INFO - Setting next_dagrun for example_kubernetes_executor to None
[2021-09-23 23:15:52,631] {scheduler_job.py:190} INFO - Processing /home/airflow/sandbox/lib/python3.8/site-packages/airflow/example_dags/example_kubernetes_executor.py took 0.063 seconds
[2021-09-23 23:16:25,559] {scheduler_job.py:182} INFO - Started process (PID=9091) to work on /home/airflow/sandbox/lib/python3.8/site-packages/airflow/example_dags/example_kubernetes_executor.py
[2021-09-23 23:16:25,561] {scheduler_job.py:633} INFO - Processing file /home/airflow/sandbox/lib/python3.8/site-packages/airflow/example_dags/example_kubernetes_executor.py for tasks to queue
[2021-09-23 23:16:25,561] {logging_mixin.py:104} INFO - [2021-09-23 23:16:25,561] {dagbag.py:487} INFO - Filling up the DagBag from /home/airflow/sandbox/lib/python3.8/site-packages/airflow/example_dags/example_kubernetes_executor.py
[2021-09-23 23:16:25,579] {scheduler_job.py:643} INFO - DAG(s) dict_keys(['example_kubernetes_executor']) retrieved from /home/airflow/sandbox/lib/python3.8/site-packages/airflow/example_dags/example_kubernetes_executor.py
[2021-09-23 23:16:25,596] {logging_mixin.py:104} INFO - [2021-09-23 23:16:25,596] {dag.py:1832} INFO - Sync 1 DAGs
[2021-09-23 23:16:25,616] {logging_mixin.py:104} INFO - [2021-09-23 23:16:25,616] {dag.py:2305} INFO - Setting next_dagrun for example_kubernetes_executor to None
[2021-09-23 23:16:25,644] {scheduler_job.py:190} INFO - Processing /home/airflow/sandbox/lib/python3.8/site-packages/airflow/example_dags/example_kubernetes_executor.py took 0.098 seconds
[2021-09-23 23:43:04,787] {scheduler_job.py:182} INFO - Started process (PID=9224) to work on /home/airflow/sandbox/lib/python3.8/site-packages/airflow/example_dags/example_kubernetes_executor.py
[2021-09-23 23:43:04,788] {scheduler_job.py:633} INFO - Processing file /home/airflow/sandbox/lib/python3.8/site-packages/airflow/example_dags/example_kubernetes_executor.py for tasks to queue
[2021-09-23 23:43:04,860] {logging_mixin.py:104} INFO - [2021-09-23 23:43:04,859] {dagbag.py:487} INFO - Filling up the DagBag from /home/airflow/sandbox/lib/python3.8/site-packages/airflow/example_dags/example_kubernetes_executor.py
[2021-09-23 23:43:04,873] {scheduler_job.py:643} INFO - DAG(s) dict_keys(['example_kubernetes_executor']) retrieved from /home/airflow/sandbox/lib/python3.8/site-packages/airflow/example_dags/example_kubernetes_executor.py
[2021-09-23 23:43:05,046] {logging_mixin.py:104} INFO - [2021-09-23 23:43:05,046] {dag.py:1832} INFO - Sync 1 DAGs
[2021-09-23 23:43:05,093] {logging_mixin.py:104} INFO - [2021-09-23 23:43:05,093] {dag.py:2305} INFO - Setting next_dagrun for example_kubernetes_executor to None
[2021-09-23 23:43:05,177] {scheduler_job.py:190} INFO - Processing /home/airflow/sandbox/lib/python3.8/site-packages/airflow/example_dags/example_kubernetes_executor.py took 0.394 seconds
[2021-09-23 23:43:52,263] {scheduler_job.py:182} INFO - Started process (PID=9337) to work on /home/airflow/sandbox/lib/python3.8/site-packages/airflow/example_dags/example_kubernetes_executor.py
[2021-09-23 23:43:52,264] {scheduler_job.py:633} INFO - Processing file /home/airflow/sandbox/lib/python3.8/site-packages/airflow/example_dags/example_kubernetes_executor.py for tasks to queue
[2021-09-23 23:43:52,264] {logging_mixin.py:104} INFO - [2021-09-23 23:43:52,264] {dagbag.py:487} INFO - Filling up the DagBag from /home/airflow/sandbox/lib/python3.8/site-packages/airflow/example_dags/example_kubernetes_executor.py
[2021-09-23 23:43:52,276] {scheduler_job.py:643} INFO - DAG(s) dict_keys(['example_kubernetes_executor']) retrieved from /home/airflow/sandbox/lib/python3.8/site-packages/airflow/example_dags/example_kubernetes_executor.py
[2021-09-23 23:43:52,291] {logging_mixin.py:104} INFO - [2021-09-23 23:43:52,291] {dag.py:1832} INFO - Sync 1 DAGs
[2021-09-23 23:43:52,303] {logging_mixin.py:104} INFO - [2021-09-23 23:43:52,303] {dag.py:2305} INFO - Setting next_dagrun for example_kubernetes_executor to None
[2021-09-23 23:43:52,326] {scheduler_job.py:190} INFO - Processing /home/airflow/sandbox/lib/python3.8/site-packages/airflow/example_dags/example_kubernetes_executor.py took 0.065 seconds
[2021-09-23 23:44:27,145] {scheduler_job.py:182} INFO - Started process (PID=9371) to work on /home/airflow/sandbox/lib/python3.8/site-packages/airflow/example_dags/example_kubernetes_executor.py
[2021-09-23 23:44:27,146] {scheduler_job.py:633} INFO - Processing file /home/airflow/sandbox/lib/python3.8/site-packages/airflow/example_dags/example_kubernetes_executor.py for tasks to queue
[2021-09-23 23:44:27,147] {logging_mixin.py:104} INFO - [2021-09-23 23:44:27,147] {dagbag.py:487} INFO - Filling up the DagBag from /home/airflow/sandbox/lib/python3.8/site-packages/airflow/example_dags/example_kubernetes_executor.py
[2021-09-23 23:44:27,157] {scheduler_job.py:643} INFO - DAG(s) dict_keys(['example_kubernetes_executor']) retrieved from /home/airflow/sandbox/lib/python3.8/site-packages/airflow/example_dags/example_kubernetes_executor.py
[2021-09-23 23:44:27,171] {logging_mixin.py:104} INFO - [2021-09-23 23:44:27,171] {dag.py:1832} INFO - Sync 1 DAGs
[2021-09-23 23:44:27,182] {logging_mixin.py:104} INFO - [2021-09-23 23:44:27,182] {dag.py:2305} INFO - Setting next_dagrun for example_kubernetes_executor to None
[2021-09-23 23:44:27,201] {scheduler_job.py:190} INFO - Processing /home/airflow/sandbox/lib/python3.8/site-packages/airflow/example_dags/example_kubernetes_executor.py took 0.058 seconds
[2021-09-23 23:45:01,550] {scheduler_job.py:182} INFO - Started process (PID=9404) to work on /home/airflow/sandbox/lib/python3.8/site-packages/airflow/example_dags/example_kubernetes_executor.py
[2021-09-23 23:45:01,551] {scheduler_job.py:633} INFO - Processing file /home/airflow/sandbox/lib/python3.8/site-packages/airflow/example_dags/example_kubernetes_executor.py for tasks to queue
[2021-09-23 23:45:01,552] {logging_mixin.py:104} INFO - [2021-09-23 23:45:01,551] {dagbag.py:487} INFO - Filling up the DagBag from /home/airflow/sandbox/lib/python3.8/site-packages/airflow/example_dags/example_kubernetes_executor.py
[2021-09-23 23:45:01,566] {scheduler_job.py:643} INFO - DAG(s) dict_keys(['example_kubernetes_executor']) retrieved from /home/airflow/sandbox/lib/python3.8/site-packages/airflow/example_dags/example_kubernetes_executor.py
[2021-09-23 23:45:01,579] {logging_mixin.py:104} INFO - [2021-09-23 23:45:01,579] {dag.py:1832} INFO - Sync 1 DAGs
[2021-09-23 23:45:01,591] {logging_mixin.py:104} INFO - [2021-09-23 23:45:01,591] {dag.py:2305} INFO - Setting next_dagrun for example_kubernetes_executor to None
[2021-09-23 23:45:01,615] {scheduler_job.py:190} INFO - Processing /home/airflow/sandbox/lib/python3.8/site-packages/airflow/example_dags/example_kubernetes_executor.py took 0.067 seconds
[2021-09-23 23:45:37,618] {scheduler_job.py:182} INFO - Started process (PID=9438) to work on /home/airflow/sandbox/lib/python3.8/site-packages/airflow/example_dags/example_kubernetes_executor.py
[2021-09-23 23:45:37,620] {scheduler_job.py:633} INFO - Processing file /home/airflow/sandbox/lib/python3.8/site-packages/airflow/example_dags/example_kubernetes_executor.py for tasks to queue
[2021-09-23 23:45:37,621] {logging_mixin.py:104} INFO - [2021-09-23 23:45:37,620] {dagbag.py:487} INFO - Filling up the DagBag from /home/airflow/sandbox/lib/python3.8/site-packages/airflow/example_dags/example_kubernetes_executor.py
[2021-09-23 23:45:37,632] {scheduler_job.py:643} INFO - DAG(s) dict_keys(['example_kubernetes_executor']) retrieved from /home/airflow/sandbox/lib/python3.8/site-packages/airflow/example_dags/example_kubernetes_executor.py
[2021-09-23 23:45:37,646] {logging_mixin.py:104} INFO - [2021-09-23 23:45:37,646] {dag.py:1832} INFO - Sync 1 DAGs
[2021-09-23 23:45:37,658] {logging_mixin.py:104} INFO - [2021-09-23 23:45:37,658] {dag.py:2305} INFO - Setting next_dagrun for example_kubernetes_executor to None
[2021-09-23 23:45:37,680] {scheduler_job.py:190} INFO - Processing /home/airflow/sandbox/lib/python3.8/site-packages/airflow/example_dags/example_kubernetes_executor.py took 0.066 seconds
[2021-09-23 23:46:13,519] {scheduler_job.py:182} INFO - Started process (PID=9472) to work on /home/airflow/sandbox/lib/python3.8/site-packages/airflow/example_dags/example_kubernetes_executor.py
[2021-09-23 23:46:13,520] {scheduler_job.py:633} INFO - Processing file /home/airflow/sandbox/lib/python3.8/site-packages/airflow/example_dags/example_kubernetes_executor.py for tasks to queue
[2021-09-23 23:46:13,521] {logging_mixin.py:104} INFO - [2021-09-23 23:46:13,521] {dagbag.py:487} INFO - Filling up the DagBag from /home/airflow/sandbox/lib/python3.8/site-packages/airflow/example_dags/example_kubernetes_executor.py
[2021-09-23 23:46:13,532] {scheduler_job.py:643} INFO - DAG(s) dict_keys(['example_kubernetes_executor']) retrieved from /home/airflow/sandbox/lib/python3.8/site-packages/airflow/example_dags/example_kubernetes_executor.py
[2021-09-23 23:46:13,546] {logging_mixin.py:104} INFO - [2021-09-23 23:46:13,546] {dag.py:1832} INFO - Sync 1 DAGs
[2021-09-23 23:46:13,558] {logging_mixin.py:104} INFO - [2021-09-23 23:46:13,558] {dag.py:2305} INFO - Setting next_dagrun for example_kubernetes_executor to None
[2021-09-23 23:46:13,579] {scheduler_job.py:190} INFO - Processing /home/airflow/sandbox/lib/python3.8/site-packages/airflow/example_dags/example_kubernetes_executor.py took 0.063 seconds
[2021-09-23 23:46:46,408] {scheduler_job.py:182} INFO - Started process (PID=9548) to work on /home/airflow/sandbox/lib/python3.8/site-packages/airflow/example_dags/example_kubernetes_executor.py
[2021-09-23 23:46:46,409] {scheduler_job.py:633} INFO - Processing file /home/airflow/sandbox/lib/python3.8/site-packages/airflow/example_dags/example_kubernetes_executor.py for tasks to queue
[2021-09-23 23:46:46,410] {logging_mixin.py:104} INFO - [2021-09-23 23:46:46,409] {dagbag.py:487} INFO - Filling up the DagBag from /home/airflow/sandbox/lib/python3.8/site-packages/airflow/example_dags/example_kubernetes_executor.py
[2021-09-23 23:46:46,421] {scheduler_job.py:643} INFO - DAG(s) dict_keys(['example_kubernetes_executor']) retrieved from /home/airflow/sandbox/lib/python3.8/site-packages/airflow/example_dags/example_kubernetes_executor.py
[2021-09-23 23:46:46,436] {logging_mixin.py:104} INFO - [2021-09-23 23:46:46,436] {dag.py:1832} INFO - Sync 1 DAGs
[2021-09-23 23:46:46,447] {logging_mixin.py:104} INFO - [2021-09-23 23:46:46,447] {dag.py:2305} INFO - Setting next_dagrun for example_kubernetes_executor to None
[2021-09-23 23:46:46,470] {scheduler_job.py:190} INFO - Processing /home/airflow/sandbox/lib/python3.8/site-packages/airflow/example_dags/example_kubernetes_executor.py took 0.066 seconds
[2021-09-23 23:47:24,667] {scheduler_job.py:182} INFO - Started process (PID=9583) to work on /home/airflow/sandbox/lib/python3.8/site-packages/airflow/example_dags/example_kubernetes_executor.py
[2021-09-23 23:47:24,668] {scheduler_job.py:633} INFO - Processing file /home/airflow/sandbox/lib/python3.8/site-packages/airflow/example_dags/example_kubernetes_executor.py for tasks to queue
[2021-09-23 23:47:24,668] {logging_mixin.py:104} INFO - [2021-09-23 23:47:24,668] {dagbag.py:487} INFO - Filling up the DagBag from /home/airflow/sandbox/lib/python3.8/site-packages/airflow/example_dags/example_kubernetes_executor.py
[2021-09-23 23:47:24,681] {scheduler_job.py:643} INFO - DAG(s) dict_keys(['example_kubernetes_executor']) retrieved from /home/airflow/sandbox/lib/python3.8/site-packages/airflow/example_dags/example_kubernetes_executor.py
[2021-09-23 23:47:24,694] {logging_mixin.py:104} INFO - [2021-09-23 23:47:24,694] {dag.py:1832} INFO - Sync 1 DAGs
[2021-09-23 23:47:24,706] {logging_mixin.py:104} INFO - [2021-09-23 23:47:24,706] {dag.py:2305} INFO - Setting next_dagrun for example_kubernetes_executor to None
[2021-09-23 23:47:24,728] {scheduler_job.py:190} INFO - Processing /home/airflow/sandbox/lib/python3.8/site-packages/airflow/example_dags/example_kubernetes_executor.py took 0.064 seconds
[2021-09-23 23:47:57,030] {scheduler_job.py:182} INFO - Started process (PID=9616) to work on /home/airflow/sandbox/lib/python3.8/site-packages/airflow/example_dags/example_kubernetes_executor.py
[2021-09-23 23:47:57,031] {scheduler_job.py:633} INFO - Processing file /home/airflow/sandbox/lib/python3.8/site-packages/airflow/example_dags/example_kubernetes_executor.py for tasks to queue
[2021-09-23 23:47:57,031] {logging_mixin.py:104} INFO - [2021-09-23 23:47:57,031] {dagbag.py:487} INFO - Filling up the DagBag from /home/airflow/sandbox/lib/python3.8/site-packages/airflow/example_dags/example_kubernetes_executor.py
[2021-09-23 23:47:57,042] {scheduler_job.py:643} INFO - DAG(s) dict_keys(['example_kubernetes_executor']) retrieved from /home/airflow/sandbox/lib/python3.8/site-packages/airflow/example_dags/example_kubernetes_executor.py
[2021-09-23 23:47:57,055] {logging_mixin.py:104} INFO - [2021-09-23 23:47:57,055] {dag.py:1832} INFO - Sync 1 DAGs
[2021-09-23 23:47:57,068] {logging_mixin.py:104} INFO - [2021-09-23 23:47:57,068] {dag.py:2305} INFO - Setting next_dagrun for example_kubernetes_executor to None
[2021-09-23 23:47:57,091] {scheduler_job.py:190} INFO - Processing /home/airflow/sandbox/lib/python3.8/site-packages/airflow/example_dags/example_kubernetes_executor.py took 0.065 seconds
[2021-09-23 23:48:29,701] {scheduler_job.py:182} INFO - Started process (PID=9647) to work on /home/airflow/sandbox/lib/python3.8/site-packages/airflow/example_dags/example_kubernetes_executor.py
[2021-09-23 23:48:29,703] {scheduler_job.py:633} INFO - Processing file /home/airflow/sandbox/lib/python3.8/site-packages/airflow/example_dags/example_kubernetes_executor.py for tasks to queue
[2021-09-23 23:48:29,703] {logging_mixin.py:104} INFO - [2021-09-23 23:48:29,703] {dagbag.py:487} INFO - Filling up the DagBag from /home/airflow/sandbox/lib/python3.8/site-packages/airflow/example_dags/example_kubernetes_executor.py
[2021-09-23 23:48:29,714] {scheduler_job.py:643} INFO - DAG(s) dict_keys(['example_kubernetes_executor']) retrieved from /home/airflow/sandbox/lib/python3.8/site-packages/airflow/example_dags/example_kubernetes_executor.py
[2021-09-23 23:48:29,727] {logging_mixin.py:104} INFO - [2021-09-23 23:48:29,727] {dag.py:1832} INFO - Sync 1 DAGs
[2021-09-23 23:48:29,740] {logging_mixin.py:104} INFO - [2021-09-23 23:48:29,740] {dag.py:2305} INFO - Setting next_dagrun for example_kubernetes_executor to None
[2021-09-23 23:48:29,762] {scheduler_job.py:190} INFO - Processing /home/airflow/sandbox/lib/python3.8/site-packages/airflow/example_dags/example_kubernetes_executor.py took 0.063 seconds
[2021-09-23 23:49:06,850] {scheduler_job.py:182} INFO - Started process (PID=9681) to work on /home/airflow/sandbox/lib/python3.8/site-packages/airflow/example_dags/example_kubernetes_executor.py
[2021-09-23 23:49:06,851] {scheduler_job.py:633} INFO - Processing file /home/airflow/sandbox/lib/python3.8/site-packages/airflow/example_dags/example_kubernetes_executor.py for tasks to queue
[2021-09-23 23:49:06,851] {logging_mixin.py:104} INFO - [2021-09-23 23:49:06,851] {dagbag.py:487} INFO - Filling up the DagBag from /home/airflow/sandbox/lib/python3.8/site-packages/airflow/example_dags/example_kubernetes_executor.py
[2021-09-23 23:49:06,869] {scheduler_job.py:643} INFO - DAG(s) dict_keys(['example_kubernetes_executor']) retrieved from /home/airflow/sandbox/lib/python3.8/site-packages/airflow/example_dags/example_kubernetes_executor.py
[2021-09-23 23:49:06,891] {logging_mixin.py:104} INFO - [2021-09-23 23:49:06,891] {dag.py:1832} INFO - Sync 1 DAGs
[2021-09-23 23:49:06,903] {logging_mixin.py:104} INFO - [2021-09-23 23:49:06,903] {dag.py:2305} INFO - Setting next_dagrun for example_kubernetes_executor to None
[2021-09-23 23:49:06,926] {scheduler_job.py:190} INFO - Processing /home/airflow/sandbox/lib/python3.8/site-packages/airflow/example_dags/example_kubernetes_executor.py took 0.080 seconds
[2021-09-23 23:49:43,471] {scheduler_job.py:182} INFO - Started process (PID=9715) to work on /home/airflow/sandbox/lib/python3.8/site-packages/airflow/example_dags/example_kubernetes_executor.py
[2021-09-23 23:49:43,472] {scheduler_job.py:633} INFO - Processing file /home/airflow/sandbox/lib/python3.8/site-packages/airflow/example_dags/example_kubernetes_executor.py for tasks to queue
[2021-09-23 23:49:43,473] {logging_mixin.py:104} INFO - [2021-09-23 23:49:43,473] {dagbag.py:487} INFO - Filling up the DagBag from /home/airflow/sandbox/lib/python3.8/site-packages/airflow/example_dags/example_kubernetes_executor.py
[2021-09-23 23:49:43,483] {scheduler_job.py:643} INFO - DAG(s) dict_keys(['example_kubernetes_executor']) retrieved from /home/airflow/sandbox/lib/python3.8/site-packages/airflow/example_dags/example_kubernetes_executor.py
[2021-09-23 23:49:43,498] {logging_mixin.py:104} INFO - [2021-09-23 23:49:43,498] {dag.py:1832} INFO - Sync 1 DAGs
[2021-09-23 23:49:43,511] {logging_mixin.py:104} INFO - [2021-09-23 23:49:43,511] {dag.py:2305} INFO - Setting next_dagrun for example_kubernetes_executor to None
[2021-09-23 23:49:43,533] {scheduler_job.py:190} INFO - Processing /home/airflow/sandbox/lib/python3.8/site-packages/airflow/example_dags/example_kubernetes_executor.py took 0.063 seconds
[2021-09-23 23:50:17,775] {scheduler_job.py:182} INFO - Started process (PID=9750) to work on /home/airflow/sandbox/lib/python3.8/site-packages/airflow/example_dags/example_kubernetes_executor.py
[2021-09-23 23:50:17,777] {scheduler_job.py:633} INFO - Processing file /home/airflow/sandbox/lib/python3.8/site-packages/airflow/example_dags/example_kubernetes_executor.py for tasks to queue
[2021-09-23 23:50:17,778] {logging_mixin.py:104} INFO - [2021-09-23 23:50:17,777] {dagbag.py:487} INFO - Filling up the DagBag from /home/airflow/sandbox/lib/python3.8/site-packages/airflow/example_dags/example_kubernetes_executor.py
[2021-09-23 23:50:17,789] {scheduler_job.py:643} INFO - DAG(s) dict_keys(['example_kubernetes_executor']) retrieved from /home/airflow/sandbox/lib/python3.8/site-packages/airflow/example_dags/example_kubernetes_executor.py
[2021-09-23 23:50:17,802] {logging_mixin.py:104} INFO - [2021-09-23 23:50:17,802] {dag.py:1832} INFO - Sync 1 DAGs
[2021-09-23 23:50:17,812] {logging_mixin.py:104} INFO - [2021-09-23 23:50:17,812] {dag.py:2305} INFO - Setting next_dagrun for example_kubernetes_executor to None
[2021-09-23 23:50:17,831] {scheduler_job.py:190} INFO - Processing /home/airflow/sandbox/lib/python3.8/site-packages/airflow/example_dags/example_kubernetes_executor.py took 0.059 seconds
[2021-09-23 23:50:51,406] {scheduler_job.py:182} INFO - Started process (PID=9782) to work on /home/airflow/sandbox/lib/python3.8/site-packages/airflow/example_dags/example_kubernetes_executor.py
[2021-09-23 23:50:51,407] {scheduler_job.py:633} INFO - Processing file /home/airflow/sandbox/lib/python3.8/site-packages/airflow/example_dags/example_kubernetes_executor.py for tasks to queue
[2021-09-23 23:50:51,407] {logging_mixin.py:104} INFO - [2021-09-23 23:50:51,407] {dagbag.py:487} INFO - Filling up the DagBag from /home/airflow/sandbox/lib/python3.8/site-packages/airflow/example_dags/example_kubernetes_executor.py
[2021-09-23 23:50:51,417] {scheduler_job.py:643} INFO - DAG(s) dict_keys(['example_kubernetes_executor']) retrieved from /home/airflow/sandbox/lib/python3.8/site-packages/airflow/example_dags/example_kubernetes_executor.py
[2021-09-23 23:50:51,431] {logging_mixin.py:104} INFO - [2021-09-23 23:50:51,430] {dag.py:1832} INFO - Sync 1 DAGs
[2021-09-23 23:50:51,440] {logging_mixin.py:104} INFO - [2021-09-23 23:50:51,440] {dag.py:2305} INFO - Setting next_dagrun for example_kubernetes_executor to None
[2021-09-23 23:50:51,460] {scheduler_job.py:190} INFO - Processing /home/airflow/sandbox/lib/python3.8/site-packages/airflow/example_dags/example_kubernetes_executor.py took 0.056 seconds
[2021-09-23 23:51:26,911] {scheduler_job.py:182} INFO - Started process (PID=9816) to work on /home/airflow/sandbox/lib/python3.8/site-packages/airflow/example_dags/example_kubernetes_executor.py
[2021-09-23 23:51:26,912] {scheduler_job.py:633} INFO - Processing file /home/airflow/sandbox/lib/python3.8/site-packages/airflow/example_dags/example_kubernetes_executor.py for tasks to queue
[2021-09-23 23:51:26,912] {logging_mixin.py:104} INFO - [2021-09-23 23:51:26,912] {dagbag.py:487} INFO - Filling up the DagBag from /home/airflow/sandbox/lib/python3.8/site-packages/airflow/example_dags/example_kubernetes_executor.py
[2021-09-23 23:51:26,922] {scheduler_job.py:643} INFO - DAG(s) dict_keys(['example_kubernetes_executor']) retrieved from /home/airflow/sandbox/lib/python3.8/site-packages/airflow/example_dags/example_kubernetes_executor.py
[2021-09-23 23:51:26,937] {logging_mixin.py:104} INFO - [2021-09-23 23:51:26,937] {dag.py:1832} INFO - Sync 1 DAGs
[2021-09-23 23:51:26,947] {logging_mixin.py:104} INFO - [2021-09-23 23:51:26,947] {dag.py:2305} INFO - Setting next_dagrun for example_kubernetes_executor to None
[2021-09-23 23:51:26,968] {scheduler_job.py:190} INFO - Processing /home/airflow/sandbox/lib/python3.8/site-packages/airflow/example_dags/example_kubernetes_executor.py took 0.060 seconds
[2021-09-23 23:52:01,908] {scheduler_job.py:182} INFO - Started process (PID=9892) to work on /home/airflow/sandbox/lib/python3.8/site-packages/airflow/example_dags/example_kubernetes_executor.py
[2021-09-23 23:52:01,909] {scheduler_job.py:633} INFO - Processing file /home/airflow/sandbox/lib/python3.8/site-packages/airflow/example_dags/example_kubernetes_executor.py for tasks to queue
[2021-09-23 23:52:01,910] {logging_mixin.py:104} INFO - [2021-09-23 23:52:01,910] {dagbag.py:487} INFO - Filling up the DagBag from /home/airflow/sandbox/lib/python3.8/site-packages/airflow/example_dags/example_kubernetes_executor.py
[2021-09-23 23:52:01,922] {scheduler_job.py:643} INFO - DAG(s) dict_keys(['example_kubernetes_executor']) retrieved from /home/airflow/sandbox/lib/python3.8/site-packages/airflow/example_dags/example_kubernetes_executor.py
[2021-09-23 23:52:01,935] {logging_mixin.py:104} INFO - [2021-09-23 23:52:01,935] {dag.py:1832} INFO - Sync 1 DAGs
[2021-09-23 23:52:01,945] {logging_mixin.py:104} INFO - [2021-09-23 23:52:01,945] {dag.py:2305} INFO - Setting next_dagrun for example_kubernetes_executor to None
[2021-09-23 23:52:01,963] {scheduler_job.py:190} INFO - Processing /home/airflow/sandbox/lib/python3.8/site-packages/airflow/example_dags/example_kubernetes_executor.py took 0.058 seconds
[2021-09-23 23:52:34,366] {scheduler_job.py:182} INFO - Started process (PID=9926) to work on /home/airflow/sandbox/lib/python3.8/site-packages/airflow/example_dags/example_kubernetes_executor.py
[2021-09-23 23:52:34,368] {scheduler_job.py:633} INFO - Processing file /home/airflow/sandbox/lib/python3.8/site-packages/airflow/example_dags/example_kubernetes_executor.py for tasks to queue
[2021-09-23 23:52:34,369] {logging_mixin.py:104} INFO - [2021-09-23 23:52:34,369] {dagbag.py:487} INFO - Filling up the DagBag from /home/airflow/sandbox/lib/python3.8/site-packages/airflow/example_dags/example_kubernetes_executor.py
[2021-09-23 23:52:34,380] {scheduler_job.py:643} INFO - DAG(s) dict_keys(['example_kubernetes_executor']) retrieved from /home/airflow/sandbox/lib/python3.8/site-packages/airflow/example_dags/example_kubernetes_executor.py
[2021-09-23 23:52:34,393] {logging_mixin.py:104} INFO - [2021-09-23 23:52:34,393] {dag.py:1832} INFO - Sync 1 DAGs
[2021-09-23 23:52:34,404] {logging_mixin.py:104} INFO - [2021-09-23 23:52:34,404] {dag.py:2305} INFO - Setting next_dagrun for example_kubernetes_executor to None
[2021-09-23 23:52:34,428] {scheduler_job.py:190} INFO - Processing /home/airflow/sandbox/lib/python3.8/site-packages/airflow/example_dags/example_kubernetes_executor.py took 0.067 seconds
[2021-09-23 23:53:09,184] {scheduler_job.py:182} INFO - Started process (PID=9959) to work on /home/airflow/sandbox/lib/python3.8/site-packages/airflow/example_dags/example_kubernetes_executor.py
[2021-09-23 23:53:09,185] {scheduler_job.py:633} INFO - Processing file /home/airflow/sandbox/lib/python3.8/site-packages/airflow/example_dags/example_kubernetes_executor.py for tasks to queue
[2021-09-23 23:53:09,186] {logging_mixin.py:104} INFO - [2021-09-23 23:53:09,186] {dagbag.py:487} INFO - Filling up the DagBag from /home/airflow/sandbox/lib/python3.8/site-packages/airflow/example_dags/example_kubernetes_executor.py
[2021-09-23 23:53:09,198] {scheduler_job.py:643} INFO - DAG(s) dict_keys(['example_kubernetes_executor']) retrieved from /home/airflow/sandbox/lib/python3.8/site-packages/airflow/example_dags/example_kubernetes_executor.py
[2021-09-23 23:53:09,212] {logging_mixin.py:104} INFO - [2021-09-23 23:53:09,211] {dag.py:1832} INFO - Sync 1 DAGs
[2021-09-23 23:53:09,222] {logging_mixin.py:104} INFO - [2021-09-23 23:53:09,222] {dag.py:2305} INFO - Setting next_dagrun for example_kubernetes_executor to None
[2021-09-23 23:53:09,244] {scheduler_job.py:190} INFO - Processing /home/airflow/sandbox/lib/python3.8/site-packages/airflow/example_dags/example_kubernetes_executor.py took 0.064 seconds
[2021-09-23 23:53:44,956] {scheduler_job.py:182} INFO - Started process (PID=9993) to work on /home/airflow/sandbox/lib/python3.8/site-packages/airflow/example_dags/example_kubernetes_executor.py
[2021-09-23 23:53:44,957] {scheduler_job.py:633} INFO - Processing file /home/airflow/sandbox/lib/python3.8/site-packages/airflow/example_dags/example_kubernetes_executor.py for tasks to queue
[2021-09-23 23:53:44,958] {logging_mixin.py:104} INFO - [2021-09-23 23:53:44,958] {dagbag.py:487} INFO - Filling up the DagBag from /home/airflow/sandbox/lib/python3.8/site-packages/airflow/example_dags/example_kubernetes_executor.py
[2021-09-23 23:53:44,968] {scheduler_job.py:643} INFO - DAG(s) dict_keys(['example_kubernetes_executor']) retrieved from /home/airflow/sandbox/lib/python3.8/site-packages/airflow/example_dags/example_kubernetes_executor.py
[2021-09-23 23:53:44,982] {logging_mixin.py:104} INFO - [2021-09-23 23:53:44,982] {dag.py:1832} INFO - Sync 1 DAGs
[2021-09-23 23:53:44,994] {logging_mixin.py:104} INFO - [2021-09-23 23:53:44,994] {dag.py:2305} INFO - Setting next_dagrun for example_kubernetes_executor to None
[2021-09-23 23:53:45,015] {scheduler_job.py:190} INFO - Processing /home/airflow/sandbox/lib/python3.8/site-packages/airflow/example_dags/example_kubernetes_executor.py took 0.064 seconds
[2021-09-23 23:54:20,625] {scheduler_job.py:182} INFO - Started process (PID=10027) to work on /home/airflow/sandbox/lib/python3.8/site-packages/airflow/example_dags/example_kubernetes_executor.py
[2021-09-23 23:54:20,626] {scheduler_job.py:633} INFO - Processing file /home/airflow/sandbox/lib/python3.8/site-packages/airflow/example_dags/example_kubernetes_executor.py for tasks to queue
[2021-09-23 23:54:20,627] {logging_mixin.py:104} INFO - [2021-09-23 23:54:20,627] {dagbag.py:487} INFO - Filling up the DagBag from /home/airflow/sandbox/lib/python3.8/site-packages/airflow/example_dags/example_kubernetes_executor.py
[2021-09-23 23:54:20,638] {scheduler_job.py:643} INFO - DAG(s) dict_keys(['example_kubernetes_executor']) retrieved from /home/airflow/sandbox/lib/python3.8/site-packages/airflow/example_dags/example_kubernetes_executor.py
[2021-09-23 23:54:20,659] {logging_mixin.py:104} INFO - [2021-09-23 23:54:20,659] {dag.py:1832} INFO - Sync 1 DAGs
[2021-09-23 23:54:20,669] {logging_mixin.py:104} INFO - [2021-09-23 23:54:20,669] {dag.py:2305} INFO - Setting next_dagrun for example_kubernetes_executor to None
[2021-09-23 23:54:20,693] {scheduler_job.py:190} INFO - Processing /home/airflow/sandbox/lib/python3.8/site-packages/airflow/example_dags/example_kubernetes_executor.py took 0.070 seconds
[2021-09-23 23:54:56,910] {scheduler_job.py:182} INFO - Started process (PID=10061) to work on /home/airflow/sandbox/lib/python3.8/site-packages/airflow/example_dags/example_kubernetes_executor.py
[2021-09-23 23:54:56,911] {scheduler_job.py:633} INFO - Processing file /home/airflow/sandbox/lib/python3.8/site-packages/airflow/example_dags/example_kubernetes_executor.py for tasks to queue
[2021-09-23 23:54:56,912] {logging_mixin.py:104} INFO - [2021-09-23 23:54:56,912] {dagbag.py:487} INFO - Filling up the DagBag from /home/airflow/sandbox/lib/python3.8/site-packages/airflow/example_dags/example_kubernetes_executor.py
[2021-09-23 23:54:56,923] {scheduler_job.py:643} INFO - DAG(s) dict_keys(['example_kubernetes_executor']) retrieved from /home/airflow/sandbox/lib/python3.8/site-packages/airflow/example_dags/example_kubernetes_executor.py
[2021-09-23 23:54:56,938] {logging_mixin.py:104} INFO - [2021-09-23 23:54:56,938] {dag.py:1832} INFO - Sync 1 DAGs
[2021-09-23 23:54:56,949] {logging_mixin.py:104} INFO - [2021-09-23 23:54:56,949] {dag.py:2305} INFO - Setting next_dagrun for example_kubernetes_executor to None
[2021-09-23 23:54:56,966] {scheduler_job.py:190} INFO - Processing /home/airflow/sandbox/lib/python3.8/site-packages/airflow/example_dags/example_kubernetes_executor.py took 0.059 seconds
[2021-09-23 23:55:34,216] {scheduler_job.py:182} INFO - Started process (PID=10180) to work on /home/airflow/sandbox/lib/python3.8/site-packages/airflow/example_dags/example_kubernetes_executor.py
[2021-09-23 23:55:34,218] {scheduler_job.py:633} INFO - Processing file /home/airflow/sandbox/lib/python3.8/site-packages/airflow/example_dags/example_kubernetes_executor.py for tasks to queue
[2021-09-23 23:55:34,219] {logging_mixin.py:104} INFO - [2021-09-23 23:55:34,219] {dagbag.py:487} INFO - Filling up the DagBag from /home/airflow/sandbox/lib/python3.8/site-packages/airflow/example_dags/example_kubernetes_executor.py
[2021-09-23 23:55:34,228] {scheduler_job.py:643} INFO - DAG(s) dict_keys(['example_kubernetes_executor']) retrieved from /home/airflow/sandbox/lib/python3.8/site-packages/airflow/example_dags/example_kubernetes_executor.py
[2021-09-23 23:55:34,242] {logging_mixin.py:104} INFO - [2021-09-23 23:55:34,241] {dag.py:1832} INFO - Sync 1 DAGs
[2021-09-23 23:55:34,253] {logging_mixin.py:104} INFO - [2021-09-23 23:55:34,251] {dag.py:2305} INFO - Setting next_dagrun for example_kubernetes_executor to None
[2021-09-23 23:55:34,276] {scheduler_job.py:190} INFO - Processing /home/airflow/sandbox/lib/python3.8/site-packages/airflow/example_dags/example_kubernetes_executor.py took 0.062 seconds
[2021-09-23 23:56:09,098] {scheduler_job.py:182} INFO - Started process (PID=10214) to work on /home/airflow/sandbox/lib/python3.8/site-packages/airflow/example_dags/example_kubernetes_executor.py
[2021-09-23 23:56:09,100] {scheduler_job.py:633} INFO - Processing file /home/airflow/sandbox/lib/python3.8/site-packages/airflow/example_dags/example_kubernetes_executor.py for tasks to queue
[2021-09-23 23:56:09,101] {logging_mixin.py:104} INFO - [2021-09-23 23:56:09,101] {dagbag.py:487} INFO - Filling up the DagBag from /home/airflow/sandbox/lib/python3.8/site-packages/airflow/example_dags/example_kubernetes_executor.py
[2021-09-23 23:56:09,112] {scheduler_job.py:643} INFO - DAG(s) dict_keys(['example_kubernetes_executor']) retrieved from /home/airflow/sandbox/lib/python3.8/site-packages/airflow/example_dags/example_kubernetes_executor.py
[2021-09-23 23:56:09,129] {logging_mixin.py:104} INFO - [2021-09-23 23:56:09,129] {dag.py:1832} INFO - Sync 1 DAGs
[2021-09-23 23:56:09,142] {logging_mixin.py:104} INFO - [2021-09-23 23:56:09,142] {dag.py:2305} INFO - Setting next_dagrun for example_kubernetes_executor to None
[2021-09-23 23:56:09,164] {scheduler_job.py:190} INFO - Processing /home/airflow/sandbox/lib/python3.8/site-packages/airflow/example_dags/example_kubernetes_executor.py took 0.069 seconds
[2021-09-23 23:56:44,880] {scheduler_job.py:182} INFO - Started process (PID=10290) to work on /home/airflow/sandbox/lib/python3.8/site-packages/airflow/example_dags/example_kubernetes_executor.py
[2021-09-23 23:56:44,881] {scheduler_job.py:633} INFO - Processing file /home/airflow/sandbox/lib/python3.8/site-packages/airflow/example_dags/example_kubernetes_executor.py for tasks to queue
[2021-09-23 23:56:44,882] {logging_mixin.py:104} INFO - [2021-09-23 23:56:44,881] {dagbag.py:487} INFO - Filling up the DagBag from /home/airflow/sandbox/lib/python3.8/site-packages/airflow/example_dags/example_kubernetes_executor.py
[2021-09-23 23:56:44,892] {scheduler_job.py:643} INFO - DAG(s) dict_keys(['example_kubernetes_executor']) retrieved from /home/airflow/sandbox/lib/python3.8/site-packages/airflow/example_dags/example_kubernetes_executor.py
[2021-09-23 23:56:44,906] {logging_mixin.py:104} INFO - [2021-09-23 23:56:44,905] {dag.py:1832} INFO - Sync 1 DAGs
[2021-09-23 23:56:44,918] {logging_mixin.py:104} INFO - [2021-09-23 23:56:44,918] {dag.py:2305} INFO - Setting next_dagrun for example_kubernetes_executor to None
[2021-09-23 23:56:44,942] {scheduler_job.py:190} INFO - Processing /home/airflow/sandbox/lib/python3.8/site-packages/airflow/example_dags/example_kubernetes_executor.py took 0.064 seconds
[2021-09-23 23:57:18,889] {scheduler_job.py:182} INFO - Started process (PID=10603) to work on /home/airflow/sandbox/lib/python3.8/site-packages/airflow/example_dags/example_kubernetes_executor.py
[2021-09-23 23:57:18,890] {scheduler_job.py:633} INFO - Processing file /home/airflow/sandbox/lib/python3.8/site-packages/airflow/example_dags/example_kubernetes_executor.py for tasks to queue
[2021-09-23 23:57:18,891] {logging_mixin.py:104} INFO - [2021-09-23 23:57:18,891] {dagbag.py:487} INFO - Filling up the DagBag from /home/airflow/sandbox/lib/python3.8/site-packages/airflow/example_dags/example_kubernetes_executor.py
[2021-09-23 23:57:18,904] {scheduler_job.py:643} INFO - DAG(s) dict_keys(['example_kubernetes_executor']) retrieved from /home/airflow/sandbox/lib/python3.8/site-packages/airflow/example_dags/example_kubernetes_executor.py
[2021-09-23 23:57:18,921] {logging_mixin.py:104} INFO - [2021-09-23 23:57:18,921] {dag.py:1832} INFO - Sync 1 DAGs
[2021-09-23 23:57:18,937] {logging_mixin.py:104} INFO - [2021-09-23 23:57:18,937] {dag.py:2305} INFO - Setting next_dagrun for example_kubernetes_executor to None
[2021-09-23 23:57:18,968] {scheduler_job.py:190} INFO - Processing /home/airflow/sandbox/lib/python3.8/site-packages/airflow/example_dags/example_kubernetes_executor.py took 0.082 seconds
[2021-09-23 23:58:03,161] {scheduler_job.py:182} INFO - Started process (PID=10848) to work on /home/airflow/sandbox/lib/python3.8/site-packages/airflow/example_dags/example_kubernetes_executor.py
[2021-09-23 23:58:03,162] {scheduler_job.py:633} INFO - Processing file /home/airflow/sandbox/lib/python3.8/site-packages/airflow/example_dags/example_kubernetes_executor.py for tasks to queue
[2021-09-23 23:58:03,162] {logging_mixin.py:104} INFO - [2021-09-23 23:58:03,162] {dagbag.py:487} INFO - Filling up the DagBag from /home/airflow/sandbox/lib/python3.8/site-packages/airflow/example_dags/example_kubernetes_executor.py
[2021-09-23 23:58:03,185] {scheduler_job.py:643} INFO - DAG(s) dict_keys(['example_kubernetes_executor']) retrieved from /home/airflow/sandbox/lib/python3.8/site-packages/airflow/example_dags/example_kubernetes_executor.py
[2021-09-23 23:58:03,220] {logging_mixin.py:104} INFO - [2021-09-23 23:58:03,220] {dag.py:1832} INFO - Sync 1 DAGs
[2021-09-23 23:58:03,245] {logging_mixin.py:104} INFO - [2021-09-23 23:58:03,245] {dag.py:2305} INFO - Setting next_dagrun for example_kubernetes_executor to None
[2021-09-23 23:58:03,279] {scheduler_job.py:190} INFO - Processing /home/airflow/sandbox/lib/python3.8/site-packages/airflow/example_dags/example_kubernetes_executor.py took 0.120 seconds
[2021-09-23 23:58:39,294] {scheduler_job.py:182} INFO - Started process (PID=10887) to work on /home/airflow/sandbox/lib/python3.8/site-packages/airflow/example_dags/example_kubernetes_executor.py
[2021-09-23 23:58:39,296] {scheduler_job.py:633} INFO - Processing file /home/airflow/sandbox/lib/python3.8/site-packages/airflow/example_dags/example_kubernetes_executor.py for tasks to queue
[2021-09-23 23:58:39,296] {logging_mixin.py:104} INFO - [2021-09-23 23:58:39,296] {dagbag.py:487} INFO - Filling up the DagBag from /home/airflow/sandbox/lib/python3.8/site-packages/airflow/example_dags/example_kubernetes_executor.py
[2021-09-23 23:58:39,320] {scheduler_job.py:643} INFO - DAG(s) dict_keys(['example_kubernetes_executor']) retrieved from /home/airflow/sandbox/lib/python3.8/site-packages/airflow/example_dags/example_kubernetes_executor.py
[2021-09-23 23:58:39,335] {logging_mixin.py:104} INFO - [2021-09-23 23:58:39,335] {dag.py:1832} INFO - Sync 1 DAGs
[2021-09-23 23:58:39,348] {logging_mixin.py:104} INFO - [2021-09-23 23:58:39,348] {dag.py:2305} INFO - Setting next_dagrun for example_kubernetes_executor to None
[2021-09-23 23:58:39,373] {scheduler_job.py:190} INFO - Processing /home/airflow/sandbox/lib/python3.8/site-packages/airflow/example_dags/example_kubernetes_executor.py took 0.083 seconds
[2021-09-23 23:59:17,264] {scheduler_job.py:182} INFO - Started process (PID=10922) to work on /home/airflow/sandbox/lib/python3.8/site-packages/airflow/example_dags/example_kubernetes_executor.py
[2021-09-23 23:59:17,265] {scheduler_job.py:633} INFO - Processing file /home/airflow/sandbox/lib/python3.8/site-packages/airflow/example_dags/example_kubernetes_executor.py for tasks to queue
[2021-09-23 23:59:17,266] {logging_mixin.py:104} INFO - [2021-09-23 23:59:17,266] {dagbag.py:487} INFO - Filling up the DagBag from /home/airflow/sandbox/lib/python3.8/site-packages/airflow/example_dags/example_kubernetes_executor.py
[2021-09-23 23:59:17,281] {scheduler_job.py:643} INFO - DAG(s) dict_keys(['example_kubernetes_executor']) retrieved from /home/airflow/sandbox/lib/python3.8/site-packages/airflow/example_dags/example_kubernetes_executor.py
[2021-09-23 23:59:17,297] {logging_mixin.py:104} INFO - [2021-09-23 23:59:17,296] {dag.py:1832} INFO - Sync 1 DAGs
[2021-09-23 23:59:17,308] {logging_mixin.py:104} INFO - [2021-09-23 23:59:17,308] {dag.py:2305} INFO - Setting next_dagrun for example_kubernetes_executor to None
[2021-09-23 23:59:17,335] {scheduler_job.py:190} INFO - Processing /home/airflow/sandbox/lib/python3.8/site-packages/airflow/example_dags/example_kubernetes_executor.py took 0.077 seconds
[2021-09-23 23:59:52,188] {scheduler_job.py:182} INFO - Started process (PID=10956) to work on /home/airflow/sandbox/lib/python3.8/site-packages/airflow/example_dags/example_kubernetes_executor.py
[2021-09-23 23:59:52,189] {scheduler_job.py:633} INFO - Processing file /home/airflow/sandbox/lib/python3.8/site-packages/airflow/example_dags/example_kubernetes_executor.py for tasks to queue
[2021-09-23 23:59:52,189] {logging_mixin.py:104} INFO - [2021-09-23 23:59:52,189] {dagbag.py:487} INFO - Filling up the DagBag from /home/airflow/sandbox/lib/python3.8/site-packages/airflow/example_dags/example_kubernetes_executor.py
[2021-09-23 23:59:52,200] {scheduler_job.py:643} INFO - DAG(s) dict_keys(['example_kubernetes_executor']) retrieved from /home/airflow/sandbox/lib/python3.8/site-packages/airflow/example_dags/example_kubernetes_executor.py
[2021-09-23 23:59:52,219] {logging_mixin.py:104} INFO - [2021-09-23 23:59:52,219] {dag.py:1832} INFO - Sync 1 DAGs
[2021-09-23 23:59:52,231] {logging_mixin.py:104} INFO - [2021-09-23 23:59:52,231] {dag.py:2305} INFO - Setting next_dagrun for example_kubernetes_executor to None
[2021-09-23 23:59:52,249] {scheduler_job.py:190} INFO - Processing /home/airflow/sandbox/lib/python3.8/site-packages/airflow/example_dags/example_kubernetes_executor.py took 0.065 seconds
