[2021-09-23 22:57:25,068] {scheduler_job.py:182} INFO - Started process (PID=5880) to work on /home/airflow/sandbox/lib/python3.8/site-packages/airflow/example_dags/example_branch_labels.py
[2021-09-23 22:57:25,069] {scheduler_job.py:633} INFO - Processing file /home/airflow/sandbox/lib/python3.8/site-packages/airflow/example_dags/example_branch_labels.py for tasks to queue
[2021-09-23 22:57:25,070] {logging_mixin.py:104} INFO - [2021-09-23 22:57:25,069] {dagbag.py:487} INFO - Filling up the DagBag from /home/airflow/sandbox/lib/python3.8/site-packages/airflow/example_dags/example_branch_labels.py
[2021-09-23 22:57:25,080] {scheduler_job.py:643} INFO - DAG(s) dict_keys(['example_branch_labels']) retrieved from /home/airflow/sandbox/lib/python3.8/site-packages/airflow/example_dags/example_branch_labels.py
[2021-09-23 22:57:25,362] {logging_mixin.py:104} INFO - [2021-09-23 22:57:25,362] {dag.py:1832} INFO - Sync 1 DAGs
[2021-09-23 22:57:25,374] {logging_mixin.py:104} INFO - [2021-09-23 22:57:25,374] {dag.py:2305} INFO - Setting next_dagrun for example_branch_labels to 2021-09-21 00:00:00+00:00
[2021-09-23 22:57:25,400] {scheduler_job.py:190} INFO - Processing /home/airflow/sandbox/lib/python3.8/site-packages/airflow/example_dags/example_branch_labels.py took 0.334 seconds
[2021-09-23 22:58:01,294] {scheduler_job.py:182} INFO - Started process (PID=6025) to work on /home/airflow/sandbox/lib/python3.8/site-packages/airflow/example_dags/example_branch_labels.py
[2021-09-23 22:58:01,295] {scheduler_job.py:633} INFO - Processing file /home/airflow/sandbox/lib/python3.8/site-packages/airflow/example_dags/example_branch_labels.py for tasks to queue
[2021-09-23 22:58:01,295] {logging_mixin.py:104} INFO - [2021-09-23 22:58:01,295] {dagbag.py:487} INFO - Filling up the DagBag from /home/airflow/sandbox/lib/python3.8/site-packages/airflow/example_dags/example_branch_labels.py
[2021-09-23 22:58:01,380] {scheduler_job.py:643} INFO - DAG(s) dict_keys(['example_branch_labels']) retrieved from /home/airflow/sandbox/lib/python3.8/site-packages/airflow/example_dags/example_branch_labels.py
[2021-09-23 22:58:01,438] {logging_mixin.py:104} INFO - [2021-09-23 22:58:01,438] {dag.py:1832} INFO - Sync 1 DAGs
[2021-09-23 22:58:01,559] {logging_mixin.py:104} INFO - [2021-09-23 22:58:01,559] {dag.py:2305} INFO - Setting next_dagrun for example_branch_labels to 2021-09-21 00:00:00+00:00
[2021-09-23 22:58:01,605] {scheduler_job.py:190} INFO - Processing /home/airflow/sandbox/lib/python3.8/site-packages/airflow/example_dags/example_branch_labels.py took 0.313 seconds
[2021-09-23 22:58:36,435] {scheduler_job.py:182} INFO - Started process (PID=6117) to work on /home/airflow/sandbox/lib/python3.8/site-packages/airflow/example_dags/example_branch_labels.py
[2021-09-23 22:58:36,436] {scheduler_job.py:633} INFO - Processing file /home/airflow/sandbox/lib/python3.8/site-packages/airflow/example_dags/example_branch_labels.py for tasks to queue
[2021-09-23 22:58:36,437] {logging_mixin.py:104} INFO - [2021-09-23 22:58:36,437] {dagbag.py:487} INFO - Filling up the DagBag from /home/airflow/sandbox/lib/python3.8/site-packages/airflow/example_dags/example_branch_labels.py
[2021-09-23 22:58:36,452] {scheduler_job.py:643} INFO - DAG(s) dict_keys(['example_branch_labels']) retrieved from /home/airflow/sandbox/lib/python3.8/site-packages/airflow/example_dags/example_branch_labels.py
[2021-09-23 22:58:36,467] {logging_mixin.py:104} INFO - [2021-09-23 22:58:36,467] {dag.py:1832} INFO - Sync 1 DAGs
[2021-09-23 22:58:36,482] {logging_mixin.py:104} INFO - [2021-09-23 22:58:36,481] {dag.py:2305} INFO - Setting next_dagrun for example_branch_labels to 2021-09-21 00:00:00+00:00
[2021-09-23 22:58:36,500] {scheduler_job.py:190} INFO - Processing /home/airflow/sandbox/lib/python3.8/site-packages/airflow/example_dags/example_branch_labels.py took 0.069 seconds
[2021-09-23 22:59:10,742] {scheduler_job.py:182} INFO - Started process (PID=6209) to work on /home/airflow/sandbox/lib/python3.8/site-packages/airflow/example_dags/example_branch_labels.py
[2021-09-23 22:59:10,743] {scheduler_job.py:633} INFO - Processing file /home/airflow/sandbox/lib/python3.8/site-packages/airflow/example_dags/example_branch_labels.py for tasks to queue
[2021-09-23 22:59:10,744] {logging_mixin.py:104} INFO - [2021-09-23 22:59:10,744] {dagbag.py:487} INFO - Filling up the DagBag from /home/airflow/sandbox/lib/python3.8/site-packages/airflow/example_dags/example_branch_labels.py
[2021-09-23 22:59:10,754] {scheduler_job.py:643} INFO - DAG(s) dict_keys(['example_branch_labels']) retrieved from /home/airflow/sandbox/lib/python3.8/site-packages/airflow/example_dags/example_branch_labels.py
[2021-09-23 22:59:10,768] {logging_mixin.py:104} INFO - [2021-09-23 22:59:10,768] {dag.py:1832} INFO - Sync 1 DAGs
[2021-09-23 22:59:10,784] {logging_mixin.py:104} INFO - [2021-09-23 22:59:10,784] {dag.py:2305} INFO - Setting next_dagrun for example_branch_labels to 2021-09-21 00:00:00+00:00
[2021-09-23 22:59:10,802] {scheduler_job.py:190} INFO - Processing /home/airflow/sandbox/lib/python3.8/site-packages/airflow/example_dags/example_branch_labels.py took 0.063 seconds
[2021-09-23 22:59:46,923] {scheduler_job.py:182} INFO - Started process (PID=6243) to work on /home/airflow/sandbox/lib/python3.8/site-packages/airflow/example_dags/example_branch_labels.py
[2021-09-23 22:59:46,925] {scheduler_job.py:633} INFO - Processing file /home/airflow/sandbox/lib/python3.8/site-packages/airflow/example_dags/example_branch_labels.py for tasks to queue
[2021-09-23 22:59:46,925] {logging_mixin.py:104} INFO - [2021-09-23 22:59:46,925] {dagbag.py:487} INFO - Filling up the DagBag from /home/airflow/sandbox/lib/python3.8/site-packages/airflow/example_dags/example_branch_labels.py
[2021-09-23 22:59:46,941] {scheduler_job.py:643} INFO - DAG(s) dict_keys(['example_branch_labels']) retrieved from /home/airflow/sandbox/lib/python3.8/site-packages/airflow/example_dags/example_branch_labels.py
[2021-09-23 22:59:46,957] {logging_mixin.py:104} INFO - [2021-09-23 22:59:46,957] {dag.py:1832} INFO - Sync 1 DAGs
[2021-09-23 22:59:46,986] {logging_mixin.py:104} INFO - [2021-09-23 22:59:46,985] {dag.py:2305} INFO - Setting next_dagrun for example_branch_labels to 2021-09-21 00:00:00+00:00
[2021-09-23 22:59:47,014] {scheduler_job.py:190} INFO - Processing /home/airflow/sandbox/lib/python3.8/site-packages/airflow/example_dags/example_branch_labels.py took 0.093 seconds
[2021-09-23 23:00:21,311] {scheduler_job.py:182} INFO - Started process (PID=6276) to work on /home/airflow/sandbox/lib/python3.8/site-packages/airflow/example_dags/example_branch_labels.py
[2021-09-23 23:00:21,312] {scheduler_job.py:633} INFO - Processing file /home/airflow/sandbox/lib/python3.8/site-packages/airflow/example_dags/example_branch_labels.py for tasks to queue
[2021-09-23 23:00:21,313] {logging_mixin.py:104} INFO - [2021-09-23 23:00:21,313] {dagbag.py:487} INFO - Filling up the DagBag from /home/airflow/sandbox/lib/python3.8/site-packages/airflow/example_dags/example_branch_labels.py
[2021-09-23 23:00:21,329] {scheduler_job.py:643} INFO - DAG(s) dict_keys(['example_branch_labels']) retrieved from /home/airflow/sandbox/lib/python3.8/site-packages/airflow/example_dags/example_branch_labels.py
[2021-09-23 23:00:21,344] {logging_mixin.py:104} INFO - [2021-09-23 23:00:21,344] {dag.py:1832} INFO - Sync 1 DAGs
[2021-09-23 23:00:21,358] {logging_mixin.py:104} INFO - [2021-09-23 23:00:21,358] {dag.py:2305} INFO - Setting next_dagrun for example_branch_labels to 2021-09-21 00:00:00+00:00
[2021-09-23 23:00:21,376] {scheduler_job.py:190} INFO - Processing /home/airflow/sandbox/lib/python3.8/site-packages/airflow/example_dags/example_branch_labels.py took 0.068 seconds
[2021-09-23 23:00:56,972] {scheduler_job.py:182} INFO - Started process (PID=6352) to work on /home/airflow/sandbox/lib/python3.8/site-packages/airflow/example_dags/example_branch_labels.py
[2021-09-23 23:00:56,973] {scheduler_job.py:633} INFO - Processing file /home/airflow/sandbox/lib/python3.8/site-packages/airflow/example_dags/example_branch_labels.py for tasks to queue
[2021-09-23 23:00:56,974] {logging_mixin.py:104} INFO - [2021-09-23 23:00:56,974] {dagbag.py:487} INFO - Filling up the DagBag from /home/airflow/sandbox/lib/python3.8/site-packages/airflow/example_dags/example_branch_labels.py
[2021-09-23 23:00:57,071] {scheduler_job.py:643} INFO - DAG(s) dict_keys(['example_branch_labels']) retrieved from /home/airflow/sandbox/lib/python3.8/site-packages/airflow/example_dags/example_branch_labels.py
[2021-09-23 23:00:57,189] {logging_mixin.py:104} INFO - [2021-09-23 23:00:57,188] {dag.py:1832} INFO - Sync 1 DAGs
[2021-09-23 23:00:57,372] {logging_mixin.py:104} INFO - [2021-09-23 23:00:57,371] {dag.py:2305} INFO - Setting next_dagrun for example_branch_labels to 2021-09-21 00:00:00+00:00
[2021-09-23 23:00:57,456] {scheduler_job.py:190} INFO - Processing /home/airflow/sandbox/lib/python3.8/site-packages/airflow/example_dags/example_branch_labels.py took 0.489 seconds
[2021-09-23 23:01:36,998] {scheduler_job.py:182} INFO - Started process (PID=6387) to work on /home/airflow/sandbox/lib/python3.8/site-packages/airflow/example_dags/example_branch_labels.py
[2021-09-23 23:01:36,999] {scheduler_job.py:633} INFO - Processing file /home/airflow/sandbox/lib/python3.8/site-packages/airflow/example_dags/example_branch_labels.py for tasks to queue
[2021-09-23 23:01:36,999] {logging_mixin.py:104} INFO - [2021-09-23 23:01:36,999] {dagbag.py:487} INFO - Filling up the DagBag from /home/airflow/sandbox/lib/python3.8/site-packages/airflow/example_dags/example_branch_labels.py
[2021-09-23 23:01:37,011] {scheduler_job.py:643} INFO - DAG(s) dict_keys(['example_branch_labels']) retrieved from /home/airflow/sandbox/lib/python3.8/site-packages/airflow/example_dags/example_branch_labels.py
[2021-09-23 23:01:37,023] {logging_mixin.py:104} INFO - [2021-09-23 23:01:37,023] {dag.py:1832} INFO - Sync 1 DAGs
[2021-09-23 23:01:37,041] {logging_mixin.py:104} INFO - [2021-09-23 23:01:37,038] {dag.py:2305} INFO - Setting next_dagrun for example_branch_labels to 2021-09-21 00:00:00+00:00
[2021-09-23 23:01:37,056] {scheduler_job.py:190} INFO - Processing /home/airflow/sandbox/lib/python3.8/site-packages/airflow/example_dags/example_branch_labels.py took 0.061 seconds
[2021-09-23 23:02:17,673] {scheduler_job.py:182} INFO - Started process (PID=6532) to work on /home/airflow/sandbox/lib/python3.8/site-packages/airflow/example_dags/example_branch_labels.py
[2021-09-23 23:02:17,674] {scheduler_job.py:633} INFO - Processing file /home/airflow/sandbox/lib/python3.8/site-packages/airflow/example_dags/example_branch_labels.py for tasks to queue
[2021-09-23 23:02:17,675] {logging_mixin.py:104} INFO - [2021-09-23 23:02:17,675] {dagbag.py:487} INFO - Filling up the DagBag from /home/airflow/sandbox/lib/python3.8/site-packages/airflow/example_dags/example_branch_labels.py
[2021-09-23 23:02:17,684] {scheduler_job.py:643} INFO - DAG(s) dict_keys(['example_branch_labels']) retrieved from /home/airflow/sandbox/lib/python3.8/site-packages/airflow/example_dags/example_branch_labels.py
[2021-09-23 23:02:17,697] {logging_mixin.py:104} INFO - [2021-09-23 23:02:17,697] {dag.py:1832} INFO - Sync 1 DAGs
[2021-09-23 23:02:17,713] {logging_mixin.py:104} INFO - [2021-09-23 23:02:17,712] {dag.py:2305} INFO - Setting next_dagrun for example_branch_labels to 2021-09-21 00:00:00+00:00
[2021-09-23 23:02:17,734] {scheduler_job.py:190} INFO - Processing /home/airflow/sandbox/lib/python3.8/site-packages/airflow/example_dags/example_branch_labels.py took 0.063 seconds
[2021-09-23 23:02:52,592] {scheduler_job.py:182} INFO - Started process (PID=6565) to work on /home/airflow/sandbox/lib/python3.8/site-packages/airflow/example_dags/example_branch_labels.py
[2021-09-23 23:02:52,594] {scheduler_job.py:633} INFO - Processing file /home/airflow/sandbox/lib/python3.8/site-packages/airflow/example_dags/example_branch_labels.py for tasks to queue
[2021-09-23 23:02:52,594] {logging_mixin.py:104} INFO - [2021-09-23 23:02:52,594] {dagbag.py:487} INFO - Filling up the DagBag from /home/airflow/sandbox/lib/python3.8/site-packages/airflow/example_dags/example_branch_labels.py
[2021-09-23 23:02:52,605] {scheduler_job.py:643} INFO - DAG(s) dict_keys(['example_branch_labels']) retrieved from /home/airflow/sandbox/lib/python3.8/site-packages/airflow/example_dags/example_branch_labels.py
[2021-09-23 23:02:52,622] {logging_mixin.py:104} INFO - [2021-09-23 23:02:52,622] {dag.py:1832} INFO - Sync 1 DAGs
[2021-09-23 23:02:52,637] {logging_mixin.py:104} INFO - [2021-09-23 23:02:52,637] {dag.py:2305} INFO - Setting next_dagrun for example_branch_labels to 2021-09-21 00:00:00+00:00
[2021-09-23 23:02:52,658] {scheduler_job.py:190} INFO - Processing /home/airflow/sandbox/lib/python3.8/site-packages/airflow/example_dags/example_branch_labels.py took 0.069 seconds
[2021-09-23 23:03:26,989] {scheduler_job.py:182} INFO - Started process (PID=6789) to work on /home/airflow/sandbox/lib/python3.8/site-packages/airflow/example_dags/example_branch_labels.py
[2021-09-23 23:03:26,990] {scheduler_job.py:633} INFO - Processing file /home/airflow/sandbox/lib/python3.8/site-packages/airflow/example_dags/example_branch_labels.py for tasks to queue
[2021-09-23 23:03:26,990] {logging_mixin.py:104} INFO - [2021-09-23 23:03:26,990] {dagbag.py:487} INFO - Filling up the DagBag from /home/airflow/sandbox/lib/python3.8/site-packages/airflow/example_dags/example_branch_labels.py
[2021-09-23 23:03:27,001] {scheduler_job.py:643} INFO - DAG(s) dict_keys(['example_branch_labels']) retrieved from /home/airflow/sandbox/lib/python3.8/site-packages/airflow/example_dags/example_branch_labels.py
[2021-09-23 23:03:27,027] {logging_mixin.py:104} INFO - [2021-09-23 23:03:27,027] {dag.py:1832} INFO - Sync 1 DAGs
[2021-09-23 23:03:27,051] {logging_mixin.py:104} INFO - [2021-09-23 23:03:27,051] {dag.py:2305} INFO - Setting next_dagrun for example_branch_labels to 2021-09-21 00:00:00+00:00
[2021-09-23 23:03:27,070] {scheduler_job.py:190} INFO - Processing /home/airflow/sandbox/lib/python3.8/site-packages/airflow/example_dags/example_branch_labels.py took 0.085 seconds
[2021-09-23 23:04:03,040] {scheduler_job.py:182} INFO - Started process (PID=6898) to work on /home/airflow/sandbox/lib/python3.8/site-packages/airflow/example_dags/example_branch_labels.py
[2021-09-23 23:04:03,041] {scheduler_job.py:633} INFO - Processing file /home/airflow/sandbox/lib/python3.8/site-packages/airflow/example_dags/example_branch_labels.py for tasks to queue
[2021-09-23 23:04:03,041] {logging_mixin.py:104} INFO - [2021-09-23 23:04:03,041] {dagbag.py:487} INFO - Filling up the DagBag from /home/airflow/sandbox/lib/python3.8/site-packages/airflow/example_dags/example_branch_labels.py
[2021-09-23 23:04:03,052] {scheduler_job.py:643} INFO - DAG(s) dict_keys(['example_branch_labels']) retrieved from /home/airflow/sandbox/lib/python3.8/site-packages/airflow/example_dags/example_branch_labels.py
[2021-09-23 23:04:03,068] {logging_mixin.py:104} INFO - [2021-09-23 23:04:03,068] {dag.py:1832} INFO - Sync 1 DAGs
[2021-09-23 23:04:03,081] {logging_mixin.py:104} INFO - [2021-09-23 23:04:03,081] {dag.py:2305} INFO - Setting next_dagrun for example_branch_labels to 2021-09-21 00:00:00+00:00
[2021-09-23 23:04:03,097] {scheduler_job.py:190} INFO - Processing /home/airflow/sandbox/lib/python3.8/site-packages/airflow/example_dags/example_branch_labels.py took 0.060 seconds
[2021-09-23 23:04:36,895] {scheduler_job.py:182} INFO - Started process (PID=6930) to work on /home/airflow/sandbox/lib/python3.8/site-packages/airflow/example_dags/example_branch_labels.py
[2021-09-23 23:04:36,896] {scheduler_job.py:633} INFO - Processing file /home/airflow/sandbox/lib/python3.8/site-packages/airflow/example_dags/example_branch_labels.py for tasks to queue
[2021-09-23 23:04:36,897] {logging_mixin.py:104} INFO - [2021-09-23 23:04:36,897] {dagbag.py:487} INFO - Filling up the DagBag from /home/airflow/sandbox/lib/python3.8/site-packages/airflow/example_dags/example_branch_labels.py
[2021-09-23 23:04:36,906] {scheduler_job.py:643} INFO - DAG(s) dict_keys(['example_branch_labels']) retrieved from /home/airflow/sandbox/lib/python3.8/site-packages/airflow/example_dags/example_branch_labels.py
[2021-09-23 23:04:36,921] {logging_mixin.py:104} INFO - [2021-09-23 23:04:36,921] {dag.py:1832} INFO - Sync 1 DAGs
[2021-09-23 23:04:36,946] {logging_mixin.py:104} INFO - [2021-09-23 23:04:36,946] {dag.py:2305} INFO - Setting next_dagrun for example_branch_labels to 2021-09-21 00:00:00+00:00
[2021-09-23 23:04:36,964] {scheduler_job.py:190} INFO - Processing /home/airflow/sandbox/lib/python3.8/site-packages/airflow/example_dags/example_branch_labels.py took 0.072 seconds
[2021-09-23 23:05:09,609] {scheduler_job.py:182} INFO - Started process (PID=6988) to work on /home/airflow/sandbox/lib/python3.8/site-packages/airflow/example_dags/example_branch_labels.py
[2021-09-23 23:05:09,610] {scheduler_job.py:633} INFO - Processing file /home/airflow/sandbox/lib/python3.8/site-packages/airflow/example_dags/example_branch_labels.py for tasks to queue
[2021-09-23 23:05:09,611] {logging_mixin.py:104} INFO - [2021-09-23 23:05:09,611] {dagbag.py:487} INFO - Filling up the DagBag from /home/airflow/sandbox/lib/python3.8/site-packages/airflow/example_dags/example_branch_labels.py
[2021-09-23 23:05:09,623] {scheduler_job.py:643} INFO - DAG(s) dict_keys(['example_branch_labels']) retrieved from /home/airflow/sandbox/lib/python3.8/site-packages/airflow/example_dags/example_branch_labels.py
[2021-09-23 23:05:09,642] {logging_mixin.py:104} INFO - [2021-09-23 23:05:09,642] {dag.py:1832} INFO - Sync 1 DAGs
[2021-09-23 23:05:09,657] {logging_mixin.py:104} INFO - [2021-09-23 23:05:09,657] {dag.py:2305} INFO - Setting next_dagrun for example_branch_labels to 2021-09-21 00:00:00+00:00
[2021-09-23 23:05:09,670] {scheduler_job.py:190} INFO - Processing /home/airflow/sandbox/lib/python3.8/site-packages/airflow/example_dags/example_branch_labels.py took 0.064 seconds
[2021-09-23 23:05:44,175] {scheduler_job.py:182} INFO - Started process (PID=7063) to work on /home/airflow/sandbox/lib/python3.8/site-packages/airflow/example_dags/example_branch_labels.py
[2021-09-23 23:05:44,175] {scheduler_job.py:633} INFO - Processing file /home/airflow/sandbox/lib/python3.8/site-packages/airflow/example_dags/example_branch_labels.py for tasks to queue
[2021-09-23 23:05:44,176] {logging_mixin.py:104} INFO - [2021-09-23 23:05:44,176] {dagbag.py:487} INFO - Filling up the DagBag from /home/airflow/sandbox/lib/python3.8/site-packages/airflow/example_dags/example_branch_labels.py
[2021-09-23 23:05:44,187] {scheduler_job.py:643} INFO - DAG(s) dict_keys(['example_branch_labels']) retrieved from /home/airflow/sandbox/lib/python3.8/site-packages/airflow/example_dags/example_branch_labels.py
[2021-09-23 23:05:44,210] {logging_mixin.py:104} INFO - [2021-09-23 23:05:44,209] {dag.py:1832} INFO - Sync 1 DAGs
[2021-09-23 23:05:44,225] {logging_mixin.py:104} INFO - [2021-09-23 23:05:44,225] {dag.py:2305} INFO - Setting next_dagrun for example_branch_labels to 2021-09-21 00:00:00+00:00
[2021-09-23 23:05:44,245] {scheduler_job.py:190} INFO - Processing /home/airflow/sandbox/lib/python3.8/site-packages/airflow/example_dags/example_branch_labels.py took 0.074 seconds
[2021-09-23 23:06:20,992] {scheduler_job.py:182} INFO - Started process (PID=7180) to work on /home/airflow/sandbox/lib/python3.8/site-packages/airflow/example_dags/example_branch_labels.py
[2021-09-23 23:06:20,993] {scheduler_job.py:633} INFO - Processing file /home/airflow/sandbox/lib/python3.8/site-packages/airflow/example_dags/example_branch_labels.py for tasks to queue
[2021-09-23 23:06:20,993] {logging_mixin.py:104} INFO - [2021-09-23 23:06:20,993] {dagbag.py:487} INFO - Filling up the DagBag from /home/airflow/sandbox/lib/python3.8/site-packages/airflow/example_dags/example_branch_labels.py
[2021-09-23 23:06:21,003] {scheduler_job.py:643} INFO - DAG(s) dict_keys(['example_branch_labels']) retrieved from /home/airflow/sandbox/lib/python3.8/site-packages/airflow/example_dags/example_branch_labels.py
[2021-09-23 23:06:21,017] {logging_mixin.py:104} INFO - [2021-09-23 23:06:21,017] {dag.py:1832} INFO - Sync 1 DAGs
[2021-09-23 23:06:21,031] {logging_mixin.py:104} INFO - [2021-09-23 23:06:21,031] {dag.py:2305} INFO - Setting next_dagrun for example_branch_labels to 2021-09-21 00:00:00+00:00
[2021-09-23 23:06:21,051] {scheduler_job.py:190} INFO - Processing /home/airflow/sandbox/lib/python3.8/site-packages/airflow/example_dags/example_branch_labels.py took 0.062 seconds
[2021-09-23 23:07:02,004] {scheduler_job.py:182} INFO - Started process (PID=7342) to work on /home/airflow/sandbox/lib/python3.8/site-packages/airflow/example_dags/example_branch_labels.py
[2021-09-23 23:07:02,005] {scheduler_job.py:633} INFO - Processing file /home/airflow/sandbox/lib/python3.8/site-packages/airflow/example_dags/example_branch_labels.py for tasks to queue
[2021-09-23 23:07:02,005] {logging_mixin.py:104} INFO - [2021-09-23 23:07:02,005] {dagbag.py:487} INFO - Filling up the DagBag from /home/airflow/sandbox/lib/python3.8/site-packages/airflow/example_dags/example_branch_labels.py
[2021-09-23 23:07:02,016] {scheduler_job.py:643} INFO - DAG(s) dict_keys(['example_branch_labels']) retrieved from /home/airflow/sandbox/lib/python3.8/site-packages/airflow/example_dags/example_branch_labels.py
[2021-09-23 23:07:02,030] {logging_mixin.py:104} INFO - [2021-09-23 23:07:02,030] {dag.py:1832} INFO - Sync 1 DAGs
[2021-09-23 23:07:02,046] {logging_mixin.py:104} INFO - [2021-09-23 23:07:02,046] {dag.py:2305} INFO - Setting next_dagrun for example_branch_labels to 2021-09-21 00:00:00+00:00
[2021-09-23 23:07:02,071] {scheduler_job.py:190} INFO - Processing /home/airflow/sandbox/lib/python3.8/site-packages/airflow/example_dags/example_branch_labels.py took 0.070 seconds
[2021-09-23 23:07:36,483] {scheduler_job.py:182} INFO - Started process (PID=7375) to work on /home/airflow/sandbox/lib/python3.8/site-packages/airflow/example_dags/example_branch_labels.py
[2021-09-23 23:07:36,484] {scheduler_job.py:633} INFO - Processing file /home/airflow/sandbox/lib/python3.8/site-packages/airflow/example_dags/example_branch_labels.py for tasks to queue
[2021-09-23 23:07:36,485] {logging_mixin.py:104} INFO - [2021-09-23 23:07:36,484] {dagbag.py:487} INFO - Filling up the DagBag from /home/airflow/sandbox/lib/python3.8/site-packages/airflow/example_dags/example_branch_labels.py
[2021-09-23 23:07:36,496] {scheduler_job.py:643} INFO - DAG(s) dict_keys(['example_branch_labels']) retrieved from /home/airflow/sandbox/lib/python3.8/site-packages/airflow/example_dags/example_branch_labels.py
[2021-09-23 23:07:36,509] {logging_mixin.py:104} INFO - [2021-09-23 23:07:36,509] {dag.py:1832} INFO - Sync 1 DAGs
[2021-09-23 23:07:36,526] {logging_mixin.py:104} INFO - [2021-09-23 23:07:36,526] {dag.py:2305} INFO - Setting next_dagrun for example_branch_labels to 2021-09-21 00:00:00+00:00
[2021-09-23 23:07:36,547] {scheduler_job.py:190} INFO - Processing /home/airflow/sandbox/lib/python3.8/site-packages/airflow/example_dags/example_branch_labels.py took 0.067 seconds
[2021-09-23 23:08:10,953] {scheduler_job.py:182} INFO - Started process (PID=7408) to work on /home/airflow/sandbox/lib/python3.8/site-packages/airflow/example_dags/example_branch_labels.py
[2021-09-23 23:08:10,954] {scheduler_job.py:633} INFO - Processing file /home/airflow/sandbox/lib/python3.8/site-packages/airflow/example_dags/example_branch_labels.py for tasks to queue
[2021-09-23 23:08:10,954] {logging_mixin.py:104} INFO - [2021-09-23 23:08:10,954] {dagbag.py:487} INFO - Filling up the DagBag from /home/airflow/sandbox/lib/python3.8/site-packages/airflow/example_dags/example_branch_labels.py
[2021-09-23 23:08:10,964] {scheduler_job.py:643} INFO - DAG(s) dict_keys(['example_branch_labels']) retrieved from /home/airflow/sandbox/lib/python3.8/site-packages/airflow/example_dags/example_branch_labels.py
[2021-09-23 23:08:10,977] {logging_mixin.py:104} INFO - [2021-09-23 23:08:10,977] {dag.py:1832} INFO - Sync 1 DAGs
[2021-09-23 23:08:10,993] {logging_mixin.py:104} INFO - [2021-09-23 23:08:10,993] {dag.py:2305} INFO - Setting next_dagrun for example_branch_labels to 2021-09-21 00:00:00+00:00
[2021-09-23 23:08:11,011] {scheduler_job.py:190} INFO - Processing /home/airflow/sandbox/lib/python3.8/site-packages/airflow/example_dags/example_branch_labels.py took 0.061 seconds
[2021-09-23 23:08:46,858] {scheduler_job.py:182} INFO - Started process (PID=7534) to work on /home/airflow/sandbox/lib/python3.8/site-packages/airflow/example_dags/example_branch_labels.py
[2021-09-23 23:08:46,859] {scheduler_job.py:633} INFO - Processing file /home/airflow/sandbox/lib/python3.8/site-packages/airflow/example_dags/example_branch_labels.py for tasks to queue
[2021-09-23 23:08:46,860] {logging_mixin.py:104} INFO - [2021-09-23 23:08:46,860] {dagbag.py:487} INFO - Filling up the DagBag from /home/airflow/sandbox/lib/python3.8/site-packages/airflow/example_dags/example_branch_labels.py
[2021-09-23 23:08:46,881] {scheduler_job.py:643} INFO - DAG(s) dict_keys(['example_branch_labels']) retrieved from /home/airflow/sandbox/lib/python3.8/site-packages/airflow/example_dags/example_branch_labels.py
[2021-09-23 23:08:46,899] {logging_mixin.py:104} INFO - [2021-09-23 23:08:46,899] {dag.py:1832} INFO - Sync 1 DAGs
[2021-09-23 23:08:46,924] {logging_mixin.py:104} INFO - [2021-09-23 23:08:46,923] {dag.py:2305} INFO - Setting next_dagrun for example_branch_labels to 2021-09-21 00:00:00+00:00
[2021-09-23 23:08:46,943] {scheduler_job.py:190} INFO - Processing /home/airflow/sandbox/lib/python3.8/site-packages/airflow/example_dags/example_branch_labels.py took 0.088 seconds
[2021-09-23 23:09:21,708] {scheduler_job.py:182} INFO - Started process (PID=7568) to work on /home/airflow/sandbox/lib/python3.8/site-packages/airflow/example_dags/example_branch_labels.py
[2021-09-23 23:09:21,709] {scheduler_job.py:633} INFO - Processing file /home/airflow/sandbox/lib/python3.8/site-packages/airflow/example_dags/example_branch_labels.py for tasks to queue
[2021-09-23 23:09:21,710] {logging_mixin.py:104} INFO - [2021-09-23 23:09:21,709] {dagbag.py:487} INFO - Filling up the DagBag from /home/airflow/sandbox/lib/python3.8/site-packages/airflow/example_dags/example_branch_labels.py
[2021-09-23 23:09:21,721] {scheduler_job.py:643} INFO - DAG(s) dict_keys(['example_branch_labels']) retrieved from /home/airflow/sandbox/lib/python3.8/site-packages/airflow/example_dags/example_branch_labels.py
[2021-09-23 23:09:21,735] {logging_mixin.py:104} INFO - [2021-09-23 23:09:21,734] {dag.py:1832} INFO - Sync 1 DAGs
[2021-09-23 23:09:21,753] {logging_mixin.py:104} INFO - [2021-09-23 23:09:21,753] {dag.py:2305} INFO - Setting next_dagrun for example_branch_labels to 2021-09-21 00:00:00+00:00
[2021-09-23 23:09:21,771] {scheduler_job.py:190} INFO - Processing /home/airflow/sandbox/lib/python3.8/site-packages/airflow/example_dags/example_branch_labels.py took 0.066 seconds
[2021-09-23 23:09:56,908] {scheduler_job.py:182} INFO - Started process (PID=7663) to work on /home/airflow/sandbox/lib/python3.8/site-packages/airflow/example_dags/example_branch_labels.py
[2021-09-23 23:09:56,909] {scheduler_job.py:633} INFO - Processing file /home/airflow/sandbox/lib/python3.8/site-packages/airflow/example_dags/example_branch_labels.py for tasks to queue
[2021-09-23 23:09:56,910] {logging_mixin.py:104} INFO - [2021-09-23 23:09:56,910] {dagbag.py:487} INFO - Filling up the DagBag from /home/airflow/sandbox/lib/python3.8/site-packages/airflow/example_dags/example_branch_labels.py
[2021-09-23 23:09:56,920] {scheduler_job.py:643} INFO - DAG(s) dict_keys(['example_branch_labels']) retrieved from /home/airflow/sandbox/lib/python3.8/site-packages/airflow/example_dags/example_branch_labels.py
[2021-09-23 23:09:56,934] {logging_mixin.py:104} INFO - [2021-09-23 23:09:56,934] {dag.py:1832} INFO - Sync 1 DAGs
[2021-09-23 23:09:56,947] {logging_mixin.py:104} INFO - [2021-09-23 23:09:56,947] {dag.py:2305} INFO - Setting next_dagrun for example_branch_labels to 2021-09-21 00:00:00+00:00
[2021-09-23 23:09:56,965] {scheduler_job.py:190} INFO - Processing /home/airflow/sandbox/lib/python3.8/site-packages/airflow/example_dags/example_branch_labels.py took 0.060 seconds
[2021-09-23 23:10:33,391] {scheduler_job.py:182} INFO - Started process (PID=7809) to work on /home/airflow/sandbox/lib/python3.8/site-packages/airflow/example_dags/example_branch_labels.py
[2021-09-23 23:10:33,392] {scheduler_job.py:633} INFO - Processing file /home/airflow/sandbox/lib/python3.8/site-packages/airflow/example_dags/example_branch_labels.py for tasks to queue
[2021-09-23 23:10:33,392] {logging_mixin.py:104} INFO - [2021-09-23 23:10:33,392] {dagbag.py:487} INFO - Filling up the DagBag from /home/airflow/sandbox/lib/python3.8/site-packages/airflow/example_dags/example_branch_labels.py
[2021-09-23 23:10:33,404] {scheduler_job.py:643} INFO - DAG(s) dict_keys(['example_branch_labels']) retrieved from /home/airflow/sandbox/lib/python3.8/site-packages/airflow/example_dags/example_branch_labels.py
[2021-09-23 23:10:33,417] {logging_mixin.py:104} INFO - [2021-09-23 23:10:33,417] {dag.py:1832} INFO - Sync 1 DAGs
[2021-09-23 23:10:33,432] {logging_mixin.py:104} INFO - [2021-09-23 23:10:33,431] {dag.py:2305} INFO - Setting next_dagrun for example_branch_labels to 2021-09-21 00:00:00+00:00
[2021-09-23 23:10:33,456] {scheduler_job.py:190} INFO - Processing /home/airflow/sandbox/lib/python3.8/site-packages/airflow/example_dags/example_branch_labels.py took 0.068 seconds
[2021-09-23 23:11:09,656] {scheduler_job.py:182} INFO - Started process (PID=7923) to work on /home/airflow/sandbox/lib/python3.8/site-packages/airflow/example_dags/example_branch_labels.py
[2021-09-23 23:11:09,657] {scheduler_job.py:633} INFO - Processing file /home/airflow/sandbox/lib/python3.8/site-packages/airflow/example_dags/example_branch_labels.py for tasks to queue
[2021-09-23 23:11:09,658] {logging_mixin.py:104} INFO - [2021-09-23 23:11:09,658] {dagbag.py:487} INFO - Filling up the DagBag from /home/airflow/sandbox/lib/python3.8/site-packages/airflow/example_dags/example_branch_labels.py
[2021-09-23 23:11:09,667] {scheduler_job.py:643} INFO - DAG(s) dict_keys(['example_branch_labels']) retrieved from /home/airflow/sandbox/lib/python3.8/site-packages/airflow/example_dags/example_branch_labels.py
[2021-09-23 23:11:09,680] {logging_mixin.py:104} INFO - [2021-09-23 23:11:09,680] {dag.py:1832} INFO - Sync 1 DAGs
[2021-09-23 23:11:09,695] {logging_mixin.py:104} INFO - [2021-09-23 23:11:09,695] {dag.py:2305} INFO - Setting next_dagrun for example_branch_labels to 2021-09-21 00:00:00+00:00
[2021-09-23 23:11:09,711] {scheduler_job.py:190} INFO - Processing /home/airflow/sandbox/lib/python3.8/site-packages/airflow/example_dags/example_branch_labels.py took 0.057 seconds
[2021-09-23 23:11:44,727] {scheduler_job.py:182} INFO - Started process (PID=8077) to work on /home/airflow/sandbox/lib/python3.8/site-packages/airflow/example_dags/example_branch_labels.py
[2021-09-23 23:11:44,728] {scheduler_job.py:633} INFO - Processing file /home/airflow/sandbox/lib/python3.8/site-packages/airflow/example_dags/example_branch_labels.py for tasks to queue
[2021-09-23 23:11:44,728] {logging_mixin.py:104} INFO - [2021-09-23 23:11:44,728] {dagbag.py:487} INFO - Filling up the DagBag from /home/airflow/sandbox/lib/python3.8/site-packages/airflow/example_dags/example_branch_labels.py
[2021-09-23 23:11:44,738] {scheduler_job.py:643} INFO - DAG(s) dict_keys(['example_branch_labels']) retrieved from /home/airflow/sandbox/lib/python3.8/site-packages/airflow/example_dags/example_branch_labels.py
[2021-09-23 23:11:44,753] {logging_mixin.py:104} INFO - [2021-09-23 23:11:44,751] {dag.py:1832} INFO - Sync 1 DAGs
[2021-09-23 23:11:44,766] {logging_mixin.py:104} INFO - [2021-09-23 23:11:44,766] {dag.py:2305} INFO - Setting next_dagrun for example_branch_labels to 2021-09-21 00:00:00+00:00
[2021-09-23 23:11:44,785] {scheduler_job.py:190} INFO - Processing /home/airflow/sandbox/lib/python3.8/site-packages/airflow/example_dags/example_branch_labels.py took 0.061 seconds
[2021-09-23 23:12:19,654] {scheduler_job.py:182} INFO - Started process (PID=8250) to work on /home/airflow/sandbox/lib/python3.8/site-packages/airflow/example_dags/example_branch_labels.py
[2021-09-23 23:12:19,655] {scheduler_job.py:633} INFO - Processing file /home/airflow/sandbox/lib/python3.8/site-packages/airflow/example_dags/example_branch_labels.py for tasks to queue
[2021-09-23 23:12:19,655] {logging_mixin.py:104} INFO - [2021-09-23 23:12:19,655] {dagbag.py:487} INFO - Filling up the DagBag from /home/airflow/sandbox/lib/python3.8/site-packages/airflow/example_dags/example_branch_labels.py
[2021-09-23 23:12:19,665] {scheduler_job.py:643} INFO - DAG(s) dict_keys(['example_branch_labels']) retrieved from /home/airflow/sandbox/lib/python3.8/site-packages/airflow/example_dags/example_branch_labels.py
[2021-09-23 23:12:19,677] {logging_mixin.py:104} INFO - [2021-09-23 23:12:19,677] {dag.py:1832} INFO - Sync 1 DAGs
[2021-09-23 23:12:19,690] {logging_mixin.py:104} INFO - [2021-09-23 23:12:19,690] {dag.py:2305} INFO - Setting next_dagrun for example_branch_labels to 2021-09-21 00:00:00+00:00
[2021-09-23 23:12:19,710] {scheduler_job.py:190} INFO - Processing /home/airflow/sandbox/lib/python3.8/site-packages/airflow/example_dags/example_branch_labels.py took 0.059 seconds
[2021-09-23 23:12:55,655] {scheduler_job.py:182} INFO - Started process (PID=8396) to work on /home/airflow/sandbox/lib/python3.8/site-packages/airflow/example_dags/example_branch_labels.py
[2021-09-23 23:12:55,657] {scheduler_job.py:633} INFO - Processing file /home/airflow/sandbox/lib/python3.8/site-packages/airflow/example_dags/example_branch_labels.py for tasks to queue
[2021-09-23 23:12:55,657] {logging_mixin.py:104} INFO - [2021-09-23 23:12:55,657] {dagbag.py:487} INFO - Filling up the DagBag from /home/airflow/sandbox/lib/python3.8/site-packages/airflow/example_dags/example_branch_labels.py
[2021-09-23 23:12:55,668] {scheduler_job.py:643} INFO - DAG(s) dict_keys(['example_branch_labels']) retrieved from /home/airflow/sandbox/lib/python3.8/site-packages/airflow/example_dags/example_branch_labels.py
[2021-09-23 23:12:55,681] {logging_mixin.py:104} INFO - [2021-09-23 23:12:55,681] {dag.py:1832} INFO - Sync 1 DAGs
[2021-09-23 23:12:55,698] {logging_mixin.py:104} INFO - [2021-09-23 23:12:55,698] {dag.py:2305} INFO - Setting next_dagrun for example_branch_labels to 2021-09-21 00:00:00+00:00
[2021-09-23 23:12:55,716] {scheduler_job.py:190} INFO - Processing /home/airflow/sandbox/lib/python3.8/site-packages/airflow/example_dags/example_branch_labels.py took 0.064 seconds
[2021-09-23 23:13:31,405] {scheduler_job.py:182} INFO - Started process (PID=8428) to work on /home/airflow/sandbox/lib/python3.8/site-packages/airflow/example_dags/example_branch_labels.py
[2021-09-23 23:13:31,406] {scheduler_job.py:633} INFO - Processing file /home/airflow/sandbox/lib/python3.8/site-packages/airflow/example_dags/example_branch_labels.py for tasks to queue
[2021-09-23 23:13:31,407] {logging_mixin.py:104} INFO - [2021-09-23 23:13:31,407] {dagbag.py:487} INFO - Filling up the DagBag from /home/airflow/sandbox/lib/python3.8/site-packages/airflow/example_dags/example_branch_labels.py
[2021-09-23 23:13:31,420] {scheduler_job.py:643} INFO - DAG(s) dict_keys(['example_branch_labels']) retrieved from /home/airflow/sandbox/lib/python3.8/site-packages/airflow/example_dags/example_branch_labels.py
[2021-09-23 23:13:31,435] {logging_mixin.py:104} INFO - [2021-09-23 23:13:31,435] {dag.py:1832} INFO - Sync 1 DAGs
[2021-09-23 23:13:31,450] {logging_mixin.py:104} INFO - [2021-09-23 23:13:31,450] {dag.py:2305} INFO - Setting next_dagrun for example_branch_labels to 2021-09-21 00:00:00+00:00
[2021-09-23 23:13:31,474] {scheduler_job.py:190} INFO - Processing /home/airflow/sandbox/lib/python3.8/site-packages/airflow/example_dags/example_branch_labels.py took 0.072 seconds
[2021-09-23 23:14:06,556] {scheduler_job.py:182} INFO - Started process (PID=8460) to work on /home/airflow/sandbox/lib/python3.8/site-packages/airflow/example_dags/example_branch_labels.py
[2021-09-23 23:14:06,558] {scheduler_job.py:633} INFO - Processing file /home/airflow/sandbox/lib/python3.8/site-packages/airflow/example_dags/example_branch_labels.py for tasks to queue
[2021-09-23 23:14:06,559] {logging_mixin.py:104} INFO - [2021-09-23 23:14:06,558] {dagbag.py:487} INFO - Filling up the DagBag from /home/airflow/sandbox/lib/python3.8/site-packages/airflow/example_dags/example_branch_labels.py
[2021-09-23 23:14:06,568] {scheduler_job.py:643} INFO - DAG(s) dict_keys(['example_branch_labels']) retrieved from /home/airflow/sandbox/lib/python3.8/site-packages/airflow/example_dags/example_branch_labels.py
[2021-09-23 23:14:06,582] {logging_mixin.py:104} INFO - [2021-09-23 23:14:06,582] {dag.py:1832} INFO - Sync 1 DAGs
[2021-09-23 23:14:06,595] {logging_mixin.py:104} INFO - [2021-09-23 23:14:06,595] {dag.py:2305} INFO - Setting next_dagrun for example_branch_labels to 2021-09-21 00:00:00+00:00
[2021-09-23 23:14:06,611] {scheduler_job.py:190} INFO - Processing /home/airflow/sandbox/lib/python3.8/site-packages/airflow/example_dags/example_branch_labels.py took 0.059 seconds
[2021-09-23 23:14:42,809] {scheduler_job.py:182} INFO - Started process (PID=8494) to work on /home/airflow/sandbox/lib/python3.8/site-packages/airflow/example_dags/example_branch_labels.py
[2021-09-23 23:14:42,810] {scheduler_job.py:633} INFO - Processing file /home/airflow/sandbox/lib/python3.8/site-packages/airflow/example_dags/example_branch_labels.py for tasks to queue
[2021-09-23 23:14:42,811] {logging_mixin.py:104} INFO - [2021-09-23 23:14:42,811] {dagbag.py:487} INFO - Filling up the DagBag from /home/airflow/sandbox/lib/python3.8/site-packages/airflow/example_dags/example_branch_labels.py
[2021-09-23 23:14:42,822] {scheduler_job.py:643} INFO - DAG(s) dict_keys(['example_branch_labels']) retrieved from /home/airflow/sandbox/lib/python3.8/site-packages/airflow/example_dags/example_branch_labels.py
[2021-09-23 23:14:42,838] {logging_mixin.py:104} INFO - [2021-09-23 23:14:42,838] {dag.py:1832} INFO - Sync 1 DAGs
[2021-09-23 23:14:42,854] {logging_mixin.py:104} INFO - [2021-09-23 23:14:42,853] {dag.py:2305} INFO - Setting next_dagrun for example_branch_labels to 2021-09-21 00:00:00+00:00
[2021-09-23 23:14:42,873] {scheduler_job.py:190} INFO - Processing /home/airflow/sandbox/lib/python3.8/site-packages/airflow/example_dags/example_branch_labels.py took 0.066 seconds
[2021-09-23 23:15:21,748] {scheduler_job.py:182} INFO - Started process (PID=8797) to work on /home/airflow/sandbox/lib/python3.8/site-packages/airflow/example_dags/example_branch_labels.py
[2021-09-23 23:15:21,749] {scheduler_job.py:633} INFO - Processing file /home/airflow/sandbox/lib/python3.8/site-packages/airflow/example_dags/example_branch_labels.py for tasks to queue
[2021-09-23 23:15:21,749] {logging_mixin.py:104} INFO - [2021-09-23 23:15:21,749] {dagbag.py:487} INFO - Filling up the DagBag from /home/airflow/sandbox/lib/python3.8/site-packages/airflow/example_dags/example_branch_labels.py
[2021-09-23 23:15:21,760] {scheduler_job.py:643} INFO - DAG(s) dict_keys(['example_branch_labels']) retrieved from /home/airflow/sandbox/lib/python3.8/site-packages/airflow/example_dags/example_branch_labels.py
[2021-09-23 23:15:21,773] {logging_mixin.py:104} INFO - [2021-09-23 23:15:21,773] {dag.py:1832} INFO - Sync 1 DAGs
[2021-09-23 23:15:21,786] {logging_mixin.py:104} INFO - [2021-09-23 23:15:21,786] {dag.py:2305} INFO - Setting next_dagrun for example_branch_labels to 2021-09-21 00:00:00+00:00
[2021-09-23 23:15:21,807] {scheduler_job.py:190} INFO - Processing /home/airflow/sandbox/lib/python3.8/site-packages/airflow/example_dags/example_branch_labels.py took 0.061 seconds
[2021-09-23 23:15:54,853] {scheduler_job.py:182} INFO - Started process (PID=8973) to work on /home/airflow/sandbox/lib/python3.8/site-packages/airflow/example_dags/example_branch_labels.py
[2021-09-23 23:15:54,854] {scheduler_job.py:633} INFO - Processing file /home/airflow/sandbox/lib/python3.8/site-packages/airflow/example_dags/example_branch_labels.py for tasks to queue
[2021-09-23 23:15:54,855] {logging_mixin.py:104} INFO - [2021-09-23 23:15:54,855] {dagbag.py:487} INFO - Filling up the DagBag from /home/airflow/sandbox/lib/python3.8/site-packages/airflow/example_dags/example_branch_labels.py
[2021-09-23 23:15:54,869] {scheduler_job.py:643} INFO - DAG(s) dict_keys(['example_branch_labels']) retrieved from /home/airflow/sandbox/lib/python3.8/site-packages/airflow/example_dags/example_branch_labels.py
[2021-09-23 23:15:54,882] {logging_mixin.py:104} INFO - [2021-09-23 23:15:54,882] {dag.py:1832} INFO - Sync 1 DAGs
[2021-09-23 23:15:54,898] {logging_mixin.py:104} INFO - [2021-09-23 23:15:54,898] {dag.py:2305} INFO - Setting next_dagrun for example_branch_labels to 2021-09-21 00:00:00+00:00
[2021-09-23 23:15:54,919] {scheduler_job.py:190} INFO - Processing /home/airflow/sandbox/lib/python3.8/site-packages/airflow/example_dags/example_branch_labels.py took 0.073 seconds
[2021-09-23 23:16:28,624] {scheduler_job.py:182} INFO - Started process (PID=9097) to work on /home/airflow/sandbox/lib/python3.8/site-packages/airflow/example_dags/example_branch_labels.py
[2021-09-23 23:16:28,625] {scheduler_job.py:633} INFO - Processing file /home/airflow/sandbox/lib/python3.8/site-packages/airflow/example_dags/example_branch_labels.py for tasks to queue
[2021-09-23 23:16:28,626] {logging_mixin.py:104} INFO - [2021-09-23 23:16:28,625] {dagbag.py:487} INFO - Filling up the DagBag from /home/airflow/sandbox/lib/python3.8/site-packages/airflow/example_dags/example_branch_labels.py
[2021-09-23 23:16:28,638] {scheduler_job.py:643} INFO - DAG(s) dict_keys(['example_branch_labels']) retrieved from /home/airflow/sandbox/lib/python3.8/site-packages/airflow/example_dags/example_branch_labels.py
[2021-09-23 23:16:28,652] {logging_mixin.py:104} INFO - [2021-09-23 23:16:28,652] {dag.py:1832} INFO - Sync 1 DAGs
[2021-09-23 23:16:28,666] {logging_mixin.py:104} INFO - [2021-09-23 23:16:28,666] {dag.py:2305} INFO - Setting next_dagrun for example_branch_labels to 2021-09-21 00:00:00+00:00
[2021-09-23 23:16:28,682] {scheduler_job.py:190} INFO - Processing /home/airflow/sandbox/lib/python3.8/site-packages/airflow/example_dags/example_branch_labels.py took 0.060 seconds
[2021-09-23 23:43:41,560] {scheduler_job.py:182} INFO - Started process (PID=9327) to work on /home/airflow/sandbox/lib/python3.8/site-packages/airflow/example_dags/example_branch_labels.py
[2021-09-23 23:43:41,561] {scheduler_job.py:633} INFO - Processing file /home/airflow/sandbox/lib/python3.8/site-packages/airflow/example_dags/example_branch_labels.py for tasks to queue
[2021-09-23 23:43:41,562] {logging_mixin.py:104} INFO - [2021-09-23 23:43:41,562] {dagbag.py:487} INFO - Filling up the DagBag from /home/airflow/sandbox/lib/python3.8/site-packages/airflow/example_dags/example_branch_labels.py
[2021-09-23 23:43:41,575] {scheduler_job.py:643} INFO - DAG(s) dict_keys(['example_branch_labels']) retrieved from /home/airflow/sandbox/lib/python3.8/site-packages/airflow/example_dags/example_branch_labels.py
[2021-09-23 23:43:41,592] {logging_mixin.py:104} INFO - [2021-09-23 23:43:41,592] {dag.py:1832} INFO - Sync 1 DAGs
[2021-09-23 23:43:41,608] {logging_mixin.py:104} INFO - [2021-09-23 23:43:41,608] {dag.py:2305} INFO - Setting next_dagrun for example_branch_labels to 2021-09-21 00:00:00+00:00
[2021-09-23 23:43:41,625] {scheduler_job.py:190} INFO - Processing /home/airflow/sandbox/lib/python3.8/site-packages/airflow/example_dags/example_branch_labels.py took 0.068 seconds
[2021-09-23 23:44:14,885] {scheduler_job.py:182} INFO - Started process (PID=9360) to work on /home/airflow/sandbox/lib/python3.8/site-packages/airflow/example_dags/example_branch_labels.py
[2021-09-23 23:44:14,886] {scheduler_job.py:633} INFO - Processing file /home/airflow/sandbox/lib/python3.8/site-packages/airflow/example_dags/example_branch_labels.py for tasks to queue
[2021-09-23 23:44:14,887] {logging_mixin.py:104} INFO - [2021-09-23 23:44:14,887] {dagbag.py:487} INFO - Filling up the DagBag from /home/airflow/sandbox/lib/python3.8/site-packages/airflow/example_dags/example_branch_labels.py
[2021-09-23 23:44:14,900] {scheduler_job.py:643} INFO - DAG(s) dict_keys(['example_branch_labels']) retrieved from /home/airflow/sandbox/lib/python3.8/site-packages/airflow/example_dags/example_branch_labels.py
[2021-09-23 23:44:14,918] {logging_mixin.py:104} INFO - [2021-09-23 23:44:14,918] {dag.py:1832} INFO - Sync 1 DAGs
[2021-09-23 23:44:14,938] {logging_mixin.py:104} INFO - [2021-09-23 23:44:14,938] {dag.py:2305} INFO - Setting next_dagrun for example_branch_labels to 2021-09-21 00:00:00+00:00
[2021-09-23 23:44:14,957] {scheduler_job.py:190} INFO - Processing /home/airflow/sandbox/lib/python3.8/site-packages/airflow/example_dags/example_branch_labels.py took 0.075 seconds
[2021-09-23 23:44:48,720] {scheduler_job.py:182} INFO - Started process (PID=9393) to work on /home/airflow/sandbox/lib/python3.8/site-packages/airflow/example_dags/example_branch_labels.py
[2021-09-23 23:44:48,721] {scheduler_job.py:633} INFO - Processing file /home/airflow/sandbox/lib/python3.8/site-packages/airflow/example_dags/example_branch_labels.py for tasks to queue
[2021-09-23 23:44:48,722] {logging_mixin.py:104} INFO - [2021-09-23 23:44:48,722] {dagbag.py:487} INFO - Filling up the DagBag from /home/airflow/sandbox/lib/python3.8/site-packages/airflow/example_dags/example_branch_labels.py
[2021-09-23 23:44:48,731] {scheduler_job.py:643} INFO - DAG(s) dict_keys(['example_branch_labels']) retrieved from /home/airflow/sandbox/lib/python3.8/site-packages/airflow/example_dags/example_branch_labels.py
[2021-09-23 23:44:48,747] {logging_mixin.py:104} INFO - [2021-09-23 23:44:48,747] {dag.py:1832} INFO - Sync 1 DAGs
[2021-09-23 23:44:48,764] {logging_mixin.py:104} INFO - [2021-09-23 23:44:48,764] {dag.py:2305} INFO - Setting next_dagrun for example_branch_labels to 2021-09-21 00:00:00+00:00
[2021-09-23 23:44:48,792] {scheduler_job.py:190} INFO - Processing /home/airflow/sandbox/lib/python3.8/site-packages/airflow/example_dags/example_branch_labels.py took 0.076 seconds
[2021-09-23 23:45:23,292] {scheduler_job.py:182} INFO - Started process (PID=9425) to work on /home/airflow/sandbox/lib/python3.8/site-packages/airflow/example_dags/example_branch_labels.py
[2021-09-23 23:45:23,293] {scheduler_job.py:633} INFO - Processing file /home/airflow/sandbox/lib/python3.8/site-packages/airflow/example_dags/example_branch_labels.py for tasks to queue
[2021-09-23 23:45:23,294] {logging_mixin.py:104} INFO - [2021-09-23 23:45:23,294] {dagbag.py:487} INFO - Filling up the DagBag from /home/airflow/sandbox/lib/python3.8/site-packages/airflow/example_dags/example_branch_labels.py
[2021-09-23 23:45:23,305] {scheduler_job.py:643} INFO - DAG(s) dict_keys(['example_branch_labels']) retrieved from /home/airflow/sandbox/lib/python3.8/site-packages/airflow/example_dags/example_branch_labels.py
[2021-09-23 23:45:23,319] {logging_mixin.py:104} INFO - [2021-09-23 23:45:23,319] {dag.py:1832} INFO - Sync 1 DAGs
[2021-09-23 23:45:23,330] {logging_mixin.py:104} INFO - [2021-09-23 23:45:23,330] {dag.py:2305} INFO - Setting next_dagrun for example_branch_labels to 2021-09-21 00:00:00+00:00
[2021-09-23 23:45:23,353] {scheduler_job.py:190} INFO - Processing /home/airflow/sandbox/lib/python3.8/site-packages/airflow/example_dags/example_branch_labels.py took 0.063 seconds
[2021-09-23 23:45:57,411] {scheduler_job.py:182} INFO - Started process (PID=9457) to work on /home/airflow/sandbox/lib/python3.8/site-packages/airflow/example_dags/example_branch_labels.py
[2021-09-23 23:45:57,412] {scheduler_job.py:633} INFO - Processing file /home/airflow/sandbox/lib/python3.8/site-packages/airflow/example_dags/example_branch_labels.py for tasks to queue
[2021-09-23 23:45:57,413] {logging_mixin.py:104} INFO - [2021-09-23 23:45:57,413] {dagbag.py:487} INFO - Filling up the DagBag from /home/airflow/sandbox/lib/python3.8/site-packages/airflow/example_dags/example_branch_labels.py
[2021-09-23 23:45:57,425] {scheduler_job.py:643} INFO - DAG(s) dict_keys(['example_branch_labels']) retrieved from /home/airflow/sandbox/lib/python3.8/site-packages/airflow/example_dags/example_branch_labels.py
[2021-09-23 23:45:57,437] {logging_mixin.py:104} INFO - [2021-09-23 23:45:57,437] {dag.py:1832} INFO - Sync 1 DAGs
[2021-09-23 23:45:57,460] {logging_mixin.py:104} INFO - [2021-09-23 23:45:57,459] {dag.py:2305} INFO - Setting next_dagrun for example_branch_labels to 2021-09-21 00:00:00+00:00
[2021-09-23 23:45:57,480] {scheduler_job.py:190} INFO - Processing /home/airflow/sandbox/lib/python3.8/site-packages/airflow/example_dags/example_branch_labels.py took 0.072 seconds
[2021-09-23 23:46:30,151] {scheduler_job.py:182} INFO - Started process (PID=9512) to work on /home/airflow/sandbox/lib/python3.8/site-packages/airflow/example_dags/example_branch_labels.py
[2021-09-23 23:46:30,152] {scheduler_job.py:633} INFO - Processing file /home/airflow/sandbox/lib/python3.8/site-packages/airflow/example_dags/example_branch_labels.py for tasks to queue
[2021-09-23 23:46:30,153] {logging_mixin.py:104} INFO - [2021-09-23 23:46:30,153] {dagbag.py:487} INFO - Filling up the DagBag from /home/airflow/sandbox/lib/python3.8/site-packages/airflow/example_dags/example_branch_labels.py
[2021-09-23 23:46:30,164] {scheduler_job.py:643} INFO - DAG(s) dict_keys(['example_branch_labels']) retrieved from /home/airflow/sandbox/lib/python3.8/site-packages/airflow/example_dags/example_branch_labels.py
[2021-09-23 23:46:30,180] {logging_mixin.py:104} INFO - [2021-09-23 23:46:30,180] {dag.py:1832} INFO - Sync 1 DAGs
[2021-09-23 23:46:30,197] {logging_mixin.py:104} INFO - [2021-09-23 23:46:30,196] {dag.py:2305} INFO - Setting next_dagrun for example_branch_labels to 2021-09-21 00:00:00+00:00
[2021-09-23 23:46:30,214] {scheduler_job.py:190} INFO - Processing /home/airflow/sandbox/lib/python3.8/site-packages/airflow/example_dags/example_branch_labels.py took 0.065 seconds
[2021-09-23 23:47:04,967] {scheduler_job.py:182} INFO - Started process (PID=9566) to work on /home/airflow/sandbox/lib/python3.8/site-packages/airflow/example_dags/example_branch_labels.py
[2021-09-23 23:47:04,970] {scheduler_job.py:633} INFO - Processing file /home/airflow/sandbox/lib/python3.8/site-packages/airflow/example_dags/example_branch_labels.py for tasks to queue
[2021-09-23 23:47:04,971] {logging_mixin.py:104} INFO - [2021-09-23 23:47:04,971] {dagbag.py:487} INFO - Filling up the DagBag from /home/airflow/sandbox/lib/python3.8/site-packages/airflow/example_dags/example_branch_labels.py
[2021-09-23 23:47:04,981] {scheduler_job.py:643} INFO - DAG(s) dict_keys(['example_branch_labels']) retrieved from /home/airflow/sandbox/lib/python3.8/site-packages/airflow/example_dags/example_branch_labels.py
[2021-09-23 23:47:04,993] {logging_mixin.py:104} INFO - [2021-09-23 23:47:04,992] {dag.py:1832} INFO - Sync 1 DAGs
[2021-09-23 23:47:05,007] {logging_mixin.py:104} INFO - [2021-09-23 23:47:05,007] {dag.py:2305} INFO - Setting next_dagrun for example_branch_labels to 2021-09-21 00:00:00+00:00
[2021-09-23 23:47:05,027] {scheduler_job.py:190} INFO - Processing /home/airflow/sandbox/lib/python3.8/site-packages/airflow/example_dags/example_branch_labels.py took 0.062 seconds
[2021-09-23 23:47:40,230] {scheduler_job.py:182} INFO - Started process (PID=9600) to work on /home/airflow/sandbox/lib/python3.8/site-packages/airflow/example_dags/example_branch_labels.py
[2021-09-23 23:47:40,231] {scheduler_job.py:633} INFO - Processing file /home/airflow/sandbox/lib/python3.8/site-packages/airflow/example_dags/example_branch_labels.py for tasks to queue
[2021-09-23 23:47:40,232] {logging_mixin.py:104} INFO - [2021-09-23 23:47:40,232] {dagbag.py:487} INFO - Filling up the DagBag from /home/airflow/sandbox/lib/python3.8/site-packages/airflow/example_dags/example_branch_labels.py
[2021-09-23 23:47:40,247] {scheduler_job.py:643} INFO - DAG(s) dict_keys(['example_branch_labels']) retrieved from /home/airflow/sandbox/lib/python3.8/site-packages/airflow/example_dags/example_branch_labels.py
[2021-09-23 23:47:40,260] {logging_mixin.py:104} INFO - [2021-09-23 23:47:40,260] {dag.py:1832} INFO - Sync 1 DAGs
[2021-09-23 23:47:40,274] {logging_mixin.py:104} INFO - [2021-09-23 23:47:40,274] {dag.py:2305} INFO - Setting next_dagrun for example_branch_labels to 2021-09-21 00:00:00+00:00
[2021-09-23 23:47:40,291] {scheduler_job.py:190} INFO - Processing /home/airflow/sandbox/lib/python3.8/site-packages/airflow/example_dags/example_branch_labels.py took 0.064 seconds
[2021-09-23 23:48:14,248] {scheduler_job.py:182} INFO - Started process (PID=9633) to work on /home/airflow/sandbox/lib/python3.8/site-packages/airflow/example_dags/example_branch_labels.py
[2021-09-23 23:48:14,249] {scheduler_job.py:633} INFO - Processing file /home/airflow/sandbox/lib/python3.8/site-packages/airflow/example_dags/example_branch_labels.py for tasks to queue
[2021-09-23 23:48:14,250] {logging_mixin.py:104} INFO - [2021-09-23 23:48:14,250] {dagbag.py:487} INFO - Filling up the DagBag from /home/airflow/sandbox/lib/python3.8/site-packages/airflow/example_dags/example_branch_labels.py
[2021-09-23 23:48:14,260] {scheduler_job.py:643} INFO - DAG(s) dict_keys(['example_branch_labels']) retrieved from /home/airflow/sandbox/lib/python3.8/site-packages/airflow/example_dags/example_branch_labels.py
[2021-09-23 23:48:14,273] {logging_mixin.py:104} INFO - [2021-09-23 23:48:14,273] {dag.py:1832} INFO - Sync 1 DAGs
[2021-09-23 23:48:14,287] {logging_mixin.py:104} INFO - [2021-09-23 23:48:14,287] {dag.py:2305} INFO - Setting next_dagrun for example_branch_labels to 2021-09-21 00:00:00+00:00
[2021-09-23 23:48:14,303] {scheduler_job.py:190} INFO - Processing /home/airflow/sandbox/lib/python3.8/site-packages/airflow/example_dags/example_branch_labels.py took 0.059 seconds
[2021-09-23 23:48:50,333] {scheduler_job.py:182} INFO - Started process (PID=9666) to work on /home/airflow/sandbox/lib/python3.8/site-packages/airflow/example_dags/example_branch_labels.py
[2021-09-23 23:48:50,335] {scheduler_job.py:633} INFO - Processing file /home/airflow/sandbox/lib/python3.8/site-packages/airflow/example_dags/example_branch_labels.py for tasks to queue
[2021-09-23 23:48:50,335] {logging_mixin.py:104} INFO - [2021-09-23 23:48:50,335] {dagbag.py:487} INFO - Filling up the DagBag from /home/airflow/sandbox/lib/python3.8/site-packages/airflow/example_dags/example_branch_labels.py
[2021-09-23 23:48:50,346] {scheduler_job.py:643} INFO - DAG(s) dict_keys(['example_branch_labels']) retrieved from /home/airflow/sandbox/lib/python3.8/site-packages/airflow/example_dags/example_branch_labels.py
[2021-09-23 23:48:50,363] {logging_mixin.py:104} INFO - [2021-09-23 23:48:50,363] {dag.py:1832} INFO - Sync 1 DAGs
[2021-09-23 23:48:50,380] {logging_mixin.py:104} INFO - [2021-09-23 23:48:50,380] {dag.py:2305} INFO - Setting next_dagrun for example_branch_labels to 2021-09-21 00:00:00+00:00
[2021-09-23 23:48:50,399] {scheduler_job.py:190} INFO - Processing /home/airflow/sandbox/lib/python3.8/site-packages/airflow/example_dags/example_branch_labels.py took 0.068 seconds
[2021-09-23 23:49:26,439] {scheduler_job.py:182} INFO - Started process (PID=9699) to work on /home/airflow/sandbox/lib/python3.8/site-packages/airflow/example_dags/example_branch_labels.py
[2021-09-23 23:49:26,440] {scheduler_job.py:633} INFO - Processing file /home/airflow/sandbox/lib/python3.8/site-packages/airflow/example_dags/example_branch_labels.py for tasks to queue
[2021-09-23 23:49:26,440] {logging_mixin.py:104} INFO - [2021-09-23 23:49:26,440] {dagbag.py:487} INFO - Filling up the DagBag from /home/airflow/sandbox/lib/python3.8/site-packages/airflow/example_dags/example_branch_labels.py
[2021-09-23 23:49:26,455] {scheduler_job.py:643} INFO - DAG(s) dict_keys(['example_branch_labels']) retrieved from /home/airflow/sandbox/lib/python3.8/site-packages/airflow/example_dags/example_branch_labels.py
[2021-09-23 23:49:26,473] {logging_mixin.py:104} INFO - [2021-09-23 23:49:26,473] {dag.py:1832} INFO - Sync 1 DAGs
[2021-09-23 23:49:26,495] {logging_mixin.py:104} INFO - [2021-09-23 23:49:26,495] {dag.py:2305} INFO - Setting next_dagrun for example_branch_labels to 2021-09-21 00:00:00+00:00
[2021-09-23 23:49:26,517] {scheduler_job.py:190} INFO - Processing /home/airflow/sandbox/lib/python3.8/site-packages/airflow/example_dags/example_branch_labels.py took 0.081 seconds
[2021-09-23 23:50:02,321] {scheduler_job.py:182} INFO - Started process (PID=9734) to work on /home/airflow/sandbox/lib/python3.8/site-packages/airflow/example_dags/example_branch_labels.py
[2021-09-23 23:50:02,322] {scheduler_job.py:633} INFO - Processing file /home/airflow/sandbox/lib/python3.8/site-packages/airflow/example_dags/example_branch_labels.py for tasks to queue
[2021-09-23 23:50:02,323] {logging_mixin.py:104} INFO - [2021-09-23 23:50:02,323] {dagbag.py:487} INFO - Filling up the DagBag from /home/airflow/sandbox/lib/python3.8/site-packages/airflow/example_dags/example_branch_labels.py
[2021-09-23 23:50:02,340] {scheduler_job.py:643} INFO - DAG(s) dict_keys(['example_branch_labels']) retrieved from /home/airflow/sandbox/lib/python3.8/site-packages/airflow/example_dags/example_branch_labels.py
[2021-09-23 23:50:02,356] {logging_mixin.py:104} INFO - [2021-09-23 23:50:02,356] {dag.py:1832} INFO - Sync 1 DAGs
[2021-09-23 23:50:02,372] {logging_mixin.py:104} INFO - [2021-09-23 23:50:02,372] {dag.py:2305} INFO - Setting next_dagrun for example_branch_labels to 2021-09-21 00:00:00+00:00
[2021-09-23 23:50:02,393] {scheduler_job.py:190} INFO - Processing /home/airflow/sandbox/lib/python3.8/site-packages/airflow/example_dags/example_branch_labels.py took 0.075 seconds
[2021-09-23 23:50:37,407] {scheduler_job.py:182} INFO - Started process (PID=9769) to work on /home/airflow/sandbox/lib/python3.8/site-packages/airflow/example_dags/example_branch_labels.py
[2021-09-23 23:50:37,408] {scheduler_job.py:633} INFO - Processing file /home/airflow/sandbox/lib/python3.8/site-packages/airflow/example_dags/example_branch_labels.py for tasks to queue
[2021-09-23 23:50:37,408] {logging_mixin.py:104} INFO - [2021-09-23 23:50:37,408] {dagbag.py:487} INFO - Filling up the DagBag from /home/airflow/sandbox/lib/python3.8/site-packages/airflow/example_dags/example_branch_labels.py
[2021-09-23 23:50:37,418] {scheduler_job.py:643} INFO - DAG(s) dict_keys(['example_branch_labels']) retrieved from /home/airflow/sandbox/lib/python3.8/site-packages/airflow/example_dags/example_branch_labels.py
[2021-09-23 23:50:37,433] {logging_mixin.py:104} INFO - [2021-09-23 23:50:37,433] {dag.py:1832} INFO - Sync 1 DAGs
[2021-09-23 23:50:37,448] {logging_mixin.py:104} INFO - [2021-09-23 23:50:37,448] {dag.py:2305} INFO - Setting next_dagrun for example_branch_labels to 2021-09-21 00:00:00+00:00
[2021-09-23 23:50:37,469] {scheduler_job.py:190} INFO - Processing /home/airflow/sandbox/lib/python3.8/site-packages/airflow/example_dags/example_branch_labels.py took 0.065 seconds
[2021-09-23 23:51:11,158] {scheduler_job.py:182} INFO - Started process (PID=9801) to work on /home/airflow/sandbox/lib/python3.8/site-packages/airflow/example_dags/example_branch_labels.py
[2021-09-23 23:51:11,159] {scheduler_job.py:633} INFO - Processing file /home/airflow/sandbox/lib/python3.8/site-packages/airflow/example_dags/example_branch_labels.py for tasks to queue
[2021-09-23 23:51:11,160] {logging_mixin.py:104} INFO - [2021-09-23 23:51:11,160] {dagbag.py:487} INFO - Filling up the DagBag from /home/airflow/sandbox/lib/python3.8/site-packages/airflow/example_dags/example_branch_labels.py
[2021-09-23 23:51:11,176] {scheduler_job.py:643} INFO - DAG(s) dict_keys(['example_branch_labels']) retrieved from /home/airflow/sandbox/lib/python3.8/site-packages/airflow/example_dags/example_branch_labels.py
[2021-09-23 23:51:11,189] {logging_mixin.py:104} INFO - [2021-09-23 23:51:11,189] {dag.py:1832} INFO - Sync 1 DAGs
[2021-09-23 23:51:11,202] {logging_mixin.py:104} INFO - [2021-09-23 23:51:11,202] {dag.py:2305} INFO - Setting next_dagrun for example_branch_labels to 2021-09-21 00:00:00+00:00
[2021-09-23 23:51:11,226] {scheduler_job.py:190} INFO - Processing /home/airflow/sandbox/lib/python3.8/site-packages/airflow/example_dags/example_branch_labels.py took 0.070 seconds
[2021-09-23 23:51:45,622] {scheduler_job.py:182} INFO - Started process (PID=9877) to work on /home/airflow/sandbox/lib/python3.8/site-packages/airflow/example_dags/example_branch_labels.py
[2021-09-23 23:51:45,623] {scheduler_job.py:633} INFO - Processing file /home/airflow/sandbox/lib/python3.8/site-packages/airflow/example_dags/example_branch_labels.py for tasks to queue
[2021-09-23 23:51:45,624] {logging_mixin.py:104} INFO - [2021-09-23 23:51:45,624] {dagbag.py:487} INFO - Filling up the DagBag from /home/airflow/sandbox/lib/python3.8/site-packages/airflow/example_dags/example_branch_labels.py
[2021-09-23 23:51:45,633] {scheduler_job.py:643} INFO - DAG(s) dict_keys(['example_branch_labels']) retrieved from /home/airflow/sandbox/lib/python3.8/site-packages/airflow/example_dags/example_branch_labels.py
[2021-09-23 23:51:45,651] {logging_mixin.py:104} INFO - [2021-09-23 23:51:45,651] {dag.py:1832} INFO - Sync 1 DAGs
[2021-09-23 23:51:45,664] {logging_mixin.py:104} INFO - [2021-09-23 23:51:45,664] {dag.py:2305} INFO - Setting next_dagrun for example_branch_labels to 2021-09-21 00:00:00+00:00
[2021-09-23 23:51:45,679] {scheduler_job.py:190} INFO - Processing /home/airflow/sandbox/lib/python3.8/site-packages/airflow/example_dags/example_branch_labels.py took 0.061 seconds
[2021-09-23 23:52:20,044] {scheduler_job.py:182} INFO - Started process (PID=9911) to work on /home/airflow/sandbox/lib/python3.8/site-packages/airflow/example_dags/example_branch_labels.py
[2021-09-23 23:52:20,045] {scheduler_job.py:633} INFO - Processing file /home/airflow/sandbox/lib/python3.8/site-packages/airflow/example_dags/example_branch_labels.py for tasks to queue
[2021-09-23 23:52:20,046] {logging_mixin.py:104} INFO - [2021-09-23 23:52:20,046] {dagbag.py:487} INFO - Filling up the DagBag from /home/airflow/sandbox/lib/python3.8/site-packages/airflow/example_dags/example_branch_labels.py
[2021-09-23 23:52:20,056] {scheduler_job.py:643} INFO - DAG(s) dict_keys(['example_branch_labels']) retrieved from /home/airflow/sandbox/lib/python3.8/site-packages/airflow/example_dags/example_branch_labels.py
[2021-09-23 23:52:20,070] {logging_mixin.py:104} INFO - [2021-09-23 23:52:20,070] {dag.py:1832} INFO - Sync 1 DAGs
[2021-09-23 23:52:20,085] {logging_mixin.py:104} INFO - [2021-09-23 23:52:20,085] {dag.py:2305} INFO - Setting next_dagrun for example_branch_labels to 2021-09-21 00:00:00+00:00
[2021-09-23 23:52:20,107] {scheduler_job.py:190} INFO - Processing /home/airflow/sandbox/lib/python3.8/site-packages/airflow/example_dags/example_branch_labels.py took 0.068 seconds
[2021-09-23 23:52:53,870] {scheduler_job.py:182} INFO - Started process (PID=9944) to work on /home/airflow/sandbox/lib/python3.8/site-packages/airflow/example_dags/example_branch_labels.py
[2021-09-23 23:52:53,871] {scheduler_job.py:633} INFO - Processing file /home/airflow/sandbox/lib/python3.8/site-packages/airflow/example_dags/example_branch_labels.py for tasks to queue
[2021-09-23 23:52:53,872] {logging_mixin.py:104} INFO - [2021-09-23 23:52:53,872] {dagbag.py:487} INFO - Filling up the DagBag from /home/airflow/sandbox/lib/python3.8/site-packages/airflow/example_dags/example_branch_labels.py
[2021-09-23 23:52:53,885] {scheduler_job.py:643} INFO - DAG(s) dict_keys(['example_branch_labels']) retrieved from /home/airflow/sandbox/lib/python3.8/site-packages/airflow/example_dags/example_branch_labels.py
[2021-09-23 23:52:53,900] {logging_mixin.py:104} INFO - [2021-09-23 23:52:53,900] {dag.py:1832} INFO - Sync 1 DAGs
[2021-09-23 23:52:53,917] {logging_mixin.py:104} INFO - [2021-09-23 23:52:53,916] {dag.py:2305} INFO - Setting next_dagrun for example_branch_labels to 2021-09-21 00:00:00+00:00
[2021-09-23 23:52:53,937] {scheduler_job.py:190} INFO - Processing /home/airflow/sandbox/lib/python3.8/site-packages/airflow/example_dags/example_branch_labels.py took 0.069 seconds
[2021-09-23 23:53:28,167] {scheduler_job.py:182} INFO - Started process (PID=9977) to work on /home/airflow/sandbox/lib/python3.8/site-packages/airflow/example_dags/example_branch_labels.py
[2021-09-23 23:53:28,170] {scheduler_job.py:633} INFO - Processing file /home/airflow/sandbox/lib/python3.8/site-packages/airflow/example_dags/example_branch_labels.py for tasks to queue
[2021-09-23 23:53:28,171] {logging_mixin.py:104} INFO - [2021-09-23 23:53:28,170] {dagbag.py:487} INFO - Filling up the DagBag from /home/airflow/sandbox/lib/python3.8/site-packages/airflow/example_dags/example_branch_labels.py
[2021-09-23 23:53:28,183] {scheduler_job.py:643} INFO - DAG(s) dict_keys(['example_branch_labels']) retrieved from /home/airflow/sandbox/lib/python3.8/site-packages/airflow/example_dags/example_branch_labels.py
[2021-09-23 23:53:28,195] {logging_mixin.py:104} INFO - [2021-09-23 23:53:28,195] {dag.py:1832} INFO - Sync 1 DAGs
[2021-09-23 23:53:28,208] {logging_mixin.py:104} INFO - [2021-09-23 23:53:28,208] {dag.py:2305} INFO - Setting next_dagrun for example_branch_labels to 2021-09-21 00:00:00+00:00
[2021-09-23 23:53:28,229] {scheduler_job.py:190} INFO - Processing /home/airflow/sandbox/lib/python3.8/site-packages/airflow/example_dags/example_branch_labels.py took 0.066 seconds
[2021-09-23 23:54:02,200] {scheduler_job.py:182} INFO - Started process (PID=10010) to work on /home/airflow/sandbox/lib/python3.8/site-packages/airflow/example_dags/example_branch_labels.py
[2021-09-23 23:54:02,202] {scheduler_job.py:633} INFO - Processing file /home/airflow/sandbox/lib/python3.8/site-packages/airflow/example_dags/example_branch_labels.py for tasks to queue
[2021-09-23 23:54:02,203] {logging_mixin.py:104} INFO - [2021-09-23 23:54:02,203] {dagbag.py:487} INFO - Filling up the DagBag from /home/airflow/sandbox/lib/python3.8/site-packages/airflow/example_dags/example_branch_labels.py
[2021-09-23 23:54:02,216] {scheduler_job.py:643} INFO - DAG(s) dict_keys(['example_branch_labels']) retrieved from /home/airflow/sandbox/lib/python3.8/site-packages/airflow/example_dags/example_branch_labels.py
[2021-09-23 23:54:02,231] {logging_mixin.py:104} INFO - [2021-09-23 23:54:02,231] {dag.py:1832} INFO - Sync 1 DAGs
[2021-09-23 23:54:02,245] {logging_mixin.py:104} INFO - [2021-09-23 23:54:02,245] {dag.py:2305} INFO - Setting next_dagrun for example_branch_labels to 2021-09-21 00:00:00+00:00
[2021-09-23 23:54:02,271] {scheduler_job.py:190} INFO - Processing /home/airflow/sandbox/lib/python3.8/site-packages/airflow/example_dags/example_branch_labels.py took 0.073 seconds
[2021-09-23 23:54:36,096] {scheduler_job.py:182} INFO - Started process (PID=10042) to work on /home/airflow/sandbox/lib/python3.8/site-packages/airflow/example_dags/example_branch_labels.py
[2021-09-23 23:54:36,097] {scheduler_job.py:633} INFO - Processing file /home/airflow/sandbox/lib/python3.8/site-packages/airflow/example_dags/example_branch_labels.py for tasks to queue
[2021-09-23 23:54:36,097] {logging_mixin.py:104} INFO - [2021-09-23 23:54:36,097] {dagbag.py:487} INFO - Filling up the DagBag from /home/airflow/sandbox/lib/python3.8/site-packages/airflow/example_dags/example_branch_labels.py
[2021-09-23 23:54:36,109] {scheduler_job.py:643} INFO - DAG(s) dict_keys(['example_branch_labels']) retrieved from /home/airflow/sandbox/lib/python3.8/site-packages/airflow/example_dags/example_branch_labels.py
[2021-09-23 23:54:36,124] {logging_mixin.py:104} INFO - [2021-09-23 23:54:36,124] {dag.py:1832} INFO - Sync 1 DAGs
[2021-09-23 23:54:36,138] {logging_mixin.py:104} INFO - [2021-09-23 23:54:36,138] {dag.py:2305} INFO - Setting next_dagrun for example_branch_labels to 2021-09-21 00:00:00+00:00
[2021-09-23 23:54:36,163] {scheduler_job.py:190} INFO - Processing /home/airflow/sandbox/lib/python3.8/site-packages/airflow/example_dags/example_branch_labels.py took 0.069 seconds
[2021-09-23 23:55:12,348] {scheduler_job.py:182} INFO - Started process (PID=10076) to work on /home/airflow/sandbox/lib/python3.8/site-packages/airflow/example_dags/example_branch_labels.py
[2021-09-23 23:55:12,349] {scheduler_job.py:633} INFO - Processing file /home/airflow/sandbox/lib/python3.8/site-packages/airflow/example_dags/example_branch_labels.py for tasks to queue
[2021-09-23 23:55:12,350] {logging_mixin.py:104} INFO - [2021-09-23 23:55:12,349] {dagbag.py:487} INFO - Filling up the DagBag from /home/airflow/sandbox/lib/python3.8/site-packages/airflow/example_dags/example_branch_labels.py
[2021-09-23 23:55:12,362] {scheduler_job.py:643} INFO - DAG(s) dict_keys(['example_branch_labels']) retrieved from /home/airflow/sandbox/lib/python3.8/site-packages/airflow/example_dags/example_branch_labels.py
[2021-09-23 23:55:12,375] {logging_mixin.py:104} INFO - [2021-09-23 23:55:12,375] {dag.py:1832} INFO - Sync 1 DAGs
[2021-09-23 23:55:12,390] {logging_mixin.py:104} INFO - [2021-09-23 23:55:12,390] {dag.py:2305} INFO - Setting next_dagrun for example_branch_labels to 2021-09-21 00:00:00+00:00
[2021-09-23 23:55:12,413] {scheduler_job.py:190} INFO - Processing /home/airflow/sandbox/lib/python3.8/site-packages/airflow/example_dags/example_branch_labels.py took 0.068 seconds
[2021-09-23 23:55:51,742] {scheduler_job.py:182} INFO - Started process (PID=10197) to work on /home/airflow/sandbox/lib/python3.8/site-packages/airflow/example_dags/example_branch_labels.py
[2021-09-23 23:55:51,743] {scheduler_job.py:633} INFO - Processing file /home/airflow/sandbox/lib/python3.8/site-packages/airflow/example_dags/example_branch_labels.py for tasks to queue
[2021-09-23 23:55:51,744] {logging_mixin.py:104} INFO - [2021-09-23 23:55:51,743] {dagbag.py:487} INFO - Filling up the DagBag from /home/airflow/sandbox/lib/python3.8/site-packages/airflow/example_dags/example_branch_labels.py
[2021-09-23 23:55:51,754] {scheduler_job.py:643} INFO - DAG(s) dict_keys(['example_branch_labels']) retrieved from /home/airflow/sandbox/lib/python3.8/site-packages/airflow/example_dags/example_branch_labels.py
[2021-09-23 23:55:51,768] {logging_mixin.py:104} INFO - [2021-09-23 23:55:51,767] {dag.py:1832} INFO - Sync 1 DAGs
[2021-09-23 23:55:51,783] {logging_mixin.py:104} INFO - [2021-09-23 23:55:51,783] {dag.py:2305} INFO - Setting next_dagrun for example_branch_labels to 2021-09-21 00:00:00+00:00
[2021-09-23 23:55:51,801] {scheduler_job.py:190} INFO - Processing /home/airflow/sandbox/lib/python3.8/site-packages/airflow/example_dags/example_branch_labels.py took 0.061 seconds
[2021-09-23 23:56:25,342] {scheduler_job.py:182} INFO - Started process (PID=10230) to work on /home/airflow/sandbox/lib/python3.8/site-packages/airflow/example_dags/example_branch_labels.py
[2021-09-23 23:56:25,343] {scheduler_job.py:633} INFO - Processing file /home/airflow/sandbox/lib/python3.8/site-packages/airflow/example_dags/example_branch_labels.py for tasks to queue
[2021-09-23 23:56:25,344] {logging_mixin.py:104} INFO - [2021-09-23 23:56:25,343] {dagbag.py:487} INFO - Filling up the DagBag from /home/airflow/sandbox/lib/python3.8/site-packages/airflow/example_dags/example_branch_labels.py
[2021-09-23 23:56:25,354] {scheduler_job.py:643} INFO - DAG(s) dict_keys(['example_branch_labels']) retrieved from /home/airflow/sandbox/lib/python3.8/site-packages/airflow/example_dags/example_branch_labels.py
[2021-09-23 23:56:25,369] {logging_mixin.py:104} INFO - [2021-09-23 23:56:25,368] {dag.py:1832} INFO - Sync 1 DAGs
[2021-09-23 23:56:25,382] {logging_mixin.py:104} INFO - [2021-09-23 23:56:25,382] {dag.py:2305} INFO - Setting next_dagrun for example_branch_labels to 2021-09-21 00:00:00+00:00
[2021-09-23 23:56:25,400] {scheduler_job.py:190} INFO - Processing /home/airflow/sandbox/lib/python3.8/site-packages/airflow/example_dags/example_branch_labels.py took 0.062 seconds
[2021-09-23 23:57:02,777] {scheduler_job.py:182} INFO - Started process (PID=10307) to work on /home/airflow/sandbox/lib/python3.8/site-packages/airflow/example_dags/example_branch_labels.py
[2021-09-23 23:57:02,778] {scheduler_job.py:633} INFO - Processing file /home/airflow/sandbox/lib/python3.8/site-packages/airflow/example_dags/example_branch_labels.py for tasks to queue
[2021-09-23 23:57:02,779] {logging_mixin.py:104} INFO - [2021-09-23 23:57:02,779] {dagbag.py:487} INFO - Filling up the DagBag from /home/airflow/sandbox/lib/python3.8/site-packages/airflow/example_dags/example_branch_labels.py
[2021-09-23 23:57:02,791] {scheduler_job.py:643} INFO - DAG(s) dict_keys(['example_branch_labels']) retrieved from /home/airflow/sandbox/lib/python3.8/site-packages/airflow/example_dags/example_branch_labels.py
[2021-09-23 23:57:02,805] {logging_mixin.py:104} INFO - [2021-09-23 23:57:02,805] {dag.py:1832} INFO - Sync 1 DAGs
[2021-09-23 23:57:02,819] {logging_mixin.py:104} INFO - [2021-09-23 23:57:02,818] {dag.py:2305} INFO - Setting next_dagrun for example_branch_labels to 2021-09-21 00:00:00+00:00
[2021-09-23 23:57:02,840] {scheduler_job.py:190} INFO - Processing /home/airflow/sandbox/lib/python3.8/site-packages/airflow/example_dags/example_branch_labels.py took 0.066 seconds
[2021-09-23 23:57:43,673] {scheduler_job.py:182} INFO - Started process (PID=10697) to work on /home/airflow/sandbox/lib/python3.8/site-packages/airflow/example_dags/example_branch_labels.py
[2021-09-23 23:57:43,686] {scheduler_job.py:633} INFO - Processing file /home/airflow/sandbox/lib/python3.8/site-packages/airflow/example_dags/example_branch_labels.py for tasks to queue
[2021-09-23 23:57:43,687] {logging_mixin.py:104} INFO - [2021-09-23 23:57:43,686] {dagbag.py:487} INFO - Filling up the DagBag from /home/airflow/sandbox/lib/python3.8/site-packages/airflow/example_dags/example_branch_labels.py
[2021-09-23 23:57:43,711] {scheduler_job.py:643} INFO - DAG(s) dict_keys(['example_branch_labels']) retrieved from /home/airflow/sandbox/lib/python3.8/site-packages/airflow/example_dags/example_branch_labels.py
[2021-09-23 23:57:43,735] {logging_mixin.py:104} INFO - [2021-09-23 23:57:43,734] {dag.py:1832} INFO - Sync 1 DAGs
[2021-09-23 23:57:43,760] {logging_mixin.py:104} INFO - [2021-09-23 23:57:43,760] {dag.py:2305} INFO - Setting next_dagrun for example_branch_labels to 2021-09-21 00:00:00+00:00
[2021-09-23 23:57:43,814] {scheduler_job.py:190} INFO - Processing /home/airflow/sandbox/lib/python3.8/site-packages/airflow/example_dags/example_branch_labels.py took 0.144 seconds
[2021-09-23 23:58:25,705] {scheduler_job.py:182} INFO - Started process (PID=10875) to work on /home/airflow/sandbox/lib/python3.8/site-packages/airflow/example_dags/example_branch_labels.py
[2021-09-23 23:58:25,706] {scheduler_job.py:633} INFO - Processing file /home/airflow/sandbox/lib/python3.8/site-packages/airflow/example_dags/example_branch_labels.py for tasks to queue
[2021-09-23 23:58:25,706] {logging_mixin.py:104} INFO - [2021-09-23 23:58:25,706] {dagbag.py:487} INFO - Filling up the DagBag from /home/airflow/sandbox/lib/python3.8/site-packages/airflow/example_dags/example_branch_labels.py
[2021-09-23 23:58:25,719] {scheduler_job.py:643} INFO - DAG(s) dict_keys(['example_branch_labels']) retrieved from /home/airflow/sandbox/lib/python3.8/site-packages/airflow/example_dags/example_branch_labels.py
[2021-09-23 23:58:25,735] {logging_mixin.py:104} INFO - [2021-09-23 23:58:25,734] {dag.py:1832} INFO - Sync 1 DAGs
[2021-09-23 23:58:25,751] {logging_mixin.py:104} INFO - [2021-09-23 23:58:25,750] {dag.py:2305} INFO - Setting next_dagrun for example_branch_labels to 2021-09-21 00:00:00+00:00
[2021-09-23 23:58:25,777] {scheduler_job.py:190} INFO - Processing /home/airflow/sandbox/lib/python3.8/site-packages/airflow/example_dags/example_branch_labels.py took 0.075 seconds
[2021-09-23 23:59:01,528] {scheduler_job.py:182} INFO - Started process (PID=10907) to work on /home/airflow/sandbox/lib/python3.8/site-packages/airflow/example_dags/example_branch_labels.py
[2021-09-23 23:59:01,529] {scheduler_job.py:633} INFO - Processing file /home/airflow/sandbox/lib/python3.8/site-packages/airflow/example_dags/example_branch_labels.py for tasks to queue
[2021-09-23 23:59:01,530] {logging_mixin.py:104} INFO - [2021-09-23 23:59:01,530] {dagbag.py:487} INFO - Filling up the DagBag from /home/airflow/sandbox/lib/python3.8/site-packages/airflow/example_dags/example_branch_labels.py
[2021-09-23 23:59:01,540] {scheduler_job.py:643} INFO - DAG(s) dict_keys(['example_branch_labels']) retrieved from /home/airflow/sandbox/lib/python3.8/site-packages/airflow/example_dags/example_branch_labels.py
[2021-09-23 23:59:01,555] {logging_mixin.py:104} INFO - [2021-09-23 23:59:01,555] {dag.py:1832} INFO - Sync 1 DAGs
[2021-09-23 23:59:01,570] {logging_mixin.py:104} INFO - [2021-09-23 23:59:01,570] {dag.py:2305} INFO - Setting next_dagrun for example_branch_labels to 2021-09-21 00:00:00+00:00
[2021-09-23 23:59:01,592] {scheduler_job.py:190} INFO - Processing /home/airflow/sandbox/lib/python3.8/site-packages/airflow/example_dags/example_branch_labels.py took 0.067 seconds
[2021-09-23 23:59:40,584] {scheduler_job.py:182} INFO - Started process (PID=10945) to work on /home/airflow/sandbox/lib/python3.8/site-packages/airflow/example_dags/example_branch_labels.py
[2021-09-23 23:59:40,585] {scheduler_job.py:633} INFO - Processing file /home/airflow/sandbox/lib/python3.8/site-packages/airflow/example_dags/example_branch_labels.py for tasks to queue
[2021-09-23 23:59:40,586] {logging_mixin.py:104} INFO - [2021-09-23 23:59:40,586] {dagbag.py:487} INFO - Filling up the DagBag from /home/airflow/sandbox/lib/python3.8/site-packages/airflow/example_dags/example_branch_labels.py
[2021-09-23 23:59:40,598] {scheduler_job.py:643} INFO - DAG(s) dict_keys(['example_branch_labels']) retrieved from /home/airflow/sandbox/lib/python3.8/site-packages/airflow/example_dags/example_branch_labels.py
[2021-09-23 23:59:40,618] {logging_mixin.py:104} INFO - [2021-09-23 23:59:40,617] {dag.py:1832} INFO - Sync 1 DAGs
[2021-09-23 23:59:40,634] {logging_mixin.py:104} INFO - [2021-09-23 23:59:40,634] {dag.py:2305} INFO - Setting next_dagrun for example_branch_labels to 2021-09-21 00:00:00+00:00
[2021-09-23 23:59:40,654] {scheduler_job.py:190} INFO - Processing /home/airflow/sandbox/lib/python3.8/site-packages/airflow/example_dags/example_branch_labels.py took 0.074 seconds
