[2021-09-23 22:57:22,572] {scheduler_job.py:182} INFO - Started process (PID=5866) to work on /home/airflow/sandbox/lib/python3.8/site-packages/airflow/example_dags/example_branch_day_of_week_operator.py
[2021-09-23 22:57:22,573] {scheduler_job.py:633} INFO - Processing file /home/airflow/sandbox/lib/python3.8/site-packages/airflow/example_dags/example_branch_day_of_week_operator.py for tasks to queue
[2021-09-23 22:57:22,573] {logging_mixin.py:104} INFO - [2021-09-23 22:57:22,573] {dagbag.py:487} INFO - Filling up the DagBag from /home/airflow/sandbox/lib/python3.8/site-packages/airflow/example_dags/example_branch_day_of_week_operator.py
[2021-09-23 22:57:22,587] {scheduler_job.py:643} INFO - DAG(s) dict_keys(['example_weekday_branch_operator']) retrieved from /home/airflow/sandbox/lib/python3.8/site-packages/airflow/example_dags/example_branch_day_of_week_operator.py
[2021-09-23 22:57:22,907] {logging_mixin.py:104} INFO - [2021-09-23 22:57:22,907] {dag.py:1832} INFO - Sync 1 DAGs
[2021-09-23 22:57:22,926] {logging_mixin.py:104} INFO - [2021-09-23 22:57:22,926] {dag.py:2305} INFO - Setting next_dagrun for example_weekday_branch_operator to 2021-09-21 00:00:00+00:00
[2021-09-23 22:57:22,957] {scheduler_job.py:190} INFO - Processing /home/airflow/sandbox/lib/python3.8/site-packages/airflow/example_dags/example_branch_day_of_week_operator.py took 0.387 seconds
[2021-09-23 22:58:00,041] {scheduler_job.py:182} INFO - Started process (PID=6024) to work on /home/airflow/sandbox/lib/python3.8/site-packages/airflow/example_dags/example_branch_day_of_week_operator.py
[2021-09-23 22:58:00,042] {scheduler_job.py:633} INFO - Processing file /home/airflow/sandbox/lib/python3.8/site-packages/airflow/example_dags/example_branch_day_of_week_operator.py for tasks to queue
[2021-09-23 22:58:00,042] {logging_mixin.py:104} INFO - [2021-09-23 22:58:00,042] {dagbag.py:487} INFO - Filling up the DagBag from /home/airflow/sandbox/lib/python3.8/site-packages/airflow/example_dags/example_branch_day_of_week_operator.py
[2021-09-23 22:58:00,057] {scheduler_job.py:643} INFO - DAG(s) dict_keys(['example_weekday_branch_operator']) retrieved from /home/airflow/sandbox/lib/python3.8/site-packages/airflow/example_dags/example_branch_day_of_week_operator.py
[2021-09-23 22:58:00,074] {logging_mixin.py:104} INFO - [2021-09-23 22:58:00,074] {dag.py:1832} INFO - Sync 1 DAGs
[2021-09-23 22:58:00,098] {logging_mixin.py:104} INFO - [2021-09-23 22:58:00,098] {dag.py:2305} INFO - Setting next_dagrun for example_weekday_branch_operator to 2021-09-21 00:00:00+00:00
[2021-09-23 22:58:00,122] {scheduler_job.py:190} INFO - Processing /home/airflow/sandbox/lib/python3.8/site-packages/airflow/example_dags/example_branch_day_of_week_operator.py took 0.083 seconds
[2021-09-23 22:58:35,840] {scheduler_job.py:182} INFO - Started process (PID=6116) to work on /home/airflow/sandbox/lib/python3.8/site-packages/airflow/example_dags/example_branch_day_of_week_operator.py
[2021-09-23 22:58:35,841] {scheduler_job.py:633} INFO - Processing file /home/airflow/sandbox/lib/python3.8/site-packages/airflow/example_dags/example_branch_day_of_week_operator.py for tasks to queue
[2021-09-23 22:58:35,842] {logging_mixin.py:104} INFO - [2021-09-23 22:58:35,842] {dagbag.py:487} INFO - Filling up the DagBag from /home/airflow/sandbox/lib/python3.8/site-packages/airflow/example_dags/example_branch_day_of_week_operator.py
[2021-09-23 22:58:35,854] {scheduler_job.py:643} INFO - DAG(s) dict_keys(['example_weekday_branch_operator']) retrieved from /home/airflow/sandbox/lib/python3.8/site-packages/airflow/example_dags/example_branch_day_of_week_operator.py
[2021-09-23 22:58:35,867] {logging_mixin.py:104} INFO - [2021-09-23 22:58:35,867] {dag.py:1832} INFO - Sync 1 DAGs
[2021-09-23 22:58:35,882] {logging_mixin.py:104} INFO - [2021-09-23 22:58:35,882] {dag.py:2305} INFO - Setting next_dagrun for example_weekday_branch_operator to 2021-09-21 00:00:00+00:00
[2021-09-23 22:58:35,904] {scheduler_job.py:190} INFO - Processing /home/airflow/sandbox/lib/python3.8/site-packages/airflow/example_dags/example_branch_day_of_week_operator.py took 0.067 seconds
[2021-09-23 22:59:09,604] {scheduler_job.py:182} INFO - Started process (PID=6208) to work on /home/airflow/sandbox/lib/python3.8/site-packages/airflow/example_dags/example_branch_day_of_week_operator.py
[2021-09-23 22:59:09,605] {scheduler_job.py:633} INFO - Processing file /home/airflow/sandbox/lib/python3.8/site-packages/airflow/example_dags/example_branch_day_of_week_operator.py for tasks to queue
[2021-09-23 22:59:09,606] {logging_mixin.py:104} INFO - [2021-09-23 22:59:09,606] {dagbag.py:487} INFO - Filling up the DagBag from /home/airflow/sandbox/lib/python3.8/site-packages/airflow/example_dags/example_branch_day_of_week_operator.py
[2021-09-23 22:59:09,619] {scheduler_job.py:643} INFO - DAG(s) dict_keys(['example_weekday_branch_operator']) retrieved from /home/airflow/sandbox/lib/python3.8/site-packages/airflow/example_dags/example_branch_day_of_week_operator.py
[2021-09-23 22:59:09,632] {logging_mixin.py:104} INFO - [2021-09-23 22:59:09,632] {dag.py:1832} INFO - Sync 1 DAGs
[2021-09-23 22:59:09,650] {logging_mixin.py:104} INFO - [2021-09-23 22:59:09,650] {dag.py:2305} INFO - Setting next_dagrun for example_weekday_branch_operator to 2021-09-21 00:00:00+00:00
[2021-09-23 22:59:09,666] {scheduler_job.py:190} INFO - Processing /home/airflow/sandbox/lib/python3.8/site-packages/airflow/example_dags/example_branch_day_of_week_operator.py took 0.065 seconds
[2021-09-23 22:59:45,784] {scheduler_job.py:182} INFO - Started process (PID=6242) to work on /home/airflow/sandbox/lib/python3.8/site-packages/airflow/example_dags/example_branch_day_of_week_operator.py
[2021-09-23 22:59:45,785] {scheduler_job.py:633} INFO - Processing file /home/airflow/sandbox/lib/python3.8/site-packages/airflow/example_dags/example_branch_day_of_week_operator.py for tasks to queue
[2021-09-23 22:59:45,785] {logging_mixin.py:104} INFO - [2021-09-23 22:59:45,785] {dagbag.py:487} INFO - Filling up the DagBag from /home/airflow/sandbox/lib/python3.8/site-packages/airflow/example_dags/example_branch_day_of_week_operator.py
[2021-09-23 22:59:45,805] {scheduler_job.py:643} INFO - DAG(s) dict_keys(['example_weekday_branch_operator']) retrieved from /home/airflow/sandbox/lib/python3.8/site-packages/airflow/example_dags/example_branch_day_of_week_operator.py
[2021-09-23 22:59:45,820] {logging_mixin.py:104} INFO - [2021-09-23 22:59:45,820] {dag.py:1832} INFO - Sync 1 DAGs
[2021-09-23 22:59:45,834] {logging_mixin.py:104} INFO - [2021-09-23 22:59:45,834] {dag.py:2305} INFO - Setting next_dagrun for example_weekday_branch_operator to 2021-09-21 00:00:00+00:00
[2021-09-23 22:59:45,861] {scheduler_job.py:190} INFO - Processing /home/airflow/sandbox/lib/python3.8/site-packages/airflow/example_dags/example_branch_day_of_week_operator.py took 0.080 seconds
[2021-09-23 23:00:20,729] {scheduler_job.py:182} INFO - Started process (PID=6275) to work on /home/airflow/sandbox/lib/python3.8/site-packages/airflow/example_dags/example_branch_day_of_week_operator.py
[2021-09-23 23:00:20,730] {scheduler_job.py:633} INFO - Processing file /home/airflow/sandbox/lib/python3.8/site-packages/airflow/example_dags/example_branch_day_of_week_operator.py for tasks to queue
[2021-09-23 23:00:20,730] {logging_mixin.py:104} INFO - [2021-09-23 23:00:20,730] {dagbag.py:487} INFO - Filling up the DagBag from /home/airflow/sandbox/lib/python3.8/site-packages/airflow/example_dags/example_branch_day_of_week_operator.py
[2021-09-23 23:00:20,744] {scheduler_job.py:643} INFO - DAG(s) dict_keys(['example_weekday_branch_operator']) retrieved from /home/airflow/sandbox/lib/python3.8/site-packages/airflow/example_dags/example_branch_day_of_week_operator.py
[2021-09-23 23:00:20,762] {logging_mixin.py:104} INFO - [2021-09-23 23:00:20,762] {dag.py:1832} INFO - Sync 1 DAGs
[2021-09-23 23:00:20,777] {logging_mixin.py:104} INFO - [2021-09-23 23:00:20,776] {dag.py:2305} INFO - Setting next_dagrun for example_weekday_branch_operator to 2021-09-21 00:00:00+00:00
[2021-09-23 23:00:20,802] {scheduler_job.py:190} INFO - Processing /home/airflow/sandbox/lib/python3.8/site-packages/airflow/example_dags/example_branch_day_of_week_operator.py took 0.074 seconds
[2021-09-23 23:00:55,369] {scheduler_job.py:182} INFO - Started process (PID=6351) to work on /home/airflow/sandbox/lib/python3.8/site-packages/airflow/example_dags/example_branch_day_of_week_operator.py
[2021-09-23 23:00:55,371] {scheduler_job.py:633} INFO - Processing file /home/airflow/sandbox/lib/python3.8/site-packages/airflow/example_dags/example_branch_day_of_week_operator.py for tasks to queue
[2021-09-23 23:00:55,372] {logging_mixin.py:104} INFO - [2021-09-23 23:00:55,371] {dagbag.py:487} INFO - Filling up the DagBag from /home/airflow/sandbox/lib/python3.8/site-packages/airflow/example_dags/example_branch_day_of_week_operator.py
[2021-09-23 23:00:55,406] {scheduler_job.py:643} INFO - DAG(s) dict_keys(['example_weekday_branch_operator']) retrieved from /home/airflow/sandbox/lib/python3.8/site-packages/airflow/example_dags/example_branch_day_of_week_operator.py
[2021-09-23 23:00:55,547] {logging_mixin.py:104} INFO - [2021-09-23 23:00:55,546] {dag.py:1832} INFO - Sync 1 DAGs
[2021-09-23 23:00:55,706] {logging_mixin.py:104} INFO - [2021-09-23 23:00:55,705] {dag.py:2305} INFO - Setting next_dagrun for example_weekday_branch_operator to 2021-09-21 00:00:00+00:00
[2021-09-23 23:00:55,773] {scheduler_job.py:190} INFO - Processing /home/airflow/sandbox/lib/python3.8/site-packages/airflow/example_dags/example_branch_day_of_week_operator.py took 0.408 seconds
[2021-09-23 23:01:35,842] {scheduler_job.py:182} INFO - Started process (PID=6386) to work on /home/airflow/sandbox/lib/python3.8/site-packages/airflow/example_dags/example_branch_day_of_week_operator.py
[2021-09-23 23:01:35,843] {scheduler_job.py:633} INFO - Processing file /home/airflow/sandbox/lib/python3.8/site-packages/airflow/example_dags/example_branch_day_of_week_operator.py for tasks to queue
[2021-09-23 23:01:35,845] {logging_mixin.py:104} INFO - [2021-09-23 23:01:35,844] {dagbag.py:487} INFO - Filling up the DagBag from /home/airflow/sandbox/lib/python3.8/site-packages/airflow/example_dags/example_branch_day_of_week_operator.py
[2021-09-23 23:01:35,856] {scheduler_job.py:643} INFO - DAG(s) dict_keys(['example_weekday_branch_operator']) retrieved from /home/airflow/sandbox/lib/python3.8/site-packages/airflow/example_dags/example_branch_day_of_week_operator.py
[2021-09-23 23:01:35,869] {logging_mixin.py:104} INFO - [2021-09-23 23:01:35,869] {dag.py:1832} INFO - Sync 1 DAGs
[2021-09-23 23:01:35,891] {logging_mixin.py:104} INFO - [2021-09-23 23:01:35,890] {dag.py:2305} INFO - Setting next_dagrun for example_weekday_branch_operator to 2021-09-21 00:00:00+00:00
[2021-09-23 23:01:35,913] {scheduler_job.py:190} INFO - Processing /home/airflow/sandbox/lib/python3.8/site-packages/airflow/example_dags/example_branch_day_of_week_operator.py took 0.075 seconds
[2021-09-23 23:02:16,535] {scheduler_job.py:182} INFO - Started process (PID=6531) to work on /home/airflow/sandbox/lib/python3.8/site-packages/airflow/example_dags/example_branch_day_of_week_operator.py
[2021-09-23 23:02:16,536] {scheduler_job.py:633} INFO - Processing file /home/airflow/sandbox/lib/python3.8/site-packages/airflow/example_dags/example_branch_day_of_week_operator.py for tasks to queue
[2021-09-23 23:02:16,537] {logging_mixin.py:104} INFO - [2021-09-23 23:02:16,536] {dagbag.py:487} INFO - Filling up the DagBag from /home/airflow/sandbox/lib/python3.8/site-packages/airflow/example_dags/example_branch_day_of_week_operator.py
[2021-09-23 23:02:16,549] {scheduler_job.py:643} INFO - DAG(s) dict_keys(['example_weekday_branch_operator']) retrieved from /home/airflow/sandbox/lib/python3.8/site-packages/airflow/example_dags/example_branch_day_of_week_operator.py
[2021-09-23 23:02:16,563] {logging_mixin.py:104} INFO - [2021-09-23 23:02:16,563] {dag.py:1832} INFO - Sync 1 DAGs
[2021-09-23 23:02:16,579] {logging_mixin.py:104} INFO - [2021-09-23 23:02:16,578] {dag.py:2305} INFO - Setting next_dagrun for example_weekday_branch_operator to 2021-09-21 00:00:00+00:00
[2021-09-23 23:02:16,599] {scheduler_job.py:190} INFO - Processing /home/airflow/sandbox/lib/python3.8/site-packages/airflow/example_dags/example_branch_day_of_week_operator.py took 0.068 seconds
[2021-09-23 23:02:51,457] {scheduler_job.py:182} INFO - Started process (PID=6563) to work on /home/airflow/sandbox/lib/python3.8/site-packages/airflow/example_dags/example_branch_day_of_week_operator.py
[2021-09-23 23:02:51,459] {scheduler_job.py:633} INFO - Processing file /home/airflow/sandbox/lib/python3.8/site-packages/airflow/example_dags/example_branch_day_of_week_operator.py for tasks to queue
[2021-09-23 23:02:51,459] {logging_mixin.py:104} INFO - [2021-09-23 23:02:51,459] {dagbag.py:487} INFO - Filling up the DagBag from /home/airflow/sandbox/lib/python3.8/site-packages/airflow/example_dags/example_branch_day_of_week_operator.py
[2021-09-23 23:02:51,473] {scheduler_job.py:643} INFO - DAG(s) dict_keys(['example_weekday_branch_operator']) retrieved from /home/airflow/sandbox/lib/python3.8/site-packages/airflow/example_dags/example_branch_day_of_week_operator.py
[2021-09-23 23:02:51,493] {logging_mixin.py:104} INFO - [2021-09-23 23:02:51,493] {dag.py:1832} INFO - Sync 1 DAGs
[2021-09-23 23:02:51,511] {logging_mixin.py:104} INFO - [2021-09-23 23:02:51,511] {dag.py:2305} INFO - Setting next_dagrun for example_weekday_branch_operator to 2021-09-21 00:00:00+00:00
[2021-09-23 23:02:51,536] {scheduler_job.py:190} INFO - Processing /home/airflow/sandbox/lib/python3.8/site-packages/airflow/example_dags/example_branch_day_of_week_operator.py took 0.081 seconds
[2021-09-23 23:03:25,835] {scheduler_job.py:182} INFO - Started process (PID=6779) to work on /home/airflow/sandbox/lib/python3.8/site-packages/airflow/example_dags/example_branch_day_of_week_operator.py
[2021-09-23 23:03:25,836] {scheduler_job.py:633} INFO - Processing file /home/airflow/sandbox/lib/python3.8/site-packages/airflow/example_dags/example_branch_day_of_week_operator.py for tasks to queue
[2021-09-23 23:03:25,836] {logging_mixin.py:104} INFO - [2021-09-23 23:03:25,836] {dagbag.py:487} INFO - Filling up the DagBag from /home/airflow/sandbox/lib/python3.8/site-packages/airflow/example_dags/example_branch_day_of_week_operator.py
[2021-09-23 23:03:25,848] {scheduler_job.py:643} INFO - DAG(s) dict_keys(['example_weekday_branch_operator']) retrieved from /home/airflow/sandbox/lib/python3.8/site-packages/airflow/example_dags/example_branch_day_of_week_operator.py
[2021-09-23 23:03:25,863] {logging_mixin.py:104} INFO - [2021-09-23 23:03:25,863] {dag.py:1832} INFO - Sync 1 DAGs
[2021-09-23 23:03:25,880] {logging_mixin.py:104} INFO - [2021-09-23 23:03:25,880] {dag.py:2305} INFO - Setting next_dagrun for example_weekday_branch_operator to 2021-09-21 00:00:00+00:00
[2021-09-23 23:03:25,901] {scheduler_job.py:190} INFO - Processing /home/airflow/sandbox/lib/python3.8/site-packages/airflow/example_dags/example_branch_day_of_week_operator.py took 0.070 seconds
[2021-09-23 23:04:01,884] {scheduler_job.py:182} INFO - Started process (PID=6897) to work on /home/airflow/sandbox/lib/python3.8/site-packages/airflow/example_dags/example_branch_day_of_week_operator.py
[2021-09-23 23:04:01,885] {scheduler_job.py:633} INFO - Processing file /home/airflow/sandbox/lib/python3.8/site-packages/airflow/example_dags/example_branch_day_of_week_operator.py for tasks to queue
[2021-09-23 23:04:01,886] {logging_mixin.py:104} INFO - [2021-09-23 23:04:01,886] {dagbag.py:487} INFO - Filling up the DagBag from /home/airflow/sandbox/lib/python3.8/site-packages/airflow/example_dags/example_branch_day_of_week_operator.py
[2021-09-23 23:04:01,899] {scheduler_job.py:643} INFO - DAG(s) dict_keys(['example_weekday_branch_operator']) retrieved from /home/airflow/sandbox/lib/python3.8/site-packages/airflow/example_dags/example_branch_day_of_week_operator.py
[2021-09-23 23:04:01,912] {logging_mixin.py:104} INFO - [2021-09-23 23:04:01,912] {dag.py:1832} INFO - Sync 1 DAGs
[2021-09-23 23:04:01,926] {logging_mixin.py:104} INFO - [2021-09-23 23:04:01,926] {dag.py:2305} INFO - Setting next_dagrun for example_weekday_branch_operator to 2021-09-21 00:00:00+00:00
[2021-09-23 23:04:01,945] {scheduler_job.py:190} INFO - Processing /home/airflow/sandbox/lib/python3.8/site-packages/airflow/example_dags/example_branch_day_of_week_operator.py took 0.063 seconds
[2021-09-23 23:04:35,757] {scheduler_job.py:182} INFO - Started process (PID=6929) to work on /home/airflow/sandbox/lib/python3.8/site-packages/airflow/example_dags/example_branch_day_of_week_operator.py
[2021-09-23 23:04:35,758] {scheduler_job.py:633} INFO - Processing file /home/airflow/sandbox/lib/python3.8/site-packages/airflow/example_dags/example_branch_day_of_week_operator.py for tasks to queue
[2021-09-23 23:04:35,759] {logging_mixin.py:104} INFO - [2021-09-23 23:04:35,759] {dagbag.py:487} INFO - Filling up the DagBag from /home/airflow/sandbox/lib/python3.8/site-packages/airflow/example_dags/example_branch_day_of_week_operator.py
[2021-09-23 23:04:35,770] {scheduler_job.py:643} INFO - DAG(s) dict_keys(['example_weekday_branch_operator']) retrieved from /home/airflow/sandbox/lib/python3.8/site-packages/airflow/example_dags/example_branch_day_of_week_operator.py
[2021-09-23 23:04:35,785] {logging_mixin.py:104} INFO - [2021-09-23 23:04:35,784] {dag.py:1832} INFO - Sync 1 DAGs
[2021-09-23 23:04:35,800] {logging_mixin.py:104} INFO - [2021-09-23 23:04:35,800] {dag.py:2305} INFO - Setting next_dagrun for example_weekday_branch_operator to 2021-09-21 00:00:00+00:00
[2021-09-23 23:04:35,819] {scheduler_job.py:190} INFO - Processing /home/airflow/sandbox/lib/python3.8/site-packages/airflow/example_dags/example_branch_day_of_week_operator.py took 0.064 seconds
[2021-09-23 23:05:08,477] {scheduler_job.py:182} INFO - Started process (PID=6987) to work on /home/airflow/sandbox/lib/python3.8/site-packages/airflow/example_dags/example_branch_day_of_week_operator.py
[2021-09-23 23:05:08,478] {scheduler_job.py:633} INFO - Processing file /home/airflow/sandbox/lib/python3.8/site-packages/airflow/example_dags/example_branch_day_of_week_operator.py for tasks to queue
[2021-09-23 23:05:08,479] {logging_mixin.py:104} INFO - [2021-09-23 23:05:08,479] {dagbag.py:487} INFO - Filling up the DagBag from /home/airflow/sandbox/lib/python3.8/site-packages/airflow/example_dags/example_branch_day_of_week_operator.py
[2021-09-23 23:05:08,491] {scheduler_job.py:643} INFO - DAG(s) dict_keys(['example_weekday_branch_operator']) retrieved from /home/airflow/sandbox/lib/python3.8/site-packages/airflow/example_dags/example_branch_day_of_week_operator.py
[2021-09-23 23:05:08,510] {logging_mixin.py:104} INFO - [2021-09-23 23:05:08,510] {dag.py:1832} INFO - Sync 1 DAGs
[2021-09-23 23:05:08,528] {logging_mixin.py:104} INFO - [2021-09-23 23:05:08,528] {dag.py:2305} INFO - Setting next_dagrun for example_weekday_branch_operator to 2021-09-21 00:00:00+00:00
[2021-09-23 23:05:08,546] {scheduler_job.py:190} INFO - Processing /home/airflow/sandbox/lib/python3.8/site-packages/airflow/example_dags/example_branch_day_of_week_operator.py took 0.072 seconds
[2021-09-23 23:05:43,054] {scheduler_job.py:182} INFO - Started process (PID=7062) to work on /home/airflow/sandbox/lib/python3.8/site-packages/airflow/example_dags/example_branch_day_of_week_operator.py
[2021-09-23 23:05:43,055] {scheduler_job.py:633} INFO - Processing file /home/airflow/sandbox/lib/python3.8/site-packages/airflow/example_dags/example_branch_day_of_week_operator.py for tasks to queue
[2021-09-23 23:05:43,055] {logging_mixin.py:104} INFO - [2021-09-23 23:05:43,055] {dagbag.py:487} INFO - Filling up the DagBag from /home/airflow/sandbox/lib/python3.8/site-packages/airflow/example_dags/example_branch_day_of_week_operator.py
[2021-09-23 23:05:43,066] {scheduler_job.py:643} INFO - DAG(s) dict_keys(['example_weekday_branch_operator']) retrieved from /home/airflow/sandbox/lib/python3.8/site-packages/airflow/example_dags/example_branch_day_of_week_operator.py
[2021-09-23 23:05:43,078] {logging_mixin.py:104} INFO - [2021-09-23 23:05:43,078] {dag.py:1832} INFO - Sync 1 DAGs
[2021-09-23 23:05:43,095] {logging_mixin.py:104} INFO - [2021-09-23 23:05:43,095] {dag.py:2305} INFO - Setting next_dagrun for example_weekday_branch_operator to 2021-09-21 00:00:00+00:00
[2021-09-23 23:05:43,115] {scheduler_job.py:190} INFO - Processing /home/airflow/sandbox/lib/python3.8/site-packages/airflow/example_dags/example_branch_day_of_week_operator.py took 0.079 seconds
[2021-09-23 23:06:19,856] {scheduler_job.py:182} INFO - Started process (PID=7179) to work on /home/airflow/sandbox/lib/python3.8/site-packages/airflow/example_dags/example_branch_day_of_week_operator.py
[2021-09-23 23:06:19,857] {scheduler_job.py:633} INFO - Processing file /home/airflow/sandbox/lib/python3.8/site-packages/airflow/example_dags/example_branch_day_of_week_operator.py for tasks to queue
[2021-09-23 23:06:19,857] {logging_mixin.py:104} INFO - [2021-09-23 23:06:19,857] {dagbag.py:487} INFO - Filling up the DagBag from /home/airflow/sandbox/lib/python3.8/site-packages/airflow/example_dags/example_branch_day_of_week_operator.py
[2021-09-23 23:06:19,868] {scheduler_job.py:643} INFO - DAG(s) dict_keys(['example_weekday_branch_operator']) retrieved from /home/airflow/sandbox/lib/python3.8/site-packages/airflow/example_dags/example_branch_day_of_week_operator.py
[2021-09-23 23:06:19,882] {logging_mixin.py:104} INFO - [2021-09-23 23:06:19,882] {dag.py:1832} INFO - Sync 1 DAGs
[2021-09-23 23:06:19,899] {logging_mixin.py:104} INFO - [2021-09-23 23:06:19,899] {dag.py:2305} INFO - Setting next_dagrun for example_weekday_branch_operator to 2021-09-21 00:00:00+00:00
[2021-09-23 23:06:19,919] {scheduler_job.py:190} INFO - Processing /home/airflow/sandbox/lib/python3.8/site-packages/airflow/example_dags/example_branch_day_of_week_operator.py took 0.066 seconds
[2021-09-23 23:07:00,864] {scheduler_job.py:182} INFO - Started process (PID=7341) to work on /home/airflow/sandbox/lib/python3.8/site-packages/airflow/example_dags/example_branch_day_of_week_operator.py
[2021-09-23 23:07:00,865] {scheduler_job.py:633} INFO - Processing file /home/airflow/sandbox/lib/python3.8/site-packages/airflow/example_dags/example_branch_day_of_week_operator.py for tasks to queue
[2021-09-23 23:07:00,866] {logging_mixin.py:104} INFO - [2021-09-23 23:07:00,866] {dagbag.py:487} INFO - Filling up the DagBag from /home/airflow/sandbox/lib/python3.8/site-packages/airflow/example_dags/example_branch_day_of_week_operator.py
[2021-09-23 23:07:00,880] {scheduler_job.py:643} INFO - DAG(s) dict_keys(['example_weekday_branch_operator']) retrieved from /home/airflow/sandbox/lib/python3.8/site-packages/airflow/example_dags/example_branch_day_of_week_operator.py
[2021-09-23 23:07:00,894] {logging_mixin.py:104} INFO - [2021-09-23 23:07:00,894] {dag.py:1832} INFO - Sync 1 DAGs
[2021-09-23 23:07:00,910] {logging_mixin.py:104} INFO - [2021-09-23 23:07:00,910] {dag.py:2305} INFO - Setting next_dagrun for example_weekday_branch_operator to 2021-09-21 00:00:00+00:00
[2021-09-23 23:07:00,932] {scheduler_job.py:190} INFO - Processing /home/airflow/sandbox/lib/python3.8/site-packages/airflow/example_dags/example_branch_day_of_week_operator.py took 0.070 seconds
[2021-09-23 23:07:33,900] {scheduler_job.py:182} INFO - Started process (PID=7373) to work on /home/airflow/sandbox/lib/python3.8/site-packages/airflow/example_dags/example_branch_day_of_week_operator.py
[2021-09-23 23:07:33,903] {scheduler_job.py:633} INFO - Processing file /home/airflow/sandbox/lib/python3.8/site-packages/airflow/example_dags/example_branch_day_of_week_operator.py for tasks to queue
[2021-09-23 23:07:33,904] {logging_mixin.py:104} INFO - [2021-09-23 23:07:33,904] {dagbag.py:487} INFO - Filling up the DagBag from /home/airflow/sandbox/lib/python3.8/site-packages/airflow/example_dags/example_branch_day_of_week_operator.py
[2021-09-23 23:07:33,918] {scheduler_job.py:643} INFO - DAG(s) dict_keys(['example_weekday_branch_operator']) retrieved from /home/airflow/sandbox/lib/python3.8/site-packages/airflow/example_dags/example_branch_day_of_week_operator.py
[2021-09-23 23:07:33,934] {logging_mixin.py:104} INFO - [2021-09-23 23:07:33,934] {dag.py:1832} INFO - Sync 1 DAGs
[2021-09-23 23:07:33,948] {logging_mixin.py:104} INFO - [2021-09-23 23:07:33,948] {dag.py:2305} INFO - Setting next_dagrun for example_weekday_branch_operator to 2021-09-21 00:00:00+00:00
[2021-09-23 23:07:33,972] {scheduler_job.py:190} INFO - Processing /home/airflow/sandbox/lib/python3.8/site-packages/airflow/example_dags/example_branch_day_of_week_operator.py took 0.076 seconds
[2021-09-23 23:08:09,823] {scheduler_job.py:182} INFO - Started process (PID=7407) to work on /home/airflow/sandbox/lib/python3.8/site-packages/airflow/example_dags/example_branch_day_of_week_operator.py
[2021-09-23 23:08:09,824] {scheduler_job.py:633} INFO - Processing file /home/airflow/sandbox/lib/python3.8/site-packages/airflow/example_dags/example_branch_day_of_week_operator.py for tasks to queue
[2021-09-23 23:08:09,824] {logging_mixin.py:104} INFO - [2021-09-23 23:08:09,824] {dagbag.py:487} INFO - Filling up the DagBag from /home/airflow/sandbox/lib/python3.8/site-packages/airflow/example_dags/example_branch_day_of_week_operator.py
[2021-09-23 23:08:09,835] {scheduler_job.py:643} INFO - DAG(s) dict_keys(['example_weekday_branch_operator']) retrieved from /home/airflow/sandbox/lib/python3.8/site-packages/airflow/example_dags/example_branch_day_of_week_operator.py
[2021-09-23 23:08:09,849] {logging_mixin.py:104} INFO - [2021-09-23 23:08:09,849] {dag.py:1832} INFO - Sync 1 DAGs
[2021-09-23 23:08:09,864] {logging_mixin.py:104} INFO - [2021-09-23 23:08:09,864] {dag.py:2305} INFO - Setting next_dagrun for example_weekday_branch_operator to 2021-09-21 00:00:00+00:00
[2021-09-23 23:08:09,883] {scheduler_job.py:190} INFO - Processing /home/airflow/sandbox/lib/python3.8/site-packages/airflow/example_dags/example_branch_day_of_week_operator.py took 0.063 seconds
[2021-09-23 23:08:44,450] {scheduler_job.py:182} INFO - Started process (PID=7516) to work on /home/airflow/sandbox/lib/python3.8/site-packages/airflow/example_dags/example_branch_day_of_week_operator.py
[2021-09-23 23:08:44,452] {scheduler_job.py:633} INFO - Processing file /home/airflow/sandbox/lib/python3.8/site-packages/airflow/example_dags/example_branch_day_of_week_operator.py for tasks to queue
[2021-09-23 23:08:44,452] {logging_mixin.py:104} INFO - [2021-09-23 23:08:44,452] {dagbag.py:487} INFO - Filling up the DagBag from /home/airflow/sandbox/lib/python3.8/site-packages/airflow/example_dags/example_branch_day_of_week_operator.py
[2021-09-23 23:08:44,464] {scheduler_job.py:643} INFO - DAG(s) dict_keys(['example_weekday_branch_operator']) retrieved from /home/airflow/sandbox/lib/python3.8/site-packages/airflow/example_dags/example_branch_day_of_week_operator.py
[2021-09-23 23:08:44,478] {logging_mixin.py:104} INFO - [2021-09-23 23:08:44,477] {dag.py:1832} INFO - Sync 1 DAGs
[2021-09-23 23:08:44,493] {logging_mixin.py:104} INFO - [2021-09-23 23:08:44,493] {dag.py:2305} INFO - Setting next_dagrun for example_weekday_branch_operator to 2021-09-21 00:00:00+00:00
[2021-09-23 23:08:44,515] {scheduler_job.py:190} INFO - Processing /home/airflow/sandbox/lib/python3.8/site-packages/airflow/example_dags/example_branch_day_of_week_operator.py took 0.067 seconds
[2021-09-23 23:09:18,285] {scheduler_job.py:182} INFO - Started process (PID=7565) to work on /home/airflow/sandbox/lib/python3.8/site-packages/airflow/example_dags/example_branch_day_of_week_operator.py
[2021-09-23 23:09:18,286] {scheduler_job.py:633} INFO - Processing file /home/airflow/sandbox/lib/python3.8/site-packages/airflow/example_dags/example_branch_day_of_week_operator.py for tasks to queue
[2021-09-23 23:09:18,287] {logging_mixin.py:104} INFO - [2021-09-23 23:09:18,287] {dagbag.py:487} INFO - Filling up the DagBag from /home/airflow/sandbox/lib/python3.8/site-packages/airflow/example_dags/example_branch_day_of_week_operator.py
[2021-09-23 23:09:18,302] {scheduler_job.py:643} INFO - DAG(s) dict_keys(['example_weekday_branch_operator']) retrieved from /home/airflow/sandbox/lib/python3.8/site-packages/airflow/example_dags/example_branch_day_of_week_operator.py
[2021-09-23 23:09:18,316] {logging_mixin.py:104} INFO - [2021-09-23 23:09:18,316] {dag.py:1832} INFO - Sync 1 DAGs
[2021-09-23 23:09:18,350] {logging_mixin.py:104} INFO - [2021-09-23 23:09:18,340] {dag.py:2305} INFO - Setting next_dagrun for example_weekday_branch_operator to 2021-09-21 00:00:00+00:00
[2021-09-23 23:09:18,379] {scheduler_job.py:190} INFO - Processing /home/airflow/sandbox/lib/python3.8/site-packages/airflow/example_dags/example_branch_day_of_week_operator.py took 0.096 seconds
[2021-09-23 23:09:53,337] {scheduler_job.py:182} INFO - Started process (PID=7660) to work on /home/airflow/sandbox/lib/python3.8/site-packages/airflow/example_dags/example_branch_day_of_week_operator.py
[2021-09-23 23:09:53,337] {scheduler_job.py:633} INFO - Processing file /home/airflow/sandbox/lib/python3.8/site-packages/airflow/example_dags/example_branch_day_of_week_operator.py for tasks to queue
[2021-09-23 23:09:53,338] {logging_mixin.py:104} INFO - [2021-09-23 23:09:53,338] {dagbag.py:487} INFO - Filling up the DagBag from /home/airflow/sandbox/lib/python3.8/site-packages/airflow/example_dags/example_branch_day_of_week_operator.py
[2021-09-23 23:09:53,350] {scheduler_job.py:643} INFO - DAG(s) dict_keys(['example_weekday_branch_operator']) retrieved from /home/airflow/sandbox/lib/python3.8/site-packages/airflow/example_dags/example_branch_day_of_week_operator.py
[2021-09-23 23:09:53,370] {logging_mixin.py:104} INFO - [2021-09-23 23:09:53,369] {dag.py:1832} INFO - Sync 1 DAGs
[2021-09-23 23:09:53,387] {logging_mixin.py:104} INFO - [2021-09-23 23:09:53,387] {dag.py:2305} INFO - Setting next_dagrun for example_weekday_branch_operator to 2021-09-21 00:00:00+00:00
[2021-09-23 23:09:53,408] {scheduler_job.py:190} INFO - Processing /home/airflow/sandbox/lib/python3.8/site-packages/airflow/example_dags/example_branch_day_of_week_operator.py took 0.074 seconds
[2021-09-23 23:10:29,628] {scheduler_job.py:182} INFO - Started process (PID=7791) to work on /home/airflow/sandbox/lib/python3.8/site-packages/airflow/example_dags/example_branch_day_of_week_operator.py
[2021-09-23 23:10:29,629] {scheduler_job.py:633} INFO - Processing file /home/airflow/sandbox/lib/python3.8/site-packages/airflow/example_dags/example_branch_day_of_week_operator.py for tasks to queue
[2021-09-23 23:10:29,630] {logging_mixin.py:104} INFO - [2021-09-23 23:10:29,629] {dagbag.py:487} INFO - Filling up the DagBag from /home/airflow/sandbox/lib/python3.8/site-packages/airflow/example_dags/example_branch_day_of_week_operator.py
[2021-09-23 23:10:29,642] {scheduler_job.py:643} INFO - DAG(s) dict_keys(['example_weekday_branch_operator']) retrieved from /home/airflow/sandbox/lib/python3.8/site-packages/airflow/example_dags/example_branch_day_of_week_operator.py
[2021-09-23 23:10:29,656] {logging_mixin.py:104} INFO - [2021-09-23 23:10:29,656] {dag.py:1832} INFO - Sync 1 DAGs
[2021-09-23 23:10:29,669] {logging_mixin.py:104} INFO - [2021-09-23 23:10:29,669] {dag.py:2305} INFO - Setting next_dagrun for example_weekday_branch_operator to 2021-09-21 00:00:00+00:00
[2021-09-23 23:10:29,691] {scheduler_job.py:190} INFO - Processing /home/airflow/sandbox/lib/python3.8/site-packages/airflow/example_dags/example_branch_day_of_week_operator.py took 0.065 seconds
[2021-09-23 23:11:05,153] {scheduler_job.py:182} INFO - Started process (PID=7919) to work on /home/airflow/sandbox/lib/python3.8/site-packages/airflow/example_dags/example_branch_day_of_week_operator.py
[2021-09-23 23:11:05,154] {scheduler_job.py:633} INFO - Processing file /home/airflow/sandbox/lib/python3.8/site-packages/airflow/example_dags/example_branch_day_of_week_operator.py for tasks to queue
[2021-09-23 23:11:05,155] {logging_mixin.py:104} INFO - [2021-09-23 23:11:05,155] {dagbag.py:487} INFO - Filling up the DagBag from /home/airflow/sandbox/lib/python3.8/site-packages/airflow/example_dags/example_branch_day_of_week_operator.py
[2021-09-23 23:11:05,170] {scheduler_job.py:643} INFO - DAG(s) dict_keys(['example_weekday_branch_operator']) retrieved from /home/airflow/sandbox/lib/python3.8/site-packages/airflow/example_dags/example_branch_day_of_week_operator.py
[2021-09-23 23:11:05,184] {logging_mixin.py:104} INFO - [2021-09-23 23:11:05,184] {dag.py:1832} INFO - Sync 1 DAGs
[2021-09-23 23:11:05,201] {logging_mixin.py:104} INFO - [2021-09-23 23:11:05,201] {dag.py:2305} INFO - Setting next_dagrun for example_weekday_branch_operator to 2021-09-21 00:00:00+00:00
[2021-09-23 23:11:05,226] {scheduler_job.py:190} INFO - Processing /home/airflow/sandbox/lib/python3.8/site-packages/airflow/example_dags/example_branch_day_of_week_operator.py took 0.076 seconds
[2021-09-23 23:11:40,701] {scheduler_job.py:182} INFO - Started process (PID=8038) to work on /home/airflow/sandbox/lib/python3.8/site-packages/airflow/example_dags/example_branch_day_of_week_operator.py
[2021-09-23 23:11:40,702] {scheduler_job.py:633} INFO - Processing file /home/airflow/sandbox/lib/python3.8/site-packages/airflow/example_dags/example_branch_day_of_week_operator.py for tasks to queue
[2021-09-23 23:11:40,703] {logging_mixin.py:104} INFO - [2021-09-23 23:11:40,703] {dagbag.py:487} INFO - Filling up the DagBag from /home/airflow/sandbox/lib/python3.8/site-packages/airflow/example_dags/example_branch_day_of_week_operator.py
[2021-09-23 23:11:40,714] {scheduler_job.py:643} INFO - DAG(s) dict_keys(['example_weekday_branch_operator']) retrieved from /home/airflow/sandbox/lib/python3.8/site-packages/airflow/example_dags/example_branch_day_of_week_operator.py
[2021-09-23 23:11:40,728] {logging_mixin.py:104} INFO - [2021-09-23 23:11:40,728] {dag.py:1832} INFO - Sync 1 DAGs
[2021-09-23 23:11:40,743] {logging_mixin.py:104} INFO - [2021-09-23 23:11:40,743] {dag.py:2305} INFO - Setting next_dagrun for example_weekday_branch_operator to 2021-09-21 00:00:00+00:00
[2021-09-23 23:11:40,760] {scheduler_job.py:190} INFO - Processing /home/airflow/sandbox/lib/python3.8/site-packages/airflow/example_dags/example_branch_day_of_week_operator.py took 0.061 seconds
[2021-09-23 23:12:19,394] {scheduler_job.py:182} INFO - Started process (PID=8239) to work on /home/airflow/sandbox/lib/python3.8/site-packages/airflow/example_dags/example_branch_day_of_week_operator.py
[2021-09-23 23:12:19,395] {scheduler_job.py:633} INFO - Processing file /home/airflow/sandbox/lib/python3.8/site-packages/airflow/example_dags/example_branch_day_of_week_operator.py for tasks to queue
[2021-09-23 23:12:19,395] {logging_mixin.py:104} INFO - [2021-09-23 23:12:19,395] {dagbag.py:487} INFO - Filling up the DagBag from /home/airflow/sandbox/lib/python3.8/site-packages/airflow/example_dags/example_branch_day_of_week_operator.py
[2021-09-23 23:12:19,406] {scheduler_job.py:643} INFO - DAG(s) dict_keys(['example_weekday_branch_operator']) retrieved from /home/airflow/sandbox/lib/python3.8/site-packages/airflow/example_dags/example_branch_day_of_week_operator.py
[2021-09-23 23:12:19,418] {logging_mixin.py:104} INFO - [2021-09-23 23:12:19,418] {dag.py:1832} INFO - Sync 1 DAGs
[2021-09-23 23:12:19,431] {logging_mixin.py:104} INFO - [2021-09-23 23:12:19,431] {dag.py:2305} INFO - Setting next_dagrun for example_weekday_branch_operator to 2021-09-21 00:00:00+00:00
[2021-09-23 23:12:19,452] {scheduler_job.py:190} INFO - Processing /home/airflow/sandbox/lib/python3.8/site-packages/airflow/example_dags/example_branch_day_of_week_operator.py took 0.060 seconds
[2021-09-23 23:12:55,499] {scheduler_job.py:182} INFO - Started process (PID=8395) to work on /home/airflow/sandbox/lib/python3.8/site-packages/airflow/example_dags/example_branch_day_of_week_operator.py
[2021-09-23 23:12:55,500] {scheduler_job.py:633} INFO - Processing file /home/airflow/sandbox/lib/python3.8/site-packages/airflow/example_dags/example_branch_day_of_week_operator.py for tasks to queue
[2021-09-23 23:12:55,501] {logging_mixin.py:104} INFO - [2021-09-23 23:12:55,501] {dagbag.py:487} INFO - Filling up the DagBag from /home/airflow/sandbox/lib/python3.8/site-packages/airflow/example_dags/example_branch_day_of_week_operator.py
[2021-09-23 23:12:55,514] {scheduler_job.py:643} INFO - DAG(s) dict_keys(['example_weekday_branch_operator']) retrieved from /home/airflow/sandbox/lib/python3.8/site-packages/airflow/example_dags/example_branch_day_of_week_operator.py
[2021-09-23 23:12:55,528] {logging_mixin.py:104} INFO - [2021-09-23 23:12:55,527] {dag.py:1832} INFO - Sync 1 DAGs
[2021-09-23 23:12:55,543] {logging_mixin.py:104} INFO - [2021-09-23 23:12:55,541] {dag.py:2305} INFO - Setting next_dagrun for example_weekday_branch_operator to 2021-09-21 00:00:00+00:00
[2021-09-23 23:12:55,562] {scheduler_job.py:190} INFO - Processing /home/airflow/sandbox/lib/python3.8/site-packages/airflow/example_dags/example_branch_day_of_week_operator.py took 0.065 seconds
[2021-09-23 23:13:30,270] {scheduler_job.py:182} INFO - Started process (PID=8427) to work on /home/airflow/sandbox/lib/python3.8/site-packages/airflow/example_dags/example_branch_day_of_week_operator.py
[2021-09-23 23:13:30,270] {scheduler_job.py:633} INFO - Processing file /home/airflow/sandbox/lib/python3.8/site-packages/airflow/example_dags/example_branch_day_of_week_operator.py for tasks to queue
[2021-09-23 23:13:30,271] {logging_mixin.py:104} INFO - [2021-09-23 23:13:30,271] {dagbag.py:487} INFO - Filling up the DagBag from /home/airflow/sandbox/lib/python3.8/site-packages/airflow/example_dags/example_branch_day_of_week_operator.py
[2021-09-23 23:13:30,283] {scheduler_job.py:643} INFO - DAG(s) dict_keys(['example_weekday_branch_operator']) retrieved from /home/airflow/sandbox/lib/python3.8/site-packages/airflow/example_dags/example_branch_day_of_week_operator.py
[2021-09-23 23:13:30,298] {logging_mixin.py:104} INFO - [2021-09-23 23:13:30,298] {dag.py:1832} INFO - Sync 1 DAGs
[2021-09-23 23:13:30,311] {logging_mixin.py:104} INFO - [2021-09-23 23:13:30,311] {dag.py:2305} INFO - Setting next_dagrun for example_weekday_branch_operator to 2021-09-21 00:00:00+00:00
[2021-09-23 23:13:30,329] {scheduler_job.py:190} INFO - Processing /home/airflow/sandbox/lib/python3.8/site-packages/airflow/example_dags/example_branch_day_of_week_operator.py took 0.062 seconds
[2021-09-23 23:14:05,541] {scheduler_job.py:182} INFO - Started process (PID=8459) to work on /home/airflow/sandbox/lib/python3.8/site-packages/airflow/example_dags/example_branch_day_of_week_operator.py
[2021-09-23 23:14:05,542] {scheduler_job.py:633} INFO - Processing file /home/airflow/sandbox/lib/python3.8/site-packages/airflow/example_dags/example_branch_day_of_week_operator.py for tasks to queue
[2021-09-23 23:14:05,542] {logging_mixin.py:104} INFO - [2021-09-23 23:14:05,542] {dagbag.py:487} INFO - Filling up the DagBag from /home/airflow/sandbox/lib/python3.8/site-packages/airflow/example_dags/example_branch_day_of_week_operator.py
[2021-09-23 23:14:05,554] {scheduler_job.py:643} INFO - DAG(s) dict_keys(['example_weekday_branch_operator']) retrieved from /home/airflow/sandbox/lib/python3.8/site-packages/airflow/example_dags/example_branch_day_of_week_operator.py
[2021-09-23 23:14:05,570] {logging_mixin.py:104} INFO - [2021-09-23 23:14:05,569] {dag.py:1832} INFO - Sync 1 DAGs
[2021-09-23 23:14:05,584] {logging_mixin.py:104} INFO - [2021-09-23 23:14:05,583] {dag.py:2305} INFO - Setting next_dagrun for example_weekday_branch_operator to 2021-09-21 00:00:00+00:00
[2021-09-23 23:14:05,603] {scheduler_job.py:190} INFO - Processing /home/airflow/sandbox/lib/python3.8/site-packages/airflow/example_dags/example_branch_day_of_week_operator.py took 0.065 seconds
[2021-09-23 23:14:41,670] {scheduler_job.py:182} INFO - Started process (PID=8493) to work on /home/airflow/sandbox/lib/python3.8/site-packages/airflow/example_dags/example_branch_day_of_week_operator.py
[2021-09-23 23:14:41,671] {scheduler_job.py:633} INFO - Processing file /home/airflow/sandbox/lib/python3.8/site-packages/airflow/example_dags/example_branch_day_of_week_operator.py for tasks to queue
[2021-09-23 23:14:41,671] {logging_mixin.py:104} INFO - [2021-09-23 23:14:41,671] {dagbag.py:487} INFO - Filling up the DagBag from /home/airflow/sandbox/lib/python3.8/site-packages/airflow/example_dags/example_branch_day_of_week_operator.py
[2021-09-23 23:14:41,695] {scheduler_job.py:643} INFO - DAG(s) dict_keys(['example_weekday_branch_operator']) retrieved from /home/airflow/sandbox/lib/python3.8/site-packages/airflow/example_dags/example_branch_day_of_week_operator.py
[2021-09-23 23:14:41,710] {logging_mixin.py:104} INFO - [2021-09-23 23:14:41,710] {dag.py:1832} INFO - Sync 1 DAGs
[2021-09-23 23:14:41,728] {logging_mixin.py:104} INFO - [2021-09-23 23:14:41,728] {dag.py:2305} INFO - Setting next_dagrun for example_weekday_branch_operator to 2021-09-21 00:00:00+00:00
[2021-09-23 23:14:41,749] {scheduler_job.py:190} INFO - Processing /home/airflow/sandbox/lib/python3.8/site-packages/airflow/example_dags/example_branch_day_of_week_operator.py took 0.083 seconds
[2021-09-23 23:15:21,586] {scheduler_job.py:182} INFO - Started process (PID=8796) to work on /home/airflow/sandbox/lib/python3.8/site-packages/airflow/example_dags/example_branch_day_of_week_operator.py
[2021-09-23 23:15:21,587] {scheduler_job.py:633} INFO - Processing file /home/airflow/sandbox/lib/python3.8/site-packages/airflow/example_dags/example_branch_day_of_week_operator.py for tasks to queue
[2021-09-23 23:15:21,588] {logging_mixin.py:104} INFO - [2021-09-23 23:15:21,588] {dagbag.py:487} INFO - Filling up the DagBag from /home/airflow/sandbox/lib/python3.8/site-packages/airflow/example_dags/example_branch_day_of_week_operator.py
[2021-09-23 23:15:21,599] {scheduler_job.py:643} INFO - DAG(s) dict_keys(['example_weekday_branch_operator']) retrieved from /home/airflow/sandbox/lib/python3.8/site-packages/airflow/example_dags/example_branch_day_of_week_operator.py
[2021-09-23 23:15:21,613] {logging_mixin.py:104} INFO - [2021-09-23 23:15:21,612] {dag.py:1832} INFO - Sync 1 DAGs
[2021-09-23 23:15:21,628] {logging_mixin.py:104} INFO - [2021-09-23 23:15:21,628] {dag.py:2305} INFO - Setting next_dagrun for example_weekday_branch_operator to 2021-09-21 00:00:00+00:00
[2021-09-23 23:15:21,648] {scheduler_job.py:190} INFO - Processing /home/airflow/sandbox/lib/python3.8/site-packages/airflow/example_dags/example_branch_day_of_week_operator.py took 0.066 seconds
[2021-09-23 23:15:53,709] {scheduler_job.py:182} INFO - Started process (PID=8969) to work on /home/airflow/sandbox/lib/python3.8/site-packages/airflow/example_dags/example_branch_day_of_week_operator.py
[2021-09-23 23:15:53,711] {scheduler_job.py:633} INFO - Processing file /home/airflow/sandbox/lib/python3.8/site-packages/airflow/example_dags/example_branch_day_of_week_operator.py for tasks to queue
[2021-09-23 23:15:53,711] {logging_mixin.py:104} INFO - [2021-09-23 23:15:53,711] {dagbag.py:487} INFO - Filling up the DagBag from /home/airflow/sandbox/lib/python3.8/site-packages/airflow/example_dags/example_branch_day_of_week_operator.py
[2021-09-23 23:15:53,723] {scheduler_job.py:643} INFO - DAG(s) dict_keys(['example_weekday_branch_operator']) retrieved from /home/airflow/sandbox/lib/python3.8/site-packages/airflow/example_dags/example_branch_day_of_week_operator.py
[2021-09-23 23:15:53,740] {logging_mixin.py:104} INFO - [2021-09-23 23:15:53,740] {dag.py:1832} INFO - Sync 1 DAGs
[2021-09-23 23:15:53,756] {logging_mixin.py:104} INFO - [2021-09-23 23:15:53,756] {dag.py:2305} INFO - Setting next_dagrun for example_weekday_branch_operator to 2021-09-21 00:00:00+00:00
[2021-09-23 23:15:53,774] {scheduler_job.py:190} INFO - Processing /home/airflow/sandbox/lib/python3.8/site-packages/airflow/example_dags/example_branch_day_of_week_operator.py took 0.067 seconds
[2021-09-23 23:16:26,226] {scheduler_job.py:182} INFO - Started process (PID=9095) to work on /home/airflow/sandbox/lib/python3.8/site-packages/airflow/example_dags/example_branch_day_of_week_operator.py
[2021-09-23 23:16:26,227] {scheduler_job.py:633} INFO - Processing file /home/airflow/sandbox/lib/python3.8/site-packages/airflow/example_dags/example_branch_day_of_week_operator.py for tasks to queue
[2021-09-23 23:16:26,228] {logging_mixin.py:104} INFO - [2021-09-23 23:16:26,228] {dagbag.py:487} INFO - Filling up the DagBag from /home/airflow/sandbox/lib/python3.8/site-packages/airflow/example_dags/example_branch_day_of_week_operator.py
[2021-09-23 23:16:26,247] {scheduler_job.py:643} INFO - DAG(s) dict_keys(['example_weekday_branch_operator']) retrieved from /home/airflow/sandbox/lib/python3.8/site-packages/airflow/example_dags/example_branch_day_of_week_operator.py
[2021-09-23 23:16:26,274] {logging_mixin.py:104} INFO - [2021-09-23 23:16:26,274] {dag.py:1832} INFO - Sync 1 DAGs
[2021-09-23 23:16:26,294] {logging_mixin.py:104} INFO - [2021-09-23 23:16:26,294] {dag.py:2305} INFO - Setting next_dagrun for example_weekday_branch_operator to 2021-09-21 00:00:00+00:00
[2021-09-23 23:16:26,328] {scheduler_job.py:190} INFO - Processing /home/airflow/sandbox/lib/python3.8/site-packages/airflow/example_dags/example_branch_day_of_week_operator.py took 0.104 seconds
[2021-09-23 23:43:06,500] {scheduler_job.py:182} INFO - Started process (PID=9251) to work on /home/airflow/sandbox/lib/python3.8/site-packages/airflow/example_dags/example_branch_day_of_week_operator.py
[2021-09-23 23:43:06,568] {scheduler_job.py:633} INFO - Processing file /home/airflow/sandbox/lib/python3.8/site-packages/airflow/example_dags/example_branch_day_of_week_operator.py for tasks to queue
[2021-09-23 23:43:06,569] {logging_mixin.py:104} INFO - [2021-09-23 23:43:06,569] {dagbag.py:487} INFO - Filling up the DagBag from /home/airflow/sandbox/lib/python3.8/site-packages/airflow/example_dags/example_branch_day_of_week_operator.py
[2021-09-23 23:43:06,622] {scheduler_job.py:643} INFO - DAG(s) dict_keys(['example_weekday_branch_operator']) retrieved from /home/airflow/sandbox/lib/python3.8/site-packages/airflow/example_dags/example_branch_day_of_week_operator.py
[2021-09-23 23:43:06,740] {logging_mixin.py:104} INFO - [2021-09-23 23:43:06,740] {dag.py:1832} INFO - Sync 1 DAGs
[2021-09-23 23:43:06,835] {logging_mixin.py:104} INFO - [2021-09-23 23:43:06,834] {dag.py:2305} INFO - Setting next_dagrun for example_weekday_branch_operator to 2021-09-21 00:00:00+00:00
[2021-09-23 23:43:06,887] {scheduler_job.py:190} INFO - Processing /home/airflow/sandbox/lib/python3.8/site-packages/airflow/example_dags/example_branch_day_of_week_operator.py took 0.392 seconds
[2021-09-23 23:43:52,514] {scheduler_job.py:182} INFO - Started process (PID=9338) to work on /home/airflow/sandbox/lib/python3.8/site-packages/airflow/example_dags/example_branch_day_of_week_operator.py
[2021-09-23 23:43:52,515] {scheduler_job.py:633} INFO - Processing file /home/airflow/sandbox/lib/python3.8/site-packages/airflow/example_dags/example_branch_day_of_week_operator.py for tasks to queue
[2021-09-23 23:43:52,518] {logging_mixin.py:104} INFO - [2021-09-23 23:43:52,518] {dagbag.py:487} INFO - Filling up the DagBag from /home/airflow/sandbox/lib/python3.8/site-packages/airflow/example_dags/example_branch_day_of_week_operator.py
[2021-09-23 23:43:52,527] {scheduler_job.py:643} INFO - DAG(s) dict_keys(['example_weekday_branch_operator']) retrieved from /home/airflow/sandbox/lib/python3.8/site-packages/airflow/example_dags/example_branch_day_of_week_operator.py
[2021-09-23 23:43:52,540] {logging_mixin.py:104} INFO - [2021-09-23 23:43:52,539] {dag.py:1832} INFO - Sync 1 DAGs
[2021-09-23 23:43:52,554] {logging_mixin.py:104} INFO - [2021-09-23 23:43:52,554] {dag.py:2305} INFO - Setting next_dagrun for example_weekday_branch_operator to 2021-09-21 00:00:00+00:00
[2021-09-23 23:43:52,571] {scheduler_job.py:190} INFO - Processing /home/airflow/sandbox/lib/python3.8/site-packages/airflow/example_dags/example_branch_day_of_week_operator.py took 0.060 seconds
[2021-09-23 23:44:28,295] {scheduler_job.py:182} INFO - Started process (PID=9372) to work on /home/airflow/sandbox/lib/python3.8/site-packages/airflow/example_dags/example_branch_day_of_week_operator.py
[2021-09-23 23:44:28,296] {scheduler_job.py:633} INFO - Processing file /home/airflow/sandbox/lib/python3.8/site-packages/airflow/example_dags/example_branch_day_of_week_operator.py for tasks to queue
[2021-09-23 23:44:28,296] {logging_mixin.py:104} INFO - [2021-09-23 23:44:28,296] {dagbag.py:487} INFO - Filling up the DagBag from /home/airflow/sandbox/lib/python3.8/site-packages/airflow/example_dags/example_branch_day_of_week_operator.py
[2021-09-23 23:44:28,311] {scheduler_job.py:643} INFO - DAG(s) dict_keys(['example_weekday_branch_operator']) retrieved from /home/airflow/sandbox/lib/python3.8/site-packages/airflow/example_dags/example_branch_day_of_week_operator.py
[2021-09-23 23:44:28,324] {logging_mixin.py:104} INFO - [2021-09-23 23:44:28,324] {dag.py:1832} INFO - Sync 1 DAGs
[2021-09-23 23:44:28,343] {logging_mixin.py:104} INFO - [2021-09-23 23:44:28,343] {dag.py:2305} INFO - Setting next_dagrun for example_weekday_branch_operator to 2021-09-21 00:00:00+00:00
[2021-09-23 23:44:28,360] {scheduler_job.py:190} INFO - Processing /home/airflow/sandbox/lib/python3.8/site-packages/airflow/example_dags/example_branch_day_of_week_operator.py took 0.067 seconds
[2021-09-23 23:45:05,544] {scheduler_job.py:182} INFO - Started process (PID=9408) to work on /home/airflow/sandbox/lib/python3.8/site-packages/airflow/example_dags/example_branch_day_of_week_operator.py
[2021-09-23 23:45:05,545] {scheduler_job.py:633} INFO - Processing file /home/airflow/sandbox/lib/python3.8/site-packages/airflow/example_dags/example_branch_day_of_week_operator.py for tasks to queue
[2021-09-23 23:45:05,545] {logging_mixin.py:104} INFO - [2021-09-23 23:45:05,545] {dagbag.py:487} INFO - Filling up the DagBag from /home/airflow/sandbox/lib/python3.8/site-packages/airflow/example_dags/example_branch_day_of_week_operator.py
[2021-09-23 23:45:05,559] {scheduler_job.py:643} INFO - DAG(s) dict_keys(['example_weekday_branch_operator']) retrieved from /home/airflow/sandbox/lib/python3.8/site-packages/airflow/example_dags/example_branch_day_of_week_operator.py
[2021-09-23 23:45:05,574] {logging_mixin.py:104} INFO - [2021-09-23 23:45:05,574] {dag.py:1832} INFO - Sync 1 DAGs
[2021-09-23 23:45:05,589] {logging_mixin.py:104} INFO - [2021-09-23 23:45:05,589] {dag.py:2305} INFO - Setting next_dagrun for example_weekday_branch_operator to 2021-09-21 00:00:00+00:00
[2021-09-23 23:45:05,608] {scheduler_job.py:190} INFO - Processing /home/airflow/sandbox/lib/python3.8/site-packages/airflow/example_dags/example_branch_day_of_week_operator.py took 0.066 seconds
[2021-09-23 23:45:41,023] {scheduler_job.py:182} INFO - Started process (PID=9441) to work on /home/airflow/sandbox/lib/python3.8/site-packages/airflow/example_dags/example_branch_day_of_week_operator.py
[2021-09-23 23:45:41,025] {scheduler_job.py:633} INFO - Processing file /home/airflow/sandbox/lib/python3.8/site-packages/airflow/example_dags/example_branch_day_of_week_operator.py for tasks to queue
[2021-09-23 23:45:41,025] {logging_mixin.py:104} INFO - [2021-09-23 23:45:41,025] {dagbag.py:487} INFO - Filling up the DagBag from /home/airflow/sandbox/lib/python3.8/site-packages/airflow/example_dags/example_branch_day_of_week_operator.py
[2021-09-23 23:45:41,036] {scheduler_job.py:643} INFO - DAG(s) dict_keys(['example_weekday_branch_operator']) retrieved from /home/airflow/sandbox/lib/python3.8/site-packages/airflow/example_dags/example_branch_day_of_week_operator.py
[2021-09-23 23:45:41,049] {logging_mixin.py:104} INFO - [2021-09-23 23:45:41,048] {dag.py:1832} INFO - Sync 1 DAGs
[2021-09-23 23:45:41,064] {logging_mixin.py:104} INFO - [2021-09-23 23:45:41,064] {dag.py:2305} INFO - Setting next_dagrun for example_weekday_branch_operator to 2021-09-21 00:00:00+00:00
[2021-09-23 23:45:41,083] {scheduler_job.py:190} INFO - Processing /home/airflow/sandbox/lib/python3.8/site-packages/airflow/example_dags/example_branch_day_of_week_operator.py took 0.062 seconds
[2021-09-23 23:46:14,677] {scheduler_job.py:182} INFO - Started process (PID=9473) to work on /home/airflow/sandbox/lib/python3.8/site-packages/airflow/example_dags/example_branch_day_of_week_operator.py
[2021-09-23 23:46:14,678] {scheduler_job.py:633} INFO - Processing file /home/airflow/sandbox/lib/python3.8/site-packages/airflow/example_dags/example_branch_day_of_week_operator.py for tasks to queue
[2021-09-23 23:46:14,679] {logging_mixin.py:104} INFO - [2021-09-23 23:46:14,679] {dagbag.py:487} INFO - Filling up the DagBag from /home/airflow/sandbox/lib/python3.8/site-packages/airflow/example_dags/example_branch_day_of_week_operator.py
[2021-09-23 23:46:14,692] {scheduler_job.py:643} INFO - DAG(s) dict_keys(['example_weekday_branch_operator']) retrieved from /home/airflow/sandbox/lib/python3.8/site-packages/airflow/example_dags/example_branch_day_of_week_operator.py
[2021-09-23 23:46:14,705] {logging_mixin.py:104} INFO - [2021-09-23 23:46:14,705] {dag.py:1832} INFO - Sync 1 DAGs
[2021-09-23 23:46:14,720] {logging_mixin.py:104} INFO - [2021-09-23 23:46:14,720] {dag.py:2305} INFO - Setting next_dagrun for example_weekday_branch_operator to 2021-09-21 00:00:00+00:00
[2021-09-23 23:46:14,741] {scheduler_job.py:190} INFO - Processing /home/airflow/sandbox/lib/python3.8/site-packages/airflow/example_dags/example_branch_day_of_week_operator.py took 0.066 seconds
[2021-09-23 23:46:49,766] {scheduler_job.py:182} INFO - Started process (PID=9551) to work on /home/airflow/sandbox/lib/python3.8/site-packages/airflow/example_dags/example_branch_day_of_week_operator.py
[2021-09-23 23:46:49,768] {scheduler_job.py:633} INFO - Processing file /home/airflow/sandbox/lib/python3.8/site-packages/airflow/example_dags/example_branch_day_of_week_operator.py for tasks to queue
[2021-09-23 23:46:49,769] {logging_mixin.py:104} INFO - [2021-09-23 23:46:49,769] {dagbag.py:487} INFO - Filling up the DagBag from /home/airflow/sandbox/lib/python3.8/site-packages/airflow/example_dags/example_branch_day_of_week_operator.py
[2021-09-23 23:46:49,783] {scheduler_job.py:643} INFO - DAG(s) dict_keys(['example_weekday_branch_operator']) retrieved from /home/airflow/sandbox/lib/python3.8/site-packages/airflow/example_dags/example_branch_day_of_week_operator.py
[2021-09-23 23:46:49,798] {logging_mixin.py:104} INFO - [2021-09-23 23:46:49,797] {dag.py:1832} INFO - Sync 1 DAGs
[2021-09-23 23:46:49,811] {logging_mixin.py:104} INFO - [2021-09-23 23:46:49,811] {dag.py:2305} INFO - Setting next_dagrun for example_weekday_branch_operator to 2021-09-21 00:00:00+00:00
[2021-09-23 23:46:49,830] {scheduler_job.py:190} INFO - Processing /home/airflow/sandbox/lib/python3.8/site-packages/airflow/example_dags/example_branch_day_of_week_operator.py took 0.067 seconds
[2021-09-23 23:47:25,809] {scheduler_job.py:182} INFO - Started process (PID=9584) to work on /home/airflow/sandbox/lib/python3.8/site-packages/airflow/example_dags/example_branch_day_of_week_operator.py
[2021-09-23 23:47:25,811] {scheduler_job.py:633} INFO - Processing file /home/airflow/sandbox/lib/python3.8/site-packages/airflow/example_dags/example_branch_day_of_week_operator.py for tasks to queue
[2021-09-23 23:47:25,811] {logging_mixin.py:104} INFO - [2021-09-23 23:47:25,811] {dagbag.py:487} INFO - Filling up the DagBag from /home/airflow/sandbox/lib/python3.8/site-packages/airflow/example_dags/example_branch_day_of_week_operator.py
[2021-09-23 23:47:25,826] {scheduler_job.py:643} INFO - DAG(s) dict_keys(['example_weekday_branch_operator']) retrieved from /home/airflow/sandbox/lib/python3.8/site-packages/airflow/example_dags/example_branch_day_of_week_operator.py
[2021-09-23 23:47:25,838] {logging_mixin.py:104} INFO - [2021-09-23 23:47:25,838] {dag.py:1832} INFO - Sync 1 DAGs
[2021-09-23 23:47:25,853] {logging_mixin.py:104} INFO - [2021-09-23 23:47:25,853] {dag.py:2305} INFO - Setting next_dagrun for example_weekday_branch_operator to 2021-09-21 00:00:00+00:00
[2021-09-23 23:47:25,871] {scheduler_job.py:190} INFO - Processing /home/airflow/sandbox/lib/python3.8/site-packages/airflow/example_dags/example_branch_day_of_week_operator.py took 0.066 seconds
[2021-09-23 23:47:57,615] {scheduler_job.py:182} INFO - Started process (PID=9617) to work on /home/airflow/sandbox/lib/python3.8/site-packages/airflow/example_dags/example_branch_day_of_week_operator.py
[2021-09-23 23:47:57,616] {scheduler_job.py:633} INFO - Processing file /home/airflow/sandbox/lib/python3.8/site-packages/airflow/example_dags/example_branch_day_of_week_operator.py for tasks to queue
[2021-09-23 23:47:57,616] {logging_mixin.py:104} INFO - [2021-09-23 23:47:57,616] {dagbag.py:487} INFO - Filling up the DagBag from /home/airflow/sandbox/lib/python3.8/site-packages/airflow/example_dags/example_branch_day_of_week_operator.py
[2021-09-23 23:47:57,627] {scheduler_job.py:643} INFO - DAG(s) dict_keys(['example_weekday_branch_operator']) retrieved from /home/airflow/sandbox/lib/python3.8/site-packages/airflow/example_dags/example_branch_day_of_week_operator.py
[2021-09-23 23:47:57,639] {logging_mixin.py:104} INFO - [2021-09-23 23:47:57,639] {dag.py:1832} INFO - Sync 1 DAGs
[2021-09-23 23:47:57,656] {logging_mixin.py:104} INFO - [2021-09-23 23:47:57,656] {dag.py:2305} INFO - Setting next_dagrun for example_weekday_branch_operator to 2021-09-21 00:00:00+00:00
[2021-09-23 23:47:57,676] {scheduler_job.py:190} INFO - Processing /home/airflow/sandbox/lib/python3.8/site-packages/airflow/example_dags/example_branch_day_of_week_operator.py took 0.064 seconds
[2021-09-23 23:48:30,842] {scheduler_job.py:182} INFO - Started process (PID=9648) to work on /home/airflow/sandbox/lib/python3.8/site-packages/airflow/example_dags/example_branch_day_of_week_operator.py
[2021-09-23 23:48:30,844] {scheduler_job.py:633} INFO - Processing file /home/airflow/sandbox/lib/python3.8/site-packages/airflow/example_dags/example_branch_day_of_week_operator.py for tasks to queue
[2021-09-23 23:48:30,844] {logging_mixin.py:104} INFO - [2021-09-23 23:48:30,844] {dagbag.py:487} INFO - Filling up the DagBag from /home/airflow/sandbox/lib/python3.8/site-packages/airflow/example_dags/example_branch_day_of_week_operator.py
[2021-09-23 23:48:30,855] {scheduler_job.py:643} INFO - DAG(s) dict_keys(['example_weekday_branch_operator']) retrieved from /home/airflow/sandbox/lib/python3.8/site-packages/airflow/example_dags/example_branch_day_of_week_operator.py
[2021-09-23 23:48:30,868] {logging_mixin.py:104} INFO - [2021-09-23 23:48:30,867] {dag.py:1832} INFO - Sync 1 DAGs
[2021-09-23 23:48:30,883] {logging_mixin.py:104} INFO - [2021-09-23 23:48:30,883] {dag.py:2305} INFO - Setting next_dagrun for example_weekday_branch_operator to 2021-09-21 00:00:00+00:00
[2021-09-23 23:48:30,900] {scheduler_job.py:190} INFO - Processing /home/airflow/sandbox/lib/python3.8/site-packages/airflow/example_dags/example_branch_day_of_week_operator.py took 0.061 seconds
[2021-09-23 23:49:07,995] {scheduler_job.py:182} INFO - Started process (PID=9682) to work on /home/airflow/sandbox/lib/python3.8/site-packages/airflow/example_dags/example_branch_day_of_week_operator.py
[2021-09-23 23:49:07,996] {scheduler_job.py:633} INFO - Processing file /home/airflow/sandbox/lib/python3.8/site-packages/airflow/example_dags/example_branch_day_of_week_operator.py for tasks to queue
[2021-09-23 23:49:07,997] {logging_mixin.py:104} INFO - [2021-09-23 23:49:07,997] {dagbag.py:487} INFO - Filling up the DagBag from /home/airflow/sandbox/lib/python3.8/site-packages/airflow/example_dags/example_branch_day_of_week_operator.py
[2021-09-23 23:49:08,015] {scheduler_job.py:643} INFO - DAG(s) dict_keys(['example_weekday_branch_operator']) retrieved from /home/airflow/sandbox/lib/python3.8/site-packages/airflow/example_dags/example_branch_day_of_week_operator.py
[2021-09-23 23:49:08,038] {logging_mixin.py:104} INFO - [2021-09-23 23:49:08,038] {dag.py:1832} INFO - Sync 1 DAGs
[2021-09-23 23:49:08,059] {logging_mixin.py:104} INFO - [2021-09-23 23:49:08,059] {dag.py:2305} INFO - Setting next_dagrun for example_weekday_branch_operator to 2021-09-21 00:00:00+00:00
[2021-09-23 23:49:08,083] {scheduler_job.py:190} INFO - Processing /home/airflow/sandbox/lib/python3.8/site-packages/airflow/example_dags/example_branch_day_of_week_operator.py took 0.091 seconds
[2021-09-23 23:49:44,610] {scheduler_job.py:182} INFO - Started process (PID=9716) to work on /home/airflow/sandbox/lib/python3.8/site-packages/airflow/example_dags/example_branch_day_of_week_operator.py
[2021-09-23 23:49:44,611] {scheduler_job.py:633} INFO - Processing file /home/airflow/sandbox/lib/python3.8/site-packages/airflow/example_dags/example_branch_day_of_week_operator.py for tasks to queue
[2021-09-23 23:49:44,611] {logging_mixin.py:104} INFO - [2021-09-23 23:49:44,611] {dagbag.py:487} INFO - Filling up the DagBag from /home/airflow/sandbox/lib/python3.8/site-packages/airflow/example_dags/example_branch_day_of_week_operator.py
[2021-09-23 23:49:44,622] {scheduler_job.py:643} INFO - DAG(s) dict_keys(['example_weekday_branch_operator']) retrieved from /home/airflow/sandbox/lib/python3.8/site-packages/airflow/example_dags/example_branch_day_of_week_operator.py
[2021-09-23 23:49:44,636] {logging_mixin.py:104} INFO - [2021-09-23 23:49:44,636] {dag.py:1832} INFO - Sync 1 DAGs
[2021-09-23 23:49:44,650] {logging_mixin.py:104} INFO - [2021-09-23 23:49:44,650] {dag.py:2305} INFO - Setting next_dagrun for example_weekday_branch_operator to 2021-09-21 00:00:00+00:00
[2021-09-23 23:49:44,671] {scheduler_job.py:190} INFO - Processing /home/airflow/sandbox/lib/python3.8/site-packages/airflow/example_dags/example_branch_day_of_week_operator.py took 0.063 seconds
[2021-09-23 23:50:18,936] {scheduler_job.py:182} INFO - Started process (PID=9751) to work on /home/airflow/sandbox/lib/python3.8/site-packages/airflow/example_dags/example_branch_day_of_week_operator.py
[2021-09-23 23:50:18,939] {scheduler_job.py:633} INFO - Processing file /home/airflow/sandbox/lib/python3.8/site-packages/airflow/example_dags/example_branch_day_of_week_operator.py for tasks to queue
[2021-09-23 23:50:18,939] {logging_mixin.py:104} INFO - [2021-09-23 23:50:18,939] {dagbag.py:487} INFO - Filling up the DagBag from /home/airflow/sandbox/lib/python3.8/site-packages/airflow/example_dags/example_branch_day_of_week_operator.py
[2021-09-23 23:50:18,952] {scheduler_job.py:643} INFO - DAG(s) dict_keys(['example_weekday_branch_operator']) retrieved from /home/airflow/sandbox/lib/python3.8/site-packages/airflow/example_dags/example_branch_day_of_week_operator.py
[2021-09-23 23:50:18,968] {logging_mixin.py:104} INFO - [2021-09-23 23:50:18,968] {dag.py:1832} INFO - Sync 1 DAGs
[2021-09-23 23:50:18,984] {logging_mixin.py:104} INFO - [2021-09-23 23:50:18,984] {dag.py:2305} INFO - Setting next_dagrun for example_weekday_branch_operator to 2021-09-21 00:00:00+00:00
[2021-09-23 23:50:19,007] {scheduler_job.py:190} INFO - Processing /home/airflow/sandbox/lib/python3.8/site-packages/airflow/example_dags/example_branch_day_of_week_operator.py took 0.075 seconds
[2021-09-23 23:50:55,159] {scheduler_job.py:182} INFO - Started process (PID=9786) to work on /home/airflow/sandbox/lib/python3.8/site-packages/airflow/example_dags/example_branch_day_of_week_operator.py
[2021-09-23 23:50:55,160] {scheduler_job.py:633} INFO - Processing file /home/airflow/sandbox/lib/python3.8/site-packages/airflow/example_dags/example_branch_day_of_week_operator.py for tasks to queue
[2021-09-23 23:50:55,160] {logging_mixin.py:104} INFO - [2021-09-23 23:50:55,160] {dagbag.py:487} INFO - Filling up the DagBag from /home/airflow/sandbox/lib/python3.8/site-packages/airflow/example_dags/example_branch_day_of_week_operator.py
[2021-09-23 23:50:55,174] {scheduler_job.py:643} INFO - DAG(s) dict_keys(['example_weekday_branch_operator']) retrieved from /home/airflow/sandbox/lib/python3.8/site-packages/airflow/example_dags/example_branch_day_of_week_operator.py
[2021-09-23 23:50:55,190] {logging_mixin.py:104} INFO - [2021-09-23 23:50:55,190] {dag.py:1832} INFO - Sync 1 DAGs
[2021-09-23 23:50:55,207] {logging_mixin.py:104} INFO - [2021-09-23 23:50:55,207] {dag.py:2305} INFO - Setting next_dagrun for example_weekday_branch_operator to 2021-09-21 00:00:00+00:00
[2021-09-23 23:50:55,225] {scheduler_job.py:190} INFO - Processing /home/airflow/sandbox/lib/python3.8/site-packages/airflow/example_dags/example_branch_day_of_week_operator.py took 0.069 seconds
[2021-09-23 23:51:28,048] {scheduler_job.py:182} INFO - Started process (PID=9817) to work on /home/airflow/sandbox/lib/python3.8/site-packages/airflow/example_dags/example_branch_day_of_week_operator.py
[2021-09-23 23:51:28,049] {scheduler_job.py:633} INFO - Processing file /home/airflow/sandbox/lib/python3.8/site-packages/airflow/example_dags/example_branch_day_of_week_operator.py for tasks to queue
[2021-09-23 23:51:28,050] {logging_mixin.py:104} INFO - [2021-09-23 23:51:28,050] {dagbag.py:487} INFO - Filling up the DagBag from /home/airflow/sandbox/lib/python3.8/site-packages/airflow/example_dags/example_branch_day_of_week_operator.py
[2021-09-23 23:51:28,065] {scheduler_job.py:643} INFO - DAG(s) dict_keys(['example_weekday_branch_operator']) retrieved from /home/airflow/sandbox/lib/python3.8/site-packages/airflow/example_dags/example_branch_day_of_week_operator.py
[2021-09-23 23:51:28,078] {logging_mixin.py:104} INFO - [2021-09-23 23:51:28,078] {dag.py:1832} INFO - Sync 1 DAGs
[2021-09-23 23:51:28,094] {logging_mixin.py:104} INFO - [2021-09-23 23:51:28,094] {dag.py:2305} INFO - Setting next_dagrun for example_weekday_branch_operator to 2021-09-21 00:00:00+00:00
[2021-09-23 23:51:28,115] {scheduler_job.py:190} INFO - Processing /home/airflow/sandbox/lib/python3.8/site-packages/airflow/example_dags/example_branch_day_of_week_operator.py took 0.069 seconds
[2021-09-23 23:52:04,886] {scheduler_job.py:182} INFO - Started process (PID=9895) to work on /home/airflow/sandbox/lib/python3.8/site-packages/airflow/example_dags/example_branch_day_of_week_operator.py
[2021-09-23 23:52:04,887] {scheduler_job.py:633} INFO - Processing file /home/airflow/sandbox/lib/python3.8/site-packages/airflow/example_dags/example_branch_day_of_week_operator.py for tasks to queue
[2021-09-23 23:52:04,888] {logging_mixin.py:104} INFO - [2021-09-23 23:52:04,888] {dagbag.py:487} INFO - Filling up the DagBag from /home/airflow/sandbox/lib/python3.8/site-packages/airflow/example_dags/example_branch_day_of_week_operator.py
[2021-09-23 23:52:04,903] {scheduler_job.py:643} INFO - DAG(s) dict_keys(['example_weekday_branch_operator']) retrieved from /home/airflow/sandbox/lib/python3.8/site-packages/airflow/example_dags/example_branch_day_of_week_operator.py
[2021-09-23 23:52:04,915] {logging_mixin.py:104} INFO - [2021-09-23 23:52:04,915] {dag.py:1832} INFO - Sync 1 DAGs
[2021-09-23 23:52:04,929] {logging_mixin.py:104} INFO - [2021-09-23 23:52:04,929] {dag.py:2305} INFO - Setting next_dagrun for example_weekday_branch_operator to 2021-09-21 00:00:00+00:00
[2021-09-23 23:52:04,952] {scheduler_job.py:190} INFO - Processing /home/airflow/sandbox/lib/python3.8/site-packages/airflow/example_dags/example_branch_day_of_week_operator.py took 0.068 seconds
[2021-09-23 23:52:36,616] {scheduler_job.py:182} INFO - Started process (PID=9928) to work on /home/airflow/sandbox/lib/python3.8/site-packages/airflow/example_dags/example_branch_day_of_week_operator.py
[2021-09-23 23:52:36,618] {scheduler_job.py:633} INFO - Processing file /home/airflow/sandbox/lib/python3.8/site-packages/airflow/example_dags/example_branch_day_of_week_operator.py for tasks to queue
[2021-09-23 23:52:36,619] {logging_mixin.py:104} INFO - [2021-09-23 23:52:36,619] {dagbag.py:487} INFO - Filling up the DagBag from /home/airflow/sandbox/lib/python3.8/site-packages/airflow/example_dags/example_branch_day_of_week_operator.py
[2021-09-23 23:52:36,634] {scheduler_job.py:643} INFO - DAG(s) dict_keys(['example_weekday_branch_operator']) retrieved from /home/airflow/sandbox/lib/python3.8/site-packages/airflow/example_dags/example_branch_day_of_week_operator.py
[2021-09-23 23:52:36,647] {logging_mixin.py:104} INFO - [2021-09-23 23:52:36,646] {dag.py:1832} INFO - Sync 1 DAGs
[2021-09-23 23:52:36,659] {logging_mixin.py:104} INFO - [2021-09-23 23:52:36,659] {dag.py:2305} INFO - Setting next_dagrun for example_weekday_branch_operator to 2021-09-21 00:00:00+00:00
[2021-09-23 23:52:36,679] {scheduler_job.py:190} INFO - Processing /home/airflow/sandbox/lib/python3.8/site-packages/airflow/example_dags/example_branch_day_of_week_operator.py took 0.065 seconds
[2021-09-23 23:53:13,509] {scheduler_job.py:182} INFO - Started process (PID=9963) to work on /home/airflow/sandbox/lib/python3.8/site-packages/airflow/example_dags/example_branch_day_of_week_operator.py
[2021-09-23 23:53:13,510] {scheduler_job.py:633} INFO - Processing file /home/airflow/sandbox/lib/python3.8/site-packages/airflow/example_dags/example_branch_day_of_week_operator.py for tasks to queue
[2021-09-23 23:53:13,511] {logging_mixin.py:104} INFO - [2021-09-23 23:53:13,511] {dagbag.py:487} INFO - Filling up the DagBag from /home/airflow/sandbox/lib/python3.8/site-packages/airflow/example_dags/example_branch_day_of_week_operator.py
[2021-09-23 23:53:13,524] {scheduler_job.py:643} INFO - DAG(s) dict_keys(['example_weekday_branch_operator']) retrieved from /home/airflow/sandbox/lib/python3.8/site-packages/airflow/example_dags/example_branch_day_of_week_operator.py
[2021-09-23 23:53:13,537] {logging_mixin.py:104} INFO - [2021-09-23 23:53:13,537] {dag.py:1832} INFO - Sync 1 DAGs
[2021-09-23 23:53:13,552] {logging_mixin.py:104} INFO - [2021-09-23 23:53:13,552] {dag.py:2305} INFO - Setting next_dagrun for example_weekday_branch_operator to 2021-09-21 00:00:00+00:00
[2021-09-23 23:53:13,572] {scheduler_job.py:190} INFO - Processing /home/airflow/sandbox/lib/python3.8/site-packages/airflow/example_dags/example_branch_day_of_week_operator.py took 0.068 seconds
[2021-09-23 23:53:49,028] {scheduler_job.py:182} INFO - Started process (PID=9997) to work on /home/airflow/sandbox/lib/python3.8/site-packages/airflow/example_dags/example_branch_day_of_week_operator.py
[2021-09-23 23:53:49,029] {scheduler_job.py:633} INFO - Processing file /home/airflow/sandbox/lib/python3.8/site-packages/airflow/example_dags/example_branch_day_of_week_operator.py for tasks to queue
[2021-09-23 23:53:49,030] {logging_mixin.py:104} INFO - [2021-09-23 23:53:49,030] {dagbag.py:487} INFO - Filling up the DagBag from /home/airflow/sandbox/lib/python3.8/site-packages/airflow/example_dags/example_branch_day_of_week_operator.py
[2021-09-23 23:53:49,046] {scheduler_job.py:643} INFO - DAG(s) dict_keys(['example_weekday_branch_operator']) retrieved from /home/airflow/sandbox/lib/python3.8/site-packages/airflow/example_dags/example_branch_day_of_week_operator.py
[2021-09-23 23:53:49,063] {logging_mixin.py:104} INFO - [2021-09-23 23:53:49,063] {dag.py:1832} INFO - Sync 1 DAGs
[2021-09-23 23:53:49,084] {logging_mixin.py:104} INFO - [2021-09-23 23:53:49,084] {dag.py:2305} INFO - Setting next_dagrun for example_weekday_branch_operator to 2021-09-21 00:00:00+00:00
[2021-09-23 23:53:49,105] {scheduler_job.py:190} INFO - Processing /home/airflow/sandbox/lib/python3.8/site-packages/airflow/example_dags/example_branch_day_of_week_operator.py took 0.079 seconds
[2021-09-23 23:54:23,501] {scheduler_job.py:182} INFO - Started process (PID=10030) to work on /home/airflow/sandbox/lib/python3.8/site-packages/airflow/example_dags/example_branch_day_of_week_operator.py
[2021-09-23 23:54:23,502] {scheduler_job.py:633} INFO - Processing file /home/airflow/sandbox/lib/python3.8/site-packages/airflow/example_dags/example_branch_day_of_week_operator.py for tasks to queue
[2021-09-23 23:54:23,503] {logging_mixin.py:104} INFO - [2021-09-23 23:54:23,503] {dagbag.py:487} INFO - Filling up the DagBag from /home/airflow/sandbox/lib/python3.8/site-packages/airflow/example_dags/example_branch_day_of_week_operator.py
[2021-09-23 23:54:23,516] {scheduler_job.py:643} INFO - DAG(s) dict_keys(['example_weekday_branch_operator']) retrieved from /home/airflow/sandbox/lib/python3.8/site-packages/airflow/example_dags/example_branch_day_of_week_operator.py
[2021-09-23 23:54:23,533] {logging_mixin.py:104} INFO - [2021-09-23 23:54:23,533] {dag.py:1832} INFO - Sync 1 DAGs
[2021-09-23 23:54:23,547] {logging_mixin.py:104} INFO - [2021-09-23 23:54:23,546] {dag.py:2305} INFO - Setting next_dagrun for example_weekday_branch_operator to 2021-09-21 00:00:00+00:00
[2021-09-23 23:54:23,566] {scheduler_job.py:190} INFO - Processing /home/airflow/sandbox/lib/python3.8/site-packages/airflow/example_dags/example_branch_day_of_week_operator.py took 0.070 seconds
[2021-09-23 23:54:58,042] {scheduler_job.py:182} INFO - Started process (PID=10062) to work on /home/airflow/sandbox/lib/python3.8/site-packages/airflow/example_dags/example_branch_day_of_week_operator.py
[2021-09-23 23:54:58,043] {scheduler_job.py:633} INFO - Processing file /home/airflow/sandbox/lib/python3.8/site-packages/airflow/example_dags/example_branch_day_of_week_operator.py for tasks to queue
[2021-09-23 23:54:58,043] {logging_mixin.py:104} INFO - [2021-09-23 23:54:58,043] {dagbag.py:487} INFO - Filling up the DagBag from /home/airflow/sandbox/lib/python3.8/site-packages/airflow/example_dags/example_branch_day_of_week_operator.py
[2021-09-23 23:54:58,055] {scheduler_job.py:643} INFO - DAG(s) dict_keys(['example_weekday_branch_operator']) retrieved from /home/airflow/sandbox/lib/python3.8/site-packages/airflow/example_dags/example_branch_day_of_week_operator.py
[2021-09-23 23:54:58,068] {logging_mixin.py:104} INFO - [2021-09-23 23:54:58,068] {dag.py:1832} INFO - Sync 1 DAGs
[2021-09-23 23:54:58,085] {logging_mixin.py:104} INFO - [2021-09-23 23:54:58,084] {dag.py:2305} INFO - Setting next_dagrun for example_weekday_branch_operator to 2021-09-21 00:00:00+00:00
[2021-09-23 23:54:58,102] {scheduler_job.py:190} INFO - Processing /home/airflow/sandbox/lib/python3.8/site-packages/airflow/example_dags/example_branch_day_of_week_operator.py took 0.063 seconds
[2021-09-23 23:55:35,350] {scheduler_job.py:182} INFO - Started process (PID=10181) to work on /home/airflow/sandbox/lib/python3.8/site-packages/airflow/example_dags/example_branch_day_of_week_operator.py
[2021-09-23 23:55:35,353] {scheduler_job.py:633} INFO - Processing file /home/airflow/sandbox/lib/python3.8/site-packages/airflow/example_dags/example_branch_day_of_week_operator.py for tasks to queue
[2021-09-23 23:55:35,354] {logging_mixin.py:104} INFO - [2021-09-23 23:55:35,354] {dagbag.py:487} INFO - Filling up the DagBag from /home/airflow/sandbox/lib/python3.8/site-packages/airflow/example_dags/example_branch_day_of_week_operator.py
[2021-09-23 23:55:35,368] {scheduler_job.py:643} INFO - DAG(s) dict_keys(['example_weekday_branch_operator']) retrieved from /home/airflow/sandbox/lib/python3.8/site-packages/airflow/example_dags/example_branch_day_of_week_operator.py
[2021-09-23 23:55:35,394] {logging_mixin.py:104} INFO - [2021-09-23 23:55:35,393] {dag.py:1832} INFO - Sync 1 DAGs
[2021-09-23 23:55:35,411] {logging_mixin.py:104} INFO - [2021-09-23 23:55:35,411] {dag.py:2305} INFO - Setting next_dagrun for example_weekday_branch_operator to 2021-09-21 00:00:00+00:00
[2021-09-23 23:55:35,431] {scheduler_job.py:190} INFO - Processing /home/airflow/sandbox/lib/python3.8/site-packages/airflow/example_dags/example_branch_day_of_week_operator.py took 0.084 seconds
[2021-09-23 23:56:10,250] {scheduler_job.py:182} INFO - Started process (PID=10215) to work on /home/airflow/sandbox/lib/python3.8/site-packages/airflow/example_dags/example_branch_day_of_week_operator.py
[2021-09-23 23:56:10,251] {scheduler_job.py:633} INFO - Processing file /home/airflow/sandbox/lib/python3.8/site-packages/airflow/example_dags/example_branch_day_of_week_operator.py for tasks to queue
[2021-09-23 23:56:10,252] {logging_mixin.py:104} INFO - [2021-09-23 23:56:10,252] {dagbag.py:487} INFO - Filling up the DagBag from /home/airflow/sandbox/lib/python3.8/site-packages/airflow/example_dags/example_branch_day_of_week_operator.py
[2021-09-23 23:56:10,263] {scheduler_job.py:643} INFO - DAG(s) dict_keys(['example_weekday_branch_operator']) retrieved from /home/airflow/sandbox/lib/python3.8/site-packages/airflow/example_dags/example_branch_day_of_week_operator.py
[2021-09-23 23:56:10,275] {logging_mixin.py:104} INFO - [2021-09-23 23:56:10,275] {dag.py:1832} INFO - Sync 1 DAGs
[2021-09-23 23:56:10,290] {logging_mixin.py:104} INFO - [2021-09-23 23:56:10,290] {dag.py:2305} INFO - Setting next_dagrun for example_weekday_branch_operator to 2021-09-21 00:00:00+00:00
[2021-09-23 23:56:10,311] {scheduler_job.py:190} INFO - Processing /home/airflow/sandbox/lib/python3.8/site-packages/airflow/example_dags/example_branch_day_of_week_operator.py took 0.065 seconds
[2021-09-23 23:56:46,016] {scheduler_job.py:182} INFO - Started process (PID=10291) to work on /home/airflow/sandbox/lib/python3.8/site-packages/airflow/example_dags/example_branch_day_of_week_operator.py
[2021-09-23 23:56:46,017] {scheduler_job.py:633} INFO - Processing file /home/airflow/sandbox/lib/python3.8/site-packages/airflow/example_dags/example_branch_day_of_week_operator.py for tasks to queue
[2021-09-23 23:56:46,018] {logging_mixin.py:104} INFO - [2021-09-23 23:56:46,018] {dagbag.py:487} INFO - Filling up the DagBag from /home/airflow/sandbox/lib/python3.8/site-packages/airflow/example_dags/example_branch_day_of_week_operator.py
[2021-09-23 23:56:46,029] {scheduler_job.py:643} INFO - DAG(s) dict_keys(['example_weekday_branch_operator']) retrieved from /home/airflow/sandbox/lib/python3.8/site-packages/airflow/example_dags/example_branch_day_of_week_operator.py
[2021-09-23 23:56:46,041] {logging_mixin.py:104} INFO - [2021-09-23 23:56:46,041] {dag.py:1832} INFO - Sync 1 DAGs
[2021-09-23 23:56:46,054] {logging_mixin.py:104} INFO - [2021-09-23 23:56:46,054] {dag.py:2305} INFO - Setting next_dagrun for example_weekday_branch_operator to 2021-09-21 00:00:00+00:00
[2021-09-23 23:56:46,078] {scheduler_job.py:190} INFO - Processing /home/airflow/sandbox/lib/python3.8/site-packages/airflow/example_dags/example_branch_day_of_week_operator.py took 0.066 seconds
[2021-09-23 23:57:22,480] {scheduler_job.py:182} INFO - Started process (PID=10607) to work on /home/airflow/sandbox/lib/python3.8/site-packages/airflow/example_dags/example_branch_day_of_week_operator.py
[2021-09-23 23:57:22,481] {scheduler_job.py:633} INFO - Processing file /home/airflow/sandbox/lib/python3.8/site-packages/airflow/example_dags/example_branch_day_of_week_operator.py for tasks to queue
[2021-09-23 23:57:22,481] {logging_mixin.py:104} INFO - [2021-09-23 23:57:22,481] {dagbag.py:487} INFO - Filling up the DagBag from /home/airflow/sandbox/lib/python3.8/site-packages/airflow/example_dags/example_branch_day_of_week_operator.py
[2021-09-23 23:57:22,495] {scheduler_job.py:643} INFO - DAG(s) dict_keys(['example_weekday_branch_operator']) retrieved from /home/airflow/sandbox/lib/python3.8/site-packages/airflow/example_dags/example_branch_day_of_week_operator.py
[2021-09-23 23:57:22,555] {logging_mixin.py:104} INFO - [2021-09-23 23:57:22,555] {dag.py:1832} INFO - Sync 1 DAGs
[2021-09-23 23:57:22,585] {logging_mixin.py:104} INFO - [2021-09-23 23:57:22,585] {dag.py:2305} INFO - Setting next_dagrun for example_weekday_branch_operator to 2021-09-21 00:00:00+00:00
[2021-09-23 23:57:22,616] {scheduler_job.py:190} INFO - Processing /home/airflow/sandbox/lib/python3.8/site-packages/airflow/example_dags/example_branch_day_of_week_operator.py took 0.150 seconds
[2021-09-23 23:58:04,081] {scheduler_job.py:182} INFO - Started process (PID=10849) to work on /home/airflow/sandbox/lib/python3.8/site-packages/airflow/example_dags/example_branch_day_of_week_operator.py
[2021-09-23 23:58:04,083] {scheduler_job.py:633} INFO - Processing file /home/airflow/sandbox/lib/python3.8/site-packages/airflow/example_dags/example_branch_day_of_week_operator.py for tasks to queue
[2021-09-23 23:58:04,083] {logging_mixin.py:104} INFO - [2021-09-23 23:58:04,083] {dagbag.py:487} INFO - Filling up the DagBag from /home/airflow/sandbox/lib/python3.8/site-packages/airflow/example_dags/example_branch_day_of_week_operator.py
[2021-09-23 23:58:04,107] {scheduler_job.py:643} INFO - DAG(s) dict_keys(['example_weekday_branch_operator']) retrieved from /home/airflow/sandbox/lib/python3.8/site-packages/airflow/example_dags/example_branch_day_of_week_operator.py
[2021-09-23 23:58:04,148] {logging_mixin.py:104} INFO - [2021-09-23 23:58:04,148] {dag.py:1832} INFO - Sync 1 DAGs
[2021-09-23 23:58:04,193] {logging_mixin.py:104} INFO - [2021-09-23 23:58:04,193] {dag.py:2305} INFO - Setting next_dagrun for example_weekday_branch_operator to 2021-09-21 00:00:00+00:00
[2021-09-23 23:58:04,229] {scheduler_job.py:190} INFO - Processing /home/airflow/sandbox/lib/python3.8/site-packages/airflow/example_dags/example_branch_day_of_week_operator.py took 0.150 seconds
[2021-09-23 23:58:40,436] {scheduler_job.py:182} INFO - Started process (PID=10888) to work on /home/airflow/sandbox/lib/python3.8/site-packages/airflow/example_dags/example_branch_day_of_week_operator.py
[2021-09-23 23:58:40,437] {scheduler_job.py:633} INFO - Processing file /home/airflow/sandbox/lib/python3.8/site-packages/airflow/example_dags/example_branch_day_of_week_operator.py for tasks to queue
[2021-09-23 23:58:40,437] {logging_mixin.py:104} INFO - [2021-09-23 23:58:40,437] {dagbag.py:487} INFO - Filling up the DagBag from /home/airflow/sandbox/lib/python3.8/site-packages/airflow/example_dags/example_branch_day_of_week_operator.py
[2021-09-23 23:58:40,450] {scheduler_job.py:643} INFO - DAG(s) dict_keys(['example_weekday_branch_operator']) retrieved from /home/airflow/sandbox/lib/python3.8/site-packages/airflow/example_dags/example_branch_day_of_week_operator.py
[2021-09-23 23:58:40,467] {logging_mixin.py:104} INFO - [2021-09-23 23:58:40,467] {dag.py:1832} INFO - Sync 1 DAGs
[2021-09-23 23:58:40,481] {logging_mixin.py:104} INFO - [2021-09-23 23:58:40,481] {dag.py:2305} INFO - Setting next_dagrun for example_weekday_branch_operator to 2021-09-21 00:00:00+00:00
[2021-09-23 23:58:40,506] {scheduler_job.py:190} INFO - Processing /home/airflow/sandbox/lib/python3.8/site-packages/airflow/example_dags/example_branch_day_of_week_operator.py took 0.073 seconds
[2021-09-23 23:59:17,435] {scheduler_job.py:182} INFO - Started process (PID=10923) to work on /home/airflow/sandbox/lib/python3.8/site-packages/airflow/example_dags/example_branch_day_of_week_operator.py
[2021-09-23 23:59:17,436] {scheduler_job.py:633} INFO - Processing file /home/airflow/sandbox/lib/python3.8/site-packages/airflow/example_dags/example_branch_day_of_week_operator.py for tasks to queue
[2021-09-23 23:59:17,437] {logging_mixin.py:104} INFO - [2021-09-23 23:59:17,437] {dagbag.py:487} INFO - Filling up the DagBag from /home/airflow/sandbox/lib/python3.8/site-packages/airflow/example_dags/example_branch_day_of_week_operator.py
[2021-09-23 23:59:17,451] {scheduler_job.py:643} INFO - DAG(s) dict_keys(['example_weekday_branch_operator']) retrieved from /home/airflow/sandbox/lib/python3.8/site-packages/airflow/example_dags/example_branch_day_of_week_operator.py
[2021-09-23 23:59:17,466] {logging_mixin.py:104} INFO - [2021-09-23 23:59:17,466] {dag.py:1832} INFO - Sync 1 DAGs
[2021-09-23 23:59:17,481] {logging_mixin.py:104} INFO - [2021-09-23 23:59:17,480] {dag.py:2305} INFO - Setting next_dagrun for example_weekday_branch_operator to 2021-09-21 00:00:00+00:00
[2021-09-23 23:59:17,502] {scheduler_job.py:190} INFO - Processing /home/airflow/sandbox/lib/python3.8/site-packages/airflow/example_dags/example_branch_day_of_week_operator.py took 0.069 seconds
[2021-09-23 23:59:53,321] {scheduler_job.py:182} INFO - Started process (PID=10957) to work on /home/airflow/sandbox/lib/python3.8/site-packages/airflow/example_dags/example_branch_day_of_week_operator.py
[2021-09-23 23:59:53,323] {scheduler_job.py:633} INFO - Processing file /home/airflow/sandbox/lib/python3.8/site-packages/airflow/example_dags/example_branch_day_of_week_operator.py for tasks to queue
[2021-09-23 23:59:53,323] {logging_mixin.py:104} INFO - [2021-09-23 23:59:53,323] {dagbag.py:487} INFO - Filling up the DagBag from /home/airflow/sandbox/lib/python3.8/site-packages/airflow/example_dags/example_branch_day_of_week_operator.py
[2021-09-23 23:59:53,335] {scheduler_job.py:643} INFO - DAG(s) dict_keys(['example_weekday_branch_operator']) retrieved from /home/airflow/sandbox/lib/python3.8/site-packages/airflow/example_dags/example_branch_day_of_week_operator.py
[2021-09-23 23:59:53,352] {logging_mixin.py:104} INFO - [2021-09-23 23:59:53,352] {dag.py:1832} INFO - Sync 1 DAGs
[2021-09-23 23:59:53,365] {logging_mixin.py:104} INFO - [2021-09-23 23:59:53,365] {dag.py:2305} INFO - Setting next_dagrun for example_weekday_branch_operator to 2021-09-21 00:00:00+00:00
[2021-09-23 23:59:53,387] {scheduler_job.py:190} INFO - Processing /home/airflow/sandbox/lib/python3.8/site-packages/airflow/example_dags/example_branch_day_of_week_operator.py took 0.068 seconds
