[2021-09-23 22:54:46,365] {scheduler_job.py:182} INFO - Started process (PID=4743) to work on /home/airflow/sandbox/lib/python3.8/site-packages/airflow/example_dags/example_trigger_target_dag.py
[2021-09-23 22:54:46,366] {scheduler_job.py:633} INFO - Processing file /home/airflow/sandbox/lib/python3.8/site-packages/airflow/example_dags/example_trigger_target_dag.py for tasks to queue
[2021-09-23 22:54:46,367] {logging_mixin.py:104} INFO - [2021-09-23 22:54:46,367] {dagbag.py:487} INFO - Filling up the DagBag from /home/airflow/sandbox/lib/python3.8/site-packages/airflow/example_dags/example_trigger_target_dag.py
[2021-09-23 22:54:46,382] {scheduler_job.py:643} INFO - DAG(s) dict_keys(['example_trigger_target_dag']) retrieved from /home/airflow/sandbox/lib/python3.8/site-packages/airflow/example_dags/example_trigger_target_dag.py
[2021-09-23 22:54:46,722] {logging_mixin.py:104} INFO - [2021-09-23 22:54:46,722] {dag.py:1832} INFO - Sync 1 DAGs
[2021-09-23 22:54:46,740] {logging_mixin.py:104} INFO - [2021-09-23 22:54:46,740] {dag.py:2305} INFO - Setting next_dagrun for example_trigger_target_dag to None
[2021-09-23 22:54:46,759] {scheduler_job.py:190} INFO - Processing /home/airflow/sandbox/lib/python3.8/site-packages/airflow/example_dags/example_trigger_target_dag.py took 0.397 seconds
[2021-09-23 22:57:50,882] {scheduler_job.py:182} INFO - Started process (PID=5999) to work on /home/airflow/sandbox/lib/python3.8/site-packages/airflow/example_dags/example_trigger_target_dag.py
[2021-09-23 22:57:50,883] {scheduler_job.py:633} INFO - Processing file /home/airflow/sandbox/lib/python3.8/site-packages/airflow/example_dags/example_trigger_target_dag.py for tasks to queue
[2021-09-23 22:57:50,884] {logging_mixin.py:104} INFO - [2021-09-23 22:57:50,884] {dagbag.py:487} INFO - Filling up the DagBag from /home/airflow/sandbox/lib/python3.8/site-packages/airflow/example_dags/example_trigger_target_dag.py
[2021-09-23 22:57:50,898] {scheduler_job.py:643} INFO - DAG(s) dict_keys(['example_trigger_target_dag']) retrieved from /home/airflow/sandbox/lib/python3.8/site-packages/airflow/example_dags/example_trigger_target_dag.py
[2021-09-23 22:57:50,915] {logging_mixin.py:104} INFO - [2021-09-23 22:57:50,915] {dag.py:1832} INFO - Sync 1 DAGs
[2021-09-23 22:57:50,927] {logging_mixin.py:104} INFO - [2021-09-23 22:57:50,927] {dag.py:2305} INFO - Setting next_dagrun for example_trigger_target_dag to None
[2021-09-23 22:57:50,949] {scheduler_job.py:190} INFO - Processing /home/airflow/sandbox/lib/python3.8/site-packages/airflow/example_dags/example_trigger_target_dag.py took 0.069 seconds
[2021-09-23 22:58:26,121] {scheduler_job.py:182} INFO - Started process (PID=6107) to work on /home/airflow/sandbox/lib/python3.8/site-packages/airflow/example_dags/example_trigger_target_dag.py
[2021-09-23 22:58:26,122] {scheduler_job.py:633} INFO - Processing file /home/airflow/sandbox/lib/python3.8/site-packages/airflow/example_dags/example_trigger_target_dag.py for tasks to queue
[2021-09-23 22:58:26,123] {logging_mixin.py:104} INFO - [2021-09-23 22:58:26,123] {dagbag.py:487} INFO - Filling up the DagBag from /home/airflow/sandbox/lib/python3.8/site-packages/airflow/example_dags/example_trigger_target_dag.py
[2021-09-23 22:58:26,134] {scheduler_job.py:643} INFO - DAG(s) dict_keys(['example_trigger_target_dag']) retrieved from /home/airflow/sandbox/lib/python3.8/site-packages/airflow/example_dags/example_trigger_target_dag.py
[2021-09-23 22:58:26,146] {logging_mixin.py:104} INFO - [2021-09-23 22:58:26,146] {dag.py:1832} INFO - Sync 1 DAGs
[2021-09-23 22:58:26,162] {logging_mixin.py:104} INFO - [2021-09-23 22:58:26,162] {dag.py:2305} INFO - Setting next_dagrun for example_trigger_target_dag to None
[2021-09-23 22:58:26,182] {scheduler_job.py:190} INFO - Processing /home/airflow/sandbox/lib/python3.8/site-packages/airflow/example_dags/example_trigger_target_dag.py took 0.063 seconds
[2021-09-23 22:59:01,239] {scheduler_job.py:182} INFO - Started process (PID=6199) to work on /home/airflow/sandbox/lib/python3.8/site-packages/airflow/example_dags/example_trigger_target_dag.py
[2021-09-23 22:59:01,240] {scheduler_job.py:633} INFO - Processing file /home/airflow/sandbox/lib/python3.8/site-packages/airflow/example_dags/example_trigger_target_dag.py for tasks to queue
[2021-09-23 22:59:01,240] {logging_mixin.py:104} INFO - [2021-09-23 22:59:01,240] {dagbag.py:487} INFO - Filling up the DagBag from /home/airflow/sandbox/lib/python3.8/site-packages/airflow/example_dags/example_trigger_target_dag.py
[2021-09-23 22:59:01,254] {scheduler_job.py:643} INFO - DAG(s) dict_keys(['example_trigger_target_dag']) retrieved from /home/airflow/sandbox/lib/python3.8/site-packages/airflow/example_dags/example_trigger_target_dag.py
[2021-09-23 22:59:01,274] {logging_mixin.py:104} INFO - [2021-09-23 22:59:01,274] {dag.py:1832} INFO - Sync 1 DAGs
[2021-09-23 22:59:01,286] {logging_mixin.py:104} INFO - [2021-09-23 22:59:01,286] {dag.py:2305} INFO - Setting next_dagrun for example_trigger_target_dag to None
[2021-09-23 22:59:01,306] {scheduler_job.py:190} INFO - Processing /home/airflow/sandbox/lib/python3.8/site-packages/airflow/example_dags/example_trigger_target_dag.py took 0.070 seconds
[2021-09-23 22:59:35,371] {scheduler_job.py:182} INFO - Started process (PID=6232) to work on /home/airflow/sandbox/lib/python3.8/site-packages/airflow/example_dags/example_trigger_target_dag.py
[2021-09-23 22:59:35,372] {scheduler_job.py:633} INFO - Processing file /home/airflow/sandbox/lib/python3.8/site-packages/airflow/example_dags/example_trigger_target_dag.py for tasks to queue
[2021-09-23 22:59:35,372] {logging_mixin.py:104} INFO - [2021-09-23 22:59:35,372] {dagbag.py:487} INFO - Filling up the DagBag from /home/airflow/sandbox/lib/python3.8/site-packages/airflow/example_dags/example_trigger_target_dag.py
[2021-09-23 22:59:35,387] {scheduler_job.py:643} INFO - DAG(s) dict_keys(['example_trigger_target_dag']) retrieved from /home/airflow/sandbox/lib/python3.8/site-packages/airflow/example_dags/example_trigger_target_dag.py
[2021-09-23 22:59:35,405] {logging_mixin.py:104} INFO - [2021-09-23 22:59:35,405] {dag.py:1832} INFO - Sync 1 DAGs
[2021-09-23 22:59:35,419] {logging_mixin.py:104} INFO - [2021-09-23 22:59:35,419] {dag.py:2305} INFO - Setting next_dagrun for example_trigger_target_dag to None
[2021-09-23 22:59:35,441] {scheduler_job.py:190} INFO - Processing /home/airflow/sandbox/lib/python3.8/site-packages/airflow/example_dags/example_trigger_target_dag.py took 0.073 seconds
[2021-09-23 23:00:10,398] {scheduler_job.py:182} INFO - Started process (PID=6265) to work on /home/airflow/sandbox/lib/python3.8/site-packages/airflow/example_dags/example_trigger_target_dag.py
[2021-09-23 23:00:10,399] {scheduler_job.py:633} INFO - Processing file /home/airflow/sandbox/lib/python3.8/site-packages/airflow/example_dags/example_trigger_target_dag.py for tasks to queue
[2021-09-23 23:00:10,401] {logging_mixin.py:104} INFO - [2021-09-23 23:00:10,399] {dagbag.py:487} INFO - Filling up the DagBag from /home/airflow/sandbox/lib/python3.8/site-packages/airflow/example_dags/example_trigger_target_dag.py
[2021-09-23 23:00:10,414] {scheduler_job.py:643} INFO - DAG(s) dict_keys(['example_trigger_target_dag']) retrieved from /home/airflow/sandbox/lib/python3.8/site-packages/airflow/example_dags/example_trigger_target_dag.py
[2021-09-23 23:00:10,428] {logging_mixin.py:104} INFO - [2021-09-23 23:00:10,428] {dag.py:1832} INFO - Sync 1 DAGs
[2021-09-23 23:00:10,442] {logging_mixin.py:104} INFO - [2021-09-23 23:00:10,442] {dag.py:2305} INFO - Setting next_dagrun for example_trigger_target_dag to None
[2021-09-23 23:00:10,462] {scheduler_job.py:190} INFO - Processing /home/airflow/sandbox/lib/python3.8/site-packages/airflow/example_dags/example_trigger_target_dag.py took 0.067 seconds
[2021-09-23 23:00:43,140] {scheduler_job.py:182} INFO - Started process (PID=6339) to work on /home/airflow/sandbox/lib/python3.8/site-packages/airflow/example_dags/example_trigger_target_dag.py
[2021-09-23 23:00:43,141] {scheduler_job.py:633} INFO - Processing file /home/airflow/sandbox/lib/python3.8/site-packages/airflow/example_dags/example_trigger_target_dag.py for tasks to queue
[2021-09-23 23:00:43,141] {logging_mixin.py:104} INFO - [2021-09-23 23:00:43,141] {dagbag.py:487} INFO - Filling up the DagBag from /home/airflow/sandbox/lib/python3.8/site-packages/airflow/example_dags/example_trigger_target_dag.py
[2021-09-23 23:00:43,153] {scheduler_job.py:643} INFO - DAG(s) dict_keys(['example_trigger_target_dag']) retrieved from /home/airflow/sandbox/lib/python3.8/site-packages/airflow/example_dags/example_trigger_target_dag.py
[2021-09-23 23:00:43,167] {logging_mixin.py:104} INFO - [2021-09-23 23:00:43,167] {dag.py:1832} INFO - Sync 1 DAGs
[2021-09-23 23:00:43,181] {logging_mixin.py:104} INFO - [2021-09-23 23:00:43,181] {dag.py:2305} INFO - Setting next_dagrun for example_trigger_target_dag to None
[2021-09-23 23:00:43,202] {scheduler_job.py:190} INFO - Processing /home/airflow/sandbox/lib/python3.8/site-packages/airflow/example_dags/example_trigger_target_dag.py took 0.064 seconds
[2021-09-23 23:01:23,140] {scheduler_job.py:182} INFO - Started process (PID=6374) to work on /home/airflow/sandbox/lib/python3.8/site-packages/airflow/example_dags/example_trigger_target_dag.py
[2021-09-23 23:01:23,141] {scheduler_job.py:633} INFO - Processing file /home/airflow/sandbox/lib/python3.8/site-packages/airflow/example_dags/example_trigger_target_dag.py for tasks to queue
[2021-09-23 23:01:23,141] {logging_mixin.py:104} INFO - [2021-09-23 23:01:23,141] {dagbag.py:487} INFO - Filling up the DagBag from /home/airflow/sandbox/lib/python3.8/site-packages/airflow/example_dags/example_trigger_target_dag.py
[2021-09-23 23:01:23,155] {scheduler_job.py:643} INFO - DAG(s) dict_keys(['example_trigger_target_dag']) retrieved from /home/airflow/sandbox/lib/python3.8/site-packages/airflow/example_dags/example_trigger_target_dag.py
[2021-09-23 23:01:23,176] {logging_mixin.py:104} INFO - [2021-09-23 23:01:23,176] {dag.py:1832} INFO - Sync 1 DAGs
[2021-09-23 23:01:23,188] {logging_mixin.py:104} INFO - [2021-09-23 23:01:23,187] {dag.py:2305} INFO - Setting next_dagrun for example_trigger_target_dag to None
[2021-09-23 23:01:23,210] {scheduler_job.py:190} INFO - Processing /home/airflow/sandbox/lib/python3.8/site-packages/airflow/example_dags/example_trigger_target_dag.py took 0.072 seconds
[2021-09-23 23:02:02,059] {scheduler_job.py:182} INFO - Started process (PID=6478) to work on /home/airflow/sandbox/lib/python3.8/site-packages/airflow/example_dags/example_trigger_target_dag.py
[2021-09-23 23:02:02,060] {scheduler_job.py:633} INFO - Processing file /home/airflow/sandbox/lib/python3.8/site-packages/airflow/example_dags/example_trigger_target_dag.py for tasks to queue
[2021-09-23 23:02:02,061] {logging_mixin.py:104} INFO - [2021-09-23 23:02:02,061] {dagbag.py:487} INFO - Filling up the DagBag from /home/airflow/sandbox/lib/python3.8/site-packages/airflow/example_dags/example_trigger_target_dag.py
[2021-09-23 23:02:02,088] {scheduler_job.py:643} INFO - DAG(s) dict_keys(['example_trigger_target_dag']) retrieved from /home/airflow/sandbox/lib/python3.8/site-packages/airflow/example_dags/example_trigger_target_dag.py
[2021-09-23 23:02:02,106] {logging_mixin.py:104} INFO - [2021-09-23 23:02:02,106] {dag.py:1832} INFO - Sync 1 DAGs
[2021-09-23 23:02:02,121] {logging_mixin.py:104} INFO - [2021-09-23 23:02:02,120] {dag.py:2305} INFO - Setting next_dagrun for example_trigger_target_dag to None
[2021-09-23 23:02:02,146] {scheduler_job.py:190} INFO - Processing /home/airflow/sandbox/lib/python3.8/site-packages/airflow/example_dags/example_trigger_target_dag.py took 0.089 seconds
[2021-09-23 23:02:37,161] {scheduler_job.py:182} INFO - Started process (PID=6550) to work on /home/airflow/sandbox/lib/python3.8/site-packages/airflow/example_dags/example_trigger_target_dag.py
[2021-09-23 23:02:37,163] {scheduler_job.py:633} INFO - Processing file /home/airflow/sandbox/lib/python3.8/site-packages/airflow/example_dags/example_trigger_target_dag.py for tasks to queue
[2021-09-23 23:02:37,164] {logging_mixin.py:104} INFO - [2021-09-23 23:02:37,164] {dagbag.py:487} INFO - Filling up the DagBag from /home/airflow/sandbox/lib/python3.8/site-packages/airflow/example_dags/example_trigger_target_dag.py
[2021-09-23 23:02:37,179] {scheduler_job.py:643} INFO - DAG(s) dict_keys(['example_trigger_target_dag']) retrieved from /home/airflow/sandbox/lib/python3.8/site-packages/airflow/example_dags/example_trigger_target_dag.py
[2021-09-23 23:02:37,198] {logging_mixin.py:104} INFO - [2021-09-23 23:02:37,198] {dag.py:1832} INFO - Sync 1 DAGs
[2021-09-23 23:02:37,213] {logging_mixin.py:104} INFO - [2021-09-23 23:02:37,213] {dag.py:2305} INFO - Setting next_dagrun for example_trigger_target_dag to None
[2021-09-23 23:02:37,234] {scheduler_job.py:190} INFO - Processing /home/airflow/sandbox/lib/python3.8/site-packages/airflow/example_dags/example_trigger_target_dag.py took 0.075 seconds
[2021-09-23 23:03:11,513] {scheduler_job.py:182} INFO - Started process (PID=6584) to work on /home/airflow/sandbox/lib/python3.8/site-packages/airflow/example_dags/example_trigger_target_dag.py
[2021-09-23 23:03:11,514] {scheduler_job.py:633} INFO - Processing file /home/airflow/sandbox/lib/python3.8/site-packages/airflow/example_dags/example_trigger_target_dag.py for tasks to queue
[2021-09-23 23:03:11,514] {logging_mixin.py:104} INFO - [2021-09-23 23:03:11,514] {dagbag.py:487} INFO - Filling up the DagBag from /home/airflow/sandbox/lib/python3.8/site-packages/airflow/example_dags/example_trigger_target_dag.py
[2021-09-23 23:03:11,531] {scheduler_job.py:643} INFO - DAG(s) dict_keys(['example_trigger_target_dag']) retrieved from /home/airflow/sandbox/lib/python3.8/site-packages/airflow/example_dags/example_trigger_target_dag.py
[2021-09-23 23:03:11,545] {logging_mixin.py:104} INFO - [2021-09-23 23:03:11,545] {dag.py:1832} INFO - Sync 1 DAGs
[2021-09-23 23:03:11,559] {logging_mixin.py:104} INFO - [2021-09-23 23:03:11,559] {dag.py:2305} INFO - Setting next_dagrun for example_trigger_target_dag to None
[2021-09-23 23:03:11,584] {scheduler_job.py:190} INFO - Processing /home/airflow/sandbox/lib/python3.8/site-packages/airflow/example_dags/example_trigger_target_dag.py took 0.073 seconds
[2021-09-23 23:03:46,483] {scheduler_job.py:182} INFO - Started process (PID=6858) to work on /home/airflow/sandbox/lib/python3.8/site-packages/airflow/example_dags/example_trigger_target_dag.py
[2021-09-23 23:03:46,484] {scheduler_job.py:633} INFO - Processing file /home/airflow/sandbox/lib/python3.8/site-packages/airflow/example_dags/example_trigger_target_dag.py for tasks to queue
[2021-09-23 23:03:46,484] {logging_mixin.py:104} INFO - [2021-09-23 23:03:46,484] {dagbag.py:487} INFO - Filling up the DagBag from /home/airflow/sandbox/lib/python3.8/site-packages/airflow/example_dags/example_trigger_target_dag.py
[2021-09-23 23:03:46,497] {scheduler_job.py:643} INFO - DAG(s) dict_keys(['example_trigger_target_dag']) retrieved from /home/airflow/sandbox/lib/python3.8/site-packages/airflow/example_dags/example_trigger_target_dag.py
[2021-09-23 23:03:46,513] {logging_mixin.py:104} INFO - [2021-09-23 23:03:46,512] {dag.py:1832} INFO - Sync 1 DAGs
[2021-09-23 23:03:46,523] {logging_mixin.py:104} INFO - [2021-09-23 23:03:46,522] {dag.py:2305} INFO - Setting next_dagrun for example_trigger_target_dag to None
[2021-09-23 23:03:46,549] {scheduler_job.py:190} INFO - Processing /home/airflow/sandbox/lib/python3.8/site-packages/airflow/example_dags/example_trigger_target_dag.py took 0.069 seconds
[2021-09-23 23:04:22,548] {scheduler_job.py:182} INFO - Started process (PID=6916) to work on /home/airflow/sandbox/lib/python3.8/site-packages/airflow/example_dags/example_trigger_target_dag.py
[2021-09-23 23:04:22,550] {scheduler_job.py:633} INFO - Processing file /home/airflow/sandbox/lib/python3.8/site-packages/airflow/example_dags/example_trigger_target_dag.py for tasks to queue
[2021-09-23 23:04:22,550] {logging_mixin.py:104} INFO - [2021-09-23 23:04:22,550] {dagbag.py:487} INFO - Filling up the DagBag from /home/airflow/sandbox/lib/python3.8/site-packages/airflow/example_dags/example_trigger_target_dag.py
[2021-09-23 23:04:22,562] {scheduler_job.py:643} INFO - DAG(s) dict_keys(['example_trigger_target_dag']) retrieved from /home/airflow/sandbox/lib/python3.8/site-packages/airflow/example_dags/example_trigger_target_dag.py
[2021-09-23 23:04:22,575] {logging_mixin.py:104} INFO - [2021-09-23 23:04:22,575] {dag.py:1832} INFO - Sync 1 DAGs
[2021-09-23 23:04:22,585] {logging_mixin.py:104} INFO - [2021-09-23 23:04:22,585] {dag.py:2305} INFO - Setting next_dagrun for example_trigger_target_dag to None
[2021-09-23 23:04:22,605] {scheduler_job.py:190} INFO - Processing /home/airflow/sandbox/lib/python3.8/site-packages/airflow/example_dags/example_trigger_target_dag.py took 0.060 seconds
[2021-09-23 23:04:55,582] {scheduler_job.py:182} INFO - Started process (PID=6949) to work on /home/airflow/sandbox/lib/python3.8/site-packages/airflow/example_dags/example_trigger_target_dag.py
[2021-09-23 23:04:55,583] {scheduler_job.py:633} INFO - Processing file /home/airflow/sandbox/lib/python3.8/site-packages/airflow/example_dags/example_trigger_target_dag.py for tasks to queue
[2021-09-23 23:04:55,583] {logging_mixin.py:104} INFO - [2021-09-23 23:04:55,583] {dagbag.py:487} INFO - Filling up the DagBag from /home/airflow/sandbox/lib/python3.8/site-packages/airflow/example_dags/example_trigger_target_dag.py
[2021-09-23 23:04:55,595] {scheduler_job.py:643} INFO - DAG(s) dict_keys(['example_trigger_target_dag']) retrieved from /home/airflow/sandbox/lib/python3.8/site-packages/airflow/example_dags/example_trigger_target_dag.py
[2021-09-23 23:04:55,615] {logging_mixin.py:104} INFO - [2021-09-23 23:04:55,615] {dag.py:1832} INFO - Sync 1 DAGs
[2021-09-23 23:04:55,626] {logging_mixin.py:104} INFO - [2021-09-23 23:04:55,626] {dag.py:2305} INFO - Setting next_dagrun for example_trigger_target_dag to None
[2021-09-23 23:04:55,647] {scheduler_job.py:190} INFO - Processing /home/airflow/sandbox/lib/python3.8/site-packages/airflow/example_dags/example_trigger_target_dag.py took 0.068 seconds
[2021-09-23 23:05:31,136] {scheduler_job.py:182} INFO - Started process (PID=7051) to work on /home/airflow/sandbox/lib/python3.8/site-packages/airflow/example_dags/example_trigger_target_dag.py
[2021-09-23 23:05:31,137] {scheduler_job.py:633} INFO - Processing file /home/airflow/sandbox/lib/python3.8/site-packages/airflow/example_dags/example_trigger_target_dag.py for tasks to queue
[2021-09-23 23:05:31,138] {logging_mixin.py:104} INFO - [2021-09-23 23:05:31,138] {dagbag.py:487} INFO - Filling up the DagBag from /home/airflow/sandbox/lib/python3.8/site-packages/airflow/example_dags/example_trigger_target_dag.py
[2021-09-23 23:05:31,152] {scheduler_job.py:643} INFO - DAG(s) dict_keys(['example_trigger_target_dag']) retrieved from /home/airflow/sandbox/lib/python3.8/site-packages/airflow/example_dags/example_trigger_target_dag.py
[2021-09-23 23:05:31,165] {logging_mixin.py:104} INFO - [2021-09-23 23:05:31,165] {dag.py:1832} INFO - Sync 1 DAGs
[2021-09-23 23:05:31,177] {logging_mixin.py:104} INFO - [2021-09-23 23:05:31,177] {dag.py:2305} INFO - Setting next_dagrun for example_trigger_target_dag to None
[2021-09-23 23:05:31,196] {scheduler_job.py:190} INFO - Processing /home/airflow/sandbox/lib/python3.8/site-packages/airflow/example_dags/example_trigger_target_dag.py took 0.062 seconds
[2021-09-23 23:06:08,182] {scheduler_job.py:182} INFO - Started process (PID=7151) to work on /home/airflow/sandbox/lib/python3.8/site-packages/airflow/example_dags/example_trigger_target_dag.py
[2021-09-23 23:06:08,183] {scheduler_job.py:633} INFO - Processing file /home/airflow/sandbox/lib/python3.8/site-packages/airflow/example_dags/example_trigger_target_dag.py for tasks to queue
[2021-09-23 23:06:08,184] {logging_mixin.py:104} INFO - [2021-09-23 23:06:08,184] {dagbag.py:487} INFO - Filling up the DagBag from /home/airflow/sandbox/lib/python3.8/site-packages/airflow/example_dags/example_trigger_target_dag.py
[2021-09-23 23:06:08,199] {scheduler_job.py:643} INFO - DAG(s) dict_keys(['example_trigger_target_dag']) retrieved from /home/airflow/sandbox/lib/python3.8/site-packages/airflow/example_dags/example_trigger_target_dag.py
[2021-09-23 23:06:08,223] {logging_mixin.py:104} INFO - [2021-09-23 23:06:08,223] {dag.py:1832} INFO - Sync 1 DAGs
[2021-09-23 23:06:08,239] {logging_mixin.py:104} INFO - [2021-09-23 23:06:08,239] {dag.py:2305} INFO - Setting next_dagrun for example_trigger_target_dag to None
[2021-09-23 23:06:08,266] {scheduler_job.py:190} INFO - Processing /home/airflow/sandbox/lib/python3.8/site-packages/airflow/example_dags/example_trigger_target_dag.py took 0.087 seconds
[2021-09-23 23:06:45,628] {scheduler_job.py:182} INFO - Started process (PID=7284) to work on /home/airflow/sandbox/lib/python3.8/site-packages/airflow/example_dags/example_trigger_target_dag.py
[2021-09-23 23:06:45,631] {scheduler_job.py:633} INFO - Processing file /home/airflow/sandbox/lib/python3.8/site-packages/airflow/example_dags/example_trigger_target_dag.py for tasks to queue
[2021-09-23 23:06:45,632] {logging_mixin.py:104} INFO - [2021-09-23 23:06:45,632] {dagbag.py:487} INFO - Filling up the DagBag from /home/airflow/sandbox/lib/python3.8/site-packages/airflow/example_dags/example_trigger_target_dag.py
[2021-09-23 23:06:45,645] {scheduler_job.py:643} INFO - DAG(s) dict_keys(['example_trigger_target_dag']) retrieved from /home/airflow/sandbox/lib/python3.8/site-packages/airflow/example_dags/example_trigger_target_dag.py
[2021-09-23 23:06:45,677] {logging_mixin.py:104} INFO - [2021-09-23 23:06:45,677] {dag.py:1832} INFO - Sync 1 DAGs
[2021-09-23 23:06:45,701] {logging_mixin.py:104} INFO - [2021-09-23 23:06:45,701] {dag.py:2305} INFO - Setting next_dagrun for example_trigger_target_dag to None
[2021-09-23 23:06:45,721] {scheduler_job.py:190} INFO - Processing /home/airflow/sandbox/lib/python3.8/site-packages/airflow/example_dags/example_trigger_target_dag.py took 0.096 seconds
[2021-09-23 23:07:21,000] {scheduler_job.py:182} INFO - Started process (PID=7360) to work on /home/airflow/sandbox/lib/python3.8/site-packages/airflow/example_dags/example_trigger_target_dag.py
[2021-09-23 23:07:21,000] {scheduler_job.py:633} INFO - Processing file /home/airflow/sandbox/lib/python3.8/site-packages/airflow/example_dags/example_trigger_target_dag.py for tasks to queue
[2021-09-23 23:07:21,001] {logging_mixin.py:104} INFO - [2021-09-23 23:07:21,001] {dagbag.py:487} INFO - Filling up the DagBag from /home/airflow/sandbox/lib/python3.8/site-packages/airflow/example_dags/example_trigger_target_dag.py
[2021-09-23 23:07:21,014] {scheduler_job.py:643} INFO - DAG(s) dict_keys(['example_trigger_target_dag']) retrieved from /home/airflow/sandbox/lib/python3.8/site-packages/airflow/example_dags/example_trigger_target_dag.py
[2021-09-23 23:07:21,028] {logging_mixin.py:104} INFO - [2021-09-23 23:07:21,027] {dag.py:1832} INFO - Sync 1 DAGs
[2021-09-23 23:07:21,039] {logging_mixin.py:104} INFO - [2021-09-23 23:07:21,039] {dag.py:2305} INFO - Setting next_dagrun for example_trigger_target_dag to None
[2021-09-23 23:07:21,059] {scheduler_job.py:190} INFO - Processing /home/airflow/sandbox/lib/python3.8/site-packages/airflow/example_dags/example_trigger_target_dag.py took 0.074 seconds
[2021-09-23 23:07:53,716] {scheduler_job.py:182} INFO - Started process (PID=7392) to work on /home/airflow/sandbox/lib/python3.8/site-packages/airflow/example_dags/example_trigger_target_dag.py
[2021-09-23 23:07:53,717] {scheduler_job.py:633} INFO - Processing file /home/airflow/sandbox/lib/python3.8/site-packages/airflow/example_dags/example_trigger_target_dag.py for tasks to queue
[2021-09-23 23:07:53,718] {logging_mixin.py:104} INFO - [2021-09-23 23:07:53,718] {dagbag.py:487} INFO - Filling up the DagBag from /home/airflow/sandbox/lib/python3.8/site-packages/airflow/example_dags/example_trigger_target_dag.py
[2021-09-23 23:07:53,730] {scheduler_job.py:643} INFO - DAG(s) dict_keys(['example_trigger_target_dag']) retrieved from /home/airflow/sandbox/lib/python3.8/site-packages/airflow/example_dags/example_trigger_target_dag.py
[2021-09-23 23:07:53,745] {logging_mixin.py:104} INFO - [2021-09-23 23:07:53,745] {dag.py:1832} INFO - Sync 1 DAGs
[2021-09-23 23:07:53,756] {logging_mixin.py:104} INFO - [2021-09-23 23:07:53,756] {dag.py:2305} INFO - Setting next_dagrun for example_trigger_target_dag to None
[2021-09-23 23:07:53,779] {scheduler_job.py:190} INFO - Processing /home/airflow/sandbox/lib/python3.8/site-packages/airflow/example_dags/example_trigger_target_dag.py took 0.065 seconds
[2021-09-23 23:08:27,989] {scheduler_job.py:182} INFO - Started process (PID=7426) to work on /home/airflow/sandbox/lib/python3.8/site-packages/airflow/example_dags/example_trigger_target_dag.py
[2021-09-23 23:08:27,990] {scheduler_job.py:633} INFO - Processing file /home/airflow/sandbox/lib/python3.8/site-packages/airflow/example_dags/example_trigger_target_dag.py for tasks to queue
[2021-09-23 23:08:27,990] {logging_mixin.py:104} INFO - [2021-09-23 23:08:27,990] {dagbag.py:487} INFO - Filling up the DagBag from /home/airflow/sandbox/lib/python3.8/site-packages/airflow/example_dags/example_trigger_target_dag.py
[2021-09-23 23:08:28,005] {scheduler_job.py:643} INFO - DAG(s) dict_keys(['example_trigger_target_dag']) retrieved from /home/airflow/sandbox/lib/python3.8/site-packages/airflow/example_dags/example_trigger_target_dag.py
[2021-09-23 23:08:28,019] {logging_mixin.py:104} INFO - [2021-09-23 23:08:28,018] {dag.py:1832} INFO - Sync 1 DAGs
[2021-09-23 23:08:28,032] {logging_mixin.py:104} INFO - [2021-09-23 23:08:28,032] {dag.py:2305} INFO - Setting next_dagrun for example_trigger_target_dag to None
[2021-09-23 23:08:28,051] {scheduler_job.py:190} INFO - Processing /home/airflow/sandbox/lib/python3.8/site-packages/airflow/example_dags/example_trigger_target_dag.py took 0.065 seconds
[2021-09-23 23:09:02,004] {scheduler_job.py:182} INFO - Started process (PID=7549) to work on /home/airflow/sandbox/lib/python3.8/site-packages/airflow/example_dags/example_trigger_target_dag.py
[2021-09-23 23:09:02,005] {scheduler_job.py:633} INFO - Processing file /home/airflow/sandbox/lib/python3.8/site-packages/airflow/example_dags/example_trigger_target_dag.py for tasks to queue
[2021-09-23 23:09:02,006] {logging_mixin.py:104} INFO - [2021-09-23 23:09:02,006] {dagbag.py:487} INFO - Filling up the DagBag from /home/airflow/sandbox/lib/python3.8/site-packages/airflow/example_dags/example_trigger_target_dag.py
[2021-09-23 23:09:02,028] {scheduler_job.py:643} INFO - DAG(s) dict_keys(['example_trigger_target_dag']) retrieved from /home/airflow/sandbox/lib/python3.8/site-packages/airflow/example_dags/example_trigger_target_dag.py
[2021-09-23 23:09:02,043] {logging_mixin.py:104} INFO - [2021-09-23 23:09:02,042] {dag.py:1832} INFO - Sync 1 DAGs
[2021-09-23 23:09:02,057] {logging_mixin.py:104} INFO - [2021-09-23 23:09:02,056] {dag.py:2305} INFO - Setting next_dagrun for example_trigger_target_dag to None
[2021-09-23 23:09:02,078] {scheduler_job.py:190} INFO - Processing /home/airflow/sandbox/lib/python3.8/site-packages/airflow/example_dags/example_trigger_target_dag.py took 0.076 seconds
[2021-09-23 23:09:34,902] {scheduler_job.py:182} INFO - Started process (PID=7612) to work on /home/airflow/sandbox/lib/python3.8/site-packages/airflow/example_dags/example_trigger_target_dag.py
[2021-09-23 23:09:34,903] {scheduler_job.py:633} INFO - Processing file /home/airflow/sandbox/lib/python3.8/site-packages/airflow/example_dags/example_trigger_target_dag.py for tasks to queue
[2021-09-23 23:09:34,904] {logging_mixin.py:104} INFO - [2021-09-23 23:09:34,903] {dagbag.py:487} INFO - Filling up the DagBag from /home/airflow/sandbox/lib/python3.8/site-packages/airflow/example_dags/example_trigger_target_dag.py
[2021-09-23 23:09:34,915] {scheduler_job.py:643} INFO - DAG(s) dict_keys(['example_trigger_target_dag']) retrieved from /home/airflow/sandbox/lib/python3.8/site-packages/airflow/example_dags/example_trigger_target_dag.py
[2021-09-23 23:09:34,928] {logging_mixin.py:104} INFO - [2021-09-23 23:09:34,927] {dag.py:1832} INFO - Sync 1 DAGs
[2021-09-23 23:09:34,941] {logging_mixin.py:104} INFO - [2021-09-23 23:09:34,939] {dag.py:2305} INFO - Setting next_dagrun for example_trigger_target_dag to None
[2021-09-23 23:09:34,958] {scheduler_job.py:190} INFO - Processing /home/airflow/sandbox/lib/python3.8/site-packages/airflow/example_dags/example_trigger_target_dag.py took 0.058 seconds
[2021-09-23 23:10:08,571] {scheduler_job.py:182} INFO - Started process (PID=7674) to work on /home/airflow/sandbox/lib/python3.8/site-packages/airflow/example_dags/example_trigger_target_dag.py
[2021-09-23 23:10:08,571] {scheduler_job.py:633} INFO - Processing file /home/airflow/sandbox/lib/python3.8/site-packages/airflow/example_dags/example_trigger_target_dag.py for tasks to queue
[2021-09-23 23:10:08,572] {logging_mixin.py:104} INFO - [2021-09-23 23:10:08,572] {dagbag.py:487} INFO - Filling up the DagBag from /home/airflow/sandbox/lib/python3.8/site-packages/airflow/example_dags/example_trigger_target_dag.py
[2021-09-23 23:10:08,584] {scheduler_job.py:643} INFO - DAG(s) dict_keys(['example_trigger_target_dag']) retrieved from /home/airflow/sandbox/lib/python3.8/site-packages/airflow/example_dags/example_trigger_target_dag.py
[2021-09-23 23:10:08,598] {logging_mixin.py:104} INFO - [2021-09-23 23:10:08,598] {dag.py:1832} INFO - Sync 1 DAGs
[2021-09-23 23:10:08,616] {logging_mixin.py:104} INFO - [2021-09-23 23:10:08,616] {dag.py:2305} INFO - Setting next_dagrun for example_trigger_target_dag to None
[2021-09-23 23:10:08,636] {scheduler_job.py:190} INFO - Processing /home/airflow/sandbox/lib/python3.8/site-packages/airflow/example_dags/example_trigger_target_dag.py took 0.068 seconds
[2021-09-23 23:10:41,147] {scheduler_job.py:182} INFO - Started process (PID=7821) to work on /home/airflow/sandbox/lib/python3.8/site-packages/airflow/example_dags/example_trigger_target_dag.py
[2021-09-23 23:10:41,148] {scheduler_job.py:633} INFO - Processing file /home/airflow/sandbox/lib/python3.8/site-packages/airflow/example_dags/example_trigger_target_dag.py for tasks to queue
[2021-09-23 23:10:41,148] {logging_mixin.py:104} INFO - [2021-09-23 23:10:41,148] {dagbag.py:487} INFO - Filling up the DagBag from /home/airflow/sandbox/lib/python3.8/site-packages/airflow/example_dags/example_trigger_target_dag.py
[2021-09-23 23:10:41,159] {scheduler_job.py:643} INFO - DAG(s) dict_keys(['example_trigger_target_dag']) retrieved from /home/airflow/sandbox/lib/python3.8/site-packages/airflow/example_dags/example_trigger_target_dag.py
[2021-09-23 23:10:41,175] {logging_mixin.py:104} INFO - [2021-09-23 23:10:41,175] {dag.py:1832} INFO - Sync 1 DAGs
[2021-09-23 23:10:41,187] {logging_mixin.py:104} INFO - [2021-09-23 23:10:41,187] {dag.py:2305} INFO - Setting next_dagrun for example_trigger_target_dag to None
[2021-09-23 23:10:41,203] {scheduler_job.py:190} INFO - Processing /home/airflow/sandbox/lib/python3.8/site-packages/airflow/example_dags/example_trigger_target_dag.py took 0.059 seconds
[2021-09-23 23:11:17,372] {scheduler_job.py:182} INFO - Started process (PID=7931) to work on /home/airflow/sandbox/lib/python3.8/site-packages/airflow/example_dags/example_trigger_target_dag.py
[2021-09-23 23:11:17,373] {scheduler_job.py:633} INFO - Processing file /home/airflow/sandbox/lib/python3.8/site-packages/airflow/example_dags/example_trigger_target_dag.py for tasks to queue
[2021-09-23 23:11:17,373] {logging_mixin.py:104} INFO - [2021-09-23 23:11:17,373] {dagbag.py:487} INFO - Filling up the DagBag from /home/airflow/sandbox/lib/python3.8/site-packages/airflow/example_dags/example_trigger_target_dag.py
[2021-09-23 23:11:17,386] {scheduler_job.py:643} INFO - DAG(s) dict_keys(['example_trigger_target_dag']) retrieved from /home/airflow/sandbox/lib/python3.8/site-packages/airflow/example_dags/example_trigger_target_dag.py
[2021-09-23 23:11:17,408] {logging_mixin.py:104} INFO - [2021-09-23 23:11:17,408] {dag.py:1832} INFO - Sync 1 DAGs
[2021-09-23 23:11:17,419] {logging_mixin.py:104} INFO - [2021-09-23 23:11:17,419] {dag.py:2305} INFO - Setting next_dagrun for example_trigger_target_dag to None
[2021-09-23 23:11:17,437] {scheduler_job.py:190} INFO - Processing /home/airflow/sandbox/lib/python3.8/site-packages/airflow/example_dags/example_trigger_target_dag.py took 0.068 seconds
[2021-09-23 23:11:51,654] {scheduler_job.py:182} INFO - Started process (PID=8083) to work on /home/airflow/sandbox/lib/python3.8/site-packages/airflow/example_dags/example_trigger_target_dag.py
[2021-09-23 23:11:51,655] {scheduler_job.py:633} INFO - Processing file /home/airflow/sandbox/lib/python3.8/site-packages/airflow/example_dags/example_trigger_target_dag.py for tasks to queue
[2021-09-23 23:11:51,656] {logging_mixin.py:104} INFO - [2021-09-23 23:11:51,656] {dagbag.py:487} INFO - Filling up the DagBag from /home/airflow/sandbox/lib/python3.8/site-packages/airflow/example_dags/example_trigger_target_dag.py
[2021-09-23 23:11:51,670] {scheduler_job.py:643} INFO - DAG(s) dict_keys(['example_trigger_target_dag']) retrieved from /home/airflow/sandbox/lib/python3.8/site-packages/airflow/example_dags/example_trigger_target_dag.py
[2021-09-23 23:11:51,683] {logging_mixin.py:104} INFO - [2021-09-23 23:11:51,683] {dag.py:1832} INFO - Sync 1 DAGs
[2021-09-23 23:11:51,694] {logging_mixin.py:104} INFO - [2021-09-23 23:11:51,694] {dag.py:2305} INFO - Setting next_dagrun for example_trigger_target_dag to None
[2021-09-23 23:11:51,714] {scheduler_job.py:190} INFO - Processing /home/airflow/sandbox/lib/python3.8/site-packages/airflow/example_dags/example_trigger_target_dag.py took 0.063 seconds
[2021-09-23 23:12:28,535] {scheduler_job.py:182} INFO - Started process (PID=8309) to work on /home/airflow/sandbox/lib/python3.8/site-packages/airflow/example_dags/example_trigger_target_dag.py
[2021-09-23 23:12:28,536] {scheduler_job.py:633} INFO - Processing file /home/airflow/sandbox/lib/python3.8/site-packages/airflow/example_dags/example_trigger_target_dag.py for tasks to queue
[2021-09-23 23:12:28,537] {logging_mixin.py:104} INFO - [2021-09-23 23:12:28,537] {dagbag.py:487} INFO - Filling up the DagBag from /home/airflow/sandbox/lib/python3.8/site-packages/airflow/example_dags/example_trigger_target_dag.py
[2021-09-23 23:12:28,551] {scheduler_job.py:643} INFO - DAG(s) dict_keys(['example_trigger_target_dag']) retrieved from /home/airflow/sandbox/lib/python3.8/site-packages/airflow/example_dags/example_trigger_target_dag.py
[2021-09-23 23:12:28,568] {logging_mixin.py:104} INFO - [2021-09-23 23:12:28,568] {dag.py:1832} INFO - Sync 1 DAGs
[2021-09-23 23:12:28,579] {logging_mixin.py:104} INFO - [2021-09-23 23:12:28,579] {dag.py:2305} INFO - Setting next_dagrun for example_trigger_target_dag to None
[2021-09-23 23:12:28,604] {scheduler_job.py:190} INFO - Processing /home/airflow/sandbox/lib/python3.8/site-packages/airflow/example_dags/example_trigger_target_dag.py took 0.071 seconds
[2021-09-23 23:13:02,027] {scheduler_job.py:182} INFO - Started process (PID=8401) to work on /home/airflow/sandbox/lib/python3.8/site-packages/airflow/example_dags/example_trigger_target_dag.py
[2021-09-23 23:13:02,028] {scheduler_job.py:633} INFO - Processing file /home/airflow/sandbox/lib/python3.8/site-packages/airflow/example_dags/example_trigger_target_dag.py for tasks to queue
[2021-09-23 23:13:02,029] {logging_mixin.py:104} INFO - [2021-09-23 23:13:02,029] {dagbag.py:487} INFO - Filling up the DagBag from /home/airflow/sandbox/lib/python3.8/site-packages/airflow/example_dags/example_trigger_target_dag.py
[2021-09-23 23:13:02,043] {scheduler_job.py:643} INFO - DAG(s) dict_keys(['example_trigger_target_dag']) retrieved from /home/airflow/sandbox/lib/python3.8/site-packages/airflow/example_dags/example_trigger_target_dag.py
[2021-09-23 23:13:02,057] {logging_mixin.py:104} INFO - [2021-09-23 23:13:02,056] {dag.py:1832} INFO - Sync 1 DAGs
[2021-09-23 23:13:02,070] {logging_mixin.py:104} INFO - [2021-09-23 23:13:02,070] {dag.py:2305} INFO - Setting next_dagrun for example_trigger_target_dag to None
[2021-09-23 23:13:02,099] {scheduler_job.py:190} INFO - Processing /home/airflow/sandbox/lib/python3.8/site-packages/airflow/example_dags/example_trigger_target_dag.py took 0.074 seconds
[2021-09-23 23:13:38,306] {scheduler_job.py:182} INFO - Started process (PID=8434) to work on /home/airflow/sandbox/lib/python3.8/site-packages/airflow/example_dags/example_trigger_target_dag.py
[2021-09-23 23:13:38,307] {scheduler_job.py:633} INFO - Processing file /home/airflow/sandbox/lib/python3.8/site-packages/airflow/example_dags/example_trigger_target_dag.py for tasks to queue
[2021-09-23 23:13:38,308] {logging_mixin.py:104} INFO - [2021-09-23 23:13:38,308] {dagbag.py:487} INFO - Filling up the DagBag from /home/airflow/sandbox/lib/python3.8/site-packages/airflow/example_dags/example_trigger_target_dag.py
[2021-09-23 23:13:38,318] {scheduler_job.py:643} INFO - DAG(s) dict_keys(['example_trigger_target_dag']) retrieved from /home/airflow/sandbox/lib/python3.8/site-packages/airflow/example_dags/example_trigger_target_dag.py
[2021-09-23 23:13:38,328] {logging_mixin.py:104} INFO - [2021-09-23 23:13:38,328] {dag.py:1832} INFO - Sync 1 DAGs
[2021-09-23 23:13:38,338] {logging_mixin.py:104} INFO - [2021-09-23 23:13:38,338] {dag.py:2305} INFO - Setting next_dagrun for example_trigger_target_dag to None
[2021-09-23 23:13:38,355] {scheduler_job.py:190} INFO - Processing /home/airflow/sandbox/lib/python3.8/site-packages/airflow/example_dags/example_trigger_target_dag.py took 0.051 seconds
[2021-09-23 23:14:17,595] {scheduler_job.py:182} INFO - Started process (PID=8470) to work on /home/airflow/sandbox/lib/python3.8/site-packages/airflow/example_dags/example_trigger_target_dag.py
[2021-09-23 23:14:17,596] {scheduler_job.py:633} INFO - Processing file /home/airflow/sandbox/lib/python3.8/site-packages/airflow/example_dags/example_trigger_target_dag.py for tasks to queue
[2021-09-23 23:14:17,596] {logging_mixin.py:104} INFO - [2021-09-23 23:14:17,596] {dagbag.py:487} INFO - Filling up the DagBag from /home/airflow/sandbox/lib/python3.8/site-packages/airflow/example_dags/example_trigger_target_dag.py
[2021-09-23 23:14:17,608] {scheduler_job.py:643} INFO - DAG(s) dict_keys(['example_trigger_target_dag']) retrieved from /home/airflow/sandbox/lib/python3.8/site-packages/airflow/example_dags/example_trigger_target_dag.py
[2021-09-23 23:14:17,625] {logging_mixin.py:104} INFO - [2021-09-23 23:14:17,623] {dag.py:1832} INFO - Sync 1 DAGs
[2021-09-23 23:14:17,638] {logging_mixin.py:104} INFO - [2021-09-23 23:14:17,638] {dag.py:2305} INFO - Setting next_dagrun for example_trigger_target_dag to None
[2021-09-23 23:14:17,659] {scheduler_job.py:190} INFO - Processing /home/airflow/sandbox/lib/python3.8/site-packages/airflow/example_dags/example_trigger_target_dag.py took 0.067 seconds
[2021-09-23 23:14:50,817] {scheduler_job.py:182} INFO - Started process (PID=8547) to work on /home/airflow/sandbox/lib/python3.8/site-packages/airflow/example_dags/example_trigger_target_dag.py
[2021-09-23 23:14:50,818] {scheduler_job.py:633} INFO - Processing file /home/airflow/sandbox/lib/python3.8/site-packages/airflow/example_dags/example_trigger_target_dag.py for tasks to queue
[2021-09-23 23:14:50,819] {logging_mixin.py:104} INFO - [2021-09-23 23:14:50,819] {dagbag.py:487} INFO - Filling up the DagBag from /home/airflow/sandbox/lib/python3.8/site-packages/airflow/example_dags/example_trigger_target_dag.py
[2021-09-23 23:14:50,830] {scheduler_job.py:643} INFO - DAG(s) dict_keys(['example_trigger_target_dag']) retrieved from /home/airflow/sandbox/lib/python3.8/site-packages/airflow/example_dags/example_trigger_target_dag.py
[2021-09-23 23:14:50,843] {logging_mixin.py:104} INFO - [2021-09-23 23:14:50,843] {dag.py:1832} INFO - Sync 1 DAGs
[2021-09-23 23:14:50,857] {logging_mixin.py:104} INFO - [2021-09-23 23:14:50,857] {dag.py:2305} INFO - Setting next_dagrun for example_trigger_target_dag to None
[2021-09-23 23:14:50,880] {scheduler_job.py:190} INFO - Processing /home/airflow/sandbox/lib/python3.8/site-packages/airflow/example_dags/example_trigger_target_dag.py took 0.065 seconds
[2021-09-23 23:15:29,033] {scheduler_job.py:182} INFO - Started process (PID=8862) to work on /home/airflow/sandbox/lib/python3.8/site-packages/airflow/example_dags/example_trigger_target_dag.py
[2021-09-23 23:15:29,035] {scheduler_job.py:633} INFO - Processing file /home/airflow/sandbox/lib/python3.8/site-packages/airflow/example_dags/example_trigger_target_dag.py for tasks to queue
[2021-09-23 23:15:29,035] {logging_mixin.py:104} INFO - [2021-09-23 23:15:29,035] {dagbag.py:487} INFO - Filling up the DagBag from /home/airflow/sandbox/lib/python3.8/site-packages/airflow/example_dags/example_trigger_target_dag.py
[2021-09-23 23:15:29,047] {scheduler_job.py:643} INFO - DAG(s) dict_keys(['example_trigger_target_dag']) retrieved from /home/airflow/sandbox/lib/python3.8/site-packages/airflow/example_dags/example_trigger_target_dag.py
[2021-09-23 23:15:29,063] {logging_mixin.py:104} INFO - [2021-09-23 23:15:29,063] {dag.py:1832} INFO - Sync 1 DAGs
[2021-09-23 23:15:29,075] {logging_mixin.py:104} INFO - [2021-09-23 23:15:29,075] {dag.py:2305} INFO - Setting next_dagrun for example_trigger_target_dag to None
[2021-09-23 23:15:29,098] {scheduler_job.py:190} INFO - Processing /home/airflow/sandbox/lib/python3.8/site-packages/airflow/example_dags/example_trigger_target_dag.py took 0.068 seconds
[2021-09-23 23:16:01,569] {scheduler_job.py:182} INFO - Started process (PID=9004) to work on /home/airflow/sandbox/lib/python3.8/site-packages/airflow/example_dags/example_trigger_target_dag.py
[2021-09-23 23:16:01,571] {scheduler_job.py:633} INFO - Processing file /home/airflow/sandbox/lib/python3.8/site-packages/airflow/example_dags/example_trigger_target_dag.py for tasks to queue
[2021-09-23 23:16:01,572] {logging_mixin.py:104} INFO - [2021-09-23 23:16:01,572] {dagbag.py:487} INFO - Filling up the DagBag from /home/airflow/sandbox/lib/python3.8/site-packages/airflow/example_dags/example_trigger_target_dag.py
[2021-09-23 23:16:01,584] {scheduler_job.py:643} INFO - DAG(s) dict_keys(['example_trigger_target_dag']) retrieved from /home/airflow/sandbox/lib/python3.8/site-packages/airflow/example_dags/example_trigger_target_dag.py
[2021-09-23 23:16:01,600] {logging_mixin.py:104} INFO - [2021-09-23 23:16:01,600] {dag.py:1832} INFO - Sync 1 DAGs
[2021-09-23 23:16:01,616] {logging_mixin.py:104} INFO - [2021-09-23 23:16:01,616] {dag.py:2305} INFO - Setting next_dagrun for example_trigger_target_dag to None
[2021-09-23 23:16:01,634] {scheduler_job.py:190} INFO - Processing /home/airflow/sandbox/lib/python3.8/site-packages/airflow/example_dags/example_trigger_target_dag.py took 0.067 seconds
[2021-09-23 23:16:36,662] {scheduler_job.py:182} INFO - Started process (PID=9125) to work on /home/airflow/sandbox/lib/python3.8/site-packages/airflow/example_dags/example_trigger_target_dag.py
[2021-09-23 23:16:36,663] {scheduler_job.py:633} INFO - Processing file /home/airflow/sandbox/lib/python3.8/site-packages/airflow/example_dags/example_trigger_target_dag.py for tasks to queue
[2021-09-23 23:16:36,664] {logging_mixin.py:104} INFO - [2021-09-23 23:16:36,664] {dagbag.py:487} INFO - Filling up the DagBag from /home/airflow/sandbox/lib/python3.8/site-packages/airflow/example_dags/example_trigger_target_dag.py
[2021-09-23 23:16:36,679] {scheduler_job.py:643} INFO - DAG(s) dict_keys(['example_trigger_target_dag']) retrieved from /home/airflow/sandbox/lib/python3.8/site-packages/airflow/example_dags/example_trigger_target_dag.py
[2021-09-23 23:16:36,691] {logging_mixin.py:104} INFO - [2021-09-23 23:16:36,691] {dag.py:1832} INFO - Sync 1 DAGs
[2021-09-23 23:16:36,703] {logging_mixin.py:104} INFO - [2021-09-23 23:16:36,703] {dag.py:2305} INFO - Setting next_dagrun for example_trigger_target_dag to None
[2021-09-23 23:16:36,726] {scheduler_job.py:190} INFO - Processing /home/airflow/sandbox/lib/python3.8/site-packages/airflow/example_dags/example_trigger_target_dag.py took 0.066 seconds
[2021-09-23 23:43:32,971] {scheduler_job.py:182} INFO - Started process (PID=9319) to work on /home/airflow/sandbox/lib/python3.8/site-packages/airflow/example_dags/example_trigger_target_dag.py
[2021-09-23 23:43:32,973] {scheduler_job.py:633} INFO - Processing file /home/airflow/sandbox/lib/python3.8/site-packages/airflow/example_dags/example_trigger_target_dag.py for tasks to queue
[2021-09-23 23:43:32,974] {logging_mixin.py:104} INFO - [2021-09-23 23:43:32,974] {dagbag.py:487} INFO - Filling up the DagBag from /home/airflow/sandbox/lib/python3.8/site-packages/airflow/example_dags/example_trigger_target_dag.py
[2021-09-23 23:43:32,986] {scheduler_job.py:643} INFO - DAG(s) dict_keys(['example_trigger_target_dag']) retrieved from /home/airflow/sandbox/lib/python3.8/site-packages/airflow/example_dags/example_trigger_target_dag.py
[2021-09-23 23:43:33,003] {logging_mixin.py:104} INFO - [2021-09-23 23:43:33,003] {dag.py:1832} INFO - Sync 1 DAGs
[2021-09-23 23:43:33,016] {logging_mixin.py:104} INFO - [2021-09-23 23:43:33,016] {dag.py:2305} INFO - Setting next_dagrun for example_trigger_target_dag to None
[2021-09-23 23:43:33,042] {scheduler_job.py:190} INFO - Processing /home/airflow/sandbox/lib/python3.8/site-packages/airflow/example_dags/example_trigger_target_dag.py took 0.074 seconds
[2021-09-23 23:44:07,771] {scheduler_job.py:182} INFO - Started process (PID=9352) to work on /home/airflow/sandbox/lib/python3.8/site-packages/airflow/example_dags/example_trigger_target_dag.py
[2021-09-23 23:44:07,772] {scheduler_job.py:633} INFO - Processing file /home/airflow/sandbox/lib/python3.8/site-packages/airflow/example_dags/example_trigger_target_dag.py for tasks to queue
[2021-09-23 23:44:07,772] {logging_mixin.py:104} INFO - [2021-09-23 23:44:07,772] {dagbag.py:487} INFO - Filling up the DagBag from /home/airflow/sandbox/lib/python3.8/site-packages/airflow/example_dags/example_trigger_target_dag.py
[2021-09-23 23:44:07,788] {scheduler_job.py:643} INFO - DAG(s) dict_keys(['example_trigger_target_dag']) retrieved from /home/airflow/sandbox/lib/python3.8/site-packages/airflow/example_dags/example_trigger_target_dag.py
[2021-09-23 23:44:07,803] {logging_mixin.py:104} INFO - [2021-09-23 23:44:07,803] {dag.py:1832} INFO - Sync 1 DAGs
[2021-09-23 23:44:07,815] {logging_mixin.py:104} INFO - [2021-09-23 23:44:07,815] {dag.py:2305} INFO - Setting next_dagrun for example_trigger_target_dag to None
[2021-09-23 23:44:07,839] {scheduler_job.py:190} INFO - Processing /home/airflow/sandbox/lib/python3.8/site-packages/airflow/example_dags/example_trigger_target_dag.py took 0.070 seconds
[2021-09-23 23:44:40,460] {scheduler_job.py:182} INFO - Started process (PID=9385) to work on /home/airflow/sandbox/lib/python3.8/site-packages/airflow/example_dags/example_trigger_target_dag.py
[2021-09-23 23:44:40,461] {scheduler_job.py:633} INFO - Processing file /home/airflow/sandbox/lib/python3.8/site-packages/airflow/example_dags/example_trigger_target_dag.py for tasks to queue
[2021-09-23 23:44:40,461] {logging_mixin.py:104} INFO - [2021-09-23 23:44:40,461] {dagbag.py:487} INFO - Filling up the DagBag from /home/airflow/sandbox/lib/python3.8/site-packages/airflow/example_dags/example_trigger_target_dag.py
[2021-09-23 23:44:40,474] {scheduler_job.py:643} INFO - DAG(s) dict_keys(['example_trigger_target_dag']) retrieved from /home/airflow/sandbox/lib/python3.8/site-packages/airflow/example_dags/example_trigger_target_dag.py
[2021-09-23 23:44:40,488] {logging_mixin.py:104} INFO - [2021-09-23 23:44:40,488] {dag.py:1832} INFO - Sync 1 DAGs
[2021-09-23 23:44:40,498] {logging_mixin.py:104} INFO - [2021-09-23 23:44:40,498] {dag.py:2305} INFO - Setting next_dagrun for example_trigger_target_dag to None
[2021-09-23 23:44:40,524] {scheduler_job.py:190} INFO - Processing /home/airflow/sandbox/lib/python3.8/site-packages/airflow/example_dags/example_trigger_target_dag.py took 0.067 seconds
[2021-09-23 23:45:15,550] {scheduler_job.py:182} INFO - Started process (PID=9417) to work on /home/airflow/sandbox/lib/python3.8/site-packages/airflow/example_dags/example_trigger_target_dag.py
[2021-09-23 23:45:15,551] {scheduler_job.py:633} INFO - Processing file /home/airflow/sandbox/lib/python3.8/site-packages/airflow/example_dags/example_trigger_target_dag.py for tasks to queue
[2021-09-23 23:45:15,552] {logging_mixin.py:104} INFO - [2021-09-23 23:45:15,552] {dagbag.py:487} INFO - Filling up the DagBag from /home/airflow/sandbox/lib/python3.8/site-packages/airflow/example_dags/example_trigger_target_dag.py
[2021-09-23 23:45:15,566] {scheduler_job.py:643} INFO - DAG(s) dict_keys(['example_trigger_target_dag']) retrieved from /home/airflow/sandbox/lib/python3.8/site-packages/airflow/example_dags/example_trigger_target_dag.py
[2021-09-23 23:45:15,579] {logging_mixin.py:104} INFO - [2021-09-23 23:45:15,579] {dag.py:1832} INFO - Sync 1 DAGs
[2021-09-23 23:45:15,591] {logging_mixin.py:104} INFO - [2021-09-23 23:45:15,591] {dag.py:2305} INFO - Setting next_dagrun for example_trigger_target_dag to None
[2021-09-23 23:45:15,608] {scheduler_job.py:190} INFO - Processing /home/airflow/sandbox/lib/python3.8/site-packages/airflow/example_dags/example_trigger_target_dag.py took 0.061 seconds
[2021-09-23 23:45:49,463] {scheduler_job.py:182} INFO - Started process (PID=9449) to work on /home/airflow/sandbox/lib/python3.8/site-packages/airflow/example_dags/example_trigger_target_dag.py
[2021-09-23 23:45:49,464] {scheduler_job.py:633} INFO - Processing file /home/airflow/sandbox/lib/python3.8/site-packages/airflow/example_dags/example_trigger_target_dag.py for tasks to queue
[2021-09-23 23:45:49,464] {logging_mixin.py:104} INFO - [2021-09-23 23:45:49,464] {dagbag.py:487} INFO - Filling up the DagBag from /home/airflow/sandbox/lib/python3.8/site-packages/airflow/example_dags/example_trigger_target_dag.py
[2021-09-23 23:45:49,476] {scheduler_job.py:643} INFO - DAG(s) dict_keys(['example_trigger_target_dag']) retrieved from /home/airflow/sandbox/lib/python3.8/site-packages/airflow/example_dags/example_trigger_target_dag.py
[2021-09-23 23:45:49,489] {logging_mixin.py:104} INFO - [2021-09-23 23:45:49,489] {dag.py:1832} INFO - Sync 1 DAGs
[2021-09-23 23:45:49,499] {logging_mixin.py:104} INFO - [2021-09-23 23:45:49,499] {dag.py:2305} INFO - Setting next_dagrun for example_trigger_target_dag to None
[2021-09-23 23:45:49,523] {scheduler_job.py:190} INFO - Processing /home/airflow/sandbox/lib/python3.8/site-packages/airflow/example_dags/example_trigger_target_dag.py took 0.062 seconds
[2021-09-23 23:46:22,424] {scheduler_job.py:182} INFO - Started process (PID=9482) to work on /home/airflow/sandbox/lib/python3.8/site-packages/airflow/example_dags/example_trigger_target_dag.py
[2021-09-23 23:46:22,425] {scheduler_job.py:633} INFO - Processing file /home/airflow/sandbox/lib/python3.8/site-packages/airflow/example_dags/example_trigger_target_dag.py for tasks to queue
[2021-09-23 23:46:22,425] {logging_mixin.py:104} INFO - [2021-09-23 23:46:22,425] {dagbag.py:487} INFO - Filling up the DagBag from /home/airflow/sandbox/lib/python3.8/site-packages/airflow/example_dags/example_trigger_target_dag.py
[2021-09-23 23:46:22,443] {scheduler_job.py:643} INFO - DAG(s) dict_keys(['example_trigger_target_dag']) retrieved from /home/airflow/sandbox/lib/python3.8/site-packages/airflow/example_dags/example_trigger_target_dag.py
[2021-09-23 23:46:22,456] {logging_mixin.py:104} INFO - [2021-09-23 23:46:22,456] {dag.py:1832} INFO - Sync 1 DAGs
[2021-09-23 23:46:22,472] {logging_mixin.py:104} INFO - [2021-09-23 23:46:22,472] {dag.py:2305} INFO - Setting next_dagrun for example_trigger_target_dag to None
[2021-09-23 23:46:22,489] {scheduler_job.py:190} INFO - Processing /home/airflow/sandbox/lib/python3.8/site-packages/airflow/example_dags/example_trigger_target_dag.py took 0.071 seconds
[2021-09-23 23:46:56,408] {scheduler_job.py:182} INFO - Started process (PID=9557) to work on /home/airflow/sandbox/lib/python3.8/site-packages/airflow/example_dags/example_trigger_target_dag.py
[2021-09-23 23:46:56,409] {scheduler_job.py:633} INFO - Processing file /home/airflow/sandbox/lib/python3.8/site-packages/airflow/example_dags/example_trigger_target_dag.py for tasks to queue
[2021-09-23 23:46:56,409] {logging_mixin.py:104} INFO - [2021-09-23 23:46:56,409] {dagbag.py:487} INFO - Filling up the DagBag from /home/airflow/sandbox/lib/python3.8/site-packages/airflow/example_dags/example_trigger_target_dag.py
[2021-09-23 23:46:56,420] {scheduler_job.py:643} INFO - DAG(s) dict_keys(['example_trigger_target_dag']) retrieved from /home/airflow/sandbox/lib/python3.8/site-packages/airflow/example_dags/example_trigger_target_dag.py
[2021-09-23 23:46:56,433] {logging_mixin.py:104} INFO - [2021-09-23 23:46:56,433] {dag.py:1832} INFO - Sync 1 DAGs
[2021-09-23 23:46:56,445] {logging_mixin.py:104} INFO - [2021-09-23 23:46:56,445] {dag.py:2305} INFO - Setting next_dagrun for example_trigger_target_dag to None
[2021-09-23 23:46:56,462] {scheduler_job.py:190} INFO - Processing /home/airflow/sandbox/lib/python3.8/site-packages/airflow/example_dags/example_trigger_target_dag.py took 0.057 seconds
[2021-09-23 23:47:31,552] {scheduler_job.py:182} INFO - Started process (PID=9591) to work on /home/airflow/sandbox/lib/python3.8/site-packages/airflow/example_dags/example_trigger_target_dag.py
[2021-09-23 23:47:31,553] {scheduler_job.py:633} INFO - Processing file /home/airflow/sandbox/lib/python3.8/site-packages/airflow/example_dags/example_trigger_target_dag.py for tasks to queue
[2021-09-23 23:47:31,554] {logging_mixin.py:104} INFO - [2021-09-23 23:47:31,554] {dagbag.py:487} INFO - Filling up the DagBag from /home/airflow/sandbox/lib/python3.8/site-packages/airflow/example_dags/example_trigger_target_dag.py
[2021-09-23 23:47:31,568] {scheduler_job.py:643} INFO - DAG(s) dict_keys(['example_trigger_target_dag']) retrieved from /home/airflow/sandbox/lib/python3.8/site-packages/airflow/example_dags/example_trigger_target_dag.py
[2021-09-23 23:47:31,581] {logging_mixin.py:104} INFO - [2021-09-23 23:47:31,581] {dag.py:1832} INFO - Sync 1 DAGs
[2021-09-23 23:47:31,592] {logging_mixin.py:104} INFO - [2021-09-23 23:47:31,592] {dag.py:2305} INFO - Setting next_dagrun for example_trigger_target_dag to None
[2021-09-23 23:47:31,615] {scheduler_job.py:190} INFO - Processing /home/airflow/sandbox/lib/python3.8/site-packages/airflow/example_dags/example_trigger_target_dag.py took 0.065 seconds
[2021-09-23 23:48:03,941] {scheduler_job.py:182} INFO - Started process (PID=9623) to work on /home/airflow/sandbox/lib/python3.8/site-packages/airflow/example_dags/example_trigger_target_dag.py
[2021-09-23 23:48:03,941] {scheduler_job.py:633} INFO - Processing file /home/airflow/sandbox/lib/python3.8/site-packages/airflow/example_dags/example_trigger_target_dag.py for tasks to queue
[2021-09-23 23:48:03,942] {logging_mixin.py:104} INFO - [2021-09-23 23:48:03,942] {dagbag.py:487} INFO - Filling up the DagBag from /home/airflow/sandbox/lib/python3.8/site-packages/airflow/example_dags/example_trigger_target_dag.py
[2021-09-23 23:48:03,956] {scheduler_job.py:643} INFO - DAG(s) dict_keys(['example_trigger_target_dag']) retrieved from /home/airflow/sandbox/lib/python3.8/site-packages/airflow/example_dags/example_trigger_target_dag.py
[2021-09-23 23:48:03,970] {logging_mixin.py:104} INFO - [2021-09-23 23:48:03,970] {dag.py:1832} INFO - Sync 1 DAGs
[2021-09-23 23:48:03,983] {logging_mixin.py:104} INFO - [2021-09-23 23:48:03,983] {dag.py:2305} INFO - Setting next_dagrun for example_trigger_target_dag to None
[2021-09-23 23:48:04,003] {scheduler_job.py:190} INFO - Processing /home/airflow/sandbox/lib/python3.8/site-packages/airflow/example_dags/example_trigger_target_dag.py took 0.065 seconds
[2021-09-23 23:48:38,596] {scheduler_job.py:182} INFO - Started process (PID=9655) to work on /home/airflow/sandbox/lib/python3.8/site-packages/airflow/example_dags/example_trigger_target_dag.py
[2021-09-23 23:48:38,596] {scheduler_job.py:633} INFO - Processing file /home/airflow/sandbox/lib/python3.8/site-packages/airflow/example_dags/example_trigger_target_dag.py for tasks to queue
[2021-09-23 23:48:38,597] {logging_mixin.py:104} INFO - [2021-09-23 23:48:38,597] {dagbag.py:487} INFO - Filling up the DagBag from /home/airflow/sandbox/lib/python3.8/site-packages/airflow/example_dags/example_trigger_target_dag.py
[2021-09-23 23:48:38,609] {scheduler_job.py:643} INFO - DAG(s) dict_keys(['example_trigger_target_dag']) retrieved from /home/airflow/sandbox/lib/python3.8/site-packages/airflow/example_dags/example_trigger_target_dag.py
[2021-09-23 23:48:38,621] {logging_mixin.py:104} INFO - [2021-09-23 23:48:38,621] {dag.py:1832} INFO - Sync 1 DAGs
[2021-09-23 23:48:38,635] {logging_mixin.py:104} INFO - [2021-09-23 23:48:38,635] {dag.py:2305} INFO - Setting next_dagrun for example_trigger_target_dag to None
[2021-09-23 23:48:38,653] {scheduler_job.py:190} INFO - Processing /home/airflow/sandbox/lib/python3.8/site-packages/airflow/example_dags/example_trigger_target_dag.py took 0.059 seconds
[2021-09-23 23:49:12,552] {scheduler_job.py:182} INFO - Started process (PID=9686) to work on /home/airflow/sandbox/lib/python3.8/site-packages/airflow/example_dags/example_trigger_target_dag.py
[2021-09-23 23:49:12,553] {scheduler_job.py:633} INFO - Processing file /home/airflow/sandbox/lib/python3.8/site-packages/airflow/example_dags/example_trigger_target_dag.py for tasks to queue
[2021-09-23 23:49:12,555] {logging_mixin.py:104} INFO - [2021-09-23 23:49:12,555] {dagbag.py:487} INFO - Filling up the DagBag from /home/airflow/sandbox/lib/python3.8/site-packages/airflow/example_dags/example_trigger_target_dag.py
[2021-09-23 23:49:12,574] {scheduler_job.py:643} INFO - DAG(s) dict_keys(['example_trigger_target_dag']) retrieved from /home/airflow/sandbox/lib/python3.8/site-packages/airflow/example_dags/example_trigger_target_dag.py
[2021-09-23 23:49:12,593] {logging_mixin.py:104} INFO - [2021-09-23 23:49:12,593] {dag.py:1832} INFO - Sync 1 DAGs
[2021-09-23 23:49:12,611] {logging_mixin.py:104} INFO - [2021-09-23 23:49:12,611] {dag.py:2305} INFO - Setting next_dagrun for example_trigger_target_dag to None
[2021-09-23 23:49:12,632] {scheduler_job.py:190} INFO - Processing /home/airflow/sandbox/lib/python3.8/site-packages/airflow/example_dags/example_trigger_target_dag.py took 0.084 seconds
[2021-09-23 23:49:47,701] {scheduler_job.py:182} INFO - Started process (PID=9719) to work on /home/airflow/sandbox/lib/python3.8/site-packages/airflow/example_dags/example_trigger_target_dag.py
[2021-09-23 23:49:47,702] {scheduler_job.py:633} INFO - Processing file /home/airflow/sandbox/lib/python3.8/site-packages/airflow/example_dags/example_trigger_target_dag.py for tasks to queue
[2021-09-23 23:49:47,703] {logging_mixin.py:104} INFO - [2021-09-23 23:49:47,703] {dagbag.py:487} INFO - Filling up the DagBag from /home/airflow/sandbox/lib/python3.8/site-packages/airflow/example_dags/example_trigger_target_dag.py
[2021-09-23 23:49:47,717] {scheduler_job.py:643} INFO - DAG(s) dict_keys(['example_trigger_target_dag']) retrieved from /home/airflow/sandbox/lib/python3.8/site-packages/airflow/example_dags/example_trigger_target_dag.py
[2021-09-23 23:49:47,731] {logging_mixin.py:104} INFO - [2021-09-23 23:49:47,731] {dag.py:1832} INFO - Sync 1 DAGs
[2021-09-23 23:49:47,744] {logging_mixin.py:104} INFO - [2021-09-23 23:49:47,744] {dag.py:2305} INFO - Setting next_dagrun for example_trigger_target_dag to None
[2021-09-23 23:49:47,768] {scheduler_job.py:190} INFO - Processing /home/airflow/sandbox/lib/python3.8/site-packages/airflow/example_dags/example_trigger_target_dag.py took 0.071 seconds
[2021-09-23 23:50:20,582] {scheduler_job.py:182} INFO - Started process (PID=9753) to work on /home/airflow/sandbox/lib/python3.8/site-packages/airflow/example_dags/example_trigger_target_dag.py
[2021-09-23 23:50:20,584] {scheduler_job.py:633} INFO - Processing file /home/airflow/sandbox/lib/python3.8/site-packages/airflow/example_dags/example_trigger_target_dag.py for tasks to queue
[2021-09-23 23:50:20,584] {logging_mixin.py:104} INFO - [2021-09-23 23:50:20,584] {dagbag.py:487} INFO - Filling up the DagBag from /home/airflow/sandbox/lib/python3.8/site-packages/airflow/example_dags/example_trigger_target_dag.py
[2021-09-23 23:50:20,595] {scheduler_job.py:643} INFO - DAG(s) dict_keys(['example_trigger_target_dag']) retrieved from /home/airflow/sandbox/lib/python3.8/site-packages/airflow/example_dags/example_trigger_target_dag.py
[2021-09-23 23:50:20,610] {logging_mixin.py:104} INFO - [2021-09-23 23:50:20,610] {dag.py:1832} INFO - Sync 1 DAGs
[2021-09-23 23:50:20,621] {logging_mixin.py:104} INFO - [2021-09-23 23:50:20,621] {dag.py:2305} INFO - Setting next_dagrun for example_trigger_target_dag to None
[2021-09-23 23:50:20,640] {scheduler_job.py:190} INFO - Processing /home/airflow/sandbox/lib/python3.8/site-packages/airflow/example_dags/example_trigger_target_dag.py took 0.061 seconds
[2021-09-23 23:50:53,678] {scheduler_job.py:182} INFO - Started process (PID=9784) to work on /home/airflow/sandbox/lib/python3.8/site-packages/airflow/example_dags/example_trigger_target_dag.py
[2021-09-23 23:50:53,679] {scheduler_job.py:633} INFO - Processing file /home/airflow/sandbox/lib/python3.8/site-packages/airflow/example_dags/example_trigger_target_dag.py for tasks to queue
[2021-09-23 23:50:53,680] {logging_mixin.py:104} INFO - [2021-09-23 23:50:53,680] {dagbag.py:487} INFO - Filling up the DagBag from /home/airflow/sandbox/lib/python3.8/site-packages/airflow/example_dags/example_trigger_target_dag.py
[2021-09-23 23:50:53,691] {scheduler_job.py:643} INFO - DAG(s) dict_keys(['example_trigger_target_dag']) retrieved from /home/airflow/sandbox/lib/python3.8/site-packages/airflow/example_dags/example_trigger_target_dag.py
[2021-09-23 23:50:53,704] {logging_mixin.py:104} INFO - [2021-09-23 23:50:53,704] {dag.py:1832} INFO - Sync 1 DAGs
[2021-09-23 23:50:53,714] {logging_mixin.py:104} INFO - [2021-09-23 23:50:53,714] {dag.py:2305} INFO - Setting next_dagrun for example_trigger_target_dag to None
[2021-09-23 23:50:53,731] {scheduler_job.py:190} INFO - Processing /home/airflow/sandbox/lib/python3.8/site-packages/airflow/example_dags/example_trigger_target_dag.py took 0.055 seconds
[2021-09-23 23:51:25,453] {scheduler_job.py:182} INFO - Started process (PID=9814) to work on /home/airflow/sandbox/lib/python3.8/site-packages/airflow/example_dags/example_trigger_target_dag.py
[2021-09-23 23:51:25,454] {scheduler_job.py:633} INFO - Processing file /home/airflow/sandbox/lib/python3.8/site-packages/airflow/example_dags/example_trigger_target_dag.py for tasks to queue
[2021-09-23 23:51:25,455] {logging_mixin.py:104} INFO - [2021-09-23 23:51:25,455] {dagbag.py:487} INFO - Filling up the DagBag from /home/airflow/sandbox/lib/python3.8/site-packages/airflow/example_dags/example_trigger_target_dag.py
[2021-09-23 23:51:25,467] {scheduler_job.py:643} INFO - DAG(s) dict_keys(['example_trigger_target_dag']) retrieved from /home/airflow/sandbox/lib/python3.8/site-packages/airflow/example_dags/example_trigger_target_dag.py
[2021-09-23 23:51:25,479] {logging_mixin.py:104} INFO - [2021-09-23 23:51:25,479] {dag.py:1832} INFO - Sync 1 DAGs
[2021-09-23 23:51:25,489] {logging_mixin.py:104} INFO - [2021-09-23 23:51:25,489] {dag.py:2305} INFO - Setting next_dagrun for example_trigger_target_dag to None
[2021-09-23 23:51:25,512] {scheduler_job.py:190} INFO - Processing /home/airflow/sandbox/lib/python3.8/site-packages/airflow/example_dags/example_trigger_target_dag.py took 0.061 seconds
[2021-09-23 23:51:59,632] {scheduler_job.py:182} INFO - Started process (PID=9890) to work on /home/airflow/sandbox/lib/python3.8/site-packages/airflow/example_dags/example_trigger_target_dag.py
[2021-09-23 23:51:59,634] {scheduler_job.py:633} INFO - Processing file /home/airflow/sandbox/lib/python3.8/site-packages/airflow/example_dags/example_trigger_target_dag.py for tasks to queue
[2021-09-23 23:51:59,635] {logging_mixin.py:104} INFO - [2021-09-23 23:51:59,634] {dagbag.py:487} INFO - Filling up the DagBag from /home/airflow/sandbox/lib/python3.8/site-packages/airflow/example_dags/example_trigger_target_dag.py
[2021-09-23 23:51:59,651] {scheduler_job.py:643} INFO - DAG(s) dict_keys(['example_trigger_target_dag']) retrieved from /home/airflow/sandbox/lib/python3.8/site-packages/airflow/example_dags/example_trigger_target_dag.py
[2021-09-23 23:51:59,664] {logging_mixin.py:104} INFO - [2021-09-23 23:51:59,664] {dag.py:1832} INFO - Sync 1 DAGs
[2021-09-23 23:51:59,674] {logging_mixin.py:104} INFO - [2021-09-23 23:51:59,673] {dag.py:2305} INFO - Setting next_dagrun for example_trigger_target_dag to None
[2021-09-23 23:51:59,696] {scheduler_job.py:190} INFO - Processing /home/airflow/sandbox/lib/python3.8/site-packages/airflow/example_dags/example_trigger_target_dag.py took 0.067 seconds
[2021-09-23 23:52:31,806] {scheduler_job.py:182} INFO - Started process (PID=9923) to work on /home/airflow/sandbox/lib/python3.8/site-packages/airflow/example_dags/example_trigger_target_dag.py
[2021-09-23 23:52:31,807] {scheduler_job.py:633} INFO - Processing file /home/airflow/sandbox/lib/python3.8/site-packages/airflow/example_dags/example_trigger_target_dag.py for tasks to queue
[2021-09-23 23:52:31,807] {logging_mixin.py:104} INFO - [2021-09-23 23:52:31,807] {dagbag.py:487} INFO - Filling up the DagBag from /home/airflow/sandbox/lib/python3.8/site-packages/airflow/example_dags/example_trigger_target_dag.py
[2021-09-23 23:52:31,818] {scheduler_job.py:643} INFO - DAG(s) dict_keys(['example_trigger_target_dag']) retrieved from /home/airflow/sandbox/lib/python3.8/site-packages/airflow/example_dags/example_trigger_target_dag.py
[2021-09-23 23:52:31,831] {logging_mixin.py:104} INFO - [2021-09-23 23:52:31,831] {dag.py:1832} INFO - Sync 1 DAGs
[2021-09-23 23:52:31,842] {logging_mixin.py:104} INFO - [2021-09-23 23:52:31,842] {dag.py:2305} INFO - Setting next_dagrun for example_trigger_target_dag to None
[2021-09-23 23:52:31,859] {scheduler_job.py:190} INFO - Processing /home/airflow/sandbox/lib/python3.8/site-packages/airflow/example_dags/example_trigger_target_dag.py took 0.056 seconds
[2021-09-23 23:53:06,901] {scheduler_job.py:182} INFO - Started process (PID=9957) to work on /home/airflow/sandbox/lib/python3.8/site-packages/airflow/example_dags/example_trigger_target_dag.py
[2021-09-23 23:53:06,901] {scheduler_job.py:633} INFO - Processing file /home/airflow/sandbox/lib/python3.8/site-packages/airflow/example_dags/example_trigger_target_dag.py for tasks to queue
[2021-09-23 23:53:06,902] {logging_mixin.py:104} INFO - [2021-09-23 23:53:06,902] {dagbag.py:487} INFO - Filling up the DagBag from /home/airflow/sandbox/lib/python3.8/site-packages/airflow/example_dags/example_trigger_target_dag.py
[2021-09-23 23:53:06,922] {scheduler_job.py:643} INFO - DAG(s) dict_keys(['example_trigger_target_dag']) retrieved from /home/airflow/sandbox/lib/python3.8/site-packages/airflow/example_dags/example_trigger_target_dag.py
[2021-09-23 23:53:06,935] {logging_mixin.py:104} INFO - [2021-09-23 23:53:06,935] {dag.py:1832} INFO - Sync 1 DAGs
[2021-09-23 23:53:06,946] {logging_mixin.py:104} INFO - [2021-09-23 23:53:06,946] {dag.py:2305} INFO - Setting next_dagrun for example_trigger_target_dag to None
[2021-09-23 23:53:06,969] {scheduler_job.py:190} INFO - Processing /home/airflow/sandbox/lib/python3.8/site-packages/airflow/example_dags/example_trigger_target_dag.py took 0.071 seconds
[2021-09-23 23:53:42,686] {scheduler_job.py:182} INFO - Started process (PID=9991) to work on /home/airflow/sandbox/lib/python3.8/site-packages/airflow/example_dags/example_trigger_target_dag.py
[2021-09-23 23:53:42,687] {scheduler_job.py:633} INFO - Processing file /home/airflow/sandbox/lib/python3.8/site-packages/airflow/example_dags/example_trigger_target_dag.py for tasks to queue
[2021-09-23 23:53:42,688] {logging_mixin.py:104} INFO - [2021-09-23 23:53:42,687] {dagbag.py:487} INFO - Filling up the DagBag from /home/airflow/sandbox/lib/python3.8/site-packages/airflow/example_dags/example_trigger_target_dag.py
[2021-09-23 23:53:42,699] {scheduler_job.py:643} INFO - DAG(s) dict_keys(['example_trigger_target_dag']) retrieved from /home/airflow/sandbox/lib/python3.8/site-packages/airflow/example_dags/example_trigger_target_dag.py
[2021-09-23 23:53:42,717] {logging_mixin.py:104} INFO - [2021-09-23 23:53:42,717] {dag.py:1832} INFO - Sync 1 DAGs
[2021-09-23 23:53:42,731] {logging_mixin.py:104} INFO - [2021-09-23 23:53:42,731] {dag.py:2305} INFO - Setting next_dagrun for example_trigger_target_dag to None
[2021-09-23 23:53:42,748] {scheduler_job.py:190} INFO - Processing /home/airflow/sandbox/lib/python3.8/site-packages/airflow/example_dags/example_trigger_target_dag.py took 0.064 seconds
[2021-09-23 23:54:15,484] {scheduler_job.py:182} INFO - Started process (PID=10022) to work on /home/airflow/sandbox/lib/python3.8/site-packages/airflow/example_dags/example_trigger_target_dag.py
[2021-09-23 23:54:15,485] {scheduler_job.py:633} INFO - Processing file /home/airflow/sandbox/lib/python3.8/site-packages/airflow/example_dags/example_trigger_target_dag.py for tasks to queue
[2021-09-23 23:54:15,485] {logging_mixin.py:104} INFO - [2021-09-23 23:54:15,485] {dagbag.py:487} INFO - Filling up the DagBag from /home/airflow/sandbox/lib/python3.8/site-packages/airflow/example_dags/example_trigger_target_dag.py
[2021-09-23 23:54:15,499] {scheduler_job.py:643} INFO - DAG(s) dict_keys(['example_trigger_target_dag']) retrieved from /home/airflow/sandbox/lib/python3.8/site-packages/airflow/example_dags/example_trigger_target_dag.py
[2021-09-23 23:54:15,512] {logging_mixin.py:104} INFO - [2021-09-23 23:54:15,512] {dag.py:1832} INFO - Sync 1 DAGs
[2021-09-23 23:54:15,522] {logging_mixin.py:104} INFO - [2021-09-23 23:54:15,522] {dag.py:2305} INFO - Setting next_dagrun for example_trigger_target_dag to None
[2021-09-23 23:54:15,540] {scheduler_job.py:190} INFO - Processing /home/airflow/sandbox/lib/python3.8/site-packages/airflow/example_dags/example_trigger_target_dag.py took 0.059 seconds
[2021-09-23 23:54:49,266] {scheduler_job.py:182} INFO - Started process (PID=10054) to work on /home/airflow/sandbox/lib/python3.8/site-packages/airflow/example_dags/example_trigger_target_dag.py
[2021-09-23 23:54:49,267] {scheduler_job.py:633} INFO - Processing file /home/airflow/sandbox/lib/python3.8/site-packages/airflow/example_dags/example_trigger_target_dag.py for tasks to queue
[2021-09-23 23:54:49,267] {logging_mixin.py:104} INFO - [2021-09-23 23:54:49,267] {dagbag.py:487} INFO - Filling up the DagBag from /home/airflow/sandbox/lib/python3.8/site-packages/airflow/example_dags/example_trigger_target_dag.py
[2021-09-23 23:54:49,279] {scheduler_job.py:643} INFO - DAG(s) dict_keys(['example_trigger_target_dag']) retrieved from /home/airflow/sandbox/lib/python3.8/site-packages/airflow/example_dags/example_trigger_target_dag.py
[2021-09-23 23:54:49,291] {logging_mixin.py:104} INFO - [2021-09-23 23:54:49,291] {dag.py:1832} INFO - Sync 1 DAGs
[2021-09-23 23:54:49,304] {logging_mixin.py:104} INFO - [2021-09-23 23:54:49,302] {dag.py:2305} INFO - Setting next_dagrun for example_trigger_target_dag to None
[2021-09-23 23:54:49,325] {scheduler_job.py:190} INFO - Processing /home/airflow/sandbox/lib/python3.8/site-packages/airflow/example_dags/example_trigger_target_dag.py took 0.061 seconds
[2021-09-23 23:55:24,478] {scheduler_job.py:182} INFO - Started process (PID=10171) to work on /home/airflow/sandbox/lib/python3.8/site-packages/airflow/example_dags/example_trigger_target_dag.py
[2021-09-23 23:55:24,479] {scheduler_job.py:633} INFO - Processing file /home/airflow/sandbox/lib/python3.8/site-packages/airflow/example_dags/example_trigger_target_dag.py for tasks to queue
[2021-09-23 23:55:24,480] {logging_mixin.py:104} INFO - [2021-09-23 23:55:24,480] {dagbag.py:487} INFO - Filling up the DagBag from /home/airflow/sandbox/lib/python3.8/site-packages/airflow/example_dags/example_trigger_target_dag.py
[2021-09-23 23:55:24,494] {scheduler_job.py:643} INFO - DAG(s) dict_keys(['example_trigger_target_dag']) retrieved from /home/airflow/sandbox/lib/python3.8/site-packages/airflow/example_dags/example_trigger_target_dag.py
[2021-09-23 23:55:24,508] {logging_mixin.py:104} INFO - [2021-09-23 23:55:24,508] {dag.py:1832} INFO - Sync 1 DAGs
[2021-09-23 23:55:24,520] {logging_mixin.py:104} INFO - [2021-09-23 23:55:24,520] {dag.py:2305} INFO - Setting next_dagrun for example_trigger_target_dag to None
[2021-09-23 23:55:24,546] {scheduler_job.py:190} INFO - Processing /home/airflow/sandbox/lib/python3.8/site-packages/airflow/example_dags/example_trigger_target_dag.py took 0.071 seconds
[2021-09-23 23:56:02,114] {scheduler_job.py:182} INFO - Started process (PID=10206) to work on /home/airflow/sandbox/lib/python3.8/site-packages/airflow/example_dags/example_trigger_target_dag.py
[2021-09-23 23:56:02,115] {scheduler_job.py:633} INFO - Processing file /home/airflow/sandbox/lib/python3.8/site-packages/airflow/example_dags/example_trigger_target_dag.py for tasks to queue
[2021-09-23 23:56:02,115] {logging_mixin.py:104} INFO - [2021-09-23 23:56:02,115] {dagbag.py:487} INFO - Filling up the DagBag from /home/airflow/sandbox/lib/python3.8/site-packages/airflow/example_dags/example_trigger_target_dag.py
[2021-09-23 23:56:02,133] {scheduler_job.py:643} INFO - DAG(s) dict_keys(['example_trigger_target_dag']) retrieved from /home/airflow/sandbox/lib/python3.8/site-packages/airflow/example_dags/example_trigger_target_dag.py
[2021-09-23 23:56:02,150] {logging_mixin.py:104} INFO - [2021-09-23 23:56:02,149] {dag.py:1832} INFO - Sync 1 DAGs
[2021-09-23 23:56:02,164] {logging_mixin.py:104} INFO - [2021-09-23 23:56:02,164] {dag.py:2305} INFO - Setting next_dagrun for example_trigger_target_dag to None
[2021-09-23 23:56:02,189] {scheduler_job.py:190} INFO - Processing /home/airflow/sandbox/lib/python3.8/site-packages/airflow/example_dags/example_trigger_target_dag.py took 0.078 seconds
[2021-09-23 23:56:35,987] {scheduler_job.py:182} INFO - Started process (PID=10282) to work on /home/airflow/sandbox/lib/python3.8/site-packages/airflow/example_dags/example_trigger_target_dag.py
[2021-09-23 23:56:35,988] {scheduler_job.py:633} INFO - Processing file /home/airflow/sandbox/lib/python3.8/site-packages/airflow/example_dags/example_trigger_target_dag.py for tasks to queue
[2021-09-23 23:56:35,989] {logging_mixin.py:104} INFO - [2021-09-23 23:56:35,989] {dagbag.py:487} INFO - Filling up the DagBag from /home/airflow/sandbox/lib/python3.8/site-packages/airflow/example_dags/example_trigger_target_dag.py
[2021-09-23 23:56:36,000] {scheduler_job.py:643} INFO - DAG(s) dict_keys(['example_trigger_target_dag']) retrieved from /home/airflow/sandbox/lib/python3.8/site-packages/airflow/example_dags/example_trigger_target_dag.py
[2021-09-23 23:56:36,013] {logging_mixin.py:104} INFO - [2021-09-23 23:56:36,013] {dag.py:1832} INFO - Sync 1 DAGs
[2021-09-23 23:56:36,025] {logging_mixin.py:104} INFO - [2021-09-23 23:56:36,025] {dag.py:2305} INFO - Setting next_dagrun for example_trigger_target_dag to None
[2021-09-23 23:56:36,048] {scheduler_job.py:190} INFO - Processing /home/airflow/sandbox/lib/python3.8/site-packages/airflow/example_dags/example_trigger_target_dag.py took 0.071 seconds
[2021-09-23 23:57:12,357] {scheduler_job.py:182} INFO - Started process (PID=10540) to work on /home/airflow/sandbox/lib/python3.8/site-packages/airflow/example_dags/example_trigger_target_dag.py
[2021-09-23 23:57:12,358] {scheduler_job.py:633} INFO - Processing file /home/airflow/sandbox/lib/python3.8/site-packages/airflow/example_dags/example_trigger_target_dag.py for tasks to queue
[2021-09-23 23:57:12,358] {logging_mixin.py:104} INFO - [2021-09-23 23:57:12,358] {dagbag.py:487} INFO - Filling up the DagBag from /home/airflow/sandbox/lib/python3.8/site-packages/airflow/example_dags/example_trigger_target_dag.py
[2021-09-23 23:57:12,370] {scheduler_job.py:643} INFO - DAG(s) dict_keys(['example_trigger_target_dag']) retrieved from /home/airflow/sandbox/lib/python3.8/site-packages/airflow/example_dags/example_trigger_target_dag.py
[2021-09-23 23:57:12,384] {logging_mixin.py:104} INFO - [2021-09-23 23:57:12,384] {dag.py:1832} INFO - Sync 1 DAGs
[2021-09-23 23:57:12,402] {logging_mixin.py:104} INFO - [2021-09-23 23:57:12,401] {dag.py:2305} INFO - Setting next_dagrun for example_trigger_target_dag to None
[2021-09-23 23:57:12,424] {scheduler_job.py:190} INFO - Processing /home/airflow/sandbox/lib/python3.8/site-packages/airflow/example_dags/example_trigger_target_dag.py took 0.070 seconds
[2021-09-23 23:57:51,006] {scheduler_job.py:182} INFO - Started process (PID=10809) to work on /home/airflow/sandbox/lib/python3.8/site-packages/airflow/example_dags/example_trigger_target_dag.py
[2021-09-23 23:57:51,014] {scheduler_job.py:633} INFO - Processing file /home/airflow/sandbox/lib/python3.8/site-packages/airflow/example_dags/example_trigger_target_dag.py for tasks to queue
[2021-09-23 23:57:51,014] {logging_mixin.py:104} INFO - [2021-09-23 23:57:51,014] {dagbag.py:487} INFO - Filling up the DagBag from /home/airflow/sandbox/lib/python3.8/site-packages/airflow/example_dags/example_trigger_target_dag.py
[2021-09-23 23:57:51,051] {scheduler_job.py:643} INFO - DAG(s) dict_keys(['example_trigger_target_dag']) retrieved from /home/airflow/sandbox/lib/python3.8/site-packages/airflow/example_dags/example_trigger_target_dag.py
[2021-09-23 23:57:51,078] {logging_mixin.py:104} INFO - [2021-09-23 23:57:51,078] {dag.py:1832} INFO - Sync 1 DAGs
[2021-09-23 23:57:51,101] {logging_mixin.py:104} INFO - [2021-09-23 23:57:51,101] {dag.py:2305} INFO - Setting next_dagrun for example_trigger_target_dag to None
[2021-09-23 23:57:51,142] {scheduler_job.py:190} INFO - Processing /home/airflow/sandbox/lib/python3.8/site-packages/airflow/example_dags/example_trigger_target_dag.py took 0.138 seconds
[2021-09-23 23:58:30,383] {scheduler_job.py:182} INFO - Started process (PID=10879) to work on /home/airflow/sandbox/lib/python3.8/site-packages/airflow/example_dags/example_trigger_target_dag.py
[2021-09-23 23:58:30,384] {scheduler_job.py:633} INFO - Processing file /home/airflow/sandbox/lib/python3.8/site-packages/airflow/example_dags/example_trigger_target_dag.py for tasks to queue
[2021-09-23 23:58:30,385] {logging_mixin.py:104} INFO - [2021-09-23 23:58:30,385] {dagbag.py:487} INFO - Filling up the DagBag from /home/airflow/sandbox/lib/python3.8/site-packages/airflow/example_dags/example_trigger_target_dag.py
[2021-09-23 23:58:30,403] {scheduler_job.py:643} INFO - DAG(s) dict_keys(['example_trigger_target_dag']) retrieved from /home/airflow/sandbox/lib/python3.8/site-packages/airflow/example_dags/example_trigger_target_dag.py
[2021-09-23 23:58:30,415] {logging_mixin.py:104} INFO - [2021-09-23 23:58:30,415] {dag.py:1832} INFO - Sync 1 DAGs
[2021-09-23 23:58:30,429] {logging_mixin.py:104} INFO - [2021-09-23 23:58:30,429] {dag.py:2305} INFO - Setting next_dagrun for example_trigger_target_dag to None
[2021-09-23 23:58:30,445] {scheduler_job.py:190} INFO - Processing /home/airflow/sandbox/lib/python3.8/site-packages/airflow/example_dags/example_trigger_target_dag.py took 0.066 seconds
[2021-09-23 23:59:05,083] {scheduler_job.py:182} INFO - Started process (PID=10911) to work on /home/airflow/sandbox/lib/python3.8/site-packages/airflow/example_dags/example_trigger_target_dag.py
[2021-09-23 23:59:05,084] {scheduler_job.py:633} INFO - Processing file /home/airflow/sandbox/lib/python3.8/site-packages/airflow/example_dags/example_trigger_target_dag.py for tasks to queue
[2021-09-23 23:59:05,085] {logging_mixin.py:104} INFO - [2021-09-23 23:59:05,085] {dagbag.py:487} INFO - Filling up the DagBag from /home/airflow/sandbox/lib/python3.8/site-packages/airflow/example_dags/example_trigger_target_dag.py
[2021-09-23 23:59:05,100] {scheduler_job.py:643} INFO - DAG(s) dict_keys(['example_trigger_target_dag']) retrieved from /home/airflow/sandbox/lib/python3.8/site-packages/airflow/example_dags/example_trigger_target_dag.py
[2021-09-23 23:59:05,113] {logging_mixin.py:104} INFO - [2021-09-23 23:59:05,113] {dag.py:1832} INFO - Sync 1 DAGs
[2021-09-23 23:59:05,128] {logging_mixin.py:104} INFO - [2021-09-23 23:59:05,128] {dag.py:2305} INFO - Setting next_dagrun for example_trigger_target_dag to None
[2021-09-23 23:59:05,148] {scheduler_job.py:190} INFO - Processing /home/airflow/sandbox/lib/python3.8/site-packages/airflow/example_dags/example_trigger_target_dag.py took 0.067 seconds
[2021-09-23 23:59:38,288] {scheduler_job.py:182} INFO - Started process (PID=10943) to work on /home/airflow/sandbox/lib/python3.8/site-packages/airflow/example_dags/example_trigger_target_dag.py
[2021-09-23 23:59:38,289] {scheduler_job.py:633} INFO - Processing file /home/airflow/sandbox/lib/python3.8/site-packages/airflow/example_dags/example_trigger_target_dag.py for tasks to queue
[2021-09-23 23:59:38,289] {logging_mixin.py:104} INFO - [2021-09-23 23:59:38,289] {dagbag.py:487} INFO - Filling up the DagBag from /home/airflow/sandbox/lib/python3.8/site-packages/airflow/example_dags/example_trigger_target_dag.py
[2021-09-23 23:59:38,303] {scheduler_job.py:643} INFO - DAG(s) dict_keys(['example_trigger_target_dag']) retrieved from /home/airflow/sandbox/lib/python3.8/site-packages/airflow/example_dags/example_trigger_target_dag.py
[2021-09-23 23:59:38,317] {logging_mixin.py:104} INFO - [2021-09-23 23:59:38,317] {dag.py:1832} INFO - Sync 1 DAGs
[2021-09-23 23:59:38,331] {logging_mixin.py:104} INFO - [2021-09-23 23:59:38,331] {dag.py:2305} INFO - Setting next_dagrun for example_trigger_target_dag to None
[2021-09-23 23:59:38,348] {scheduler_job.py:190} INFO - Processing /home/airflow/sandbox/lib/python3.8/site-packages/airflow/example_dags/example_trigger_target_dag.py took 0.063 seconds
