[2021-09-23 22:57:26,534] {scheduler_job.py:182} INFO - Started process (PID=5890) to work on /home/airflow/sandbox/lib/python3.8/site-packages/airflow/example_dags/example_branch_operator.py
[2021-09-23 22:57:26,535] {scheduler_job.py:633} INFO - Processing file /home/airflow/sandbox/lib/python3.8/site-packages/airflow/example_dags/example_branch_operator.py for tasks to queue
[2021-09-23 22:57:26,536] {logging_mixin.py:104} INFO - [2021-09-23 22:57:26,536] {dagbag.py:487} INFO - Filling up the DagBag from /home/airflow/sandbox/lib/python3.8/site-packages/airflow/example_dags/example_branch_operator.py
[2021-09-23 22:57:26,550] {scheduler_job.py:643} INFO - DAG(s) dict_keys(['example_branch_operator']) retrieved from /home/airflow/sandbox/lib/python3.8/site-packages/airflow/example_dags/example_branch_operator.py
[2021-09-23 22:57:26,933] {logging_mixin.py:104} INFO - [2021-09-23 22:57:26,933] {dag.py:1832} INFO - Sync 1 DAGs
[2021-09-23 22:57:26,947] {logging_mixin.py:104} INFO - [2021-09-23 22:57:26,947] {dag.py:2305} INFO - Setting next_dagrun for example_branch_operator to 2021-09-21 00:00:00+00:00
[2021-09-23 22:57:26,969] {scheduler_job.py:190} INFO - Processing /home/airflow/sandbox/lib/python3.8/site-packages/airflow/example_dags/example_branch_operator.py took 0.438 seconds
[2021-09-23 22:58:02,791] {scheduler_job.py:182} INFO - Started process (PID=6041) to work on /home/airflow/sandbox/lib/python3.8/site-packages/airflow/example_dags/example_branch_operator.py
[2021-09-23 22:58:02,792] {scheduler_job.py:633} INFO - Processing file /home/airflow/sandbox/lib/python3.8/site-packages/airflow/example_dags/example_branch_operator.py for tasks to queue
[2021-09-23 22:58:02,793] {logging_mixin.py:104} INFO - [2021-09-23 22:58:02,792] {dagbag.py:487} INFO - Filling up the DagBag from /home/airflow/sandbox/lib/python3.8/site-packages/airflow/example_dags/example_branch_operator.py
[2021-09-23 22:58:02,807] {scheduler_job.py:643} INFO - DAG(s) dict_keys(['example_branch_operator']) retrieved from /home/airflow/sandbox/lib/python3.8/site-packages/airflow/example_dags/example_branch_operator.py
[2021-09-23 22:58:02,829] {logging_mixin.py:104} INFO - [2021-09-23 22:58:02,829] {dag.py:1832} INFO - Sync 1 DAGs
[2021-09-23 22:58:02,847] {logging_mixin.py:104} INFO - [2021-09-23 22:58:02,847] {dag.py:2305} INFO - Setting next_dagrun for example_branch_operator to 2021-09-21 00:00:00+00:00
[2021-09-23 22:58:02,866] {scheduler_job.py:190} INFO - Processing /home/airflow/sandbox/lib/python3.8/site-packages/airflow/example_dags/example_branch_operator.py took 0.078 seconds
[2021-09-23 22:58:38,177] {scheduler_job.py:182} INFO - Started process (PID=6119) to work on /home/airflow/sandbox/lib/python3.8/site-packages/airflow/example_dags/example_branch_operator.py
[2021-09-23 22:58:38,178] {scheduler_job.py:633} INFO - Processing file /home/airflow/sandbox/lib/python3.8/site-packages/airflow/example_dags/example_branch_operator.py for tasks to queue
[2021-09-23 22:58:38,178] {logging_mixin.py:104} INFO - [2021-09-23 22:58:38,178] {dagbag.py:487} INFO - Filling up the DagBag from /home/airflow/sandbox/lib/python3.8/site-packages/airflow/example_dags/example_branch_operator.py
[2021-09-23 22:58:38,191] {scheduler_job.py:643} INFO - DAG(s) dict_keys(['example_branch_operator']) retrieved from /home/airflow/sandbox/lib/python3.8/site-packages/airflow/example_dags/example_branch_operator.py
[2021-09-23 22:58:38,206] {logging_mixin.py:104} INFO - [2021-09-23 22:58:38,206] {dag.py:1832} INFO - Sync 1 DAGs
[2021-09-23 22:58:38,222] {logging_mixin.py:104} INFO - [2021-09-23 22:58:38,222] {dag.py:2305} INFO - Setting next_dagrun for example_branch_operator to 2021-09-21 00:00:00+00:00
[2021-09-23 22:58:38,242] {scheduler_job.py:190} INFO - Processing /home/airflow/sandbox/lib/python3.8/site-packages/airflow/example_dags/example_branch_operator.py took 0.068 seconds
[2021-09-23 22:59:12,845] {scheduler_job.py:182} INFO - Started process (PID=6212) to work on /home/airflow/sandbox/lib/python3.8/site-packages/airflow/example_dags/example_branch_operator.py
[2021-09-23 22:59:12,846] {scheduler_job.py:633} INFO - Processing file /home/airflow/sandbox/lib/python3.8/site-packages/airflow/example_dags/example_branch_operator.py for tasks to queue
[2021-09-23 22:59:12,846] {logging_mixin.py:104} INFO - [2021-09-23 22:59:12,846] {dagbag.py:487} INFO - Filling up the DagBag from /home/airflow/sandbox/lib/python3.8/site-packages/airflow/example_dags/example_branch_operator.py
[2021-09-23 22:59:12,858] {scheduler_job.py:643} INFO - DAG(s) dict_keys(['example_branch_operator']) retrieved from /home/airflow/sandbox/lib/python3.8/site-packages/airflow/example_dags/example_branch_operator.py
[2021-09-23 22:59:12,873] {logging_mixin.py:104} INFO - [2021-09-23 22:59:12,873] {dag.py:1832} INFO - Sync 1 DAGs
[2021-09-23 22:59:12,886] {logging_mixin.py:104} INFO - [2021-09-23 22:59:12,886] {dag.py:2305} INFO - Setting next_dagrun for example_branch_operator to 2021-09-21 00:00:00+00:00
[2021-09-23 22:59:12,907] {scheduler_job.py:190} INFO - Processing /home/airflow/sandbox/lib/python3.8/site-packages/airflow/example_dags/example_branch_operator.py took 0.064 seconds
[2021-09-23 22:59:48,082] {scheduler_job.py:182} INFO - Started process (PID=6244) to work on /home/airflow/sandbox/lib/python3.8/site-packages/airflow/example_dags/example_branch_operator.py
[2021-09-23 22:59:48,083] {scheduler_job.py:633} INFO - Processing file /home/airflow/sandbox/lib/python3.8/site-packages/airflow/example_dags/example_branch_operator.py for tasks to queue
[2021-09-23 22:59:48,084] {logging_mixin.py:104} INFO - [2021-09-23 22:59:48,084] {dagbag.py:487} INFO - Filling up the DagBag from /home/airflow/sandbox/lib/python3.8/site-packages/airflow/example_dags/example_branch_operator.py
[2021-09-23 22:59:48,101] {scheduler_job.py:643} INFO - DAG(s) dict_keys(['example_branch_operator']) retrieved from /home/airflow/sandbox/lib/python3.8/site-packages/airflow/example_dags/example_branch_operator.py
[2021-09-23 22:59:48,116] {logging_mixin.py:104} INFO - [2021-09-23 22:59:48,116] {dag.py:1832} INFO - Sync 1 DAGs
[2021-09-23 22:59:48,134] {logging_mixin.py:104} INFO - [2021-09-23 22:59:48,133] {dag.py:2305} INFO - Setting next_dagrun for example_branch_operator to 2021-09-21 00:00:00+00:00
[2021-09-23 22:59:48,156] {scheduler_job.py:190} INFO - Processing /home/airflow/sandbox/lib/python3.8/site-packages/airflow/example_dags/example_branch_operator.py took 0.078 seconds
[2021-09-23 23:00:24,066] {scheduler_job.py:182} INFO - Started process (PID=6299) to work on /home/airflow/sandbox/lib/python3.8/site-packages/airflow/example_dags/example_branch_operator.py
[2021-09-23 23:00:24,067] {scheduler_job.py:633} INFO - Processing file /home/airflow/sandbox/lib/python3.8/site-packages/airflow/example_dags/example_branch_operator.py for tasks to queue
[2021-09-23 23:00:24,068] {logging_mixin.py:104} INFO - [2021-09-23 23:00:24,068] {dagbag.py:487} INFO - Filling up the DagBag from /home/airflow/sandbox/lib/python3.8/site-packages/airflow/example_dags/example_branch_operator.py
[2021-09-23 23:00:24,083] {scheduler_job.py:643} INFO - DAG(s) dict_keys(['example_branch_operator']) retrieved from /home/airflow/sandbox/lib/python3.8/site-packages/airflow/example_dags/example_branch_operator.py
[2021-09-23 23:00:24,100] {logging_mixin.py:104} INFO - [2021-09-23 23:00:24,099] {dag.py:1832} INFO - Sync 1 DAGs
[2021-09-23 23:00:24,113] {logging_mixin.py:104} INFO - [2021-09-23 23:00:24,113] {dag.py:2305} INFO - Setting next_dagrun for example_branch_operator to 2021-09-21 00:00:00+00:00
[2021-09-23 23:00:24,133] {scheduler_job.py:190} INFO - Processing /home/airflow/sandbox/lib/python3.8/site-packages/airflow/example_dags/example_branch_operator.py took 0.071 seconds
[2021-09-23 23:01:02,037] {scheduler_job.py:182} INFO - Started process (PID=6355) to work on /home/airflow/sandbox/lib/python3.8/site-packages/airflow/example_dags/example_branch_operator.py
[2021-09-23 23:01:02,040] {scheduler_job.py:633} INFO - Processing file /home/airflow/sandbox/lib/python3.8/site-packages/airflow/example_dags/example_branch_operator.py for tasks to queue
[2021-09-23 23:01:02,041] {logging_mixin.py:104} INFO - [2021-09-23 23:01:02,040] {dagbag.py:487} INFO - Filling up the DagBag from /home/airflow/sandbox/lib/python3.8/site-packages/airflow/example_dags/example_branch_operator.py
[2021-09-23 23:01:02,112] {scheduler_job.py:643} INFO - DAG(s) dict_keys(['example_branch_operator']) retrieved from /home/airflow/sandbox/lib/python3.8/site-packages/airflow/example_dags/example_branch_operator.py
[2021-09-23 23:01:02,224] {logging_mixin.py:104} INFO - [2021-09-23 23:01:02,222] {dag.py:1832} INFO - Sync 1 DAGs
[2021-09-23 23:01:02,358] {logging_mixin.py:104} INFO - [2021-09-23 23:01:02,358] {dag.py:2305} INFO - Setting next_dagrun for example_branch_operator to 2021-09-21 00:00:00+00:00
[2021-09-23 23:01:02,411] {scheduler_job.py:190} INFO - Processing /home/airflow/sandbox/lib/python3.8/site-packages/airflow/example_dags/example_branch_operator.py took 0.379 seconds
[2021-09-23 23:01:38,133] {scheduler_job.py:182} INFO - Started process (PID=6388) to work on /home/airflow/sandbox/lib/python3.8/site-packages/airflow/example_dags/example_branch_operator.py
[2021-09-23 23:01:38,134] {scheduler_job.py:633} INFO - Processing file /home/airflow/sandbox/lib/python3.8/site-packages/airflow/example_dags/example_branch_operator.py for tasks to queue
[2021-09-23 23:01:38,135] {logging_mixin.py:104} INFO - [2021-09-23 23:01:38,135] {dagbag.py:487} INFO - Filling up the DagBag from /home/airflow/sandbox/lib/python3.8/site-packages/airflow/example_dags/example_branch_operator.py
[2021-09-23 23:01:38,149] {scheduler_job.py:643} INFO - DAG(s) dict_keys(['example_branch_operator']) retrieved from /home/airflow/sandbox/lib/python3.8/site-packages/airflow/example_dags/example_branch_operator.py
[2021-09-23 23:01:38,167] {logging_mixin.py:104} INFO - [2021-09-23 23:01:38,167] {dag.py:1832} INFO - Sync 1 DAGs
[2021-09-23 23:01:38,182] {logging_mixin.py:104} INFO - [2021-09-23 23:01:38,182] {dag.py:2305} INFO - Setting next_dagrun for example_branch_operator to 2021-09-21 00:00:00+00:00
[2021-09-23 23:01:38,210] {scheduler_job.py:190} INFO - Processing /home/airflow/sandbox/lib/python3.8/site-packages/airflow/example_dags/example_branch_operator.py took 0.080 seconds
[2021-09-23 23:02:17,938] {scheduler_job.py:182} INFO - Started process (PID=6533) to work on /home/airflow/sandbox/lib/python3.8/site-packages/airflow/example_dags/example_branch_operator.py
[2021-09-23 23:02:17,939] {scheduler_job.py:633} INFO - Processing file /home/airflow/sandbox/lib/python3.8/site-packages/airflow/example_dags/example_branch_operator.py for tasks to queue
[2021-09-23 23:02:17,940] {logging_mixin.py:104} INFO - [2021-09-23 23:02:17,940] {dagbag.py:487} INFO - Filling up the DagBag from /home/airflow/sandbox/lib/python3.8/site-packages/airflow/example_dags/example_branch_operator.py
[2021-09-23 23:02:17,953] {scheduler_job.py:643} INFO - DAG(s) dict_keys(['example_branch_operator']) retrieved from /home/airflow/sandbox/lib/python3.8/site-packages/airflow/example_dags/example_branch_operator.py
[2021-09-23 23:02:17,969] {logging_mixin.py:104} INFO - [2021-09-23 23:02:17,967] {dag.py:1832} INFO - Sync 1 DAGs
[2021-09-23 23:02:17,985] {logging_mixin.py:104} INFO - [2021-09-23 23:02:17,985] {dag.py:2305} INFO - Setting next_dagrun for example_branch_operator to 2021-09-21 00:00:00+00:00
[2021-09-23 23:02:18,003] {scheduler_job.py:190} INFO - Processing /home/airflow/sandbox/lib/python3.8/site-packages/airflow/example_dags/example_branch_operator.py took 0.068 seconds
[2021-09-23 23:02:53,729] {scheduler_job.py:182} INFO - Started process (PID=6566) to work on /home/airflow/sandbox/lib/python3.8/site-packages/airflow/example_dags/example_branch_operator.py
[2021-09-23 23:02:53,731] {scheduler_job.py:633} INFO - Processing file /home/airflow/sandbox/lib/python3.8/site-packages/airflow/example_dags/example_branch_operator.py for tasks to queue
[2021-09-23 23:02:53,731] {logging_mixin.py:104} INFO - [2021-09-23 23:02:53,731] {dagbag.py:487} INFO - Filling up the DagBag from /home/airflow/sandbox/lib/python3.8/site-packages/airflow/example_dags/example_branch_operator.py
[2021-09-23 23:02:53,744] {scheduler_job.py:643} INFO - DAG(s) dict_keys(['example_branch_operator']) retrieved from /home/airflow/sandbox/lib/python3.8/site-packages/airflow/example_dags/example_branch_operator.py
[2021-09-23 23:02:53,761] {logging_mixin.py:104} INFO - [2021-09-23 23:02:53,761] {dag.py:1832} INFO - Sync 1 DAGs
[2021-09-23 23:02:53,776] {logging_mixin.py:104} INFO - [2021-09-23 23:02:53,776] {dag.py:2305} INFO - Setting next_dagrun for example_branch_operator to 2021-09-21 00:00:00+00:00
[2021-09-23 23:02:53,801] {scheduler_job.py:190} INFO - Processing /home/airflow/sandbox/lib/python3.8/site-packages/airflow/example_dags/example_branch_operator.py took 0.075 seconds
[2021-09-23 23:03:27,970] {scheduler_job.py:182} INFO - Started process (PID=6793) to work on /home/airflow/sandbox/lib/python3.8/site-packages/airflow/example_dags/example_branch_operator.py
[2021-09-23 23:03:27,971] {scheduler_job.py:633} INFO - Processing file /home/airflow/sandbox/lib/python3.8/site-packages/airflow/example_dags/example_branch_operator.py for tasks to queue
[2021-09-23 23:03:27,971] {logging_mixin.py:104} INFO - [2021-09-23 23:03:27,971] {dagbag.py:487} INFO - Filling up the DagBag from /home/airflow/sandbox/lib/python3.8/site-packages/airflow/example_dags/example_branch_operator.py
[2021-09-23 23:03:27,983] {scheduler_job.py:643} INFO - DAG(s) dict_keys(['example_branch_operator']) retrieved from /home/airflow/sandbox/lib/python3.8/site-packages/airflow/example_dags/example_branch_operator.py
[2021-09-23 23:03:27,997] {logging_mixin.py:104} INFO - [2021-09-23 23:03:27,997] {dag.py:1832} INFO - Sync 1 DAGs
[2021-09-23 23:03:28,016] {logging_mixin.py:104} INFO - [2021-09-23 23:03:28,016] {dag.py:2305} INFO - Setting next_dagrun for example_branch_operator to 2021-09-21 00:00:00+00:00
[2021-09-23 23:03:28,040] {scheduler_job.py:190} INFO - Processing /home/airflow/sandbox/lib/python3.8/site-packages/airflow/example_dags/example_branch_operator.py took 0.073 seconds
[2021-09-23 23:04:04,172] {scheduler_job.py:182} INFO - Started process (PID=6899) to work on /home/airflow/sandbox/lib/python3.8/site-packages/airflow/example_dags/example_branch_operator.py
[2021-09-23 23:04:04,173] {scheduler_job.py:633} INFO - Processing file /home/airflow/sandbox/lib/python3.8/site-packages/airflow/example_dags/example_branch_operator.py for tasks to queue
[2021-09-23 23:04:04,174] {logging_mixin.py:104} INFO - [2021-09-23 23:04:04,173] {dagbag.py:487} INFO - Filling up the DagBag from /home/airflow/sandbox/lib/python3.8/site-packages/airflow/example_dags/example_branch_operator.py
[2021-09-23 23:04:04,187] {scheduler_job.py:643} INFO - DAG(s) dict_keys(['example_branch_operator']) retrieved from /home/airflow/sandbox/lib/python3.8/site-packages/airflow/example_dags/example_branch_operator.py
[2021-09-23 23:04:04,201] {logging_mixin.py:104} INFO - [2021-09-23 23:04:04,201] {dag.py:1832} INFO - Sync 1 DAGs
[2021-09-23 23:04:04,218] {logging_mixin.py:104} INFO - [2021-09-23 23:04:04,218] {dag.py:2305} INFO - Setting next_dagrun for example_branch_operator to 2021-09-21 00:00:00+00:00
[2021-09-23 23:04:04,240] {scheduler_job.py:190} INFO - Processing /home/airflow/sandbox/lib/python3.8/site-packages/airflow/example_dags/example_branch_operator.py took 0.072 seconds
[2021-09-23 23:04:38,029] {scheduler_job.py:182} INFO - Started process (PID=6931) to work on /home/airflow/sandbox/lib/python3.8/site-packages/airflow/example_dags/example_branch_operator.py
[2021-09-23 23:04:38,030] {scheduler_job.py:633} INFO - Processing file /home/airflow/sandbox/lib/python3.8/site-packages/airflow/example_dags/example_branch_operator.py for tasks to queue
[2021-09-23 23:04:38,030] {logging_mixin.py:104} INFO - [2021-09-23 23:04:38,030] {dagbag.py:487} INFO - Filling up the DagBag from /home/airflow/sandbox/lib/python3.8/site-packages/airflow/example_dags/example_branch_operator.py
[2021-09-23 23:04:38,045] {scheduler_job.py:643} INFO - DAG(s) dict_keys(['example_branch_operator']) retrieved from /home/airflow/sandbox/lib/python3.8/site-packages/airflow/example_dags/example_branch_operator.py
[2021-09-23 23:04:38,060] {logging_mixin.py:104} INFO - [2021-09-23 23:04:38,060] {dag.py:1832} INFO - Sync 1 DAGs
[2021-09-23 23:04:38,072] {logging_mixin.py:104} INFO - [2021-09-23 23:04:38,072] {dag.py:2305} INFO - Setting next_dagrun for example_branch_operator to 2021-09-21 00:00:00+00:00
[2021-09-23 23:04:38,095] {scheduler_job.py:190} INFO - Processing /home/airflow/sandbox/lib/python3.8/site-packages/airflow/example_dags/example_branch_operator.py took 0.069 seconds
[2021-09-23 23:05:10,206] {scheduler_job.py:182} INFO - Started process (PID=6989) to work on /home/airflow/sandbox/lib/python3.8/site-packages/airflow/example_dags/example_branch_operator.py
[2021-09-23 23:05:10,207] {scheduler_job.py:633} INFO - Processing file /home/airflow/sandbox/lib/python3.8/site-packages/airflow/example_dags/example_branch_operator.py for tasks to queue
[2021-09-23 23:05:10,207] {logging_mixin.py:104} INFO - [2021-09-23 23:05:10,207] {dagbag.py:487} INFO - Filling up the DagBag from /home/airflow/sandbox/lib/python3.8/site-packages/airflow/example_dags/example_branch_operator.py
[2021-09-23 23:05:10,224] {scheduler_job.py:643} INFO - DAG(s) dict_keys(['example_branch_operator']) retrieved from /home/airflow/sandbox/lib/python3.8/site-packages/airflow/example_dags/example_branch_operator.py
[2021-09-23 23:05:10,239] {logging_mixin.py:104} INFO - [2021-09-23 23:05:10,239] {dag.py:1832} INFO - Sync 1 DAGs
[2021-09-23 23:05:10,254] {logging_mixin.py:104} INFO - [2021-09-23 23:05:10,254] {dag.py:2305} INFO - Setting next_dagrun for example_branch_operator to 2021-09-21 00:00:00+00:00
[2021-09-23 23:05:10,276] {scheduler_job.py:190} INFO - Processing /home/airflow/sandbox/lib/python3.8/site-packages/airflow/example_dags/example_branch_operator.py took 0.073 seconds
[2021-09-23 23:05:44,776] {scheduler_job.py:182} INFO - Started process (PID=7064) to work on /home/airflow/sandbox/lib/python3.8/site-packages/airflow/example_dags/example_branch_operator.py
[2021-09-23 23:05:44,777] {scheduler_job.py:633} INFO - Processing file /home/airflow/sandbox/lib/python3.8/site-packages/airflow/example_dags/example_branch_operator.py for tasks to queue
[2021-09-23 23:05:44,778] {logging_mixin.py:104} INFO - [2021-09-23 23:05:44,778] {dagbag.py:487} INFO - Filling up the DagBag from /home/airflow/sandbox/lib/python3.8/site-packages/airflow/example_dags/example_branch_operator.py
[2021-09-23 23:05:44,792] {scheduler_job.py:643} INFO - DAG(s) dict_keys(['example_branch_operator']) retrieved from /home/airflow/sandbox/lib/python3.8/site-packages/airflow/example_dags/example_branch_operator.py
[2021-09-23 23:05:44,807] {logging_mixin.py:104} INFO - [2021-09-23 23:05:44,807] {dag.py:1832} INFO - Sync 1 DAGs
[2021-09-23 23:05:44,822] {logging_mixin.py:104} INFO - [2021-09-23 23:05:44,822] {dag.py:2305} INFO - Setting next_dagrun for example_branch_operator to 2021-09-21 00:00:00+00:00
[2021-09-23 23:05:44,840] {scheduler_job.py:190} INFO - Processing /home/airflow/sandbox/lib/python3.8/site-packages/airflow/example_dags/example_branch_operator.py took 0.068 seconds
[2021-09-23 23:06:22,128] {scheduler_job.py:182} INFO - Started process (PID=7181) to work on /home/airflow/sandbox/lib/python3.8/site-packages/airflow/example_dags/example_branch_operator.py
[2021-09-23 23:06:22,130] {scheduler_job.py:633} INFO - Processing file /home/airflow/sandbox/lib/python3.8/site-packages/airflow/example_dags/example_branch_operator.py for tasks to queue
[2021-09-23 23:06:22,131] {logging_mixin.py:104} INFO - [2021-09-23 23:06:22,131] {dagbag.py:487} INFO - Filling up the DagBag from /home/airflow/sandbox/lib/python3.8/site-packages/airflow/example_dags/example_branch_operator.py
[2021-09-23 23:06:22,147] {scheduler_job.py:643} INFO - DAG(s) dict_keys(['example_branch_operator']) retrieved from /home/airflow/sandbox/lib/python3.8/site-packages/airflow/example_dags/example_branch_operator.py
[2021-09-23 23:06:22,164] {logging_mixin.py:104} INFO - [2021-09-23 23:06:22,164] {dag.py:1832} INFO - Sync 1 DAGs
[2021-09-23 23:06:22,188] {logging_mixin.py:104} INFO - [2021-09-23 23:06:22,187] {dag.py:2305} INFO - Setting next_dagrun for example_branch_operator to 2021-09-21 00:00:00+00:00
[2021-09-23 23:06:22,230] {scheduler_job.py:190} INFO - Processing /home/airflow/sandbox/lib/python3.8/site-packages/airflow/example_dags/example_branch_operator.py took 0.105 seconds
[2021-09-23 23:07:03,147] {scheduler_job.py:182} INFO - Started process (PID=7343) to work on /home/airflow/sandbox/lib/python3.8/site-packages/airflow/example_dags/example_branch_operator.py
[2021-09-23 23:07:03,148] {scheduler_job.py:633} INFO - Processing file /home/airflow/sandbox/lib/python3.8/site-packages/airflow/example_dags/example_branch_operator.py for tasks to queue
[2021-09-23 23:07:03,149] {logging_mixin.py:104} INFO - [2021-09-23 23:07:03,149] {dagbag.py:487} INFO - Filling up the DagBag from /home/airflow/sandbox/lib/python3.8/site-packages/airflow/example_dags/example_branch_operator.py
[2021-09-23 23:07:03,164] {scheduler_job.py:643} INFO - DAG(s) dict_keys(['example_branch_operator']) retrieved from /home/airflow/sandbox/lib/python3.8/site-packages/airflow/example_dags/example_branch_operator.py
[2021-09-23 23:07:03,179] {logging_mixin.py:104} INFO - [2021-09-23 23:07:03,179] {dag.py:1832} INFO - Sync 1 DAGs
[2021-09-23 23:07:03,196] {logging_mixin.py:104} INFO - [2021-09-23 23:07:03,196] {dag.py:2305} INFO - Setting next_dagrun for example_branch_operator to 2021-09-21 00:00:00+00:00
[2021-09-23 23:07:03,215] {scheduler_job.py:190} INFO - Processing /home/airflow/sandbox/lib/python3.8/site-packages/airflow/example_dags/example_branch_operator.py took 0.072 seconds
[2021-09-23 23:07:36,766] {scheduler_job.py:182} INFO - Started process (PID=7376) to work on /home/airflow/sandbox/lib/python3.8/site-packages/airflow/example_dags/example_branch_operator.py
[2021-09-23 23:07:36,770] {scheduler_job.py:633} INFO - Processing file /home/airflow/sandbox/lib/python3.8/site-packages/airflow/example_dags/example_branch_operator.py for tasks to queue
[2021-09-23 23:07:36,771] {logging_mixin.py:104} INFO - [2021-09-23 23:07:36,771] {dagbag.py:487} INFO - Filling up the DagBag from /home/airflow/sandbox/lib/python3.8/site-packages/airflow/example_dags/example_branch_operator.py
[2021-09-23 23:07:36,783] {scheduler_job.py:643} INFO - DAG(s) dict_keys(['example_branch_operator']) retrieved from /home/airflow/sandbox/lib/python3.8/site-packages/airflow/example_dags/example_branch_operator.py
[2021-09-23 23:07:36,798] {logging_mixin.py:104} INFO - [2021-09-23 23:07:36,798] {dag.py:1832} INFO - Sync 1 DAGs
[2021-09-23 23:07:36,813] {logging_mixin.py:104} INFO - [2021-09-23 23:07:36,813] {dag.py:2305} INFO - Setting next_dagrun for example_branch_operator to 2021-09-21 00:00:00+00:00
[2021-09-23 23:07:36,827] {scheduler_job.py:190} INFO - Processing /home/airflow/sandbox/lib/python3.8/site-packages/airflow/example_dags/example_branch_operator.py took 0.063 seconds
[2021-09-23 23:08:12,086] {scheduler_job.py:182} INFO - Started process (PID=7409) to work on /home/airflow/sandbox/lib/python3.8/site-packages/airflow/example_dags/example_branch_operator.py
[2021-09-23 23:08:12,087] {scheduler_job.py:633} INFO - Processing file /home/airflow/sandbox/lib/python3.8/site-packages/airflow/example_dags/example_branch_operator.py for tasks to queue
[2021-09-23 23:08:12,087] {logging_mixin.py:104} INFO - [2021-09-23 23:08:12,087] {dagbag.py:487} INFO - Filling up the DagBag from /home/airflow/sandbox/lib/python3.8/site-packages/airflow/example_dags/example_branch_operator.py
[2021-09-23 23:08:12,100] {scheduler_job.py:643} INFO - DAG(s) dict_keys(['example_branch_operator']) retrieved from /home/airflow/sandbox/lib/python3.8/site-packages/airflow/example_dags/example_branch_operator.py
[2021-09-23 23:08:12,114] {logging_mixin.py:104} INFO - [2021-09-23 23:08:12,114] {dag.py:1832} INFO - Sync 1 DAGs
[2021-09-23 23:08:12,128] {logging_mixin.py:104} INFO - [2021-09-23 23:08:12,128] {dag.py:2305} INFO - Setting next_dagrun for example_branch_operator to 2021-09-21 00:00:00+00:00
[2021-09-23 23:08:12,152] {scheduler_job.py:190} INFO - Processing /home/airflow/sandbox/lib/python3.8/site-packages/airflow/example_dags/example_branch_operator.py took 0.070 seconds
[2021-09-23 23:08:48,008] {scheduler_job.py:182} INFO - Started process (PID=7535) to work on /home/airflow/sandbox/lib/python3.8/site-packages/airflow/example_dags/example_branch_operator.py
[2021-09-23 23:08:48,009] {scheduler_job.py:633} INFO - Processing file /home/airflow/sandbox/lib/python3.8/site-packages/airflow/example_dags/example_branch_operator.py for tasks to queue
[2021-09-23 23:08:48,010] {logging_mixin.py:104} INFO - [2021-09-23 23:08:48,010] {dagbag.py:487} INFO - Filling up the DagBag from /home/airflow/sandbox/lib/python3.8/site-packages/airflow/example_dags/example_branch_operator.py
[2021-09-23 23:08:48,024] {scheduler_job.py:643} INFO - DAG(s) dict_keys(['example_branch_operator']) retrieved from /home/airflow/sandbox/lib/python3.8/site-packages/airflow/example_dags/example_branch_operator.py
[2021-09-23 23:08:48,042] {logging_mixin.py:104} INFO - [2021-09-23 23:08:48,042] {dag.py:1832} INFO - Sync 1 DAGs
[2021-09-23 23:08:48,065] {logging_mixin.py:104} INFO - [2021-09-23 23:08:48,064] {dag.py:2305} INFO - Setting next_dagrun for example_branch_operator to 2021-09-21 00:00:00+00:00
[2021-09-23 23:08:48,084] {scheduler_job.py:190} INFO - Processing /home/airflow/sandbox/lib/python3.8/site-packages/airflow/example_dags/example_branch_operator.py took 0.081 seconds
[2021-09-23 23:09:21,980] {scheduler_job.py:182} INFO - Started process (PID=7569) to work on /home/airflow/sandbox/lib/python3.8/site-packages/airflow/example_dags/example_branch_operator.py
[2021-09-23 23:09:21,981] {scheduler_job.py:633} INFO - Processing file /home/airflow/sandbox/lib/python3.8/site-packages/airflow/example_dags/example_branch_operator.py for tasks to queue
[2021-09-23 23:09:21,982] {logging_mixin.py:104} INFO - [2021-09-23 23:09:21,982] {dagbag.py:487} INFO - Filling up the DagBag from /home/airflow/sandbox/lib/python3.8/site-packages/airflow/example_dags/example_branch_operator.py
[2021-09-23 23:09:21,999] {scheduler_job.py:643} INFO - DAG(s) dict_keys(['example_branch_operator']) retrieved from /home/airflow/sandbox/lib/python3.8/site-packages/airflow/example_dags/example_branch_operator.py
[2021-09-23 23:09:22,013] {logging_mixin.py:104} INFO - [2021-09-23 23:09:22,013] {dag.py:1832} INFO - Sync 1 DAGs
[2021-09-23 23:09:22,030] {logging_mixin.py:104} INFO - [2021-09-23 23:09:22,030] {dag.py:2305} INFO - Setting next_dagrun for example_branch_operator to 2021-09-21 00:00:00+00:00
[2021-09-23 23:09:22,049] {scheduler_job.py:190} INFO - Processing /home/airflow/sandbox/lib/python3.8/site-packages/airflow/example_dags/example_branch_operator.py took 0.073 seconds
[2021-09-23 23:09:58,052] {scheduler_job.py:182} INFO - Started process (PID=7664) to work on /home/airflow/sandbox/lib/python3.8/site-packages/airflow/example_dags/example_branch_operator.py
[2021-09-23 23:09:58,053] {scheduler_job.py:633} INFO - Processing file /home/airflow/sandbox/lib/python3.8/site-packages/airflow/example_dags/example_branch_operator.py for tasks to queue
[2021-09-23 23:09:58,054] {logging_mixin.py:104} INFO - [2021-09-23 23:09:58,054] {dagbag.py:487} INFO - Filling up the DagBag from /home/airflow/sandbox/lib/python3.8/site-packages/airflow/example_dags/example_branch_operator.py
[2021-09-23 23:09:58,067] {scheduler_job.py:643} INFO - DAG(s) dict_keys(['example_branch_operator']) retrieved from /home/airflow/sandbox/lib/python3.8/site-packages/airflow/example_dags/example_branch_operator.py
[2021-09-23 23:09:58,083] {logging_mixin.py:104} INFO - [2021-09-23 23:09:58,083] {dag.py:1832} INFO - Sync 1 DAGs
[2021-09-23 23:09:58,100] {logging_mixin.py:104} INFO - [2021-09-23 23:09:58,099] {dag.py:2305} INFO - Setting next_dagrun for example_branch_operator to 2021-09-21 00:00:00+00:00
[2021-09-23 23:09:58,127] {scheduler_job.py:190} INFO - Processing /home/airflow/sandbox/lib/python3.8/site-packages/airflow/example_dags/example_branch_operator.py took 0.078 seconds
[2021-09-23 23:10:33,730] {scheduler_job.py:182} INFO - Started process (PID=7810) to work on /home/airflow/sandbox/lib/python3.8/site-packages/airflow/example_dags/example_branch_operator.py
[2021-09-23 23:10:33,731] {scheduler_job.py:633} INFO - Processing file /home/airflow/sandbox/lib/python3.8/site-packages/airflow/example_dags/example_branch_operator.py for tasks to queue
[2021-09-23 23:10:33,731] {logging_mixin.py:104} INFO - [2021-09-23 23:10:33,731] {dagbag.py:487} INFO - Filling up the DagBag from /home/airflow/sandbox/lib/python3.8/site-packages/airflow/example_dags/example_branch_operator.py
[2021-09-23 23:10:33,747] {scheduler_job.py:643} INFO - DAG(s) dict_keys(['example_branch_operator']) retrieved from /home/airflow/sandbox/lib/python3.8/site-packages/airflow/example_dags/example_branch_operator.py
[2021-09-23 23:10:33,762] {logging_mixin.py:104} INFO - [2021-09-23 23:10:33,761] {dag.py:1832} INFO - Sync 1 DAGs
[2021-09-23 23:10:33,778] {logging_mixin.py:104} INFO - [2021-09-23 23:10:33,778] {dag.py:2305} INFO - Setting next_dagrun for example_branch_operator to 2021-09-21 00:00:00+00:00
[2021-09-23 23:10:33,804] {scheduler_job.py:190} INFO - Processing /home/airflow/sandbox/lib/python3.8/site-packages/airflow/example_dags/example_branch_operator.py took 0.076 seconds
[2021-09-23 23:11:10,806] {scheduler_job.py:182} INFO - Started process (PID=7924) to work on /home/airflow/sandbox/lib/python3.8/site-packages/airflow/example_dags/example_branch_operator.py
[2021-09-23 23:11:10,807] {scheduler_job.py:633} INFO - Processing file /home/airflow/sandbox/lib/python3.8/site-packages/airflow/example_dags/example_branch_operator.py for tasks to queue
[2021-09-23 23:11:10,807] {logging_mixin.py:104} INFO - [2021-09-23 23:11:10,807] {dagbag.py:487} INFO - Filling up the DagBag from /home/airflow/sandbox/lib/python3.8/site-packages/airflow/example_dags/example_branch_operator.py
[2021-09-23 23:11:10,822] {scheduler_job.py:643} INFO - DAG(s) dict_keys(['example_branch_operator']) retrieved from /home/airflow/sandbox/lib/python3.8/site-packages/airflow/example_dags/example_branch_operator.py
[2021-09-23 23:11:10,835] {logging_mixin.py:104} INFO - [2021-09-23 23:11:10,835] {dag.py:1832} INFO - Sync 1 DAGs
[2021-09-23 23:11:10,848] {logging_mixin.py:104} INFO - [2021-09-23 23:11:10,848] {dag.py:2305} INFO - Setting next_dagrun for example_branch_operator to 2021-09-21 00:00:00+00:00
[2021-09-23 23:11:10,871] {scheduler_job.py:190} INFO - Processing /home/airflow/sandbox/lib/python3.8/site-packages/airflow/example_dags/example_branch_operator.py took 0.069 seconds
[2021-09-23 23:11:45,868] {scheduler_job.py:182} INFO - Started process (PID=8078) to work on /home/airflow/sandbox/lib/python3.8/site-packages/airflow/example_dags/example_branch_operator.py
[2021-09-23 23:11:45,870] {scheduler_job.py:633} INFO - Processing file /home/airflow/sandbox/lib/python3.8/site-packages/airflow/example_dags/example_branch_operator.py for tasks to queue
[2021-09-23 23:11:45,871] {logging_mixin.py:104} INFO - [2021-09-23 23:11:45,871] {dagbag.py:487} INFO - Filling up the DagBag from /home/airflow/sandbox/lib/python3.8/site-packages/airflow/example_dags/example_branch_operator.py
[2021-09-23 23:11:45,885] {scheduler_job.py:643} INFO - DAG(s) dict_keys(['example_branch_operator']) retrieved from /home/airflow/sandbox/lib/python3.8/site-packages/airflow/example_dags/example_branch_operator.py
[2021-09-23 23:11:45,899] {logging_mixin.py:104} INFO - [2021-09-23 23:11:45,899] {dag.py:1832} INFO - Sync 1 DAGs
[2021-09-23 23:11:45,914] {logging_mixin.py:104} INFO - [2021-09-23 23:11:45,914] {dag.py:2305} INFO - Setting next_dagrun for example_branch_operator to 2021-09-21 00:00:00+00:00
[2021-09-23 23:11:45,932] {scheduler_job.py:190} INFO - Processing /home/airflow/sandbox/lib/python3.8/site-packages/airflow/example_dags/example_branch_operator.py took 0.066 seconds
[2021-09-23 23:12:23,481] {scheduler_job.py:182} INFO - Started process (PID=8296) to work on /home/airflow/sandbox/lib/python3.8/site-packages/airflow/example_dags/example_branch_operator.py
[2021-09-23 23:12:23,483] {scheduler_job.py:633} INFO - Processing file /home/airflow/sandbox/lib/python3.8/site-packages/airflow/example_dags/example_branch_operator.py for tasks to queue
[2021-09-23 23:12:23,483] {logging_mixin.py:104} INFO - [2021-09-23 23:12:23,483] {dagbag.py:487} INFO - Filling up the DagBag from /home/airflow/sandbox/lib/python3.8/site-packages/airflow/example_dags/example_branch_operator.py
[2021-09-23 23:12:23,495] {scheduler_job.py:643} INFO - DAG(s) dict_keys(['example_branch_operator']) retrieved from /home/airflow/sandbox/lib/python3.8/site-packages/airflow/example_dags/example_branch_operator.py
[2021-09-23 23:12:23,510] {logging_mixin.py:104} INFO - [2021-09-23 23:12:23,509] {dag.py:1832} INFO - Sync 1 DAGs
[2021-09-23 23:12:23,527] {logging_mixin.py:104} INFO - [2021-09-23 23:12:23,527] {dag.py:2305} INFO - Setting next_dagrun for example_branch_operator to 2021-09-21 00:00:00+00:00
[2021-09-23 23:12:23,549] {scheduler_job.py:190} INFO - Processing /home/airflow/sandbox/lib/python3.8/site-packages/airflow/example_dags/example_branch_operator.py took 0.071 seconds
[2021-09-23 23:12:56,813] {scheduler_job.py:182} INFO - Started process (PID=8397) to work on /home/airflow/sandbox/lib/python3.8/site-packages/airflow/example_dags/example_branch_operator.py
[2021-09-23 23:12:56,814] {scheduler_job.py:633} INFO - Processing file /home/airflow/sandbox/lib/python3.8/site-packages/airflow/example_dags/example_branch_operator.py for tasks to queue
[2021-09-23 23:12:56,814] {logging_mixin.py:104} INFO - [2021-09-23 23:12:56,814] {dagbag.py:487} INFO - Filling up the DagBag from /home/airflow/sandbox/lib/python3.8/site-packages/airflow/example_dags/example_branch_operator.py
[2021-09-23 23:12:56,827] {scheduler_job.py:643} INFO - DAG(s) dict_keys(['example_branch_operator']) retrieved from /home/airflow/sandbox/lib/python3.8/site-packages/airflow/example_dags/example_branch_operator.py
[2021-09-23 23:12:56,843] {logging_mixin.py:104} INFO - [2021-09-23 23:12:56,843] {dag.py:1832} INFO - Sync 1 DAGs
[2021-09-23 23:12:56,860] {logging_mixin.py:104} INFO - [2021-09-23 23:12:56,860] {dag.py:2305} INFO - Setting next_dagrun for example_branch_operator to 2021-09-21 00:00:00+00:00
[2021-09-23 23:12:56,882] {scheduler_job.py:190} INFO - Processing /home/airflow/sandbox/lib/python3.8/site-packages/airflow/example_dags/example_branch_operator.py took 0.073 seconds
[2021-09-23 23:13:31,991] {scheduler_job.py:182} INFO - Started process (PID=8429) to work on /home/airflow/sandbox/lib/python3.8/site-packages/airflow/example_dags/example_branch_operator.py
[2021-09-23 23:13:31,992] {scheduler_job.py:633} INFO - Processing file /home/airflow/sandbox/lib/python3.8/site-packages/airflow/example_dags/example_branch_operator.py for tasks to queue
[2021-09-23 23:13:31,993] {logging_mixin.py:104} INFO - [2021-09-23 23:13:31,993] {dagbag.py:487} INFO - Filling up the DagBag from /home/airflow/sandbox/lib/python3.8/site-packages/airflow/example_dags/example_branch_operator.py
[2021-09-23 23:13:32,004] {scheduler_job.py:643} INFO - DAG(s) dict_keys(['example_branch_operator']) retrieved from /home/airflow/sandbox/lib/python3.8/site-packages/airflow/example_dags/example_branch_operator.py
[2021-09-23 23:13:32,018] {logging_mixin.py:104} INFO - [2021-09-23 23:13:32,018] {dag.py:1832} INFO - Sync 1 DAGs
[2021-09-23 23:13:32,040] {logging_mixin.py:104} INFO - [2021-09-23 23:13:32,040] {dag.py:2305} INFO - Setting next_dagrun for example_branch_operator to 2021-09-21 00:00:00+00:00
[2021-09-23 23:13:32,059] {scheduler_job.py:190} INFO - Processing /home/airflow/sandbox/lib/python3.8/site-packages/airflow/example_dags/example_branch_operator.py took 0.071 seconds
[2021-09-23 23:14:07,707] {scheduler_job.py:182} INFO - Started process (PID=8461) to work on /home/airflow/sandbox/lib/python3.8/site-packages/airflow/example_dags/example_branch_operator.py
[2021-09-23 23:14:07,708] {scheduler_job.py:633} INFO - Processing file /home/airflow/sandbox/lib/python3.8/site-packages/airflow/example_dags/example_branch_operator.py for tasks to queue
[2021-09-23 23:14:07,709] {logging_mixin.py:104} INFO - [2021-09-23 23:14:07,709] {dagbag.py:487} INFO - Filling up the DagBag from /home/airflow/sandbox/lib/python3.8/site-packages/airflow/example_dags/example_branch_operator.py
[2021-09-23 23:14:07,729] {scheduler_job.py:643} INFO - DAG(s) dict_keys(['example_branch_operator']) retrieved from /home/airflow/sandbox/lib/python3.8/site-packages/airflow/example_dags/example_branch_operator.py
[2021-09-23 23:14:07,754] {logging_mixin.py:104} INFO - [2021-09-23 23:14:07,754] {dag.py:1832} INFO - Sync 1 DAGs
[2021-09-23 23:14:07,768] {logging_mixin.py:104} INFO - [2021-09-23 23:14:07,768] {dag.py:2305} INFO - Setting next_dagrun for example_branch_operator to 2021-09-21 00:00:00+00:00
[2021-09-23 23:14:07,791] {scheduler_job.py:190} INFO - Processing /home/airflow/sandbox/lib/python3.8/site-packages/airflow/example_dags/example_branch_operator.py took 0.088 seconds
[2021-09-23 23:14:43,946] {scheduler_job.py:182} INFO - Started process (PID=8495) to work on /home/airflow/sandbox/lib/python3.8/site-packages/airflow/example_dags/example_branch_operator.py
[2021-09-23 23:14:43,947] {scheduler_job.py:633} INFO - Processing file /home/airflow/sandbox/lib/python3.8/site-packages/airflow/example_dags/example_branch_operator.py for tasks to queue
[2021-09-23 23:14:43,948] {logging_mixin.py:104} INFO - [2021-09-23 23:14:43,948] {dagbag.py:487} INFO - Filling up the DagBag from /home/airflow/sandbox/lib/python3.8/site-packages/airflow/example_dags/example_branch_operator.py
[2021-09-23 23:14:43,962] {scheduler_job.py:643} INFO - DAG(s) dict_keys(['example_branch_operator']) retrieved from /home/airflow/sandbox/lib/python3.8/site-packages/airflow/example_dags/example_branch_operator.py
[2021-09-23 23:14:43,979] {logging_mixin.py:104} INFO - [2021-09-23 23:14:43,979] {dag.py:1832} INFO - Sync 1 DAGs
[2021-09-23 23:14:43,993] {logging_mixin.py:104} INFO - [2021-09-23 23:14:43,993] {dag.py:2305} INFO - Setting next_dagrun for example_branch_operator to 2021-09-21 00:00:00+00:00
[2021-09-23 23:14:44,012] {scheduler_job.py:190} INFO - Processing /home/airflow/sandbox/lib/python3.8/site-packages/airflow/example_dags/example_branch_operator.py took 0.070 seconds
[2021-09-23 23:15:22,290] {scheduler_job.py:182} INFO - Started process (PID=8798) to work on /home/airflow/sandbox/lib/python3.8/site-packages/airflow/example_dags/example_branch_operator.py
[2021-09-23 23:15:22,291] {scheduler_job.py:633} INFO - Processing file /home/airflow/sandbox/lib/python3.8/site-packages/airflow/example_dags/example_branch_operator.py for tasks to queue
[2021-09-23 23:15:22,292] {logging_mixin.py:104} INFO - [2021-09-23 23:15:22,292] {dagbag.py:487} INFO - Filling up the DagBag from /home/airflow/sandbox/lib/python3.8/site-packages/airflow/example_dags/example_branch_operator.py
[2021-09-23 23:15:22,303] {scheduler_job.py:643} INFO - DAG(s) dict_keys(['example_branch_operator']) retrieved from /home/airflow/sandbox/lib/python3.8/site-packages/airflow/example_dags/example_branch_operator.py
[2021-09-23 23:15:22,318] {logging_mixin.py:104} INFO - [2021-09-23 23:15:22,318] {dag.py:1832} INFO - Sync 1 DAGs
[2021-09-23 23:15:22,335] {logging_mixin.py:104} INFO - [2021-09-23 23:15:22,335] {dag.py:2305} INFO - Setting next_dagrun for example_branch_operator to 2021-09-21 00:00:00+00:00
[2021-09-23 23:15:22,353] {scheduler_job.py:190} INFO - Processing /home/airflow/sandbox/lib/python3.8/site-packages/airflow/example_dags/example_branch_operator.py took 0.066 seconds
[2021-09-23 23:15:55,262] {scheduler_job.py:182} INFO - Started process (PID=8974) to work on /home/airflow/sandbox/lib/python3.8/site-packages/airflow/example_dags/example_branch_operator.py
[2021-09-23 23:15:55,263] {scheduler_job.py:633} INFO - Processing file /home/airflow/sandbox/lib/python3.8/site-packages/airflow/example_dags/example_branch_operator.py for tasks to queue
[2021-09-23 23:15:55,263] {logging_mixin.py:104} INFO - [2021-09-23 23:15:55,263] {dagbag.py:487} INFO - Filling up the DagBag from /home/airflow/sandbox/lib/python3.8/site-packages/airflow/example_dags/example_branch_operator.py
[2021-09-23 23:15:55,278] {scheduler_job.py:643} INFO - DAG(s) dict_keys(['example_branch_operator']) retrieved from /home/airflow/sandbox/lib/python3.8/site-packages/airflow/example_dags/example_branch_operator.py
[2021-09-23 23:15:55,291] {logging_mixin.py:104} INFO - [2021-09-23 23:15:55,291] {dag.py:1832} INFO - Sync 1 DAGs
[2021-09-23 23:15:55,307] {logging_mixin.py:104} INFO - [2021-09-23 23:15:55,307] {dag.py:2305} INFO - Setting next_dagrun for example_branch_operator to 2021-09-21 00:00:00+00:00
[2021-09-23 23:15:55,327] {scheduler_job.py:190} INFO - Processing /home/airflow/sandbox/lib/python3.8/site-packages/airflow/example_dags/example_branch_operator.py took 0.071 seconds
[2021-09-23 23:16:29,764] {scheduler_job.py:182} INFO - Started process (PID=9107) to work on /home/airflow/sandbox/lib/python3.8/site-packages/airflow/example_dags/example_branch_operator.py
[2021-09-23 23:16:29,765] {scheduler_job.py:633} INFO - Processing file /home/airflow/sandbox/lib/python3.8/site-packages/airflow/example_dags/example_branch_operator.py for tasks to queue
[2021-09-23 23:16:29,765] {logging_mixin.py:104} INFO - [2021-09-23 23:16:29,765] {dagbag.py:487} INFO - Filling up the DagBag from /home/airflow/sandbox/lib/python3.8/site-packages/airflow/example_dags/example_branch_operator.py
[2021-09-23 23:16:29,778] {scheduler_job.py:643} INFO - DAG(s) dict_keys(['example_branch_operator']) retrieved from /home/airflow/sandbox/lib/python3.8/site-packages/airflow/example_dags/example_branch_operator.py
[2021-09-23 23:16:29,794] {logging_mixin.py:104} INFO - [2021-09-23 23:16:29,794] {dag.py:1832} INFO - Sync 1 DAGs
[2021-09-23 23:16:29,809] {logging_mixin.py:104} INFO - [2021-09-23 23:16:29,809] {dag.py:2305} INFO - Setting next_dagrun for example_branch_operator to 2021-09-21 00:00:00+00:00
[2021-09-23 23:16:29,827] {scheduler_job.py:190} INFO - Processing /home/airflow/sandbox/lib/python3.8/site-packages/airflow/example_dags/example_branch_operator.py took 0.066 seconds
[2021-09-23 23:43:42,125] {scheduler_job.py:182} INFO - Started process (PID=9328) to work on /home/airflow/sandbox/lib/python3.8/site-packages/airflow/example_dags/example_branch_operator.py
[2021-09-23 23:43:42,126] {scheduler_job.py:633} INFO - Processing file /home/airflow/sandbox/lib/python3.8/site-packages/airflow/example_dags/example_branch_operator.py for tasks to queue
[2021-09-23 23:43:42,126] {logging_mixin.py:104} INFO - [2021-09-23 23:43:42,126] {dagbag.py:487} INFO - Filling up the DagBag from /home/airflow/sandbox/lib/python3.8/site-packages/airflow/example_dags/example_branch_operator.py
[2021-09-23 23:43:42,149] {scheduler_job.py:643} INFO - DAG(s) dict_keys(['example_branch_operator']) retrieved from /home/airflow/sandbox/lib/python3.8/site-packages/airflow/example_dags/example_branch_operator.py
[2021-09-23 23:43:42,173] {logging_mixin.py:104} INFO - [2021-09-23 23:43:42,173] {dag.py:1832} INFO - Sync 1 DAGs
[2021-09-23 23:43:42,192] {logging_mixin.py:104} INFO - [2021-09-23 23:43:42,192] {dag.py:2305} INFO - Setting next_dagrun for example_branch_operator to 2021-09-21 00:00:00+00:00
[2021-09-23 23:43:42,216] {scheduler_job.py:190} INFO - Processing /home/airflow/sandbox/lib/python3.8/site-packages/airflow/example_dags/example_branch_operator.py took 0.094 seconds
[2021-09-23 23:44:16,029] {scheduler_job.py:182} INFO - Started process (PID=9361) to work on /home/airflow/sandbox/lib/python3.8/site-packages/airflow/example_dags/example_branch_operator.py
[2021-09-23 23:44:16,030] {scheduler_job.py:633} INFO - Processing file /home/airflow/sandbox/lib/python3.8/site-packages/airflow/example_dags/example_branch_operator.py for tasks to queue
[2021-09-23 23:44:16,031] {logging_mixin.py:104} INFO - [2021-09-23 23:44:16,031] {dagbag.py:487} INFO - Filling up the DagBag from /home/airflow/sandbox/lib/python3.8/site-packages/airflow/example_dags/example_branch_operator.py
[2021-09-23 23:44:16,047] {scheduler_job.py:643} INFO - DAG(s) dict_keys(['example_branch_operator']) retrieved from /home/airflow/sandbox/lib/python3.8/site-packages/airflow/example_dags/example_branch_operator.py
[2021-09-23 23:44:16,059] {logging_mixin.py:104} INFO - [2021-09-23 23:44:16,059] {dag.py:1832} INFO - Sync 1 DAGs
[2021-09-23 23:44:16,072] {logging_mixin.py:104} INFO - [2021-09-23 23:44:16,072] {dag.py:2305} INFO - Setting next_dagrun for example_branch_operator to 2021-09-21 00:00:00+00:00
[2021-09-23 23:44:16,100] {scheduler_job.py:190} INFO - Processing /home/airflow/sandbox/lib/python3.8/site-packages/airflow/example_dags/example_branch_operator.py took 0.073 seconds
[2021-09-23 23:44:49,611] {scheduler_job.py:182} INFO - Started process (PID=9394) to work on /home/airflow/sandbox/lib/python3.8/site-packages/airflow/example_dags/example_branch_operator.py
[2021-09-23 23:44:49,612] {scheduler_job.py:633} INFO - Processing file /home/airflow/sandbox/lib/python3.8/site-packages/airflow/example_dags/example_branch_operator.py for tasks to queue
[2021-09-23 23:44:49,613] {logging_mixin.py:104} INFO - [2021-09-23 23:44:49,613] {dagbag.py:487} INFO - Filling up the DagBag from /home/airflow/sandbox/lib/python3.8/site-packages/airflow/example_dags/example_branch_operator.py
[2021-09-23 23:44:49,626] {scheduler_job.py:643} INFO - DAG(s) dict_keys(['example_branch_operator']) retrieved from /home/airflow/sandbox/lib/python3.8/site-packages/airflow/example_dags/example_branch_operator.py
[2021-09-23 23:44:49,640] {logging_mixin.py:104} INFO - [2021-09-23 23:44:49,640] {dag.py:1832} INFO - Sync 1 DAGs
[2021-09-23 23:44:49,656] {logging_mixin.py:104} INFO - [2021-09-23 23:44:49,656] {dag.py:2305} INFO - Setting next_dagrun for example_branch_operator to 2021-09-21 00:00:00+00:00
[2021-09-23 23:44:49,675] {scheduler_job.py:190} INFO - Processing /home/airflow/sandbox/lib/python3.8/site-packages/airflow/example_dags/example_branch_operator.py took 0.066 seconds
[2021-09-23 23:45:24,433] {scheduler_job.py:182} INFO - Started process (PID=9426) to work on /home/airflow/sandbox/lib/python3.8/site-packages/airflow/example_dags/example_branch_operator.py
[2021-09-23 23:45:24,436] {scheduler_job.py:633} INFO - Processing file /home/airflow/sandbox/lib/python3.8/site-packages/airflow/example_dags/example_branch_operator.py for tasks to queue
[2021-09-23 23:45:24,436] {logging_mixin.py:104} INFO - [2021-09-23 23:45:24,436] {dagbag.py:487} INFO - Filling up the DagBag from /home/airflow/sandbox/lib/python3.8/site-packages/airflow/example_dags/example_branch_operator.py
[2021-09-23 23:45:24,449] {scheduler_job.py:643} INFO - DAG(s) dict_keys(['example_branch_operator']) retrieved from /home/airflow/sandbox/lib/python3.8/site-packages/airflow/example_dags/example_branch_operator.py
[2021-09-23 23:45:24,463] {logging_mixin.py:104} INFO - [2021-09-23 23:45:24,463] {dag.py:1832} INFO - Sync 1 DAGs
[2021-09-23 23:45:24,476] {logging_mixin.py:104} INFO - [2021-09-23 23:45:24,476] {dag.py:2305} INFO - Setting next_dagrun for example_branch_operator to 2021-09-21 00:00:00+00:00
[2021-09-23 23:45:24,498] {scheduler_job.py:190} INFO - Processing /home/airflow/sandbox/lib/python3.8/site-packages/airflow/example_dags/example_branch_operator.py took 0.069 seconds
[2021-09-23 23:45:58,566] {scheduler_job.py:182} INFO - Started process (PID=9458) to work on /home/airflow/sandbox/lib/python3.8/site-packages/airflow/example_dags/example_branch_operator.py
[2021-09-23 23:45:58,569] {scheduler_job.py:633} INFO - Processing file /home/airflow/sandbox/lib/python3.8/site-packages/airflow/example_dags/example_branch_operator.py for tasks to queue
[2021-09-23 23:45:58,569] {logging_mixin.py:104} INFO - [2021-09-23 23:45:58,569] {dagbag.py:487} INFO - Filling up the DagBag from /home/airflow/sandbox/lib/python3.8/site-packages/airflow/example_dags/example_branch_operator.py
[2021-09-23 23:45:58,581] {scheduler_job.py:643} INFO - DAG(s) dict_keys(['example_branch_operator']) retrieved from /home/airflow/sandbox/lib/python3.8/site-packages/airflow/example_dags/example_branch_operator.py
[2021-09-23 23:45:58,595] {logging_mixin.py:104} INFO - [2021-09-23 23:45:58,595] {dag.py:1832} INFO - Sync 1 DAGs
[2021-09-23 23:45:58,611] {logging_mixin.py:104} INFO - [2021-09-23 23:45:58,611] {dag.py:2305} INFO - Setting next_dagrun for example_branch_operator to 2021-09-21 00:00:00+00:00
[2021-09-23 23:45:58,632] {scheduler_job.py:190} INFO - Processing /home/airflow/sandbox/lib/python3.8/site-packages/airflow/example_dags/example_branch_operator.py took 0.069 seconds
[2021-09-23 23:46:31,265] {scheduler_job.py:182} INFO - Started process (PID=9513) to work on /home/airflow/sandbox/lib/python3.8/site-packages/airflow/example_dags/example_branch_operator.py
[2021-09-23 23:46:31,266] {scheduler_job.py:633} INFO - Processing file /home/airflow/sandbox/lib/python3.8/site-packages/airflow/example_dags/example_branch_operator.py for tasks to queue
[2021-09-23 23:46:31,266] {logging_mixin.py:104} INFO - [2021-09-23 23:46:31,266] {dagbag.py:487} INFO - Filling up the DagBag from /home/airflow/sandbox/lib/python3.8/site-packages/airflow/example_dags/example_branch_operator.py
[2021-09-23 23:46:31,279] {scheduler_job.py:643} INFO - DAG(s) dict_keys(['example_branch_operator']) retrieved from /home/airflow/sandbox/lib/python3.8/site-packages/airflow/example_dags/example_branch_operator.py
[2021-09-23 23:46:31,292] {logging_mixin.py:104} INFO - [2021-09-23 23:46:31,292] {dag.py:1832} INFO - Sync 1 DAGs
[2021-09-23 23:46:31,306] {logging_mixin.py:104} INFO - [2021-09-23 23:46:31,306] {dag.py:2305} INFO - Setting next_dagrun for example_branch_operator to 2021-09-21 00:00:00+00:00
[2021-09-23 23:46:31,330] {scheduler_job.py:190} INFO - Processing /home/airflow/sandbox/lib/python3.8/site-packages/airflow/example_dags/example_branch_operator.py took 0.067 seconds
[2021-09-23 23:47:06,813] {scheduler_job.py:182} INFO - Started process (PID=9568) to work on /home/airflow/sandbox/lib/python3.8/site-packages/airflow/example_dags/example_branch_operator.py
[2021-09-23 23:47:06,815] {scheduler_job.py:633} INFO - Processing file /home/airflow/sandbox/lib/python3.8/site-packages/airflow/example_dags/example_branch_operator.py for tasks to queue
[2021-09-23 23:47:06,816] {logging_mixin.py:104} INFO - [2021-09-23 23:47:06,815] {dagbag.py:487} INFO - Filling up the DagBag from /home/airflow/sandbox/lib/python3.8/site-packages/airflow/example_dags/example_branch_operator.py
[2021-09-23 23:47:06,830] {scheduler_job.py:643} INFO - DAG(s) dict_keys(['example_branch_operator']) retrieved from /home/airflow/sandbox/lib/python3.8/site-packages/airflow/example_dags/example_branch_operator.py
[2021-09-23 23:47:06,844] {logging_mixin.py:104} INFO - [2021-09-23 23:47:06,844] {dag.py:1832} INFO - Sync 1 DAGs
[2021-09-23 23:47:06,858] {logging_mixin.py:104} INFO - [2021-09-23 23:47:06,858] {dag.py:2305} INFO - Setting next_dagrun for example_branch_operator to 2021-09-21 00:00:00+00:00
[2021-09-23 23:47:06,880] {scheduler_job.py:190} INFO - Processing /home/airflow/sandbox/lib/python3.8/site-packages/airflow/example_dags/example_branch_operator.py took 0.070 seconds
[2021-09-23 23:47:41,959] {scheduler_job.py:182} INFO - Started process (PID=9602) to work on /home/airflow/sandbox/lib/python3.8/site-packages/airflow/example_dags/example_branch_operator.py
[2021-09-23 23:47:41,960] {scheduler_job.py:633} INFO - Processing file /home/airflow/sandbox/lib/python3.8/site-packages/airflow/example_dags/example_branch_operator.py for tasks to queue
[2021-09-23 23:47:41,961] {logging_mixin.py:104} INFO - [2021-09-23 23:47:41,961] {dagbag.py:487} INFO - Filling up the DagBag from /home/airflow/sandbox/lib/python3.8/site-packages/airflow/example_dags/example_branch_operator.py
[2021-09-23 23:47:41,975] {scheduler_job.py:643} INFO - DAG(s) dict_keys(['example_branch_operator']) retrieved from /home/airflow/sandbox/lib/python3.8/site-packages/airflow/example_dags/example_branch_operator.py
[2021-09-23 23:47:41,989] {logging_mixin.py:104} INFO - [2021-09-23 23:47:41,989] {dag.py:1832} INFO - Sync 1 DAGs
[2021-09-23 23:47:42,002] {logging_mixin.py:104} INFO - [2021-09-23 23:47:42,002] {dag.py:2305} INFO - Setting next_dagrun for example_branch_operator to 2021-09-21 00:00:00+00:00
[2021-09-23 23:47:42,021] {scheduler_job.py:190} INFO - Processing /home/airflow/sandbox/lib/python3.8/site-packages/airflow/example_dags/example_branch_operator.py took 0.064 seconds
[2021-09-23 23:48:15,378] {scheduler_job.py:182} INFO - Started process (PID=9634) to work on /home/airflow/sandbox/lib/python3.8/site-packages/airflow/example_dags/example_branch_operator.py
[2021-09-23 23:48:15,379] {scheduler_job.py:633} INFO - Processing file /home/airflow/sandbox/lib/python3.8/site-packages/airflow/example_dags/example_branch_operator.py for tasks to queue
[2021-09-23 23:48:15,380] {logging_mixin.py:104} INFO - [2021-09-23 23:48:15,380] {dagbag.py:487} INFO - Filling up the DagBag from /home/airflow/sandbox/lib/python3.8/site-packages/airflow/example_dags/example_branch_operator.py
[2021-09-23 23:48:15,393] {scheduler_job.py:643} INFO - DAG(s) dict_keys(['example_branch_operator']) retrieved from /home/airflow/sandbox/lib/python3.8/site-packages/airflow/example_dags/example_branch_operator.py
[2021-09-23 23:48:15,409] {logging_mixin.py:104} INFO - [2021-09-23 23:48:15,409] {dag.py:1832} INFO - Sync 1 DAGs
[2021-09-23 23:48:15,425] {logging_mixin.py:104} INFO - [2021-09-23 23:48:15,425] {dag.py:2305} INFO - Setting next_dagrun for example_branch_operator to 2021-09-21 00:00:00+00:00
[2021-09-23 23:48:15,448] {scheduler_job.py:190} INFO - Processing /home/airflow/sandbox/lib/python3.8/site-packages/airflow/example_dags/example_branch_operator.py took 0.072 seconds
[2021-09-23 23:48:51,472] {scheduler_job.py:182} INFO - Started process (PID=9667) to work on /home/airflow/sandbox/lib/python3.8/site-packages/airflow/example_dags/example_branch_operator.py
[2021-09-23 23:48:51,474] {scheduler_job.py:633} INFO - Processing file /home/airflow/sandbox/lib/python3.8/site-packages/airflow/example_dags/example_branch_operator.py for tasks to queue
[2021-09-23 23:48:51,474] {logging_mixin.py:104} INFO - [2021-09-23 23:48:51,474] {dagbag.py:487} INFO - Filling up the DagBag from /home/airflow/sandbox/lib/python3.8/site-packages/airflow/example_dags/example_branch_operator.py
[2021-09-23 23:48:51,489] {scheduler_job.py:643} INFO - DAG(s) dict_keys(['example_branch_operator']) retrieved from /home/airflow/sandbox/lib/python3.8/site-packages/airflow/example_dags/example_branch_operator.py
[2021-09-23 23:48:51,507] {logging_mixin.py:104} INFO - [2021-09-23 23:48:51,507] {dag.py:1832} INFO - Sync 1 DAGs
[2021-09-23 23:48:51,529] {logging_mixin.py:104} INFO - [2021-09-23 23:48:51,529] {dag.py:2305} INFO - Setting next_dagrun for example_branch_operator to 2021-09-21 00:00:00+00:00
[2021-09-23 23:48:51,555] {scheduler_job.py:190} INFO - Processing /home/airflow/sandbox/lib/python3.8/site-packages/airflow/example_dags/example_branch_operator.py took 0.085 seconds
[2021-09-23 23:49:27,579] {scheduler_job.py:182} INFO - Started process (PID=9700) to work on /home/airflow/sandbox/lib/python3.8/site-packages/airflow/example_dags/example_branch_operator.py
[2021-09-23 23:49:27,580] {scheduler_job.py:633} INFO - Processing file /home/airflow/sandbox/lib/python3.8/site-packages/airflow/example_dags/example_branch_operator.py for tasks to queue
[2021-09-23 23:49:27,581] {logging_mixin.py:104} INFO - [2021-09-23 23:49:27,580] {dagbag.py:487} INFO - Filling up the DagBag from /home/airflow/sandbox/lib/python3.8/site-packages/airflow/example_dags/example_branch_operator.py
[2021-09-23 23:49:27,599] {scheduler_job.py:643} INFO - DAG(s) dict_keys(['example_branch_operator']) retrieved from /home/airflow/sandbox/lib/python3.8/site-packages/airflow/example_dags/example_branch_operator.py
[2021-09-23 23:49:27,620] {logging_mixin.py:104} INFO - [2021-09-23 23:49:27,620] {dag.py:1832} INFO - Sync 1 DAGs
[2021-09-23 23:49:27,642] {logging_mixin.py:104} INFO - [2021-09-23 23:49:27,642] {dag.py:2305} INFO - Setting next_dagrun for example_branch_operator to 2021-09-21 00:00:00+00:00
[2021-09-23 23:49:27,664] {scheduler_job.py:190} INFO - Processing /home/airflow/sandbox/lib/python3.8/site-packages/airflow/example_dags/example_branch_operator.py took 0.087 seconds
[2021-09-23 23:50:03,486] {scheduler_job.py:182} INFO - Started process (PID=9736) to work on /home/airflow/sandbox/lib/python3.8/site-packages/airflow/example_dags/example_branch_operator.py
[2021-09-23 23:50:03,487] {scheduler_job.py:633} INFO - Processing file /home/airflow/sandbox/lib/python3.8/site-packages/airflow/example_dags/example_branch_operator.py for tasks to queue
[2021-09-23 23:50:03,488] {logging_mixin.py:104} INFO - [2021-09-23 23:50:03,488] {dagbag.py:487} INFO - Filling up the DagBag from /home/airflow/sandbox/lib/python3.8/site-packages/airflow/example_dags/example_branch_operator.py
[2021-09-23 23:50:03,502] {scheduler_job.py:643} INFO - DAG(s) dict_keys(['example_branch_operator']) retrieved from /home/airflow/sandbox/lib/python3.8/site-packages/airflow/example_dags/example_branch_operator.py
[2021-09-23 23:50:03,518] {logging_mixin.py:104} INFO - [2021-09-23 23:50:03,518] {dag.py:1832} INFO - Sync 1 DAGs
[2021-09-23 23:50:03,531] {logging_mixin.py:104} INFO - [2021-09-23 23:50:03,531] {dag.py:2305} INFO - Setting next_dagrun for example_branch_operator to 2021-09-21 00:00:00+00:00
[2021-09-23 23:50:03,552] {scheduler_job.py:190} INFO - Processing /home/airflow/sandbox/lib/python3.8/site-packages/airflow/example_dags/example_branch_operator.py took 0.071 seconds
[2021-09-23 23:50:38,542] {scheduler_job.py:182} INFO - Started process (PID=9770) to work on /home/airflow/sandbox/lib/python3.8/site-packages/airflow/example_dags/example_branch_operator.py
[2021-09-23 23:50:38,544] {scheduler_job.py:633} INFO - Processing file /home/airflow/sandbox/lib/python3.8/site-packages/airflow/example_dags/example_branch_operator.py for tasks to queue
[2021-09-23 23:50:38,545] {logging_mixin.py:104} INFO - [2021-09-23 23:50:38,545] {dagbag.py:487} INFO - Filling up the DagBag from /home/airflow/sandbox/lib/python3.8/site-packages/airflow/example_dags/example_branch_operator.py
[2021-09-23 23:50:38,557] {scheduler_job.py:643} INFO - DAG(s) dict_keys(['example_branch_operator']) retrieved from /home/airflow/sandbox/lib/python3.8/site-packages/airflow/example_dags/example_branch_operator.py
[2021-09-23 23:50:38,572] {logging_mixin.py:104} INFO - [2021-09-23 23:50:38,571] {dag.py:1832} INFO - Sync 1 DAGs
[2021-09-23 23:50:38,587] {logging_mixin.py:104} INFO - [2021-09-23 23:50:38,587] {dag.py:2305} INFO - Setting next_dagrun for example_branch_operator to 2021-09-21 00:00:00+00:00
[2021-09-23 23:50:38,604] {scheduler_job.py:190} INFO - Processing /home/airflow/sandbox/lib/python3.8/site-packages/airflow/example_dags/example_branch_operator.py took 0.066 seconds
[2021-09-23 23:51:12,298] {scheduler_job.py:182} INFO - Started process (PID=9802) to work on /home/airflow/sandbox/lib/python3.8/site-packages/airflow/example_dags/example_branch_operator.py
[2021-09-23 23:51:12,299] {scheduler_job.py:633} INFO - Processing file /home/airflow/sandbox/lib/python3.8/site-packages/airflow/example_dags/example_branch_operator.py for tasks to queue
[2021-09-23 23:51:12,300] {logging_mixin.py:104} INFO - [2021-09-23 23:51:12,300] {dagbag.py:487} INFO - Filling up the DagBag from /home/airflow/sandbox/lib/python3.8/site-packages/airflow/example_dags/example_branch_operator.py
[2021-09-23 23:51:12,311] {scheduler_job.py:643} INFO - DAG(s) dict_keys(['example_branch_operator']) retrieved from /home/airflow/sandbox/lib/python3.8/site-packages/airflow/example_dags/example_branch_operator.py
[2021-09-23 23:51:12,326] {logging_mixin.py:104} INFO - [2021-09-23 23:51:12,325] {dag.py:1832} INFO - Sync 1 DAGs
[2021-09-23 23:51:12,339] {logging_mixin.py:104} INFO - [2021-09-23 23:51:12,339] {dag.py:2305} INFO - Setting next_dagrun for example_branch_operator to 2021-09-21 00:00:00+00:00
[2021-09-23 23:51:12,361] {scheduler_job.py:190} INFO - Processing /home/airflow/sandbox/lib/python3.8/site-packages/airflow/example_dags/example_branch_operator.py took 0.066 seconds
[2021-09-23 23:51:46,706] {scheduler_job.py:182} INFO - Started process (PID=9878) to work on /home/airflow/sandbox/lib/python3.8/site-packages/airflow/example_dags/example_branch_operator.py
[2021-09-23 23:51:46,707] {scheduler_job.py:633} INFO - Processing file /home/airflow/sandbox/lib/python3.8/site-packages/airflow/example_dags/example_branch_operator.py for tasks to queue
[2021-09-23 23:51:46,708] {logging_mixin.py:104} INFO - [2021-09-23 23:51:46,708] {dagbag.py:487} INFO - Filling up the DagBag from /home/airflow/sandbox/lib/python3.8/site-packages/airflow/example_dags/example_branch_operator.py
[2021-09-23 23:51:46,720] {scheduler_job.py:643} INFO - DAG(s) dict_keys(['example_branch_operator']) retrieved from /home/airflow/sandbox/lib/python3.8/site-packages/airflow/example_dags/example_branch_operator.py
[2021-09-23 23:51:46,737] {logging_mixin.py:104} INFO - [2021-09-23 23:51:46,737] {dag.py:1832} INFO - Sync 1 DAGs
[2021-09-23 23:51:46,752] {logging_mixin.py:104} INFO - [2021-09-23 23:51:46,752] {dag.py:2305} INFO - Setting next_dagrun for example_branch_operator to 2021-09-21 00:00:00+00:00
[2021-09-23 23:51:46,768] {scheduler_job.py:190} INFO - Processing /home/airflow/sandbox/lib/python3.8/site-packages/airflow/example_dags/example_branch_operator.py took 0.065 seconds
[2021-09-23 23:52:21,175] {scheduler_job.py:182} INFO - Started process (PID=9912) to work on /home/airflow/sandbox/lib/python3.8/site-packages/airflow/example_dags/example_branch_operator.py
[2021-09-23 23:52:21,176] {scheduler_job.py:633} INFO - Processing file /home/airflow/sandbox/lib/python3.8/site-packages/airflow/example_dags/example_branch_operator.py for tasks to queue
[2021-09-23 23:52:21,176] {logging_mixin.py:104} INFO - [2021-09-23 23:52:21,176] {dagbag.py:487} INFO - Filling up the DagBag from /home/airflow/sandbox/lib/python3.8/site-packages/airflow/example_dags/example_branch_operator.py
[2021-09-23 23:52:21,190] {scheduler_job.py:643} INFO - DAG(s) dict_keys(['example_branch_operator']) retrieved from /home/airflow/sandbox/lib/python3.8/site-packages/airflow/example_dags/example_branch_operator.py
[2021-09-23 23:52:21,207] {logging_mixin.py:104} INFO - [2021-09-23 23:52:21,207] {dag.py:1832} INFO - Sync 1 DAGs
[2021-09-23 23:52:21,221] {logging_mixin.py:104} INFO - [2021-09-23 23:52:21,221] {dag.py:2305} INFO - Setting next_dagrun for example_branch_operator to 2021-09-21 00:00:00+00:00
[2021-09-23 23:52:21,245] {scheduler_job.py:190} INFO - Processing /home/airflow/sandbox/lib/python3.8/site-packages/airflow/example_dags/example_branch_operator.py took 0.073 seconds
[2021-09-23 23:52:55,027] {scheduler_job.py:182} INFO - Started process (PID=9945) to work on /home/airflow/sandbox/lib/python3.8/site-packages/airflow/example_dags/example_branch_operator.py
[2021-09-23 23:52:55,028] {scheduler_job.py:633} INFO - Processing file /home/airflow/sandbox/lib/python3.8/site-packages/airflow/example_dags/example_branch_operator.py for tasks to queue
[2021-09-23 23:52:55,029] {logging_mixin.py:104} INFO - [2021-09-23 23:52:55,029] {dagbag.py:487} INFO - Filling up the DagBag from /home/airflow/sandbox/lib/python3.8/site-packages/airflow/example_dags/example_branch_operator.py
[2021-09-23 23:52:55,043] {scheduler_job.py:643} INFO - DAG(s) dict_keys(['example_branch_operator']) retrieved from /home/airflow/sandbox/lib/python3.8/site-packages/airflow/example_dags/example_branch_operator.py
[2021-09-23 23:52:55,056] {logging_mixin.py:104} INFO - [2021-09-23 23:52:55,056] {dag.py:1832} INFO - Sync 1 DAGs
[2021-09-23 23:52:55,069] {logging_mixin.py:104} INFO - [2021-09-23 23:52:55,069] {dag.py:2305} INFO - Setting next_dagrun for example_branch_operator to 2021-09-21 00:00:00+00:00
[2021-09-23 23:52:55,087] {scheduler_job.py:190} INFO - Processing /home/airflow/sandbox/lib/python3.8/site-packages/airflow/example_dags/example_branch_operator.py took 0.062 seconds
[2021-09-23 23:53:29,301] {scheduler_job.py:182} INFO - Started process (PID=9979) to work on /home/airflow/sandbox/lib/python3.8/site-packages/airflow/example_dags/example_branch_operator.py
[2021-09-23 23:53:29,302] {scheduler_job.py:633} INFO - Processing file /home/airflow/sandbox/lib/python3.8/site-packages/airflow/example_dags/example_branch_operator.py for tasks to queue
[2021-09-23 23:53:29,302] {logging_mixin.py:104} INFO - [2021-09-23 23:53:29,302] {dagbag.py:487} INFO - Filling up the DagBag from /home/airflow/sandbox/lib/python3.8/site-packages/airflow/example_dags/example_branch_operator.py
[2021-09-23 23:53:29,315] {scheduler_job.py:643} INFO - DAG(s) dict_keys(['example_branch_operator']) retrieved from /home/airflow/sandbox/lib/python3.8/site-packages/airflow/example_dags/example_branch_operator.py
[2021-09-23 23:53:29,330] {logging_mixin.py:104} INFO - [2021-09-23 23:53:29,330] {dag.py:1832} INFO - Sync 1 DAGs
[2021-09-23 23:53:29,343] {logging_mixin.py:104} INFO - [2021-09-23 23:53:29,343] {dag.py:2305} INFO - Setting next_dagrun for example_branch_operator to 2021-09-21 00:00:00+00:00
[2021-09-23 23:53:29,365] {scheduler_job.py:190} INFO - Processing /home/airflow/sandbox/lib/python3.8/site-packages/airflow/example_dags/example_branch_operator.py took 0.066 seconds
[2021-09-23 23:54:03,356] {scheduler_job.py:182} INFO - Started process (PID=10011) to work on /home/airflow/sandbox/lib/python3.8/site-packages/airflow/example_dags/example_branch_operator.py
[2021-09-23 23:54:03,357] {scheduler_job.py:633} INFO - Processing file /home/airflow/sandbox/lib/python3.8/site-packages/airflow/example_dags/example_branch_operator.py for tasks to queue
[2021-09-23 23:54:03,357] {logging_mixin.py:104} INFO - [2021-09-23 23:54:03,357] {dagbag.py:487} INFO - Filling up the DagBag from /home/airflow/sandbox/lib/python3.8/site-packages/airflow/example_dags/example_branch_operator.py
[2021-09-23 23:54:03,370] {scheduler_job.py:643} INFO - DAG(s) dict_keys(['example_branch_operator']) retrieved from /home/airflow/sandbox/lib/python3.8/site-packages/airflow/example_dags/example_branch_operator.py
[2021-09-23 23:54:03,386] {logging_mixin.py:104} INFO - [2021-09-23 23:54:03,386] {dag.py:1832} INFO - Sync 1 DAGs
[2021-09-23 23:54:03,401] {logging_mixin.py:104} INFO - [2021-09-23 23:54:03,401] {dag.py:2305} INFO - Setting next_dagrun for example_branch_operator to 2021-09-21 00:00:00+00:00
[2021-09-23 23:54:03,425] {scheduler_job.py:190} INFO - Processing /home/airflow/sandbox/lib/python3.8/site-packages/airflow/example_dags/example_branch_operator.py took 0.072 seconds
[2021-09-23 23:54:37,232] {scheduler_job.py:182} INFO - Started process (PID=10043) to work on /home/airflow/sandbox/lib/python3.8/site-packages/airflow/example_dags/example_branch_operator.py
[2021-09-23 23:54:37,233] {scheduler_job.py:633} INFO - Processing file /home/airflow/sandbox/lib/python3.8/site-packages/airflow/example_dags/example_branch_operator.py for tasks to queue
[2021-09-23 23:54:37,233] {logging_mixin.py:104} INFO - [2021-09-23 23:54:37,233] {dagbag.py:487} INFO - Filling up the DagBag from /home/airflow/sandbox/lib/python3.8/site-packages/airflow/example_dags/example_branch_operator.py
[2021-09-23 23:54:37,247] {scheduler_job.py:643} INFO - DAG(s) dict_keys(['example_branch_operator']) retrieved from /home/airflow/sandbox/lib/python3.8/site-packages/airflow/example_dags/example_branch_operator.py
[2021-09-23 23:54:37,263] {logging_mixin.py:104} INFO - [2021-09-23 23:54:37,263] {dag.py:1832} INFO - Sync 1 DAGs
[2021-09-23 23:54:37,278] {logging_mixin.py:104} INFO - [2021-09-23 23:54:37,277] {dag.py:2305} INFO - Setting next_dagrun for example_branch_operator to 2021-09-21 00:00:00+00:00
[2021-09-23 23:54:37,299] {scheduler_job.py:190} INFO - Processing /home/airflow/sandbox/lib/python3.8/site-packages/airflow/example_dags/example_branch_operator.py took 0.069 seconds
[2021-09-23 23:55:13,480] {scheduler_job.py:182} INFO - Started process (PID=10077) to work on /home/airflow/sandbox/lib/python3.8/site-packages/airflow/example_dags/example_branch_operator.py
[2021-09-23 23:55:13,481] {scheduler_job.py:633} INFO - Processing file /home/airflow/sandbox/lib/python3.8/site-packages/airflow/example_dags/example_branch_operator.py for tasks to queue
[2021-09-23 23:55:13,481] {logging_mixin.py:104} INFO - [2021-09-23 23:55:13,481] {dagbag.py:487} INFO - Filling up the DagBag from /home/airflow/sandbox/lib/python3.8/site-packages/airflow/example_dags/example_branch_operator.py
[2021-09-23 23:55:13,507] {scheduler_job.py:643} INFO - DAG(s) dict_keys(['example_branch_operator']) retrieved from /home/airflow/sandbox/lib/python3.8/site-packages/airflow/example_dags/example_branch_operator.py
[2021-09-23 23:55:13,545] {logging_mixin.py:104} INFO - [2021-09-23 23:55:13,544] {dag.py:1832} INFO - Sync 1 DAGs
[2021-09-23 23:55:13,585] {logging_mixin.py:104} INFO - [2021-09-23 23:55:13,585] {dag.py:2305} INFO - Setting next_dagrun for example_branch_operator to 2021-09-21 00:00:00+00:00
[2021-09-23 23:55:13,613] {scheduler_job.py:190} INFO - Processing /home/airflow/sandbox/lib/python3.8/site-packages/airflow/example_dags/example_branch_operator.py took 0.136 seconds
[2021-09-23 23:55:52,894] {scheduler_job.py:182} INFO - Started process (PID=10198) to work on /home/airflow/sandbox/lib/python3.8/site-packages/airflow/example_dags/example_branch_operator.py
[2021-09-23 23:55:52,896] {scheduler_job.py:633} INFO - Processing file /home/airflow/sandbox/lib/python3.8/site-packages/airflow/example_dags/example_branch_operator.py for tasks to queue
[2021-09-23 23:55:52,897] {logging_mixin.py:104} INFO - [2021-09-23 23:55:52,896] {dagbag.py:487} INFO - Filling up the DagBag from /home/airflow/sandbox/lib/python3.8/site-packages/airflow/example_dags/example_branch_operator.py
[2021-09-23 23:55:52,911] {scheduler_job.py:643} INFO - DAG(s) dict_keys(['example_branch_operator']) retrieved from /home/airflow/sandbox/lib/python3.8/site-packages/airflow/example_dags/example_branch_operator.py
[2021-09-23 23:55:52,932] {logging_mixin.py:104} INFO - [2021-09-23 23:55:52,932] {dag.py:1832} INFO - Sync 1 DAGs
[2021-09-23 23:55:52,951] {logging_mixin.py:104} INFO - [2021-09-23 23:55:52,951] {dag.py:2305} INFO - Setting next_dagrun for example_branch_operator to 2021-09-21 00:00:00+00:00
[2021-09-23 23:55:52,971] {scheduler_job.py:190} INFO - Processing /home/airflow/sandbox/lib/python3.8/site-packages/airflow/example_dags/example_branch_operator.py took 0.080 seconds
[2021-09-23 23:56:28,192] {scheduler_job.py:182} INFO - Started process (PID=10233) to work on /home/airflow/sandbox/lib/python3.8/site-packages/airflow/example_dags/example_branch_operator.py
[2021-09-23 23:56:28,193] {scheduler_job.py:633} INFO - Processing file /home/airflow/sandbox/lib/python3.8/site-packages/airflow/example_dags/example_branch_operator.py for tasks to queue
[2021-09-23 23:56:28,194] {logging_mixin.py:104} INFO - [2021-09-23 23:56:28,193] {dagbag.py:487} INFO - Filling up the DagBag from /home/airflow/sandbox/lib/python3.8/site-packages/airflow/example_dags/example_branch_operator.py
[2021-09-23 23:56:28,208] {scheduler_job.py:643} INFO - DAG(s) dict_keys(['example_branch_operator']) retrieved from /home/airflow/sandbox/lib/python3.8/site-packages/airflow/example_dags/example_branch_operator.py
[2021-09-23 23:56:28,222] {logging_mixin.py:104} INFO - [2021-09-23 23:56:28,222] {dag.py:1832} INFO - Sync 1 DAGs
[2021-09-23 23:56:28,236] {logging_mixin.py:104} INFO - [2021-09-23 23:56:28,236] {dag.py:2305} INFO - Setting next_dagrun for example_branch_operator to 2021-09-21 00:00:00+00:00
[2021-09-23 23:56:28,256] {scheduler_job.py:190} INFO - Processing /home/airflow/sandbox/lib/python3.8/site-packages/airflow/example_dags/example_branch_operator.py took 0.066 seconds
[2021-09-23 23:57:03,912] {scheduler_job.py:182} INFO - Started process (PID=10308) to work on /home/airflow/sandbox/lib/python3.8/site-packages/airflow/example_dags/example_branch_operator.py
[2021-09-23 23:57:03,913] {scheduler_job.py:633} INFO - Processing file /home/airflow/sandbox/lib/python3.8/site-packages/airflow/example_dags/example_branch_operator.py for tasks to queue
[2021-09-23 23:57:03,914] {logging_mixin.py:104} INFO - [2021-09-23 23:57:03,914] {dagbag.py:487} INFO - Filling up the DagBag from /home/airflow/sandbox/lib/python3.8/site-packages/airflow/example_dags/example_branch_operator.py
[2021-09-23 23:57:03,928] {scheduler_job.py:643} INFO - DAG(s) dict_keys(['example_branch_operator']) retrieved from /home/airflow/sandbox/lib/python3.8/site-packages/airflow/example_dags/example_branch_operator.py
[2021-09-23 23:57:03,946] {logging_mixin.py:104} INFO - [2021-09-23 23:57:03,946] {dag.py:1832} INFO - Sync 1 DAGs
[2021-09-23 23:57:03,972] {logging_mixin.py:104} INFO - [2021-09-23 23:57:03,971] {dag.py:2305} INFO - Setting next_dagrun for example_branch_operator to 2021-09-21 00:00:00+00:00
[2021-09-23 23:57:03,998] {scheduler_job.py:190} INFO - Processing /home/airflow/sandbox/lib/python3.8/site-packages/airflow/example_dags/example_branch_operator.py took 0.089 seconds
[2021-09-23 23:57:44,979] {scheduler_job.py:182} INFO - Started process (PID=10719) to work on /home/airflow/sandbox/lib/python3.8/site-packages/airflow/example_dags/example_branch_operator.py
[2021-09-23 23:57:44,980] {scheduler_job.py:633} INFO - Processing file /home/airflow/sandbox/lib/python3.8/site-packages/airflow/example_dags/example_branch_operator.py for tasks to queue
[2021-09-23 23:57:44,980] {logging_mixin.py:104} INFO - [2021-09-23 23:57:44,980] {dagbag.py:487} INFO - Filling up the DagBag from /home/airflow/sandbox/lib/python3.8/site-packages/airflow/example_dags/example_branch_operator.py
[2021-09-23 23:57:45,013] {scheduler_job.py:643} INFO - DAG(s) dict_keys(['example_branch_operator']) retrieved from /home/airflow/sandbox/lib/python3.8/site-packages/airflow/example_dags/example_branch_operator.py
[2021-09-23 23:57:45,042] {logging_mixin.py:104} INFO - [2021-09-23 23:57:45,042] {dag.py:1832} INFO - Sync 1 DAGs
[2021-09-23 23:57:45,070] {logging_mixin.py:104} INFO - [2021-09-23 23:57:45,069] {dag.py:2305} INFO - Setting next_dagrun for example_branch_operator to 2021-09-21 00:00:00+00:00
[2021-09-23 23:57:45,114] {scheduler_job.py:190} INFO - Processing /home/airflow/sandbox/lib/python3.8/site-packages/airflow/example_dags/example_branch_operator.py took 0.137 seconds
[2021-09-23 23:58:26,860] {scheduler_job.py:182} INFO - Started process (PID=10876) to work on /home/airflow/sandbox/lib/python3.8/site-packages/airflow/example_dags/example_branch_operator.py
[2021-09-23 23:58:26,861] {scheduler_job.py:633} INFO - Processing file /home/airflow/sandbox/lib/python3.8/site-packages/airflow/example_dags/example_branch_operator.py for tasks to queue
[2021-09-23 23:58:26,861] {logging_mixin.py:104} INFO - [2021-09-23 23:58:26,861] {dagbag.py:487} INFO - Filling up the DagBag from /home/airflow/sandbox/lib/python3.8/site-packages/airflow/example_dags/example_branch_operator.py
[2021-09-23 23:58:26,880] {scheduler_job.py:643} INFO - DAG(s) dict_keys(['example_branch_operator']) retrieved from /home/airflow/sandbox/lib/python3.8/site-packages/airflow/example_dags/example_branch_operator.py
[2021-09-23 23:58:26,895] {logging_mixin.py:104} INFO - [2021-09-23 23:58:26,895] {dag.py:1832} INFO - Sync 1 DAGs
[2021-09-23 23:58:26,914] {logging_mixin.py:104} INFO - [2021-09-23 23:58:26,914] {dag.py:2305} INFO - Setting next_dagrun for example_branch_operator to 2021-09-21 00:00:00+00:00
[2021-09-23 23:58:26,935] {scheduler_job.py:190} INFO - Processing /home/airflow/sandbox/lib/python3.8/site-packages/airflow/example_dags/example_branch_operator.py took 0.078 seconds
[2021-09-23 23:59:06,686] {scheduler_job.py:182} INFO - Started process (PID=10913) to work on /home/airflow/sandbox/lib/python3.8/site-packages/airflow/example_dags/example_branch_operator.py
[2021-09-23 23:59:06,687] {scheduler_job.py:633} INFO - Processing file /home/airflow/sandbox/lib/python3.8/site-packages/airflow/example_dags/example_branch_operator.py for tasks to queue
[2021-09-23 23:59:06,688] {logging_mixin.py:104} INFO - [2021-09-23 23:59:06,688] {dagbag.py:487} INFO - Filling up the DagBag from /home/airflow/sandbox/lib/python3.8/site-packages/airflow/example_dags/example_branch_operator.py
[2021-09-23 23:59:06,700] {scheduler_job.py:643} INFO - DAG(s) dict_keys(['example_branch_operator']) retrieved from /home/airflow/sandbox/lib/python3.8/site-packages/airflow/example_dags/example_branch_operator.py
[2021-09-23 23:59:06,716] {logging_mixin.py:104} INFO - [2021-09-23 23:59:06,716] {dag.py:1832} INFO - Sync 1 DAGs
[2021-09-23 23:59:06,734] {logging_mixin.py:104} INFO - [2021-09-23 23:59:06,733] {dag.py:2305} INFO - Setting next_dagrun for example_branch_operator to 2021-09-21 00:00:00+00:00
[2021-09-23 23:59:06,755] {scheduler_job.py:190} INFO - Processing /home/airflow/sandbox/lib/python3.8/site-packages/airflow/example_dags/example_branch_operator.py took 0.072 seconds
[2021-09-23 23:59:41,729] {scheduler_job.py:182} INFO - Started process (PID=10946) to work on /home/airflow/sandbox/lib/python3.8/site-packages/airflow/example_dags/example_branch_operator.py
[2021-09-23 23:59:41,730] {scheduler_job.py:633} INFO - Processing file /home/airflow/sandbox/lib/python3.8/site-packages/airflow/example_dags/example_branch_operator.py for tasks to queue
[2021-09-23 23:59:41,730] {logging_mixin.py:104} INFO - [2021-09-23 23:59:41,730] {dagbag.py:487} INFO - Filling up the DagBag from /home/airflow/sandbox/lib/python3.8/site-packages/airflow/example_dags/example_branch_operator.py
[2021-09-23 23:59:41,744] {scheduler_job.py:643} INFO - DAG(s) dict_keys(['example_branch_operator']) retrieved from /home/airflow/sandbox/lib/python3.8/site-packages/airflow/example_dags/example_branch_operator.py
[2021-09-23 23:59:41,759] {logging_mixin.py:104} INFO - [2021-09-23 23:59:41,759] {dag.py:1832} INFO - Sync 1 DAGs
[2021-09-23 23:59:41,775] {logging_mixin.py:104} INFO - [2021-09-23 23:59:41,775] {dag.py:2305} INFO - Setting next_dagrun for example_branch_operator to 2021-09-21 00:00:00+00:00
[2021-09-23 23:59:41,797] {scheduler_job.py:190} INFO - Processing /home/airflow/sandbox/lib/python3.8/site-packages/airflow/example_dags/example_branch_operator.py took 0.072 seconds
