[2021-09-23 22:56:13,548] {scheduler_job.py:182} INFO - Started process (PID=5308) to work on /home/airflow/sandbox/lib/python3.8/site-packages/airflow/example_dags/example_latest_only_with_trigger.py
[2021-09-23 22:56:13,549] {scheduler_job.py:633} INFO - Processing file /home/airflow/sandbox/lib/python3.8/site-packages/airflow/example_dags/example_latest_only_with_trigger.py for tasks to queue
[2021-09-23 22:56:13,550] {logging_mixin.py:104} INFO - [2021-09-23 22:56:13,550] {dagbag.py:487} INFO - Filling up the DagBag from /home/airflow/sandbox/lib/python3.8/site-packages/airflow/example_dags/example_latest_only_with_trigger.py
[2021-09-23 22:56:13,565] {scheduler_job.py:643} INFO - DAG(s) dict_keys(['latest_only_with_trigger']) retrieved from /home/airflow/sandbox/lib/python3.8/site-packages/airflow/example_dags/example_latest_only_with_trigger.py
[2021-09-23 22:56:13,909] {logging_mixin.py:104} INFO - [2021-09-23 22:56:13,909] {dag.py:1832} INFO - Sync 1 DAGs
[2021-09-23 22:56:13,922] {logging_mixin.py:104} INFO - [2021-09-23 22:56:13,922] {dag.py:2305} INFO - Setting next_dagrun for latest_only_with_trigger to 2021-09-21 00:00:00+00:00
[2021-09-23 22:56:13,945] {scheduler_job.py:190} INFO - Processing /home/airflow/sandbox/lib/python3.8/site-packages/airflow/example_dags/example_latest_only_with_trigger.py took 0.400 seconds
[2021-09-23 22:57:56,042] {scheduler_job.py:182} INFO - Started process (PID=6020) to work on /home/airflow/sandbox/lib/python3.8/site-packages/airflow/example_dags/example_latest_only_with_trigger.py
[2021-09-23 22:57:56,043] {scheduler_job.py:633} INFO - Processing file /home/airflow/sandbox/lib/python3.8/site-packages/airflow/example_dags/example_latest_only_with_trigger.py for tasks to queue
[2021-09-23 22:57:56,043] {logging_mixin.py:104} INFO - [2021-09-23 22:57:56,043] {dagbag.py:487} INFO - Filling up the DagBag from /home/airflow/sandbox/lib/python3.8/site-packages/airflow/example_dags/example_latest_only_with_trigger.py
[2021-09-23 22:57:56,054] {scheduler_job.py:643} INFO - DAG(s) dict_keys(['latest_only_with_trigger']) retrieved from /home/airflow/sandbox/lib/python3.8/site-packages/airflow/example_dags/example_latest_only_with_trigger.py
[2021-09-23 22:57:56,069] {logging_mixin.py:104} INFO - [2021-09-23 22:57:56,069] {dag.py:1832} INFO - Sync 1 DAGs
[2021-09-23 22:57:56,083] {logging_mixin.py:104} INFO - [2021-09-23 22:57:56,083] {dag.py:2305} INFO - Setting next_dagrun for latest_only_with_trigger to 2021-09-21 00:00:00+00:00
[2021-09-23 22:57:56,104] {scheduler_job.py:190} INFO - Processing /home/airflow/sandbox/lib/python3.8/site-packages/airflow/example_dags/example_latest_only_with_trigger.py took 0.065 seconds
[2021-09-23 22:58:31,277] {scheduler_job.py:182} INFO - Started process (PID=6112) to work on /home/airflow/sandbox/lib/python3.8/site-packages/airflow/example_dags/example_latest_only_with_trigger.py
[2021-09-23 22:58:31,278] {scheduler_job.py:633} INFO - Processing file /home/airflow/sandbox/lib/python3.8/site-packages/airflow/example_dags/example_latest_only_with_trigger.py for tasks to queue
[2021-09-23 22:58:31,278] {logging_mixin.py:104} INFO - [2021-09-23 22:58:31,278] {dagbag.py:487} INFO - Filling up the DagBag from /home/airflow/sandbox/lib/python3.8/site-packages/airflow/example_dags/example_latest_only_with_trigger.py
[2021-09-23 22:58:31,288] {scheduler_job.py:643} INFO - DAG(s) dict_keys(['latest_only_with_trigger']) retrieved from /home/airflow/sandbox/lib/python3.8/site-packages/airflow/example_dags/example_latest_only_with_trigger.py
[2021-09-23 22:58:31,302] {logging_mixin.py:104} INFO - [2021-09-23 22:58:31,302] {dag.py:1832} INFO - Sync 1 DAGs
[2021-09-23 22:58:31,317] {logging_mixin.py:104} INFO - [2021-09-23 22:58:31,316] {dag.py:2305} INFO - Setting next_dagrun for latest_only_with_trigger to 2021-09-21 00:00:00+00:00
[2021-09-23 22:58:31,333] {scheduler_job.py:190} INFO - Processing /home/airflow/sandbox/lib/python3.8/site-packages/airflow/example_dags/example_latest_only_with_trigger.py took 0.059 seconds
[2021-09-23 22:59:06,277] {scheduler_job.py:182} INFO - Started process (PID=6204) to work on /home/airflow/sandbox/lib/python3.8/site-packages/airflow/example_dags/example_latest_only_with_trigger.py
[2021-09-23 22:59:06,279] {scheduler_job.py:633} INFO - Processing file /home/airflow/sandbox/lib/python3.8/site-packages/airflow/example_dags/example_latest_only_with_trigger.py for tasks to queue
[2021-09-23 22:59:06,280] {logging_mixin.py:104} INFO - [2021-09-23 22:59:06,280] {dagbag.py:487} INFO - Filling up the DagBag from /home/airflow/sandbox/lib/python3.8/site-packages/airflow/example_dags/example_latest_only_with_trigger.py
[2021-09-23 22:59:06,291] {scheduler_job.py:643} INFO - DAG(s) dict_keys(['latest_only_with_trigger']) retrieved from /home/airflow/sandbox/lib/python3.8/site-packages/airflow/example_dags/example_latest_only_with_trigger.py
[2021-09-23 22:59:06,304] {logging_mixin.py:104} INFO - [2021-09-23 22:59:06,304] {dag.py:1832} INFO - Sync 1 DAGs
[2021-09-23 22:59:06,317] {logging_mixin.py:104} INFO - [2021-09-23 22:59:06,317] {dag.py:2305} INFO - Setting next_dagrun for latest_only_with_trigger to 2021-09-21 00:00:00+00:00
[2021-09-23 22:59:06,339] {scheduler_job.py:190} INFO - Processing /home/airflow/sandbox/lib/python3.8/site-packages/airflow/example_dags/example_latest_only_with_trigger.py took 0.065 seconds
[2021-09-23 22:59:40,522] {scheduler_job.py:182} INFO - Started process (PID=6237) to work on /home/airflow/sandbox/lib/python3.8/site-packages/airflow/example_dags/example_latest_only_with_trigger.py
[2021-09-23 22:59:40,523] {scheduler_job.py:633} INFO - Processing file /home/airflow/sandbox/lib/python3.8/site-packages/airflow/example_dags/example_latest_only_with_trigger.py for tasks to queue
[2021-09-23 22:59:40,524] {logging_mixin.py:104} INFO - [2021-09-23 22:59:40,524] {dagbag.py:487} INFO - Filling up the DagBag from /home/airflow/sandbox/lib/python3.8/site-packages/airflow/example_dags/example_latest_only_with_trigger.py
[2021-09-23 22:59:40,538] {scheduler_job.py:643} INFO - DAG(s) dict_keys(['latest_only_with_trigger']) retrieved from /home/airflow/sandbox/lib/python3.8/site-packages/airflow/example_dags/example_latest_only_with_trigger.py
[2021-09-23 22:59:40,554] {logging_mixin.py:104} INFO - [2021-09-23 22:59:40,553] {dag.py:1832} INFO - Sync 1 DAGs
[2021-09-23 22:59:40,564] {logging_mixin.py:104} INFO - [2021-09-23 22:59:40,564] {dag.py:2305} INFO - Setting next_dagrun for latest_only_with_trigger to 2021-09-21 00:00:00+00:00
[2021-09-23 22:59:40,584] {scheduler_job.py:190} INFO - Processing /home/airflow/sandbox/lib/python3.8/site-packages/airflow/example_dags/example_latest_only_with_trigger.py took 0.065 seconds
[2021-09-23 23:00:15,562] {scheduler_job.py:182} INFO - Started process (PID=6270) to work on /home/airflow/sandbox/lib/python3.8/site-packages/airflow/example_dags/example_latest_only_with_trigger.py
[2021-09-23 23:00:15,564] {scheduler_job.py:633} INFO - Processing file /home/airflow/sandbox/lib/python3.8/site-packages/airflow/example_dags/example_latest_only_with_trigger.py for tasks to queue
[2021-09-23 23:00:15,565] {logging_mixin.py:104} INFO - [2021-09-23 23:00:15,564] {dagbag.py:487} INFO - Filling up the DagBag from /home/airflow/sandbox/lib/python3.8/site-packages/airflow/example_dags/example_latest_only_with_trigger.py
[2021-09-23 23:00:15,577] {scheduler_job.py:643} INFO - DAG(s) dict_keys(['latest_only_with_trigger']) retrieved from /home/airflow/sandbox/lib/python3.8/site-packages/airflow/example_dags/example_latest_only_with_trigger.py
[2021-09-23 23:00:15,595] {logging_mixin.py:104} INFO - [2021-09-23 23:00:15,594] {dag.py:1832} INFO - Sync 1 DAGs
[2021-09-23 23:00:15,611] {logging_mixin.py:104} INFO - [2021-09-23 23:00:15,611] {dag.py:2305} INFO - Setting next_dagrun for latest_only_with_trigger to 2021-09-21 00:00:00+00:00
[2021-09-23 23:00:15,633] {scheduler_job.py:190} INFO - Processing /home/airflow/sandbox/lib/python3.8/site-packages/airflow/example_dags/example_latest_only_with_trigger.py took 0.074 seconds
[2021-09-23 23:00:49,664] {scheduler_job.py:182} INFO - Started process (PID=6345) to work on /home/airflow/sandbox/lib/python3.8/site-packages/airflow/example_dags/example_latest_only_with_trigger.py
[2021-09-23 23:00:49,665] {scheduler_job.py:633} INFO - Processing file /home/airflow/sandbox/lib/python3.8/site-packages/airflow/example_dags/example_latest_only_with_trigger.py for tasks to queue
[2021-09-23 23:00:49,666] {logging_mixin.py:104} INFO - [2021-09-23 23:00:49,666] {dagbag.py:487} INFO - Filling up the DagBag from /home/airflow/sandbox/lib/python3.8/site-packages/airflow/example_dags/example_latest_only_with_trigger.py
[2021-09-23 23:00:49,680] {scheduler_job.py:643} INFO - DAG(s) dict_keys(['latest_only_with_trigger']) retrieved from /home/airflow/sandbox/lib/python3.8/site-packages/airflow/example_dags/example_latest_only_with_trigger.py
[2021-09-23 23:00:49,697] {logging_mixin.py:104} INFO - [2021-09-23 23:00:49,697] {dag.py:1832} INFO - Sync 1 DAGs
[2021-09-23 23:00:49,713] {logging_mixin.py:104} INFO - [2021-09-23 23:00:49,713] {dag.py:2305} INFO - Setting next_dagrun for latest_only_with_trigger to 2021-09-21 00:00:00+00:00
[2021-09-23 23:00:49,737] {scheduler_job.py:190} INFO - Processing /home/airflow/sandbox/lib/python3.8/site-packages/airflow/example_dags/example_latest_only_with_trigger.py took 0.075 seconds
[2021-09-23 23:01:29,882] {scheduler_job.py:182} INFO - Started process (PID=6380) to work on /home/airflow/sandbox/lib/python3.8/site-packages/airflow/example_dags/example_latest_only_with_trigger.py
[2021-09-23 23:01:29,883] {scheduler_job.py:633} INFO - Processing file /home/airflow/sandbox/lib/python3.8/site-packages/airflow/example_dags/example_latest_only_with_trigger.py for tasks to queue
[2021-09-23 23:01:29,883] {logging_mixin.py:104} INFO - [2021-09-23 23:01:29,883] {dagbag.py:487} INFO - Filling up the DagBag from /home/airflow/sandbox/lib/python3.8/site-packages/airflow/example_dags/example_latest_only_with_trigger.py
[2021-09-23 23:01:29,894] {scheduler_job.py:643} INFO - DAG(s) dict_keys(['latest_only_with_trigger']) retrieved from /home/airflow/sandbox/lib/python3.8/site-packages/airflow/example_dags/example_latest_only_with_trigger.py
[2021-09-23 23:01:29,909] {logging_mixin.py:104} INFO - [2021-09-23 23:01:29,909] {dag.py:1832} INFO - Sync 1 DAGs
[2021-09-23 23:01:29,922] {logging_mixin.py:104} INFO - [2021-09-23 23:01:29,922] {dag.py:2305} INFO - Setting next_dagrun for latest_only_with_trigger to 2021-09-21 00:00:00+00:00
[2021-09-23 23:01:29,944] {scheduler_job.py:190} INFO - Processing /home/airflow/sandbox/lib/python3.8/site-packages/airflow/example_dags/example_latest_only_with_trigger.py took 0.064 seconds
[2021-09-23 23:02:08,785] {scheduler_job.py:182} INFO - Started process (PID=6485) to work on /home/airflow/sandbox/lib/python3.8/site-packages/airflow/example_dags/example_latest_only_with_trigger.py
[2021-09-23 23:02:08,786] {scheduler_job.py:633} INFO - Processing file /home/airflow/sandbox/lib/python3.8/site-packages/airflow/example_dags/example_latest_only_with_trigger.py for tasks to queue
[2021-09-23 23:02:08,787] {logging_mixin.py:104} INFO - [2021-09-23 23:02:08,787] {dagbag.py:487} INFO - Filling up the DagBag from /home/airflow/sandbox/lib/python3.8/site-packages/airflow/example_dags/example_latest_only_with_trigger.py
[2021-09-23 23:02:08,798] {scheduler_job.py:643} INFO - DAG(s) dict_keys(['latest_only_with_trigger']) retrieved from /home/airflow/sandbox/lib/python3.8/site-packages/airflow/example_dags/example_latest_only_with_trigger.py
[2021-09-23 23:02:08,813] {logging_mixin.py:104} INFO - [2021-09-23 23:02:08,813] {dag.py:1832} INFO - Sync 1 DAGs
[2021-09-23 23:02:08,824] {logging_mixin.py:104} INFO - [2021-09-23 23:02:08,824] {dag.py:2305} INFO - Setting next_dagrun for latest_only_with_trigger to 2021-09-21 00:00:00+00:00
[2021-09-23 23:02:08,861] {scheduler_job.py:190} INFO - Processing /home/airflow/sandbox/lib/python3.8/site-packages/airflow/example_dags/example_latest_only_with_trigger.py took 0.078 seconds
[2021-09-23 23:02:43,677] {scheduler_job.py:182} INFO - Started process (PID=6556) to work on /home/airflow/sandbox/lib/python3.8/site-packages/airflow/example_dags/example_latest_only_with_trigger.py
[2021-09-23 23:02:43,679] {scheduler_job.py:633} INFO - Processing file /home/airflow/sandbox/lib/python3.8/site-packages/airflow/example_dags/example_latest_only_with_trigger.py for tasks to queue
[2021-09-23 23:02:43,679] {logging_mixin.py:104} INFO - [2021-09-23 23:02:43,679] {dagbag.py:487} INFO - Filling up the DagBag from /home/airflow/sandbox/lib/python3.8/site-packages/airflow/example_dags/example_latest_only_with_trigger.py
[2021-09-23 23:02:43,689] {scheduler_job.py:643} INFO - DAG(s) dict_keys(['latest_only_with_trigger']) retrieved from /home/airflow/sandbox/lib/python3.8/site-packages/airflow/example_dags/example_latest_only_with_trigger.py
[2021-09-23 23:02:43,704] {logging_mixin.py:104} INFO - [2021-09-23 23:02:43,704] {dag.py:1832} INFO - Sync 1 DAGs
[2021-09-23 23:02:43,715] {logging_mixin.py:104} INFO - [2021-09-23 23:02:43,715] {dag.py:2305} INFO - Setting next_dagrun for latest_only_with_trigger to 2021-09-21 00:00:00+00:00
[2021-09-23 23:02:43,740] {scheduler_job.py:190} INFO - Processing /home/airflow/sandbox/lib/python3.8/site-packages/airflow/example_dags/example_latest_only_with_trigger.py took 0.065 seconds
[2021-09-23 23:03:17,813] {scheduler_job.py:182} INFO - Started process (PID=6592) to work on /home/airflow/sandbox/lib/python3.8/site-packages/airflow/example_dags/example_latest_only_with_trigger.py
[2021-09-23 23:03:17,814] {scheduler_job.py:633} INFO - Processing file /home/airflow/sandbox/lib/python3.8/site-packages/airflow/example_dags/example_latest_only_with_trigger.py for tasks to queue
[2021-09-23 23:03:17,815] {logging_mixin.py:104} INFO - [2021-09-23 23:03:17,814] {dagbag.py:487} INFO - Filling up the DagBag from /home/airflow/sandbox/lib/python3.8/site-packages/airflow/example_dags/example_latest_only_with_trigger.py
[2021-09-23 23:03:17,825] {scheduler_job.py:643} INFO - DAG(s) dict_keys(['latest_only_with_trigger']) retrieved from /home/airflow/sandbox/lib/python3.8/site-packages/airflow/example_dags/example_latest_only_with_trigger.py
[2021-09-23 23:03:17,843] {logging_mixin.py:104} INFO - [2021-09-23 23:03:17,843] {dag.py:1832} INFO - Sync 1 DAGs
[2021-09-23 23:03:17,855] {logging_mixin.py:104} INFO - [2021-09-23 23:03:17,855] {dag.py:2305} INFO - Setting next_dagrun for latest_only_with_trigger to 2021-09-21 00:00:00+00:00
[2021-09-23 23:03:17,878] {scheduler_job.py:190} INFO - Processing /home/airflow/sandbox/lib/python3.8/site-packages/airflow/example_dags/example_latest_only_with_trigger.py took 0.067 seconds
[2021-09-23 23:03:56,274] {scheduler_job.py:182} INFO - Started process (PID=6866) to work on /home/airflow/sandbox/lib/python3.8/site-packages/airflow/example_dags/example_latest_only_with_trigger.py
[2021-09-23 23:03:56,275] {scheduler_job.py:633} INFO - Processing file /home/airflow/sandbox/lib/python3.8/site-packages/airflow/example_dags/example_latest_only_with_trigger.py for tasks to queue
[2021-09-23 23:03:56,276] {logging_mixin.py:104} INFO - [2021-09-23 23:03:56,276] {dagbag.py:487} INFO - Filling up the DagBag from /home/airflow/sandbox/lib/python3.8/site-packages/airflow/example_dags/example_latest_only_with_trigger.py
[2021-09-23 23:03:56,285] {scheduler_job.py:643} INFO - DAG(s) dict_keys(['latest_only_with_trigger']) retrieved from /home/airflow/sandbox/lib/python3.8/site-packages/airflow/example_dags/example_latest_only_with_trigger.py
[2021-09-23 23:03:56,299] {logging_mixin.py:104} INFO - [2021-09-23 23:03:56,299] {dag.py:1832} INFO - Sync 1 DAGs
[2021-09-23 23:03:56,320] {logging_mixin.py:104} INFO - [2021-09-23 23:03:56,320] {dag.py:2305} INFO - Setting next_dagrun for latest_only_with_trigger to 2021-09-21 00:00:00+00:00
[2021-09-23 23:03:56,339] {scheduler_job.py:190} INFO - Processing /home/airflow/sandbox/lib/python3.8/site-packages/airflow/example_dags/example_latest_only_with_trigger.py took 0.068 seconds
[2021-09-23 23:04:30,612] {scheduler_job.py:182} INFO - Started process (PID=6924) to work on /home/airflow/sandbox/lib/python3.8/site-packages/airflow/example_dags/example_latest_only_with_trigger.py
[2021-09-23 23:04:30,613] {scheduler_job.py:633} INFO - Processing file /home/airflow/sandbox/lib/python3.8/site-packages/airflow/example_dags/example_latest_only_with_trigger.py for tasks to queue
[2021-09-23 23:04:30,613] {logging_mixin.py:104} INFO - [2021-09-23 23:04:30,613] {dagbag.py:487} INFO - Filling up the DagBag from /home/airflow/sandbox/lib/python3.8/site-packages/airflow/example_dags/example_latest_only_with_trigger.py
[2021-09-23 23:04:30,624] {scheduler_job.py:643} INFO - DAG(s) dict_keys(['latest_only_with_trigger']) retrieved from /home/airflow/sandbox/lib/python3.8/site-packages/airflow/example_dags/example_latest_only_with_trigger.py
[2021-09-23 23:04:30,637] {logging_mixin.py:104} INFO - [2021-09-23 23:04:30,637] {dag.py:1832} INFO - Sync 1 DAGs
[2021-09-23 23:04:30,654] {logging_mixin.py:104} INFO - [2021-09-23 23:04:30,650] {dag.py:2305} INFO - Setting next_dagrun for latest_only_with_trigger to 2021-09-21 00:00:00+00:00
[2021-09-23 23:04:30,671] {scheduler_job.py:190} INFO - Processing /home/airflow/sandbox/lib/python3.8/site-packages/airflow/example_dags/example_latest_only_with_trigger.py took 0.063 seconds
[2021-09-23 23:05:03,010] {scheduler_job.py:182} INFO - Started process (PID=6970) to work on /home/airflow/sandbox/lib/python3.8/site-packages/airflow/example_dags/example_latest_only_with_trigger.py
[2021-09-23 23:05:03,010] {scheduler_job.py:633} INFO - Processing file /home/airflow/sandbox/lib/python3.8/site-packages/airflow/example_dags/example_latest_only_with_trigger.py for tasks to queue
[2021-09-23 23:05:03,011] {logging_mixin.py:104} INFO - [2021-09-23 23:05:03,011] {dagbag.py:487} INFO - Filling up the DagBag from /home/airflow/sandbox/lib/python3.8/site-packages/airflow/example_dags/example_latest_only_with_trigger.py
[2021-09-23 23:05:03,023] {scheduler_job.py:643} INFO - DAG(s) dict_keys(['latest_only_with_trigger']) retrieved from /home/airflow/sandbox/lib/python3.8/site-packages/airflow/example_dags/example_latest_only_with_trigger.py
[2021-09-23 23:05:03,038] {logging_mixin.py:104} INFO - [2021-09-23 23:05:03,038] {dag.py:1832} INFO - Sync 1 DAGs
[2021-09-23 23:05:03,049] {logging_mixin.py:104} INFO - [2021-09-23 23:05:03,049] {dag.py:2305} INFO - Setting next_dagrun for latest_only_with_trigger to 2021-09-21 00:00:00+00:00
[2021-09-23 23:05:03,069] {scheduler_job.py:190} INFO - Processing /home/airflow/sandbox/lib/python3.8/site-packages/airflow/example_dags/example_latest_only_with_trigger.py took 0.063 seconds
[2021-09-23 23:05:39,019] {scheduler_job.py:182} INFO - Started process (PID=7058) to work on /home/airflow/sandbox/lib/python3.8/site-packages/airflow/example_dags/example_latest_only_with_trigger.py
[2021-09-23 23:05:39,020] {scheduler_job.py:633} INFO - Processing file /home/airflow/sandbox/lib/python3.8/site-packages/airflow/example_dags/example_latest_only_with_trigger.py for tasks to queue
[2021-09-23 23:05:39,021] {logging_mixin.py:104} INFO - [2021-09-23 23:05:39,021] {dagbag.py:487} INFO - Filling up the DagBag from /home/airflow/sandbox/lib/python3.8/site-packages/airflow/example_dags/example_latest_only_with_trigger.py
[2021-09-23 23:05:39,033] {scheduler_job.py:643} INFO - DAG(s) dict_keys(['latest_only_with_trigger']) retrieved from /home/airflow/sandbox/lib/python3.8/site-packages/airflow/example_dags/example_latest_only_with_trigger.py
[2021-09-23 23:05:39,051] {logging_mixin.py:104} INFO - [2021-09-23 23:05:39,051] {dag.py:1832} INFO - Sync 1 DAGs
[2021-09-23 23:05:39,066] {logging_mixin.py:104} INFO - [2021-09-23 23:05:39,065] {dag.py:2305} INFO - Setting next_dagrun for latest_only_with_trigger to 2021-09-21 00:00:00+00:00
[2021-09-23 23:05:39,089] {scheduler_job.py:190} INFO - Processing /home/airflow/sandbox/lib/python3.8/site-packages/airflow/example_dags/example_latest_only_with_trigger.py took 0.072 seconds
[2021-09-23 23:06:15,061] {scheduler_job.py:182} INFO - Started process (PID=7158) to work on /home/airflow/sandbox/lib/python3.8/site-packages/airflow/example_dags/example_latest_only_with_trigger.py
[2021-09-23 23:06:15,062] {scheduler_job.py:633} INFO - Processing file /home/airflow/sandbox/lib/python3.8/site-packages/airflow/example_dags/example_latest_only_with_trigger.py for tasks to queue
[2021-09-23 23:06:15,063] {logging_mixin.py:104} INFO - [2021-09-23 23:06:15,062] {dagbag.py:487} INFO - Filling up the DagBag from /home/airflow/sandbox/lib/python3.8/site-packages/airflow/example_dags/example_latest_only_with_trigger.py
[2021-09-23 23:06:15,074] {scheduler_job.py:643} INFO - DAG(s) dict_keys(['latest_only_with_trigger']) retrieved from /home/airflow/sandbox/lib/python3.8/site-packages/airflow/example_dags/example_latest_only_with_trigger.py
[2021-09-23 23:06:15,089] {logging_mixin.py:104} INFO - [2021-09-23 23:06:15,089] {dag.py:1832} INFO - Sync 1 DAGs
[2021-09-23 23:06:15,101] {logging_mixin.py:104} INFO - [2021-09-23 23:06:15,101] {dag.py:2305} INFO - Setting next_dagrun for latest_only_with_trigger to 2021-09-21 00:00:00+00:00
[2021-09-23 23:06:15,121] {scheduler_job.py:190} INFO - Processing /home/airflow/sandbox/lib/python3.8/site-packages/airflow/example_dags/example_latest_only_with_trigger.py took 0.063 seconds
[2021-09-23 23:06:53,358] {scheduler_job.py:182} INFO - Started process (PID=7314) to work on /home/airflow/sandbox/lib/python3.8/site-packages/airflow/example_dags/example_latest_only_with_trigger.py
[2021-09-23 23:06:53,359] {scheduler_job.py:633} INFO - Processing file /home/airflow/sandbox/lib/python3.8/site-packages/airflow/example_dags/example_latest_only_with_trigger.py for tasks to queue
[2021-09-23 23:06:53,361] {logging_mixin.py:104} INFO - [2021-09-23 23:06:53,361] {dagbag.py:487} INFO - Filling up the DagBag from /home/airflow/sandbox/lib/python3.8/site-packages/airflow/example_dags/example_latest_only_with_trigger.py
[2021-09-23 23:06:53,376] {scheduler_job.py:643} INFO - DAG(s) dict_keys(['latest_only_with_trigger']) retrieved from /home/airflow/sandbox/lib/python3.8/site-packages/airflow/example_dags/example_latest_only_with_trigger.py
[2021-09-23 23:06:53,399] {logging_mixin.py:104} INFO - [2021-09-23 23:06:53,399] {dag.py:1832} INFO - Sync 1 DAGs
[2021-09-23 23:06:53,415] {logging_mixin.py:104} INFO - [2021-09-23 23:06:53,415] {dag.py:2305} INFO - Setting next_dagrun for latest_only_with_trigger to 2021-09-21 00:00:00+00:00
[2021-09-23 23:06:53,436] {scheduler_job.py:190} INFO - Processing /home/airflow/sandbox/lib/python3.8/site-packages/airflow/example_dags/example_latest_only_with_trigger.py took 0.085 seconds
[2021-09-23 23:07:27,291] {scheduler_job.py:182} INFO - Started process (PID=7366) to work on /home/airflow/sandbox/lib/python3.8/site-packages/airflow/example_dags/example_latest_only_with_trigger.py
[2021-09-23 23:07:27,292] {scheduler_job.py:633} INFO - Processing file /home/airflow/sandbox/lib/python3.8/site-packages/airflow/example_dags/example_latest_only_with_trigger.py for tasks to queue
[2021-09-23 23:07:27,292] {logging_mixin.py:104} INFO - [2021-09-23 23:07:27,292] {dagbag.py:487} INFO - Filling up the DagBag from /home/airflow/sandbox/lib/python3.8/site-packages/airflow/example_dags/example_latest_only_with_trigger.py
[2021-09-23 23:07:27,303] {scheduler_job.py:643} INFO - DAG(s) dict_keys(['latest_only_with_trigger']) retrieved from /home/airflow/sandbox/lib/python3.8/site-packages/airflow/example_dags/example_latest_only_with_trigger.py
[2021-09-23 23:07:27,317] {logging_mixin.py:104} INFO - [2021-09-23 23:07:27,317] {dag.py:1832} INFO - Sync 1 DAGs
[2021-09-23 23:07:27,328] {logging_mixin.py:104} INFO - [2021-09-23 23:07:27,327] {dag.py:2305} INFO - Setting next_dagrun for latest_only_with_trigger to 2021-09-21 00:00:00+00:00
[2021-09-23 23:07:27,349] {scheduler_job.py:190} INFO - Processing /home/airflow/sandbox/lib/python3.8/site-packages/airflow/example_dags/example_latest_only_with_trigger.py took 0.061 seconds
[2021-09-23 23:08:01,433] {scheduler_job.py:182} INFO - Started process (PID=7399) to work on /home/airflow/sandbox/lib/python3.8/site-packages/airflow/example_dags/example_latest_only_with_trigger.py
[2021-09-23 23:08:01,435] {scheduler_job.py:633} INFO - Processing file /home/airflow/sandbox/lib/python3.8/site-packages/airflow/example_dags/example_latest_only_with_trigger.py for tasks to queue
[2021-09-23 23:08:01,436] {logging_mixin.py:104} INFO - [2021-09-23 23:08:01,436] {dagbag.py:487} INFO - Filling up the DagBag from /home/airflow/sandbox/lib/python3.8/site-packages/airflow/example_dags/example_latest_only_with_trigger.py
[2021-09-23 23:08:01,447] {scheduler_job.py:643} INFO - DAG(s) dict_keys(['latest_only_with_trigger']) retrieved from /home/airflow/sandbox/lib/python3.8/site-packages/airflow/example_dags/example_latest_only_with_trigger.py
[2021-09-23 23:08:01,468] {logging_mixin.py:104} INFO - [2021-09-23 23:08:01,468] {dag.py:1832} INFO - Sync 1 DAGs
[2021-09-23 23:08:01,480] {logging_mixin.py:104} INFO - [2021-09-23 23:08:01,480] {dag.py:2305} INFO - Setting next_dagrun for latest_only_with_trigger to 2021-09-21 00:00:00+00:00
[2021-09-23 23:08:01,502] {scheduler_job.py:190} INFO - Processing /home/airflow/sandbox/lib/python3.8/site-packages/airflow/example_dags/example_latest_only_with_trigger.py took 0.073 seconds
[2021-09-23 23:08:34,445] {scheduler_job.py:182} INFO - Started process (PID=7448) to work on /home/airflow/sandbox/lib/python3.8/site-packages/airflow/example_dags/example_latest_only_with_trigger.py
[2021-09-23 23:08:34,446] {scheduler_job.py:633} INFO - Processing file /home/airflow/sandbox/lib/python3.8/site-packages/airflow/example_dags/example_latest_only_with_trigger.py for tasks to queue
[2021-09-23 23:08:34,446] {logging_mixin.py:104} INFO - [2021-09-23 23:08:34,446] {dagbag.py:487} INFO - Filling up the DagBag from /home/airflow/sandbox/lib/python3.8/site-packages/airflow/example_dags/example_latest_only_with_trigger.py
[2021-09-23 23:08:34,455] {scheduler_job.py:643} INFO - DAG(s) dict_keys(['latest_only_with_trigger']) retrieved from /home/airflow/sandbox/lib/python3.8/site-packages/airflow/example_dags/example_latest_only_with_trigger.py
[2021-09-23 23:08:34,470] {logging_mixin.py:104} INFO - [2021-09-23 23:08:34,469] {dag.py:1832} INFO - Sync 1 DAGs
[2021-09-23 23:08:34,482] {logging_mixin.py:104} INFO - [2021-09-23 23:08:34,482] {dag.py:2305} INFO - Setting next_dagrun for latest_only_with_trigger to 2021-09-21 00:00:00+00:00
[2021-09-23 23:08:34,503] {scheduler_job.py:190} INFO - Processing /home/airflow/sandbox/lib/python3.8/site-packages/airflow/example_dags/example_latest_only_with_trigger.py took 0.061 seconds
[2021-09-23 23:09:08,791] {scheduler_job.py:182} INFO - Started process (PID=7555) to work on /home/airflow/sandbox/lib/python3.8/site-packages/airflow/example_dags/example_latest_only_with_trigger.py
[2021-09-23 23:09:08,792] {scheduler_job.py:633} INFO - Processing file /home/airflow/sandbox/lib/python3.8/site-packages/airflow/example_dags/example_latest_only_with_trigger.py for tasks to queue
[2021-09-23 23:09:08,793] {logging_mixin.py:104} INFO - [2021-09-23 23:09:08,792] {dagbag.py:487} INFO - Filling up the DagBag from /home/airflow/sandbox/lib/python3.8/site-packages/airflow/example_dags/example_latest_only_with_trigger.py
[2021-09-23 23:09:08,806] {scheduler_job.py:643} INFO - DAG(s) dict_keys(['latest_only_with_trigger']) retrieved from /home/airflow/sandbox/lib/python3.8/site-packages/airflow/example_dags/example_latest_only_with_trigger.py
[2021-09-23 23:09:08,822] {logging_mixin.py:104} INFO - [2021-09-23 23:09:08,822] {dag.py:1832} INFO - Sync 1 DAGs
[2021-09-23 23:09:08,835] {logging_mixin.py:104} INFO - [2021-09-23 23:09:08,834] {dag.py:2305} INFO - Setting next_dagrun for latest_only_with_trigger to 2021-09-21 00:00:00+00:00
[2021-09-23 23:09:08,857] {scheduler_job.py:190} INFO - Processing /home/airflow/sandbox/lib/python3.8/site-packages/airflow/example_dags/example_latest_only_with_trigger.py took 0.068 seconds
[2021-09-23 23:09:41,200] {scheduler_job.py:182} INFO - Started process (PID=7633) to work on /home/airflow/sandbox/lib/python3.8/site-packages/airflow/example_dags/example_latest_only_with_trigger.py
[2021-09-23 23:09:41,201] {scheduler_job.py:633} INFO - Processing file /home/airflow/sandbox/lib/python3.8/site-packages/airflow/example_dags/example_latest_only_with_trigger.py for tasks to queue
[2021-09-23 23:09:41,202] {logging_mixin.py:104} INFO - [2021-09-23 23:09:41,202] {dagbag.py:487} INFO - Filling up the DagBag from /home/airflow/sandbox/lib/python3.8/site-packages/airflow/example_dags/example_latest_only_with_trigger.py
[2021-09-23 23:09:41,212] {scheduler_job.py:643} INFO - DAG(s) dict_keys(['latest_only_with_trigger']) retrieved from /home/airflow/sandbox/lib/python3.8/site-packages/airflow/example_dags/example_latest_only_with_trigger.py
[2021-09-23 23:09:41,226] {logging_mixin.py:104} INFO - [2021-09-23 23:09:41,226] {dag.py:1832} INFO - Sync 1 DAGs
[2021-09-23 23:09:41,242] {logging_mixin.py:104} INFO - [2021-09-23 23:09:41,241] {dag.py:2305} INFO - Setting next_dagrun for latest_only_with_trigger to 2021-09-21 00:00:00+00:00
[2021-09-23 23:09:41,263] {scheduler_job.py:190} INFO - Processing /home/airflow/sandbox/lib/python3.8/site-packages/airflow/example_dags/example_latest_only_with_trigger.py took 0.065 seconds
[2021-09-23 23:10:16,452] {scheduler_job.py:182} INFO - Started process (PID=7681) to work on /home/airflow/sandbox/lib/python3.8/site-packages/airflow/example_dags/example_latest_only_with_trigger.py
[2021-09-23 23:10:16,458] {scheduler_job.py:633} INFO - Processing file /home/airflow/sandbox/lib/python3.8/site-packages/airflow/example_dags/example_latest_only_with_trigger.py for tasks to queue
[2021-09-23 23:10:16,458] {logging_mixin.py:104} INFO - [2021-09-23 23:10:16,458] {dagbag.py:487} INFO - Filling up the DagBag from /home/airflow/sandbox/lib/python3.8/site-packages/airflow/example_dags/example_latest_only_with_trigger.py
[2021-09-23 23:10:16,473] {scheduler_job.py:643} INFO - DAG(s) dict_keys(['latest_only_with_trigger']) retrieved from /home/airflow/sandbox/lib/python3.8/site-packages/airflow/example_dags/example_latest_only_with_trigger.py
[2021-09-23 23:10:16,487] {logging_mixin.py:104} INFO - [2021-09-23 23:10:16,486] {dag.py:1832} INFO - Sync 1 DAGs
[2021-09-23 23:10:16,499] {logging_mixin.py:104} INFO - [2021-09-23 23:10:16,499] {dag.py:2305} INFO - Setting next_dagrun for latest_only_with_trigger to 2021-09-21 00:00:00+00:00
[2021-09-23 23:10:16,517] {scheduler_job.py:190} INFO - Processing /home/airflow/sandbox/lib/python3.8/site-packages/airflow/example_dags/example_latest_only_with_trigger.py took 0.068 seconds
[2021-09-23 23:10:53,777] {scheduler_job.py:182} INFO - Started process (PID=7872) to work on /home/airflow/sandbox/lib/python3.8/site-packages/airflow/example_dags/example_latest_only_with_trigger.py
[2021-09-23 23:10:53,779] {scheduler_job.py:633} INFO - Processing file /home/airflow/sandbox/lib/python3.8/site-packages/airflow/example_dags/example_latest_only_with_trigger.py for tasks to queue
[2021-09-23 23:10:53,779] {logging_mixin.py:104} INFO - [2021-09-23 23:10:53,779] {dagbag.py:487} INFO - Filling up the DagBag from /home/airflow/sandbox/lib/python3.8/site-packages/airflow/example_dags/example_latest_only_with_trigger.py
[2021-09-23 23:10:53,790] {scheduler_job.py:643} INFO - DAG(s) dict_keys(['latest_only_with_trigger']) retrieved from /home/airflow/sandbox/lib/python3.8/site-packages/airflow/example_dags/example_latest_only_with_trigger.py
[2021-09-23 23:10:53,805] {logging_mixin.py:104} INFO - [2021-09-23 23:10:53,805] {dag.py:1832} INFO - Sync 1 DAGs
[2021-09-23 23:10:53,816] {logging_mixin.py:104} INFO - [2021-09-23 23:10:53,816] {dag.py:2305} INFO - Setting next_dagrun for latest_only_with_trigger to 2021-09-21 00:00:00+00:00
[2021-09-23 23:10:53,837] {scheduler_job.py:190} INFO - Processing /home/airflow/sandbox/lib/python3.8/site-packages/airflow/example_dags/example_latest_only_with_trigger.py took 0.063 seconds
[2021-09-23 23:11:29,152] {scheduler_job.py:182} INFO - Started process (PID=7972) to work on /home/airflow/sandbox/lib/python3.8/site-packages/airflow/example_dags/example_latest_only_with_trigger.py
[2021-09-23 23:11:29,154] {scheduler_job.py:633} INFO - Processing file /home/airflow/sandbox/lib/python3.8/site-packages/airflow/example_dags/example_latest_only_with_trigger.py for tasks to queue
[2021-09-23 23:11:29,154] {logging_mixin.py:104} INFO - [2021-09-23 23:11:29,154] {dagbag.py:487} INFO - Filling up the DagBag from /home/airflow/sandbox/lib/python3.8/site-packages/airflow/example_dags/example_latest_only_with_trigger.py
[2021-09-23 23:11:29,165] {scheduler_job.py:643} INFO - DAG(s) dict_keys(['latest_only_with_trigger']) retrieved from /home/airflow/sandbox/lib/python3.8/site-packages/airflow/example_dags/example_latest_only_with_trigger.py
[2021-09-23 23:11:29,178] {logging_mixin.py:104} INFO - [2021-09-23 23:11:29,178] {dag.py:1832} INFO - Sync 1 DAGs
[2021-09-23 23:11:29,189] {logging_mixin.py:104} INFO - [2021-09-23 23:11:29,189] {dag.py:2305} INFO - Setting next_dagrun for latest_only_with_trigger to 2021-09-21 00:00:00+00:00
[2021-09-23 23:11:29,210] {scheduler_job.py:190} INFO - Processing /home/airflow/sandbox/lib/python3.8/site-packages/airflow/example_dags/example_latest_only_with_trigger.py took 0.062 seconds
[2021-09-23 23:12:03,386] {scheduler_job.py:182} INFO - Started process (PID=8119) to work on /home/airflow/sandbox/lib/python3.8/site-packages/airflow/example_dags/example_latest_only_with_trigger.py
[2021-09-23 23:12:03,392] {scheduler_job.py:633} INFO - Processing file /home/airflow/sandbox/lib/python3.8/site-packages/airflow/example_dags/example_latest_only_with_trigger.py for tasks to queue
[2021-09-23 23:12:03,393] {logging_mixin.py:104} INFO - [2021-09-23 23:12:03,393] {dagbag.py:487} INFO - Filling up the DagBag from /home/airflow/sandbox/lib/python3.8/site-packages/airflow/example_dags/example_latest_only_with_trigger.py
[2021-09-23 23:12:03,405] {scheduler_job.py:643} INFO - DAG(s) dict_keys(['latest_only_with_trigger']) retrieved from /home/airflow/sandbox/lib/python3.8/site-packages/airflow/example_dags/example_latest_only_with_trigger.py
[2021-09-23 23:12:03,424] {logging_mixin.py:104} INFO - [2021-09-23 23:12:03,423] {dag.py:1832} INFO - Sync 1 DAGs
[2021-09-23 23:12:03,440] {logging_mixin.py:104} INFO - [2021-09-23 23:12:03,440] {dag.py:2305} INFO - Setting next_dagrun for latest_only_with_trigger to 2021-09-21 00:00:00+00:00
[2021-09-23 23:12:03,466] {scheduler_job.py:190} INFO - Processing /home/airflow/sandbox/lib/python3.8/site-packages/airflow/example_dags/example_latest_only_with_trigger.py took 0.082 seconds
[2021-09-23 23:12:41,363] {scheduler_job.py:182} INFO - Started process (PID=8382) to work on /home/airflow/sandbox/lib/python3.8/site-packages/airflow/example_dags/example_latest_only_with_trigger.py
[2021-09-23 23:12:41,365] {scheduler_job.py:633} INFO - Processing file /home/airflow/sandbox/lib/python3.8/site-packages/airflow/example_dags/example_latest_only_with_trigger.py for tasks to queue
[2021-09-23 23:12:41,365] {logging_mixin.py:104} INFO - [2021-09-23 23:12:41,365] {dagbag.py:487} INFO - Filling up the DagBag from /home/airflow/sandbox/lib/python3.8/site-packages/airflow/example_dags/example_latest_only_with_trigger.py
[2021-09-23 23:12:41,374] {scheduler_job.py:643} INFO - DAG(s) dict_keys(['latest_only_with_trigger']) retrieved from /home/airflow/sandbox/lib/python3.8/site-packages/airflow/example_dags/example_latest_only_with_trigger.py
[2021-09-23 23:12:41,386] {logging_mixin.py:104} INFO - [2021-09-23 23:12:41,386] {dag.py:1832} INFO - Sync 1 DAGs
[2021-09-23 23:12:41,399] {logging_mixin.py:104} INFO - [2021-09-23 23:12:41,399] {dag.py:2305} INFO - Setting next_dagrun for latest_only_with_trigger to 2021-09-21 00:00:00+00:00
[2021-09-23 23:12:41,421] {scheduler_job.py:190} INFO - Processing /home/airflow/sandbox/lib/python3.8/site-packages/airflow/example_dags/example_latest_only_with_trigger.py took 0.060 seconds
[2021-09-23 23:13:18,989] {scheduler_job.py:182} INFO - Started process (PID=8417) to work on /home/airflow/sandbox/lib/python3.8/site-packages/airflow/example_dags/example_latest_only_with_trigger.py
[2021-09-23 23:13:18,990] {scheduler_job.py:633} INFO - Processing file /home/airflow/sandbox/lib/python3.8/site-packages/airflow/example_dags/example_latest_only_with_trigger.py for tasks to queue
[2021-09-23 23:13:18,991] {logging_mixin.py:104} INFO - [2021-09-23 23:13:18,990] {dagbag.py:487} INFO - Filling up the DagBag from /home/airflow/sandbox/lib/python3.8/site-packages/airflow/example_dags/example_latest_only_with_trigger.py
[2021-09-23 23:13:19,000] {scheduler_job.py:643} INFO - DAG(s) dict_keys(['latest_only_with_trigger']) retrieved from /home/airflow/sandbox/lib/python3.8/site-packages/airflow/example_dags/example_latest_only_with_trigger.py
[2021-09-23 23:13:19,015] {logging_mixin.py:104} INFO - [2021-09-23 23:13:19,015] {dag.py:1832} INFO - Sync 1 DAGs
[2021-09-23 23:13:19,026] {logging_mixin.py:104} INFO - [2021-09-23 23:13:19,026] {dag.py:2305} INFO - Setting next_dagrun for latest_only_with_trigger to 2021-09-21 00:00:00+00:00
[2021-09-23 23:13:19,043] {scheduler_job.py:190} INFO - Processing /home/airflow/sandbox/lib/python3.8/site-packages/airflow/example_dags/example_latest_only_with_trigger.py took 0.057 seconds
[2021-09-23 23:13:56,313] {scheduler_job.py:182} INFO - Started process (PID=8451) to work on /home/airflow/sandbox/lib/python3.8/site-packages/airflow/example_dags/example_latest_only_with_trigger.py
[2021-09-23 23:13:56,315] {scheduler_job.py:633} INFO - Processing file /home/airflow/sandbox/lib/python3.8/site-packages/airflow/example_dags/example_latest_only_with_trigger.py for tasks to queue
[2021-09-23 23:13:56,315] {logging_mixin.py:104} INFO - [2021-09-23 23:13:56,315] {dagbag.py:487} INFO - Filling up the DagBag from /home/airflow/sandbox/lib/python3.8/site-packages/airflow/example_dags/example_latest_only_with_trigger.py
[2021-09-23 23:13:56,326] {scheduler_job.py:643} INFO - DAG(s) dict_keys(['latest_only_with_trigger']) retrieved from /home/airflow/sandbox/lib/python3.8/site-packages/airflow/example_dags/example_latest_only_with_trigger.py
[2021-09-23 23:13:56,344] {logging_mixin.py:104} INFO - [2021-09-23 23:13:56,344] {dag.py:1832} INFO - Sync 1 DAGs
[2021-09-23 23:13:56,355] {logging_mixin.py:104} INFO - [2021-09-23 23:13:56,355] {dag.py:2305} INFO - Setting next_dagrun for latest_only_with_trigger to 2021-09-21 00:00:00+00:00
[2021-09-23 23:13:56,377] {scheduler_job.py:190} INFO - Processing /home/airflow/sandbox/lib/python3.8/site-packages/airflow/example_dags/example_latest_only_with_trigger.py took 0.066 seconds
[2021-09-23 23:14:32,253] {scheduler_job.py:182} INFO - Started process (PID=8484) to work on /home/airflow/sandbox/lib/python3.8/site-packages/airflow/example_dags/example_latest_only_with_trigger.py
[2021-09-23 23:14:32,254] {scheduler_job.py:633} INFO - Processing file /home/airflow/sandbox/lib/python3.8/site-packages/airflow/example_dags/example_latest_only_with_trigger.py for tasks to queue
[2021-09-23 23:14:32,255] {logging_mixin.py:104} INFO - [2021-09-23 23:14:32,255] {dagbag.py:487} INFO - Filling up the DagBag from /home/airflow/sandbox/lib/python3.8/site-packages/airflow/example_dags/example_latest_only_with_trigger.py
[2021-09-23 23:14:32,266] {scheduler_job.py:643} INFO - DAG(s) dict_keys(['latest_only_with_trigger']) retrieved from /home/airflow/sandbox/lib/python3.8/site-packages/airflow/example_dags/example_latest_only_with_trigger.py
[2021-09-23 23:14:32,282] {logging_mixin.py:104} INFO - [2021-09-23 23:14:32,281] {dag.py:1832} INFO - Sync 1 DAGs
[2021-09-23 23:14:32,320] {logging_mixin.py:104} INFO - [2021-09-23 23:14:32,319] {dag.py:2305} INFO - Setting next_dagrun for latest_only_with_trigger to 2021-09-21 00:00:00+00:00
[2021-09-23 23:14:32,347] {scheduler_job.py:190} INFO - Processing /home/airflow/sandbox/lib/python3.8/site-packages/airflow/example_dags/example_latest_only_with_trigger.py took 0.096 seconds
[2021-09-23 23:15:13,769] {scheduler_job.py:182} INFO - Started process (PID=8743) to work on /home/airflow/sandbox/lib/python3.8/site-packages/airflow/example_dags/example_latest_only_with_trigger.py
[2021-09-23 23:15:13,770] {scheduler_job.py:633} INFO - Processing file /home/airflow/sandbox/lib/python3.8/site-packages/airflow/example_dags/example_latest_only_with_trigger.py for tasks to queue
[2021-09-23 23:15:13,770] {logging_mixin.py:104} INFO - [2021-09-23 23:15:13,770] {dagbag.py:487} INFO - Filling up the DagBag from /home/airflow/sandbox/lib/python3.8/site-packages/airflow/example_dags/example_latest_only_with_trigger.py
[2021-09-23 23:15:13,786] {scheduler_job.py:643} INFO - DAG(s) dict_keys(['latest_only_with_trigger']) retrieved from /home/airflow/sandbox/lib/python3.8/site-packages/airflow/example_dags/example_latest_only_with_trigger.py
[2021-09-23 23:15:13,799] {logging_mixin.py:104} INFO - [2021-09-23 23:15:13,798] {dag.py:1832} INFO - Sync 1 DAGs
[2021-09-23 23:15:13,810] {logging_mixin.py:104} INFO - [2021-09-23 23:15:13,810] {dag.py:2305} INFO - Setting next_dagrun for latest_only_with_trigger to 2021-09-21 00:00:00+00:00
[2021-09-23 23:15:13,829] {scheduler_job.py:190} INFO - Processing /home/airflow/sandbox/lib/python3.8/site-packages/airflow/example_dags/example_latest_only_with_trigger.py took 0.062 seconds
[2021-09-23 23:15:44,962] {scheduler_job.py:182} INFO - Started process (PID=8936) to work on /home/airflow/sandbox/lib/python3.8/site-packages/airflow/example_dags/example_latest_only_with_trigger.py
[2021-09-23 23:15:44,963] {scheduler_job.py:633} INFO - Processing file /home/airflow/sandbox/lib/python3.8/site-packages/airflow/example_dags/example_latest_only_with_trigger.py for tasks to queue
[2021-09-23 23:15:44,964] {logging_mixin.py:104} INFO - [2021-09-23 23:15:44,964] {dagbag.py:487} INFO - Filling up the DagBag from /home/airflow/sandbox/lib/python3.8/site-packages/airflow/example_dags/example_latest_only_with_trigger.py
[2021-09-23 23:15:44,973] {scheduler_job.py:643} INFO - DAG(s) dict_keys(['latest_only_with_trigger']) retrieved from /home/airflow/sandbox/lib/python3.8/site-packages/airflow/example_dags/example_latest_only_with_trigger.py
[2021-09-23 23:15:44,985] {logging_mixin.py:104} INFO - [2021-09-23 23:15:44,985] {dag.py:1832} INFO - Sync 1 DAGs
[2021-09-23 23:15:44,994] {logging_mixin.py:104} INFO - [2021-09-23 23:15:44,994] {dag.py:2305} INFO - Setting next_dagrun for latest_only_with_trigger to 2021-09-21 00:00:00+00:00
[2021-09-23 23:15:45,013] {scheduler_job.py:190} INFO - Processing /home/airflow/sandbox/lib/python3.8/site-packages/airflow/example_dags/example_latest_only_with_trigger.py took 0.053 seconds
[2021-09-23 23:16:18,187] {scheduler_job.py:182} INFO - Started process (PID=9060) to work on /home/airflow/sandbox/lib/python3.8/site-packages/airflow/example_dags/example_latest_only_with_trigger.py
[2021-09-23 23:16:18,188] {scheduler_job.py:633} INFO - Processing file /home/airflow/sandbox/lib/python3.8/site-packages/airflow/example_dags/example_latest_only_with_trigger.py for tasks to queue
[2021-09-23 23:16:18,189] {logging_mixin.py:104} INFO - [2021-09-23 23:16:18,189] {dagbag.py:487} INFO - Filling up the DagBag from /home/airflow/sandbox/lib/python3.8/site-packages/airflow/example_dags/example_latest_only_with_trigger.py
[2021-09-23 23:16:18,199] {scheduler_job.py:643} INFO - DAG(s) dict_keys(['latest_only_with_trigger']) retrieved from /home/airflow/sandbox/lib/python3.8/site-packages/airflow/example_dags/example_latest_only_with_trigger.py
[2021-09-23 23:16:18,216] {logging_mixin.py:104} INFO - [2021-09-23 23:16:18,216] {dag.py:1832} INFO - Sync 1 DAGs
[2021-09-23 23:16:18,229] {logging_mixin.py:104} INFO - [2021-09-23 23:16:18,229] {dag.py:2305} INFO - Setting next_dagrun for latest_only_with_trigger to 2021-09-21 00:00:00+00:00
[2021-09-23 23:16:18,251] {scheduler_job.py:190} INFO - Processing /home/airflow/sandbox/lib/python3.8/site-packages/airflow/example_dags/example_latest_only_with_trigger.py took 0.066 seconds
[2021-09-23 23:16:54,273] {scheduler_job.py:182} INFO - Started process (PID=9196) to work on /home/airflow/sandbox/lib/python3.8/site-packages/airflow/example_dags/example_latest_only_with_trigger.py
[2021-09-23 23:16:54,274] {scheduler_job.py:633} INFO - Processing file /home/airflow/sandbox/lib/python3.8/site-packages/airflow/example_dags/example_latest_only_with_trigger.py for tasks to queue
[2021-09-23 23:16:54,274] {logging_mixin.py:104} INFO - [2021-09-23 23:16:54,274] {dagbag.py:487} INFO - Filling up the DagBag from /home/airflow/sandbox/lib/python3.8/site-packages/airflow/example_dags/example_latest_only_with_trigger.py
[2021-09-23 23:16:54,285] {scheduler_job.py:643} INFO - DAG(s) dict_keys(['latest_only_with_trigger']) retrieved from /home/airflow/sandbox/lib/python3.8/site-packages/airflow/example_dags/example_latest_only_with_trigger.py
[2021-09-23 23:16:54,298] {logging_mixin.py:104} INFO - [2021-09-23 23:16:54,298] {dag.py:1832} INFO - Sync 1 DAGs
[2021-09-23 23:16:54,310] {logging_mixin.py:104} INFO - [2021-09-23 23:16:54,310] {dag.py:2305} INFO - Setting next_dagrun for latest_only_with_trigger to 2021-09-21 00:00:00+00:00
[2021-09-23 23:16:54,331] {scheduler_job.py:190} INFO - Processing /home/airflow/sandbox/lib/python3.8/site-packages/airflow/example_dags/example_latest_only_with_trigger.py took 0.061 seconds
[2021-09-23 23:43:38,124] {scheduler_job.py:182} INFO - Started process (PID=9324) to work on /home/airflow/sandbox/lib/python3.8/site-packages/airflow/example_dags/example_latest_only_with_trigger.py
[2021-09-23 23:43:38,125] {scheduler_job.py:633} INFO - Processing file /home/airflow/sandbox/lib/python3.8/site-packages/airflow/example_dags/example_latest_only_with_trigger.py for tasks to queue
[2021-09-23 23:43:38,125] {logging_mixin.py:104} INFO - [2021-09-23 23:43:38,125] {dagbag.py:487} INFO - Filling up the DagBag from /home/airflow/sandbox/lib/python3.8/site-packages/airflow/example_dags/example_latest_only_with_trigger.py
[2021-09-23 23:43:38,134] {scheduler_job.py:643} INFO - DAG(s) dict_keys(['latest_only_with_trigger']) retrieved from /home/airflow/sandbox/lib/python3.8/site-packages/airflow/example_dags/example_latest_only_with_trigger.py
[2021-09-23 23:43:38,148] {logging_mixin.py:104} INFO - [2021-09-23 23:43:38,148] {dag.py:1832} INFO - Sync 1 DAGs
[2021-09-23 23:43:38,162] {logging_mixin.py:104} INFO - [2021-09-23 23:43:38,162] {dag.py:2305} INFO - Setting next_dagrun for latest_only_with_trigger to 2021-09-21 00:00:00+00:00
[2021-09-23 23:43:38,189] {scheduler_job.py:190} INFO - Processing /home/airflow/sandbox/lib/python3.8/site-packages/airflow/example_dags/example_latest_only_with_trigger.py took 0.068 seconds
[2021-09-23 23:44:12,494] {scheduler_job.py:182} INFO - Started process (PID=9357) to work on /home/airflow/sandbox/lib/python3.8/site-packages/airflow/example_dags/example_latest_only_with_trigger.py
[2021-09-23 23:44:12,496] {scheduler_job.py:633} INFO - Processing file /home/airflow/sandbox/lib/python3.8/site-packages/airflow/example_dags/example_latest_only_with_trigger.py for tasks to queue
[2021-09-23 23:44:12,497] {logging_mixin.py:104} INFO - [2021-09-23 23:44:12,496] {dagbag.py:487} INFO - Filling up the DagBag from /home/airflow/sandbox/lib/python3.8/site-packages/airflow/example_dags/example_latest_only_with_trigger.py
[2021-09-23 23:44:12,507] {scheduler_job.py:643} INFO - DAG(s) dict_keys(['latest_only_with_trigger']) retrieved from /home/airflow/sandbox/lib/python3.8/site-packages/airflow/example_dags/example_latest_only_with_trigger.py
[2021-09-23 23:44:12,523] {logging_mixin.py:104} INFO - [2021-09-23 23:44:12,523] {dag.py:1832} INFO - Sync 1 DAGs
[2021-09-23 23:44:12,535] {logging_mixin.py:104} INFO - [2021-09-23 23:44:12,534] {dag.py:2305} INFO - Setting next_dagrun for latest_only_with_trigger to 2021-09-21 00:00:00+00:00
[2021-09-23 23:44:12,557] {scheduler_job.py:190} INFO - Processing /home/airflow/sandbox/lib/python3.8/site-packages/airflow/example_dags/example_latest_only_with_trigger.py took 0.067 seconds
[2021-09-23 23:44:45,297] {scheduler_job.py:182} INFO - Started process (PID=9390) to work on /home/airflow/sandbox/lib/python3.8/site-packages/airflow/example_dags/example_latest_only_with_trigger.py
[2021-09-23 23:44:45,298] {scheduler_job.py:633} INFO - Processing file /home/airflow/sandbox/lib/python3.8/site-packages/airflow/example_dags/example_latest_only_with_trigger.py for tasks to queue
[2021-09-23 23:44:45,299] {logging_mixin.py:104} INFO - [2021-09-23 23:44:45,299] {dagbag.py:487} INFO - Filling up the DagBag from /home/airflow/sandbox/lib/python3.8/site-packages/airflow/example_dags/example_latest_only_with_trigger.py
[2021-09-23 23:44:45,308] {scheduler_job.py:643} INFO - DAG(s) dict_keys(['latest_only_with_trigger']) retrieved from /home/airflow/sandbox/lib/python3.8/site-packages/airflow/example_dags/example_latest_only_with_trigger.py
[2021-09-23 23:44:45,322] {logging_mixin.py:104} INFO - [2021-09-23 23:44:45,322] {dag.py:1832} INFO - Sync 1 DAGs
[2021-09-23 23:44:45,333] {logging_mixin.py:104} INFO - [2021-09-23 23:44:45,333] {dag.py:2305} INFO - Setting next_dagrun for latest_only_with_trigger to 2021-09-21 00:00:00+00:00
[2021-09-23 23:44:45,354] {scheduler_job.py:190} INFO - Processing /home/airflow/sandbox/lib/python3.8/site-packages/airflow/example_dags/example_latest_only_with_trigger.py took 0.059 seconds
[2021-09-23 23:45:20,422] {scheduler_job.py:182} INFO - Started process (PID=9422) to work on /home/airflow/sandbox/lib/python3.8/site-packages/airflow/example_dags/example_latest_only_with_trigger.py
[2021-09-23 23:45:20,423] {scheduler_job.py:633} INFO - Processing file /home/airflow/sandbox/lib/python3.8/site-packages/airflow/example_dags/example_latest_only_with_trigger.py for tasks to queue
[2021-09-23 23:45:20,424] {logging_mixin.py:104} INFO - [2021-09-23 23:45:20,424] {dagbag.py:487} INFO - Filling up the DagBag from /home/airflow/sandbox/lib/python3.8/site-packages/airflow/example_dags/example_latest_only_with_trigger.py
[2021-09-23 23:45:20,435] {scheduler_job.py:643} INFO - DAG(s) dict_keys(['latest_only_with_trigger']) retrieved from /home/airflow/sandbox/lib/python3.8/site-packages/airflow/example_dags/example_latest_only_with_trigger.py
[2021-09-23 23:45:20,446] {logging_mixin.py:104} INFO - [2021-09-23 23:45:20,446] {dag.py:1832} INFO - Sync 1 DAGs
[2021-09-23 23:45:20,457] {logging_mixin.py:104} INFO - [2021-09-23 23:45:20,457] {dag.py:2305} INFO - Setting next_dagrun for latest_only_with_trigger to 2021-09-21 00:00:00+00:00
[2021-09-23 23:45:20,479] {scheduler_job.py:190} INFO - Processing /home/airflow/sandbox/lib/python3.8/site-packages/airflow/example_dags/example_latest_only_with_trigger.py took 0.059 seconds
[2021-09-23 23:45:54,545] {scheduler_job.py:182} INFO - Started process (PID=9454) to work on /home/airflow/sandbox/lib/python3.8/site-packages/airflow/example_dags/example_latest_only_with_trigger.py
[2021-09-23 23:45:54,545] {scheduler_job.py:633} INFO - Processing file /home/airflow/sandbox/lib/python3.8/site-packages/airflow/example_dags/example_latest_only_with_trigger.py for tasks to queue
[2021-09-23 23:45:54,546] {logging_mixin.py:104} INFO - [2021-09-23 23:45:54,546] {dagbag.py:487} INFO - Filling up the DagBag from /home/airflow/sandbox/lib/python3.8/site-packages/airflow/example_dags/example_latest_only_with_trigger.py
[2021-09-23 23:45:54,556] {scheduler_job.py:643} INFO - DAG(s) dict_keys(['latest_only_with_trigger']) retrieved from /home/airflow/sandbox/lib/python3.8/site-packages/airflow/example_dags/example_latest_only_with_trigger.py
[2021-09-23 23:45:54,570] {logging_mixin.py:104} INFO - [2021-09-23 23:45:54,570] {dag.py:1832} INFO - Sync 1 DAGs
[2021-09-23 23:45:54,581] {logging_mixin.py:104} INFO - [2021-09-23 23:45:54,581] {dag.py:2305} INFO - Setting next_dagrun for latest_only_with_trigger to 2021-09-21 00:00:00+00:00
[2021-09-23 23:45:54,603] {scheduler_job.py:190} INFO - Processing /home/airflow/sandbox/lib/python3.8/site-packages/airflow/example_dags/example_latest_only_with_trigger.py took 0.062 seconds
[2021-09-23 23:46:27,593] {scheduler_job.py:182} INFO - Started process (PID=9487) to work on /home/airflow/sandbox/lib/python3.8/site-packages/airflow/example_dags/example_latest_only_with_trigger.py
[2021-09-23 23:46:27,595] {scheduler_job.py:633} INFO - Processing file /home/airflow/sandbox/lib/python3.8/site-packages/airflow/example_dags/example_latest_only_with_trigger.py for tasks to queue
[2021-09-23 23:46:27,596] {logging_mixin.py:104} INFO - [2021-09-23 23:46:27,596] {dagbag.py:487} INFO - Filling up the DagBag from /home/airflow/sandbox/lib/python3.8/site-packages/airflow/example_dags/example_latest_only_with_trigger.py
[2021-09-23 23:46:27,607] {scheduler_job.py:643} INFO - DAG(s) dict_keys(['latest_only_with_trigger']) retrieved from /home/airflow/sandbox/lib/python3.8/site-packages/airflow/example_dags/example_latest_only_with_trigger.py
[2021-09-23 23:46:27,621] {logging_mixin.py:104} INFO - [2021-09-23 23:46:27,621] {dag.py:1832} INFO - Sync 1 DAGs
[2021-09-23 23:46:27,633] {logging_mixin.py:104} INFO - [2021-09-23 23:46:27,633] {dag.py:2305} INFO - Setting next_dagrun for latest_only_with_trigger to 2021-09-21 00:00:00+00:00
[2021-09-23 23:46:27,650] {scheduler_job.py:190} INFO - Processing /home/airflow/sandbox/lib/python3.8/site-packages/airflow/example_dags/example_latest_only_with_trigger.py took 0.061 seconds
[2021-09-23 23:47:01,548] {scheduler_job.py:182} INFO - Started process (PID=9562) to work on /home/airflow/sandbox/lib/python3.8/site-packages/airflow/example_dags/example_latest_only_with_trigger.py
[2021-09-23 23:47:01,549] {scheduler_job.py:633} INFO - Processing file /home/airflow/sandbox/lib/python3.8/site-packages/airflow/example_dags/example_latest_only_with_trigger.py for tasks to queue
[2021-09-23 23:47:01,550] {logging_mixin.py:104} INFO - [2021-09-23 23:47:01,549] {dagbag.py:487} INFO - Filling up the DagBag from /home/airflow/sandbox/lib/python3.8/site-packages/airflow/example_dags/example_latest_only_with_trigger.py
[2021-09-23 23:47:01,562] {scheduler_job.py:643} INFO - DAG(s) dict_keys(['latest_only_with_trigger']) retrieved from /home/airflow/sandbox/lib/python3.8/site-packages/airflow/example_dags/example_latest_only_with_trigger.py
[2021-09-23 23:47:01,578] {logging_mixin.py:104} INFO - [2021-09-23 23:47:01,578] {dag.py:1832} INFO - Sync 1 DAGs
[2021-09-23 23:47:01,595] {logging_mixin.py:104} INFO - [2021-09-23 23:47:01,595] {dag.py:2305} INFO - Setting next_dagrun for latest_only_with_trigger to 2021-09-21 00:00:00+00:00
[2021-09-23 23:47:01,613] {scheduler_job.py:190} INFO - Processing /home/airflow/sandbox/lib/python3.8/site-packages/airflow/example_dags/example_latest_only_with_trigger.py took 0.068 seconds
[2021-09-23 23:47:36,396] {scheduler_job.py:182} INFO - Started process (PID=9596) to work on /home/airflow/sandbox/lib/python3.8/site-packages/airflow/example_dags/example_latest_only_with_trigger.py
[2021-09-23 23:47:36,397] {scheduler_job.py:633} INFO - Processing file /home/airflow/sandbox/lib/python3.8/site-packages/airflow/example_dags/example_latest_only_with_trigger.py for tasks to queue
[2021-09-23 23:47:36,397] {logging_mixin.py:104} INFO - [2021-09-23 23:47:36,397] {dagbag.py:487} INFO - Filling up the DagBag from /home/airflow/sandbox/lib/python3.8/site-packages/airflow/example_dags/example_latest_only_with_trigger.py
[2021-09-23 23:47:36,408] {scheduler_job.py:643} INFO - DAG(s) dict_keys(['latest_only_with_trigger']) retrieved from /home/airflow/sandbox/lib/python3.8/site-packages/airflow/example_dags/example_latest_only_with_trigger.py
[2021-09-23 23:47:36,421] {logging_mixin.py:104} INFO - [2021-09-23 23:47:36,421] {dag.py:1832} INFO - Sync 1 DAGs
[2021-09-23 23:47:36,431] {logging_mixin.py:104} INFO - [2021-09-23 23:47:36,431] {dag.py:2305} INFO - Setting next_dagrun for latest_only_with_trigger to 2021-09-21 00:00:00+00:00
[2021-09-23 23:47:36,451] {scheduler_job.py:190} INFO - Processing /home/airflow/sandbox/lib/python3.8/site-packages/airflow/example_dags/example_latest_only_with_trigger.py took 0.057 seconds
[2021-09-23 23:48:10,336] {scheduler_job.py:182} INFO - Started process (PID=9629) to work on /home/airflow/sandbox/lib/python3.8/site-packages/airflow/example_dags/example_latest_only_with_trigger.py
[2021-09-23 23:48:10,337] {scheduler_job.py:633} INFO - Processing file /home/airflow/sandbox/lib/python3.8/site-packages/airflow/example_dags/example_latest_only_with_trigger.py for tasks to queue
[2021-09-23 23:48:10,338] {logging_mixin.py:104} INFO - [2021-09-23 23:48:10,337] {dagbag.py:487} INFO - Filling up the DagBag from /home/airflow/sandbox/lib/python3.8/site-packages/airflow/example_dags/example_latest_only_with_trigger.py
[2021-09-23 23:48:10,347] {scheduler_job.py:643} INFO - DAG(s) dict_keys(['latest_only_with_trigger']) retrieved from /home/airflow/sandbox/lib/python3.8/site-packages/airflow/example_dags/example_latest_only_with_trigger.py
[2021-09-23 23:48:10,360] {logging_mixin.py:104} INFO - [2021-09-23 23:48:10,359] {dag.py:1832} INFO - Sync 1 DAGs
[2021-09-23 23:48:10,373] {logging_mixin.py:104} INFO - [2021-09-23 23:48:10,373] {dag.py:2305} INFO - Setting next_dagrun for latest_only_with_trigger to 2021-09-21 00:00:00+00:00
[2021-09-23 23:48:10,392] {scheduler_job.py:190} INFO - Processing /home/airflow/sandbox/lib/python3.8/site-packages/airflow/example_dags/example_latest_only_with_trigger.py took 0.059 seconds
[2021-09-23 23:48:46,716] {scheduler_job.py:182} INFO - Started process (PID=9662) to work on /home/airflow/sandbox/lib/python3.8/site-packages/airflow/example_dags/example_latest_only_with_trigger.py
[2021-09-23 23:48:46,717] {scheduler_job.py:633} INFO - Processing file /home/airflow/sandbox/lib/python3.8/site-packages/airflow/example_dags/example_latest_only_with_trigger.py for tasks to queue
[2021-09-23 23:48:46,718] {logging_mixin.py:104} INFO - [2021-09-23 23:48:46,718] {dagbag.py:487} INFO - Filling up the DagBag from /home/airflow/sandbox/lib/python3.8/site-packages/airflow/example_dags/example_latest_only_with_trigger.py
[2021-09-23 23:48:46,727] {scheduler_job.py:643} INFO - DAG(s) dict_keys(['latest_only_with_trigger']) retrieved from /home/airflow/sandbox/lib/python3.8/site-packages/airflow/example_dags/example_latest_only_with_trigger.py
[2021-09-23 23:48:46,742] {logging_mixin.py:104} INFO - [2021-09-23 23:48:46,742] {dag.py:1832} INFO - Sync 1 DAGs
[2021-09-23 23:48:46,755] {logging_mixin.py:104} INFO - [2021-09-23 23:48:46,755] {dag.py:2305} INFO - Setting next_dagrun for latest_only_with_trigger to 2021-09-21 00:00:00+00:00
[2021-09-23 23:48:46,773] {scheduler_job.py:190} INFO - Processing /home/airflow/sandbox/lib/python3.8/site-packages/airflow/example_dags/example_latest_only_with_trigger.py took 0.062 seconds
[2021-09-23 23:49:23,573] {scheduler_job.py:182} INFO - Started process (PID=9696) to work on /home/airflow/sandbox/lib/python3.8/site-packages/airflow/example_dags/example_latest_only_with_trigger.py
[2021-09-23 23:49:23,574] {scheduler_job.py:633} INFO - Processing file /home/airflow/sandbox/lib/python3.8/site-packages/airflow/example_dags/example_latest_only_with_trigger.py for tasks to queue
[2021-09-23 23:49:23,575] {logging_mixin.py:104} INFO - [2021-09-23 23:49:23,575] {dagbag.py:487} INFO - Filling up the DagBag from /home/airflow/sandbox/lib/python3.8/site-packages/airflow/example_dags/example_latest_only_with_trigger.py
[2021-09-23 23:49:23,588] {scheduler_job.py:643} INFO - DAG(s) dict_keys(['latest_only_with_trigger']) retrieved from /home/airflow/sandbox/lib/python3.8/site-packages/airflow/example_dags/example_latest_only_with_trigger.py
[2021-09-23 23:49:23,603] {logging_mixin.py:104} INFO - [2021-09-23 23:49:23,602] {dag.py:1832} INFO - Sync 1 DAGs
[2021-09-23 23:49:23,617] {logging_mixin.py:104} INFO - [2021-09-23 23:49:23,616] {dag.py:2305} INFO - Setting next_dagrun for latest_only_with_trigger to 2021-09-21 00:00:00+00:00
[2021-09-23 23:49:23,641] {scheduler_job.py:190} INFO - Processing /home/airflow/sandbox/lib/python3.8/site-packages/airflow/example_dags/example_latest_only_with_trigger.py took 0.073 seconds
[2021-09-23 23:49:57,169] {scheduler_job.py:182} INFO - Started process (PID=9729) to work on /home/airflow/sandbox/lib/python3.8/site-packages/airflow/example_dags/example_latest_only_with_trigger.py
[2021-09-23 23:49:57,170] {scheduler_job.py:633} INFO - Processing file /home/airflow/sandbox/lib/python3.8/site-packages/airflow/example_dags/example_latest_only_with_trigger.py for tasks to queue
[2021-09-23 23:49:57,170] {logging_mixin.py:104} INFO - [2021-09-23 23:49:57,170] {dagbag.py:487} INFO - Filling up the DagBag from /home/airflow/sandbox/lib/python3.8/site-packages/airflow/example_dags/example_latest_only_with_trigger.py
[2021-09-23 23:49:57,184] {scheduler_job.py:643} INFO - DAG(s) dict_keys(['latest_only_with_trigger']) retrieved from /home/airflow/sandbox/lib/python3.8/site-packages/airflow/example_dags/example_latest_only_with_trigger.py
[2021-09-23 23:49:57,199] {logging_mixin.py:104} INFO - [2021-09-23 23:49:57,199] {dag.py:1832} INFO - Sync 1 DAGs
[2021-09-23 23:49:57,211] {logging_mixin.py:104} INFO - [2021-09-23 23:49:57,211] {dag.py:2305} INFO - Setting next_dagrun for latest_only_with_trigger to 2021-09-21 00:00:00+00:00
[2021-09-23 23:49:57,228] {scheduler_job.py:190} INFO - Processing /home/airflow/sandbox/lib/python3.8/site-packages/airflow/example_dags/example_latest_only_with_trigger.py took 0.062 seconds
[2021-09-23 23:50:30,608] {scheduler_job.py:182} INFO - Started process (PID=9763) to work on /home/airflow/sandbox/lib/python3.8/site-packages/airflow/example_dags/example_latest_only_with_trigger.py
[2021-09-23 23:50:30,609] {scheduler_job.py:633} INFO - Processing file /home/airflow/sandbox/lib/python3.8/site-packages/airflow/example_dags/example_latest_only_with_trigger.py for tasks to queue
[2021-09-23 23:50:30,610] {logging_mixin.py:104} INFO - [2021-09-23 23:50:30,610] {dagbag.py:487} INFO - Filling up the DagBag from /home/airflow/sandbox/lib/python3.8/site-packages/airflow/example_dags/example_latest_only_with_trigger.py
[2021-09-23 23:50:30,623] {scheduler_job.py:643} INFO - DAG(s) dict_keys(['latest_only_with_trigger']) retrieved from /home/airflow/sandbox/lib/python3.8/site-packages/airflow/example_dags/example_latest_only_with_trigger.py
[2021-09-23 23:50:30,643] {logging_mixin.py:104} INFO - [2021-09-23 23:50:30,643] {dag.py:1832} INFO - Sync 1 DAGs
[2021-09-23 23:50:30,654] {logging_mixin.py:104} INFO - [2021-09-23 23:50:30,654] {dag.py:2305} INFO - Setting next_dagrun for latest_only_with_trigger to 2021-09-21 00:00:00+00:00
[2021-09-23 23:50:30,675] {scheduler_job.py:190} INFO - Processing /home/airflow/sandbox/lib/python3.8/site-packages/airflow/example_dags/example_latest_only_with_trigger.py took 0.070 seconds
[2021-09-23 23:51:05,418] {scheduler_job.py:182} INFO - Started process (PID=9796) to work on /home/airflow/sandbox/lib/python3.8/site-packages/airflow/example_dags/example_latest_only_with_trigger.py
[2021-09-23 23:51:05,419] {scheduler_job.py:633} INFO - Processing file /home/airflow/sandbox/lib/python3.8/site-packages/airflow/example_dags/example_latest_only_with_trigger.py for tasks to queue
[2021-09-23 23:51:05,419] {logging_mixin.py:104} INFO - [2021-09-23 23:51:05,419] {dagbag.py:487} INFO - Filling up the DagBag from /home/airflow/sandbox/lib/python3.8/site-packages/airflow/example_dags/example_latest_only_with_trigger.py
[2021-09-23 23:51:05,429] {scheduler_job.py:643} INFO - DAG(s) dict_keys(['latest_only_with_trigger']) retrieved from /home/airflow/sandbox/lib/python3.8/site-packages/airflow/example_dags/example_latest_only_with_trigger.py
[2021-09-23 23:51:05,442] {logging_mixin.py:104} INFO - [2021-09-23 23:51:05,442] {dag.py:1832} INFO - Sync 1 DAGs
[2021-09-23 23:51:05,454] {logging_mixin.py:104} INFO - [2021-09-23 23:51:05,454] {dag.py:2305} INFO - Setting next_dagrun for latest_only_with_trigger to 2021-09-21 00:00:00+00:00
[2021-09-23 23:51:05,475] {scheduler_job.py:190} INFO - Processing /home/airflow/sandbox/lib/python3.8/site-packages/airflow/example_dags/example_latest_only_with_trigger.py took 0.060 seconds
[2021-09-23 23:51:39,827] {scheduler_job.py:182} INFO - Started process (PID=9872) to work on /home/airflow/sandbox/lib/python3.8/site-packages/airflow/example_dags/example_latest_only_with_trigger.py
[2021-09-23 23:51:39,829] {scheduler_job.py:633} INFO - Processing file /home/airflow/sandbox/lib/python3.8/site-packages/airflow/example_dags/example_latest_only_with_trigger.py for tasks to queue
[2021-09-23 23:51:39,830] {logging_mixin.py:104} INFO - [2021-09-23 23:51:39,830] {dagbag.py:487} INFO - Filling up the DagBag from /home/airflow/sandbox/lib/python3.8/site-packages/airflow/example_dags/example_latest_only_with_trigger.py
[2021-09-23 23:51:39,841] {scheduler_job.py:643} INFO - DAG(s) dict_keys(['latest_only_with_trigger']) retrieved from /home/airflow/sandbox/lib/python3.8/site-packages/airflow/example_dags/example_latest_only_with_trigger.py
[2021-09-23 23:51:39,854] {logging_mixin.py:104} INFO - [2021-09-23 23:51:39,854] {dag.py:1832} INFO - Sync 1 DAGs
[2021-09-23 23:51:39,866] {logging_mixin.py:104} INFO - [2021-09-23 23:51:39,865] {dag.py:2305} INFO - Setting next_dagrun for latest_only_with_trigger to 2021-09-21 00:00:00+00:00
[2021-09-23 23:51:39,889] {scheduler_job.py:190} INFO - Processing /home/airflow/sandbox/lib/python3.8/site-packages/airflow/example_dags/example_latest_only_with_trigger.py took 0.065 seconds
[2021-09-23 23:52:13,745] {scheduler_job.py:182} INFO - Started process (PID=9904) to work on /home/airflow/sandbox/lib/python3.8/site-packages/airflow/example_dags/example_latest_only_with_trigger.py
[2021-09-23 23:52:13,747] {scheduler_job.py:633} INFO - Processing file /home/airflow/sandbox/lib/python3.8/site-packages/airflow/example_dags/example_latest_only_with_trigger.py for tasks to queue
[2021-09-23 23:52:13,748] {logging_mixin.py:104} INFO - [2021-09-23 23:52:13,748] {dagbag.py:487} INFO - Filling up the DagBag from /home/airflow/sandbox/lib/python3.8/site-packages/airflow/example_dags/example_latest_only_with_trigger.py
[2021-09-23 23:52:13,757] {scheduler_job.py:643} INFO - DAG(s) dict_keys(['latest_only_with_trigger']) retrieved from /home/airflow/sandbox/lib/python3.8/site-packages/airflow/example_dags/example_latest_only_with_trigger.py
[2021-09-23 23:52:13,771] {logging_mixin.py:104} INFO - [2021-09-23 23:52:13,771] {dag.py:1832} INFO - Sync 1 DAGs
[2021-09-23 23:52:13,784] {logging_mixin.py:104} INFO - [2021-09-23 23:52:13,784] {dag.py:2305} INFO - Setting next_dagrun for latest_only_with_trigger to 2021-09-21 00:00:00+00:00
[2021-09-23 23:52:13,803] {scheduler_job.py:190} INFO - Processing /home/airflow/sandbox/lib/python3.8/site-packages/airflow/example_dags/example_latest_only_with_trigger.py took 0.062 seconds
[2021-09-23 23:52:47,269] {scheduler_job.py:182} INFO - Started process (PID=9938) to work on /home/airflow/sandbox/lib/python3.8/site-packages/airflow/example_dags/example_latest_only_with_trigger.py
[2021-09-23 23:52:47,270] {scheduler_job.py:633} INFO - Processing file /home/airflow/sandbox/lib/python3.8/site-packages/airflow/example_dags/example_latest_only_with_trigger.py for tasks to queue
[2021-09-23 23:52:47,271] {logging_mixin.py:104} INFO - [2021-09-23 23:52:47,271] {dagbag.py:487} INFO - Filling up the DagBag from /home/airflow/sandbox/lib/python3.8/site-packages/airflow/example_dags/example_latest_only_with_trigger.py
[2021-09-23 23:52:47,283] {scheduler_job.py:643} INFO - DAG(s) dict_keys(['latest_only_with_trigger']) retrieved from /home/airflow/sandbox/lib/python3.8/site-packages/airflow/example_dags/example_latest_only_with_trigger.py
[2021-09-23 23:52:47,300] {logging_mixin.py:104} INFO - [2021-09-23 23:52:47,300] {dag.py:1832} INFO - Sync 1 DAGs
[2021-09-23 23:52:47,311] {logging_mixin.py:104} INFO - [2021-09-23 23:52:47,311] {dag.py:2305} INFO - Setting next_dagrun for latest_only_with_trigger to 2021-09-21 00:00:00+00:00
[2021-09-23 23:52:47,332] {scheduler_job.py:190} INFO - Processing /home/airflow/sandbox/lib/python3.8/site-packages/airflow/example_dags/example_latest_only_with_trigger.py took 0.067 seconds
[2021-09-23 23:53:23,227] {scheduler_job.py:182} INFO - Started process (PID=9972) to work on /home/airflow/sandbox/lib/python3.8/site-packages/airflow/example_dags/example_latest_only_with_trigger.py
[2021-09-23 23:53:23,228] {scheduler_job.py:633} INFO - Processing file /home/airflow/sandbox/lib/python3.8/site-packages/airflow/example_dags/example_latest_only_with_trigger.py for tasks to queue
[2021-09-23 23:53:23,229] {logging_mixin.py:104} INFO - [2021-09-23 23:53:23,229] {dagbag.py:487} INFO - Filling up the DagBag from /home/airflow/sandbox/lib/python3.8/site-packages/airflow/example_dags/example_latest_only_with_trigger.py
[2021-09-23 23:53:23,243] {scheduler_job.py:643} INFO - DAG(s) dict_keys(['latest_only_with_trigger']) retrieved from /home/airflow/sandbox/lib/python3.8/site-packages/airflow/example_dags/example_latest_only_with_trigger.py
[2021-09-23 23:53:23,257] {logging_mixin.py:104} INFO - [2021-09-23 23:53:23,257] {dag.py:1832} INFO - Sync 1 DAGs
[2021-09-23 23:53:23,271] {logging_mixin.py:104} INFO - [2021-09-23 23:53:23,271] {dag.py:2305} INFO - Setting next_dagrun for latest_only_with_trigger to 2021-09-21 00:00:00+00:00
[2021-09-23 23:53:23,291] {scheduler_job.py:190} INFO - Processing /home/airflow/sandbox/lib/python3.8/site-packages/airflow/example_dags/example_latest_only_with_trigger.py took 0.066 seconds
[2021-09-23 23:53:58,198] {scheduler_job.py:182} INFO - Started process (PID=10006) to work on /home/airflow/sandbox/lib/python3.8/site-packages/airflow/example_dags/example_latest_only_with_trigger.py
[2021-09-23 23:53:58,199] {scheduler_job.py:633} INFO - Processing file /home/airflow/sandbox/lib/python3.8/site-packages/airflow/example_dags/example_latest_only_with_trigger.py for tasks to queue
[2021-09-23 23:53:58,200] {logging_mixin.py:104} INFO - [2021-09-23 23:53:58,200] {dagbag.py:487} INFO - Filling up the DagBag from /home/airflow/sandbox/lib/python3.8/site-packages/airflow/example_dags/example_latest_only_with_trigger.py
[2021-09-23 23:53:58,211] {scheduler_job.py:643} INFO - DAG(s) dict_keys(['latest_only_with_trigger']) retrieved from /home/airflow/sandbox/lib/python3.8/site-packages/airflow/example_dags/example_latest_only_with_trigger.py
[2021-09-23 23:53:58,226] {logging_mixin.py:104} INFO - [2021-09-23 23:53:58,225] {dag.py:1832} INFO - Sync 1 DAGs
[2021-09-23 23:53:58,236] {logging_mixin.py:104} INFO - [2021-09-23 23:53:58,236] {dag.py:2305} INFO - Setting next_dagrun for latest_only_with_trigger to 2021-09-21 00:00:00+00:00
[2021-09-23 23:53:58,259] {scheduler_job.py:190} INFO - Processing /home/airflow/sandbox/lib/python3.8/site-packages/airflow/example_dags/example_latest_only_with_trigger.py took 0.063 seconds
[2021-09-23 23:54:32,388] {scheduler_job.py:182} INFO - Started process (PID=10038) to work on /home/airflow/sandbox/lib/python3.8/site-packages/airflow/example_dags/example_latest_only_with_trigger.py
[2021-09-23 23:54:32,389] {scheduler_job.py:633} INFO - Processing file /home/airflow/sandbox/lib/python3.8/site-packages/airflow/example_dags/example_latest_only_with_trigger.py for tasks to queue
[2021-09-23 23:54:32,391] {logging_mixin.py:104} INFO - [2021-09-23 23:54:32,390] {dagbag.py:487} INFO - Filling up the DagBag from /home/airflow/sandbox/lib/python3.8/site-packages/airflow/example_dags/example_latest_only_with_trigger.py
[2021-09-23 23:54:32,404] {scheduler_job.py:643} INFO - DAG(s) dict_keys(['latest_only_with_trigger']) retrieved from /home/airflow/sandbox/lib/python3.8/site-packages/airflow/example_dags/example_latest_only_with_trigger.py
[2021-09-23 23:54:32,421] {logging_mixin.py:104} INFO - [2021-09-23 23:54:32,421] {dag.py:1832} INFO - Sync 1 DAGs
[2021-09-23 23:54:32,436] {logging_mixin.py:104} INFO - [2021-09-23 23:54:32,436] {dag.py:2305} INFO - Setting next_dagrun for latest_only_with_trigger to 2021-09-21 00:00:00+00:00
[2021-09-23 23:54:32,457] {scheduler_job.py:190} INFO - Processing /home/airflow/sandbox/lib/python3.8/site-packages/airflow/example_dags/example_latest_only_with_trigger.py took 0.072 seconds
[2021-09-23 23:55:07,203] {scheduler_job.py:182} INFO - Started process (PID=10071) to work on /home/airflow/sandbox/lib/python3.8/site-packages/airflow/example_dags/example_latest_only_with_trigger.py
[2021-09-23 23:55:07,204] {scheduler_job.py:633} INFO - Processing file /home/airflow/sandbox/lib/python3.8/site-packages/airflow/example_dags/example_latest_only_with_trigger.py for tasks to queue
[2021-09-23 23:55:07,205] {logging_mixin.py:104} INFO - [2021-09-23 23:55:07,205] {dagbag.py:487} INFO - Filling up the DagBag from /home/airflow/sandbox/lib/python3.8/site-packages/airflow/example_dags/example_latest_only_with_trigger.py
[2021-09-23 23:55:07,216] {scheduler_job.py:643} INFO - DAG(s) dict_keys(['latest_only_with_trigger']) retrieved from /home/airflow/sandbox/lib/python3.8/site-packages/airflow/example_dags/example_latest_only_with_trigger.py
[2021-09-23 23:55:07,231] {logging_mixin.py:104} INFO - [2021-09-23 23:55:07,231] {dag.py:1832} INFO - Sync 1 DAGs
[2021-09-23 23:55:07,244] {logging_mixin.py:104} INFO - [2021-09-23 23:55:07,244] {dag.py:2305} INFO - Setting next_dagrun for latest_only_with_trigger to 2021-09-21 00:00:00+00:00
[2021-09-23 23:55:07,263] {scheduler_job.py:190} INFO - Processing /home/airflow/sandbox/lib/python3.8/site-packages/airflow/example_dags/example_latest_only_with_trigger.py took 0.063 seconds
[2021-09-23 23:55:44,859] {scheduler_job.py:182} INFO - Started process (PID=10190) to work on /home/airflow/sandbox/lib/python3.8/site-packages/airflow/example_dags/example_latest_only_with_trigger.py
[2021-09-23 23:55:44,860] {scheduler_job.py:633} INFO - Processing file /home/airflow/sandbox/lib/python3.8/site-packages/airflow/example_dags/example_latest_only_with_trigger.py for tasks to queue
[2021-09-23 23:55:44,861] {logging_mixin.py:104} INFO - [2021-09-23 23:55:44,861] {dagbag.py:487} INFO - Filling up the DagBag from /home/airflow/sandbox/lib/python3.8/site-packages/airflow/example_dags/example_latest_only_with_trigger.py
[2021-09-23 23:55:44,877] {scheduler_job.py:643} INFO - DAG(s) dict_keys(['latest_only_with_trigger']) retrieved from /home/airflow/sandbox/lib/python3.8/site-packages/airflow/example_dags/example_latest_only_with_trigger.py
[2021-09-23 23:55:44,893] {logging_mixin.py:104} INFO - [2021-09-23 23:55:44,893] {dag.py:1832} INFO - Sync 1 DAGs
[2021-09-23 23:55:44,904] {logging_mixin.py:104} INFO - [2021-09-23 23:55:44,904] {dag.py:2305} INFO - Setting next_dagrun for latest_only_with_trigger to 2021-09-21 00:00:00+00:00
[2021-09-23 23:55:44,925] {scheduler_job.py:190} INFO - Processing /home/airflow/sandbox/lib/python3.8/site-packages/airflow/example_dags/example_latest_only_with_trigger.py took 0.070 seconds
[2021-09-23 23:56:17,892] {scheduler_job.py:182} INFO - Started process (PID=10223) to work on /home/airflow/sandbox/lib/python3.8/site-packages/airflow/example_dags/example_latest_only_with_trigger.py
[2021-09-23 23:56:17,893] {scheduler_job.py:633} INFO - Processing file /home/airflow/sandbox/lib/python3.8/site-packages/airflow/example_dags/example_latest_only_with_trigger.py for tasks to queue
[2021-09-23 23:56:17,893] {logging_mixin.py:104} INFO - [2021-09-23 23:56:17,893] {dagbag.py:487} INFO - Filling up the DagBag from /home/airflow/sandbox/lib/python3.8/site-packages/airflow/example_dags/example_latest_only_with_trigger.py
[2021-09-23 23:56:17,907] {scheduler_job.py:643} INFO - DAG(s) dict_keys(['latest_only_with_trigger']) retrieved from /home/airflow/sandbox/lib/python3.8/site-packages/airflow/example_dags/example_latest_only_with_trigger.py
[2021-09-23 23:56:17,920] {logging_mixin.py:104} INFO - [2021-09-23 23:56:17,919] {dag.py:1832} INFO - Sync 1 DAGs
[2021-09-23 23:56:17,931] {logging_mixin.py:104} INFO - [2021-09-23 23:56:17,931] {dag.py:2305} INFO - Setting next_dagrun for latest_only_with_trigger to 2021-09-21 00:00:00+00:00
[2021-09-23 23:56:17,951] {scheduler_job.py:190} INFO - Processing /home/airflow/sandbox/lib/python3.8/site-packages/airflow/example_dags/example_latest_only_with_trigger.py took 0.063 seconds
[2021-09-23 23:56:52,325] {scheduler_job.py:182} INFO - Started process (PID=10297) to work on /home/airflow/sandbox/lib/python3.8/site-packages/airflow/example_dags/example_latest_only_with_trigger.py
[2021-09-23 23:56:52,326] {scheduler_job.py:633} INFO - Processing file /home/airflow/sandbox/lib/python3.8/site-packages/airflow/example_dags/example_latest_only_with_trigger.py for tasks to queue
[2021-09-23 23:56:52,326] {logging_mixin.py:104} INFO - [2021-09-23 23:56:52,326] {dagbag.py:487} INFO - Filling up the DagBag from /home/airflow/sandbox/lib/python3.8/site-packages/airflow/example_dags/example_latest_only_with_trigger.py
[2021-09-23 23:56:52,335] {scheduler_job.py:643} INFO - DAG(s) dict_keys(['latest_only_with_trigger']) retrieved from /home/airflow/sandbox/lib/python3.8/site-packages/airflow/example_dags/example_latest_only_with_trigger.py
[2021-09-23 23:56:52,351] {logging_mixin.py:104} INFO - [2021-09-23 23:56:52,351] {dag.py:1832} INFO - Sync 1 DAGs
[2021-09-23 23:56:52,363] {logging_mixin.py:104} INFO - [2021-09-23 23:56:52,362] {dag.py:2305} INFO - Setting next_dagrun for latest_only_with_trigger to 2021-09-21 00:00:00+00:00
[2021-09-23 23:56:52,383] {scheduler_job.py:190} INFO - Processing /home/airflow/sandbox/lib/python3.8/site-packages/airflow/example_dags/example_latest_only_with_trigger.py took 0.061 seconds
[2021-09-23 23:57:28,872] {scheduler_job.py:182} INFO - Started process (PID=10613) to work on /home/airflow/sandbox/lib/python3.8/site-packages/airflow/example_dags/example_latest_only_with_trigger.py
[2021-09-23 23:57:28,873] {scheduler_job.py:633} INFO - Processing file /home/airflow/sandbox/lib/python3.8/site-packages/airflow/example_dags/example_latest_only_with_trigger.py for tasks to queue
[2021-09-23 23:57:28,873] {logging_mixin.py:104} INFO - [2021-09-23 23:57:28,873] {dagbag.py:487} INFO - Filling up the DagBag from /home/airflow/sandbox/lib/python3.8/site-packages/airflow/example_dags/example_latest_only_with_trigger.py
[2021-09-23 23:57:28,884] {scheduler_job.py:643} INFO - DAG(s) dict_keys(['latest_only_with_trigger']) retrieved from /home/airflow/sandbox/lib/python3.8/site-packages/airflow/example_dags/example_latest_only_with_trigger.py
[2021-09-23 23:57:28,898] {logging_mixin.py:104} INFO - [2021-09-23 23:57:28,898] {dag.py:1832} INFO - Sync 1 DAGs
[2021-09-23 23:57:28,910] {logging_mixin.py:104} INFO - [2021-09-23 23:57:28,909] {dag.py:2305} INFO - Setting next_dagrun for latest_only_with_trigger to 2021-09-21 00:00:00+00:00
[2021-09-23 23:57:28,944] {scheduler_job.py:190} INFO - Processing /home/airflow/sandbox/lib/python3.8/site-packages/airflow/example_dags/example_latest_only_with_trigger.py took 0.075 seconds
[2021-09-23 23:58:15,712] {scheduler_job.py:182} INFO - Started process (PID=10865) to work on /home/airflow/sandbox/lib/python3.8/site-packages/airflow/example_dags/example_latest_only_with_trigger.py
[2021-09-23 23:58:15,713] {scheduler_job.py:633} INFO - Processing file /home/airflow/sandbox/lib/python3.8/site-packages/airflow/example_dags/example_latest_only_with_trigger.py for tasks to queue
[2021-09-23 23:58:15,714] {logging_mixin.py:104} INFO - [2021-09-23 23:58:15,714] {dagbag.py:487} INFO - Filling up the DagBag from /home/airflow/sandbox/lib/python3.8/site-packages/airflow/example_dags/example_latest_only_with_trigger.py
[2021-09-23 23:58:15,723] {scheduler_job.py:643} INFO - DAG(s) dict_keys(['latest_only_with_trigger']) retrieved from /home/airflow/sandbox/lib/python3.8/site-packages/airflow/example_dags/example_latest_only_with_trigger.py
[2021-09-23 23:58:15,740] {logging_mixin.py:104} INFO - [2021-09-23 23:58:15,740] {dag.py:1832} INFO - Sync 1 DAGs
[2021-09-23 23:58:15,754] {logging_mixin.py:104} INFO - [2021-09-23 23:58:15,753] {dag.py:2305} INFO - Setting next_dagrun for latest_only_with_trigger to 2021-09-21 00:00:00+00:00
[2021-09-23 23:58:15,780] {scheduler_job.py:190} INFO - Processing /home/airflow/sandbox/lib/python3.8/site-packages/airflow/example_dags/example_latest_only_with_trigger.py took 0.071 seconds
[2021-09-23 23:58:50,745] {scheduler_job.py:182} INFO - Started process (PID=10898) to work on /home/airflow/sandbox/lib/python3.8/site-packages/airflow/example_dags/example_latest_only_with_trigger.py
[2021-09-23 23:58:50,746] {scheduler_job.py:633} INFO - Processing file /home/airflow/sandbox/lib/python3.8/site-packages/airflow/example_dags/example_latest_only_with_trigger.py for tasks to queue
[2021-09-23 23:58:50,746] {logging_mixin.py:104} INFO - [2021-09-23 23:58:50,746] {dagbag.py:487} INFO - Filling up the DagBag from /home/airflow/sandbox/lib/python3.8/site-packages/airflow/example_dags/example_latest_only_with_trigger.py
[2021-09-23 23:58:50,759] {scheduler_job.py:643} INFO - DAG(s) dict_keys(['latest_only_with_trigger']) retrieved from /home/airflow/sandbox/lib/python3.8/site-packages/airflow/example_dags/example_latest_only_with_trigger.py
[2021-09-23 23:58:50,772] {logging_mixin.py:104} INFO - [2021-09-23 23:58:50,772] {dag.py:1832} INFO - Sync 1 DAGs
[2021-09-23 23:58:50,784] {logging_mixin.py:104} INFO - [2021-09-23 23:58:50,784] {dag.py:2305} INFO - Setting next_dagrun for latest_only_with_trigger to 2021-09-21 00:00:00+00:00
[2021-09-23 23:58:50,802] {scheduler_job.py:190} INFO - Processing /home/airflow/sandbox/lib/python3.8/site-packages/airflow/example_dags/example_latest_only_with_trigger.py took 0.059 seconds
[2021-09-23 23:59:26,729] {scheduler_job.py:182} INFO - Started process (PID=10932) to work on /home/airflow/sandbox/lib/python3.8/site-packages/airflow/example_dags/example_latest_only_with_trigger.py
[2021-09-23 23:59:26,730] {scheduler_job.py:633} INFO - Processing file /home/airflow/sandbox/lib/python3.8/site-packages/airflow/example_dags/example_latest_only_with_trigger.py for tasks to queue
[2021-09-23 23:59:26,730] {logging_mixin.py:104} INFO - [2021-09-23 23:59:26,730] {dagbag.py:487} INFO - Filling up the DagBag from /home/airflow/sandbox/lib/python3.8/site-packages/airflow/example_dags/example_latest_only_with_trigger.py
[2021-09-23 23:59:26,747] {scheduler_job.py:643} INFO - DAG(s) dict_keys(['latest_only_with_trigger']) retrieved from /home/airflow/sandbox/lib/python3.8/site-packages/airflow/example_dags/example_latest_only_with_trigger.py
[2021-09-23 23:59:26,766] {logging_mixin.py:104} INFO - [2021-09-23 23:59:26,766] {dag.py:1832} INFO - Sync 1 DAGs
[2021-09-23 23:59:26,778] {logging_mixin.py:104} INFO - [2021-09-23 23:59:26,778] {dag.py:2305} INFO - Setting next_dagrun for latest_only_with_trigger to 2021-09-21 00:00:00+00:00
[2021-09-23 23:59:26,806] {scheduler_job.py:190} INFO - Processing /home/airflow/sandbox/lib/python3.8/site-packages/airflow/example_dags/example_latest_only_with_trigger.py took 0.080 seconds
