[2021-09-23 22:57:29,048] {scheduler_job.py:182} INFO - Started process (PID=5928) to work on /home/airflow/sandbox/lib/python3.8/site-packages/airflow/example_dags/example_nested_branch_dag.py
[2021-09-23 22:57:29,049] {scheduler_job.py:633} INFO - Processing file /home/airflow/sandbox/lib/python3.8/site-packages/airflow/example_dags/example_nested_branch_dag.py for tasks to queue
[2021-09-23 22:57:29,050] {logging_mixin.py:104} INFO - [2021-09-23 22:57:29,050] {dagbag.py:487} INFO - Filling up the DagBag from /home/airflow/sandbox/lib/python3.8/site-packages/airflow/example_dags/example_nested_branch_dag.py
[2021-09-23 22:57:29,063] {scheduler_job.py:643} INFO - DAG(s) dict_keys(['example_nested_branch_dag']) retrieved from /home/airflow/sandbox/lib/python3.8/site-packages/airflow/example_dags/example_nested_branch_dag.py
[2021-09-23 22:57:29,356] {logging_mixin.py:104} INFO - [2021-09-23 22:57:29,356] {dag.py:1832} INFO - Sync 1 DAGs
[2021-09-23 22:57:29,374] {logging_mixin.py:104} INFO - [2021-09-23 22:57:29,373] {dag.py:2305} INFO - Setting next_dagrun for example_nested_branch_dag to 2021-09-21 00:00:00+00:00
[2021-09-23 22:57:29,401] {scheduler_job.py:190} INFO - Processing /home/airflow/sandbox/lib/python3.8/site-packages/airflow/example_dags/example_nested_branch_dag.py took 0.355 seconds
[2021-09-23 22:58:06,472] {scheduler_job.py:182} INFO - Started process (PID=6059) to work on /home/airflow/sandbox/lib/python3.8/site-packages/airflow/example_dags/example_nested_branch_dag.py
[2021-09-23 22:58:06,473] {scheduler_job.py:633} INFO - Processing file /home/airflow/sandbox/lib/python3.8/site-packages/airflow/example_dags/example_nested_branch_dag.py for tasks to queue
[2021-09-23 22:58:06,474] {logging_mixin.py:104} INFO - [2021-09-23 22:58:06,474] {dagbag.py:487} INFO - Filling up the DagBag from /home/airflow/sandbox/lib/python3.8/site-packages/airflow/example_dags/example_nested_branch_dag.py
[2021-09-23 22:58:06,487] {scheduler_job.py:643} INFO - DAG(s) dict_keys(['example_nested_branch_dag']) retrieved from /home/airflow/sandbox/lib/python3.8/site-packages/airflow/example_dags/example_nested_branch_dag.py
[2021-09-23 22:58:06,502] {logging_mixin.py:104} INFO - [2021-09-23 22:58:06,502] {dag.py:1832} INFO - Sync 1 DAGs
[2021-09-23 22:58:06,517] {logging_mixin.py:104} INFO - [2021-09-23 22:58:06,517] {dag.py:2305} INFO - Setting next_dagrun for example_nested_branch_dag to 2021-09-21 00:00:00+00:00
[2021-09-23 22:58:06,540] {scheduler_job.py:190} INFO - Processing /home/airflow/sandbox/lib/python3.8/site-packages/airflow/example_dags/example_nested_branch_dag.py took 0.070 seconds
[2021-09-23 22:58:40,778] {scheduler_job.py:182} INFO - Started process (PID=6121) to work on /home/airflow/sandbox/lib/python3.8/site-packages/airflow/example_dags/example_nested_branch_dag.py
[2021-09-23 22:58:40,779] {scheduler_job.py:633} INFO - Processing file /home/airflow/sandbox/lib/python3.8/site-packages/airflow/example_dags/example_nested_branch_dag.py for tasks to queue
[2021-09-23 22:58:40,779] {logging_mixin.py:104} INFO - [2021-09-23 22:58:40,779] {dagbag.py:487} INFO - Filling up the DagBag from /home/airflow/sandbox/lib/python3.8/site-packages/airflow/example_dags/example_nested_branch_dag.py
[2021-09-23 22:58:40,792] {scheduler_job.py:643} INFO - DAG(s) dict_keys(['example_nested_branch_dag']) retrieved from /home/airflow/sandbox/lib/python3.8/site-packages/airflow/example_dags/example_nested_branch_dag.py
[2021-09-23 22:58:40,809] {logging_mixin.py:104} INFO - [2021-09-23 22:58:40,809] {dag.py:1832} INFO - Sync 1 DAGs
[2021-09-23 22:58:40,824] {logging_mixin.py:104} INFO - [2021-09-23 22:58:40,824] {dag.py:2305} INFO - Setting next_dagrun for example_nested_branch_dag to 2021-09-21 00:00:00+00:00
[2021-09-23 22:58:40,847] {scheduler_job.py:190} INFO - Processing /home/airflow/sandbox/lib/python3.8/site-packages/airflow/example_dags/example_nested_branch_dag.py took 0.073 seconds
[2021-09-23 22:59:15,455] {scheduler_job.py:182} INFO - Started process (PID=6214) to work on /home/airflow/sandbox/lib/python3.8/site-packages/airflow/example_dags/example_nested_branch_dag.py
[2021-09-23 22:59:15,456] {scheduler_job.py:633} INFO - Processing file /home/airflow/sandbox/lib/python3.8/site-packages/airflow/example_dags/example_nested_branch_dag.py for tasks to queue
[2021-09-23 22:59:15,457] {logging_mixin.py:104} INFO - [2021-09-23 22:59:15,457] {dagbag.py:487} INFO - Filling up the DagBag from /home/airflow/sandbox/lib/python3.8/site-packages/airflow/example_dags/example_nested_branch_dag.py
[2021-09-23 22:59:15,469] {scheduler_job.py:643} INFO - DAG(s) dict_keys(['example_nested_branch_dag']) retrieved from /home/airflow/sandbox/lib/python3.8/site-packages/airflow/example_dags/example_nested_branch_dag.py
[2021-09-23 22:59:15,483] {logging_mixin.py:104} INFO - [2021-09-23 22:59:15,483] {dag.py:1832} INFO - Sync 1 DAGs
[2021-09-23 22:59:15,501] {logging_mixin.py:104} INFO - [2021-09-23 22:59:15,500] {dag.py:2305} INFO - Setting next_dagrun for example_nested_branch_dag to 2021-09-21 00:00:00+00:00
[2021-09-23 22:59:15,518] {scheduler_job.py:190} INFO - Processing /home/airflow/sandbox/lib/python3.8/site-packages/airflow/example_dags/example_nested_branch_dag.py took 0.066 seconds
[2021-09-23 22:59:53,610] {scheduler_job.py:182} INFO - Started process (PID=6248) to work on /home/airflow/sandbox/lib/python3.8/site-packages/airflow/example_dags/example_nested_branch_dag.py
[2021-09-23 22:59:53,612] {scheduler_job.py:633} INFO - Processing file /home/airflow/sandbox/lib/python3.8/site-packages/airflow/example_dags/example_nested_branch_dag.py for tasks to queue
[2021-09-23 22:59:53,613] {logging_mixin.py:104} INFO - [2021-09-23 22:59:53,613] {dagbag.py:487} INFO - Filling up the DagBag from /home/airflow/sandbox/lib/python3.8/site-packages/airflow/example_dags/example_nested_branch_dag.py
[2021-09-23 22:59:53,631] {scheduler_job.py:643} INFO - DAG(s) dict_keys(['example_nested_branch_dag']) retrieved from /home/airflow/sandbox/lib/python3.8/site-packages/airflow/example_dags/example_nested_branch_dag.py
[2021-09-23 22:59:53,647] {logging_mixin.py:104} INFO - [2021-09-23 22:59:53,647] {dag.py:1832} INFO - Sync 1 DAGs
[2021-09-23 22:59:53,662] {logging_mixin.py:104} INFO - [2021-09-23 22:59:53,662] {dag.py:2305} INFO - Setting next_dagrun for example_nested_branch_dag to 2021-09-21 00:00:00+00:00
[2021-09-23 22:59:53,680] {scheduler_job.py:190} INFO - Processing /home/airflow/sandbox/lib/python3.8/site-packages/airflow/example_dags/example_nested_branch_dag.py took 0.072 seconds
[2021-09-23 23:00:27,052] {scheduler_job.py:182} INFO - Started process (PID=6302) to work on /home/airflow/sandbox/lib/python3.8/site-packages/airflow/example_dags/example_nested_branch_dag.py
[2021-09-23 23:00:27,053] {scheduler_job.py:633} INFO - Processing file /home/airflow/sandbox/lib/python3.8/site-packages/airflow/example_dags/example_nested_branch_dag.py for tasks to queue
[2021-09-23 23:00:27,053] {logging_mixin.py:104} INFO - [2021-09-23 23:00:27,053] {dagbag.py:487} INFO - Filling up the DagBag from /home/airflow/sandbox/lib/python3.8/site-packages/airflow/example_dags/example_nested_branch_dag.py
[2021-09-23 23:00:27,063] {scheduler_job.py:643} INFO - DAG(s) dict_keys(['example_nested_branch_dag']) retrieved from /home/airflow/sandbox/lib/python3.8/site-packages/airflow/example_dags/example_nested_branch_dag.py
[2021-09-23 23:00:27,078] {logging_mixin.py:104} INFO - [2021-09-23 23:00:27,078] {dag.py:1832} INFO - Sync 1 DAGs
[2021-09-23 23:00:27,094] {logging_mixin.py:104} INFO - [2021-09-23 23:00:27,094] {dag.py:2305} INFO - Setting next_dagrun for example_nested_branch_dag to 2021-09-21 00:00:00+00:00
[2021-09-23 23:00:27,111] {scheduler_job.py:190} INFO - Processing /home/airflow/sandbox/lib/python3.8/site-packages/airflow/example_dags/example_nested_branch_dag.py took 0.062 seconds
[2021-09-23 23:01:04,672] {scheduler_job.py:182} INFO - Started process (PID=6357) to work on /home/airflow/sandbox/lib/python3.8/site-packages/airflow/example_dags/example_nested_branch_dag.py
[2021-09-23 23:01:04,674] {scheduler_job.py:633} INFO - Processing file /home/airflow/sandbox/lib/python3.8/site-packages/airflow/example_dags/example_nested_branch_dag.py for tasks to queue
[2021-09-23 23:01:04,675] {logging_mixin.py:104} INFO - [2021-09-23 23:01:04,675] {dagbag.py:487} INFO - Filling up the DagBag from /home/airflow/sandbox/lib/python3.8/site-packages/airflow/example_dags/example_nested_branch_dag.py
[2021-09-23 23:01:04,697] {scheduler_job.py:643} INFO - DAG(s) dict_keys(['example_nested_branch_dag']) retrieved from /home/airflow/sandbox/lib/python3.8/site-packages/airflow/example_dags/example_nested_branch_dag.py
[2021-09-23 23:01:04,721] {logging_mixin.py:104} INFO - [2021-09-23 23:01:04,721] {dag.py:1832} INFO - Sync 1 DAGs
[2021-09-23 23:01:04,751] {logging_mixin.py:104} INFO - [2021-09-23 23:01:04,751] {dag.py:2305} INFO - Setting next_dagrun for example_nested_branch_dag to 2021-09-21 00:00:00+00:00
[2021-09-23 23:01:04,781] {scheduler_job.py:190} INFO - Processing /home/airflow/sandbox/lib/python3.8/site-packages/airflow/example_dags/example_nested_branch_dag.py took 0.115 seconds
[2021-09-23 23:01:42,479] {scheduler_job.py:182} INFO - Started process (PID=6392) to work on /home/airflow/sandbox/lib/python3.8/site-packages/airflow/example_dags/example_nested_branch_dag.py
[2021-09-23 23:01:42,479] {scheduler_job.py:633} INFO - Processing file /home/airflow/sandbox/lib/python3.8/site-packages/airflow/example_dags/example_nested_branch_dag.py for tasks to queue
[2021-09-23 23:01:42,480] {logging_mixin.py:104} INFO - [2021-09-23 23:01:42,480] {dagbag.py:487} INFO - Filling up the DagBag from /home/airflow/sandbox/lib/python3.8/site-packages/airflow/example_dags/example_nested_branch_dag.py
[2021-09-23 23:01:42,495] {scheduler_job.py:643} INFO - DAG(s) dict_keys(['example_nested_branch_dag']) retrieved from /home/airflow/sandbox/lib/python3.8/site-packages/airflow/example_dags/example_nested_branch_dag.py
[2021-09-23 23:01:42,515] {logging_mixin.py:104} INFO - [2021-09-23 23:01:42,515] {dag.py:1832} INFO - Sync 1 DAGs
[2021-09-23 23:01:42,543] {logging_mixin.py:104} INFO - [2021-09-23 23:01:42,543] {dag.py:2305} INFO - Setting next_dagrun for example_nested_branch_dag to 2021-09-21 00:00:00+00:00
[2021-09-23 23:01:42,567] {scheduler_job.py:190} INFO - Processing /home/airflow/sandbox/lib/python3.8/site-packages/airflow/example_dags/example_nested_branch_dag.py took 0.093 seconds
[2021-09-23 23:02:20,549] {scheduler_job.py:182} INFO - Started process (PID=6535) to work on /home/airflow/sandbox/lib/python3.8/site-packages/airflow/example_dags/example_nested_branch_dag.py
[2021-09-23 23:02:20,550] {scheduler_job.py:633} INFO - Processing file /home/airflow/sandbox/lib/python3.8/site-packages/airflow/example_dags/example_nested_branch_dag.py for tasks to queue
[2021-09-23 23:02:20,551] {logging_mixin.py:104} INFO - [2021-09-23 23:02:20,551] {dagbag.py:487} INFO - Filling up the DagBag from /home/airflow/sandbox/lib/python3.8/site-packages/airflow/example_dags/example_nested_branch_dag.py
[2021-09-23 23:02:20,565] {scheduler_job.py:643} INFO - DAG(s) dict_keys(['example_nested_branch_dag']) retrieved from /home/airflow/sandbox/lib/python3.8/site-packages/airflow/example_dags/example_nested_branch_dag.py
[2021-09-23 23:02:20,581] {logging_mixin.py:104} INFO - [2021-09-23 23:02:20,581] {dag.py:1832} INFO - Sync 1 DAGs
[2021-09-23 23:02:20,596] {logging_mixin.py:104} INFO - [2021-09-23 23:02:20,596] {dag.py:2305} INFO - Setting next_dagrun for example_nested_branch_dag to 2021-09-21 00:00:00+00:00
[2021-09-23 23:02:20,618] {scheduler_job.py:190} INFO - Processing /home/airflow/sandbox/lib/python3.8/site-packages/airflow/example_dags/example_nested_branch_dag.py took 0.071 seconds
[2021-09-23 23:02:58,819] {scheduler_job.py:182} INFO - Started process (PID=6572) to work on /home/airflow/sandbox/lib/python3.8/site-packages/airflow/example_dags/example_nested_branch_dag.py
[2021-09-23 23:02:58,821] {scheduler_job.py:633} INFO - Processing file /home/airflow/sandbox/lib/python3.8/site-packages/airflow/example_dags/example_nested_branch_dag.py for tasks to queue
[2021-09-23 23:02:58,822] {logging_mixin.py:104} INFO - [2021-09-23 23:02:58,821] {dagbag.py:487} INFO - Filling up the DagBag from /home/airflow/sandbox/lib/python3.8/site-packages/airflow/example_dags/example_nested_branch_dag.py
[2021-09-23 23:02:58,835] {scheduler_job.py:643} INFO - DAG(s) dict_keys(['example_nested_branch_dag']) retrieved from /home/airflow/sandbox/lib/python3.8/site-packages/airflow/example_dags/example_nested_branch_dag.py
[2021-09-23 23:02:58,849] {logging_mixin.py:104} INFO - [2021-09-23 23:02:58,849] {dag.py:1832} INFO - Sync 1 DAGs
[2021-09-23 23:02:58,863] {logging_mixin.py:104} INFO - [2021-09-23 23:02:58,863] {dag.py:2305} INFO - Setting next_dagrun for example_nested_branch_dag to 2021-09-21 00:00:00+00:00
[2021-09-23 23:02:58,886] {scheduler_job.py:190} INFO - Processing /home/airflow/sandbox/lib/python3.8/site-packages/airflow/example_dags/example_nested_branch_dag.py took 0.070 seconds
[2021-09-23 23:03:35,462] {scheduler_job.py:182} INFO - Started process (PID=6832) to work on /home/airflow/sandbox/lib/python3.8/site-packages/airflow/example_dags/example_nested_branch_dag.py
[2021-09-23 23:03:35,463] {scheduler_job.py:633} INFO - Processing file /home/airflow/sandbox/lib/python3.8/site-packages/airflow/example_dags/example_nested_branch_dag.py for tasks to queue
[2021-09-23 23:03:35,464] {logging_mixin.py:104} INFO - [2021-09-23 23:03:35,463] {dagbag.py:487} INFO - Filling up the DagBag from /home/airflow/sandbox/lib/python3.8/site-packages/airflow/example_dags/example_nested_branch_dag.py
[2021-09-23 23:03:35,475] {scheduler_job.py:643} INFO - DAG(s) dict_keys(['example_nested_branch_dag']) retrieved from /home/airflow/sandbox/lib/python3.8/site-packages/airflow/example_dags/example_nested_branch_dag.py
[2021-09-23 23:03:35,490] {logging_mixin.py:104} INFO - [2021-09-23 23:03:35,490] {dag.py:1832} INFO - Sync 1 DAGs
[2021-09-23 23:03:35,505] {logging_mixin.py:104} INFO - [2021-09-23 23:03:35,505] {dag.py:2305} INFO - Setting next_dagrun for example_nested_branch_dag to 2021-09-21 00:00:00+00:00
[2021-09-23 23:03:35,529] {scheduler_job.py:190} INFO - Processing /home/airflow/sandbox/lib/python3.8/site-packages/airflow/example_dags/example_nested_branch_dag.py took 0.069 seconds
[2021-09-23 23:04:11,921] {scheduler_job.py:182} INFO - Started process (PID=6906) to work on /home/airflow/sandbox/lib/python3.8/site-packages/airflow/example_dags/example_nested_branch_dag.py
[2021-09-23 23:04:11,924] {scheduler_job.py:633} INFO - Processing file /home/airflow/sandbox/lib/python3.8/site-packages/airflow/example_dags/example_nested_branch_dag.py for tasks to queue
[2021-09-23 23:04:11,924] {logging_mixin.py:104} INFO - [2021-09-23 23:04:11,924] {dagbag.py:487} INFO - Filling up the DagBag from /home/airflow/sandbox/lib/python3.8/site-packages/airflow/example_dags/example_nested_branch_dag.py
[2021-09-23 23:04:11,937] {scheduler_job.py:643} INFO - DAG(s) dict_keys(['example_nested_branch_dag']) retrieved from /home/airflow/sandbox/lib/python3.8/site-packages/airflow/example_dags/example_nested_branch_dag.py
[2021-09-23 23:04:11,951] {logging_mixin.py:104} INFO - [2021-09-23 23:04:11,951] {dag.py:1832} INFO - Sync 1 DAGs
[2021-09-23 23:04:11,965] {logging_mixin.py:104} INFO - [2021-09-23 23:04:11,965] {dag.py:2305} INFO - Setting next_dagrun for example_nested_branch_dag to 2021-09-21 00:00:00+00:00
[2021-09-23 23:04:11,988] {scheduler_job.py:190} INFO - Processing /home/airflow/sandbox/lib/python3.8/site-packages/airflow/example_dags/example_nested_branch_dag.py took 0.070 seconds
[2021-09-23 23:04:46,068] {scheduler_job.py:182} INFO - Started process (PID=6940) to work on /home/airflow/sandbox/lib/python3.8/site-packages/airflow/example_dags/example_nested_branch_dag.py
[2021-09-23 23:04:46,069] {scheduler_job.py:633} INFO - Processing file /home/airflow/sandbox/lib/python3.8/site-packages/airflow/example_dags/example_nested_branch_dag.py for tasks to queue
[2021-09-23 23:04:46,069] {logging_mixin.py:104} INFO - [2021-09-23 23:04:46,069] {dagbag.py:487} INFO - Filling up the DagBag from /home/airflow/sandbox/lib/python3.8/site-packages/airflow/example_dags/example_nested_branch_dag.py
[2021-09-23 23:04:46,084] {scheduler_job.py:643} INFO - DAG(s) dict_keys(['example_nested_branch_dag']) retrieved from /home/airflow/sandbox/lib/python3.8/site-packages/airflow/example_dags/example_nested_branch_dag.py
[2021-09-23 23:04:46,099] {logging_mixin.py:104} INFO - [2021-09-23 23:04:46,099] {dag.py:1832} INFO - Sync 1 DAGs
[2021-09-23 23:04:46,114] {logging_mixin.py:104} INFO - [2021-09-23 23:04:46,114] {dag.py:2305} INFO - Setting next_dagrun for example_nested_branch_dag to 2021-09-21 00:00:00+00:00
[2021-09-23 23:04:46,140] {scheduler_job.py:190} INFO - Processing /home/airflow/sandbox/lib/python3.8/site-packages/airflow/example_dags/example_nested_branch_dag.py took 0.075 seconds
[2021-09-23 23:05:21,456] {scheduler_job.py:182} INFO - Started process (PID=7000) to work on /home/airflow/sandbox/lib/python3.8/site-packages/airflow/example_dags/example_nested_branch_dag.py
[2021-09-23 23:05:21,458] {scheduler_job.py:633} INFO - Processing file /home/airflow/sandbox/lib/python3.8/site-packages/airflow/example_dags/example_nested_branch_dag.py for tasks to queue
[2021-09-23 23:05:21,458] {logging_mixin.py:104} INFO - [2021-09-23 23:05:21,458] {dagbag.py:487} INFO - Filling up the DagBag from /home/airflow/sandbox/lib/python3.8/site-packages/airflow/example_dags/example_nested_branch_dag.py
[2021-09-23 23:05:21,473] {scheduler_job.py:643} INFO - DAG(s) dict_keys(['example_nested_branch_dag']) retrieved from /home/airflow/sandbox/lib/python3.8/site-packages/airflow/example_dags/example_nested_branch_dag.py
[2021-09-23 23:05:21,487] {logging_mixin.py:104} INFO - [2021-09-23 23:05:21,487] {dag.py:1832} INFO - Sync 1 DAGs
[2021-09-23 23:05:21,504] {logging_mixin.py:104} INFO - [2021-09-23 23:05:21,504] {dag.py:2305} INFO - Setting next_dagrun for example_nested_branch_dag to 2021-09-21 00:00:00+00:00
[2021-09-23 23:05:21,531] {scheduler_job.py:190} INFO - Processing /home/airflow/sandbox/lib/python3.8/site-packages/airflow/example_dags/example_nested_branch_dag.py took 0.078 seconds
[2021-09-23 23:05:59,235] {scheduler_job.py:182} INFO - Started process (PID=7140) to work on /home/airflow/sandbox/lib/python3.8/site-packages/airflow/example_dags/example_nested_branch_dag.py
[2021-09-23 23:05:59,236] {scheduler_job.py:633} INFO - Processing file /home/airflow/sandbox/lib/python3.8/site-packages/airflow/example_dags/example_nested_branch_dag.py for tasks to queue
[2021-09-23 23:05:59,237] {logging_mixin.py:104} INFO - [2021-09-23 23:05:59,237] {dagbag.py:487} INFO - Filling up the DagBag from /home/airflow/sandbox/lib/python3.8/site-packages/airflow/example_dags/example_nested_branch_dag.py
[2021-09-23 23:05:59,251] {scheduler_job.py:643} INFO - DAG(s) dict_keys(['example_nested_branch_dag']) retrieved from /home/airflow/sandbox/lib/python3.8/site-packages/airflow/example_dags/example_nested_branch_dag.py
[2021-09-23 23:05:59,264] {logging_mixin.py:104} INFO - [2021-09-23 23:05:59,264] {dag.py:1832} INFO - Sync 1 DAGs
[2021-09-23 23:05:59,281] {logging_mixin.py:104} INFO - [2021-09-23 23:05:59,281] {dag.py:2305} INFO - Setting next_dagrun for example_nested_branch_dag to 2021-09-21 00:00:00+00:00
[2021-09-23 23:05:59,300] {scheduler_job.py:190} INFO - Processing /home/airflow/sandbox/lib/python3.8/site-packages/airflow/example_dags/example_nested_branch_dag.py took 0.068 seconds
[2021-09-23 23:06:36,631] {scheduler_job.py:182} INFO - Started process (PID=7250) to work on /home/airflow/sandbox/lib/python3.8/site-packages/airflow/example_dags/example_nested_branch_dag.py
[2021-09-23 23:06:36,632] {scheduler_job.py:633} INFO - Processing file /home/airflow/sandbox/lib/python3.8/site-packages/airflow/example_dags/example_nested_branch_dag.py for tasks to queue
[2021-09-23 23:06:36,659] {logging_mixin.py:104} INFO - [2021-09-23 23:06:36,658] {dagbag.py:487} INFO - Filling up the DagBag from /home/airflow/sandbox/lib/python3.8/site-packages/airflow/example_dags/example_nested_branch_dag.py
[2021-09-23 23:06:36,706] {scheduler_job.py:643} INFO - DAG(s) dict_keys(['example_nested_branch_dag']) retrieved from /home/airflow/sandbox/lib/python3.8/site-packages/airflow/example_dags/example_nested_branch_dag.py
[2021-09-23 23:06:36,835] {logging_mixin.py:104} INFO - [2021-09-23 23:06:36,835] {dag.py:1832} INFO - Sync 1 DAGs
[2021-09-23 23:06:36,916] {logging_mixin.py:104} INFO - [2021-09-23 23:06:36,915] {dag.py:2305} INFO - Setting next_dagrun for example_nested_branch_dag to 2021-09-21 00:00:00+00:00
[2021-09-23 23:06:36,950] {scheduler_job.py:190} INFO - Processing /home/airflow/sandbox/lib/python3.8/site-packages/airflow/example_dags/example_nested_branch_dag.py took 0.321 seconds
[2021-09-23 23:07:12,959] {scheduler_job.py:182} INFO - Started process (PID=7352) to work on /home/airflow/sandbox/lib/python3.8/site-packages/airflow/example_dags/example_nested_branch_dag.py
[2021-09-23 23:07:12,960] {scheduler_job.py:633} INFO - Processing file /home/airflow/sandbox/lib/python3.8/site-packages/airflow/example_dags/example_nested_branch_dag.py for tasks to queue
[2021-09-23 23:07:12,960] {logging_mixin.py:104} INFO - [2021-09-23 23:07:12,960] {dagbag.py:487} INFO - Filling up the DagBag from /home/airflow/sandbox/lib/python3.8/site-packages/airflow/example_dags/example_nested_branch_dag.py
[2021-09-23 23:07:12,975] {scheduler_job.py:643} INFO - DAG(s) dict_keys(['example_nested_branch_dag']) retrieved from /home/airflow/sandbox/lib/python3.8/site-packages/airflow/example_dags/example_nested_branch_dag.py
[2021-09-23 23:07:12,990] {logging_mixin.py:104} INFO - [2021-09-23 23:07:12,990] {dag.py:1832} INFO - Sync 1 DAGs
[2021-09-23 23:07:13,005] {logging_mixin.py:104} INFO - [2021-09-23 23:07:13,005] {dag.py:2305} INFO - Setting next_dagrun for example_nested_branch_dag to 2021-09-21 00:00:00+00:00
[2021-09-23 23:07:13,022] {scheduler_job.py:190} INFO - Processing /home/airflow/sandbox/lib/python3.8/site-packages/airflow/example_dags/example_nested_branch_dag.py took 0.068 seconds
[2021-09-23 23:07:45,673] {scheduler_job.py:182} INFO - Started process (PID=7384) to work on /home/airflow/sandbox/lib/python3.8/site-packages/airflow/example_dags/example_nested_branch_dag.py
[2021-09-23 23:07:45,675] {scheduler_job.py:633} INFO - Processing file /home/airflow/sandbox/lib/python3.8/site-packages/airflow/example_dags/example_nested_branch_dag.py for tasks to queue
[2021-09-23 23:07:45,676] {logging_mixin.py:104} INFO - [2021-09-23 23:07:45,676] {dagbag.py:487} INFO - Filling up the DagBag from /home/airflow/sandbox/lib/python3.8/site-packages/airflow/example_dags/example_nested_branch_dag.py
[2021-09-23 23:07:45,688] {scheduler_job.py:643} INFO - DAG(s) dict_keys(['example_nested_branch_dag']) retrieved from /home/airflow/sandbox/lib/python3.8/site-packages/airflow/example_dags/example_nested_branch_dag.py
[2021-09-23 23:07:45,702] {logging_mixin.py:104} INFO - [2021-09-23 23:07:45,702] {dag.py:1832} INFO - Sync 1 DAGs
[2021-09-23 23:07:45,718] {logging_mixin.py:104} INFO - [2021-09-23 23:07:45,718] {dag.py:2305} INFO - Setting next_dagrun for example_nested_branch_dag to 2021-09-21 00:00:00+00:00
[2021-09-23 23:07:45,739] {scheduler_job.py:190} INFO - Processing /home/airflow/sandbox/lib/python3.8/site-packages/airflow/example_dags/example_nested_branch_dag.py took 0.068 seconds
[2021-09-23 23:08:18,979] {scheduler_job.py:182} INFO - Started process (PID=7417) to work on /home/airflow/sandbox/lib/python3.8/site-packages/airflow/example_dags/example_nested_branch_dag.py
[2021-09-23 23:08:18,980] {scheduler_job.py:633} INFO - Processing file /home/airflow/sandbox/lib/python3.8/site-packages/airflow/example_dags/example_nested_branch_dag.py for tasks to queue
[2021-09-23 23:08:18,982] {logging_mixin.py:104} INFO - [2021-09-23 23:08:18,981] {dagbag.py:487} INFO - Filling up the DagBag from /home/airflow/sandbox/lib/python3.8/site-packages/airflow/example_dags/example_nested_branch_dag.py
[2021-09-23 23:08:18,995] {scheduler_job.py:643} INFO - DAG(s) dict_keys(['example_nested_branch_dag']) retrieved from /home/airflow/sandbox/lib/python3.8/site-packages/airflow/example_dags/example_nested_branch_dag.py
[2021-09-23 23:08:19,011] {logging_mixin.py:104} INFO - [2021-09-23 23:08:19,011] {dag.py:1832} INFO - Sync 1 DAGs
[2021-09-23 23:08:19,029] {logging_mixin.py:104} INFO - [2021-09-23 23:08:19,029] {dag.py:2305} INFO - Setting next_dagrun for example_nested_branch_dag to 2021-09-21 00:00:00+00:00
[2021-09-23 23:08:19,053] {scheduler_job.py:190} INFO - Processing /home/airflow/sandbox/lib/python3.8/site-packages/airflow/example_dags/example_nested_branch_dag.py took 0.076 seconds
[2021-09-23 23:08:53,504] {scheduler_job.py:182} INFO - Started process (PID=7540) to work on /home/airflow/sandbox/lib/python3.8/site-packages/airflow/example_dags/example_nested_branch_dag.py
[2021-09-23 23:08:53,505] {scheduler_job.py:633} INFO - Processing file /home/airflow/sandbox/lib/python3.8/site-packages/airflow/example_dags/example_nested_branch_dag.py for tasks to queue
[2021-09-23 23:08:53,506] {logging_mixin.py:104} INFO - [2021-09-23 23:08:53,506] {dagbag.py:487} INFO - Filling up the DagBag from /home/airflow/sandbox/lib/python3.8/site-packages/airflow/example_dags/example_nested_branch_dag.py
[2021-09-23 23:08:53,520] {scheduler_job.py:643} INFO - DAG(s) dict_keys(['example_nested_branch_dag']) retrieved from /home/airflow/sandbox/lib/python3.8/site-packages/airflow/example_dags/example_nested_branch_dag.py
[2021-09-23 23:08:53,534] {logging_mixin.py:104} INFO - [2021-09-23 23:08:53,534] {dag.py:1832} INFO - Sync 1 DAGs
[2021-09-23 23:08:53,552] {logging_mixin.py:104} INFO - [2021-09-23 23:08:53,551] {dag.py:2305} INFO - Setting next_dagrun for example_nested_branch_dag to 2021-09-21 00:00:00+00:00
[2021-09-23 23:08:53,569] {scheduler_job.py:190} INFO - Processing /home/airflow/sandbox/lib/python3.8/site-packages/airflow/example_dags/example_nested_branch_dag.py took 0.069 seconds
[2021-09-23 23:09:29,417] {scheduler_job.py:182} INFO - Started process (PID=7592) to work on /home/airflow/sandbox/lib/python3.8/site-packages/airflow/example_dags/example_nested_branch_dag.py
[2021-09-23 23:09:29,418] {scheduler_job.py:633} INFO - Processing file /home/airflow/sandbox/lib/python3.8/site-packages/airflow/example_dags/example_nested_branch_dag.py for tasks to queue
[2021-09-23 23:09:29,419] {logging_mixin.py:104} INFO - [2021-09-23 23:09:29,419] {dagbag.py:487} INFO - Filling up the DagBag from /home/airflow/sandbox/lib/python3.8/site-packages/airflow/example_dags/example_nested_branch_dag.py
[2021-09-23 23:09:29,433] {scheduler_job.py:643} INFO - DAG(s) dict_keys(['example_nested_branch_dag']) retrieved from /home/airflow/sandbox/lib/python3.8/site-packages/airflow/example_dags/example_nested_branch_dag.py
[2021-09-23 23:09:29,447] {logging_mixin.py:104} INFO - [2021-09-23 23:09:29,447] {dag.py:1832} INFO - Sync 1 DAGs
[2021-09-23 23:09:29,462] {logging_mixin.py:104} INFO - [2021-09-23 23:09:29,461] {dag.py:2305} INFO - Setting next_dagrun for example_nested_branch_dag to 2021-09-21 00:00:00+00:00
[2021-09-23 23:09:29,485] {scheduler_job.py:190} INFO - Processing /home/airflow/sandbox/lib/python3.8/site-packages/airflow/example_dags/example_nested_branch_dag.py took 0.070 seconds
[2021-09-23 23:10:03,664] {scheduler_job.py:182} INFO - Started process (PID=7670) to work on /home/airflow/sandbox/lib/python3.8/site-packages/airflow/example_dags/example_nested_branch_dag.py
[2021-09-23 23:10:03,665] {scheduler_job.py:633} INFO - Processing file /home/airflow/sandbox/lib/python3.8/site-packages/airflow/example_dags/example_nested_branch_dag.py for tasks to queue
[2021-09-23 23:10:03,665] {logging_mixin.py:104} INFO - [2021-09-23 23:10:03,665] {dagbag.py:487} INFO - Filling up the DagBag from /home/airflow/sandbox/lib/python3.8/site-packages/airflow/example_dags/example_nested_branch_dag.py
[2021-09-23 23:10:03,685] {scheduler_job.py:643} INFO - DAG(s) dict_keys(['example_nested_branch_dag']) retrieved from /home/airflow/sandbox/lib/python3.8/site-packages/airflow/example_dags/example_nested_branch_dag.py
[2021-09-23 23:10:03,701] {logging_mixin.py:104} INFO - [2021-09-23 23:10:03,700] {dag.py:1832} INFO - Sync 1 DAGs
[2021-09-23 23:10:03,717] {logging_mixin.py:104} INFO - [2021-09-23 23:10:03,717] {dag.py:2305} INFO - Setting next_dagrun for example_nested_branch_dag to 2021-09-21 00:00:00+00:00
[2021-09-23 23:10:03,740] {scheduler_job.py:190} INFO - Processing /home/airflow/sandbox/lib/python3.8/site-packages/airflow/example_dags/example_nested_branch_dag.py took 0.079 seconds
[2021-09-23 23:10:38,544] {scheduler_job.py:182} INFO - Started process (PID=7819) to work on /home/airflow/sandbox/lib/python3.8/site-packages/airflow/example_dags/example_nested_branch_dag.py
[2021-09-23 23:10:38,546] {scheduler_job.py:633} INFO - Processing file /home/airflow/sandbox/lib/python3.8/site-packages/airflow/example_dags/example_nested_branch_dag.py for tasks to queue
[2021-09-23 23:10:38,546] {logging_mixin.py:104} INFO - [2021-09-23 23:10:38,546] {dagbag.py:487} INFO - Filling up the DagBag from /home/airflow/sandbox/lib/python3.8/site-packages/airflow/example_dags/example_nested_branch_dag.py
[2021-09-23 23:10:38,559] {scheduler_job.py:643} INFO - DAG(s) dict_keys(['example_nested_branch_dag']) retrieved from /home/airflow/sandbox/lib/python3.8/site-packages/airflow/example_dags/example_nested_branch_dag.py
[2021-09-23 23:10:38,574] {logging_mixin.py:104} INFO - [2021-09-23 23:10:38,573] {dag.py:1832} INFO - Sync 1 DAGs
[2021-09-23 23:10:38,588] {logging_mixin.py:104} INFO - [2021-09-23 23:10:38,588] {dag.py:2305} INFO - Setting next_dagrun for example_nested_branch_dag to 2021-09-21 00:00:00+00:00
[2021-09-23 23:10:38,606] {scheduler_job.py:190} INFO - Processing /home/airflow/sandbox/lib/python3.8/site-packages/airflow/example_dags/example_nested_branch_dag.py took 0.064 seconds
[2021-09-23 23:11:15,023] {scheduler_job.py:182} INFO - Started process (PID=7929) to work on /home/airflow/sandbox/lib/python3.8/site-packages/airflow/example_dags/example_nested_branch_dag.py
[2021-09-23 23:11:15,025] {scheduler_job.py:633} INFO - Processing file /home/airflow/sandbox/lib/python3.8/site-packages/airflow/example_dags/example_nested_branch_dag.py for tasks to queue
[2021-09-23 23:11:15,026] {logging_mixin.py:104} INFO - [2021-09-23 23:11:15,026] {dagbag.py:487} INFO - Filling up the DagBag from /home/airflow/sandbox/lib/python3.8/site-packages/airflow/example_dags/example_nested_branch_dag.py
[2021-09-23 23:11:15,041] {scheduler_job.py:643} INFO - DAG(s) dict_keys(['example_nested_branch_dag']) retrieved from /home/airflow/sandbox/lib/python3.8/site-packages/airflow/example_dags/example_nested_branch_dag.py
[2021-09-23 23:11:15,058] {logging_mixin.py:104} INFO - [2021-09-23 23:11:15,058] {dag.py:1832} INFO - Sync 1 DAGs
[2021-09-23 23:11:15,076] {logging_mixin.py:104} INFO - [2021-09-23 23:11:15,076] {dag.py:2305} INFO - Setting next_dagrun for example_nested_branch_dag to 2021-09-21 00:00:00+00:00
[2021-09-23 23:11:15,098] {scheduler_job.py:190} INFO - Processing /home/airflow/sandbox/lib/python3.8/site-packages/airflow/example_dags/example_nested_branch_dag.py took 0.081 seconds
[2021-09-23 23:11:50,515] {scheduler_job.py:182} INFO - Started process (PID=8082) to work on /home/airflow/sandbox/lib/python3.8/site-packages/airflow/example_dags/example_nested_branch_dag.py
[2021-09-23 23:11:50,517] {scheduler_job.py:633} INFO - Processing file /home/airflow/sandbox/lib/python3.8/site-packages/airflow/example_dags/example_nested_branch_dag.py for tasks to queue
[2021-09-23 23:11:50,518] {logging_mixin.py:104} INFO - [2021-09-23 23:11:50,517] {dagbag.py:487} INFO - Filling up the DagBag from /home/airflow/sandbox/lib/python3.8/site-packages/airflow/example_dags/example_nested_branch_dag.py
[2021-09-23 23:11:50,534] {scheduler_job.py:643} INFO - DAG(s) dict_keys(['example_nested_branch_dag']) retrieved from /home/airflow/sandbox/lib/python3.8/site-packages/airflow/example_dags/example_nested_branch_dag.py
[2021-09-23 23:11:50,550] {logging_mixin.py:104} INFO - [2021-09-23 23:11:50,550] {dag.py:1832} INFO - Sync 1 DAGs
[2021-09-23 23:11:50,568] {logging_mixin.py:104} INFO - [2021-09-23 23:11:50,568] {dag.py:2305} INFO - Setting next_dagrun for example_nested_branch_dag to 2021-09-21 00:00:00+00:00
[2021-09-23 23:11:50,593] {scheduler_job.py:190} INFO - Processing /home/airflow/sandbox/lib/python3.8/site-packages/airflow/example_dags/example_nested_branch_dag.py took 0.082 seconds
[2021-09-23 23:12:25,882] {scheduler_job.py:182} INFO - Started process (PID=8307) to work on /home/airflow/sandbox/lib/python3.8/site-packages/airflow/example_dags/example_nested_branch_dag.py
[2021-09-23 23:12:25,884] {scheduler_job.py:633} INFO - Processing file /home/airflow/sandbox/lib/python3.8/site-packages/airflow/example_dags/example_nested_branch_dag.py for tasks to queue
[2021-09-23 23:12:25,884] {logging_mixin.py:104} INFO - [2021-09-23 23:12:25,884] {dagbag.py:487} INFO - Filling up the DagBag from /home/airflow/sandbox/lib/python3.8/site-packages/airflow/example_dags/example_nested_branch_dag.py
[2021-09-23 23:12:25,898] {scheduler_job.py:643} INFO - DAG(s) dict_keys(['example_nested_branch_dag']) retrieved from /home/airflow/sandbox/lib/python3.8/site-packages/airflow/example_dags/example_nested_branch_dag.py
[2021-09-23 23:12:25,912] {logging_mixin.py:104} INFO - [2021-09-23 23:12:25,912] {dag.py:1832} INFO - Sync 1 DAGs
[2021-09-23 23:12:25,928] {logging_mixin.py:104} INFO - [2021-09-23 23:12:25,928] {dag.py:2305} INFO - Setting next_dagrun for example_nested_branch_dag to 2021-09-21 00:00:00+00:00
[2021-09-23 23:12:25,952] {scheduler_job.py:190} INFO - Processing /home/airflow/sandbox/lib/python3.8/site-packages/airflow/example_dags/example_nested_branch_dag.py took 0.073 seconds
[2021-09-23 23:12:59,414] {scheduler_job.py:182} INFO - Started process (PID=8399) to work on /home/airflow/sandbox/lib/python3.8/site-packages/airflow/example_dags/example_nested_branch_dag.py
[2021-09-23 23:12:59,415] {scheduler_job.py:633} INFO - Processing file /home/airflow/sandbox/lib/python3.8/site-packages/airflow/example_dags/example_nested_branch_dag.py for tasks to queue
[2021-09-23 23:12:59,415] {logging_mixin.py:104} INFO - [2021-09-23 23:12:59,415] {dagbag.py:487} INFO - Filling up the DagBag from /home/airflow/sandbox/lib/python3.8/site-packages/airflow/example_dags/example_nested_branch_dag.py
[2021-09-23 23:12:59,430] {scheduler_job.py:643} INFO - DAG(s) dict_keys(['example_nested_branch_dag']) retrieved from /home/airflow/sandbox/lib/python3.8/site-packages/airflow/example_dags/example_nested_branch_dag.py
[2021-09-23 23:12:59,450] {logging_mixin.py:104} INFO - [2021-09-23 23:12:59,450] {dag.py:1832} INFO - Sync 1 DAGs
[2021-09-23 23:12:59,468] {logging_mixin.py:104} INFO - [2021-09-23 23:12:59,468] {dag.py:2305} INFO - Setting next_dagrun for example_nested_branch_dag to 2021-09-21 00:00:00+00:00
[2021-09-23 23:12:59,497] {scheduler_job.py:190} INFO - Processing /home/airflow/sandbox/lib/python3.8/site-packages/airflow/example_dags/example_nested_branch_dag.py took 0.086 seconds
[2021-09-23 23:13:34,586] {scheduler_job.py:182} INFO - Started process (PID=8431) to work on /home/airflow/sandbox/lib/python3.8/site-packages/airflow/example_dags/example_nested_branch_dag.py
[2021-09-23 23:13:34,587] {scheduler_job.py:633} INFO - Processing file /home/airflow/sandbox/lib/python3.8/site-packages/airflow/example_dags/example_nested_branch_dag.py for tasks to queue
[2021-09-23 23:13:34,588] {logging_mixin.py:104} INFO - [2021-09-23 23:13:34,588] {dagbag.py:487} INFO - Filling up the DagBag from /home/airflow/sandbox/lib/python3.8/site-packages/airflow/example_dags/example_nested_branch_dag.py
[2021-09-23 23:13:34,600] {scheduler_job.py:643} INFO - DAG(s) dict_keys(['example_nested_branch_dag']) retrieved from /home/airflow/sandbox/lib/python3.8/site-packages/airflow/example_dags/example_nested_branch_dag.py
[2021-09-23 23:13:34,615] {logging_mixin.py:104} INFO - [2021-09-23 23:13:34,614] {dag.py:1832} INFO - Sync 1 DAGs
[2021-09-23 23:13:34,628] {logging_mixin.py:104} INFO - [2021-09-23 23:13:34,628] {dag.py:2305} INFO - Setting next_dagrun for example_nested_branch_dag to 2021-09-21 00:00:00+00:00
[2021-09-23 23:13:34,652] {scheduler_job.py:190} INFO - Processing /home/airflow/sandbox/lib/python3.8/site-packages/airflow/example_dags/example_nested_branch_dag.py took 0.068 seconds
[2021-09-23 23:14:12,687] {scheduler_job.py:182} INFO - Started process (PID=8466) to work on /home/airflow/sandbox/lib/python3.8/site-packages/airflow/example_dags/example_nested_branch_dag.py
[2021-09-23 23:14:12,688] {scheduler_job.py:633} INFO - Processing file /home/airflow/sandbox/lib/python3.8/site-packages/airflow/example_dags/example_nested_branch_dag.py for tasks to queue
[2021-09-23 23:14:12,688] {logging_mixin.py:104} INFO - [2021-09-23 23:14:12,688] {dagbag.py:487} INFO - Filling up the DagBag from /home/airflow/sandbox/lib/python3.8/site-packages/airflow/example_dags/example_nested_branch_dag.py
[2021-09-23 23:14:12,700] {scheduler_job.py:643} INFO - DAG(s) dict_keys(['example_nested_branch_dag']) retrieved from /home/airflow/sandbox/lib/python3.8/site-packages/airflow/example_dags/example_nested_branch_dag.py
[2021-09-23 23:14:12,713] {logging_mixin.py:104} INFO - [2021-09-23 23:14:12,713] {dag.py:1832} INFO - Sync 1 DAGs
[2021-09-23 23:14:12,730] {logging_mixin.py:104} INFO - [2021-09-23 23:14:12,729] {dag.py:2305} INFO - Setting next_dagrun for example_nested_branch_dag to 2021-09-21 00:00:00+00:00
[2021-09-23 23:14:12,750] {scheduler_job.py:190} INFO - Processing /home/airflow/sandbox/lib/python3.8/site-packages/airflow/example_dags/example_nested_branch_dag.py took 0.065 seconds
[2021-09-23 23:14:47,964] {scheduler_job.py:182} INFO - Started process (PID=8529) to work on /home/airflow/sandbox/lib/python3.8/site-packages/airflow/example_dags/example_nested_branch_dag.py
[2021-09-23 23:14:47,965] {scheduler_job.py:633} INFO - Processing file /home/airflow/sandbox/lib/python3.8/site-packages/airflow/example_dags/example_nested_branch_dag.py for tasks to queue
[2021-09-23 23:14:47,965] {logging_mixin.py:104} INFO - [2021-09-23 23:14:47,965] {dagbag.py:487} INFO - Filling up the DagBag from /home/airflow/sandbox/lib/python3.8/site-packages/airflow/example_dags/example_nested_branch_dag.py
[2021-09-23 23:14:48,003] {scheduler_job.py:643} INFO - DAG(s) dict_keys(['example_nested_branch_dag']) retrieved from /home/airflow/sandbox/lib/python3.8/site-packages/airflow/example_dags/example_nested_branch_dag.py
[2021-09-23 23:14:48,030] {logging_mixin.py:104} INFO - [2021-09-23 23:14:48,030] {dag.py:1832} INFO - Sync 1 DAGs
[2021-09-23 23:14:48,068] {logging_mixin.py:104} INFO - [2021-09-23 23:14:48,068] {dag.py:2305} INFO - Setting next_dagrun for example_nested_branch_dag to 2021-09-21 00:00:00+00:00
[2021-09-23 23:14:48,108] {scheduler_job.py:190} INFO - Processing /home/airflow/sandbox/lib/python3.8/site-packages/airflow/example_dags/example_nested_branch_dag.py took 0.146 seconds
[2021-09-23 23:15:30,771] {scheduler_job.py:182} INFO - Started process (PID=8870) to work on /home/airflow/sandbox/lib/python3.8/site-packages/airflow/example_dags/example_nested_branch_dag.py
[2021-09-23 23:15:30,772] {scheduler_job.py:633} INFO - Processing file /home/airflow/sandbox/lib/python3.8/site-packages/airflow/example_dags/example_nested_branch_dag.py for tasks to queue
[2021-09-23 23:15:30,773] {logging_mixin.py:104} INFO - [2021-09-23 23:15:30,773] {dagbag.py:487} INFO - Filling up the DagBag from /home/airflow/sandbox/lib/python3.8/site-packages/airflow/example_dags/example_nested_branch_dag.py
[2021-09-23 23:15:30,786] {scheduler_job.py:643} INFO - DAG(s) dict_keys(['example_nested_branch_dag']) retrieved from /home/airflow/sandbox/lib/python3.8/site-packages/airflow/example_dags/example_nested_branch_dag.py
[2021-09-23 23:15:30,801] {logging_mixin.py:104} INFO - [2021-09-23 23:15:30,801] {dag.py:1832} INFO - Sync 1 DAGs
[2021-09-23 23:15:30,815] {logging_mixin.py:104} INFO - [2021-09-23 23:15:30,814] {dag.py:2305} INFO - Setting next_dagrun for example_nested_branch_dag to 2021-09-21 00:00:00+00:00
[2021-09-23 23:15:30,837] {scheduler_job.py:190} INFO - Processing /home/airflow/sandbox/lib/python3.8/site-packages/airflow/example_dags/example_nested_branch_dag.py took 0.068 seconds
[2021-09-23 23:16:05,566] {scheduler_job.py:182} INFO - Started process (PID=9008) to work on /home/airflow/sandbox/lib/python3.8/site-packages/airflow/example_dags/example_nested_branch_dag.py
[2021-09-23 23:16:05,567] {scheduler_job.py:633} INFO - Processing file /home/airflow/sandbox/lib/python3.8/site-packages/airflow/example_dags/example_nested_branch_dag.py for tasks to queue
[2021-09-23 23:16:05,567] {logging_mixin.py:104} INFO - [2021-09-23 23:16:05,567] {dagbag.py:487} INFO - Filling up the DagBag from /home/airflow/sandbox/lib/python3.8/site-packages/airflow/example_dags/example_nested_branch_dag.py
[2021-09-23 23:16:05,579] {scheduler_job.py:643} INFO - DAG(s) dict_keys(['example_nested_branch_dag']) retrieved from /home/airflow/sandbox/lib/python3.8/site-packages/airflow/example_dags/example_nested_branch_dag.py
[2021-09-23 23:16:05,592] {logging_mixin.py:104} INFO - [2021-09-23 23:16:05,592] {dag.py:1832} INFO - Sync 1 DAGs
[2021-09-23 23:16:05,612] {logging_mixin.py:104} INFO - [2021-09-23 23:16:05,612] {dag.py:2305} INFO - Setting next_dagrun for example_nested_branch_dag to 2021-09-21 00:00:00+00:00
[2021-09-23 23:16:05,630] {scheduler_job.py:190} INFO - Processing /home/airflow/sandbox/lib/python3.8/site-packages/airflow/example_dags/example_nested_branch_dag.py took 0.066 seconds
[2021-09-23 23:16:41,408] {scheduler_job.py:182} INFO - Started process (PID=9145) to work on /home/airflow/sandbox/lib/python3.8/site-packages/airflow/example_dags/example_nested_branch_dag.py
[2021-09-23 23:16:41,409] {scheduler_job.py:633} INFO - Processing file /home/airflow/sandbox/lib/python3.8/site-packages/airflow/example_dags/example_nested_branch_dag.py for tasks to queue
[2021-09-23 23:16:41,412] {logging_mixin.py:104} INFO - [2021-09-23 23:16:41,411] {dagbag.py:487} INFO - Filling up the DagBag from /home/airflow/sandbox/lib/python3.8/site-packages/airflow/example_dags/example_nested_branch_dag.py
[2021-09-23 23:16:41,426] {scheduler_job.py:643} INFO - DAG(s) dict_keys(['example_nested_branch_dag']) retrieved from /home/airflow/sandbox/lib/python3.8/site-packages/airflow/example_dags/example_nested_branch_dag.py
[2021-09-23 23:16:41,441] {logging_mixin.py:104} INFO - [2021-09-23 23:16:41,441] {dag.py:1832} INFO - Sync 1 DAGs
[2021-09-23 23:16:41,456] {logging_mixin.py:104} INFO - [2021-09-23 23:16:41,456] {dag.py:2305} INFO - Setting next_dagrun for example_nested_branch_dag to 2021-09-21 00:00:00+00:00
[2021-09-23 23:16:41,477] {scheduler_job.py:190} INFO - Processing /home/airflow/sandbox/lib/python3.8/site-packages/airflow/example_dags/example_nested_branch_dag.py took 0.073 seconds
[2021-09-23 23:43:44,593] {scheduler_job.py:182} INFO - Started process (PID=9330) to work on /home/airflow/sandbox/lib/python3.8/site-packages/airflow/example_dags/example_nested_branch_dag.py
[2021-09-23 23:43:44,594] {scheduler_job.py:633} INFO - Processing file /home/airflow/sandbox/lib/python3.8/site-packages/airflow/example_dags/example_nested_branch_dag.py for tasks to queue
[2021-09-23 23:43:44,594] {logging_mixin.py:104} INFO - [2021-09-23 23:43:44,594] {dagbag.py:487} INFO - Filling up the DagBag from /home/airflow/sandbox/lib/python3.8/site-packages/airflow/example_dags/example_nested_branch_dag.py
[2021-09-23 23:43:44,608] {scheduler_job.py:643} INFO - DAG(s) dict_keys(['example_nested_branch_dag']) retrieved from /home/airflow/sandbox/lib/python3.8/site-packages/airflow/example_dags/example_nested_branch_dag.py
[2021-09-23 23:43:44,623] {logging_mixin.py:104} INFO - [2021-09-23 23:43:44,623] {dag.py:1832} INFO - Sync 1 DAGs
[2021-09-23 23:43:44,639] {logging_mixin.py:104} INFO - [2021-09-23 23:43:44,639] {dag.py:2305} INFO - Setting next_dagrun for example_nested_branch_dag to 2021-09-21 00:00:00+00:00
[2021-09-23 23:43:44,660] {scheduler_job.py:190} INFO - Processing /home/airflow/sandbox/lib/python3.8/site-packages/airflow/example_dags/example_nested_branch_dag.py took 0.069 seconds
[2021-09-23 23:44:18,240] {scheduler_job.py:182} INFO - Started process (PID=9363) to work on /home/airflow/sandbox/lib/python3.8/site-packages/airflow/example_dags/example_nested_branch_dag.py
[2021-09-23 23:44:18,241] {scheduler_job.py:633} INFO - Processing file /home/airflow/sandbox/lib/python3.8/site-packages/airflow/example_dags/example_nested_branch_dag.py for tasks to queue
[2021-09-23 23:44:18,242] {logging_mixin.py:104} INFO - [2021-09-23 23:44:18,241] {dagbag.py:487} INFO - Filling up the DagBag from /home/airflow/sandbox/lib/python3.8/site-packages/airflow/example_dags/example_nested_branch_dag.py
[2021-09-23 23:44:18,254] {scheduler_job.py:643} INFO - DAG(s) dict_keys(['example_nested_branch_dag']) retrieved from /home/airflow/sandbox/lib/python3.8/site-packages/airflow/example_dags/example_nested_branch_dag.py
[2021-09-23 23:44:18,267] {logging_mixin.py:104} INFO - [2021-09-23 23:44:18,267] {dag.py:1832} INFO - Sync 1 DAGs
[2021-09-23 23:44:18,281] {logging_mixin.py:104} INFO - [2021-09-23 23:44:18,281] {dag.py:2305} INFO - Setting next_dagrun for example_nested_branch_dag to 2021-09-21 00:00:00+00:00
[2021-09-23 23:44:18,300] {scheduler_job.py:190} INFO - Processing /home/airflow/sandbox/lib/python3.8/site-packages/airflow/example_dags/example_nested_branch_dag.py took 0.062 seconds
[2021-09-23 23:44:52,223] {scheduler_job.py:182} INFO - Started process (PID=9396) to work on /home/airflow/sandbox/lib/python3.8/site-packages/airflow/example_dags/example_nested_branch_dag.py
[2021-09-23 23:44:52,224] {scheduler_job.py:633} INFO - Processing file /home/airflow/sandbox/lib/python3.8/site-packages/airflow/example_dags/example_nested_branch_dag.py for tasks to queue
[2021-09-23 23:44:52,224] {logging_mixin.py:104} INFO - [2021-09-23 23:44:52,224] {dagbag.py:487} INFO - Filling up the DagBag from /home/airflow/sandbox/lib/python3.8/site-packages/airflow/example_dags/example_nested_branch_dag.py
[2021-09-23 23:44:52,236] {scheduler_job.py:643} INFO - DAG(s) dict_keys(['example_nested_branch_dag']) retrieved from /home/airflow/sandbox/lib/python3.8/site-packages/airflow/example_dags/example_nested_branch_dag.py
[2021-09-23 23:44:52,249] {logging_mixin.py:104} INFO - [2021-09-23 23:44:52,249] {dag.py:1832} INFO - Sync 1 DAGs
[2021-09-23 23:44:52,263] {logging_mixin.py:104} INFO - [2021-09-23 23:44:52,262] {dag.py:2305} INFO - Setting next_dagrun for example_nested_branch_dag to 2021-09-21 00:00:00+00:00
[2021-09-23 23:44:52,287] {scheduler_job.py:190} INFO - Processing /home/airflow/sandbox/lib/python3.8/site-packages/airflow/example_dags/example_nested_branch_dag.py took 0.067 seconds
[2021-09-23 23:45:26,157] {scheduler_job.py:182} INFO - Started process (PID=9428) to work on /home/airflow/sandbox/lib/python3.8/site-packages/airflow/example_dags/example_nested_branch_dag.py
[2021-09-23 23:45:26,158] {scheduler_job.py:633} INFO - Processing file /home/airflow/sandbox/lib/python3.8/site-packages/airflow/example_dags/example_nested_branch_dag.py for tasks to queue
[2021-09-23 23:45:26,159] {logging_mixin.py:104} INFO - [2021-09-23 23:45:26,159] {dagbag.py:487} INFO - Filling up the DagBag from /home/airflow/sandbox/lib/python3.8/site-packages/airflow/example_dags/example_nested_branch_dag.py
[2021-09-23 23:45:26,170] {scheduler_job.py:643} INFO - DAG(s) dict_keys(['example_nested_branch_dag']) retrieved from /home/airflow/sandbox/lib/python3.8/site-packages/airflow/example_dags/example_nested_branch_dag.py
[2021-09-23 23:45:26,183] {logging_mixin.py:104} INFO - [2021-09-23 23:45:26,183] {dag.py:1832} INFO - Sync 1 DAGs
[2021-09-23 23:45:26,200] {logging_mixin.py:104} INFO - [2021-09-23 23:45:26,200] {dag.py:2305} INFO - Setting next_dagrun for example_nested_branch_dag to 2021-09-21 00:00:00+00:00
[2021-09-23 23:45:26,220] {scheduler_job.py:190} INFO - Processing /home/airflow/sandbox/lib/python3.8/site-packages/airflow/example_dags/example_nested_branch_dag.py took 0.066 seconds
[2021-09-23 23:46:00,992] {scheduler_job.py:182} INFO - Started process (PID=9460) to work on /home/airflow/sandbox/lib/python3.8/site-packages/airflow/example_dags/example_nested_branch_dag.py
[2021-09-23 23:46:00,993] {scheduler_job.py:633} INFO - Processing file /home/airflow/sandbox/lib/python3.8/site-packages/airflow/example_dags/example_nested_branch_dag.py for tasks to queue
[2021-09-23 23:46:00,993] {logging_mixin.py:104} INFO - [2021-09-23 23:46:00,993] {dagbag.py:487} INFO - Filling up the DagBag from /home/airflow/sandbox/lib/python3.8/site-packages/airflow/example_dags/example_nested_branch_dag.py
[2021-09-23 23:46:01,005] {scheduler_job.py:643} INFO - DAG(s) dict_keys(['example_nested_branch_dag']) retrieved from /home/airflow/sandbox/lib/python3.8/site-packages/airflow/example_dags/example_nested_branch_dag.py
[2021-09-23 23:46:01,019] {logging_mixin.py:104} INFO - [2021-09-23 23:46:01,019] {dag.py:1832} INFO - Sync 1 DAGs
[2021-09-23 23:46:01,035] {logging_mixin.py:104} INFO - [2021-09-23 23:46:01,033] {dag.py:2305} INFO - Setting next_dagrun for example_nested_branch_dag to 2021-09-21 00:00:00+00:00
[2021-09-23 23:46:01,055] {scheduler_job.py:190} INFO - Processing /home/airflow/sandbox/lib/python3.8/site-packages/airflow/example_dags/example_nested_branch_dag.py took 0.067 seconds
[2021-09-23 23:46:33,864] {scheduler_job.py:182} INFO - Started process (PID=9515) to work on /home/airflow/sandbox/lib/python3.8/site-packages/airflow/example_dags/example_nested_branch_dag.py
[2021-09-23 23:46:33,865] {scheduler_job.py:633} INFO - Processing file /home/airflow/sandbox/lib/python3.8/site-packages/airflow/example_dags/example_nested_branch_dag.py for tasks to queue
[2021-09-23 23:46:33,865] {logging_mixin.py:104} INFO - [2021-09-23 23:46:33,865] {dagbag.py:487} INFO - Filling up the DagBag from /home/airflow/sandbox/lib/python3.8/site-packages/airflow/example_dags/example_nested_branch_dag.py
[2021-09-23 23:46:33,878] {scheduler_job.py:643} INFO - DAG(s) dict_keys(['example_nested_branch_dag']) retrieved from /home/airflow/sandbox/lib/python3.8/site-packages/airflow/example_dags/example_nested_branch_dag.py
[2021-09-23 23:46:33,893] {logging_mixin.py:104} INFO - [2021-09-23 23:46:33,893] {dag.py:1832} INFO - Sync 1 DAGs
[2021-09-23 23:46:33,908] {logging_mixin.py:104} INFO - [2021-09-23 23:46:33,907] {dag.py:2305} INFO - Setting next_dagrun for example_nested_branch_dag to 2021-09-21 00:00:00+00:00
[2021-09-23 23:46:33,928] {scheduler_job.py:190} INFO - Processing /home/airflow/sandbox/lib/python3.8/site-packages/airflow/example_dags/example_nested_branch_dag.py took 0.067 seconds
[2021-09-23 23:47:09,402] {scheduler_job.py:182} INFO - Started process (PID=9570) to work on /home/airflow/sandbox/lib/python3.8/site-packages/airflow/example_dags/example_nested_branch_dag.py
[2021-09-23 23:47:09,403] {scheduler_job.py:633} INFO - Processing file /home/airflow/sandbox/lib/python3.8/site-packages/airflow/example_dags/example_nested_branch_dag.py for tasks to queue
[2021-09-23 23:47:09,403] {logging_mixin.py:104} INFO - [2021-09-23 23:47:09,403] {dagbag.py:487} INFO - Filling up the DagBag from /home/airflow/sandbox/lib/python3.8/site-packages/airflow/example_dags/example_nested_branch_dag.py
[2021-09-23 23:47:09,415] {scheduler_job.py:643} INFO - DAG(s) dict_keys(['example_nested_branch_dag']) retrieved from /home/airflow/sandbox/lib/python3.8/site-packages/airflow/example_dags/example_nested_branch_dag.py
[2021-09-23 23:47:09,428] {logging_mixin.py:104} INFO - [2021-09-23 23:47:09,428] {dag.py:1832} INFO - Sync 1 DAGs
[2021-09-23 23:47:09,442] {logging_mixin.py:104} INFO - [2021-09-23 23:47:09,442] {dag.py:2305} INFO - Setting next_dagrun for example_nested_branch_dag to 2021-09-21 00:00:00+00:00
[2021-09-23 23:47:09,465] {scheduler_job.py:190} INFO - Processing /home/airflow/sandbox/lib/python3.8/site-packages/airflow/example_dags/example_nested_branch_dag.py took 0.066 seconds
[2021-09-23 23:47:44,562] {scheduler_job.py:182} INFO - Started process (PID=9604) to work on /home/airflow/sandbox/lib/python3.8/site-packages/airflow/example_dags/example_nested_branch_dag.py
[2021-09-23 23:47:44,563] {scheduler_job.py:633} INFO - Processing file /home/airflow/sandbox/lib/python3.8/site-packages/airflow/example_dags/example_nested_branch_dag.py for tasks to queue
[2021-09-23 23:47:44,564] {logging_mixin.py:104} INFO - [2021-09-23 23:47:44,564] {dagbag.py:487} INFO - Filling up the DagBag from /home/airflow/sandbox/lib/python3.8/site-packages/airflow/example_dags/example_nested_branch_dag.py
[2021-09-23 23:47:44,577] {scheduler_job.py:643} INFO - DAG(s) dict_keys(['example_nested_branch_dag']) retrieved from /home/airflow/sandbox/lib/python3.8/site-packages/airflow/example_dags/example_nested_branch_dag.py
[2021-09-23 23:47:44,604] {logging_mixin.py:104} INFO - [2021-09-23 23:47:44,603] {dag.py:1832} INFO - Sync 1 DAGs
[2021-09-23 23:47:44,622] {logging_mixin.py:104} INFO - [2021-09-23 23:47:44,622] {dag.py:2305} INFO - Setting next_dagrun for example_nested_branch_dag to 2021-09-21 00:00:00+00:00
[2021-09-23 23:47:44,644] {scheduler_job.py:190} INFO - Processing /home/airflow/sandbox/lib/python3.8/site-packages/airflow/example_dags/example_nested_branch_dag.py took 0.085 seconds
[2021-09-23 23:48:18,243] {scheduler_job.py:182} INFO - Started process (PID=9637) to work on /home/airflow/sandbox/lib/python3.8/site-packages/airflow/example_dags/example_nested_branch_dag.py
[2021-09-23 23:48:18,244] {scheduler_job.py:633} INFO - Processing file /home/airflow/sandbox/lib/python3.8/site-packages/airflow/example_dags/example_nested_branch_dag.py for tasks to queue
[2021-09-23 23:48:18,244] {logging_mixin.py:104} INFO - [2021-09-23 23:48:18,244] {dagbag.py:487} INFO - Filling up the DagBag from /home/airflow/sandbox/lib/python3.8/site-packages/airflow/example_dags/example_nested_branch_dag.py
[2021-09-23 23:48:18,255] {scheduler_job.py:643} INFO - DAG(s) dict_keys(['example_nested_branch_dag']) retrieved from /home/airflow/sandbox/lib/python3.8/site-packages/airflow/example_dags/example_nested_branch_dag.py
[2021-09-23 23:48:18,268] {logging_mixin.py:104} INFO - [2021-09-23 23:48:18,268] {dag.py:1832} INFO - Sync 1 DAGs
[2021-09-23 23:48:18,283] {logging_mixin.py:104} INFO - [2021-09-23 23:48:18,283] {dag.py:2305} INFO - Setting next_dagrun for example_nested_branch_dag to 2021-09-21 00:00:00+00:00
[2021-09-23 23:48:18,299] {scheduler_job.py:190} INFO - Processing /home/airflow/sandbox/lib/python3.8/site-packages/airflow/example_dags/example_nested_branch_dag.py took 0.059 seconds
[2021-09-23 23:48:54,071] {scheduler_job.py:182} INFO - Started process (PID=9669) to work on /home/airflow/sandbox/lib/python3.8/site-packages/airflow/example_dags/example_nested_branch_dag.py
[2021-09-23 23:48:54,072] {scheduler_job.py:633} INFO - Processing file /home/airflow/sandbox/lib/python3.8/site-packages/airflow/example_dags/example_nested_branch_dag.py for tasks to queue
[2021-09-23 23:48:54,073] {logging_mixin.py:104} INFO - [2021-09-23 23:48:54,073] {dagbag.py:487} INFO - Filling up the DagBag from /home/airflow/sandbox/lib/python3.8/site-packages/airflow/example_dags/example_nested_branch_dag.py
[2021-09-23 23:48:54,087] {scheduler_job.py:643} INFO - DAG(s) dict_keys(['example_nested_branch_dag']) retrieved from /home/airflow/sandbox/lib/python3.8/site-packages/airflow/example_dags/example_nested_branch_dag.py
[2021-09-23 23:48:54,108] {logging_mixin.py:104} INFO - [2021-09-23 23:48:54,108] {dag.py:1832} INFO - Sync 1 DAGs
[2021-09-23 23:48:54,125] {logging_mixin.py:104} INFO - [2021-09-23 23:48:54,125] {dag.py:2305} INFO - Setting next_dagrun for example_nested_branch_dag to 2021-09-21 00:00:00+00:00
[2021-09-23 23:48:54,148] {scheduler_job.py:190} INFO - Processing /home/airflow/sandbox/lib/python3.8/site-packages/airflow/example_dags/example_nested_branch_dag.py took 0.080 seconds
[2021-09-23 23:49:33,696] {scheduler_job.py:182} INFO - Started process (PID=9706) to work on /home/airflow/sandbox/lib/python3.8/site-packages/airflow/example_dags/example_nested_branch_dag.py
[2021-09-23 23:49:33,697] {scheduler_job.py:633} INFO - Processing file /home/airflow/sandbox/lib/python3.8/site-packages/airflow/example_dags/example_nested_branch_dag.py for tasks to queue
[2021-09-23 23:49:33,697] {logging_mixin.py:104} INFO - [2021-09-23 23:49:33,697] {dagbag.py:487} INFO - Filling up the DagBag from /home/airflow/sandbox/lib/python3.8/site-packages/airflow/example_dags/example_nested_branch_dag.py
[2021-09-23 23:49:33,710] {scheduler_job.py:643} INFO - DAG(s) dict_keys(['example_nested_branch_dag']) retrieved from /home/airflow/sandbox/lib/python3.8/site-packages/airflow/example_dags/example_nested_branch_dag.py
[2021-09-23 23:49:33,723] {logging_mixin.py:104} INFO - [2021-09-23 23:49:33,723] {dag.py:1832} INFO - Sync 1 DAGs
[2021-09-23 23:49:33,738] {logging_mixin.py:104} INFO - [2021-09-23 23:49:33,738] {dag.py:2305} INFO - Setting next_dagrun for example_nested_branch_dag to 2021-09-21 00:00:00+00:00
[2021-09-23 23:49:33,759] {scheduler_job.py:190} INFO - Processing /home/airflow/sandbox/lib/python3.8/site-packages/airflow/example_dags/example_nested_branch_dag.py took 0.066 seconds
[2021-09-23 23:50:07,473] {scheduler_job.py:182} INFO - Started process (PID=9740) to work on /home/airflow/sandbox/lib/python3.8/site-packages/airflow/example_dags/example_nested_branch_dag.py
[2021-09-23 23:50:07,474] {scheduler_job.py:633} INFO - Processing file /home/airflow/sandbox/lib/python3.8/site-packages/airflow/example_dags/example_nested_branch_dag.py for tasks to queue
[2021-09-23 23:50:07,475] {logging_mixin.py:104} INFO - [2021-09-23 23:50:07,475] {dagbag.py:487} INFO - Filling up the DagBag from /home/airflow/sandbox/lib/python3.8/site-packages/airflow/example_dags/example_nested_branch_dag.py
[2021-09-23 23:50:07,492] {scheduler_job.py:643} INFO - DAG(s) dict_keys(['example_nested_branch_dag']) retrieved from /home/airflow/sandbox/lib/python3.8/site-packages/airflow/example_dags/example_nested_branch_dag.py
[2021-09-23 23:50:07,507] {logging_mixin.py:104} INFO - [2021-09-23 23:50:07,507] {dag.py:1832} INFO - Sync 1 DAGs
[2021-09-23 23:50:07,522] {logging_mixin.py:104} INFO - [2021-09-23 23:50:07,522] {dag.py:2305} INFO - Setting next_dagrun for example_nested_branch_dag to 2021-09-21 00:00:00+00:00
[2021-09-23 23:50:07,544] {scheduler_job.py:190} INFO - Processing /home/airflow/sandbox/lib/python3.8/site-packages/airflow/example_dags/example_nested_branch_dag.py took 0.074 seconds
[2021-09-23 23:50:43,426] {scheduler_job.py:182} INFO - Started process (PID=9774) to work on /home/airflow/sandbox/lib/python3.8/site-packages/airflow/example_dags/example_nested_branch_dag.py
[2021-09-23 23:50:43,427] {scheduler_job.py:633} INFO - Processing file /home/airflow/sandbox/lib/python3.8/site-packages/airflow/example_dags/example_nested_branch_dag.py for tasks to queue
[2021-09-23 23:50:43,428] {logging_mixin.py:104} INFO - [2021-09-23 23:50:43,428] {dagbag.py:487} INFO - Filling up the DagBag from /home/airflow/sandbox/lib/python3.8/site-packages/airflow/example_dags/example_nested_branch_dag.py
[2021-09-23 23:50:43,445] {scheduler_job.py:643} INFO - DAG(s) dict_keys(['example_nested_branch_dag']) retrieved from /home/airflow/sandbox/lib/python3.8/site-packages/airflow/example_dags/example_nested_branch_dag.py
[2021-09-23 23:50:43,465] {logging_mixin.py:104} INFO - [2021-09-23 23:50:43,465] {dag.py:1832} INFO - Sync 1 DAGs
[2021-09-23 23:50:43,480] {logging_mixin.py:104} INFO - [2021-09-23 23:50:43,480] {dag.py:2305} INFO - Setting next_dagrun for example_nested_branch_dag to 2021-09-21 00:00:00+00:00
[2021-09-23 23:50:43,505] {scheduler_job.py:190} INFO - Processing /home/airflow/sandbox/lib/python3.8/site-packages/airflow/example_dags/example_nested_branch_dag.py took 0.083 seconds
[2021-09-23 23:51:20,038] {scheduler_job.py:182} INFO - Started process (PID=9809) to work on /home/airflow/sandbox/lib/python3.8/site-packages/airflow/example_dags/example_nested_branch_dag.py
[2021-09-23 23:51:20,039] {scheduler_job.py:633} INFO - Processing file /home/airflow/sandbox/lib/python3.8/site-packages/airflow/example_dags/example_nested_branch_dag.py for tasks to queue
[2021-09-23 23:51:20,040] {logging_mixin.py:104} INFO - [2021-09-23 23:51:20,040] {dagbag.py:487} INFO - Filling up the DagBag from /home/airflow/sandbox/lib/python3.8/site-packages/airflow/example_dags/example_nested_branch_dag.py
[2021-09-23 23:51:20,052] {scheduler_job.py:643} INFO - DAG(s) dict_keys(['example_nested_branch_dag']) retrieved from /home/airflow/sandbox/lib/python3.8/site-packages/airflow/example_dags/example_nested_branch_dag.py
[2021-09-23 23:51:20,067] {logging_mixin.py:104} INFO - [2021-09-23 23:51:20,066] {dag.py:1832} INFO - Sync 1 DAGs
[2021-09-23 23:51:20,080] {logging_mixin.py:104} INFO - [2021-09-23 23:51:20,079] {dag.py:2305} INFO - Setting next_dagrun for example_nested_branch_dag to 2021-09-21 00:00:00+00:00
[2021-09-23 23:51:20,101] {scheduler_job.py:190} INFO - Processing /home/airflow/sandbox/lib/python3.8/site-packages/airflow/example_dags/example_nested_branch_dag.py took 0.065 seconds
[2021-09-23 23:51:56,431] {scheduler_job.py:182} INFO - Started process (PID=9887) to work on /home/airflow/sandbox/lib/python3.8/site-packages/airflow/example_dags/example_nested_branch_dag.py
[2021-09-23 23:51:56,433] {scheduler_job.py:633} INFO - Processing file /home/airflow/sandbox/lib/python3.8/site-packages/airflow/example_dags/example_nested_branch_dag.py for tasks to queue
[2021-09-23 23:51:56,434] {logging_mixin.py:104} INFO - [2021-09-23 23:51:56,434] {dagbag.py:487} INFO - Filling up the DagBag from /home/airflow/sandbox/lib/python3.8/site-packages/airflow/example_dags/example_nested_branch_dag.py
[2021-09-23 23:51:56,447] {scheduler_job.py:643} INFO - DAG(s) dict_keys(['example_nested_branch_dag']) retrieved from /home/airflow/sandbox/lib/python3.8/site-packages/airflow/example_dags/example_nested_branch_dag.py
[2021-09-23 23:51:56,459] {logging_mixin.py:104} INFO - [2021-09-23 23:51:56,459] {dag.py:1832} INFO - Sync 1 DAGs
[2021-09-23 23:51:56,474] {logging_mixin.py:104} INFO - [2021-09-23 23:51:56,474] {dag.py:2305} INFO - Setting next_dagrun for example_nested_branch_dag to 2021-09-21 00:00:00+00:00
[2021-09-23 23:51:56,491] {scheduler_job.py:190} INFO - Processing /home/airflow/sandbox/lib/python3.8/site-packages/airflow/example_dags/example_nested_branch_dag.py took 0.064 seconds
[2021-09-23 23:52:29,216] {scheduler_job.py:182} INFO - Started process (PID=9921) to work on /home/airflow/sandbox/lib/python3.8/site-packages/airflow/example_dags/example_nested_branch_dag.py
[2021-09-23 23:52:29,217] {scheduler_job.py:633} INFO - Processing file /home/airflow/sandbox/lib/python3.8/site-packages/airflow/example_dags/example_nested_branch_dag.py for tasks to queue
[2021-09-23 23:52:29,217] {logging_mixin.py:104} INFO - [2021-09-23 23:52:29,217] {dagbag.py:487} INFO - Filling up the DagBag from /home/airflow/sandbox/lib/python3.8/site-packages/airflow/example_dags/example_nested_branch_dag.py
[2021-09-23 23:52:29,230] {scheduler_job.py:643} INFO - DAG(s) dict_keys(['example_nested_branch_dag']) retrieved from /home/airflow/sandbox/lib/python3.8/site-packages/airflow/example_dags/example_nested_branch_dag.py
[2021-09-23 23:52:29,242] {logging_mixin.py:104} INFO - [2021-09-23 23:52:29,241] {dag.py:1832} INFO - Sync 1 DAGs
[2021-09-23 23:52:29,255] {logging_mixin.py:104} INFO - [2021-09-23 23:52:29,254] {dag.py:2305} INFO - Setting next_dagrun for example_nested_branch_dag to 2021-09-21 00:00:00+00:00
[2021-09-23 23:52:29,275] {scheduler_job.py:190} INFO - Processing /home/airflow/sandbox/lib/python3.8/site-packages/airflow/example_dags/example_nested_branch_dag.py took 0.061 seconds
[2021-09-23 23:53:04,026] {scheduler_job.py:182} INFO - Started process (PID=9954) to work on /home/airflow/sandbox/lib/python3.8/site-packages/airflow/example_dags/example_nested_branch_dag.py
[2021-09-23 23:53:04,026] {scheduler_job.py:633} INFO - Processing file /home/airflow/sandbox/lib/python3.8/site-packages/airflow/example_dags/example_nested_branch_dag.py for tasks to queue
[2021-09-23 23:53:04,027] {logging_mixin.py:104} INFO - [2021-09-23 23:53:04,027] {dagbag.py:487} INFO - Filling up the DagBag from /home/airflow/sandbox/lib/python3.8/site-packages/airflow/example_dags/example_nested_branch_dag.py
[2021-09-23 23:53:04,038] {scheduler_job.py:643} INFO - DAG(s) dict_keys(['example_nested_branch_dag']) retrieved from /home/airflow/sandbox/lib/python3.8/site-packages/airflow/example_dags/example_nested_branch_dag.py
[2021-09-23 23:53:04,052] {logging_mixin.py:104} INFO - [2021-09-23 23:53:04,052] {dag.py:1832} INFO - Sync 1 DAGs
[2021-09-23 23:53:04,066] {logging_mixin.py:104} INFO - [2021-09-23 23:53:04,066] {dag.py:2305} INFO - Setting next_dagrun for example_nested_branch_dag to 2021-09-21 00:00:00+00:00
[2021-09-23 23:53:04,088] {scheduler_job.py:190} INFO - Processing /home/airflow/sandbox/lib/python3.8/site-packages/airflow/example_dags/example_nested_branch_dag.py took 0.065 seconds
[2021-09-23 23:53:39,483] {scheduler_job.py:182} INFO - Started process (PID=9988) to work on /home/airflow/sandbox/lib/python3.8/site-packages/airflow/example_dags/example_nested_branch_dag.py
[2021-09-23 23:53:39,484] {scheduler_job.py:633} INFO - Processing file /home/airflow/sandbox/lib/python3.8/site-packages/airflow/example_dags/example_nested_branch_dag.py for tasks to queue
[2021-09-23 23:53:39,484] {logging_mixin.py:104} INFO - [2021-09-23 23:53:39,484] {dagbag.py:487} INFO - Filling up the DagBag from /home/airflow/sandbox/lib/python3.8/site-packages/airflow/example_dags/example_nested_branch_dag.py
[2021-09-23 23:53:39,500] {scheduler_job.py:643} INFO - DAG(s) dict_keys(['example_nested_branch_dag']) retrieved from /home/airflow/sandbox/lib/python3.8/site-packages/airflow/example_dags/example_nested_branch_dag.py
[2021-09-23 23:53:39,514] {logging_mixin.py:104} INFO - [2021-09-23 23:53:39,514] {dag.py:1832} INFO - Sync 1 DAGs
[2021-09-23 23:53:39,528] {logging_mixin.py:104} INFO - [2021-09-23 23:53:39,528] {dag.py:2305} INFO - Setting next_dagrun for example_nested_branch_dag to 2021-09-21 00:00:00+00:00
[2021-09-23 23:53:39,548] {scheduler_job.py:190} INFO - Processing /home/airflow/sandbox/lib/python3.8/site-packages/airflow/example_dags/example_nested_branch_dag.py took 0.069 seconds
[2021-09-23 23:54:16,616] {scheduler_job.py:182} INFO - Started process (PID=10023) to work on /home/airflow/sandbox/lib/python3.8/site-packages/airflow/example_dags/example_nested_branch_dag.py
[2021-09-23 23:54:16,617] {scheduler_job.py:633} INFO - Processing file /home/airflow/sandbox/lib/python3.8/site-packages/airflow/example_dags/example_nested_branch_dag.py for tasks to queue
[2021-09-23 23:54:16,618] {logging_mixin.py:104} INFO - [2021-09-23 23:54:16,618] {dagbag.py:487} INFO - Filling up the DagBag from /home/airflow/sandbox/lib/python3.8/site-packages/airflow/example_dags/example_nested_branch_dag.py
[2021-09-23 23:54:16,630] {scheduler_job.py:643} INFO - DAG(s) dict_keys(['example_nested_branch_dag']) retrieved from /home/airflow/sandbox/lib/python3.8/site-packages/airflow/example_dags/example_nested_branch_dag.py
[2021-09-23 23:54:16,644] {logging_mixin.py:104} INFO - [2021-09-23 23:54:16,644] {dag.py:1832} INFO - Sync 1 DAGs
[2021-09-23 23:54:16,658] {logging_mixin.py:104} INFO - [2021-09-23 23:54:16,658] {dag.py:2305} INFO - Setting next_dagrun for example_nested_branch_dag to 2021-09-21 00:00:00+00:00
[2021-09-23 23:54:16,681] {scheduler_job.py:190} INFO - Processing /home/airflow/sandbox/lib/python3.8/site-packages/airflow/example_dags/example_nested_branch_dag.py took 0.068 seconds
[2021-09-23 23:54:53,151] {scheduler_job.py:182} INFO - Started process (PID=10058) to work on /home/airflow/sandbox/lib/python3.8/site-packages/airflow/example_dags/example_nested_branch_dag.py
[2021-09-23 23:54:53,152] {scheduler_job.py:633} INFO - Processing file /home/airflow/sandbox/lib/python3.8/site-packages/airflow/example_dags/example_nested_branch_dag.py for tasks to queue
[2021-09-23 23:54:53,153] {logging_mixin.py:104} INFO - [2021-09-23 23:54:53,153] {dagbag.py:487} INFO - Filling up the DagBag from /home/airflow/sandbox/lib/python3.8/site-packages/airflow/example_dags/example_nested_branch_dag.py
[2021-09-23 23:54:53,164] {scheduler_job.py:643} INFO - DAG(s) dict_keys(['example_nested_branch_dag']) retrieved from /home/airflow/sandbox/lib/python3.8/site-packages/airflow/example_dags/example_nested_branch_dag.py
[2021-09-23 23:54:53,180] {logging_mixin.py:104} INFO - [2021-09-23 23:54:53,180] {dag.py:1832} INFO - Sync 1 DAGs
[2021-09-23 23:54:53,195] {logging_mixin.py:104} INFO - [2021-09-23 23:54:53,195] {dag.py:2305} INFO - Setting next_dagrun for example_nested_branch_dag to 2021-09-21 00:00:00+00:00
[2021-09-23 23:54:53,220] {scheduler_job.py:190} INFO - Processing /home/airflow/sandbox/lib/python3.8/site-packages/airflow/example_dags/example_nested_branch_dag.py took 0.073 seconds
[2021-09-23 23:55:30,199] {scheduler_job.py:182} INFO - Started process (PID=10176) to work on /home/airflow/sandbox/lib/python3.8/site-packages/airflow/example_dags/example_nested_branch_dag.py
[2021-09-23 23:55:30,201] {scheduler_job.py:633} INFO - Processing file /home/airflow/sandbox/lib/python3.8/site-packages/airflow/example_dags/example_nested_branch_dag.py for tasks to queue
[2021-09-23 23:55:30,201] {logging_mixin.py:104} INFO - [2021-09-23 23:55:30,201] {dagbag.py:487} INFO - Filling up the DagBag from /home/airflow/sandbox/lib/python3.8/site-packages/airflow/example_dags/example_nested_branch_dag.py
[2021-09-23 23:55:30,215] {scheduler_job.py:643} INFO - DAG(s) dict_keys(['example_nested_branch_dag']) retrieved from /home/airflow/sandbox/lib/python3.8/site-packages/airflow/example_dags/example_nested_branch_dag.py
[2021-09-23 23:55:30,228] {logging_mixin.py:104} INFO - [2021-09-23 23:55:30,228] {dag.py:1832} INFO - Sync 1 DAGs
[2021-09-23 23:55:30,243] {logging_mixin.py:104} INFO - [2021-09-23 23:55:30,243] {dag.py:2305} INFO - Setting next_dagrun for example_nested_branch_dag to 2021-09-21 00:00:00+00:00
[2021-09-23 23:55:30,264] {scheduler_job.py:190} INFO - Processing /home/airflow/sandbox/lib/python3.8/site-packages/airflow/example_dags/example_nested_branch_dag.py took 0.067 seconds
[2021-09-23 23:56:06,126] {scheduler_job.py:182} INFO - Started process (PID=10211) to work on /home/airflow/sandbox/lib/python3.8/site-packages/airflow/example_dags/example_nested_branch_dag.py
[2021-09-23 23:56:06,128] {scheduler_job.py:633} INFO - Processing file /home/airflow/sandbox/lib/python3.8/site-packages/airflow/example_dags/example_nested_branch_dag.py for tasks to queue
[2021-09-23 23:56:06,129] {logging_mixin.py:104} INFO - [2021-09-23 23:56:06,128] {dagbag.py:487} INFO - Filling up the DagBag from /home/airflow/sandbox/lib/python3.8/site-packages/airflow/example_dags/example_nested_branch_dag.py
[2021-09-23 23:56:06,144] {scheduler_job.py:643} INFO - DAG(s) dict_keys(['example_nested_branch_dag']) retrieved from /home/airflow/sandbox/lib/python3.8/site-packages/airflow/example_dags/example_nested_branch_dag.py
[2021-09-23 23:56:06,160] {logging_mixin.py:104} INFO - [2021-09-23 23:56:06,160] {dag.py:1832} INFO - Sync 1 DAGs
[2021-09-23 23:56:06,174] {logging_mixin.py:104} INFO - [2021-09-23 23:56:06,174] {dag.py:2305} INFO - Setting next_dagrun for example_nested_branch_dag to 2021-09-21 00:00:00+00:00
[2021-09-23 23:56:06,196] {scheduler_job.py:190} INFO - Processing /home/airflow/sandbox/lib/python3.8/site-packages/airflow/example_dags/example_nested_branch_dag.py took 0.075 seconds
[2021-09-23 23:56:41,943] {scheduler_job.py:182} INFO - Started process (PID=10287) to work on /home/airflow/sandbox/lib/python3.8/site-packages/airflow/example_dags/example_nested_branch_dag.py
[2021-09-23 23:56:41,944] {scheduler_job.py:633} INFO - Processing file /home/airflow/sandbox/lib/python3.8/site-packages/airflow/example_dags/example_nested_branch_dag.py for tasks to queue
[2021-09-23 23:56:41,944] {logging_mixin.py:104} INFO - [2021-09-23 23:56:41,944] {dagbag.py:487} INFO - Filling up the DagBag from /home/airflow/sandbox/lib/python3.8/site-packages/airflow/example_dags/example_nested_branch_dag.py
[2021-09-23 23:56:41,955] {scheduler_job.py:643} INFO - DAG(s) dict_keys(['example_nested_branch_dag']) retrieved from /home/airflow/sandbox/lib/python3.8/site-packages/airflow/example_dags/example_nested_branch_dag.py
[2021-09-23 23:56:41,971] {logging_mixin.py:104} INFO - [2021-09-23 23:56:41,971] {dag.py:1832} INFO - Sync 1 DAGs
[2021-09-23 23:56:41,984] {logging_mixin.py:104} INFO - [2021-09-23 23:56:41,984] {dag.py:2305} INFO - Setting next_dagrun for example_nested_branch_dag to 2021-09-21 00:00:00+00:00
[2021-09-23 23:56:42,002] {scheduler_job.py:190} INFO - Processing /home/airflow/sandbox/lib/python3.8/site-packages/airflow/example_dags/example_nested_branch_dag.py took 0.061 seconds
[2021-09-23 23:57:20,031] {scheduler_job.py:182} INFO - Started process (PID=10604) to work on /home/airflow/sandbox/lib/python3.8/site-packages/airflow/example_dags/example_nested_branch_dag.py
[2021-09-23 23:57:20,033] {scheduler_job.py:633} INFO - Processing file /home/airflow/sandbox/lib/python3.8/site-packages/airflow/example_dags/example_nested_branch_dag.py for tasks to queue
[2021-09-23 23:57:20,033] {logging_mixin.py:104} INFO - [2021-09-23 23:57:20,033] {dagbag.py:487} INFO - Filling up the DagBag from /home/airflow/sandbox/lib/python3.8/site-packages/airflow/example_dags/example_nested_branch_dag.py
[2021-09-23 23:57:20,048] {scheduler_job.py:643} INFO - DAG(s) dict_keys(['example_nested_branch_dag']) retrieved from /home/airflow/sandbox/lib/python3.8/site-packages/airflow/example_dags/example_nested_branch_dag.py
[2021-09-23 23:57:20,066] {logging_mixin.py:104} INFO - [2021-09-23 23:57:20,066] {dag.py:1832} INFO - Sync 1 DAGs
[2021-09-23 23:57:20,082] {logging_mixin.py:104} INFO - [2021-09-23 23:57:20,082] {dag.py:2305} INFO - Setting next_dagrun for example_nested_branch_dag to 2021-09-21 00:00:00+00:00
[2021-09-23 23:57:20,107] {scheduler_job.py:190} INFO - Processing /home/airflow/sandbox/lib/python3.8/site-packages/airflow/example_dags/example_nested_branch_dag.py took 0.080 seconds
[2021-09-23 23:58:05,353] {scheduler_job.py:182} INFO - Started process (PID=10850) to work on /home/airflow/sandbox/lib/python3.8/site-packages/airflow/example_dags/example_nested_branch_dag.py
[2021-09-23 23:58:05,366] {scheduler_job.py:633} INFO - Processing file /home/airflow/sandbox/lib/python3.8/site-packages/airflow/example_dags/example_nested_branch_dag.py for tasks to queue
[2021-09-23 23:58:05,366] {logging_mixin.py:104} INFO - [2021-09-23 23:58:05,366] {dagbag.py:487} INFO - Filling up the DagBag from /home/airflow/sandbox/lib/python3.8/site-packages/airflow/example_dags/example_nested_branch_dag.py
[2021-09-23 23:58:05,390] {scheduler_job.py:643} INFO - DAG(s) dict_keys(['example_nested_branch_dag']) retrieved from /home/airflow/sandbox/lib/python3.8/site-packages/airflow/example_dags/example_nested_branch_dag.py
[2021-09-23 23:58:05,430] {logging_mixin.py:104} INFO - [2021-09-23 23:58:05,430] {dag.py:1832} INFO - Sync 1 DAGs
[2021-09-23 23:58:05,456] {logging_mixin.py:104} INFO - [2021-09-23 23:58:05,456] {dag.py:2305} INFO - Setting next_dagrun for example_nested_branch_dag to 2021-09-21 00:00:00+00:00
[2021-09-23 23:58:05,498] {scheduler_job.py:190} INFO - Processing /home/airflow/sandbox/lib/python3.8/site-packages/airflow/example_dags/example_nested_branch_dag.py took 0.147 seconds
[2021-09-23 23:58:43,329] {scheduler_job.py:182} INFO - Started process (PID=10891) to work on /home/airflow/sandbox/lib/python3.8/site-packages/airflow/example_dags/example_nested_branch_dag.py
[2021-09-23 23:58:43,330] {scheduler_job.py:633} INFO - Processing file /home/airflow/sandbox/lib/python3.8/site-packages/airflow/example_dags/example_nested_branch_dag.py for tasks to queue
[2021-09-23 23:58:43,331] {logging_mixin.py:104} INFO - [2021-09-23 23:58:43,331] {dagbag.py:487} INFO - Filling up the DagBag from /home/airflow/sandbox/lib/python3.8/site-packages/airflow/example_dags/example_nested_branch_dag.py
[2021-09-23 23:58:43,345] {scheduler_job.py:643} INFO - DAG(s) dict_keys(['example_nested_branch_dag']) retrieved from /home/airflow/sandbox/lib/python3.8/site-packages/airflow/example_dags/example_nested_branch_dag.py
[2021-09-23 23:58:43,360] {logging_mixin.py:104} INFO - [2021-09-23 23:58:43,359] {dag.py:1832} INFO - Sync 1 DAGs
[2021-09-23 23:58:43,376] {logging_mixin.py:104} INFO - [2021-09-23 23:58:43,376] {dag.py:2305} INFO - Setting next_dagrun for example_nested_branch_dag to 2021-09-21 00:00:00+00:00
[2021-09-23 23:58:43,404] {scheduler_job.py:190} INFO - Processing /home/airflow/sandbox/lib/python3.8/site-packages/airflow/example_dags/example_nested_branch_dag.py took 0.077 seconds
[2021-09-23 23:59:18,595] {scheduler_job.py:182} INFO - Started process (PID=10924) to work on /home/airflow/sandbox/lib/python3.8/site-packages/airflow/example_dags/example_nested_branch_dag.py
[2021-09-23 23:59:18,596] {scheduler_job.py:633} INFO - Processing file /home/airflow/sandbox/lib/python3.8/site-packages/airflow/example_dags/example_nested_branch_dag.py for tasks to queue
[2021-09-23 23:59:18,597] {logging_mixin.py:104} INFO - [2021-09-23 23:59:18,597] {dagbag.py:487} INFO - Filling up the DagBag from /home/airflow/sandbox/lib/python3.8/site-packages/airflow/example_dags/example_nested_branch_dag.py
[2021-09-23 23:59:18,616] {scheduler_job.py:643} INFO - DAG(s) dict_keys(['example_nested_branch_dag']) retrieved from /home/airflow/sandbox/lib/python3.8/site-packages/airflow/example_dags/example_nested_branch_dag.py
[2021-09-23 23:59:18,634] {logging_mixin.py:104} INFO - [2021-09-23 23:59:18,633] {dag.py:1832} INFO - Sync 1 DAGs
[2021-09-23 23:59:18,647] {logging_mixin.py:104} INFO - [2021-09-23 23:59:18,647] {dag.py:2305} INFO - Setting next_dagrun for example_nested_branch_dag to 2021-09-21 00:00:00+00:00
[2021-09-23 23:59:18,671] {scheduler_job.py:190} INFO - Processing /home/airflow/sandbox/lib/python3.8/site-packages/airflow/example_dags/example_nested_branch_dag.py took 0.081 seconds
[2021-09-23 23:59:53,900] {scheduler_job.py:182} INFO - Started process (PID=10958) to work on /home/airflow/sandbox/lib/python3.8/site-packages/airflow/example_dags/example_nested_branch_dag.py
[2021-09-23 23:59:53,902] {scheduler_job.py:633} INFO - Processing file /home/airflow/sandbox/lib/python3.8/site-packages/airflow/example_dags/example_nested_branch_dag.py for tasks to queue
[2021-09-23 23:59:53,902] {logging_mixin.py:104} INFO - [2021-09-23 23:59:53,902] {dagbag.py:487} INFO - Filling up the DagBag from /home/airflow/sandbox/lib/python3.8/site-packages/airflow/example_dags/example_nested_branch_dag.py
[2021-09-23 23:59:53,919] {scheduler_job.py:643} INFO - DAG(s) dict_keys(['example_nested_branch_dag']) retrieved from /home/airflow/sandbox/lib/python3.8/site-packages/airflow/example_dags/example_nested_branch_dag.py
[2021-09-23 23:59:53,938] {logging_mixin.py:104} INFO - [2021-09-23 23:59:53,938] {dag.py:1832} INFO - Sync 1 DAGs
[2021-09-23 23:59:53,953] {logging_mixin.py:104} INFO - [2021-09-23 23:59:53,953] {dag.py:2305} INFO - Setting next_dagrun for example_nested_branch_dag to 2021-09-21 00:00:00+00:00
[2021-09-23 23:59:53,977] {scheduler_job.py:190} INFO - Processing /home/airflow/sandbox/lib/python3.8/site-packages/airflow/example_dags/example_nested_branch_dag.py took 0.079 seconds
