[2021-09-23 22:53:51,570] {scheduler_job.py:182} INFO - Started process (PID=4391) to work on /home/airflow/sandbox/lib/python3.8/site-packages/airflow/example_dags/example_python_operator.py
[2021-09-23 22:53:51,571] {scheduler_job.py:633} INFO - Processing file /home/airflow/sandbox/lib/python3.8/site-packages/airflow/example_dags/example_python_operator.py for tasks to queue
[2021-09-23 22:53:51,571] {logging_mixin.py:104} INFO - [2021-09-23 22:53:51,571] {dagbag.py:487} INFO - Filling up the DagBag from /home/airflow/sandbox/lib/python3.8/site-packages/airflow/example_dags/example_python_operator.py
[2021-09-23 22:53:51,584] {scheduler_job.py:643} INFO - DAG(s) dict_keys(['example_python_operator']) retrieved from /home/airflow/sandbox/lib/python3.8/site-packages/airflow/example_dags/example_python_operator.py
[2021-09-23 22:53:51,931] {logging_mixin.py:104} INFO - [2021-09-23 22:53:51,930] {dag.py:1832} INFO - Sync 1 DAGs
[2021-09-23 22:53:51,941] {logging_mixin.py:104} INFO - [2021-09-23 22:53:51,941] {dag.py:2305} INFO - Setting next_dagrun for example_python_operator to None
[2021-09-23 22:53:51,962] {scheduler_job.py:190} INFO - Processing /home/airflow/sandbox/lib/python3.8/site-packages/airflow/example_dags/example_python_operator.py took 0.395 seconds
[2021-09-23 22:57:47,570] {scheduler_job.py:182} INFO - Started process (PID=5996) to work on /home/airflow/sandbox/lib/python3.8/site-packages/airflow/example_dags/example_python_operator.py
[2021-09-23 22:57:47,573] {scheduler_job.py:633} INFO - Processing file /home/airflow/sandbox/lib/python3.8/site-packages/airflow/example_dags/example_python_operator.py for tasks to queue
[2021-09-23 22:57:47,577] {logging_mixin.py:104} INFO - [2021-09-23 22:57:47,577] {dagbag.py:487} INFO - Filling up the DagBag from /home/airflow/sandbox/lib/python3.8/site-packages/airflow/example_dags/example_python_operator.py
[2021-09-23 22:57:47,631] {scheduler_job.py:643} INFO - DAG(s) dict_keys(['example_python_operator']) retrieved from /home/airflow/sandbox/lib/python3.8/site-packages/airflow/example_dags/example_python_operator.py
[2021-09-23 22:57:47,651] {logging_mixin.py:104} INFO - [2021-09-23 22:57:47,651] {dag.py:1832} INFO - Sync 1 DAGs
[2021-09-23 22:57:47,666] {logging_mixin.py:104} INFO - [2021-09-23 22:57:47,666] {dag.py:2305} INFO - Setting next_dagrun for example_python_operator to None
[2021-09-23 22:57:47,694] {scheduler_job.py:190} INFO - Processing /home/airflow/sandbox/lib/python3.8/site-packages/airflow/example_dags/example_python_operator.py took 0.129 seconds
[2021-09-23 22:58:23,027] {scheduler_job.py:182} INFO - Started process (PID=6104) to work on /home/airflow/sandbox/lib/python3.8/site-packages/airflow/example_dags/example_python_operator.py
[2021-09-23 22:58:23,029] {scheduler_job.py:633} INFO - Processing file /home/airflow/sandbox/lib/python3.8/site-packages/airflow/example_dags/example_python_operator.py for tasks to queue
[2021-09-23 22:58:23,029] {logging_mixin.py:104} INFO - [2021-09-23 22:58:23,029] {dagbag.py:487} INFO - Filling up the DagBag from /home/airflow/sandbox/lib/python3.8/site-packages/airflow/example_dags/example_python_operator.py
[2021-09-23 22:58:23,050] {scheduler_job.py:643} INFO - DAG(s) dict_keys(['example_python_operator']) retrieved from /home/airflow/sandbox/lib/python3.8/site-packages/airflow/example_dags/example_python_operator.py
[2021-09-23 22:58:23,065] {logging_mixin.py:104} INFO - [2021-09-23 22:58:23,065] {dag.py:1832} INFO - Sync 1 DAGs
[2021-09-23 22:58:23,081] {logging_mixin.py:104} INFO - [2021-09-23 22:58:23,080] {dag.py:2305} INFO - Setting next_dagrun for example_python_operator to None
[2021-09-23 22:58:23,101] {scheduler_job.py:190} INFO - Processing /home/airflow/sandbox/lib/python3.8/site-packages/airflow/example_dags/example_python_operator.py took 0.078 seconds
[2021-09-23 22:58:57,380] {scheduler_job.py:182} INFO - Started process (PID=6196) to work on /home/airflow/sandbox/lib/python3.8/site-packages/airflow/example_dags/example_python_operator.py
[2021-09-23 22:58:57,381] {scheduler_job.py:633} INFO - Processing file /home/airflow/sandbox/lib/python3.8/site-packages/airflow/example_dags/example_python_operator.py for tasks to queue
[2021-09-23 22:58:57,382] {logging_mixin.py:104} INFO - [2021-09-23 22:58:57,382] {dagbag.py:487} INFO - Filling up the DagBag from /home/airflow/sandbox/lib/python3.8/site-packages/airflow/example_dags/example_python_operator.py
[2021-09-23 22:58:57,392] {scheduler_job.py:643} INFO - DAG(s) dict_keys(['example_python_operator']) retrieved from /home/airflow/sandbox/lib/python3.8/site-packages/airflow/example_dags/example_python_operator.py
[2021-09-23 22:58:57,406] {logging_mixin.py:104} INFO - [2021-09-23 22:58:57,406] {dag.py:1832} INFO - Sync 1 DAGs
[2021-09-23 22:58:57,419] {logging_mixin.py:104} INFO - [2021-09-23 22:58:57,419] {dag.py:2305} INFO - Setting next_dagrun for example_python_operator to None
[2021-09-23 22:58:57,436] {scheduler_job.py:190} INFO - Processing /home/airflow/sandbox/lib/python3.8/site-packages/airflow/example_dags/example_python_operator.py took 0.058 seconds
[2021-09-23 22:59:32,172] {scheduler_job.py:182} INFO - Started process (PID=6229) to work on /home/airflow/sandbox/lib/python3.8/site-packages/airflow/example_dags/example_python_operator.py
[2021-09-23 22:59:32,173] {scheduler_job.py:633} INFO - Processing file /home/airflow/sandbox/lib/python3.8/site-packages/airflow/example_dags/example_python_operator.py for tasks to queue
[2021-09-23 22:59:32,174] {logging_mixin.py:104} INFO - [2021-09-23 22:59:32,174] {dagbag.py:487} INFO - Filling up the DagBag from /home/airflow/sandbox/lib/python3.8/site-packages/airflow/example_dags/example_python_operator.py
[2021-09-23 22:59:32,185] {scheduler_job.py:643} INFO - DAG(s) dict_keys(['example_python_operator']) retrieved from /home/airflow/sandbox/lib/python3.8/site-packages/airflow/example_dags/example_python_operator.py
[2021-09-23 22:59:32,200] {logging_mixin.py:104} INFO - [2021-09-23 22:59:32,200] {dag.py:1832} INFO - Sync 1 DAGs
[2021-09-23 22:59:32,212] {logging_mixin.py:104} INFO - [2021-09-23 22:59:32,212] {dag.py:2305} INFO - Setting next_dagrun for example_python_operator to None
[2021-09-23 22:59:32,233] {scheduler_job.py:190} INFO - Processing /home/airflow/sandbox/lib/python3.8/site-packages/airflow/example_dags/example_python_operator.py took 0.063 seconds
[2021-09-23 23:00:07,533] {scheduler_job.py:182} INFO - Started process (PID=6262) to work on /home/airflow/sandbox/lib/python3.8/site-packages/airflow/example_dags/example_python_operator.py
[2021-09-23 23:00:07,534] {scheduler_job.py:633} INFO - Processing file /home/airflow/sandbox/lib/python3.8/site-packages/airflow/example_dags/example_python_operator.py for tasks to queue
[2021-09-23 23:00:07,534] {logging_mixin.py:104} INFO - [2021-09-23 23:00:07,534] {dagbag.py:487} INFO - Filling up the DagBag from /home/airflow/sandbox/lib/python3.8/site-packages/airflow/example_dags/example_python_operator.py
[2021-09-23 23:00:07,551] {scheduler_job.py:643} INFO - DAG(s) dict_keys(['example_python_operator']) retrieved from /home/airflow/sandbox/lib/python3.8/site-packages/airflow/example_dags/example_python_operator.py
[2021-09-23 23:00:07,576] {logging_mixin.py:104} INFO - [2021-09-23 23:00:07,575] {dag.py:1832} INFO - Sync 1 DAGs
[2021-09-23 23:00:07,586] {logging_mixin.py:104} INFO - [2021-09-23 23:00:07,586] {dag.py:2305} INFO - Setting next_dagrun for example_python_operator to None
[2021-09-23 23:00:07,613] {scheduler_job.py:190} INFO - Processing /home/airflow/sandbox/lib/python3.8/site-packages/airflow/example_dags/example_python_operator.py took 0.083 seconds
[2021-09-23 23:00:40,317] {scheduler_job.py:182} INFO - Started process (PID=6336) to work on /home/airflow/sandbox/lib/python3.8/site-packages/airflow/example_dags/example_python_operator.py
[2021-09-23 23:00:40,321] {scheduler_job.py:633} INFO - Processing file /home/airflow/sandbox/lib/python3.8/site-packages/airflow/example_dags/example_python_operator.py for tasks to queue
[2021-09-23 23:00:40,322] {logging_mixin.py:104} INFO - [2021-09-23 23:00:40,322] {dagbag.py:487} INFO - Filling up the DagBag from /home/airflow/sandbox/lib/python3.8/site-packages/airflow/example_dags/example_python_operator.py
[2021-09-23 23:00:40,333] {scheduler_job.py:643} INFO - DAG(s) dict_keys(['example_python_operator']) retrieved from /home/airflow/sandbox/lib/python3.8/site-packages/airflow/example_dags/example_python_operator.py
[2021-09-23 23:00:40,350] {logging_mixin.py:104} INFO - [2021-09-23 23:00:40,350] {dag.py:1832} INFO - Sync 1 DAGs
[2021-09-23 23:00:40,362] {logging_mixin.py:104} INFO - [2021-09-23 23:00:40,362] {dag.py:2305} INFO - Setting next_dagrun for example_python_operator to None
[2021-09-23 23:00:40,387] {scheduler_job.py:190} INFO - Processing /home/airflow/sandbox/lib/python3.8/site-packages/airflow/example_dags/example_python_operator.py took 0.072 seconds
[2021-09-23 23:01:19,724] {scheduler_job.py:182} INFO - Started process (PID=6371) to work on /home/airflow/sandbox/lib/python3.8/site-packages/airflow/example_dags/example_python_operator.py
[2021-09-23 23:01:19,725] {scheduler_job.py:633} INFO - Processing file /home/airflow/sandbox/lib/python3.8/site-packages/airflow/example_dags/example_python_operator.py for tasks to queue
[2021-09-23 23:01:19,726] {logging_mixin.py:104} INFO - [2021-09-23 23:01:19,726] {dagbag.py:487} INFO - Filling up the DagBag from /home/airflow/sandbox/lib/python3.8/site-packages/airflow/example_dags/example_python_operator.py
[2021-09-23 23:01:19,737] {scheduler_job.py:643} INFO - DAG(s) dict_keys(['example_python_operator']) retrieved from /home/airflow/sandbox/lib/python3.8/site-packages/airflow/example_dags/example_python_operator.py
[2021-09-23 23:01:19,754] {logging_mixin.py:104} INFO - [2021-09-23 23:01:19,754] {dag.py:1832} INFO - Sync 1 DAGs
[2021-09-23 23:01:19,765] {logging_mixin.py:104} INFO - [2021-09-23 23:01:19,765] {dag.py:2305} INFO - Setting next_dagrun for example_python_operator to None
[2021-09-23 23:01:19,786] {scheduler_job.py:190} INFO - Processing /home/airflow/sandbox/lib/python3.8/site-packages/airflow/example_dags/example_python_operator.py took 0.065 seconds
[2021-09-23 23:01:55,484] {scheduler_job.py:182} INFO - Started process (PID=6468) to work on /home/airflow/sandbox/lib/python3.8/site-packages/airflow/example_dags/example_python_operator.py
[2021-09-23 23:01:55,486] {scheduler_job.py:633} INFO - Processing file /home/airflow/sandbox/lib/python3.8/site-packages/airflow/example_dags/example_python_operator.py for tasks to queue
[2021-09-23 23:01:55,487] {logging_mixin.py:104} INFO - [2021-09-23 23:01:55,487] {dagbag.py:487} INFO - Filling up the DagBag from /home/airflow/sandbox/lib/python3.8/site-packages/airflow/example_dags/example_python_operator.py
[2021-09-23 23:01:55,528] {scheduler_job.py:643} INFO - DAG(s) dict_keys(['example_python_operator']) retrieved from /home/airflow/sandbox/lib/python3.8/site-packages/airflow/example_dags/example_python_operator.py
[2021-09-23 23:01:55,569] {logging_mixin.py:104} INFO - [2021-09-23 23:01:55,569] {dag.py:1832} INFO - Sync 1 DAGs
[2021-09-23 23:01:55,677] {logging_mixin.py:104} INFO - [2021-09-23 23:01:55,677] {dag.py:2305} INFO - Setting next_dagrun for example_python_operator to None
[2021-09-23 23:01:55,759] {scheduler_job.py:190} INFO - Processing /home/airflow/sandbox/lib/python3.8/site-packages/airflow/example_dags/example_python_operator.py took 0.291 seconds
[2021-09-23 23:02:33,402] {scheduler_job.py:182} INFO - Started process (PID=6547) to work on /home/airflow/sandbox/lib/python3.8/site-packages/airflow/example_dags/example_python_operator.py
[2021-09-23 23:02:33,403] {scheduler_job.py:633} INFO - Processing file /home/airflow/sandbox/lib/python3.8/site-packages/airflow/example_dags/example_python_operator.py for tasks to queue
[2021-09-23 23:02:33,403] {logging_mixin.py:104} INFO - [2021-09-23 23:02:33,403] {dagbag.py:487} INFO - Filling up the DagBag from /home/airflow/sandbox/lib/python3.8/site-packages/airflow/example_dags/example_python_operator.py
[2021-09-23 23:02:33,414] {scheduler_job.py:643} INFO - DAG(s) dict_keys(['example_python_operator']) retrieved from /home/airflow/sandbox/lib/python3.8/site-packages/airflow/example_dags/example_python_operator.py
[2021-09-23 23:02:33,428] {logging_mixin.py:104} INFO - [2021-09-23 23:02:33,428] {dag.py:1832} INFO - Sync 1 DAGs
[2021-09-23 23:02:33,440] {logging_mixin.py:104} INFO - [2021-09-23 23:02:33,440] {dag.py:2305} INFO - Setting next_dagrun for example_python_operator to None
[2021-09-23 23:02:33,466] {scheduler_job.py:190} INFO - Processing /home/airflow/sandbox/lib/python3.8/site-packages/airflow/example_dags/example_python_operator.py took 0.067 seconds
[2021-09-23 23:03:08,068] {scheduler_job.py:182} INFO - Started process (PID=6581) to work on /home/airflow/sandbox/lib/python3.8/site-packages/airflow/example_dags/example_python_operator.py
[2021-09-23 23:03:08,069] {scheduler_job.py:633} INFO - Processing file /home/airflow/sandbox/lib/python3.8/site-packages/airflow/example_dags/example_python_operator.py for tasks to queue
[2021-09-23 23:03:08,070] {logging_mixin.py:104} INFO - [2021-09-23 23:03:08,070] {dagbag.py:487} INFO - Filling up the DagBag from /home/airflow/sandbox/lib/python3.8/site-packages/airflow/example_dags/example_python_operator.py
[2021-09-23 23:03:08,085] {scheduler_job.py:643} INFO - DAG(s) dict_keys(['example_python_operator']) retrieved from /home/airflow/sandbox/lib/python3.8/site-packages/airflow/example_dags/example_python_operator.py
[2021-09-23 23:03:08,099] {logging_mixin.py:104} INFO - [2021-09-23 23:03:08,099] {dag.py:1832} INFO - Sync 1 DAGs
[2021-09-23 23:03:08,109] {logging_mixin.py:104} INFO - [2021-09-23 23:03:08,109] {dag.py:2305} INFO - Setting next_dagrun for example_python_operator to None
[2021-09-23 23:03:08,131] {scheduler_job.py:190} INFO - Processing /home/airflow/sandbox/lib/python3.8/site-packages/airflow/example_dags/example_python_operator.py took 0.066 seconds
[2021-09-23 23:03:43,110] {scheduler_job.py:182} INFO - Started process (PID=6855) to work on /home/airflow/sandbox/lib/python3.8/site-packages/airflow/example_dags/example_python_operator.py
[2021-09-23 23:03:43,112] {scheduler_job.py:633} INFO - Processing file /home/airflow/sandbox/lib/python3.8/site-packages/airflow/example_dags/example_python_operator.py for tasks to queue
[2021-09-23 23:03:43,113] {logging_mixin.py:104} INFO - [2021-09-23 23:03:43,113] {dagbag.py:487} INFO - Filling up the DagBag from /home/airflow/sandbox/lib/python3.8/site-packages/airflow/example_dags/example_python_operator.py
[2021-09-23 23:03:43,125] {scheduler_job.py:643} INFO - DAG(s) dict_keys(['example_python_operator']) retrieved from /home/airflow/sandbox/lib/python3.8/site-packages/airflow/example_dags/example_python_operator.py
[2021-09-23 23:03:43,143] {logging_mixin.py:104} INFO - [2021-09-23 23:03:43,143] {dag.py:1832} INFO - Sync 1 DAGs
[2021-09-23 23:03:43,172] {logging_mixin.py:104} INFO - [2021-09-23 23:03:43,172] {dag.py:2305} INFO - Setting next_dagrun for example_python_operator to None
[2021-09-23 23:03:43,192] {scheduler_job.py:190} INFO - Processing /home/airflow/sandbox/lib/python3.8/site-packages/airflow/example_dags/example_python_operator.py took 0.085 seconds
[2021-09-23 23:04:18,816] {scheduler_job.py:182} INFO - Started process (PID=6913) to work on /home/airflow/sandbox/lib/python3.8/site-packages/airflow/example_dags/example_python_operator.py
[2021-09-23 23:04:18,817] {scheduler_job.py:633} INFO - Processing file /home/airflow/sandbox/lib/python3.8/site-packages/airflow/example_dags/example_python_operator.py for tasks to queue
[2021-09-23 23:04:18,818] {logging_mixin.py:104} INFO - [2021-09-23 23:04:18,818] {dagbag.py:487} INFO - Filling up the DagBag from /home/airflow/sandbox/lib/python3.8/site-packages/airflow/example_dags/example_python_operator.py
[2021-09-23 23:04:18,829] {scheduler_job.py:643} INFO - DAG(s) dict_keys(['example_python_operator']) retrieved from /home/airflow/sandbox/lib/python3.8/site-packages/airflow/example_dags/example_python_operator.py
[2021-09-23 23:04:18,844] {logging_mixin.py:104} INFO - [2021-09-23 23:04:18,844] {dag.py:1832} INFO - Sync 1 DAGs
[2021-09-23 23:04:18,855] {logging_mixin.py:104} INFO - [2021-09-23 23:04:18,854] {dag.py:2305} INFO - Setting next_dagrun for example_python_operator to None
[2021-09-23 23:04:18,875] {scheduler_job.py:190} INFO - Processing /home/airflow/sandbox/lib/python3.8/site-packages/airflow/example_dags/example_python_operator.py took 0.061 seconds
[2021-09-23 23:04:51,222] {scheduler_job.py:182} INFO - Started process (PID=6945) to work on /home/airflow/sandbox/lib/python3.8/site-packages/airflow/example_dags/example_python_operator.py
[2021-09-23 23:04:51,223] {scheduler_job.py:633} INFO - Processing file /home/airflow/sandbox/lib/python3.8/site-packages/airflow/example_dags/example_python_operator.py for tasks to queue
[2021-09-23 23:04:51,223] {logging_mixin.py:104} INFO - [2021-09-23 23:04:51,223] {dagbag.py:487} INFO - Filling up the DagBag from /home/airflow/sandbox/lib/python3.8/site-packages/airflow/example_dags/example_python_operator.py
[2021-09-23 23:04:51,239] {scheduler_job.py:643} INFO - DAG(s) dict_keys(['example_python_operator']) retrieved from /home/airflow/sandbox/lib/python3.8/site-packages/airflow/example_dags/example_python_operator.py
[2021-09-23 23:04:51,254] {logging_mixin.py:104} INFO - [2021-09-23 23:04:51,254] {dag.py:1832} INFO - Sync 1 DAGs
[2021-09-23 23:04:51,268] {logging_mixin.py:104} INFO - [2021-09-23 23:04:51,268] {dag.py:2305} INFO - Setting next_dagrun for example_python_operator to None
[2021-09-23 23:04:51,289] {scheduler_job.py:190} INFO - Processing /home/airflow/sandbox/lib/python3.8/site-packages/airflow/example_dags/example_python_operator.py took 0.070 seconds
[2021-09-23 23:05:27,140] {scheduler_job.py:182} INFO - Started process (PID=7026) to work on /home/airflow/sandbox/lib/python3.8/site-packages/airflow/example_dags/example_python_operator.py
[2021-09-23 23:05:27,142] {scheduler_job.py:633} INFO - Processing file /home/airflow/sandbox/lib/python3.8/site-packages/airflow/example_dags/example_python_operator.py for tasks to queue
[2021-09-23 23:05:27,143] {logging_mixin.py:104} INFO - [2021-09-23 23:05:27,142] {dagbag.py:487} INFO - Filling up the DagBag from /home/airflow/sandbox/lib/python3.8/site-packages/airflow/example_dags/example_python_operator.py
[2021-09-23 23:05:27,155] {scheduler_job.py:643} INFO - DAG(s) dict_keys(['example_python_operator']) retrieved from /home/airflow/sandbox/lib/python3.8/site-packages/airflow/example_dags/example_python_operator.py
[2021-09-23 23:05:27,177] {logging_mixin.py:104} INFO - [2021-09-23 23:05:27,177] {dag.py:1832} INFO - Sync 1 DAGs
[2021-09-23 23:05:27,187] {logging_mixin.py:104} INFO - [2021-09-23 23:05:27,187] {dag.py:2305} INFO - Setting next_dagrun for example_python_operator to None
[2021-09-23 23:05:27,212] {scheduler_job.py:190} INFO - Processing /home/airflow/sandbox/lib/python3.8/site-packages/airflow/example_dags/example_python_operator.py took 0.075 seconds
[2021-09-23 23:06:04,424] {scheduler_job.py:182} INFO - Started process (PID=7148) to work on /home/airflow/sandbox/lib/python3.8/site-packages/airflow/example_dags/example_python_operator.py
[2021-09-23 23:06:04,426] {scheduler_job.py:633} INFO - Processing file /home/airflow/sandbox/lib/python3.8/site-packages/airflow/example_dags/example_python_operator.py for tasks to queue
[2021-09-23 23:06:04,426] {logging_mixin.py:104} INFO - [2021-09-23 23:06:04,426] {dagbag.py:487} INFO - Filling up the DagBag from /home/airflow/sandbox/lib/python3.8/site-packages/airflow/example_dags/example_python_operator.py
[2021-09-23 23:06:04,439] {scheduler_job.py:643} INFO - DAG(s) dict_keys(['example_python_operator']) retrieved from /home/airflow/sandbox/lib/python3.8/site-packages/airflow/example_dags/example_python_operator.py
[2021-09-23 23:06:04,453] {logging_mixin.py:104} INFO - [2021-09-23 23:06:04,453] {dag.py:1832} INFO - Sync 1 DAGs
[2021-09-23 23:06:04,465] {logging_mixin.py:104} INFO - [2021-09-23 23:06:04,465] {dag.py:2305} INFO - Setting next_dagrun for example_python_operator to None
[2021-09-23 23:06:04,484] {scheduler_job.py:190} INFO - Processing /home/airflow/sandbox/lib/python3.8/site-packages/airflow/example_dags/example_python_operator.py took 0.063 seconds
[2021-09-23 23:06:42,720] {scheduler_job.py:182} INFO - Started process (PID=7278) to work on /home/airflow/sandbox/lib/python3.8/site-packages/airflow/example_dags/example_python_operator.py
[2021-09-23 23:06:42,721] {scheduler_job.py:633} INFO - Processing file /home/airflow/sandbox/lib/python3.8/site-packages/airflow/example_dags/example_python_operator.py for tasks to queue
[2021-09-23 23:06:42,721] {logging_mixin.py:104} INFO - [2021-09-23 23:06:42,721] {dagbag.py:487} INFO - Filling up the DagBag from /home/airflow/sandbox/lib/python3.8/site-packages/airflow/example_dags/example_python_operator.py
[2021-09-23 23:06:42,733] {scheduler_job.py:643} INFO - DAG(s) dict_keys(['example_python_operator']) retrieved from /home/airflow/sandbox/lib/python3.8/site-packages/airflow/example_dags/example_python_operator.py
[2021-09-23 23:06:42,747] {logging_mixin.py:104} INFO - [2021-09-23 23:06:42,747] {dag.py:1832} INFO - Sync 1 DAGs
[2021-09-23 23:06:42,761] {logging_mixin.py:104} INFO - [2021-09-23 23:06:42,761] {dag.py:2305} INFO - Setting next_dagrun for example_python_operator to None
[2021-09-23 23:06:42,785] {scheduler_job.py:190} INFO - Processing /home/airflow/sandbox/lib/python3.8/site-packages/airflow/example_dags/example_python_operator.py took 0.068 seconds
[2021-09-23 23:07:16,002] {scheduler_job.py:182} INFO - Started process (PID=7356) to work on /home/airflow/sandbox/lib/python3.8/site-packages/airflow/example_dags/example_python_operator.py
[2021-09-23 23:07:16,003] {scheduler_job.py:633} INFO - Processing file /home/airflow/sandbox/lib/python3.8/site-packages/airflow/example_dags/example_python_operator.py for tasks to queue
[2021-09-23 23:07:16,004] {logging_mixin.py:104} INFO - [2021-09-23 23:07:16,004] {dagbag.py:487} INFO - Filling up the DagBag from /home/airflow/sandbox/lib/python3.8/site-packages/airflow/example_dags/example_python_operator.py
[2021-09-23 23:07:16,014] {scheduler_job.py:643} INFO - DAG(s) dict_keys(['example_python_operator']) retrieved from /home/airflow/sandbox/lib/python3.8/site-packages/airflow/example_dags/example_python_operator.py
[2021-09-23 23:07:16,030] {logging_mixin.py:104} INFO - [2021-09-23 23:07:16,030] {dag.py:1832} INFO - Sync 1 DAGs
[2021-09-23 23:07:16,041] {logging_mixin.py:104} INFO - [2021-09-23 23:07:16,041] {dag.py:2305} INFO - Setting next_dagrun for example_python_operator to None
[2021-09-23 23:07:16,059] {scheduler_job.py:190} INFO - Processing /home/airflow/sandbox/lib/python3.8/site-packages/airflow/example_dags/example_python_operator.py took 0.059 seconds
[2021-09-23 23:07:48,233] {scheduler_job.py:182} INFO - Started process (PID=7387) to work on /home/airflow/sandbox/lib/python3.8/site-packages/airflow/example_dags/example_python_operator.py
[2021-09-23 23:07:48,235] {scheduler_job.py:633} INFO - Processing file /home/airflow/sandbox/lib/python3.8/site-packages/airflow/example_dags/example_python_operator.py for tasks to queue
[2021-09-23 23:07:48,235] {logging_mixin.py:104} INFO - [2021-09-23 23:07:48,235] {dagbag.py:487} INFO - Filling up the DagBag from /home/airflow/sandbox/lib/python3.8/site-packages/airflow/example_dags/example_python_operator.py
[2021-09-23 23:07:48,246] {scheduler_job.py:643} INFO - DAG(s) dict_keys(['example_python_operator']) retrieved from /home/airflow/sandbox/lib/python3.8/site-packages/airflow/example_dags/example_python_operator.py
[2021-09-23 23:07:48,268] {logging_mixin.py:104} INFO - [2021-09-23 23:07:48,268] {dag.py:1832} INFO - Sync 1 DAGs
[2021-09-23 23:07:48,279] {logging_mixin.py:104} INFO - [2021-09-23 23:07:48,279] {dag.py:2305} INFO - Setting next_dagrun for example_python_operator to None
[2021-09-23 23:07:48,301] {scheduler_job.py:190} INFO - Processing /home/airflow/sandbox/lib/python3.8/site-packages/airflow/example_dags/example_python_operator.py took 0.070 seconds
[2021-09-23 23:08:23,900] {scheduler_job.py:182} INFO - Started process (PID=7422) to work on /home/airflow/sandbox/lib/python3.8/site-packages/airflow/example_dags/example_python_operator.py
[2021-09-23 23:08:23,900] {scheduler_job.py:633} INFO - Processing file /home/airflow/sandbox/lib/python3.8/site-packages/airflow/example_dags/example_python_operator.py for tasks to queue
[2021-09-23 23:08:23,901] {logging_mixin.py:104} INFO - [2021-09-23 23:08:23,901] {dagbag.py:487} INFO - Filling up the DagBag from /home/airflow/sandbox/lib/python3.8/site-packages/airflow/example_dags/example_python_operator.py
[2021-09-23 23:08:23,914] {scheduler_job.py:643} INFO - DAG(s) dict_keys(['example_python_operator']) retrieved from /home/airflow/sandbox/lib/python3.8/site-packages/airflow/example_dags/example_python_operator.py
[2021-09-23 23:08:23,931] {logging_mixin.py:104} INFO - [2021-09-23 23:08:23,931] {dag.py:1832} INFO - Sync 1 DAGs
[2021-09-23 23:08:23,944] {logging_mixin.py:104} INFO - [2021-09-23 23:08:23,944] {dag.py:2305} INFO - Setting next_dagrun for example_python_operator to None
[2021-09-23 23:08:23,965] {scheduler_job.py:190} INFO - Processing /home/airflow/sandbox/lib/python3.8/site-packages/airflow/example_dags/example_python_operator.py took 0.071 seconds
[2021-09-23 23:08:56,606] {scheduler_job.py:182} INFO - Started process (PID=7543) to work on /home/airflow/sandbox/lib/python3.8/site-packages/airflow/example_dags/example_python_operator.py
[2021-09-23 23:08:56,607] {scheduler_job.py:633} INFO - Processing file /home/airflow/sandbox/lib/python3.8/site-packages/airflow/example_dags/example_python_operator.py for tasks to queue
[2021-09-23 23:08:56,607] {logging_mixin.py:104} INFO - [2021-09-23 23:08:56,607] {dagbag.py:487} INFO - Filling up the DagBag from /home/airflow/sandbox/lib/python3.8/site-packages/airflow/example_dags/example_python_operator.py
[2021-09-23 23:08:56,622] {scheduler_job.py:643} INFO - DAG(s) dict_keys(['example_python_operator']) retrieved from /home/airflow/sandbox/lib/python3.8/site-packages/airflow/example_dags/example_python_operator.py
[2021-09-23 23:08:56,639] {logging_mixin.py:104} INFO - [2021-09-23 23:08:56,639] {dag.py:1832} INFO - Sync 1 DAGs
[2021-09-23 23:08:56,654] {logging_mixin.py:104} INFO - [2021-09-23 23:08:56,653] {dag.py:2305} INFO - Setting next_dagrun for example_python_operator to None
[2021-09-23 23:08:56,683] {scheduler_job.py:190} INFO - Processing /home/airflow/sandbox/lib/python3.8/site-packages/airflow/example_dags/example_python_operator.py took 0.081 seconds
[2021-09-23 23:09:28,286] {scheduler_job.py:182} INFO - Started process (PID=7591) to work on /home/airflow/sandbox/lib/python3.8/site-packages/airflow/example_dags/example_python_operator.py
[2021-09-23 23:09:28,286] {scheduler_job.py:633} INFO - Processing file /home/airflow/sandbox/lib/python3.8/site-packages/airflow/example_dags/example_python_operator.py for tasks to queue
[2021-09-23 23:09:28,287] {logging_mixin.py:104} INFO - [2021-09-23 23:09:28,287] {dagbag.py:487} INFO - Filling up the DagBag from /home/airflow/sandbox/lib/python3.8/site-packages/airflow/example_dags/example_python_operator.py
[2021-09-23 23:09:28,298] {scheduler_job.py:643} INFO - DAG(s) dict_keys(['example_python_operator']) retrieved from /home/airflow/sandbox/lib/python3.8/site-packages/airflow/example_dags/example_python_operator.py
[2021-09-23 23:09:28,312] {logging_mixin.py:104} INFO - [2021-09-23 23:09:28,312] {dag.py:1832} INFO - Sync 1 DAGs
[2021-09-23 23:09:28,324] {logging_mixin.py:104} INFO - [2021-09-23 23:09:28,323] {dag.py:2305} INFO - Setting next_dagrun for example_python_operator to None
[2021-09-23 23:09:28,348] {scheduler_job.py:190} INFO - Processing /home/airflow/sandbox/lib/python3.8/site-packages/airflow/example_dags/example_python_operator.py took 0.065 seconds
[2021-09-23 23:10:01,125] {scheduler_job.py:182} INFO - Started process (PID=7667) to work on /home/airflow/sandbox/lib/python3.8/site-packages/airflow/example_dags/example_python_operator.py
[2021-09-23 23:10:01,127] {scheduler_job.py:633} INFO - Processing file /home/airflow/sandbox/lib/python3.8/site-packages/airflow/example_dags/example_python_operator.py for tasks to queue
[2021-09-23 23:10:01,127] {logging_mixin.py:104} INFO - [2021-09-23 23:10:01,127] {dagbag.py:487} INFO - Filling up the DagBag from /home/airflow/sandbox/lib/python3.8/site-packages/airflow/example_dags/example_python_operator.py
[2021-09-23 23:10:01,141] {scheduler_job.py:643} INFO - DAG(s) dict_keys(['example_python_operator']) retrieved from /home/airflow/sandbox/lib/python3.8/site-packages/airflow/example_dags/example_python_operator.py
[2021-09-23 23:10:01,155] {logging_mixin.py:104} INFO - [2021-09-23 23:10:01,155] {dag.py:1832} INFO - Sync 1 DAGs
[2021-09-23 23:10:01,167] {logging_mixin.py:104} INFO - [2021-09-23 23:10:01,167] {dag.py:2305} INFO - Setting next_dagrun for example_python_operator to None
[2021-09-23 23:10:01,188] {scheduler_job.py:190} INFO - Processing /home/airflow/sandbox/lib/python3.8/site-packages/airflow/example_dags/example_python_operator.py took 0.067 seconds
[2021-09-23 23:10:34,797] {scheduler_job.py:182} INFO - Started process (PID=7816) to work on /home/airflow/sandbox/lib/python3.8/site-packages/airflow/example_dags/example_python_operator.py
[2021-09-23 23:10:34,798] {scheduler_job.py:633} INFO - Processing file /home/airflow/sandbox/lib/python3.8/site-packages/airflow/example_dags/example_python_operator.py for tasks to queue
[2021-09-23 23:10:34,799] {logging_mixin.py:104} INFO - [2021-09-23 23:10:34,799] {dagbag.py:487} INFO - Filling up the DagBag from /home/airflow/sandbox/lib/python3.8/site-packages/airflow/example_dags/example_python_operator.py
[2021-09-23 23:10:34,810] {scheduler_job.py:643} INFO - DAG(s) dict_keys(['example_python_operator']) retrieved from /home/airflow/sandbox/lib/python3.8/site-packages/airflow/example_dags/example_python_operator.py
[2021-09-23 23:10:34,825] {logging_mixin.py:104} INFO - [2021-09-23 23:10:34,825] {dag.py:1832} INFO - Sync 1 DAGs
[2021-09-23 23:10:34,837] {logging_mixin.py:104} INFO - [2021-09-23 23:10:34,836] {dag.py:2305} INFO - Setting next_dagrun for example_python_operator to None
[2021-09-23 23:10:34,860] {scheduler_job.py:190} INFO - Processing /home/airflow/sandbox/lib/python3.8/site-packages/airflow/example_dags/example_python_operator.py took 0.065 seconds
[2021-09-23 23:11:08,521] {scheduler_job.py:182} INFO - Started process (PID=7922) to work on /home/airflow/sandbox/lib/python3.8/site-packages/airflow/example_dags/example_python_operator.py
[2021-09-23 23:11:08,522] {scheduler_job.py:633} INFO - Processing file /home/airflow/sandbox/lib/python3.8/site-packages/airflow/example_dags/example_python_operator.py for tasks to queue
[2021-09-23 23:11:08,522] {logging_mixin.py:104} INFO - [2021-09-23 23:11:08,522] {dagbag.py:487} INFO - Filling up the DagBag from /home/airflow/sandbox/lib/python3.8/site-packages/airflow/example_dags/example_python_operator.py
[2021-09-23 23:11:08,540] {scheduler_job.py:643} INFO - DAG(s) dict_keys(['example_python_operator']) retrieved from /home/airflow/sandbox/lib/python3.8/site-packages/airflow/example_dags/example_python_operator.py
[2021-09-23 23:11:08,558] {logging_mixin.py:104} INFO - [2021-09-23 23:11:08,557] {dag.py:1832} INFO - Sync 1 DAGs
[2021-09-23 23:11:08,571] {logging_mixin.py:104} INFO - [2021-09-23 23:11:08,571] {dag.py:2305} INFO - Setting next_dagrun for example_python_operator to None
[2021-09-23 23:11:08,588] {scheduler_job.py:190} INFO - Processing /home/airflow/sandbox/lib/python3.8/site-packages/airflow/example_dags/example_python_operator.py took 0.070 seconds
[2021-09-23 23:11:42,318] {scheduler_job.py:182} INFO - Started process (PID=8055) to work on /home/airflow/sandbox/lib/python3.8/site-packages/airflow/example_dags/example_python_operator.py
[2021-09-23 23:11:42,319] {scheduler_job.py:633} INFO - Processing file /home/airflow/sandbox/lib/python3.8/site-packages/airflow/example_dags/example_python_operator.py for tasks to queue
[2021-09-23 23:11:42,320] {logging_mixin.py:104} INFO - [2021-09-23 23:11:42,320] {dagbag.py:487} INFO - Filling up the DagBag from /home/airflow/sandbox/lib/python3.8/site-packages/airflow/example_dags/example_python_operator.py
[2021-09-23 23:11:42,333] {scheduler_job.py:643} INFO - DAG(s) dict_keys(['example_python_operator']) retrieved from /home/airflow/sandbox/lib/python3.8/site-packages/airflow/example_dags/example_python_operator.py
[2021-09-23 23:11:42,350] {logging_mixin.py:104} INFO - [2021-09-23 23:11:42,350] {dag.py:1832} INFO - Sync 1 DAGs
[2021-09-23 23:11:42,361] {logging_mixin.py:104} INFO - [2021-09-23 23:11:42,361] {dag.py:2305} INFO - Setting next_dagrun for example_python_operator to None
[2021-09-23 23:11:42,379] {scheduler_job.py:190} INFO - Processing /home/airflow/sandbox/lib/python3.8/site-packages/airflow/example_dags/example_python_operator.py took 0.064 seconds
[2021-09-23 23:12:16,004] {scheduler_job.py:182} INFO - Started process (PID=8191) to work on /home/airflow/sandbox/lib/python3.8/site-packages/airflow/example_dags/example_python_operator.py
[2021-09-23 23:12:16,005] {scheduler_job.py:633} INFO - Processing file /home/airflow/sandbox/lib/python3.8/site-packages/airflow/example_dags/example_python_operator.py for tasks to queue
[2021-09-23 23:12:16,006] {logging_mixin.py:104} INFO - [2021-09-23 23:12:16,005] {dagbag.py:487} INFO - Filling up the DagBag from /home/airflow/sandbox/lib/python3.8/site-packages/airflow/example_dags/example_python_operator.py
[2021-09-23 23:12:16,017] {scheduler_job.py:643} INFO - DAG(s) dict_keys(['example_python_operator']) retrieved from /home/airflow/sandbox/lib/python3.8/site-packages/airflow/example_dags/example_python_operator.py
[2021-09-23 23:12:16,031] {logging_mixin.py:104} INFO - [2021-09-23 23:12:16,031] {dag.py:1832} INFO - Sync 1 DAGs
[2021-09-23 23:12:16,044] {logging_mixin.py:104} INFO - [2021-09-23 23:12:16,044] {dag.py:2305} INFO - Setting next_dagrun for example_python_operator to None
[2021-09-23 23:12:16,068] {scheduler_job.py:190} INFO - Processing /home/airflow/sandbox/lib/python3.8/site-packages/airflow/example_dags/example_python_operator.py took 0.067 seconds
[2021-09-23 23:12:48,789] {scheduler_job.py:182} INFO - Started process (PID=8389) to work on /home/airflow/sandbox/lib/python3.8/site-packages/airflow/example_dags/example_python_operator.py
[2021-09-23 23:12:48,791] {scheduler_job.py:633} INFO - Processing file /home/airflow/sandbox/lib/python3.8/site-packages/airflow/example_dags/example_python_operator.py for tasks to queue
[2021-09-23 23:12:48,792] {logging_mixin.py:104} INFO - [2021-09-23 23:12:48,792] {dagbag.py:487} INFO - Filling up the DagBag from /home/airflow/sandbox/lib/python3.8/site-packages/airflow/example_dags/example_python_operator.py
[2021-09-23 23:12:48,808] {scheduler_job.py:643} INFO - DAG(s) dict_keys(['example_python_operator']) retrieved from /home/airflow/sandbox/lib/python3.8/site-packages/airflow/example_dags/example_python_operator.py
[2021-09-23 23:12:48,827] {logging_mixin.py:104} INFO - [2021-09-23 23:12:48,827] {dag.py:1832} INFO - Sync 1 DAGs
[2021-09-23 23:12:48,846] {logging_mixin.py:104} INFO - [2021-09-23 23:12:48,846] {dag.py:2305} INFO - Setting next_dagrun for example_python_operator to None
[2021-09-23 23:12:48,869] {scheduler_job.py:190} INFO - Processing /home/airflow/sandbox/lib/python3.8/site-packages/airflow/example_dags/example_python_operator.py took 0.082 seconds
[2021-09-23 23:13:21,757] {scheduler_job.py:182} INFO - Started process (PID=8420) to work on /home/airflow/sandbox/lib/python3.8/site-packages/airflow/example_dags/example_python_operator.py
[2021-09-23 23:13:21,758] {scheduler_job.py:633} INFO - Processing file /home/airflow/sandbox/lib/python3.8/site-packages/airflow/example_dags/example_python_operator.py for tasks to queue
[2021-09-23 23:13:21,758] {logging_mixin.py:104} INFO - [2021-09-23 23:13:21,758] {dagbag.py:487} INFO - Filling up the DagBag from /home/airflow/sandbox/lib/python3.8/site-packages/airflow/example_dags/example_python_operator.py
[2021-09-23 23:13:21,770] {scheduler_job.py:643} INFO - DAG(s) dict_keys(['example_python_operator']) retrieved from /home/airflow/sandbox/lib/python3.8/site-packages/airflow/example_dags/example_python_operator.py
[2021-09-23 23:13:21,784] {logging_mixin.py:104} INFO - [2021-09-23 23:13:21,784] {dag.py:1832} INFO - Sync 1 DAGs
[2021-09-23 23:13:21,798] {logging_mixin.py:104} INFO - [2021-09-23 23:13:21,798] {dag.py:2305} INFO - Setting next_dagrun for example_python_operator to None
[2021-09-23 23:13:21,816] {scheduler_job.py:190} INFO - Processing /home/airflow/sandbox/lib/python3.8/site-packages/airflow/example_dags/example_python_operator.py took 0.062 seconds
[2021-09-23 23:13:55,180] {scheduler_job.py:182} INFO - Started process (PID=8450) to work on /home/airflow/sandbox/lib/python3.8/site-packages/airflow/example_dags/example_python_operator.py
[2021-09-23 23:13:55,181] {scheduler_job.py:633} INFO - Processing file /home/airflow/sandbox/lib/python3.8/site-packages/airflow/example_dags/example_python_operator.py for tasks to queue
[2021-09-23 23:13:55,182] {logging_mixin.py:104} INFO - [2021-09-23 23:13:55,182] {dagbag.py:487} INFO - Filling up the DagBag from /home/airflow/sandbox/lib/python3.8/site-packages/airflow/example_dags/example_python_operator.py
[2021-09-23 23:13:55,194] {scheduler_job.py:643} INFO - DAG(s) dict_keys(['example_python_operator']) retrieved from /home/airflow/sandbox/lib/python3.8/site-packages/airflow/example_dags/example_python_operator.py
[2021-09-23 23:13:55,209] {logging_mixin.py:104} INFO - [2021-09-23 23:13:55,209] {dag.py:1832} INFO - Sync 1 DAGs
[2021-09-23 23:13:55,223] {logging_mixin.py:104} INFO - [2021-09-23 23:13:55,223] {dag.py:2305} INFO - Setting next_dagrun for example_python_operator to None
[2021-09-23 23:13:55,247] {scheduler_job.py:190} INFO - Processing /home/airflow/sandbox/lib/python3.8/site-packages/airflow/example_dags/example_python_operator.py took 0.070 seconds
[2021-09-23 23:14:29,354] {scheduler_job.py:182} INFO - Started process (PID=8481) to work on /home/airflow/sandbox/lib/python3.8/site-packages/airflow/example_dags/example_python_operator.py
[2021-09-23 23:14:29,355] {scheduler_job.py:633} INFO - Processing file /home/airflow/sandbox/lib/python3.8/site-packages/airflow/example_dags/example_python_operator.py for tasks to queue
[2021-09-23 23:14:29,356] {logging_mixin.py:104} INFO - [2021-09-23 23:14:29,356] {dagbag.py:487} INFO - Filling up the DagBag from /home/airflow/sandbox/lib/python3.8/site-packages/airflow/example_dags/example_python_operator.py
[2021-09-23 23:14:29,367] {scheduler_job.py:643} INFO - DAG(s) dict_keys(['example_python_operator']) retrieved from /home/airflow/sandbox/lib/python3.8/site-packages/airflow/example_dags/example_python_operator.py
[2021-09-23 23:14:29,383] {logging_mixin.py:104} INFO - [2021-09-23 23:14:29,383] {dag.py:1832} INFO - Sync 1 DAGs
[2021-09-23 23:14:29,395] {logging_mixin.py:104} INFO - [2021-09-23 23:14:29,395] {dag.py:2305} INFO - Setting next_dagrun for example_python_operator to None
[2021-09-23 23:14:29,418] {scheduler_job.py:190} INFO - Processing /home/airflow/sandbox/lib/python3.8/site-packages/airflow/example_dags/example_python_operator.py took 0.067 seconds
[2021-09-23 23:15:04,558] {scheduler_job.py:182} INFO - Started process (PID=8682) to work on /home/airflow/sandbox/lib/python3.8/site-packages/airflow/example_dags/example_python_operator.py
[2021-09-23 23:15:04,559] {scheduler_job.py:633} INFO - Processing file /home/airflow/sandbox/lib/python3.8/site-packages/airflow/example_dags/example_python_operator.py for tasks to queue
[2021-09-23 23:15:04,559] {logging_mixin.py:104} INFO - [2021-09-23 23:15:04,559] {dagbag.py:487} INFO - Filling up the DagBag from /home/airflow/sandbox/lib/python3.8/site-packages/airflow/example_dags/example_python_operator.py
[2021-09-23 23:15:04,570] {scheduler_job.py:643} INFO - DAG(s) dict_keys(['example_python_operator']) retrieved from /home/airflow/sandbox/lib/python3.8/site-packages/airflow/example_dags/example_python_operator.py
[2021-09-23 23:15:04,586] {logging_mixin.py:104} INFO - [2021-09-23 23:15:04,585] {dag.py:1832} INFO - Sync 1 DAGs
[2021-09-23 23:15:04,596] {logging_mixin.py:104} INFO - [2021-09-23 23:15:04,596] {dag.py:2305} INFO - Setting next_dagrun for example_python_operator to None
[2021-09-23 23:15:04,618] {scheduler_job.py:190} INFO - Processing /home/airflow/sandbox/lib/python3.8/site-packages/airflow/example_dags/example_python_operator.py took 0.062 seconds
[2021-09-23 23:15:37,057] {scheduler_job.py:182} INFO - Started process (PID=8906) to work on /home/airflow/sandbox/lib/python3.8/site-packages/airflow/example_dags/example_python_operator.py
[2021-09-23 23:15:37,058] {scheduler_job.py:633} INFO - Processing file /home/airflow/sandbox/lib/python3.8/site-packages/airflow/example_dags/example_python_operator.py for tasks to queue
[2021-09-23 23:15:37,059] {logging_mixin.py:104} INFO - [2021-09-23 23:15:37,059] {dagbag.py:487} INFO - Filling up the DagBag from /home/airflow/sandbox/lib/python3.8/site-packages/airflow/example_dags/example_python_operator.py
[2021-09-23 23:15:37,069] {scheduler_job.py:643} INFO - DAG(s) dict_keys(['example_python_operator']) retrieved from /home/airflow/sandbox/lib/python3.8/site-packages/airflow/example_dags/example_python_operator.py
[2021-09-23 23:15:37,084] {logging_mixin.py:104} INFO - [2021-09-23 23:15:37,084] {dag.py:1832} INFO - Sync 1 DAGs
[2021-09-23 23:15:37,097] {logging_mixin.py:104} INFO - [2021-09-23 23:15:37,097] {dag.py:2305} INFO - Setting next_dagrun for example_python_operator to None
[2021-09-23 23:15:37,115] {scheduler_job.py:190} INFO - Processing /home/airflow/sandbox/lib/python3.8/site-packages/airflow/example_dags/example_python_operator.py took 0.061 seconds
[2021-09-23 23:16:10,723] {scheduler_job.py:182} INFO - Started process (PID=9034) to work on /home/airflow/sandbox/lib/python3.8/site-packages/airflow/example_dags/example_python_operator.py
[2021-09-23 23:16:10,724] {scheduler_job.py:633} INFO - Processing file /home/airflow/sandbox/lib/python3.8/site-packages/airflow/example_dags/example_python_operator.py for tasks to queue
[2021-09-23 23:16:10,725] {logging_mixin.py:104} INFO - [2021-09-23 23:16:10,725] {dagbag.py:487} INFO - Filling up the DagBag from /home/airflow/sandbox/lib/python3.8/site-packages/airflow/example_dags/example_python_operator.py
[2021-09-23 23:16:10,738] {scheduler_job.py:643} INFO - DAG(s) dict_keys(['example_python_operator']) retrieved from /home/airflow/sandbox/lib/python3.8/site-packages/airflow/example_dags/example_python_operator.py
[2021-09-23 23:16:10,751] {logging_mixin.py:104} INFO - [2021-09-23 23:16:10,751] {dag.py:1832} INFO - Sync 1 DAGs
[2021-09-23 23:16:10,763] {logging_mixin.py:104} INFO - [2021-09-23 23:16:10,763] {dag.py:2305} INFO - Setting next_dagrun for example_python_operator to None
[2021-09-23 23:16:10,786] {scheduler_job.py:190} INFO - Processing /home/airflow/sandbox/lib/python3.8/site-packages/airflow/example_dags/example_python_operator.py took 0.068 seconds
[2021-09-23 23:16:43,081] {scheduler_job.py:182} INFO - Started process (PID=9157) to work on /home/airflow/sandbox/lib/python3.8/site-packages/airflow/example_dags/example_python_operator.py
[2021-09-23 23:16:43,082] {scheduler_job.py:633} INFO - Processing file /home/airflow/sandbox/lib/python3.8/site-packages/airflow/example_dags/example_python_operator.py for tasks to queue
[2021-09-23 23:16:43,083] {logging_mixin.py:104} INFO - [2021-09-23 23:16:43,083] {dagbag.py:487} INFO - Filling up the DagBag from /home/airflow/sandbox/lib/python3.8/site-packages/airflow/example_dags/example_python_operator.py
[2021-09-23 23:16:43,094] {scheduler_job.py:643} INFO - DAG(s) dict_keys(['example_python_operator']) retrieved from /home/airflow/sandbox/lib/python3.8/site-packages/airflow/example_dags/example_python_operator.py
[2021-09-23 23:16:43,120] {logging_mixin.py:104} INFO - [2021-09-23 23:16:43,120] {dag.py:1832} INFO - Sync 1 DAGs
[2021-09-23 23:16:43,135] {logging_mixin.py:104} INFO - [2021-09-23 23:16:43,135] {dag.py:2305} INFO - Setting next_dagrun for example_python_operator to None
[2021-09-23 23:16:43,152] {scheduler_job.py:190} INFO - Processing /home/airflow/sandbox/lib/python3.8/site-packages/airflow/example_dags/example_python_operator.py took 0.076 seconds
[2021-09-23 23:43:29,436] {scheduler_job.py:182} INFO - Started process (PID=9316) to work on /home/airflow/sandbox/lib/python3.8/site-packages/airflow/example_dags/example_python_operator.py
[2021-09-23 23:43:29,438] {scheduler_job.py:633} INFO - Processing file /home/airflow/sandbox/lib/python3.8/site-packages/airflow/example_dags/example_python_operator.py for tasks to queue
[2021-09-23 23:43:29,439] {logging_mixin.py:104} INFO - [2021-09-23 23:43:29,438] {dagbag.py:487} INFO - Filling up the DagBag from /home/airflow/sandbox/lib/python3.8/site-packages/airflow/example_dags/example_python_operator.py
[2021-09-23 23:43:29,454] {scheduler_job.py:643} INFO - DAG(s) dict_keys(['example_python_operator']) retrieved from /home/airflow/sandbox/lib/python3.8/site-packages/airflow/example_dags/example_python_operator.py
[2021-09-23 23:43:29,469] {logging_mixin.py:104} INFO - [2021-09-23 23:43:29,469] {dag.py:1832} INFO - Sync 1 DAGs
[2021-09-23 23:43:29,481] {logging_mixin.py:104} INFO - [2021-09-23 23:43:29,481] {dag.py:2305} INFO - Setting next_dagrun for example_python_operator to None
[2021-09-23 23:43:29,505] {scheduler_job.py:190} INFO - Processing /home/airflow/sandbox/lib/python3.8/site-packages/airflow/example_dags/example_python_operator.py took 0.073 seconds
[2021-09-23 23:44:03,938] {scheduler_job.py:182} INFO - Started process (PID=9349) to work on /home/airflow/sandbox/lib/python3.8/site-packages/airflow/example_dags/example_python_operator.py
[2021-09-23 23:44:03,939] {scheduler_job.py:633} INFO - Processing file /home/airflow/sandbox/lib/python3.8/site-packages/airflow/example_dags/example_python_operator.py for tasks to queue
[2021-09-23 23:44:03,940] {logging_mixin.py:104} INFO - [2021-09-23 23:44:03,940] {dagbag.py:487} INFO - Filling up the DagBag from /home/airflow/sandbox/lib/python3.8/site-packages/airflow/example_dags/example_python_operator.py
[2021-09-23 23:44:03,951] {scheduler_job.py:643} INFO - DAG(s) dict_keys(['example_python_operator']) retrieved from /home/airflow/sandbox/lib/python3.8/site-packages/airflow/example_dags/example_python_operator.py
[2021-09-23 23:44:03,965] {logging_mixin.py:104} INFO - [2021-09-23 23:44:03,964] {dag.py:1832} INFO - Sync 1 DAGs
[2021-09-23 23:44:03,977] {logging_mixin.py:104} INFO - [2021-09-23 23:44:03,977] {dag.py:2305} INFO - Setting next_dagrun for example_python_operator to None
[2021-09-23 23:44:03,999] {scheduler_job.py:190} INFO - Processing /home/airflow/sandbox/lib/python3.8/site-packages/airflow/example_dags/example_python_operator.py took 0.063 seconds
[2021-09-23 23:44:37,263] {scheduler_job.py:182} INFO - Started process (PID=9382) to work on /home/airflow/sandbox/lib/python3.8/site-packages/airflow/example_dags/example_python_operator.py
[2021-09-23 23:44:37,264] {scheduler_job.py:633} INFO - Processing file /home/airflow/sandbox/lib/python3.8/site-packages/airflow/example_dags/example_python_operator.py for tasks to queue
[2021-09-23 23:44:37,265] {logging_mixin.py:104} INFO - [2021-09-23 23:44:37,265] {dagbag.py:487} INFO - Filling up the DagBag from /home/airflow/sandbox/lib/python3.8/site-packages/airflow/example_dags/example_python_operator.py
[2021-09-23 23:44:37,277] {scheduler_job.py:643} INFO - DAG(s) dict_keys(['example_python_operator']) retrieved from /home/airflow/sandbox/lib/python3.8/site-packages/airflow/example_dags/example_python_operator.py
[2021-09-23 23:44:37,295] {logging_mixin.py:104} INFO - [2021-09-23 23:44:37,294] {dag.py:1832} INFO - Sync 1 DAGs
[2021-09-23 23:44:37,310] {logging_mixin.py:104} INFO - [2021-09-23 23:44:37,310] {dag.py:2305} INFO - Setting next_dagrun for example_python_operator to None
[2021-09-23 23:44:37,331] {scheduler_job.py:190} INFO - Processing /home/airflow/sandbox/lib/python3.8/site-packages/airflow/example_dags/example_python_operator.py took 0.070 seconds
[2021-09-23 23:45:11,849] {scheduler_job.py:182} INFO - Started process (PID=9414) to work on /home/airflow/sandbox/lib/python3.8/site-packages/airflow/example_dags/example_python_operator.py
[2021-09-23 23:45:11,850] {scheduler_job.py:633} INFO - Processing file /home/airflow/sandbox/lib/python3.8/site-packages/airflow/example_dags/example_python_operator.py for tasks to queue
[2021-09-23 23:45:11,851] {logging_mixin.py:104} INFO - [2021-09-23 23:45:11,850] {dagbag.py:487} INFO - Filling up the DagBag from /home/airflow/sandbox/lib/python3.8/site-packages/airflow/example_dags/example_python_operator.py
[2021-09-23 23:45:11,861] {scheduler_job.py:643} INFO - DAG(s) dict_keys(['example_python_operator']) retrieved from /home/airflow/sandbox/lib/python3.8/site-packages/airflow/example_dags/example_python_operator.py
[2021-09-23 23:45:11,876] {logging_mixin.py:104} INFO - [2021-09-23 23:45:11,876] {dag.py:1832} INFO - Sync 1 DAGs
[2021-09-23 23:45:11,888] {logging_mixin.py:104} INFO - [2021-09-23 23:45:11,888] {dag.py:2305} INFO - Setting next_dagrun for example_python_operator to None
[2021-09-23 23:45:11,905] {scheduler_job.py:190} INFO - Processing /home/airflow/sandbox/lib/python3.8/site-packages/airflow/example_dags/example_python_operator.py took 0.058 seconds
[2021-09-23 23:45:45,837] {scheduler_job.py:182} INFO - Started process (PID=9446) to work on /home/airflow/sandbox/lib/python3.8/site-packages/airflow/example_dags/example_python_operator.py
[2021-09-23 23:45:45,838] {scheduler_job.py:633} INFO - Processing file /home/airflow/sandbox/lib/python3.8/site-packages/airflow/example_dags/example_python_operator.py for tasks to queue
[2021-09-23 23:45:45,839] {logging_mixin.py:104} INFO - [2021-09-23 23:45:45,839] {dagbag.py:487} INFO - Filling up the DagBag from /home/airflow/sandbox/lib/python3.8/site-packages/airflow/example_dags/example_python_operator.py
[2021-09-23 23:45:45,853] {scheduler_job.py:643} INFO - DAG(s) dict_keys(['example_python_operator']) retrieved from /home/airflow/sandbox/lib/python3.8/site-packages/airflow/example_dags/example_python_operator.py
[2021-09-23 23:45:45,870] {logging_mixin.py:104} INFO - [2021-09-23 23:45:45,870] {dag.py:1832} INFO - Sync 1 DAGs
[2021-09-23 23:45:45,886] {logging_mixin.py:104} INFO - [2021-09-23 23:45:45,886] {dag.py:2305} INFO - Setting next_dagrun for example_python_operator to None
[2021-09-23 23:45:45,912] {scheduler_job.py:190} INFO - Processing /home/airflow/sandbox/lib/python3.8/site-packages/airflow/example_dags/example_python_operator.py took 0.078 seconds
[2021-09-23 23:46:18,692] {scheduler_job.py:182} INFO - Started process (PID=9479) to work on /home/airflow/sandbox/lib/python3.8/site-packages/airflow/example_dags/example_python_operator.py
[2021-09-23 23:46:18,693] {scheduler_job.py:633} INFO - Processing file /home/airflow/sandbox/lib/python3.8/site-packages/airflow/example_dags/example_python_operator.py for tasks to queue
[2021-09-23 23:46:18,694] {logging_mixin.py:104} INFO - [2021-09-23 23:46:18,694] {dagbag.py:487} INFO - Filling up the DagBag from /home/airflow/sandbox/lib/python3.8/site-packages/airflow/example_dags/example_python_operator.py
[2021-09-23 23:46:18,706] {scheduler_job.py:643} INFO - DAG(s) dict_keys(['example_python_operator']) retrieved from /home/airflow/sandbox/lib/python3.8/site-packages/airflow/example_dags/example_python_operator.py
[2021-09-23 23:46:18,719] {logging_mixin.py:104} INFO - [2021-09-23 23:46:18,719] {dag.py:1832} INFO - Sync 1 DAGs
[2021-09-23 23:46:18,728] {logging_mixin.py:104} INFO - [2021-09-23 23:46:18,728] {dag.py:2305} INFO - Setting next_dagrun for example_python_operator to None
[2021-09-23 23:46:18,744] {scheduler_job.py:190} INFO - Processing /home/airflow/sandbox/lib/python3.8/site-packages/airflow/example_dags/example_python_operator.py took 0.056 seconds
[2021-09-23 23:46:53,196] {scheduler_job.py:182} INFO - Started process (PID=9554) to work on /home/airflow/sandbox/lib/python3.8/site-packages/airflow/example_dags/example_python_operator.py
[2021-09-23 23:46:53,197] {scheduler_job.py:633} INFO - Processing file /home/airflow/sandbox/lib/python3.8/site-packages/airflow/example_dags/example_python_operator.py for tasks to queue
[2021-09-23 23:46:53,197] {logging_mixin.py:104} INFO - [2021-09-23 23:46:53,197] {dagbag.py:487} INFO - Filling up the DagBag from /home/airflow/sandbox/lib/python3.8/site-packages/airflow/example_dags/example_python_operator.py
[2021-09-23 23:46:53,211] {scheduler_job.py:643} INFO - DAG(s) dict_keys(['example_python_operator']) retrieved from /home/airflow/sandbox/lib/python3.8/site-packages/airflow/example_dags/example_python_operator.py
[2021-09-23 23:46:53,224] {logging_mixin.py:104} INFO - [2021-09-23 23:46:53,224] {dag.py:1832} INFO - Sync 1 DAGs
[2021-09-23 23:46:53,235] {logging_mixin.py:104} INFO - [2021-09-23 23:46:53,235] {dag.py:2305} INFO - Setting next_dagrun for example_python_operator to None
[2021-09-23 23:46:53,257] {scheduler_job.py:190} INFO - Processing /home/airflow/sandbox/lib/python3.8/site-packages/airflow/example_dags/example_python_operator.py took 0.064 seconds
[2021-09-23 23:47:28,690] {scheduler_job.py:182} INFO - Started process (PID=9587) to work on /home/airflow/sandbox/lib/python3.8/site-packages/airflow/example_dags/example_python_operator.py
[2021-09-23 23:47:28,691] {scheduler_job.py:633} INFO - Processing file /home/airflow/sandbox/lib/python3.8/site-packages/airflow/example_dags/example_python_operator.py for tasks to queue
[2021-09-23 23:47:28,691] {logging_mixin.py:104} INFO - [2021-09-23 23:47:28,691] {dagbag.py:487} INFO - Filling up the DagBag from /home/airflow/sandbox/lib/python3.8/site-packages/airflow/example_dags/example_python_operator.py
[2021-09-23 23:47:28,701] {scheduler_job.py:643} INFO - DAG(s) dict_keys(['example_python_operator']) retrieved from /home/airflow/sandbox/lib/python3.8/site-packages/airflow/example_dags/example_python_operator.py
[2021-09-23 23:47:28,715] {logging_mixin.py:104} INFO - [2021-09-23 23:47:28,715] {dag.py:1832} INFO - Sync 1 DAGs
[2021-09-23 23:47:28,727] {logging_mixin.py:104} INFO - [2021-09-23 23:47:28,727] {dag.py:2305} INFO - Setting next_dagrun for example_python_operator to None
[2021-09-23 23:47:28,748] {scheduler_job.py:190} INFO - Processing /home/airflow/sandbox/lib/python3.8/site-packages/airflow/example_dags/example_python_operator.py took 0.061 seconds
[2021-09-23 23:48:01,042] {scheduler_job.py:182} INFO - Started process (PID=9620) to work on /home/airflow/sandbox/lib/python3.8/site-packages/airflow/example_dags/example_python_operator.py
[2021-09-23 23:48:01,043] {scheduler_job.py:633} INFO - Processing file /home/airflow/sandbox/lib/python3.8/site-packages/airflow/example_dags/example_python_operator.py for tasks to queue
[2021-09-23 23:48:01,043] {logging_mixin.py:104} INFO - [2021-09-23 23:48:01,043] {dagbag.py:487} INFO - Filling up the DagBag from /home/airflow/sandbox/lib/python3.8/site-packages/airflow/example_dags/example_python_operator.py
[2021-09-23 23:48:01,056] {scheduler_job.py:643} INFO - DAG(s) dict_keys(['example_python_operator']) retrieved from /home/airflow/sandbox/lib/python3.8/site-packages/airflow/example_dags/example_python_operator.py
[2021-09-23 23:48:01,069] {logging_mixin.py:104} INFO - [2021-09-23 23:48:01,068] {dag.py:1832} INFO - Sync 1 DAGs
[2021-09-23 23:48:01,080] {logging_mixin.py:104} INFO - [2021-09-23 23:48:01,080] {dag.py:2305} INFO - Setting next_dagrun for example_python_operator to None
[2021-09-23 23:48:01,099] {scheduler_job.py:190} INFO - Processing /home/airflow/sandbox/lib/python3.8/site-packages/airflow/example_dags/example_python_operator.py took 0.059 seconds
[2021-09-23 23:48:33,705] {scheduler_job.py:182} INFO - Started process (PID=9651) to work on /home/airflow/sandbox/lib/python3.8/site-packages/airflow/example_dags/example_python_operator.py
[2021-09-23 23:48:33,706] {scheduler_job.py:633} INFO - Processing file /home/airflow/sandbox/lib/python3.8/site-packages/airflow/example_dags/example_python_operator.py for tasks to queue
[2021-09-23 23:48:33,707] {logging_mixin.py:104} INFO - [2021-09-23 23:48:33,707] {dagbag.py:487} INFO - Filling up the DagBag from /home/airflow/sandbox/lib/python3.8/site-packages/airflow/example_dags/example_python_operator.py
[2021-09-23 23:48:33,719] {scheduler_job.py:643} INFO - DAG(s) dict_keys(['example_python_operator']) retrieved from /home/airflow/sandbox/lib/python3.8/site-packages/airflow/example_dags/example_python_operator.py
[2021-09-23 23:48:33,733] {logging_mixin.py:104} INFO - [2021-09-23 23:48:33,733] {dag.py:1832} INFO - Sync 1 DAGs
[2021-09-23 23:48:33,747] {logging_mixin.py:104} INFO - [2021-09-23 23:48:33,747] {dag.py:2305} INFO - Setting next_dagrun for example_python_operator to None
[2021-09-23 23:48:33,770] {scheduler_job.py:190} INFO - Processing /home/airflow/sandbox/lib/python3.8/site-packages/airflow/example_dags/example_python_operator.py took 0.068 seconds
[2021-09-23 23:49:05,704] {scheduler_job.py:182} INFO - Started process (PID=9680) to work on /home/airflow/sandbox/lib/python3.8/site-packages/airflow/example_dags/example_python_operator.py
[2021-09-23 23:49:05,705] {scheduler_job.py:633} INFO - Processing file /home/airflow/sandbox/lib/python3.8/site-packages/airflow/example_dags/example_python_operator.py for tasks to queue
[2021-09-23 23:49:05,706] {logging_mixin.py:104} INFO - [2021-09-23 23:49:05,706] {dagbag.py:487} INFO - Filling up the DagBag from /home/airflow/sandbox/lib/python3.8/site-packages/airflow/example_dags/example_python_operator.py
[2021-09-23 23:49:05,721] {scheduler_job.py:643} INFO - DAG(s) dict_keys(['example_python_operator']) retrieved from /home/airflow/sandbox/lib/python3.8/site-packages/airflow/example_dags/example_python_operator.py
[2021-09-23 23:49:05,742] {logging_mixin.py:104} INFO - [2021-09-23 23:49:05,742] {dag.py:1832} INFO - Sync 1 DAGs
[2021-09-23 23:49:05,756] {logging_mixin.py:104} INFO - [2021-09-23 23:49:05,756] {dag.py:2305} INFO - Setting next_dagrun for example_python_operator to None
[2021-09-23 23:49:05,781] {scheduler_job.py:190} INFO - Processing /home/airflow/sandbox/lib/python3.8/site-packages/airflow/example_dags/example_python_operator.py took 0.081 seconds
[2021-09-23 23:49:41,064] {scheduler_job.py:182} INFO - Started process (PID=9713) to work on /home/airflow/sandbox/lib/python3.8/site-packages/airflow/example_dags/example_python_operator.py
[2021-09-23 23:49:41,065] {scheduler_job.py:633} INFO - Processing file /home/airflow/sandbox/lib/python3.8/site-packages/airflow/example_dags/example_python_operator.py for tasks to queue
[2021-09-23 23:49:41,066] {logging_mixin.py:104} INFO - [2021-09-23 23:49:41,066] {dagbag.py:487} INFO - Filling up the DagBag from /home/airflow/sandbox/lib/python3.8/site-packages/airflow/example_dags/example_python_operator.py
[2021-09-23 23:49:41,081] {scheduler_job.py:643} INFO - DAG(s) dict_keys(['example_python_operator']) retrieved from /home/airflow/sandbox/lib/python3.8/site-packages/airflow/example_dags/example_python_operator.py
[2021-09-23 23:49:41,097] {logging_mixin.py:104} INFO - [2021-09-23 23:49:41,097] {dag.py:1832} INFO - Sync 1 DAGs
[2021-09-23 23:49:41,111] {logging_mixin.py:104} INFO - [2021-09-23 23:49:41,111] {dag.py:2305} INFO - Setting next_dagrun for example_python_operator to None
[2021-09-23 23:49:41,136] {scheduler_job.py:190} INFO - Processing /home/airflow/sandbox/lib/python3.8/site-packages/airflow/example_dags/example_python_operator.py took 0.074 seconds
[2021-09-23 23:50:13,788] {scheduler_job.py:182} INFO - Started process (PID=9746) to work on /home/airflow/sandbox/lib/python3.8/site-packages/airflow/example_dags/example_python_operator.py
[2021-09-23 23:50:13,789] {scheduler_job.py:633} INFO - Processing file /home/airflow/sandbox/lib/python3.8/site-packages/airflow/example_dags/example_python_operator.py for tasks to queue
[2021-09-23 23:50:13,789] {logging_mixin.py:104} INFO - [2021-09-23 23:50:13,789] {dagbag.py:487} INFO - Filling up the DagBag from /home/airflow/sandbox/lib/python3.8/site-packages/airflow/example_dags/example_python_operator.py
[2021-09-23 23:50:13,799] {scheduler_job.py:643} INFO - DAG(s) dict_keys(['example_python_operator']) retrieved from /home/airflow/sandbox/lib/python3.8/site-packages/airflow/example_dags/example_python_operator.py
[2021-09-23 23:50:13,811] {logging_mixin.py:104} INFO - [2021-09-23 23:50:13,811] {dag.py:1832} INFO - Sync 1 DAGs
[2021-09-23 23:50:13,824] {logging_mixin.py:104} INFO - [2021-09-23 23:50:13,824] {dag.py:2305} INFO - Setting next_dagrun for example_python_operator to None
[2021-09-23 23:50:13,843] {scheduler_job.py:190} INFO - Processing /home/airflow/sandbox/lib/python3.8/site-packages/airflow/example_dags/example_python_operator.py took 0.058 seconds
[2021-09-23 23:50:48,254] {scheduler_job.py:182} INFO - Started process (PID=9779) to work on /home/airflow/sandbox/lib/python3.8/site-packages/airflow/example_dags/example_python_operator.py
[2021-09-23 23:50:48,256] {scheduler_job.py:633} INFO - Processing file /home/airflow/sandbox/lib/python3.8/site-packages/airflow/example_dags/example_python_operator.py for tasks to queue
[2021-09-23 23:50:48,257] {logging_mixin.py:104} INFO - [2021-09-23 23:50:48,256] {dagbag.py:487} INFO - Filling up the DagBag from /home/airflow/sandbox/lib/python3.8/site-packages/airflow/example_dags/example_python_operator.py
[2021-09-23 23:50:48,270] {scheduler_job.py:643} INFO - DAG(s) dict_keys(['example_python_operator']) retrieved from /home/airflow/sandbox/lib/python3.8/site-packages/airflow/example_dags/example_python_operator.py
[2021-09-23 23:50:48,285] {logging_mixin.py:104} INFO - [2021-09-23 23:50:48,285] {dag.py:1832} INFO - Sync 1 DAGs
[2021-09-23 23:50:48,299] {logging_mixin.py:104} INFO - [2021-09-23 23:50:48,299] {dag.py:2305} INFO - Setting next_dagrun for example_python_operator to None
[2021-09-23 23:50:48,316] {scheduler_job.py:190} INFO - Processing /home/airflow/sandbox/lib/python3.8/site-packages/airflow/example_dags/example_python_operator.py took 0.065 seconds
[2021-09-23 23:51:21,732] {scheduler_job.py:182} INFO - Started process (PID=9811) to work on /home/airflow/sandbox/lib/python3.8/site-packages/airflow/example_dags/example_python_operator.py
[2021-09-23 23:51:21,733] {scheduler_job.py:633} INFO - Processing file /home/airflow/sandbox/lib/python3.8/site-packages/airflow/example_dags/example_python_operator.py for tasks to queue
[2021-09-23 23:51:21,733] {logging_mixin.py:104} INFO - [2021-09-23 23:51:21,733] {dagbag.py:487} INFO - Filling up the DagBag from /home/airflow/sandbox/lib/python3.8/site-packages/airflow/example_dags/example_python_operator.py
[2021-09-23 23:51:21,744] {scheduler_job.py:643} INFO - DAG(s) dict_keys(['example_python_operator']) retrieved from /home/airflow/sandbox/lib/python3.8/site-packages/airflow/example_dags/example_python_operator.py
[2021-09-23 23:51:21,758] {logging_mixin.py:104} INFO - [2021-09-23 23:51:21,758] {dag.py:1832} INFO - Sync 1 DAGs
[2021-09-23 23:51:21,770] {logging_mixin.py:104} INFO - [2021-09-23 23:51:21,770] {dag.py:2305} INFO - Setting next_dagrun for example_python_operator to None
[2021-09-23 23:51:21,791] {scheduler_job.py:190} INFO - Processing /home/airflow/sandbox/lib/python3.8/site-packages/airflow/example_dags/example_python_operator.py took 0.064 seconds
[2021-09-23 23:51:55,290] {scheduler_job.py:182} INFO - Started process (PID=9886) to work on /home/airflow/sandbox/lib/python3.8/site-packages/airflow/example_dags/example_python_operator.py
[2021-09-23 23:51:55,291] {scheduler_job.py:633} INFO - Processing file /home/airflow/sandbox/lib/python3.8/site-packages/airflow/example_dags/example_python_operator.py for tasks to queue
[2021-09-23 23:51:55,292] {logging_mixin.py:104} INFO - [2021-09-23 23:51:55,291] {dagbag.py:487} INFO - Filling up the DagBag from /home/airflow/sandbox/lib/python3.8/site-packages/airflow/example_dags/example_python_operator.py
[2021-09-23 23:51:55,303] {scheduler_job.py:643} INFO - DAG(s) dict_keys(['example_python_operator']) retrieved from /home/airflow/sandbox/lib/python3.8/site-packages/airflow/example_dags/example_python_operator.py
[2021-09-23 23:51:55,320] {logging_mixin.py:104} INFO - [2021-09-23 23:51:55,320] {dag.py:1832} INFO - Sync 1 DAGs
[2021-09-23 23:51:55,332] {logging_mixin.py:104} INFO - [2021-09-23 23:51:55,332] {dag.py:2305} INFO - Setting next_dagrun for example_python_operator to None
[2021-09-23 23:51:55,358] {scheduler_job.py:190} INFO - Processing /home/airflow/sandbox/lib/python3.8/site-packages/airflow/example_dags/example_python_operator.py took 0.071 seconds
[2021-09-23 23:52:27,461] {scheduler_job.py:182} INFO - Started process (PID=9919) to work on /home/airflow/sandbox/lib/python3.8/site-packages/airflow/example_dags/example_python_operator.py
[2021-09-23 23:52:27,462] {scheduler_job.py:633} INFO - Processing file /home/airflow/sandbox/lib/python3.8/site-packages/airflow/example_dags/example_python_operator.py for tasks to queue
[2021-09-23 23:52:27,463] {logging_mixin.py:104} INFO - [2021-09-23 23:52:27,463] {dagbag.py:487} INFO - Filling up the DagBag from /home/airflow/sandbox/lib/python3.8/site-packages/airflow/example_dags/example_python_operator.py
[2021-09-23 23:52:27,472] {scheduler_job.py:643} INFO - DAG(s) dict_keys(['example_python_operator']) retrieved from /home/airflow/sandbox/lib/python3.8/site-packages/airflow/example_dags/example_python_operator.py
[2021-09-23 23:52:27,483] {logging_mixin.py:104} INFO - [2021-09-23 23:52:27,483] {dag.py:1832} INFO - Sync 1 DAGs
[2021-09-23 23:52:27,492] {logging_mixin.py:104} INFO - [2021-09-23 23:52:27,492] {dag.py:2305} INFO - Setting next_dagrun for example_python_operator to None
[2021-09-23 23:52:27,515] {scheduler_job.py:190} INFO - Processing /home/airflow/sandbox/lib/python3.8/site-packages/airflow/example_dags/example_python_operator.py took 0.056 seconds
[2021-09-23 23:53:01,643] {scheduler_job.py:182} INFO - Started process (PID=9951) to work on /home/airflow/sandbox/lib/python3.8/site-packages/airflow/example_dags/example_python_operator.py
[2021-09-23 23:53:01,644] {scheduler_job.py:633} INFO - Processing file /home/airflow/sandbox/lib/python3.8/site-packages/airflow/example_dags/example_python_operator.py for tasks to queue
[2021-09-23 23:53:01,644] {logging_mixin.py:104} INFO - [2021-09-23 23:53:01,644] {dagbag.py:487} INFO - Filling up the DagBag from /home/airflow/sandbox/lib/python3.8/site-packages/airflow/example_dags/example_python_operator.py
[2021-09-23 23:53:01,655] {scheduler_job.py:643} INFO - DAG(s) dict_keys(['example_python_operator']) retrieved from /home/airflow/sandbox/lib/python3.8/site-packages/airflow/example_dags/example_python_operator.py
[2021-09-23 23:53:01,668] {logging_mixin.py:104} INFO - [2021-09-23 23:53:01,667] {dag.py:1832} INFO - Sync 1 DAGs
[2021-09-23 23:53:01,681] {logging_mixin.py:104} INFO - [2021-09-23 23:53:01,680] {dag.py:2305} INFO - Setting next_dagrun for example_python_operator to None
[2021-09-23 23:53:01,697] {scheduler_job.py:190} INFO - Processing /home/airflow/sandbox/lib/python3.8/site-packages/airflow/example_dags/example_python_operator.py took 0.057 seconds
[2021-09-23 23:53:37,203] {scheduler_job.py:182} INFO - Started process (PID=9986) to work on /home/airflow/sandbox/lib/python3.8/site-packages/airflow/example_dags/example_python_operator.py
[2021-09-23 23:53:37,204] {scheduler_job.py:633} INFO - Processing file /home/airflow/sandbox/lib/python3.8/site-packages/airflow/example_dags/example_python_operator.py for tasks to queue
[2021-09-23 23:53:37,205] {logging_mixin.py:104} INFO - [2021-09-23 23:53:37,204] {dagbag.py:487} INFO - Filling up the DagBag from /home/airflow/sandbox/lib/python3.8/site-packages/airflow/example_dags/example_python_operator.py
[2021-09-23 23:53:37,215] {scheduler_job.py:643} INFO - DAG(s) dict_keys(['example_python_operator']) retrieved from /home/airflow/sandbox/lib/python3.8/site-packages/airflow/example_dags/example_python_operator.py
[2021-09-23 23:53:37,228] {logging_mixin.py:104} INFO - [2021-09-23 23:53:37,228] {dag.py:1832} INFO - Sync 1 DAGs
[2021-09-23 23:53:37,245] {logging_mixin.py:104} INFO - [2021-09-23 23:53:37,245] {dag.py:2305} INFO - Setting next_dagrun for example_python_operator to None
[2021-09-23 23:53:37,265] {scheduler_job.py:190} INFO - Processing /home/airflow/sandbox/lib/python3.8/site-packages/airflow/example_dags/example_python_operator.py took 0.065 seconds
[2021-09-23 23:54:11,226] {scheduler_job.py:182} INFO - Started process (PID=10018) to work on /home/airflow/sandbox/lib/python3.8/site-packages/airflow/example_dags/example_python_operator.py
[2021-09-23 23:54:11,227] {scheduler_job.py:633} INFO - Processing file /home/airflow/sandbox/lib/python3.8/site-packages/airflow/example_dags/example_python_operator.py for tasks to queue
[2021-09-23 23:54:11,227] {logging_mixin.py:104} INFO - [2021-09-23 23:54:11,227] {dagbag.py:487} INFO - Filling up the DagBag from /home/airflow/sandbox/lib/python3.8/site-packages/airflow/example_dags/example_python_operator.py
[2021-09-23 23:54:11,238] {scheduler_job.py:643} INFO - DAG(s) dict_keys(['example_python_operator']) retrieved from /home/airflow/sandbox/lib/python3.8/site-packages/airflow/example_dags/example_python_operator.py
[2021-09-23 23:54:11,254] {logging_mixin.py:104} INFO - [2021-09-23 23:54:11,254] {dag.py:1832} INFO - Sync 1 DAGs
[2021-09-23 23:54:11,264] {logging_mixin.py:104} INFO - [2021-09-23 23:54:11,264] {dag.py:2305} INFO - Setting next_dagrun for example_python_operator to None
[2021-09-23 23:54:11,282] {scheduler_job.py:190} INFO - Processing /home/airflow/sandbox/lib/python3.8/site-packages/airflow/example_dags/example_python_operator.py took 0.059 seconds
[2021-09-23 23:54:44,105] {scheduler_job.py:182} INFO - Started process (PID=10050) to work on /home/airflow/sandbox/lib/python3.8/site-packages/airflow/example_dags/example_python_operator.py
[2021-09-23 23:54:44,106] {scheduler_job.py:633} INFO - Processing file /home/airflow/sandbox/lib/python3.8/site-packages/airflow/example_dags/example_python_operator.py for tasks to queue
[2021-09-23 23:54:44,107] {logging_mixin.py:104} INFO - [2021-09-23 23:54:44,107] {dagbag.py:487} INFO - Filling up the DagBag from /home/airflow/sandbox/lib/python3.8/site-packages/airflow/example_dags/example_python_operator.py
[2021-09-23 23:54:44,117] {scheduler_job.py:643} INFO - DAG(s) dict_keys(['example_python_operator']) retrieved from /home/airflow/sandbox/lib/python3.8/site-packages/airflow/example_dags/example_python_operator.py
[2021-09-23 23:54:44,132] {logging_mixin.py:104} INFO - [2021-09-23 23:54:44,131] {dag.py:1832} INFO - Sync 1 DAGs
[2021-09-23 23:54:44,145] {logging_mixin.py:104} INFO - [2021-09-23 23:54:44,145] {dag.py:2305} INFO - Setting next_dagrun for example_python_operator to None
[2021-09-23 23:54:44,165] {scheduler_job.py:190} INFO - Processing /home/airflow/sandbox/lib/python3.8/site-packages/airflow/example_dags/example_python_operator.py took 0.063 seconds
[2021-09-23 23:55:17,505] {scheduler_job.py:182} INFO - Started process (PID=10105) to work on /home/airflow/sandbox/lib/python3.8/site-packages/airflow/example_dags/example_python_operator.py
[2021-09-23 23:55:17,507] {scheduler_job.py:633} INFO - Processing file /home/airflow/sandbox/lib/python3.8/site-packages/airflow/example_dags/example_python_operator.py for tasks to queue
[2021-09-23 23:55:17,508] {logging_mixin.py:104} INFO - [2021-09-23 23:55:17,507] {dagbag.py:487} INFO - Filling up the DagBag from /home/airflow/sandbox/lib/python3.8/site-packages/airflow/example_dags/example_python_operator.py
[2021-09-23 23:55:17,518] {scheduler_job.py:643} INFO - DAG(s) dict_keys(['example_python_operator']) retrieved from /home/airflow/sandbox/lib/python3.8/site-packages/airflow/example_dags/example_python_operator.py
[2021-09-23 23:55:17,533] {logging_mixin.py:104} INFO - [2021-09-23 23:55:17,533] {dag.py:1832} INFO - Sync 1 DAGs
[2021-09-23 23:55:17,545] {logging_mixin.py:104} INFO - [2021-09-23 23:55:17,544] {dag.py:2305} INFO - Setting next_dagrun for example_python_operator to None
[2021-09-23 23:55:17,568] {scheduler_job.py:190} INFO - Processing /home/airflow/sandbox/lib/python3.8/site-packages/airflow/example_dags/example_python_operator.py took 0.065 seconds
[2021-09-23 23:55:51,258] {scheduler_job.py:182} INFO - Started process (PID=10196) to work on /home/airflow/sandbox/lib/python3.8/site-packages/airflow/example_dags/example_python_operator.py
[2021-09-23 23:55:51,259] {scheduler_job.py:633} INFO - Processing file /home/airflow/sandbox/lib/python3.8/site-packages/airflow/example_dags/example_python_operator.py for tasks to queue
[2021-09-23 23:55:51,259] {logging_mixin.py:104} INFO - [2021-09-23 23:55:51,259] {dagbag.py:487} INFO - Filling up the DagBag from /home/airflow/sandbox/lib/python3.8/site-packages/airflow/example_dags/example_python_operator.py
[2021-09-23 23:55:51,270] {scheduler_job.py:643} INFO - DAG(s) dict_keys(['example_python_operator']) retrieved from /home/airflow/sandbox/lib/python3.8/site-packages/airflow/example_dags/example_python_operator.py
[2021-09-23 23:55:51,285] {logging_mixin.py:104} INFO - [2021-09-23 23:55:51,284] {dag.py:1832} INFO - Sync 1 DAGs
[2021-09-23 23:55:51,296] {logging_mixin.py:104} INFO - [2021-09-23 23:55:51,296] {dag.py:2305} INFO - Setting next_dagrun for example_python_operator to None
[2021-09-23 23:55:51,315] {scheduler_job.py:190} INFO - Processing /home/airflow/sandbox/lib/python3.8/site-packages/airflow/example_dags/example_python_operator.py took 0.060 seconds
[2021-09-23 23:56:24,196] {scheduler_job.py:182} INFO - Started process (PID=10229) to work on /home/airflow/sandbox/lib/python3.8/site-packages/airflow/example_dags/example_python_operator.py
[2021-09-23 23:56:24,197] {scheduler_job.py:633} INFO - Processing file /home/airflow/sandbox/lib/python3.8/site-packages/airflow/example_dags/example_python_operator.py for tasks to queue
[2021-09-23 23:56:24,198] {logging_mixin.py:104} INFO - [2021-09-23 23:56:24,198] {dagbag.py:487} INFO - Filling up the DagBag from /home/airflow/sandbox/lib/python3.8/site-packages/airflow/example_dags/example_python_operator.py
[2021-09-23 23:56:24,209] {scheduler_job.py:643} INFO - DAG(s) dict_keys(['example_python_operator']) retrieved from /home/airflow/sandbox/lib/python3.8/site-packages/airflow/example_dags/example_python_operator.py
[2021-09-23 23:56:24,224] {logging_mixin.py:104} INFO - [2021-09-23 23:56:24,223] {dag.py:1832} INFO - Sync 1 DAGs
[2021-09-23 23:56:24,233] {logging_mixin.py:104} INFO - [2021-09-23 23:56:24,233] {dag.py:2305} INFO - Setting next_dagrun for example_python_operator to None
[2021-09-23 23:56:24,257] {scheduler_job.py:190} INFO - Processing /home/airflow/sandbox/lib/python3.8/site-packages/airflow/example_dags/example_python_operator.py took 0.063 seconds
[2021-09-23 23:57:00,490] {scheduler_job.py:182} INFO - Started process (PID=10305) to work on /home/airflow/sandbox/lib/python3.8/site-packages/airflow/example_dags/example_python_operator.py
[2021-09-23 23:57:00,492] {scheduler_job.py:633} INFO - Processing file /home/airflow/sandbox/lib/python3.8/site-packages/airflow/example_dags/example_python_operator.py for tasks to queue
[2021-09-23 23:57:00,492] {logging_mixin.py:104} INFO - [2021-09-23 23:57:00,492] {dagbag.py:487} INFO - Filling up the DagBag from /home/airflow/sandbox/lib/python3.8/site-packages/airflow/example_dags/example_python_operator.py
[2021-09-23 23:57:00,506] {scheduler_job.py:643} INFO - DAG(s) dict_keys(['example_python_operator']) retrieved from /home/airflow/sandbox/lib/python3.8/site-packages/airflow/example_dags/example_python_operator.py
[2021-09-23 23:57:00,521] {logging_mixin.py:104} INFO - [2021-09-23 23:57:00,521] {dag.py:1832} INFO - Sync 1 DAGs
[2021-09-23 23:57:00,533] {logging_mixin.py:104} INFO - [2021-09-23 23:57:00,533] {dag.py:2305} INFO - Setting next_dagrun for example_python_operator to None
[2021-09-23 23:57:00,552] {scheduler_job.py:190} INFO - Processing /home/airflow/sandbox/lib/python3.8/site-packages/airflow/example_dags/example_python_operator.py took 0.064 seconds
[2021-09-23 23:57:34,009] {scheduler_job.py:182} INFO - Started process (PID=10650) to work on /home/airflow/sandbox/lib/python3.8/site-packages/airflow/example_dags/example_python_operator.py
[2021-09-23 23:57:34,011] {scheduler_job.py:633} INFO - Processing file /home/airflow/sandbox/lib/python3.8/site-packages/airflow/example_dags/example_python_operator.py for tasks to queue
[2021-09-23 23:57:34,012] {logging_mixin.py:104} INFO - [2021-09-23 23:57:34,011] {dagbag.py:487} INFO - Filling up the DagBag from /home/airflow/sandbox/lib/python3.8/site-packages/airflow/example_dags/example_python_operator.py
[2021-09-23 23:57:34,035] {scheduler_job.py:643} INFO - DAG(s) dict_keys(['example_python_operator']) retrieved from /home/airflow/sandbox/lib/python3.8/site-packages/airflow/example_dags/example_python_operator.py
[2021-09-23 23:57:34,109] {logging_mixin.py:104} INFO - [2021-09-23 23:57:34,109] {dag.py:1832} INFO - Sync 1 DAGs
[2021-09-23 23:57:34,146] {logging_mixin.py:104} INFO - [2021-09-23 23:57:34,146] {dag.py:2305} INFO - Setting next_dagrun for example_python_operator to None
[2021-09-23 23:57:34,181] {scheduler_job.py:190} INFO - Processing /home/airflow/sandbox/lib/python3.8/site-packages/airflow/example_dags/example_python_operator.py took 0.192 seconds
[2021-09-23 23:58:14,556] {scheduler_job.py:182} INFO - Started process (PID=10864) to work on /home/airflow/sandbox/lib/python3.8/site-packages/airflow/example_dags/example_python_operator.py
[2021-09-23 23:58:14,557] {scheduler_job.py:633} INFO - Processing file /home/airflow/sandbox/lib/python3.8/site-packages/airflow/example_dags/example_python_operator.py for tasks to queue
[2021-09-23 23:58:14,557] {logging_mixin.py:104} INFO - [2021-09-23 23:58:14,557] {dagbag.py:487} INFO - Filling up the DagBag from /home/airflow/sandbox/lib/python3.8/site-packages/airflow/example_dags/example_python_operator.py
[2021-09-23 23:58:14,569] {scheduler_job.py:643} INFO - DAG(s) dict_keys(['example_python_operator']) retrieved from /home/airflow/sandbox/lib/python3.8/site-packages/airflow/example_dags/example_python_operator.py
[2021-09-23 23:58:14,583] {logging_mixin.py:104} INFO - [2021-09-23 23:58:14,583] {dag.py:1832} INFO - Sync 1 DAGs
[2021-09-23 23:58:14,600] {logging_mixin.py:104} INFO - [2021-09-23 23:58:14,600] {dag.py:2305} INFO - Setting next_dagrun for example_python_operator to None
[2021-09-23 23:58:14,627] {scheduler_job.py:190} INFO - Processing /home/airflow/sandbox/lib/python3.8/site-packages/airflow/example_dags/example_python_operator.py took 0.073 seconds
[2021-09-23 23:58:49,606] {scheduler_job.py:182} INFO - Started process (PID=10897) to work on /home/airflow/sandbox/lib/python3.8/site-packages/airflow/example_dags/example_python_operator.py
[2021-09-23 23:58:49,607] {scheduler_job.py:633} INFO - Processing file /home/airflow/sandbox/lib/python3.8/site-packages/airflow/example_dags/example_python_operator.py for tasks to queue
[2021-09-23 23:58:49,607] {logging_mixin.py:104} INFO - [2021-09-23 23:58:49,607] {dagbag.py:487} INFO - Filling up the DagBag from /home/airflow/sandbox/lib/python3.8/site-packages/airflow/example_dags/example_python_operator.py
[2021-09-23 23:58:49,628] {scheduler_job.py:643} INFO - DAG(s) dict_keys(['example_python_operator']) retrieved from /home/airflow/sandbox/lib/python3.8/site-packages/airflow/example_dags/example_python_operator.py
[2021-09-23 23:58:49,644] {logging_mixin.py:104} INFO - [2021-09-23 23:58:49,644] {dag.py:1832} INFO - Sync 1 DAGs
[2021-09-23 23:58:49,654] {logging_mixin.py:104} INFO - [2021-09-23 23:58:49,654] {dag.py:2305} INFO - Setting next_dagrun for example_python_operator to None
[2021-09-23 23:58:49,677] {scheduler_job.py:190} INFO - Processing /home/airflow/sandbox/lib/python3.8/site-packages/airflow/example_dags/example_python_operator.py took 0.073 seconds
[2021-09-23 23:59:22,592] {scheduler_job.py:182} INFO - Started process (PID=10928) to work on /home/airflow/sandbox/lib/python3.8/site-packages/airflow/example_dags/example_python_operator.py
[2021-09-23 23:59:22,594] {scheduler_job.py:633} INFO - Processing file /home/airflow/sandbox/lib/python3.8/site-packages/airflow/example_dags/example_python_operator.py for tasks to queue
[2021-09-23 23:59:22,595] {logging_mixin.py:104} INFO - [2021-09-23 23:59:22,594] {dagbag.py:487} INFO - Filling up the DagBag from /home/airflow/sandbox/lib/python3.8/site-packages/airflow/example_dags/example_python_operator.py
[2021-09-23 23:59:22,605] {scheduler_job.py:643} INFO - DAG(s) dict_keys(['example_python_operator']) retrieved from /home/airflow/sandbox/lib/python3.8/site-packages/airflow/example_dags/example_python_operator.py
[2021-09-23 23:59:22,618] {logging_mixin.py:104} INFO - [2021-09-23 23:59:22,618] {dag.py:1832} INFO - Sync 1 DAGs
[2021-09-23 23:59:22,632] {logging_mixin.py:104} INFO - [2021-09-23 23:59:22,632] {dag.py:2305} INFO - Setting next_dagrun for example_python_operator to None
[2021-09-23 23:59:22,658] {scheduler_job.py:190} INFO - Processing /home/airflow/sandbox/lib/python3.8/site-packages/airflow/example_dags/example_python_operator.py took 0.069 seconds
[2021-09-23 23:59:57,022] {scheduler_job.py:182} INFO - Started process (PID=10961) to work on /home/airflow/sandbox/lib/python3.8/site-packages/airflow/example_dags/example_python_operator.py
[2021-09-23 23:59:57,023] {scheduler_job.py:633} INFO - Processing file /home/airflow/sandbox/lib/python3.8/site-packages/airflow/example_dags/example_python_operator.py for tasks to queue
[2021-09-23 23:59:57,023] {logging_mixin.py:104} INFO - [2021-09-23 23:59:57,023] {dagbag.py:487} INFO - Filling up the DagBag from /home/airflow/sandbox/lib/python3.8/site-packages/airflow/example_dags/example_python_operator.py
[2021-09-23 23:59:57,038] {scheduler_job.py:643} INFO - DAG(s) dict_keys(['example_python_operator']) retrieved from /home/airflow/sandbox/lib/python3.8/site-packages/airflow/example_dags/example_python_operator.py
[2021-09-23 23:59:57,051] {logging_mixin.py:104} INFO - [2021-09-23 23:59:57,051] {dag.py:1832} INFO - Sync 1 DAGs
[2021-09-23 23:59:57,064] {logging_mixin.py:104} INFO - [2021-09-23 23:59:57,064] {dag.py:2305} INFO - Setting next_dagrun for example_python_operator to None
[2021-09-23 23:59:57,080] {scheduler_job.py:190} INFO - Processing /home/airflow/sandbox/lib/python3.8/site-packages/airflow/example_dags/example_python_operator.py took 0.061 seconds
