[2021-09-23 22:57:31,635] {scheduler_job.py:182} INFO - Started process (PID=5945) to work on /home/airflow/sandbox/lib/python3.8/site-packages/airflow/example_dags/example_complex.py
[2021-09-23 22:57:31,636] {scheduler_job.py:633} INFO - Processing file /home/airflow/sandbox/lib/python3.8/site-packages/airflow/example_dags/example_complex.py for tasks to queue
[2021-09-23 22:57:31,636] {logging_mixin.py:104} INFO - [2021-09-23 22:57:31,636] {dagbag.py:487} INFO - Filling up the DagBag from /home/airflow/sandbox/lib/python3.8/site-packages/airflow/example_dags/example_complex.py
[2021-09-23 22:57:31,658] {scheduler_job.py:643} INFO - DAG(s) dict_keys(['example_complex']) retrieved from /home/airflow/sandbox/lib/python3.8/site-packages/airflow/example_dags/example_complex.py
[2021-09-23 22:57:32,021] {logging_mixin.py:104} INFO - [2021-09-23 22:57:32,019] {dag.py:1832} INFO - Sync 1 DAGs
[2021-09-23 22:57:32,034] {logging_mixin.py:104} INFO - [2021-09-23 22:57:32,034] {dag.py:2305} INFO - Setting next_dagrun for example_complex to None
[2021-09-23 22:57:32,057] {scheduler_job.py:190} INFO - Processing /home/airflow/sandbox/lib/python3.8/site-packages/airflow/example_dags/example_complex.py took 0.426 seconds
[2021-09-23 22:58:07,854] {scheduler_job.py:182} INFO - Started process (PID=6076) to work on /home/airflow/sandbox/lib/python3.8/site-packages/airflow/example_dags/example_complex.py
[2021-09-23 22:58:07,854] {scheduler_job.py:633} INFO - Processing file /home/airflow/sandbox/lib/python3.8/site-packages/airflow/example_dags/example_complex.py for tasks to queue
[2021-09-23 22:58:07,855] {logging_mixin.py:104} INFO - [2021-09-23 22:58:07,855] {dagbag.py:487} INFO - Filling up the DagBag from /home/airflow/sandbox/lib/python3.8/site-packages/airflow/example_dags/example_complex.py
[2021-09-23 22:58:07,888] {scheduler_job.py:643} INFO - DAG(s) dict_keys(['example_complex']) retrieved from /home/airflow/sandbox/lib/python3.8/site-packages/airflow/example_dags/example_complex.py
[2021-09-23 22:58:07,909] {logging_mixin.py:104} INFO - [2021-09-23 22:58:07,909] {dag.py:1832} INFO - Sync 1 DAGs
[2021-09-23 22:58:07,924] {logging_mixin.py:104} INFO - [2021-09-23 22:58:07,924] {dag.py:2305} INFO - Setting next_dagrun for example_complex to None
[2021-09-23 22:58:07,948] {scheduler_job.py:190} INFO - Processing /home/airflow/sandbox/lib/python3.8/site-packages/airflow/example_dags/example_complex.py took 0.097 seconds
[2021-09-23 22:58:44,197] {scheduler_job.py:182} INFO - Started process (PID=6124) to work on /home/airflow/sandbox/lib/python3.8/site-packages/airflow/example_dags/example_complex.py
[2021-09-23 22:58:44,198] {scheduler_job.py:633} INFO - Processing file /home/airflow/sandbox/lib/python3.8/site-packages/airflow/example_dags/example_complex.py for tasks to queue
[2021-09-23 22:58:44,198] {logging_mixin.py:104} INFO - [2021-09-23 22:58:44,198] {dagbag.py:487} INFO - Filling up the DagBag from /home/airflow/sandbox/lib/python3.8/site-packages/airflow/example_dags/example_complex.py
[2021-09-23 22:58:44,215] {scheduler_job.py:643} INFO - DAG(s) dict_keys(['example_complex']) retrieved from /home/airflow/sandbox/lib/python3.8/site-packages/airflow/example_dags/example_complex.py
[2021-09-23 22:58:44,245] {logging_mixin.py:104} INFO - [2021-09-23 22:58:44,245] {dag.py:1832} INFO - Sync 1 DAGs
[2021-09-23 22:58:44,258] {logging_mixin.py:104} INFO - [2021-09-23 22:58:44,258] {dag.py:2305} INFO - Setting next_dagrun for example_complex to None
[2021-09-23 22:58:44,283] {scheduler_job.py:190} INFO - Processing /home/airflow/sandbox/lib/python3.8/site-packages/airflow/example_dags/example_complex.py took 0.088 seconds
[2021-09-23 22:59:20,300] {scheduler_job.py:182} INFO - Started process (PID=6218) to work on /home/airflow/sandbox/lib/python3.8/site-packages/airflow/example_dags/example_complex.py
[2021-09-23 22:59:20,301] {scheduler_job.py:633} INFO - Processing file /home/airflow/sandbox/lib/python3.8/site-packages/airflow/example_dags/example_complex.py for tasks to queue
[2021-09-23 22:59:20,301] {logging_mixin.py:104} INFO - [2021-09-23 22:59:20,301] {dagbag.py:487} INFO - Filling up the DagBag from /home/airflow/sandbox/lib/python3.8/site-packages/airflow/example_dags/example_complex.py
[2021-09-23 22:59:20,320] {scheduler_job.py:643} INFO - DAG(s) dict_keys(['example_complex']) retrieved from /home/airflow/sandbox/lib/python3.8/site-packages/airflow/example_dags/example_complex.py
[2021-09-23 22:59:20,340] {logging_mixin.py:104} INFO - [2021-09-23 22:59:20,340] {dag.py:1832} INFO - Sync 1 DAGs
[2021-09-23 22:59:20,363] {logging_mixin.py:104} INFO - [2021-09-23 22:59:20,363] {dag.py:2305} INFO - Setting next_dagrun for example_complex to None
[2021-09-23 22:59:20,390] {scheduler_job.py:190} INFO - Processing /home/airflow/sandbox/lib/python3.8/site-packages/airflow/example_dags/example_complex.py took 0.092 seconds
[2021-09-23 22:59:54,808] {scheduler_job.py:182} INFO - Started process (PID=6250) to work on /home/airflow/sandbox/lib/python3.8/site-packages/airflow/example_dags/example_complex.py
[2021-09-23 22:59:54,810] {scheduler_job.py:633} INFO - Processing file /home/airflow/sandbox/lib/python3.8/site-packages/airflow/example_dags/example_complex.py for tasks to queue
[2021-09-23 22:59:54,811] {logging_mixin.py:104} INFO - [2021-09-23 22:59:54,810] {dagbag.py:487} INFO - Filling up the DagBag from /home/airflow/sandbox/lib/python3.8/site-packages/airflow/example_dags/example_complex.py
[2021-09-23 22:59:54,832] {scheduler_job.py:643} INFO - DAG(s) dict_keys(['example_complex']) retrieved from /home/airflow/sandbox/lib/python3.8/site-packages/airflow/example_dags/example_complex.py
[2021-09-23 22:59:54,851] {logging_mixin.py:104} INFO - [2021-09-23 22:59:54,851] {dag.py:1832} INFO - Sync 1 DAGs
[2021-09-23 22:59:54,863] {logging_mixin.py:104} INFO - [2021-09-23 22:59:54,863] {dag.py:2305} INFO - Setting next_dagrun for example_complex to None
[2021-09-23 22:59:54,924] {scheduler_job.py:190} INFO - Processing /home/airflow/sandbox/lib/python3.8/site-packages/airflow/example_dags/example_complex.py took 0.120 seconds
[2021-09-23 23:00:29,335] {scheduler_job.py:182} INFO - Started process (PID=6325) to work on /home/airflow/sandbox/lib/python3.8/site-packages/airflow/example_dags/example_complex.py
[2021-09-23 23:00:29,337] {scheduler_job.py:633} INFO - Processing file /home/airflow/sandbox/lib/python3.8/site-packages/airflow/example_dags/example_complex.py for tasks to queue
[2021-09-23 23:00:29,338] {logging_mixin.py:104} INFO - [2021-09-23 23:00:29,338] {dagbag.py:487} INFO - Filling up the DagBag from /home/airflow/sandbox/lib/python3.8/site-packages/airflow/example_dags/example_complex.py
[2021-09-23 23:00:29,359] {scheduler_job.py:643} INFO - DAG(s) dict_keys(['example_complex']) retrieved from /home/airflow/sandbox/lib/python3.8/site-packages/airflow/example_dags/example_complex.py
[2021-09-23 23:00:29,382] {logging_mixin.py:104} INFO - [2021-09-23 23:00:29,382] {dag.py:1832} INFO - Sync 1 DAGs
[2021-09-23 23:00:29,399] {logging_mixin.py:104} INFO - [2021-09-23 23:00:29,399] {dag.py:2305} INFO - Setting next_dagrun for example_complex to None
[2021-09-23 23:00:29,441] {scheduler_job.py:190} INFO - Processing /home/airflow/sandbox/lib/python3.8/site-packages/airflow/example_dags/example_complex.py took 0.109 seconds
[2021-09-23 23:01:12,140] {scheduler_job.py:182} INFO - Started process (PID=6363) to work on /home/airflow/sandbox/lib/python3.8/site-packages/airflow/example_dags/example_complex.py
[2021-09-23 23:01:12,141] {scheduler_job.py:633} INFO - Processing file /home/airflow/sandbox/lib/python3.8/site-packages/airflow/example_dags/example_complex.py for tasks to queue
[2021-09-23 23:01:12,142] {logging_mixin.py:104} INFO - [2021-09-23 23:01:12,142] {dagbag.py:487} INFO - Filling up the DagBag from /home/airflow/sandbox/lib/python3.8/site-packages/airflow/example_dags/example_complex.py
[2021-09-23 23:01:12,193] {scheduler_job.py:643} INFO - DAG(s) dict_keys(['example_complex']) retrieved from /home/airflow/sandbox/lib/python3.8/site-packages/airflow/example_dags/example_complex.py
[2021-09-23 23:01:12,231] {logging_mixin.py:104} INFO - [2021-09-23 23:01:12,231] {dag.py:1832} INFO - Sync 1 DAGs
[2021-09-23 23:01:12,249] {logging_mixin.py:104} INFO - [2021-09-23 23:01:12,249] {dag.py:2305} INFO - Setting next_dagrun for example_complex to None
[2021-09-23 23:01:12,288] {scheduler_job.py:190} INFO - Processing /home/airflow/sandbox/lib/python3.8/site-packages/airflow/example_dags/example_complex.py took 0.152 seconds
[2021-09-23 23:01:47,634] {scheduler_job.py:182} INFO - Started process (PID=6396) to work on /home/airflow/sandbox/lib/python3.8/site-packages/airflow/example_dags/example_complex.py
[2021-09-23 23:01:47,636] {scheduler_job.py:633} INFO - Processing file /home/airflow/sandbox/lib/python3.8/site-packages/airflow/example_dags/example_complex.py for tasks to queue
[2021-09-23 23:01:47,637] {logging_mixin.py:104} INFO - [2021-09-23 23:01:47,637] {dagbag.py:487} INFO - Filling up the DagBag from /home/airflow/sandbox/lib/python3.8/site-packages/airflow/example_dags/example_complex.py
[2021-09-23 23:01:47,680] {scheduler_job.py:643} INFO - DAG(s) dict_keys(['example_complex']) retrieved from /home/airflow/sandbox/lib/python3.8/site-packages/airflow/example_dags/example_complex.py
[2021-09-23 23:01:47,715] {logging_mixin.py:104} INFO - [2021-09-23 23:01:47,715] {dag.py:1832} INFO - Sync 1 DAGs
[2021-09-23 23:01:47,735] {logging_mixin.py:104} INFO - [2021-09-23 23:01:47,735] {dag.py:2305} INFO - Setting next_dagrun for example_complex to None
[2021-09-23 23:01:47,769] {scheduler_job.py:190} INFO - Processing /home/airflow/sandbox/lib/python3.8/site-packages/airflow/example_dags/example_complex.py took 0.139 seconds
[2021-09-23 23:02:27,395] {scheduler_job.py:182} INFO - Started process (PID=6541) to work on /home/airflow/sandbox/lib/python3.8/site-packages/airflow/example_dags/example_complex.py
[2021-09-23 23:02:27,396] {scheduler_job.py:633} INFO - Processing file /home/airflow/sandbox/lib/python3.8/site-packages/airflow/example_dags/example_complex.py for tasks to queue
[2021-09-23 23:02:27,396] {logging_mixin.py:104} INFO - [2021-09-23 23:02:27,396] {dagbag.py:487} INFO - Filling up the DagBag from /home/airflow/sandbox/lib/python3.8/site-packages/airflow/example_dags/example_complex.py
[2021-09-23 23:02:27,416] {scheduler_job.py:643} INFO - DAG(s) dict_keys(['example_complex']) retrieved from /home/airflow/sandbox/lib/python3.8/site-packages/airflow/example_dags/example_complex.py
[2021-09-23 23:02:27,434] {logging_mixin.py:104} INFO - [2021-09-23 23:02:27,434] {dag.py:1832} INFO - Sync 1 DAGs
[2021-09-23 23:02:27,445] {logging_mixin.py:104} INFO - [2021-09-23 23:02:27,445] {dag.py:2305} INFO - Setting next_dagrun for example_complex to None
[2021-09-23 23:02:27,468] {scheduler_job.py:190} INFO - Processing /home/airflow/sandbox/lib/python3.8/site-packages/airflow/example_dags/example_complex.py took 0.076 seconds
[2021-09-23 23:03:01,782] {scheduler_job.py:182} INFO - Started process (PID=6575) to work on /home/airflow/sandbox/lib/python3.8/site-packages/airflow/example_dags/example_complex.py
[2021-09-23 23:03:01,783] {scheduler_job.py:633} INFO - Processing file /home/airflow/sandbox/lib/python3.8/site-packages/airflow/example_dags/example_complex.py for tasks to queue
[2021-09-23 23:03:01,784] {logging_mixin.py:104} INFO - [2021-09-23 23:03:01,784] {dagbag.py:487} INFO - Filling up the DagBag from /home/airflow/sandbox/lib/python3.8/site-packages/airflow/example_dags/example_complex.py
[2021-09-23 23:03:01,804] {scheduler_job.py:643} INFO - DAG(s) dict_keys(['example_complex']) retrieved from /home/airflow/sandbox/lib/python3.8/site-packages/airflow/example_dags/example_complex.py
[2021-09-23 23:03:01,829] {logging_mixin.py:104} INFO - [2021-09-23 23:03:01,829] {dag.py:1832} INFO - Sync 1 DAGs
[2021-09-23 23:03:01,841] {logging_mixin.py:104} INFO - [2021-09-23 23:03:01,841] {dag.py:2305} INFO - Setting next_dagrun for example_complex to None
[2021-09-23 23:03:01,866] {scheduler_job.py:190} INFO - Processing /home/airflow/sandbox/lib/python3.8/site-packages/airflow/example_dags/example_complex.py took 0.090 seconds
[2021-09-23 23:03:40,747] {scheduler_job.py:182} INFO - Started process (PID=6852) to work on /home/airflow/sandbox/lib/python3.8/site-packages/airflow/example_dags/example_complex.py
[2021-09-23 23:03:40,749] {scheduler_job.py:633} INFO - Processing file /home/airflow/sandbox/lib/python3.8/site-packages/airflow/example_dags/example_complex.py for tasks to queue
[2021-09-23 23:03:40,750] {logging_mixin.py:104} INFO - [2021-09-23 23:03:40,750] {dagbag.py:487} INFO - Filling up the DagBag from /home/airflow/sandbox/lib/python3.8/site-packages/airflow/example_dags/example_complex.py
[2021-09-23 23:03:40,766] {scheduler_job.py:643} INFO - DAG(s) dict_keys(['example_complex']) retrieved from /home/airflow/sandbox/lib/python3.8/site-packages/airflow/example_dags/example_complex.py
[2021-09-23 23:03:40,784] {logging_mixin.py:104} INFO - [2021-09-23 23:03:40,784] {dag.py:1832} INFO - Sync 1 DAGs
[2021-09-23 23:03:40,795] {logging_mixin.py:104} INFO - [2021-09-23 23:03:40,795] {dag.py:2305} INFO - Setting next_dagrun for example_complex to None
[2021-09-23 23:03:40,815] {scheduler_job.py:190} INFO - Processing /home/airflow/sandbox/lib/python3.8/site-packages/airflow/example_dags/example_complex.py took 0.071 seconds
[2021-09-23 23:04:15,579] {scheduler_job.py:182} INFO - Started process (PID=6910) to work on /home/airflow/sandbox/lib/python3.8/site-packages/airflow/example_dags/example_complex.py
[2021-09-23 23:04:15,580] {scheduler_job.py:633} INFO - Processing file /home/airflow/sandbox/lib/python3.8/site-packages/airflow/example_dags/example_complex.py for tasks to queue
[2021-09-23 23:04:15,581] {logging_mixin.py:104} INFO - [2021-09-23 23:04:15,581] {dagbag.py:487} INFO - Filling up the DagBag from /home/airflow/sandbox/lib/python3.8/site-packages/airflow/example_dags/example_complex.py
[2021-09-23 23:04:15,599] {scheduler_job.py:643} INFO - DAG(s) dict_keys(['example_complex']) retrieved from /home/airflow/sandbox/lib/python3.8/site-packages/airflow/example_dags/example_complex.py
[2021-09-23 23:04:15,620] {logging_mixin.py:104} INFO - [2021-09-23 23:04:15,619] {dag.py:1832} INFO - Sync 1 DAGs
[2021-09-23 23:04:15,630] {logging_mixin.py:104} INFO - [2021-09-23 23:04:15,630] {dag.py:2305} INFO - Setting next_dagrun for example_complex to None
[2021-09-23 23:04:15,652] {scheduler_job.py:190} INFO - Processing /home/airflow/sandbox/lib/python3.8/site-packages/airflow/example_dags/example_complex.py took 0.075 seconds
[2021-09-23 23:04:48,349] {scheduler_job.py:182} INFO - Started process (PID=6942) to work on /home/airflow/sandbox/lib/python3.8/site-packages/airflow/example_dags/example_complex.py
[2021-09-23 23:04:48,350] {scheduler_job.py:633} INFO - Processing file /home/airflow/sandbox/lib/python3.8/site-packages/airflow/example_dags/example_complex.py for tasks to queue
[2021-09-23 23:04:48,350] {logging_mixin.py:104} INFO - [2021-09-23 23:04:48,350] {dagbag.py:487} INFO - Filling up the DagBag from /home/airflow/sandbox/lib/python3.8/site-packages/airflow/example_dags/example_complex.py
[2021-09-23 23:04:48,369] {scheduler_job.py:643} INFO - DAG(s) dict_keys(['example_complex']) retrieved from /home/airflow/sandbox/lib/python3.8/site-packages/airflow/example_dags/example_complex.py
[2021-09-23 23:04:48,389] {logging_mixin.py:104} INFO - [2021-09-23 23:04:48,389] {dag.py:1832} INFO - Sync 1 DAGs
[2021-09-23 23:04:48,402] {logging_mixin.py:104} INFO - [2021-09-23 23:04:48,402] {dag.py:2305} INFO - Setting next_dagrun for example_complex to None
[2021-09-23 23:04:48,429] {scheduler_job.py:190} INFO - Processing /home/airflow/sandbox/lib/python3.8/site-packages/airflow/example_dags/example_complex.py took 0.083 seconds
[2021-09-23 23:05:23,790] {scheduler_job.py:182} INFO - Started process (PID=7023) to work on /home/airflow/sandbox/lib/python3.8/site-packages/airflow/example_dags/example_complex.py
[2021-09-23 23:05:23,792] {scheduler_job.py:633} INFO - Processing file /home/airflow/sandbox/lib/python3.8/site-packages/airflow/example_dags/example_complex.py for tasks to queue
[2021-09-23 23:05:23,792] {logging_mixin.py:104} INFO - [2021-09-23 23:05:23,792] {dagbag.py:487} INFO - Filling up the DagBag from /home/airflow/sandbox/lib/python3.8/site-packages/airflow/example_dags/example_complex.py
[2021-09-23 23:05:23,810] {scheduler_job.py:643} INFO - DAG(s) dict_keys(['example_complex']) retrieved from /home/airflow/sandbox/lib/python3.8/site-packages/airflow/example_dags/example_complex.py
[2021-09-23 23:05:23,829] {logging_mixin.py:104} INFO - [2021-09-23 23:05:23,828] {dag.py:1832} INFO - Sync 1 DAGs
[2021-09-23 23:05:23,839] {logging_mixin.py:104} INFO - [2021-09-23 23:05:23,839] {dag.py:2305} INFO - Setting next_dagrun for example_complex to None
[2021-09-23 23:05:23,864] {scheduler_job.py:190} INFO - Processing /home/airflow/sandbox/lib/python3.8/site-packages/airflow/example_dags/example_complex.py took 0.076 seconds
[2021-09-23 23:06:01,061] {scheduler_job.py:182} INFO - Started process (PID=7145) to work on /home/airflow/sandbox/lib/python3.8/site-packages/airflow/example_dags/example_complex.py
[2021-09-23 23:06:01,063] {scheduler_job.py:633} INFO - Processing file /home/airflow/sandbox/lib/python3.8/site-packages/airflow/example_dags/example_complex.py for tasks to queue
[2021-09-23 23:06:01,064] {logging_mixin.py:104} INFO - [2021-09-23 23:06:01,064] {dagbag.py:487} INFO - Filling up the DagBag from /home/airflow/sandbox/lib/python3.8/site-packages/airflow/example_dags/example_complex.py
[2021-09-23 23:06:01,083] {scheduler_job.py:643} INFO - DAG(s) dict_keys(['example_complex']) retrieved from /home/airflow/sandbox/lib/python3.8/site-packages/airflow/example_dags/example_complex.py
[2021-09-23 23:06:01,102] {logging_mixin.py:104} INFO - [2021-09-23 23:06:01,102] {dag.py:1832} INFO - Sync 1 DAGs
[2021-09-23 23:06:01,114] {logging_mixin.py:104} INFO - [2021-09-23 23:06:01,114] {dag.py:2305} INFO - Setting next_dagrun for example_complex to None
[2021-09-23 23:06:01,138] {scheduler_job.py:190} INFO - Processing /home/airflow/sandbox/lib/python3.8/site-packages/airflow/example_dags/example_complex.py took 0.079 seconds
[2021-09-23 23:06:39,289] {scheduler_job.py:182} INFO - Started process (PID=7266) to work on /home/airflow/sandbox/lib/python3.8/site-packages/airflow/example_dags/example_complex.py
[2021-09-23 23:06:39,289] {scheduler_job.py:633} INFO - Processing file /home/airflow/sandbox/lib/python3.8/site-packages/airflow/example_dags/example_complex.py for tasks to queue
[2021-09-23 23:06:39,290] {logging_mixin.py:104} INFO - [2021-09-23 23:06:39,290] {dagbag.py:487} INFO - Filling up the DagBag from /home/airflow/sandbox/lib/python3.8/site-packages/airflow/example_dags/example_complex.py
[2021-09-23 23:06:39,308] {scheduler_job.py:643} INFO - DAG(s) dict_keys(['example_complex']) retrieved from /home/airflow/sandbox/lib/python3.8/site-packages/airflow/example_dags/example_complex.py
[2021-09-23 23:06:39,324] {logging_mixin.py:104} INFO - [2021-09-23 23:06:39,324] {dag.py:1832} INFO - Sync 1 DAGs
[2021-09-23 23:06:39,338] {logging_mixin.py:104} INFO - [2021-09-23 23:06:39,338] {dag.py:2305} INFO - Setting next_dagrun for example_complex to None
[2021-09-23 23:06:39,356] {scheduler_job.py:190} INFO - Processing /home/airflow/sandbox/lib/python3.8/site-packages/airflow/example_dags/example_complex.py took 0.070 seconds
[2021-09-23 23:07:15,236] {scheduler_job.py:182} INFO - Started process (PID=7354) to work on /home/airflow/sandbox/lib/python3.8/site-packages/airflow/example_dags/example_complex.py
[2021-09-23 23:07:15,237] {scheduler_job.py:633} INFO - Processing file /home/airflow/sandbox/lib/python3.8/site-packages/airflow/example_dags/example_complex.py for tasks to queue
[2021-09-23 23:07:15,238] {logging_mixin.py:104} INFO - [2021-09-23 23:07:15,238] {dagbag.py:487} INFO - Filling up the DagBag from /home/airflow/sandbox/lib/python3.8/site-packages/airflow/example_dags/example_complex.py
[2021-09-23 23:07:15,260] {scheduler_job.py:643} INFO - DAG(s) dict_keys(['example_complex']) retrieved from /home/airflow/sandbox/lib/python3.8/site-packages/airflow/example_dags/example_complex.py
[2021-09-23 23:07:15,279] {logging_mixin.py:104} INFO - [2021-09-23 23:07:15,279] {dag.py:1832} INFO - Sync 1 DAGs
[2021-09-23 23:07:15,290] {logging_mixin.py:104} INFO - [2021-09-23 23:07:15,290] {dag.py:2305} INFO - Setting next_dagrun for example_complex to None
[2021-09-23 23:07:15,309] {scheduler_job.py:190} INFO - Processing /home/airflow/sandbox/lib/python3.8/site-packages/airflow/example_dags/example_complex.py took 0.077 seconds
[2021-09-23 23:07:49,371] {scheduler_job.py:182} INFO - Started process (PID=7388) to work on /home/airflow/sandbox/lib/python3.8/site-packages/airflow/example_dags/example_complex.py
[2021-09-23 23:07:49,373] {scheduler_job.py:633} INFO - Processing file /home/airflow/sandbox/lib/python3.8/site-packages/airflow/example_dags/example_complex.py for tasks to queue
[2021-09-23 23:07:49,374] {logging_mixin.py:104} INFO - [2021-09-23 23:07:49,374] {dagbag.py:487} INFO - Filling up the DagBag from /home/airflow/sandbox/lib/python3.8/site-packages/airflow/example_dags/example_complex.py
[2021-09-23 23:07:49,395] {scheduler_job.py:643} INFO - DAG(s) dict_keys(['example_complex']) retrieved from /home/airflow/sandbox/lib/python3.8/site-packages/airflow/example_dags/example_complex.py
[2021-09-23 23:07:49,416] {logging_mixin.py:104} INFO - [2021-09-23 23:07:49,416] {dag.py:1832} INFO - Sync 1 DAGs
[2021-09-23 23:07:49,430] {logging_mixin.py:104} INFO - [2021-09-23 23:07:49,430] {dag.py:2305} INFO - Setting next_dagrun for example_complex to None
[2021-09-23 23:07:49,448] {scheduler_job.py:190} INFO - Processing /home/airflow/sandbox/lib/python3.8/site-packages/airflow/example_dags/example_complex.py took 0.079 seconds
[2021-09-23 23:08:24,137] {scheduler_job.py:182} INFO - Started process (PID=7423) to work on /home/airflow/sandbox/lib/python3.8/site-packages/airflow/example_dags/example_complex.py
[2021-09-23 23:08:24,138] {scheduler_job.py:633} INFO - Processing file /home/airflow/sandbox/lib/python3.8/site-packages/airflow/example_dags/example_complex.py for tasks to queue
[2021-09-23 23:08:24,139] {logging_mixin.py:104} INFO - [2021-09-23 23:08:24,139] {dagbag.py:487} INFO - Filling up the DagBag from /home/airflow/sandbox/lib/python3.8/site-packages/airflow/example_dags/example_complex.py
[2021-09-23 23:08:24,156] {scheduler_job.py:643} INFO - DAG(s) dict_keys(['example_complex']) retrieved from /home/airflow/sandbox/lib/python3.8/site-packages/airflow/example_dags/example_complex.py
[2021-09-23 23:08:24,174] {logging_mixin.py:104} INFO - [2021-09-23 23:08:24,174] {dag.py:1832} INFO - Sync 1 DAGs
[2021-09-23 23:08:24,188] {logging_mixin.py:104} INFO - [2021-09-23 23:08:24,188] {dag.py:2305} INFO - Setting next_dagrun for example_complex to None
[2021-09-23 23:08:24,206] {scheduler_job.py:190} INFO - Processing /home/airflow/sandbox/lib/python3.8/site-packages/airflow/example_dags/example_complex.py took 0.072 seconds
[2021-09-23 23:08:58,881] {scheduler_job.py:182} INFO - Started process (PID=7546) to work on /home/airflow/sandbox/lib/python3.8/site-packages/airflow/example_dags/example_complex.py
[2021-09-23 23:08:58,882] {scheduler_job.py:633} INFO - Processing file /home/airflow/sandbox/lib/python3.8/site-packages/airflow/example_dags/example_complex.py for tasks to queue
[2021-09-23 23:08:58,883] {logging_mixin.py:104} INFO - [2021-09-23 23:08:58,883] {dagbag.py:487} INFO - Filling up the DagBag from /home/airflow/sandbox/lib/python3.8/site-packages/airflow/example_dags/example_complex.py
[2021-09-23 23:08:58,903] {scheduler_job.py:643} INFO - DAG(s) dict_keys(['example_complex']) retrieved from /home/airflow/sandbox/lib/python3.8/site-packages/airflow/example_dags/example_complex.py
[2021-09-23 23:08:58,925] {logging_mixin.py:104} INFO - [2021-09-23 23:08:58,925] {dag.py:1832} INFO - Sync 1 DAGs
[2021-09-23 23:08:58,939] {logging_mixin.py:104} INFO - [2021-09-23 23:08:58,939] {dag.py:2305} INFO - Setting next_dagrun for example_complex to None
[2021-09-23 23:08:58,960] {scheduler_job.py:190} INFO - Processing /home/airflow/sandbox/lib/python3.8/site-packages/airflow/example_dags/example_complex.py took 0.081 seconds
[2021-09-23 23:09:32,283] {scheduler_job.py:182} INFO - Started process (PID=7595) to work on /home/airflow/sandbox/lib/python3.8/site-packages/airflow/example_dags/example_complex.py
[2021-09-23 23:09:32,284] {scheduler_job.py:633} INFO - Processing file /home/airflow/sandbox/lib/python3.8/site-packages/airflow/example_dags/example_complex.py for tasks to queue
[2021-09-23 23:09:32,285] {logging_mixin.py:104} INFO - [2021-09-23 23:09:32,285] {dagbag.py:487} INFO - Filling up the DagBag from /home/airflow/sandbox/lib/python3.8/site-packages/airflow/example_dags/example_complex.py
[2021-09-23 23:09:32,303] {scheduler_job.py:643} INFO - DAG(s) dict_keys(['example_complex']) retrieved from /home/airflow/sandbox/lib/python3.8/site-packages/airflow/example_dags/example_complex.py
[2021-09-23 23:09:32,329] {logging_mixin.py:104} INFO - [2021-09-23 23:09:32,329] {dag.py:1832} INFO - Sync 1 DAGs
[2021-09-23 23:09:32,340] {logging_mixin.py:104} INFO - [2021-09-23 23:09:32,340] {dag.py:2305} INFO - Setting next_dagrun for example_complex to None
[2021-09-23 23:09:32,358] {scheduler_job.py:190} INFO - Processing /home/airflow/sandbox/lib/python3.8/site-packages/airflow/example_dags/example_complex.py took 0.077 seconds
[2021-09-23 23:10:05,960] {scheduler_job.py:182} INFO - Started process (PID=7672) to work on /home/airflow/sandbox/lib/python3.8/site-packages/airflow/example_dags/example_complex.py
[2021-09-23 23:10:05,961] {scheduler_job.py:633} INFO - Processing file /home/airflow/sandbox/lib/python3.8/site-packages/airflow/example_dags/example_complex.py for tasks to queue
[2021-09-23 23:10:05,962] {logging_mixin.py:104} INFO - [2021-09-23 23:10:05,961] {dagbag.py:487} INFO - Filling up the DagBag from /home/airflow/sandbox/lib/python3.8/site-packages/airflow/example_dags/example_complex.py
[2021-09-23 23:10:05,985] {scheduler_job.py:643} INFO - DAG(s) dict_keys(['example_complex']) retrieved from /home/airflow/sandbox/lib/python3.8/site-packages/airflow/example_dags/example_complex.py
[2021-09-23 23:10:06,007] {logging_mixin.py:104} INFO - [2021-09-23 23:10:06,007] {dag.py:1832} INFO - Sync 1 DAGs
[2021-09-23 23:10:06,023] {logging_mixin.py:104} INFO - [2021-09-23 23:10:06,023] {dag.py:2305} INFO - Setting next_dagrun for example_complex to None
[2021-09-23 23:10:06,042] {scheduler_job.py:190} INFO - Processing /home/airflow/sandbox/lib/python3.8/site-packages/airflow/example_dags/example_complex.py took 0.085 seconds
[2021-09-23 23:10:44,559] {scheduler_job.py:182} INFO - Started process (PID=7839) to work on /home/airflow/sandbox/lib/python3.8/site-packages/airflow/example_dags/example_complex.py
[2021-09-23 23:10:44,560] {scheduler_job.py:633} INFO - Processing file /home/airflow/sandbox/lib/python3.8/site-packages/airflow/example_dags/example_complex.py for tasks to queue
[2021-09-23 23:10:44,561] {logging_mixin.py:104} INFO - [2021-09-23 23:10:44,561] {dagbag.py:487} INFO - Filling up the DagBag from /home/airflow/sandbox/lib/python3.8/site-packages/airflow/example_dags/example_complex.py
[2021-09-23 23:10:44,580] {scheduler_job.py:643} INFO - DAG(s) dict_keys(['example_complex']) retrieved from /home/airflow/sandbox/lib/python3.8/site-packages/airflow/example_dags/example_complex.py
[2021-09-23 23:10:44,597] {logging_mixin.py:104} INFO - [2021-09-23 23:10:44,597] {dag.py:1832} INFO - Sync 1 DAGs
[2021-09-23 23:10:44,609] {logging_mixin.py:104} INFO - [2021-09-23 23:10:44,609] {dag.py:2305} INFO - Setting next_dagrun for example_complex to None
[2021-09-23 23:10:44,631] {scheduler_job.py:190} INFO - Processing /home/airflow/sandbox/lib/python3.8/site-packages/airflow/example_dags/example_complex.py took 0.075 seconds
[2021-09-23 23:11:20,294] {scheduler_job.py:182} INFO - Started process (PID=7949) to work on /home/airflow/sandbox/lib/python3.8/site-packages/airflow/example_dags/example_complex.py
[2021-09-23 23:11:20,295] {scheduler_job.py:633} INFO - Processing file /home/airflow/sandbox/lib/python3.8/site-packages/airflow/example_dags/example_complex.py for tasks to queue
[2021-09-23 23:11:20,295] {logging_mixin.py:104} INFO - [2021-09-23 23:11:20,295] {dagbag.py:487} INFO - Filling up the DagBag from /home/airflow/sandbox/lib/python3.8/site-packages/airflow/example_dags/example_complex.py
[2021-09-23 23:11:20,313] {scheduler_job.py:643} INFO - DAG(s) dict_keys(['example_complex']) retrieved from /home/airflow/sandbox/lib/python3.8/site-packages/airflow/example_dags/example_complex.py
[2021-09-23 23:11:20,332] {logging_mixin.py:104} INFO - [2021-09-23 23:11:20,332] {dag.py:1832} INFO - Sync 1 DAGs
[2021-09-23 23:11:20,343] {logging_mixin.py:104} INFO - [2021-09-23 23:11:20,343] {dag.py:2305} INFO - Setting next_dagrun for example_complex to None
[2021-09-23 23:11:20,366] {scheduler_job.py:190} INFO - Processing /home/airflow/sandbox/lib/python3.8/site-packages/airflow/example_dags/example_complex.py took 0.074 seconds
[2021-09-23 23:11:54,218] {scheduler_job.py:182} INFO - Started process (PID=8095) to work on /home/airflow/sandbox/lib/python3.8/site-packages/airflow/example_dags/example_complex.py
[2021-09-23 23:11:54,219] {scheduler_job.py:633} INFO - Processing file /home/airflow/sandbox/lib/python3.8/site-packages/airflow/example_dags/example_complex.py for tasks to queue
[2021-09-23 23:11:54,220] {logging_mixin.py:104} INFO - [2021-09-23 23:11:54,219] {dagbag.py:487} INFO - Filling up the DagBag from /home/airflow/sandbox/lib/python3.8/site-packages/airflow/example_dags/example_complex.py
[2021-09-23 23:11:54,236] {scheduler_job.py:643} INFO - DAG(s) dict_keys(['example_complex']) retrieved from /home/airflow/sandbox/lib/python3.8/site-packages/airflow/example_dags/example_complex.py
[2021-09-23 23:11:54,257] {logging_mixin.py:104} INFO - [2021-09-23 23:11:54,257] {dag.py:1832} INFO - Sync 1 DAGs
[2021-09-23 23:11:54,271] {logging_mixin.py:104} INFO - [2021-09-23 23:11:54,270] {dag.py:2305} INFO - Setting next_dagrun for example_complex to None
[2021-09-23 23:11:54,290] {scheduler_job.py:190} INFO - Processing /home/airflow/sandbox/lib/python3.8/site-packages/airflow/example_dags/example_complex.py took 0.075 seconds
[2021-09-23 23:12:31,035] {scheduler_job.py:182} INFO - Started process (PID=8342) to work on /home/airflow/sandbox/lib/python3.8/site-packages/airflow/example_dags/example_complex.py
[2021-09-23 23:12:31,037] {scheduler_job.py:633} INFO - Processing file /home/airflow/sandbox/lib/python3.8/site-packages/airflow/example_dags/example_complex.py for tasks to queue
[2021-09-23 23:12:31,037] {logging_mixin.py:104} INFO - [2021-09-23 23:12:31,037] {dagbag.py:487} INFO - Filling up the DagBag from /home/airflow/sandbox/lib/python3.8/site-packages/airflow/example_dags/example_complex.py
[2021-09-23 23:12:31,055] {scheduler_job.py:643} INFO - DAG(s) dict_keys(['example_complex']) retrieved from /home/airflow/sandbox/lib/python3.8/site-packages/airflow/example_dags/example_complex.py
[2021-09-23 23:12:31,073] {logging_mixin.py:104} INFO - [2021-09-23 23:12:31,073] {dag.py:1832} INFO - Sync 1 DAGs
[2021-09-23 23:12:31,087] {logging_mixin.py:104} INFO - [2021-09-23 23:12:31,086] {dag.py:2305} INFO - Setting next_dagrun for example_complex to None
[2021-09-23 23:12:31,108] {scheduler_job.py:190} INFO - Processing /home/airflow/sandbox/lib/python3.8/site-packages/airflow/example_dags/example_complex.py took 0.076 seconds
[2021-09-23 23:13:09,787] {scheduler_job.py:182} INFO - Started process (PID=8408) to work on /home/airflow/sandbox/lib/python3.8/site-packages/airflow/example_dags/example_complex.py
[2021-09-23 23:13:09,788] {scheduler_job.py:633} INFO - Processing file /home/airflow/sandbox/lib/python3.8/site-packages/airflow/example_dags/example_complex.py for tasks to queue
[2021-09-23 23:13:09,789] {logging_mixin.py:104} INFO - [2021-09-23 23:13:09,789] {dagbag.py:487} INFO - Filling up the DagBag from /home/airflow/sandbox/lib/python3.8/site-packages/airflow/example_dags/example_complex.py
[2021-09-23 23:13:09,806] {scheduler_job.py:643} INFO - DAG(s) dict_keys(['example_complex']) retrieved from /home/airflow/sandbox/lib/python3.8/site-packages/airflow/example_dags/example_complex.py
[2021-09-23 23:13:09,825] {logging_mixin.py:104} INFO - [2021-09-23 23:13:09,825] {dag.py:1832} INFO - Sync 1 DAGs
[2021-09-23 23:13:09,836] {logging_mixin.py:104} INFO - [2021-09-23 23:13:09,836] {dag.py:2305} INFO - Setting next_dagrun for example_complex to None
[2021-09-23 23:13:09,855] {scheduler_job.py:190} INFO - Processing /home/airflow/sandbox/lib/python3.8/site-packages/airflow/example_dags/example_complex.py took 0.071 seconds
[2021-09-23 23:13:46,887] {scheduler_job.py:182} INFO - Started process (PID=8442) to work on /home/airflow/sandbox/lib/python3.8/site-packages/airflow/example_dags/example_complex.py
[2021-09-23 23:13:46,888] {scheduler_job.py:633} INFO - Processing file /home/airflow/sandbox/lib/python3.8/site-packages/airflow/example_dags/example_complex.py for tasks to queue
[2021-09-23 23:13:46,893] {logging_mixin.py:104} INFO - [2021-09-23 23:13:46,893] {dagbag.py:487} INFO - Filling up the DagBag from /home/airflow/sandbox/lib/python3.8/site-packages/airflow/example_dags/example_complex.py
[2021-09-23 23:13:46,912] {scheduler_job.py:643} INFO - DAG(s) dict_keys(['example_complex']) retrieved from /home/airflow/sandbox/lib/python3.8/site-packages/airflow/example_dags/example_complex.py
[2021-09-23 23:13:46,934] {logging_mixin.py:104} INFO - [2021-09-23 23:13:46,934] {dag.py:1832} INFO - Sync 1 DAGs
[2021-09-23 23:13:46,949] {logging_mixin.py:104} INFO - [2021-09-23 23:13:46,949] {dag.py:2305} INFO - Setting next_dagrun for example_complex to None
[2021-09-23 23:13:46,969] {scheduler_job.py:190} INFO - Processing /home/airflow/sandbox/lib/python3.8/site-packages/airflow/example_dags/example_complex.py took 0.086 seconds
[2021-09-23 23:14:25,638] {scheduler_job.py:182} INFO - Started process (PID=8478) to work on /home/airflow/sandbox/lib/python3.8/site-packages/airflow/example_dags/example_complex.py
[2021-09-23 23:14:25,639] {scheduler_job.py:633} INFO - Processing file /home/airflow/sandbox/lib/python3.8/site-packages/airflow/example_dags/example_complex.py for tasks to queue
[2021-09-23 23:14:25,639] {logging_mixin.py:104} INFO - [2021-09-23 23:14:25,639] {dagbag.py:487} INFO - Filling up the DagBag from /home/airflow/sandbox/lib/python3.8/site-packages/airflow/example_dags/example_complex.py
[2021-09-23 23:14:25,657] {scheduler_job.py:643} INFO - DAG(s) dict_keys(['example_complex']) retrieved from /home/airflow/sandbox/lib/python3.8/site-packages/airflow/example_dags/example_complex.py
[2021-09-23 23:14:25,675] {logging_mixin.py:104} INFO - [2021-09-23 23:14:25,675] {dag.py:1832} INFO - Sync 1 DAGs
[2021-09-23 23:14:25,687] {logging_mixin.py:104} INFO - [2021-09-23 23:14:25,687] {dag.py:2305} INFO - Setting next_dagrun for example_complex to None
[2021-09-23 23:14:25,709] {scheduler_job.py:190} INFO - Processing /home/airflow/sandbox/lib/python3.8/site-packages/airflow/example_dags/example_complex.py took 0.075 seconds
[2021-09-23 23:15:08,293] {scheduler_job.py:182} INFO - Started process (PID=8724) to work on /home/airflow/sandbox/lib/python3.8/site-packages/airflow/example_dags/example_complex.py
[2021-09-23 23:15:08,295] {scheduler_job.py:633} INFO - Processing file /home/airflow/sandbox/lib/python3.8/site-packages/airflow/example_dags/example_complex.py for tasks to queue
[2021-09-23 23:15:08,295] {logging_mixin.py:104} INFO - [2021-09-23 23:15:08,295] {dagbag.py:487} INFO - Filling up the DagBag from /home/airflow/sandbox/lib/python3.8/site-packages/airflow/example_dags/example_complex.py
[2021-09-23 23:15:08,313] {scheduler_job.py:643} INFO - DAG(s) dict_keys(['example_complex']) retrieved from /home/airflow/sandbox/lib/python3.8/site-packages/airflow/example_dags/example_complex.py
[2021-09-23 23:15:08,333] {logging_mixin.py:104} INFO - [2021-09-23 23:15:08,333] {dag.py:1832} INFO - Sync 1 DAGs
[2021-09-23 23:15:08,344] {logging_mixin.py:104} INFO - [2021-09-23 23:15:08,343] {dag.py:2305} INFO - Setting next_dagrun for example_complex to None
[2021-09-23 23:15:08,360] {scheduler_job.py:190} INFO - Processing /home/airflow/sandbox/lib/python3.8/site-packages/airflow/example_dags/example_complex.py took 0.070 seconds
[2021-09-23 23:15:40,963] {scheduler_job.py:182} INFO - Started process (PID=8919) to work on /home/airflow/sandbox/lib/python3.8/site-packages/airflow/example_dags/example_complex.py
[2021-09-23 23:15:40,971] {scheduler_job.py:633} INFO - Processing file /home/airflow/sandbox/lib/python3.8/site-packages/airflow/example_dags/example_complex.py for tasks to queue
[2021-09-23 23:15:40,972] {logging_mixin.py:104} INFO - [2021-09-23 23:15:40,972] {dagbag.py:487} INFO - Filling up the DagBag from /home/airflow/sandbox/lib/python3.8/site-packages/airflow/example_dags/example_complex.py
[2021-09-23 23:15:40,990] {scheduler_job.py:643} INFO - DAG(s) dict_keys(['example_complex']) retrieved from /home/airflow/sandbox/lib/python3.8/site-packages/airflow/example_dags/example_complex.py
[2021-09-23 23:15:41,010] {logging_mixin.py:104} INFO - [2021-09-23 23:15:41,010] {dag.py:1832} INFO - Sync 1 DAGs
[2021-09-23 23:15:41,021] {logging_mixin.py:104} INFO - [2021-09-23 23:15:41,020] {dag.py:2305} INFO - Setting next_dagrun for example_complex to None
[2021-09-23 23:15:41,039] {scheduler_job.py:190} INFO - Processing /home/airflow/sandbox/lib/python3.8/site-packages/airflow/example_dags/example_complex.py took 0.078 seconds
[2021-09-23 23:16:15,899] {scheduler_job.py:182} INFO - Started process (PID=9043) to work on /home/airflow/sandbox/lib/python3.8/site-packages/airflow/example_dags/example_complex.py
[2021-09-23 23:16:15,900] {scheduler_job.py:633} INFO - Processing file /home/airflow/sandbox/lib/python3.8/site-packages/airflow/example_dags/example_complex.py for tasks to queue
[2021-09-23 23:16:15,900] {logging_mixin.py:104} INFO - [2021-09-23 23:16:15,900] {dagbag.py:487} INFO - Filling up the DagBag from /home/airflow/sandbox/lib/python3.8/site-packages/airflow/example_dags/example_complex.py
[2021-09-23 23:16:15,923] {scheduler_job.py:643} INFO - DAG(s) dict_keys(['example_complex']) retrieved from /home/airflow/sandbox/lib/python3.8/site-packages/airflow/example_dags/example_complex.py
[2021-09-23 23:16:15,941] {logging_mixin.py:104} INFO - [2021-09-23 23:16:15,941] {dag.py:1832} INFO - Sync 1 DAGs
[2021-09-23 23:16:15,956] {logging_mixin.py:104} INFO - [2021-09-23 23:16:15,956] {dag.py:2305} INFO - Setting next_dagrun for example_complex to None
[2021-09-23 23:16:15,981] {scheduler_job.py:190} INFO - Processing /home/airflow/sandbox/lib/python3.8/site-packages/airflow/example_dags/example_complex.py took 0.087 seconds
[2021-09-23 23:16:50,820] {scheduler_job.py:182} INFO - Started process (PID=9193) to work on /home/airflow/sandbox/lib/python3.8/site-packages/airflow/example_dags/example_complex.py
[2021-09-23 23:16:50,821] {scheduler_job.py:633} INFO - Processing file /home/airflow/sandbox/lib/python3.8/site-packages/airflow/example_dags/example_complex.py for tasks to queue
[2021-09-23 23:16:50,822] {logging_mixin.py:104} INFO - [2021-09-23 23:16:50,822] {dagbag.py:487} INFO - Filling up the DagBag from /home/airflow/sandbox/lib/python3.8/site-packages/airflow/example_dags/example_complex.py
[2021-09-23 23:16:50,842] {scheduler_job.py:643} INFO - DAG(s) dict_keys(['example_complex']) retrieved from /home/airflow/sandbox/lib/python3.8/site-packages/airflow/example_dags/example_complex.py
[2021-09-23 23:16:50,860] {logging_mixin.py:104} INFO - [2021-09-23 23:16:50,860] {dag.py:1832} INFO - Sync 1 DAGs
[2021-09-23 23:16:50,872] {logging_mixin.py:104} INFO - [2021-09-23 23:16:50,872] {dag.py:2305} INFO - Setting next_dagrun for example_complex to None
[2021-09-23 23:16:50,894] {scheduler_job.py:190} INFO - Processing /home/airflow/sandbox/lib/python3.8/site-packages/airflow/example_dags/example_complex.py took 0.076 seconds
[2021-09-23 23:43:46,905] {scheduler_job.py:182} INFO - Started process (PID=9332) to work on /home/airflow/sandbox/lib/python3.8/site-packages/airflow/example_dags/example_complex.py
[2021-09-23 23:43:46,906] {scheduler_job.py:633} INFO - Processing file /home/airflow/sandbox/lib/python3.8/site-packages/airflow/example_dags/example_complex.py for tasks to queue
[2021-09-23 23:43:46,907] {logging_mixin.py:104} INFO - [2021-09-23 23:43:46,907] {dagbag.py:487} INFO - Filling up the DagBag from /home/airflow/sandbox/lib/python3.8/site-packages/airflow/example_dags/example_complex.py
[2021-09-23 23:43:46,925] {scheduler_job.py:643} INFO - DAG(s) dict_keys(['example_complex']) retrieved from /home/airflow/sandbox/lib/python3.8/site-packages/airflow/example_dags/example_complex.py
[2021-09-23 23:43:46,943] {logging_mixin.py:104} INFO - [2021-09-23 23:43:46,943] {dag.py:1832} INFO - Sync 1 DAGs
[2021-09-23 23:43:46,956] {logging_mixin.py:104} INFO - [2021-09-23 23:43:46,956] {dag.py:2305} INFO - Setting next_dagrun for example_complex to None
[2021-09-23 23:43:46,976] {scheduler_job.py:190} INFO - Processing /home/airflow/sandbox/lib/python3.8/site-packages/airflow/example_dags/example_complex.py took 0.074 seconds
[2021-09-23 23:44:20,543] {scheduler_job.py:182} INFO - Started process (PID=9365) to work on /home/airflow/sandbox/lib/python3.8/site-packages/airflow/example_dags/example_complex.py
[2021-09-23 23:44:20,544] {scheduler_job.py:633} INFO - Processing file /home/airflow/sandbox/lib/python3.8/site-packages/airflow/example_dags/example_complex.py for tasks to queue
[2021-09-23 23:44:20,545] {logging_mixin.py:104} INFO - [2021-09-23 23:44:20,545] {dagbag.py:487} INFO - Filling up the DagBag from /home/airflow/sandbox/lib/python3.8/site-packages/airflow/example_dags/example_complex.py
[2021-09-23 23:44:20,563] {scheduler_job.py:643} INFO - DAG(s) dict_keys(['example_complex']) retrieved from /home/airflow/sandbox/lib/python3.8/site-packages/airflow/example_dags/example_complex.py
[2021-09-23 23:44:20,580] {logging_mixin.py:104} INFO - [2021-09-23 23:44:20,580] {dag.py:1832} INFO - Sync 1 DAGs
[2021-09-23 23:44:20,591] {logging_mixin.py:104} INFO - [2021-09-23 23:44:20,591] {dag.py:2305} INFO - Setting next_dagrun for example_complex to None
[2021-09-23 23:44:20,612] {scheduler_job.py:190} INFO - Processing /home/airflow/sandbox/lib/python3.8/site-packages/airflow/example_dags/example_complex.py took 0.072 seconds
[2021-09-23 23:44:57,216] {scheduler_job.py:182} INFO - Started process (PID=9400) to work on /home/airflow/sandbox/lib/python3.8/site-packages/airflow/example_dags/example_complex.py
[2021-09-23 23:44:57,217] {scheduler_job.py:633} INFO - Processing file /home/airflow/sandbox/lib/python3.8/site-packages/airflow/example_dags/example_complex.py for tasks to queue
[2021-09-23 23:44:57,218] {logging_mixin.py:104} INFO - [2021-09-23 23:44:57,217] {dagbag.py:487} INFO - Filling up the DagBag from /home/airflow/sandbox/lib/python3.8/site-packages/airflow/example_dags/example_complex.py
[2021-09-23 23:44:57,235] {scheduler_job.py:643} INFO - DAG(s) dict_keys(['example_complex']) retrieved from /home/airflow/sandbox/lib/python3.8/site-packages/airflow/example_dags/example_complex.py
[2021-09-23 23:44:57,253] {logging_mixin.py:104} INFO - [2021-09-23 23:44:57,253] {dag.py:1832} INFO - Sync 1 DAGs
[2021-09-23 23:44:57,264] {logging_mixin.py:104} INFO - [2021-09-23 23:44:57,264] {dag.py:2305} INFO - Setting next_dagrun for example_complex to None
[2021-09-23 23:44:57,283] {scheduler_job.py:190} INFO - Processing /home/airflow/sandbox/lib/python3.8/site-packages/airflow/example_dags/example_complex.py took 0.070 seconds
[2021-09-23 23:45:33,930] {scheduler_job.py:182} INFO - Started process (PID=9435) to work on /home/airflow/sandbox/lib/python3.8/site-packages/airflow/example_dags/example_complex.py
[2021-09-23 23:45:33,931] {scheduler_job.py:633} INFO - Processing file /home/airflow/sandbox/lib/python3.8/site-packages/airflow/example_dags/example_complex.py for tasks to queue
[2021-09-23 23:45:33,932] {logging_mixin.py:104} INFO - [2021-09-23 23:45:33,931] {dagbag.py:487} INFO - Filling up the DagBag from /home/airflow/sandbox/lib/python3.8/site-packages/airflow/example_dags/example_complex.py
[2021-09-23 23:45:33,950] {scheduler_job.py:643} INFO - DAG(s) dict_keys(['example_complex']) retrieved from /home/airflow/sandbox/lib/python3.8/site-packages/airflow/example_dags/example_complex.py
[2021-09-23 23:45:33,967] {logging_mixin.py:104} INFO - [2021-09-23 23:45:33,967] {dag.py:1832} INFO - Sync 1 DAGs
[2021-09-23 23:45:33,978] {logging_mixin.py:104} INFO - [2021-09-23 23:45:33,978] {dag.py:2305} INFO - Setting next_dagrun for example_complex to None
[2021-09-23 23:45:33,997] {scheduler_job.py:190} INFO - Processing /home/airflow/sandbox/lib/python3.8/site-packages/airflow/example_dags/example_complex.py took 0.070 seconds
[2021-09-23 23:46:10,655] {scheduler_job.py:182} INFO - Started process (PID=9469) to work on /home/airflow/sandbox/lib/python3.8/site-packages/airflow/example_dags/example_complex.py
[2021-09-23 23:46:10,655] {scheduler_job.py:633} INFO - Processing file /home/airflow/sandbox/lib/python3.8/site-packages/airflow/example_dags/example_complex.py for tasks to queue
[2021-09-23 23:46:10,656] {logging_mixin.py:104} INFO - [2021-09-23 23:46:10,656] {dagbag.py:487} INFO - Filling up the DagBag from /home/airflow/sandbox/lib/python3.8/site-packages/airflow/example_dags/example_complex.py
[2021-09-23 23:46:10,675] {scheduler_job.py:643} INFO - DAG(s) dict_keys(['example_complex']) retrieved from /home/airflow/sandbox/lib/python3.8/site-packages/airflow/example_dags/example_complex.py
[2021-09-23 23:46:10,693] {logging_mixin.py:104} INFO - [2021-09-23 23:46:10,693] {dag.py:1832} INFO - Sync 1 DAGs
[2021-09-23 23:46:10,705] {logging_mixin.py:104} INFO - [2021-09-23 23:46:10,705] {dag.py:2305} INFO - Setting next_dagrun for example_complex to None
[2021-09-23 23:46:10,723] {scheduler_job.py:190} INFO - Processing /home/airflow/sandbox/lib/python3.8/site-packages/airflow/example_dags/example_complex.py took 0.072 seconds
[2021-09-23 23:46:44,333] {scheduler_job.py:182} INFO - Started process (PID=9545) to work on /home/airflow/sandbox/lib/python3.8/site-packages/airflow/example_dags/example_complex.py
[2021-09-23 23:46:44,334] {scheduler_job.py:633} INFO - Processing file /home/airflow/sandbox/lib/python3.8/site-packages/airflow/example_dags/example_complex.py for tasks to queue
[2021-09-23 23:46:44,335] {logging_mixin.py:104} INFO - [2021-09-23 23:46:44,335] {dagbag.py:487} INFO - Filling up the DagBag from /home/airflow/sandbox/lib/python3.8/site-packages/airflow/example_dags/example_complex.py
[2021-09-23 23:46:44,352] {scheduler_job.py:643} INFO - DAG(s) dict_keys(['example_complex']) retrieved from /home/airflow/sandbox/lib/python3.8/site-packages/airflow/example_dags/example_complex.py
[2021-09-23 23:46:44,369] {logging_mixin.py:104} INFO - [2021-09-23 23:46:44,368] {dag.py:1832} INFO - Sync 1 DAGs
[2021-09-23 23:46:44,380] {logging_mixin.py:104} INFO - [2021-09-23 23:46:44,380] {dag.py:2305} INFO - Setting next_dagrun for example_complex to None
[2021-09-23 23:46:44,398] {scheduler_job.py:190} INFO - Processing /home/airflow/sandbox/lib/python3.8/site-packages/airflow/example_dags/example_complex.py took 0.067 seconds
[2021-09-23 23:47:20,103] {scheduler_job.py:182} INFO - Started process (PID=9579) to work on /home/airflow/sandbox/lib/python3.8/site-packages/airflow/example_dags/example_complex.py
[2021-09-23 23:47:20,103] {scheduler_job.py:633} INFO - Processing file /home/airflow/sandbox/lib/python3.8/site-packages/airflow/example_dags/example_complex.py for tasks to queue
[2021-09-23 23:47:20,104] {logging_mixin.py:104} INFO - [2021-09-23 23:47:20,104] {dagbag.py:487} INFO - Filling up the DagBag from /home/airflow/sandbox/lib/python3.8/site-packages/airflow/example_dags/example_complex.py
[2021-09-23 23:47:20,122] {scheduler_job.py:643} INFO - DAG(s) dict_keys(['example_complex']) retrieved from /home/airflow/sandbox/lib/python3.8/site-packages/airflow/example_dags/example_complex.py
[2021-09-23 23:47:20,140] {logging_mixin.py:104} INFO - [2021-09-23 23:47:20,139] {dag.py:1832} INFO - Sync 1 DAGs
[2021-09-23 23:47:20,152] {logging_mixin.py:104} INFO - [2021-09-23 23:47:20,152] {dag.py:2305} INFO - Setting next_dagrun for example_complex to None
[2021-09-23 23:47:20,173] {scheduler_job.py:190} INFO - Processing /home/airflow/sandbox/lib/python3.8/site-packages/airflow/example_dags/example_complex.py took 0.073 seconds
[2021-09-23 23:47:53,620] {scheduler_job.py:182} INFO - Started process (PID=9613) to work on /home/airflow/sandbox/lib/python3.8/site-packages/airflow/example_dags/example_complex.py
[2021-09-23 23:47:53,621] {scheduler_job.py:633} INFO - Processing file /home/airflow/sandbox/lib/python3.8/site-packages/airflow/example_dags/example_complex.py for tasks to queue
[2021-09-23 23:47:53,622] {logging_mixin.py:104} INFO - [2021-09-23 23:47:53,622] {dagbag.py:487} INFO - Filling up the DagBag from /home/airflow/sandbox/lib/python3.8/site-packages/airflow/example_dags/example_complex.py
[2021-09-23 23:47:53,640] {scheduler_job.py:643} INFO - DAG(s) dict_keys(['example_complex']) retrieved from /home/airflow/sandbox/lib/python3.8/site-packages/airflow/example_dags/example_complex.py
[2021-09-23 23:47:53,661] {logging_mixin.py:104} INFO - [2021-09-23 23:47:53,659] {dag.py:1832} INFO - Sync 1 DAGs
[2021-09-23 23:47:53,673] {logging_mixin.py:104} INFO - [2021-09-23 23:47:53,673] {dag.py:2305} INFO - Setting next_dagrun for example_complex to None
[2021-09-23 23:47:53,692] {scheduler_job.py:190} INFO - Processing /home/airflow/sandbox/lib/python3.8/site-packages/airflow/example_dags/example_complex.py took 0.075 seconds
[2021-09-23 23:48:31,977] {scheduler_job.py:182} INFO - Started process (PID=9649) to work on /home/airflow/sandbox/lib/python3.8/site-packages/airflow/example_dags/example_complex.py
[2021-09-23 23:48:31,978] {scheduler_job.py:633} INFO - Processing file /home/airflow/sandbox/lib/python3.8/site-packages/airflow/example_dags/example_complex.py for tasks to queue
[2021-09-23 23:48:31,980] {logging_mixin.py:104} INFO - [2021-09-23 23:48:31,980] {dagbag.py:487} INFO - Filling up the DagBag from /home/airflow/sandbox/lib/python3.8/site-packages/airflow/example_dags/example_complex.py
[2021-09-23 23:48:31,995] {scheduler_job.py:643} INFO - DAG(s) dict_keys(['example_complex']) retrieved from /home/airflow/sandbox/lib/python3.8/site-packages/airflow/example_dags/example_complex.py
[2021-09-23 23:48:32,014] {logging_mixin.py:104} INFO - [2021-09-23 23:48:32,014] {dag.py:1832} INFO - Sync 1 DAGs
[2021-09-23 23:48:32,024] {logging_mixin.py:104} INFO - [2021-09-23 23:48:32,024] {dag.py:2305} INFO - Setting next_dagrun for example_complex to None
[2021-09-23 23:48:32,041] {scheduler_job.py:190} INFO - Processing /home/airflow/sandbox/lib/python3.8/site-packages/airflow/example_dags/example_complex.py took 0.068 seconds
[2021-09-23 23:49:09,137] {scheduler_job.py:182} INFO - Started process (PID=9683) to work on /home/airflow/sandbox/lib/python3.8/site-packages/airflow/example_dags/example_complex.py
[2021-09-23 23:49:09,138] {scheduler_job.py:633} INFO - Processing file /home/airflow/sandbox/lib/python3.8/site-packages/airflow/example_dags/example_complex.py for tasks to queue
[2021-09-23 23:49:09,139] {logging_mixin.py:104} INFO - [2021-09-23 23:49:09,138] {dagbag.py:487} INFO - Filling up the DagBag from /home/airflow/sandbox/lib/python3.8/site-packages/airflow/example_dags/example_complex.py
[2021-09-23 23:49:09,170] {scheduler_job.py:643} INFO - DAG(s) dict_keys(['example_complex']) retrieved from /home/airflow/sandbox/lib/python3.8/site-packages/airflow/example_dags/example_complex.py
[2021-09-23 23:49:09,190] {logging_mixin.py:104} INFO - [2021-09-23 23:49:09,190] {dag.py:1832} INFO - Sync 1 DAGs
[2021-09-23 23:49:09,204] {logging_mixin.py:104} INFO - [2021-09-23 23:49:09,204] {dag.py:2305} INFO - Setting next_dagrun for example_complex to None
[2021-09-23 23:49:09,229] {scheduler_job.py:190} INFO - Processing /home/airflow/sandbox/lib/python3.8/site-packages/airflow/example_dags/example_complex.py took 0.095 seconds
[2021-09-23 23:49:45,749] {scheduler_job.py:182} INFO - Started process (PID=9717) to work on /home/airflow/sandbox/lib/python3.8/site-packages/airflow/example_dags/example_complex.py
[2021-09-23 23:49:45,750] {scheduler_job.py:633} INFO - Processing file /home/airflow/sandbox/lib/python3.8/site-packages/airflow/example_dags/example_complex.py for tasks to queue
[2021-09-23 23:49:45,750] {logging_mixin.py:104} INFO - [2021-09-23 23:49:45,750] {dagbag.py:487} INFO - Filling up the DagBag from /home/airflow/sandbox/lib/python3.8/site-packages/airflow/example_dags/example_complex.py
[2021-09-23 23:49:45,768] {scheduler_job.py:643} INFO - DAG(s) dict_keys(['example_complex']) retrieved from /home/airflow/sandbox/lib/python3.8/site-packages/airflow/example_dags/example_complex.py
[2021-09-23 23:49:45,788] {logging_mixin.py:104} INFO - [2021-09-23 23:49:45,788] {dag.py:1832} INFO - Sync 1 DAGs
[2021-09-23 23:49:45,798] {logging_mixin.py:104} INFO - [2021-09-23 23:49:45,798] {dag.py:2305} INFO - Setting next_dagrun for example_complex to None
[2021-09-23 23:49:45,816] {scheduler_job.py:190} INFO - Processing /home/airflow/sandbox/lib/python3.8/site-packages/airflow/example_dags/example_complex.py took 0.071 seconds
[2021-09-23 23:50:19,441] {scheduler_job.py:182} INFO - Started process (PID=9752) to work on /home/airflow/sandbox/lib/python3.8/site-packages/airflow/example_dags/example_complex.py
[2021-09-23 23:50:19,443] {scheduler_job.py:633} INFO - Processing file /home/airflow/sandbox/lib/python3.8/site-packages/airflow/example_dags/example_complex.py for tasks to queue
[2021-09-23 23:50:19,443] {logging_mixin.py:104} INFO - [2021-09-23 23:50:19,443] {dagbag.py:487} INFO - Filling up the DagBag from /home/airflow/sandbox/lib/python3.8/site-packages/airflow/example_dags/example_complex.py
[2021-09-23 23:50:19,460] {scheduler_job.py:643} INFO - DAG(s) dict_keys(['example_complex']) retrieved from /home/airflow/sandbox/lib/python3.8/site-packages/airflow/example_dags/example_complex.py
[2021-09-23 23:50:19,477] {logging_mixin.py:104} INFO - [2021-09-23 23:50:19,477] {dag.py:1832} INFO - Sync 1 DAGs
[2021-09-23 23:50:19,489] {logging_mixin.py:104} INFO - [2021-09-23 23:50:19,489] {dag.py:2305} INFO - Setting next_dagrun for example_complex to None
[2021-09-23 23:50:19,510] {scheduler_job.py:190} INFO - Processing /home/airflow/sandbox/lib/python3.8/site-packages/airflow/example_dags/example_complex.py took 0.071 seconds
[2021-09-23 23:50:56,290] {scheduler_job.py:182} INFO - Started process (PID=9787) to work on /home/airflow/sandbox/lib/python3.8/site-packages/airflow/example_dags/example_complex.py
[2021-09-23 23:50:56,291] {scheduler_job.py:633} INFO - Processing file /home/airflow/sandbox/lib/python3.8/site-packages/airflow/example_dags/example_complex.py for tasks to queue
[2021-09-23 23:50:56,291] {logging_mixin.py:104} INFO - [2021-09-23 23:50:56,291] {dagbag.py:487} INFO - Filling up the DagBag from /home/airflow/sandbox/lib/python3.8/site-packages/airflow/example_dags/example_complex.py
[2021-09-23 23:50:56,317] {scheduler_job.py:643} INFO - DAG(s) dict_keys(['example_complex']) retrieved from /home/airflow/sandbox/lib/python3.8/site-packages/airflow/example_dags/example_complex.py
[2021-09-23 23:50:56,340] {logging_mixin.py:104} INFO - [2021-09-23 23:50:56,340] {dag.py:1832} INFO - Sync 1 DAGs
[2021-09-23 23:50:56,352] {logging_mixin.py:104} INFO - [2021-09-23 23:50:56,352] {dag.py:2305} INFO - Setting next_dagrun for example_complex to None
[2021-09-23 23:50:56,375] {scheduler_job.py:190} INFO - Processing /home/airflow/sandbox/lib/python3.8/site-packages/airflow/example_dags/example_complex.py took 0.087 seconds
[2021-09-23 23:51:32,383] {scheduler_job.py:182} INFO - Started process (PID=9844) to work on /home/airflow/sandbox/lib/python3.8/site-packages/airflow/example_dags/example_complex.py
[2021-09-23 23:51:32,384] {scheduler_job.py:633} INFO - Processing file /home/airflow/sandbox/lib/python3.8/site-packages/airflow/example_dags/example_complex.py for tasks to queue
[2021-09-23 23:51:32,384] {logging_mixin.py:104} INFO - [2021-09-23 23:51:32,384] {dagbag.py:487} INFO - Filling up the DagBag from /home/airflow/sandbox/lib/python3.8/site-packages/airflow/example_dags/example_complex.py
[2021-09-23 23:51:32,402] {scheduler_job.py:643} INFO - DAG(s) dict_keys(['example_complex']) retrieved from /home/airflow/sandbox/lib/python3.8/site-packages/airflow/example_dags/example_complex.py
[2021-09-23 23:51:32,419] {logging_mixin.py:104} INFO - [2021-09-23 23:51:32,419] {dag.py:1832} INFO - Sync 1 DAGs
[2021-09-23 23:51:32,430] {logging_mixin.py:104} INFO - [2021-09-23 23:51:32,430] {dag.py:2305} INFO - Setting next_dagrun for example_complex to None
[2021-09-23 23:51:32,452] {scheduler_job.py:190} INFO - Processing /home/airflow/sandbox/lib/python3.8/site-packages/airflow/example_dags/example_complex.py took 0.072 seconds
[2021-09-23 23:52:08,595] {scheduler_job.py:182} INFO - Started process (PID=9899) to work on /home/airflow/sandbox/lib/python3.8/site-packages/airflow/example_dags/example_complex.py
[2021-09-23 23:52:08,596] {scheduler_job.py:633} INFO - Processing file /home/airflow/sandbox/lib/python3.8/site-packages/airflow/example_dags/example_complex.py for tasks to queue
[2021-09-23 23:52:08,597] {logging_mixin.py:104} INFO - [2021-09-23 23:52:08,597] {dagbag.py:487} INFO - Filling up the DagBag from /home/airflow/sandbox/lib/python3.8/site-packages/airflow/example_dags/example_complex.py
[2021-09-23 23:52:08,613] {scheduler_job.py:643} INFO - DAG(s) dict_keys(['example_complex']) retrieved from /home/airflow/sandbox/lib/python3.8/site-packages/airflow/example_dags/example_complex.py
[2021-09-23 23:52:08,630] {logging_mixin.py:104} INFO - [2021-09-23 23:52:08,630] {dag.py:1832} INFO - Sync 1 DAGs
[2021-09-23 23:52:08,642] {logging_mixin.py:104} INFO - [2021-09-23 23:52:08,642] {dag.py:2305} INFO - Setting next_dagrun for example_complex to None
[2021-09-23 23:52:08,660] {scheduler_job.py:190} INFO - Processing /home/airflow/sandbox/lib/python3.8/site-packages/airflow/example_dags/example_complex.py took 0.068 seconds
[2021-09-23 23:52:40,670] {scheduler_job.py:182} INFO - Started process (PID=9932) to work on /home/airflow/sandbox/lib/python3.8/site-packages/airflow/example_dags/example_complex.py
[2021-09-23 23:52:40,671] {scheduler_job.py:633} INFO - Processing file /home/airflow/sandbox/lib/python3.8/site-packages/airflow/example_dags/example_complex.py for tasks to queue
[2021-09-23 23:52:40,672] {logging_mixin.py:104} INFO - [2021-09-23 23:52:40,672] {dagbag.py:487} INFO - Filling up the DagBag from /home/airflow/sandbox/lib/python3.8/site-packages/airflow/example_dags/example_complex.py
[2021-09-23 23:52:40,689] {scheduler_job.py:643} INFO - DAG(s) dict_keys(['example_complex']) retrieved from /home/airflow/sandbox/lib/python3.8/site-packages/airflow/example_dags/example_complex.py
[2021-09-23 23:52:40,706] {logging_mixin.py:104} INFO - [2021-09-23 23:52:40,706] {dag.py:1832} INFO - Sync 1 DAGs
[2021-09-23 23:52:40,717] {logging_mixin.py:104} INFO - [2021-09-23 23:52:40,717] {dag.py:2305} INFO - Setting next_dagrun for example_complex to None
[2021-09-23 23:52:40,739] {scheduler_job.py:190} INFO - Processing /home/airflow/sandbox/lib/python3.8/site-packages/airflow/example_dags/example_complex.py took 0.071 seconds
[2021-09-23 23:53:18,985] {scheduler_job.py:182} INFO - Started process (PID=9968) to work on /home/airflow/sandbox/lib/python3.8/site-packages/airflow/example_dags/example_complex.py
[2021-09-23 23:53:18,986] {scheduler_job.py:633} INFO - Processing file /home/airflow/sandbox/lib/python3.8/site-packages/airflow/example_dags/example_complex.py for tasks to queue
[2021-09-23 23:53:18,987] {logging_mixin.py:104} INFO - [2021-09-23 23:53:18,986] {dagbag.py:487} INFO - Filling up the DagBag from /home/airflow/sandbox/lib/python3.8/site-packages/airflow/example_dags/example_complex.py
[2021-09-23 23:53:19,003] {scheduler_job.py:643} INFO - DAG(s) dict_keys(['example_complex']) retrieved from /home/airflow/sandbox/lib/python3.8/site-packages/airflow/example_dags/example_complex.py
[2021-09-23 23:53:19,021] {logging_mixin.py:104} INFO - [2021-09-23 23:53:19,021] {dag.py:1832} INFO - Sync 1 DAGs
[2021-09-23 23:53:19,031] {logging_mixin.py:104} INFO - [2021-09-23 23:53:19,031] {dag.py:2305} INFO - Setting next_dagrun for example_complex to None
[2021-09-23 23:53:19,059] {scheduler_job.py:190} INFO - Processing /home/airflow/sandbox/lib/python3.8/site-packages/airflow/example_dags/example_complex.py took 0.077 seconds
[2021-09-23 23:53:53,496] {scheduler_job.py:182} INFO - Started process (PID=10002) to work on /home/airflow/sandbox/lib/python3.8/site-packages/airflow/example_dags/example_complex.py
[2021-09-23 23:53:53,497] {scheduler_job.py:633} INFO - Processing file /home/airflow/sandbox/lib/python3.8/site-packages/airflow/example_dags/example_complex.py for tasks to queue
[2021-09-23 23:53:53,498] {logging_mixin.py:104} INFO - [2021-09-23 23:53:53,498] {dagbag.py:487} INFO - Filling up the DagBag from /home/airflow/sandbox/lib/python3.8/site-packages/airflow/example_dags/example_complex.py
[2021-09-23 23:53:53,516] {scheduler_job.py:643} INFO - DAG(s) dict_keys(['example_complex']) retrieved from /home/airflow/sandbox/lib/python3.8/site-packages/airflow/example_dags/example_complex.py
[2021-09-23 23:53:53,538] {logging_mixin.py:104} INFO - [2021-09-23 23:53:53,538] {dag.py:1832} INFO - Sync 1 DAGs
[2021-09-23 23:53:53,549] {logging_mixin.py:104} INFO - [2021-09-23 23:53:53,549] {dag.py:2305} INFO - Setting next_dagrun for example_complex to None
[2021-09-23 23:53:53,572] {scheduler_job.py:190} INFO - Processing /home/airflow/sandbox/lib/python3.8/site-packages/airflow/example_dags/example_complex.py took 0.079 seconds
[2021-09-23 23:54:28,371] {scheduler_job.py:182} INFO - Started process (PID=10034) to work on /home/airflow/sandbox/lib/python3.8/site-packages/airflow/example_dags/example_complex.py
[2021-09-23 23:54:28,371] {scheduler_job.py:633} INFO - Processing file /home/airflow/sandbox/lib/python3.8/site-packages/airflow/example_dags/example_complex.py for tasks to queue
[2021-09-23 23:54:28,372] {logging_mixin.py:104} INFO - [2021-09-23 23:54:28,372] {dagbag.py:487} INFO - Filling up the DagBag from /home/airflow/sandbox/lib/python3.8/site-packages/airflow/example_dags/example_complex.py
[2021-09-23 23:54:28,388] {scheduler_job.py:643} INFO - DAG(s) dict_keys(['example_complex']) retrieved from /home/airflow/sandbox/lib/python3.8/site-packages/airflow/example_dags/example_complex.py
[2021-09-23 23:54:28,407] {logging_mixin.py:104} INFO - [2021-09-23 23:54:28,407] {dag.py:1832} INFO - Sync 1 DAGs
[2021-09-23 23:54:28,418] {logging_mixin.py:104} INFO - [2021-09-23 23:54:28,418] {dag.py:2305} INFO - Setting next_dagrun for example_complex to None
[2021-09-23 23:54:28,441] {scheduler_job.py:190} INFO - Processing /home/airflow/sandbox/lib/python3.8/site-packages/airflow/example_dags/example_complex.py took 0.073 seconds
[2021-09-23 23:55:02,057] {scheduler_job.py:182} INFO - Started process (PID=10066) to work on /home/airflow/sandbox/lib/python3.8/site-packages/airflow/example_dags/example_complex.py
[2021-09-23 23:55:02,058] {scheduler_job.py:633} INFO - Processing file /home/airflow/sandbox/lib/python3.8/site-packages/airflow/example_dags/example_complex.py for tasks to queue
[2021-09-23 23:55:02,058] {logging_mixin.py:104} INFO - [2021-09-23 23:55:02,058] {dagbag.py:487} INFO - Filling up the DagBag from /home/airflow/sandbox/lib/python3.8/site-packages/airflow/example_dags/example_complex.py
[2021-09-23 23:55:02,077] {scheduler_job.py:643} INFO - DAG(s) dict_keys(['example_complex']) retrieved from /home/airflow/sandbox/lib/python3.8/site-packages/airflow/example_dags/example_complex.py
[2021-09-23 23:55:02,093] {logging_mixin.py:104} INFO - [2021-09-23 23:55:02,093] {dag.py:1832} INFO - Sync 1 DAGs
[2021-09-23 23:55:02,104] {logging_mixin.py:104} INFO - [2021-09-23 23:55:02,104] {dag.py:2305} INFO - Setting next_dagrun for example_complex to None
[2021-09-23 23:55:02,126] {scheduler_job.py:190} INFO - Processing /home/airflow/sandbox/lib/python3.8/site-packages/airflow/example_dags/example_complex.py took 0.071 seconds
[2021-09-23 23:55:39,630] {scheduler_job.py:182} INFO - Started process (PID=10185) to work on /home/airflow/sandbox/lib/python3.8/site-packages/airflow/example_dags/example_complex.py
[2021-09-23 23:55:39,631] {scheduler_job.py:633} INFO - Processing file /home/airflow/sandbox/lib/python3.8/site-packages/airflow/example_dags/example_complex.py for tasks to queue
[2021-09-23 23:55:39,632] {logging_mixin.py:104} INFO - [2021-09-23 23:55:39,632] {dagbag.py:487} INFO - Filling up the DagBag from /home/airflow/sandbox/lib/python3.8/site-packages/airflow/example_dags/example_complex.py
[2021-09-23 23:55:39,656] {scheduler_job.py:643} INFO - DAG(s) dict_keys(['example_complex']) retrieved from /home/airflow/sandbox/lib/python3.8/site-packages/airflow/example_dags/example_complex.py
[2021-09-23 23:55:39,676] {logging_mixin.py:104} INFO - [2021-09-23 23:55:39,676] {dag.py:1832} INFO - Sync 1 DAGs
[2021-09-23 23:55:39,695] {logging_mixin.py:104} INFO - [2021-09-23 23:55:39,695] {dag.py:2305} INFO - Setting next_dagrun for example_complex to None
[2021-09-23 23:55:39,720] {scheduler_job.py:190} INFO - Processing /home/airflow/sandbox/lib/python3.8/site-packages/airflow/example_dags/example_complex.py took 0.092 seconds
[2021-09-23 23:56:12,730] {scheduler_job.py:182} INFO - Started process (PID=10218) to work on /home/airflow/sandbox/lib/python3.8/site-packages/airflow/example_dags/example_complex.py
[2021-09-23 23:56:12,732] {scheduler_job.py:633} INFO - Processing file /home/airflow/sandbox/lib/python3.8/site-packages/airflow/example_dags/example_complex.py for tasks to queue
[2021-09-23 23:56:12,733] {logging_mixin.py:104} INFO - [2021-09-23 23:56:12,732] {dagbag.py:487} INFO - Filling up the DagBag from /home/airflow/sandbox/lib/python3.8/site-packages/airflow/example_dags/example_complex.py
[2021-09-23 23:56:12,765] {scheduler_job.py:643} INFO - DAG(s) dict_keys(['example_complex']) retrieved from /home/airflow/sandbox/lib/python3.8/site-packages/airflow/example_dags/example_complex.py
[2021-09-23 23:56:12,785] {logging_mixin.py:104} INFO - [2021-09-23 23:56:12,785] {dag.py:1832} INFO - Sync 1 DAGs
[2021-09-23 23:56:12,798] {logging_mixin.py:104} INFO - [2021-09-23 23:56:12,798] {dag.py:2305} INFO - Setting next_dagrun for example_complex to None
[2021-09-23 23:56:12,821] {scheduler_job.py:190} INFO - Processing /home/airflow/sandbox/lib/python3.8/site-packages/airflow/example_dags/example_complex.py took 0.093 seconds
[2021-09-23 23:56:48,288] {scheduler_job.py:182} INFO - Started process (PID=10293) to work on /home/airflow/sandbox/lib/python3.8/site-packages/airflow/example_dags/example_complex.py
[2021-09-23 23:56:48,290] {scheduler_job.py:633} INFO - Processing file /home/airflow/sandbox/lib/python3.8/site-packages/airflow/example_dags/example_complex.py for tasks to queue
[2021-09-23 23:56:48,290] {logging_mixin.py:104} INFO - [2021-09-23 23:56:48,290] {dagbag.py:487} INFO - Filling up the DagBag from /home/airflow/sandbox/lib/python3.8/site-packages/airflow/example_dags/example_complex.py
[2021-09-23 23:56:48,308] {scheduler_job.py:643} INFO - DAG(s) dict_keys(['example_complex']) retrieved from /home/airflow/sandbox/lib/python3.8/site-packages/airflow/example_dags/example_complex.py
[2021-09-23 23:56:48,329] {logging_mixin.py:104} INFO - [2021-09-23 23:56:48,329] {dag.py:1832} INFO - Sync 1 DAGs
[2021-09-23 23:56:48,347] {logging_mixin.py:104} INFO - [2021-09-23 23:56:48,347] {dag.py:2305} INFO - Setting next_dagrun for example_complex to None
[2021-09-23 23:56:48,373] {scheduler_job.py:190} INFO - Processing /home/airflow/sandbox/lib/python3.8/site-packages/airflow/example_dags/example_complex.py took 0.087 seconds
[2021-09-23 23:57:24,885] {scheduler_job.py:182} INFO - Started process (PID=10609) to work on /home/airflow/sandbox/lib/python3.8/site-packages/airflow/example_dags/example_complex.py
[2021-09-23 23:57:24,886] {scheduler_job.py:633} INFO - Processing file /home/airflow/sandbox/lib/python3.8/site-packages/airflow/example_dags/example_complex.py for tasks to queue
[2021-09-23 23:57:24,887] {logging_mixin.py:104} INFO - [2021-09-23 23:57:24,887] {dagbag.py:487} INFO - Filling up the DagBag from /home/airflow/sandbox/lib/python3.8/site-packages/airflow/example_dags/example_complex.py
[2021-09-23 23:57:24,909] {scheduler_job.py:643} INFO - DAG(s) dict_keys(['example_complex']) retrieved from /home/airflow/sandbox/lib/python3.8/site-packages/airflow/example_dags/example_complex.py
[2021-09-23 23:57:24,928] {logging_mixin.py:104} INFO - [2021-09-23 23:57:24,928] {dag.py:1832} INFO - Sync 1 DAGs
[2021-09-23 23:57:24,943] {logging_mixin.py:104} INFO - [2021-09-23 23:57:24,943] {dag.py:2305} INFO - Setting next_dagrun for example_complex to None
[2021-09-23 23:57:24,965] {scheduler_job.py:190} INFO - Processing /home/airflow/sandbox/lib/python3.8/site-packages/airflow/example_dags/example_complex.py took 0.084 seconds
[2021-09-23 23:58:07,847] {scheduler_job.py:182} INFO - Started process (PID=10852) to work on /home/airflow/sandbox/lib/python3.8/site-packages/airflow/example_dags/example_complex.py
[2021-09-23 23:58:07,848] {scheduler_job.py:633} INFO - Processing file /home/airflow/sandbox/lib/python3.8/site-packages/airflow/example_dags/example_complex.py for tasks to queue
[2021-09-23 23:58:07,848] {logging_mixin.py:104} INFO - [2021-09-23 23:58:07,848] {dagbag.py:487} INFO - Filling up the DagBag from /home/airflow/sandbox/lib/python3.8/site-packages/airflow/example_dags/example_complex.py
[2021-09-23 23:58:07,874] {scheduler_job.py:643} INFO - DAG(s) dict_keys(['example_complex']) retrieved from /home/airflow/sandbox/lib/python3.8/site-packages/airflow/example_dags/example_complex.py
[2021-09-23 23:58:07,913] {logging_mixin.py:104} INFO - [2021-09-23 23:58:07,912] {dag.py:1832} INFO - Sync 1 DAGs
[2021-09-23 23:58:07,940] {logging_mixin.py:104} INFO - [2021-09-23 23:58:07,940] {dag.py:2305} INFO - Setting next_dagrun for example_complex to None
[2021-09-23 23:58:07,991] {scheduler_job.py:190} INFO - Processing /home/airflow/sandbox/lib/python3.8/site-packages/airflow/example_dags/example_complex.py took 0.158 seconds
[2021-09-23 23:58:45,620] {scheduler_job.py:182} INFO - Started process (PID=10893) to work on /home/airflow/sandbox/lib/python3.8/site-packages/airflow/example_dags/example_complex.py
[2021-09-23 23:58:45,621] {scheduler_job.py:633} INFO - Processing file /home/airflow/sandbox/lib/python3.8/site-packages/airflow/example_dags/example_complex.py for tasks to queue
[2021-09-23 23:58:45,622] {logging_mixin.py:104} INFO - [2021-09-23 23:58:45,622] {dagbag.py:487} INFO - Filling up the DagBag from /home/airflow/sandbox/lib/python3.8/site-packages/airflow/example_dags/example_complex.py
[2021-09-23 23:58:45,641] {scheduler_job.py:643} INFO - DAG(s) dict_keys(['example_complex']) retrieved from /home/airflow/sandbox/lib/python3.8/site-packages/airflow/example_dags/example_complex.py
[2021-09-23 23:58:45,660] {logging_mixin.py:104} INFO - [2021-09-23 23:58:45,660] {dag.py:1832} INFO - Sync 1 DAGs
[2021-09-23 23:58:45,674] {logging_mixin.py:104} INFO - [2021-09-23 23:58:45,674] {dag.py:2305} INFO - Setting next_dagrun for example_complex to None
[2021-09-23 23:58:45,700] {scheduler_job.py:190} INFO - Processing /home/airflow/sandbox/lib/python3.8/site-packages/airflow/example_dags/example_complex.py took 0.088 seconds
[2021-09-23 23:59:24,888] {scheduler_job.py:182} INFO - Started process (PID=10930) to work on /home/airflow/sandbox/lib/python3.8/site-packages/airflow/example_dags/example_complex.py
[2021-09-23 23:59:24,889] {scheduler_job.py:633} INFO - Processing file /home/airflow/sandbox/lib/python3.8/site-packages/airflow/example_dags/example_complex.py for tasks to queue
[2021-09-23 23:59:24,889] {logging_mixin.py:104} INFO - [2021-09-23 23:59:24,889] {dagbag.py:487} INFO - Filling up the DagBag from /home/airflow/sandbox/lib/python3.8/site-packages/airflow/example_dags/example_complex.py
[2021-09-23 23:59:24,909] {scheduler_job.py:643} INFO - DAG(s) dict_keys(['example_complex']) retrieved from /home/airflow/sandbox/lib/python3.8/site-packages/airflow/example_dags/example_complex.py
[2021-09-23 23:59:24,928] {logging_mixin.py:104} INFO - [2021-09-23 23:59:24,928] {dag.py:1832} INFO - Sync 1 DAGs
[2021-09-23 23:59:24,941] {logging_mixin.py:104} INFO - [2021-09-23 23:59:24,941] {dag.py:2305} INFO - Setting next_dagrun for example_complex to None
[2021-09-23 23:59:24,963] {scheduler_job.py:190} INFO - Processing /home/airflow/sandbox/lib/python3.8/site-packages/airflow/example_dags/example_complex.py took 0.078 seconds
[2021-09-23 23:59:59,068] {scheduler_job.py:182} INFO - Started process (PID=10963) to work on /home/airflow/sandbox/lib/python3.8/site-packages/airflow/example_dags/example_complex.py
[2021-09-23 23:59:59,069] {scheduler_job.py:633} INFO - Processing file /home/airflow/sandbox/lib/python3.8/site-packages/airflow/example_dags/example_complex.py for tasks to queue
[2021-09-23 23:59:59,070] {logging_mixin.py:104} INFO - [2021-09-23 23:59:59,070] {dagbag.py:487} INFO - Filling up the DagBag from /home/airflow/sandbox/lib/python3.8/site-packages/airflow/example_dags/example_complex.py
[2021-09-23 23:59:59,089] {scheduler_job.py:643} INFO - DAG(s) dict_keys(['example_complex']) retrieved from /home/airflow/sandbox/lib/python3.8/site-packages/airflow/example_dags/example_complex.py
[2021-09-23 23:59:59,110] {logging_mixin.py:104} INFO - [2021-09-23 23:59:59,110] {dag.py:1832} INFO - Sync 1 DAGs
[2021-09-23 23:59:59,123] {logging_mixin.py:104} INFO - [2021-09-23 23:59:59,123] {dag.py:2305} INFO - Setting next_dagrun for example_complex to None
[2021-09-23 23:59:59,153] {scheduler_job.py:190} INFO - Processing /home/airflow/sandbox/lib/python3.8/site-packages/airflow/example_dags/example_complex.py took 0.090 seconds
