[2021-09-23 22:50:49,872] {scheduler_job.py:182} INFO - Started process (PID=3019) to work on /home/airflow/sandbox/lib/python3.8/site-packages/airflow/example_dags/example_short_circuit_operator.py
[2021-09-23 22:50:49,873] {scheduler_job.py:633} INFO - Processing file /home/airflow/sandbox/lib/python3.8/site-packages/airflow/example_dags/example_short_circuit_operator.py for tasks to queue
[2021-09-23 22:50:49,873] {logging_mixin.py:104} INFO - [2021-09-23 22:50:49,873] {dagbag.py:487} INFO - Filling up the DagBag from /home/airflow/sandbox/lib/python3.8/site-packages/airflow/example_dags/example_short_circuit_operator.py
[2021-09-23 22:50:49,887] {scheduler_job.py:643} INFO - DAG(s) dict_keys(['example_short_circuit_operator']) retrieved from /home/airflow/sandbox/lib/python3.8/site-packages/airflow/example_dags/example_short_circuit_operator.py
[2021-09-23 22:50:50,268] {logging_mixin.py:104} INFO - [2021-09-23 22:50:50,268] {dag.py:1832} INFO - Sync 1 DAGs
[2021-09-23 22:50:50,277] {logging_mixin.py:104} INFO - [2021-09-23 22:50:50,277] {dag.py:2305} INFO - Setting next_dagrun for example_short_circuit_operator to 2021-09-21 00:00:00+00:00
[2021-09-23 22:50:50,298] {scheduler_job.py:190} INFO - Processing /home/airflow/sandbox/lib/python3.8/site-packages/airflow/example_dags/example_short_circuit_operator.py took 0.428 seconds
[2021-09-23 22:57:37,246] {scheduler_job.py:182} INFO - Started process (PID=5962) to work on /home/airflow/sandbox/lib/python3.8/site-packages/airflow/example_dags/example_short_circuit_operator.py
[2021-09-23 22:57:37,247] {scheduler_job.py:633} INFO - Processing file /home/airflow/sandbox/lib/python3.8/site-packages/airflow/example_dags/example_short_circuit_operator.py for tasks to queue
[2021-09-23 22:57:37,248] {logging_mixin.py:104} INFO - [2021-09-23 22:57:37,248] {dagbag.py:487} INFO - Filling up the DagBag from /home/airflow/sandbox/lib/python3.8/site-packages/airflow/example_dags/example_short_circuit_operator.py
[2021-09-23 22:57:37,261] {scheduler_job.py:643} INFO - DAG(s) dict_keys(['example_short_circuit_operator']) retrieved from /home/airflow/sandbox/lib/python3.8/site-packages/airflow/example_dags/example_short_circuit_operator.py
[2021-09-23 22:57:37,278] {logging_mixin.py:104} INFO - [2021-09-23 22:57:37,278] {dag.py:1832} INFO - Sync 1 DAGs
[2021-09-23 22:57:37,291] {logging_mixin.py:104} INFO - [2021-09-23 22:57:37,291] {dag.py:2305} INFO - Setting next_dagrun for example_short_circuit_operator to 2021-09-21 00:00:00+00:00
[2021-09-23 22:57:37,307] {scheduler_job.py:190} INFO - Processing /home/airflow/sandbox/lib/python3.8/site-packages/airflow/example_dags/example_short_circuit_operator.py took 0.064 seconds
[2021-09-23 22:58:11,748] {scheduler_job.py:182} INFO - Started process (PID=6094) to work on /home/airflow/sandbox/lib/python3.8/site-packages/airflow/example_dags/example_short_circuit_operator.py
[2021-09-23 22:58:11,749] {scheduler_job.py:633} INFO - Processing file /home/airflow/sandbox/lib/python3.8/site-packages/airflow/example_dags/example_short_circuit_operator.py for tasks to queue
[2021-09-23 22:58:11,750] {logging_mixin.py:104} INFO - [2021-09-23 22:58:11,750] {dagbag.py:487} INFO - Filling up the DagBag from /home/airflow/sandbox/lib/python3.8/site-packages/airflow/example_dags/example_short_circuit_operator.py
[2021-09-23 22:58:11,762] {scheduler_job.py:643} INFO - DAG(s) dict_keys(['example_short_circuit_operator']) retrieved from /home/airflow/sandbox/lib/python3.8/site-packages/airflow/example_dags/example_short_circuit_operator.py
[2021-09-23 22:58:11,775] {logging_mixin.py:104} INFO - [2021-09-23 22:58:11,775] {dag.py:1832} INFO - Sync 1 DAGs
[2021-09-23 22:58:11,786] {logging_mixin.py:104} INFO - [2021-09-23 22:58:11,785] {dag.py:2305} INFO - Setting next_dagrun for example_short_circuit_operator to 2021-09-21 00:00:00+00:00
[2021-09-23 22:58:11,802] {scheduler_job.py:190} INFO - Processing /home/airflow/sandbox/lib/python3.8/site-packages/airflow/example_dags/example_short_circuit_operator.py took 0.057 seconds
[2021-09-23 22:58:46,475] {scheduler_job.py:182} INFO - Started process (PID=6126) to work on /home/airflow/sandbox/lib/python3.8/site-packages/airflow/example_dags/example_short_circuit_operator.py
[2021-09-23 22:58:46,476] {scheduler_job.py:633} INFO - Processing file /home/airflow/sandbox/lib/python3.8/site-packages/airflow/example_dags/example_short_circuit_operator.py for tasks to queue
[2021-09-23 22:58:46,477] {logging_mixin.py:104} INFO - [2021-09-23 22:58:46,477] {dagbag.py:487} INFO - Filling up the DagBag from /home/airflow/sandbox/lib/python3.8/site-packages/airflow/example_dags/example_short_circuit_operator.py
[2021-09-23 22:58:46,489] {scheduler_job.py:643} INFO - DAG(s) dict_keys(['example_short_circuit_operator']) retrieved from /home/airflow/sandbox/lib/python3.8/site-packages/airflow/example_dags/example_short_circuit_operator.py
[2021-09-23 22:58:46,504] {logging_mixin.py:104} INFO - [2021-09-23 22:58:46,504] {dag.py:1832} INFO - Sync 1 DAGs
[2021-09-23 22:58:46,515] {logging_mixin.py:104} INFO - [2021-09-23 22:58:46,514] {dag.py:2305} INFO - Setting next_dagrun for example_short_circuit_operator to 2021-09-21 00:00:00+00:00
[2021-09-23 22:58:46,533] {scheduler_job.py:190} INFO - Processing /home/airflow/sandbox/lib/python3.8/site-packages/airflow/example_dags/example_short_circuit_operator.py took 0.060 seconds
[2021-09-23 22:59:18,003] {scheduler_job.py:182} INFO - Started process (PID=6216) to work on /home/airflow/sandbox/lib/python3.8/site-packages/airflow/example_dags/example_short_circuit_operator.py
[2021-09-23 22:59:18,005] {scheduler_job.py:633} INFO - Processing file /home/airflow/sandbox/lib/python3.8/site-packages/airflow/example_dags/example_short_circuit_operator.py for tasks to queue
[2021-09-23 22:59:18,005] {logging_mixin.py:104} INFO - [2021-09-23 22:59:18,005] {dagbag.py:487} INFO - Filling up the DagBag from /home/airflow/sandbox/lib/python3.8/site-packages/airflow/example_dags/example_short_circuit_operator.py
[2021-09-23 22:59:18,021] {scheduler_job.py:643} INFO - DAG(s) dict_keys(['example_short_circuit_operator']) retrieved from /home/airflow/sandbox/lib/python3.8/site-packages/airflow/example_dags/example_short_circuit_operator.py
[2021-09-23 22:59:18,035] {logging_mixin.py:104} INFO - [2021-09-23 22:59:18,035] {dag.py:1832} INFO - Sync 1 DAGs
[2021-09-23 22:59:18,048] {logging_mixin.py:104} INFO - [2021-09-23 22:59:18,048] {dag.py:2305} INFO - Setting next_dagrun for example_short_circuit_operator to 2021-09-21 00:00:00+00:00
[2021-09-23 22:59:18,072] {scheduler_job.py:190} INFO - Processing /home/airflow/sandbox/lib/python3.8/site-packages/airflow/example_dags/example_short_circuit_operator.py took 0.071 seconds
[2021-09-23 22:59:52,376] {scheduler_job.py:182} INFO - Started process (PID=6247) to work on /home/airflow/sandbox/lib/python3.8/site-packages/airflow/example_dags/example_short_circuit_operator.py
[2021-09-23 22:59:52,377] {scheduler_job.py:633} INFO - Processing file /home/airflow/sandbox/lib/python3.8/site-packages/airflow/example_dags/example_short_circuit_operator.py for tasks to queue
[2021-09-23 22:59:52,377] {logging_mixin.py:104} INFO - [2021-09-23 22:59:52,377] {dagbag.py:487} INFO - Filling up the DagBag from /home/airflow/sandbox/lib/python3.8/site-packages/airflow/example_dags/example_short_circuit_operator.py
[2021-09-23 22:59:52,388] {scheduler_job.py:643} INFO - DAG(s) dict_keys(['example_short_circuit_operator']) retrieved from /home/airflow/sandbox/lib/python3.8/site-packages/airflow/example_dags/example_short_circuit_operator.py
[2021-09-23 22:59:52,405] {logging_mixin.py:104} INFO - [2021-09-23 22:59:52,405] {dag.py:1832} INFO - Sync 1 DAGs
[2021-09-23 22:59:52,416] {logging_mixin.py:104} INFO - [2021-09-23 22:59:52,416] {dag.py:2305} INFO - Setting next_dagrun for example_short_circuit_operator to 2021-09-21 00:00:00+00:00
[2021-09-23 22:59:52,565] {scheduler_job.py:190} INFO - Processing /home/airflow/sandbox/lib/python3.8/site-packages/airflow/example_dags/example_short_circuit_operator.py took 0.192 seconds
[2021-09-23 23:00:25,891] {scheduler_job.py:182} INFO - Started process (PID=6301) to work on /home/airflow/sandbox/lib/python3.8/site-packages/airflow/example_dags/example_short_circuit_operator.py
[2021-09-23 23:00:25,892] {scheduler_job.py:633} INFO - Processing file /home/airflow/sandbox/lib/python3.8/site-packages/airflow/example_dags/example_short_circuit_operator.py for tasks to queue
[2021-09-23 23:00:25,893] {logging_mixin.py:104} INFO - [2021-09-23 23:00:25,893] {dagbag.py:487} INFO - Filling up the DagBag from /home/airflow/sandbox/lib/python3.8/site-packages/airflow/example_dags/example_short_circuit_operator.py
[2021-09-23 23:00:25,905] {scheduler_job.py:643} INFO - DAG(s) dict_keys(['example_short_circuit_operator']) retrieved from /home/airflow/sandbox/lib/python3.8/site-packages/airflow/example_dags/example_short_circuit_operator.py
[2021-09-23 23:00:25,926] {logging_mixin.py:104} INFO - [2021-09-23 23:00:25,926] {dag.py:1832} INFO - Sync 1 DAGs
[2021-09-23 23:00:25,941] {logging_mixin.py:104} INFO - [2021-09-23 23:00:25,941] {dag.py:2305} INFO - Setting next_dagrun for example_short_circuit_operator to 2021-09-21 00:00:00+00:00
[2021-09-23 23:00:25,967] {scheduler_job.py:190} INFO - Processing /home/airflow/sandbox/lib/python3.8/site-packages/airflow/example_dags/example_short_circuit_operator.py took 0.078 seconds
[2021-09-23 23:01:00,672] {scheduler_job.py:182} INFO - Started process (PID=6354) to work on /home/airflow/sandbox/lib/python3.8/site-packages/airflow/example_dags/example_short_circuit_operator.py
[2021-09-23 23:01:00,673] {scheduler_job.py:633} INFO - Processing file /home/airflow/sandbox/lib/python3.8/site-packages/airflow/example_dags/example_short_circuit_operator.py for tasks to queue
[2021-09-23 23:01:00,675] {logging_mixin.py:104} INFO - [2021-09-23 23:01:00,674] {dagbag.py:487} INFO - Filling up the DagBag from /home/airflow/sandbox/lib/python3.8/site-packages/airflow/example_dags/example_short_circuit_operator.py
[2021-09-23 23:01:00,723] {scheduler_job.py:643} INFO - DAG(s) dict_keys(['example_short_circuit_operator']) retrieved from /home/airflow/sandbox/lib/python3.8/site-packages/airflow/example_dags/example_short_circuit_operator.py
[2021-09-23 23:01:00,786] {logging_mixin.py:104} INFO - [2021-09-23 23:01:00,786] {dag.py:1832} INFO - Sync 1 DAGs
[2021-09-23 23:01:00,907] {logging_mixin.py:104} INFO - [2021-09-23 23:01:00,907] {dag.py:2305} INFO - Setting next_dagrun for example_short_circuit_operator to 2021-09-21 00:00:00+00:00
[2021-09-23 23:01:00,926] {scheduler_job.py:190} INFO - Processing /home/airflow/sandbox/lib/python3.8/site-packages/airflow/example_dags/example_short_circuit_operator.py took 0.259 seconds
[2021-09-23 23:01:35,683] {scheduler_job.py:182} INFO - Started process (PID=6385) to work on /home/airflow/sandbox/lib/python3.8/site-packages/airflow/example_dags/example_short_circuit_operator.py
[2021-09-23 23:01:35,684] {scheduler_job.py:633} INFO - Processing file /home/airflow/sandbox/lib/python3.8/site-packages/airflow/example_dags/example_short_circuit_operator.py for tasks to queue
[2021-09-23 23:01:35,684] {logging_mixin.py:104} INFO - [2021-09-23 23:01:35,684] {dagbag.py:487} INFO - Filling up the DagBag from /home/airflow/sandbox/lib/python3.8/site-packages/airflow/example_dags/example_short_circuit_operator.py
[2021-09-23 23:01:35,697] {scheduler_job.py:643} INFO - DAG(s) dict_keys(['example_short_circuit_operator']) retrieved from /home/airflow/sandbox/lib/python3.8/site-packages/airflow/example_dags/example_short_circuit_operator.py
[2021-09-23 23:01:35,713] {logging_mixin.py:104} INFO - [2021-09-23 23:01:35,713] {dag.py:1832} INFO - Sync 1 DAGs
[2021-09-23 23:01:35,724] {logging_mixin.py:104} INFO - [2021-09-23 23:01:35,723] {dag.py:2305} INFO - Setting next_dagrun for example_short_circuit_operator to 2021-09-21 00:00:00+00:00
[2021-09-23 23:01:35,749] {scheduler_job.py:190} INFO - Processing /home/airflow/sandbox/lib/python3.8/site-packages/airflow/example_dags/example_short_circuit_operator.py took 0.069 seconds
[2021-09-23 23:02:12,785] {scheduler_job.py:182} INFO - Started process (PID=6528) to work on /home/airflow/sandbox/lib/python3.8/site-packages/airflow/example_dags/example_short_circuit_operator.py
[2021-09-23 23:02:12,786] {scheduler_job.py:633} INFO - Processing file /home/airflow/sandbox/lib/python3.8/site-packages/airflow/example_dags/example_short_circuit_operator.py for tasks to queue
[2021-09-23 23:02:12,787] {logging_mixin.py:104} INFO - [2021-09-23 23:02:12,786] {dagbag.py:487} INFO - Filling up the DagBag from /home/airflow/sandbox/lib/python3.8/site-packages/airflow/example_dags/example_short_circuit_operator.py
[2021-09-23 23:02:12,800] {scheduler_job.py:643} INFO - DAG(s) dict_keys(['example_short_circuit_operator']) retrieved from /home/airflow/sandbox/lib/python3.8/site-packages/airflow/example_dags/example_short_circuit_operator.py
[2021-09-23 23:02:12,813] {logging_mixin.py:104} INFO - [2021-09-23 23:02:12,813] {dag.py:1832} INFO - Sync 1 DAGs
[2021-09-23 23:02:12,825] {logging_mixin.py:104} INFO - [2021-09-23 23:02:12,825] {dag.py:2305} INFO - Setting next_dagrun for example_short_circuit_operator to 2021-09-21 00:00:00+00:00
[2021-09-23 23:02:12,845] {scheduler_job.py:190} INFO - Processing /home/airflow/sandbox/lib/python3.8/site-packages/airflow/example_dags/example_short_circuit_operator.py took 0.062 seconds
[2021-09-23 23:02:44,837] {scheduler_job.py:182} INFO - Started process (PID=6557) to work on /home/airflow/sandbox/lib/python3.8/site-packages/airflow/example_dags/example_short_circuit_operator.py
[2021-09-23 23:02:44,838] {scheduler_job.py:633} INFO - Processing file /home/airflow/sandbox/lib/python3.8/site-packages/airflow/example_dags/example_short_circuit_operator.py for tasks to queue
[2021-09-23 23:02:44,839] {logging_mixin.py:104} INFO - [2021-09-23 23:02:44,839] {dagbag.py:487} INFO - Filling up the DagBag from /home/airflow/sandbox/lib/python3.8/site-packages/airflow/example_dags/example_short_circuit_operator.py
[2021-09-23 23:02:44,849] {scheduler_job.py:643} INFO - DAG(s) dict_keys(['example_short_circuit_operator']) retrieved from /home/airflow/sandbox/lib/python3.8/site-packages/airflow/example_dags/example_short_circuit_operator.py
[2021-09-23 23:02:44,864] {logging_mixin.py:104} INFO - [2021-09-23 23:02:44,864] {dag.py:1832} INFO - Sync 1 DAGs
[2021-09-23 23:02:44,875] {logging_mixin.py:104} INFO - [2021-09-23 23:02:44,875] {dag.py:2305} INFO - Setting next_dagrun for example_short_circuit_operator to 2021-09-21 00:00:00+00:00
[2021-09-23 23:02:44,892] {scheduler_job.py:190} INFO - Processing /home/airflow/sandbox/lib/python3.8/site-packages/airflow/example_dags/example_short_circuit_operator.py took 0.058 seconds
[2021-09-23 23:03:18,948] {scheduler_job.py:182} INFO - Started process (PID=6593) to work on /home/airflow/sandbox/lib/python3.8/site-packages/airflow/example_dags/example_short_circuit_operator.py
[2021-09-23 23:03:18,949] {scheduler_job.py:633} INFO - Processing file /home/airflow/sandbox/lib/python3.8/site-packages/airflow/example_dags/example_short_circuit_operator.py for tasks to queue
[2021-09-23 23:03:18,950] {logging_mixin.py:104} INFO - [2021-09-23 23:03:18,949] {dagbag.py:487} INFO - Filling up the DagBag from /home/airflow/sandbox/lib/python3.8/site-packages/airflow/example_dags/example_short_circuit_operator.py
[2021-09-23 23:03:18,963] {scheduler_job.py:643} INFO - DAG(s) dict_keys(['example_short_circuit_operator']) retrieved from /home/airflow/sandbox/lib/python3.8/site-packages/airflow/example_dags/example_short_circuit_operator.py
[2021-09-23 23:03:18,977] {logging_mixin.py:104} INFO - [2021-09-23 23:03:18,976] {dag.py:1832} INFO - Sync 1 DAGs
[2021-09-23 23:03:18,992] {logging_mixin.py:104} INFO - [2021-09-23 23:03:18,991] {dag.py:2305} INFO - Setting next_dagrun for example_short_circuit_operator to 2021-09-21 00:00:00+00:00
[2021-09-23 23:03:19,015] {scheduler_job.py:190} INFO - Processing /home/airflow/sandbox/lib/python3.8/site-packages/airflow/example_dags/example_short_circuit_operator.py took 0.069 seconds
[2021-09-23 23:03:54,007] {scheduler_job.py:182} INFO - Started process (PID=6864) to work on /home/airflow/sandbox/lib/python3.8/site-packages/airflow/example_dags/example_short_circuit_operator.py
[2021-09-23 23:03:54,008] {scheduler_job.py:633} INFO - Processing file /home/airflow/sandbox/lib/python3.8/site-packages/airflow/example_dags/example_short_circuit_operator.py for tasks to queue
[2021-09-23 23:03:54,009] {logging_mixin.py:104} INFO - [2021-09-23 23:03:54,009] {dagbag.py:487} INFO - Filling up the DagBag from /home/airflow/sandbox/lib/python3.8/site-packages/airflow/example_dags/example_short_circuit_operator.py
[2021-09-23 23:03:54,024] {scheduler_job.py:643} INFO - DAG(s) dict_keys(['example_short_circuit_operator']) retrieved from /home/airflow/sandbox/lib/python3.8/site-packages/airflow/example_dags/example_short_circuit_operator.py
[2021-09-23 23:03:54,046] {logging_mixin.py:104} INFO - [2021-09-23 23:03:54,046] {dag.py:1832} INFO - Sync 1 DAGs
[2021-09-23 23:03:54,056] {logging_mixin.py:104} INFO - [2021-09-23 23:03:54,056] {dag.py:2305} INFO - Setting next_dagrun for example_short_circuit_operator to 2021-09-21 00:00:00+00:00
[2021-09-23 23:03:54,076] {scheduler_job.py:190} INFO - Processing /home/airflow/sandbox/lib/python3.8/site-packages/airflow/example_dags/example_short_circuit_operator.py took 0.073 seconds
[2021-09-23 23:04:27,735] {scheduler_job.py:182} INFO - Started process (PID=6921) to work on /home/airflow/sandbox/lib/python3.8/site-packages/airflow/example_dags/example_short_circuit_operator.py
[2021-09-23 23:04:27,736] {scheduler_job.py:633} INFO - Processing file /home/airflow/sandbox/lib/python3.8/site-packages/airflow/example_dags/example_short_circuit_operator.py for tasks to queue
[2021-09-23 23:04:27,737] {logging_mixin.py:104} INFO - [2021-09-23 23:04:27,737] {dagbag.py:487} INFO - Filling up the DagBag from /home/airflow/sandbox/lib/python3.8/site-packages/airflow/example_dags/example_short_circuit_operator.py
[2021-09-23 23:04:27,749] {scheduler_job.py:643} INFO - DAG(s) dict_keys(['example_short_circuit_operator']) retrieved from /home/airflow/sandbox/lib/python3.8/site-packages/airflow/example_dags/example_short_circuit_operator.py
[2021-09-23 23:04:27,764] {logging_mixin.py:104} INFO - [2021-09-23 23:04:27,764] {dag.py:1832} INFO - Sync 1 DAGs
[2021-09-23 23:04:27,774] {logging_mixin.py:104} INFO - [2021-09-23 23:04:27,774] {dag.py:2305} INFO - Setting next_dagrun for example_short_circuit_operator to 2021-09-21 00:00:00+00:00
[2021-09-23 23:04:27,794] {scheduler_job.py:190} INFO - Processing /home/airflow/sandbox/lib/python3.8/site-packages/airflow/example_dags/example_short_circuit_operator.py took 0.064 seconds
[2021-09-23 23:04:59,587] {scheduler_job.py:182} INFO - Started process (PID=6964) to work on /home/airflow/sandbox/lib/python3.8/site-packages/airflow/example_dags/example_short_circuit_operator.py
[2021-09-23 23:04:59,588] {scheduler_job.py:633} INFO - Processing file /home/airflow/sandbox/lib/python3.8/site-packages/airflow/example_dags/example_short_circuit_operator.py for tasks to queue
[2021-09-23 23:04:59,588] {logging_mixin.py:104} INFO - [2021-09-23 23:04:59,588] {dagbag.py:487} INFO - Filling up the DagBag from /home/airflow/sandbox/lib/python3.8/site-packages/airflow/example_dags/example_short_circuit_operator.py
[2021-09-23 23:04:59,599] {scheduler_job.py:643} INFO - DAG(s) dict_keys(['example_short_circuit_operator']) retrieved from /home/airflow/sandbox/lib/python3.8/site-packages/airflow/example_dags/example_short_circuit_operator.py
[2021-09-23 23:04:59,613] {logging_mixin.py:104} INFO - [2021-09-23 23:04:59,613] {dag.py:1832} INFO - Sync 1 DAGs
[2021-09-23 23:04:59,625] {logging_mixin.py:104} INFO - [2021-09-23 23:04:59,624] {dag.py:2305} INFO - Setting next_dagrun for example_short_circuit_operator to 2021-09-21 00:00:00+00:00
[2021-09-23 23:04:59,647] {scheduler_job.py:190} INFO - Processing /home/airflow/sandbox/lib/python3.8/site-packages/airflow/example_dags/example_short_circuit_operator.py took 0.065 seconds
[2021-09-23 23:05:30,773] {scheduler_job.py:182} INFO - Started process (PID=7050) to work on /home/airflow/sandbox/lib/python3.8/site-packages/airflow/example_dags/example_short_circuit_operator.py
[2021-09-23 23:05:30,775] {scheduler_job.py:633} INFO - Processing file /home/airflow/sandbox/lib/python3.8/site-packages/airflow/example_dags/example_short_circuit_operator.py for tasks to queue
[2021-09-23 23:05:30,776] {logging_mixin.py:104} INFO - [2021-09-23 23:05:30,776] {dagbag.py:487} INFO - Filling up the DagBag from /home/airflow/sandbox/lib/python3.8/site-packages/airflow/example_dags/example_short_circuit_operator.py
[2021-09-23 23:05:30,788] {scheduler_job.py:643} INFO - DAG(s) dict_keys(['example_short_circuit_operator']) retrieved from /home/airflow/sandbox/lib/python3.8/site-packages/airflow/example_dags/example_short_circuit_operator.py
[2021-09-23 23:05:30,803] {logging_mixin.py:104} INFO - [2021-09-23 23:05:30,803] {dag.py:1832} INFO - Sync 1 DAGs
[2021-09-23 23:05:30,814] {logging_mixin.py:104} INFO - [2021-09-23 23:05:30,814] {dag.py:2305} INFO - Setting next_dagrun for example_short_circuit_operator to 2021-09-21 00:00:00+00:00
[2021-09-23 23:05:30,835] {scheduler_job.py:190} INFO - Processing /home/airflow/sandbox/lib/python3.8/site-packages/airflow/example_dags/example_short_circuit_operator.py took 0.065 seconds
[2021-09-23 23:06:03,243] {scheduler_job.py:182} INFO - Started process (PID=7147) to work on /home/airflow/sandbox/lib/python3.8/site-packages/airflow/example_dags/example_short_circuit_operator.py
[2021-09-23 23:06:03,245] {scheduler_job.py:633} INFO - Processing file /home/airflow/sandbox/lib/python3.8/site-packages/airflow/example_dags/example_short_circuit_operator.py for tasks to queue
[2021-09-23 23:06:03,246] {logging_mixin.py:104} INFO - [2021-09-23 23:06:03,245] {dagbag.py:487} INFO - Filling up the DagBag from /home/airflow/sandbox/lib/python3.8/site-packages/airflow/example_dags/example_short_circuit_operator.py
[2021-09-23 23:06:03,258] {scheduler_job.py:643} INFO - DAG(s) dict_keys(['example_short_circuit_operator']) retrieved from /home/airflow/sandbox/lib/python3.8/site-packages/airflow/example_dags/example_short_circuit_operator.py
[2021-09-23 23:06:03,286] {logging_mixin.py:104} INFO - [2021-09-23 23:06:03,280] {dag.py:1832} INFO - Sync 1 DAGs
[2021-09-23 23:06:03,305] {logging_mixin.py:104} INFO - [2021-09-23 23:06:03,305] {dag.py:2305} INFO - Setting next_dagrun for example_short_circuit_operator to 2021-09-21 00:00:00+00:00
[2021-09-23 23:06:03,328] {scheduler_job.py:190} INFO - Processing /home/airflow/sandbox/lib/python3.8/site-packages/airflow/example_dags/example_short_circuit_operator.py took 0.087 seconds
[2021-09-23 23:06:40,445] {scheduler_job.py:182} INFO - Started process (PID=7267) to work on /home/airflow/sandbox/lib/python3.8/site-packages/airflow/example_dags/example_short_circuit_operator.py
[2021-09-23 23:06:40,446] {scheduler_job.py:633} INFO - Processing file /home/airflow/sandbox/lib/python3.8/site-packages/airflow/example_dags/example_short_circuit_operator.py for tasks to queue
[2021-09-23 23:06:40,447] {logging_mixin.py:104} INFO - [2021-09-23 23:06:40,447] {dagbag.py:487} INFO - Filling up the DagBag from /home/airflow/sandbox/lib/python3.8/site-packages/airflow/example_dags/example_short_circuit_operator.py
[2021-09-23 23:06:40,459] {scheduler_job.py:643} INFO - DAG(s) dict_keys(['example_short_circuit_operator']) retrieved from /home/airflow/sandbox/lib/python3.8/site-packages/airflow/example_dags/example_short_circuit_operator.py
[2021-09-23 23:06:40,475] {logging_mixin.py:104} INFO - [2021-09-23 23:06:40,475] {dag.py:1832} INFO - Sync 1 DAGs
[2021-09-23 23:06:40,489] {logging_mixin.py:104} INFO - [2021-09-23 23:06:40,489] {dag.py:2305} INFO - Setting next_dagrun for example_short_circuit_operator to 2021-09-21 00:00:00+00:00
[2021-09-23 23:06:40,509] {scheduler_job.py:190} INFO - Processing /home/airflow/sandbox/lib/python3.8/site-packages/airflow/example_dags/example_short_circuit_operator.py took 0.066 seconds
[2021-09-23 23:07:10,658] {scheduler_job.py:182} INFO - Started process (PID=7350) to work on /home/airflow/sandbox/lib/python3.8/site-packages/airflow/example_dags/example_short_circuit_operator.py
[2021-09-23 23:07:10,659] {scheduler_job.py:633} INFO - Processing file /home/airflow/sandbox/lib/python3.8/site-packages/airflow/example_dags/example_short_circuit_operator.py for tasks to queue
[2021-09-23 23:07:10,660] {logging_mixin.py:104} INFO - [2021-09-23 23:07:10,660] {dagbag.py:487} INFO - Filling up the DagBag from /home/airflow/sandbox/lib/python3.8/site-packages/airflow/example_dags/example_short_circuit_operator.py
[2021-09-23 23:07:10,673] {scheduler_job.py:643} INFO - DAG(s) dict_keys(['example_short_circuit_operator']) retrieved from /home/airflow/sandbox/lib/python3.8/site-packages/airflow/example_dags/example_short_circuit_operator.py
[2021-09-23 23:07:10,686] {logging_mixin.py:104} INFO - [2021-09-23 23:07:10,686] {dag.py:1832} INFO - Sync 1 DAGs
[2021-09-23 23:07:10,698] {logging_mixin.py:104} INFO - [2021-09-23 23:07:10,698] {dag.py:2305} INFO - Setting next_dagrun for example_short_circuit_operator to 2021-09-21 00:00:00+00:00
[2021-09-23 23:07:10,716] {scheduler_job.py:190} INFO - Processing /home/airflow/sandbox/lib/python3.8/site-packages/airflow/example_dags/example_short_circuit_operator.py took 0.060 seconds
[2021-09-23 23:07:41,351] {scheduler_job.py:182} INFO - Started process (PID=7380) to work on /home/airflow/sandbox/lib/python3.8/site-packages/airflow/example_dags/example_short_circuit_operator.py
[2021-09-23 23:07:41,352] {scheduler_job.py:633} INFO - Processing file /home/airflow/sandbox/lib/python3.8/site-packages/airflow/example_dags/example_short_circuit_operator.py for tasks to queue
[2021-09-23 23:07:41,353] {logging_mixin.py:104} INFO - [2021-09-23 23:07:41,353] {dagbag.py:487} INFO - Filling up the DagBag from /home/airflow/sandbox/lib/python3.8/site-packages/airflow/example_dags/example_short_circuit_operator.py
[2021-09-23 23:07:41,364] {scheduler_job.py:643} INFO - DAG(s) dict_keys(['example_short_circuit_operator']) retrieved from /home/airflow/sandbox/lib/python3.8/site-packages/airflow/example_dags/example_short_circuit_operator.py
[2021-09-23 23:07:41,379] {logging_mixin.py:104} INFO - [2021-09-23 23:07:41,379] {dag.py:1832} INFO - Sync 1 DAGs
[2021-09-23 23:07:41,389] {logging_mixin.py:104} INFO - [2021-09-23 23:07:41,389] {dag.py:2305} INFO - Setting next_dagrun for example_short_circuit_operator to 2021-09-21 00:00:00+00:00
[2021-09-23 23:07:41,405] {scheduler_job.py:190} INFO - Processing /home/airflow/sandbox/lib/python3.8/site-packages/airflow/example_dags/example_short_circuit_operator.py took 0.057 seconds
[2021-09-23 23:08:13,227] {scheduler_job.py:182} INFO - Started process (PID=7411) to work on /home/airflow/sandbox/lib/python3.8/site-packages/airflow/example_dags/example_short_circuit_operator.py
[2021-09-23 23:08:13,228] {scheduler_job.py:633} INFO - Processing file /home/airflow/sandbox/lib/python3.8/site-packages/airflow/example_dags/example_short_circuit_operator.py for tasks to queue
[2021-09-23 23:08:13,229] {logging_mixin.py:104} INFO - [2021-09-23 23:08:13,229] {dagbag.py:487} INFO - Filling up the DagBag from /home/airflow/sandbox/lib/python3.8/site-packages/airflow/example_dags/example_short_circuit_operator.py
[2021-09-23 23:08:13,240] {scheduler_job.py:643} INFO - DAG(s) dict_keys(['example_short_circuit_operator']) retrieved from /home/airflow/sandbox/lib/python3.8/site-packages/airflow/example_dags/example_short_circuit_operator.py
[2021-09-23 23:08:13,253] {logging_mixin.py:104} INFO - [2021-09-23 23:08:13,253] {dag.py:1832} INFO - Sync 1 DAGs
[2021-09-23 23:08:13,264] {logging_mixin.py:104} INFO - [2021-09-23 23:08:13,264] {dag.py:2305} INFO - Setting next_dagrun for example_short_circuit_operator to 2021-09-21 00:00:00+00:00
[2021-09-23 23:08:13,282] {scheduler_job.py:190} INFO - Processing /home/airflow/sandbox/lib/python3.8/site-packages/airflow/example_dags/example_short_circuit_operator.py took 0.057 seconds
[2021-09-23 23:08:44,619] {scheduler_job.py:182} INFO - Started process (PID=7517) to work on /home/airflow/sandbox/lib/python3.8/site-packages/airflow/example_dags/example_short_circuit_operator.py
[2021-09-23 23:08:44,620] {scheduler_job.py:633} INFO - Processing file /home/airflow/sandbox/lib/python3.8/site-packages/airflow/example_dags/example_short_circuit_operator.py for tasks to queue
[2021-09-23 23:08:44,621] {logging_mixin.py:104} INFO - [2021-09-23 23:08:44,621] {dagbag.py:487} INFO - Filling up the DagBag from /home/airflow/sandbox/lib/python3.8/site-packages/airflow/example_dags/example_short_circuit_operator.py
[2021-09-23 23:08:44,630] {scheduler_job.py:643} INFO - DAG(s) dict_keys(['example_short_circuit_operator']) retrieved from /home/airflow/sandbox/lib/python3.8/site-packages/airflow/example_dags/example_short_circuit_operator.py
[2021-09-23 23:08:44,642] {logging_mixin.py:104} INFO - [2021-09-23 23:08:44,642] {dag.py:1832} INFO - Sync 1 DAGs
[2021-09-23 23:08:44,651] {logging_mixin.py:104} INFO - [2021-09-23 23:08:44,651] {dag.py:2305} INFO - Setting next_dagrun for example_short_circuit_operator to 2021-09-21 00:00:00+00:00
[2021-09-23 23:08:44,669] {scheduler_job.py:190} INFO - Processing /home/airflow/sandbox/lib/python3.8/site-packages/airflow/example_dags/example_short_circuit_operator.py took 0.053 seconds
[2021-09-23 23:09:16,569] {scheduler_job.py:182} INFO - Started process (PID=7562) to work on /home/airflow/sandbox/lib/python3.8/site-packages/airflow/example_dags/example_short_circuit_operator.py
[2021-09-23 23:09:16,570] {scheduler_job.py:633} INFO - Processing file /home/airflow/sandbox/lib/python3.8/site-packages/airflow/example_dags/example_short_circuit_operator.py for tasks to queue
[2021-09-23 23:09:16,571] {logging_mixin.py:104} INFO - [2021-09-23 23:09:16,571] {dagbag.py:487} INFO - Filling up the DagBag from /home/airflow/sandbox/lib/python3.8/site-packages/airflow/example_dags/example_short_circuit_operator.py
[2021-09-23 23:09:16,584] {scheduler_job.py:643} INFO - DAG(s) dict_keys(['example_short_circuit_operator']) retrieved from /home/airflow/sandbox/lib/python3.8/site-packages/airflow/example_dags/example_short_circuit_operator.py
[2021-09-23 23:09:16,605] {logging_mixin.py:104} INFO - [2021-09-23 23:09:16,605] {dag.py:1832} INFO - Sync 1 DAGs
[2021-09-23 23:09:16,619] {logging_mixin.py:104} INFO - [2021-09-23 23:09:16,619] {dag.py:2305} INFO - Setting next_dagrun for example_short_circuit_operator to 2021-09-21 00:00:00+00:00
[2021-09-23 23:09:16,642] {scheduler_job.py:190} INFO - Processing /home/airflow/sandbox/lib/python3.8/site-packages/airflow/example_dags/example_short_circuit_operator.py took 0.075 seconds
[2021-09-23 23:09:48,077] {scheduler_job.py:182} INFO - Started process (PID=7655) to work on /home/airflow/sandbox/lib/python3.8/site-packages/airflow/example_dags/example_short_circuit_operator.py
[2021-09-23 23:09:48,078] {scheduler_job.py:633} INFO - Processing file /home/airflow/sandbox/lib/python3.8/site-packages/airflow/example_dags/example_short_circuit_operator.py for tasks to queue
[2021-09-23 23:09:48,079] {logging_mixin.py:104} INFO - [2021-09-23 23:09:48,079] {dagbag.py:487} INFO - Filling up the DagBag from /home/airflow/sandbox/lib/python3.8/site-packages/airflow/example_dags/example_short_circuit_operator.py
[2021-09-23 23:09:48,106] {scheduler_job.py:643} INFO - DAG(s) dict_keys(['example_short_circuit_operator']) retrieved from /home/airflow/sandbox/lib/python3.8/site-packages/airflow/example_dags/example_short_circuit_operator.py
[2021-09-23 23:09:48,133] {logging_mixin.py:104} INFO - [2021-09-23 23:09:48,133] {dag.py:1832} INFO - Sync 1 DAGs
[2021-09-23 23:09:48,159] {logging_mixin.py:104} INFO - [2021-09-23 23:09:48,158] {dag.py:2305} INFO - Setting next_dagrun for example_short_circuit_operator to 2021-09-21 00:00:00+00:00
[2021-09-23 23:09:48,180] {scheduler_job.py:190} INFO - Processing /home/airflow/sandbox/lib/python3.8/site-packages/airflow/example_dags/example_short_circuit_operator.py took 0.107 seconds
[2021-09-23 23:10:22,790] {scheduler_job.py:182} INFO - Started process (PID=7709) to work on /home/airflow/sandbox/lib/python3.8/site-packages/airflow/example_dags/example_short_circuit_operator.py
[2021-09-23 23:10:22,791] {scheduler_job.py:633} INFO - Processing file /home/airflow/sandbox/lib/python3.8/site-packages/airflow/example_dags/example_short_circuit_operator.py for tasks to queue
[2021-09-23 23:10:22,791] {logging_mixin.py:104} INFO - [2021-09-23 23:10:22,791] {dagbag.py:487} INFO - Filling up the DagBag from /home/airflow/sandbox/lib/python3.8/site-packages/airflow/example_dags/example_short_circuit_operator.py
[2021-09-23 23:10:22,805] {scheduler_job.py:643} INFO - DAG(s) dict_keys(['example_short_circuit_operator']) retrieved from /home/airflow/sandbox/lib/python3.8/site-packages/airflow/example_dags/example_short_circuit_operator.py
[2021-09-23 23:10:22,826] {logging_mixin.py:104} INFO - [2021-09-23 23:10:22,825] {dag.py:1832} INFO - Sync 1 DAGs
[2021-09-23 23:10:22,843] {logging_mixin.py:104} INFO - [2021-09-23 23:10:22,843] {dag.py:2305} INFO - Setting next_dagrun for example_short_circuit_operator to 2021-09-21 00:00:00+00:00
[2021-09-23 23:10:22,869] {scheduler_job.py:190} INFO - Processing /home/airflow/sandbox/lib/python3.8/site-packages/airflow/example_dags/example_short_circuit_operator.py took 0.082 seconds
[2021-09-23 23:10:55,495] {scheduler_job.py:182} INFO - Started process (PID=7879) to work on /home/airflow/sandbox/lib/python3.8/site-packages/airflow/example_dags/example_short_circuit_operator.py
[2021-09-23 23:10:55,496] {scheduler_job.py:633} INFO - Processing file /home/airflow/sandbox/lib/python3.8/site-packages/airflow/example_dags/example_short_circuit_operator.py for tasks to queue
[2021-09-23 23:10:55,497] {logging_mixin.py:104} INFO - [2021-09-23 23:10:55,497] {dagbag.py:487} INFO - Filling up the DagBag from /home/airflow/sandbox/lib/python3.8/site-packages/airflow/example_dags/example_short_circuit_operator.py
[2021-09-23 23:10:55,507] {scheduler_job.py:643} INFO - DAG(s) dict_keys(['example_short_circuit_operator']) retrieved from /home/airflow/sandbox/lib/python3.8/site-packages/airflow/example_dags/example_short_circuit_operator.py
[2021-09-23 23:10:55,522] {logging_mixin.py:104} INFO - [2021-09-23 23:10:55,522] {dag.py:1832} INFO - Sync 1 DAGs
[2021-09-23 23:10:55,533] {logging_mixin.py:104} INFO - [2021-09-23 23:10:55,533] {dag.py:2305} INFO - Setting next_dagrun for example_short_circuit_operator to 2021-09-21 00:00:00+00:00
[2021-09-23 23:10:55,556] {scheduler_job.py:190} INFO - Processing /home/airflow/sandbox/lib/python3.8/site-packages/airflow/example_dags/example_short_circuit_operator.py took 0.065 seconds
[2021-09-23 23:11:26,592] {scheduler_job.py:182} INFO - Started process (PID=7969) to work on /home/airflow/sandbox/lib/python3.8/site-packages/airflow/example_dags/example_short_circuit_operator.py
[2021-09-23 23:11:26,593] {scheduler_job.py:633} INFO - Processing file /home/airflow/sandbox/lib/python3.8/site-packages/airflow/example_dags/example_short_circuit_operator.py for tasks to queue
[2021-09-23 23:11:26,594] {logging_mixin.py:104} INFO - [2021-09-23 23:11:26,594] {dagbag.py:487} INFO - Filling up the DagBag from /home/airflow/sandbox/lib/python3.8/site-packages/airflow/example_dags/example_short_circuit_operator.py
[2021-09-23 23:11:26,605] {scheduler_job.py:643} INFO - DAG(s) dict_keys(['example_short_circuit_operator']) retrieved from /home/airflow/sandbox/lib/python3.8/site-packages/airflow/example_dags/example_short_circuit_operator.py
[2021-09-23 23:11:26,618] {logging_mixin.py:104} INFO - [2021-09-23 23:11:26,618] {dag.py:1832} INFO - Sync 1 DAGs
[2021-09-23 23:11:26,631] {logging_mixin.py:104} INFO - [2021-09-23 23:11:26,631] {dag.py:2305} INFO - Setting next_dagrun for example_short_circuit_operator to 2021-09-21 00:00:00+00:00
[2021-09-23 23:11:26,646] {scheduler_job.py:190} INFO - Processing /home/airflow/sandbox/lib/python3.8/site-packages/airflow/example_dags/example_short_circuit_operator.py took 0.056 seconds
[2021-09-23 23:11:59,378] {scheduler_job.py:182} INFO - Started process (PID=8115) to work on /home/airflow/sandbox/lib/python3.8/site-packages/airflow/example_dags/example_short_circuit_operator.py
[2021-09-23 23:11:59,379] {scheduler_job.py:633} INFO - Processing file /home/airflow/sandbox/lib/python3.8/site-packages/airflow/example_dags/example_short_circuit_operator.py for tasks to queue
[2021-09-23 23:11:59,379] {logging_mixin.py:104} INFO - [2021-09-23 23:11:59,379] {dagbag.py:487} INFO - Filling up the DagBag from /home/airflow/sandbox/lib/python3.8/site-packages/airflow/example_dags/example_short_circuit_operator.py
[2021-09-23 23:11:59,390] {scheduler_job.py:643} INFO - DAG(s) dict_keys(['example_short_circuit_operator']) retrieved from /home/airflow/sandbox/lib/python3.8/site-packages/airflow/example_dags/example_short_circuit_operator.py
[2021-09-23 23:11:59,403] {logging_mixin.py:104} INFO - [2021-09-23 23:11:59,402] {dag.py:1832} INFO - Sync 1 DAGs
[2021-09-23 23:11:59,414] {logging_mixin.py:104} INFO - [2021-09-23 23:11:59,414] {dag.py:2305} INFO - Setting next_dagrun for example_short_circuit_operator to 2021-09-21 00:00:00+00:00
[2021-09-23 23:11:59,432] {scheduler_job.py:190} INFO - Processing /home/airflow/sandbox/lib/python3.8/site-packages/airflow/example_dags/example_short_circuit_operator.py took 0.057 seconds
[2021-09-23 23:12:32,173] {scheduler_job.py:182} INFO - Started process (PID=8343) to work on /home/airflow/sandbox/lib/python3.8/site-packages/airflow/example_dags/example_short_circuit_operator.py
[2021-09-23 23:12:32,173] {scheduler_job.py:633} INFO - Processing file /home/airflow/sandbox/lib/python3.8/site-packages/airflow/example_dags/example_short_circuit_operator.py for tasks to queue
[2021-09-23 23:12:32,174] {logging_mixin.py:104} INFO - [2021-09-23 23:12:32,174] {dagbag.py:487} INFO - Filling up the DagBag from /home/airflow/sandbox/lib/python3.8/site-packages/airflow/example_dags/example_short_circuit_operator.py
[2021-09-23 23:12:32,185] {scheduler_job.py:643} INFO - DAG(s) dict_keys(['example_short_circuit_operator']) retrieved from /home/airflow/sandbox/lib/python3.8/site-packages/airflow/example_dags/example_short_circuit_operator.py
[2021-09-23 23:12:32,199] {logging_mixin.py:104} INFO - [2021-09-23 23:12:32,199] {dag.py:1832} INFO - Sync 1 DAGs
[2021-09-23 23:12:32,211] {logging_mixin.py:104} INFO - [2021-09-23 23:12:32,211] {dag.py:2305} INFO - Setting next_dagrun for example_short_circuit_operator to 2021-09-21 00:00:00+00:00
[2021-09-23 23:12:32,231] {scheduler_job.py:190} INFO - Processing /home/airflow/sandbox/lib/python3.8/site-packages/airflow/example_dags/example_short_circuit_operator.py took 0.061 seconds
[2021-09-23 23:13:05,165] {scheduler_job.py:182} INFO - Started process (PID=8404) to work on /home/airflow/sandbox/lib/python3.8/site-packages/airflow/example_dags/example_short_circuit_operator.py
[2021-09-23 23:13:05,166] {scheduler_job.py:633} INFO - Processing file /home/airflow/sandbox/lib/python3.8/site-packages/airflow/example_dags/example_short_circuit_operator.py for tasks to queue
[2021-09-23 23:13:05,167] {logging_mixin.py:104} INFO - [2021-09-23 23:13:05,167] {dagbag.py:487} INFO - Filling up the DagBag from /home/airflow/sandbox/lib/python3.8/site-packages/airflow/example_dags/example_short_circuit_operator.py
[2021-09-23 23:13:05,181] {scheduler_job.py:643} INFO - DAG(s) dict_keys(['example_short_circuit_operator']) retrieved from /home/airflow/sandbox/lib/python3.8/site-packages/airflow/example_dags/example_short_circuit_operator.py
[2021-09-23 23:13:05,199] {logging_mixin.py:104} INFO - [2021-09-23 23:13:05,199] {dag.py:1832} INFO - Sync 1 DAGs
[2021-09-23 23:13:05,213] {logging_mixin.py:104} INFO - [2021-09-23 23:13:05,213] {dag.py:2305} INFO - Setting next_dagrun for example_short_circuit_operator to 2021-09-21 00:00:00+00:00
[2021-09-23 23:13:05,246] {scheduler_job.py:190} INFO - Processing /home/airflow/sandbox/lib/python3.8/site-packages/airflow/example_dags/example_short_circuit_operator.py took 0.085 seconds
[2021-09-23 23:13:37,138] {scheduler_job.py:182} INFO - Started process (PID=8433) to work on /home/airflow/sandbox/lib/python3.8/site-packages/airflow/example_dags/example_short_circuit_operator.py
[2021-09-23 23:13:37,139] {scheduler_job.py:633} INFO - Processing file /home/airflow/sandbox/lib/python3.8/site-packages/airflow/example_dags/example_short_circuit_operator.py for tasks to queue
[2021-09-23 23:13:37,140] {logging_mixin.py:104} INFO - [2021-09-23 23:13:37,140] {dagbag.py:487} INFO - Filling up the DagBag from /home/airflow/sandbox/lib/python3.8/site-packages/airflow/example_dags/example_short_circuit_operator.py
[2021-09-23 23:13:37,150] {scheduler_job.py:643} INFO - DAG(s) dict_keys(['example_short_circuit_operator']) retrieved from /home/airflow/sandbox/lib/python3.8/site-packages/airflow/example_dags/example_short_circuit_operator.py
[2021-09-23 23:13:37,166] {logging_mixin.py:104} INFO - [2021-09-23 23:13:37,165] {dag.py:1832} INFO - Sync 1 DAGs
[2021-09-23 23:13:37,175] {logging_mixin.py:104} INFO - [2021-09-23 23:13:37,175] {dag.py:2305} INFO - Setting next_dagrun for example_short_circuit_operator to 2021-09-21 00:00:00+00:00
[2021-09-23 23:13:37,193] {scheduler_job.py:190} INFO - Processing /home/airflow/sandbox/lib/python3.8/site-packages/airflow/example_dags/example_short_circuit_operator.py took 0.057 seconds
[2021-09-23 23:14:09,995] {scheduler_job.py:182} INFO - Started process (PID=8463) to work on /home/airflow/sandbox/lib/python3.8/site-packages/airflow/example_dags/example_short_circuit_operator.py
[2021-09-23 23:14:09,997] {scheduler_job.py:633} INFO - Processing file /home/airflow/sandbox/lib/python3.8/site-packages/airflow/example_dags/example_short_circuit_operator.py for tasks to queue
[2021-09-23 23:14:09,997] {logging_mixin.py:104} INFO - [2021-09-23 23:14:09,997] {dagbag.py:487} INFO - Filling up the DagBag from /home/airflow/sandbox/lib/python3.8/site-packages/airflow/example_dags/example_short_circuit_operator.py
[2021-09-23 23:14:10,017] {scheduler_job.py:643} INFO - DAG(s) dict_keys(['example_short_circuit_operator']) retrieved from /home/airflow/sandbox/lib/python3.8/site-packages/airflow/example_dags/example_short_circuit_operator.py
[2021-09-23 23:14:10,031] {logging_mixin.py:104} INFO - [2021-09-23 23:14:10,031] {dag.py:1832} INFO - Sync 1 DAGs
[2021-09-23 23:14:10,048] {logging_mixin.py:104} INFO - [2021-09-23 23:14:10,048] {dag.py:2305} INFO - Setting next_dagrun for example_short_circuit_operator to 2021-09-21 00:00:00+00:00
[2021-09-23 23:14:10,076] {scheduler_job.py:190} INFO - Processing /home/airflow/sandbox/lib/python3.8/site-packages/airflow/example_dags/example_short_circuit_operator.py took 0.084 seconds
[2021-09-23 23:14:45,080] {scheduler_job.py:182} INFO - Started process (PID=8496) to work on /home/airflow/sandbox/lib/python3.8/site-packages/airflow/example_dags/example_short_circuit_operator.py
[2021-09-23 23:14:45,082] {scheduler_job.py:633} INFO - Processing file /home/airflow/sandbox/lib/python3.8/site-packages/airflow/example_dags/example_short_circuit_operator.py for tasks to queue
[2021-09-23 23:14:45,082] {logging_mixin.py:104} INFO - [2021-09-23 23:14:45,082] {dagbag.py:487} INFO - Filling up the DagBag from /home/airflow/sandbox/lib/python3.8/site-packages/airflow/example_dags/example_short_circuit_operator.py
[2021-09-23 23:14:45,097] {scheduler_job.py:643} INFO - DAG(s) dict_keys(['example_short_circuit_operator']) retrieved from /home/airflow/sandbox/lib/python3.8/site-packages/airflow/example_dags/example_short_circuit_operator.py
[2021-09-23 23:14:45,119] {logging_mixin.py:104} INFO - [2021-09-23 23:14:45,119] {dag.py:1832} INFO - Sync 1 DAGs
[2021-09-23 23:14:45,140] {logging_mixin.py:104} INFO - [2021-09-23 23:14:45,140] {dag.py:2305} INFO - Setting next_dagrun for example_short_circuit_operator to 2021-09-21 00:00:00+00:00
[2021-09-23 23:14:45,161] {scheduler_job.py:190} INFO - Processing /home/airflow/sandbox/lib/python3.8/site-packages/airflow/example_dags/example_short_circuit_operator.py took 0.083 seconds
[2021-09-23 23:15:18,930] {scheduler_job.py:182} INFO - Started process (PID=8783) to work on /home/airflow/sandbox/lib/python3.8/site-packages/airflow/example_dags/example_short_circuit_operator.py
[2021-09-23 23:15:18,932] {scheduler_job.py:633} INFO - Processing file /home/airflow/sandbox/lib/python3.8/site-packages/airflow/example_dags/example_short_circuit_operator.py for tasks to queue
[2021-09-23 23:15:18,933] {logging_mixin.py:104} INFO - [2021-09-23 23:15:18,933] {dagbag.py:487} INFO - Filling up the DagBag from /home/airflow/sandbox/lib/python3.8/site-packages/airflow/example_dags/example_short_circuit_operator.py
[2021-09-23 23:15:18,944] {scheduler_job.py:643} INFO - DAG(s) dict_keys(['example_short_circuit_operator']) retrieved from /home/airflow/sandbox/lib/python3.8/site-packages/airflow/example_dags/example_short_circuit_operator.py
[2021-09-23 23:15:18,958] {logging_mixin.py:104} INFO - [2021-09-23 23:15:18,957] {dag.py:1832} INFO - Sync 1 DAGs
[2021-09-23 23:15:18,970] {logging_mixin.py:104} INFO - [2021-09-23 23:15:18,970] {dag.py:2305} INFO - Setting next_dagrun for example_short_circuit_operator to 2021-09-21 00:00:00+00:00
[2021-09-23 23:15:18,991] {scheduler_job.py:190} INFO - Processing /home/airflow/sandbox/lib/python3.8/site-packages/airflow/example_dags/example_short_circuit_operator.py took 0.064 seconds
[2021-09-23 23:15:50,114] {scheduler_job.py:182} INFO - Started process (PID=8954) to work on /home/airflow/sandbox/lib/python3.8/site-packages/airflow/example_dags/example_short_circuit_operator.py
[2021-09-23 23:15:50,116] {scheduler_job.py:633} INFO - Processing file /home/airflow/sandbox/lib/python3.8/site-packages/airflow/example_dags/example_short_circuit_operator.py for tasks to queue
[2021-09-23 23:15:50,117] {logging_mixin.py:104} INFO - [2021-09-23 23:15:50,117] {dagbag.py:487} INFO - Filling up the DagBag from /home/airflow/sandbox/lib/python3.8/site-packages/airflow/example_dags/example_short_circuit_operator.py
[2021-09-23 23:15:50,128] {scheduler_job.py:643} INFO - DAG(s) dict_keys(['example_short_circuit_operator']) retrieved from /home/airflow/sandbox/lib/python3.8/site-packages/airflow/example_dags/example_short_circuit_operator.py
[2021-09-23 23:15:50,147] {logging_mixin.py:104} INFO - [2021-09-23 23:15:50,146] {dag.py:1832} INFO - Sync 1 DAGs
[2021-09-23 23:15:50,157] {logging_mixin.py:104} INFO - [2021-09-23 23:15:50,157] {dag.py:2305} INFO - Setting next_dagrun for example_short_circuit_operator to 2021-09-21 00:00:00+00:00
[2021-09-23 23:15:50,177] {scheduler_job.py:190} INFO - Processing /home/airflow/sandbox/lib/python3.8/site-packages/airflow/example_dags/example_short_circuit_operator.py took 0.068 seconds
[2021-09-23 23:16:21,053] {scheduler_job.py:182} INFO - Started process (PID=9078) to work on /home/airflow/sandbox/lib/python3.8/site-packages/airflow/example_dags/example_short_circuit_operator.py
[2021-09-23 23:16:21,055] {scheduler_job.py:633} INFO - Processing file /home/airflow/sandbox/lib/python3.8/site-packages/airflow/example_dags/example_short_circuit_operator.py for tasks to queue
[2021-09-23 23:16:21,056] {logging_mixin.py:104} INFO - [2021-09-23 23:16:21,056] {dagbag.py:487} INFO - Filling up the DagBag from /home/airflow/sandbox/lib/python3.8/site-packages/airflow/example_dags/example_short_circuit_operator.py
[2021-09-23 23:16:21,068] {scheduler_job.py:643} INFO - DAG(s) dict_keys(['example_short_circuit_operator']) retrieved from /home/airflow/sandbox/lib/python3.8/site-packages/airflow/example_dags/example_short_circuit_operator.py
[2021-09-23 23:16:21,080] {logging_mixin.py:104} INFO - [2021-09-23 23:16:21,080] {dag.py:1832} INFO - Sync 1 DAGs
[2021-09-23 23:16:21,092] {logging_mixin.py:104} INFO - [2021-09-23 23:16:21,091] {dag.py:2305} INFO - Setting next_dagrun for example_short_circuit_operator to 2021-09-21 00:00:00+00:00
[2021-09-23 23:16:21,107] {scheduler_job.py:190} INFO - Processing /home/airflow/sandbox/lib/python3.8/site-packages/airflow/example_dags/example_short_circuit_operator.py took 0.058 seconds
[2021-09-23 23:16:53,134] {scheduler_job.py:182} INFO - Started process (PID=9195) to work on /home/airflow/sandbox/lib/python3.8/site-packages/airflow/example_dags/example_short_circuit_operator.py
[2021-09-23 23:16:53,135] {scheduler_job.py:633} INFO - Processing file /home/airflow/sandbox/lib/python3.8/site-packages/airflow/example_dags/example_short_circuit_operator.py for tasks to queue
[2021-09-23 23:16:53,136] {logging_mixin.py:104} INFO - [2021-09-23 23:16:53,136] {dagbag.py:487} INFO - Filling up the DagBag from /home/airflow/sandbox/lib/python3.8/site-packages/airflow/example_dags/example_short_circuit_operator.py
[2021-09-23 23:16:53,146] {scheduler_job.py:643} INFO - DAG(s) dict_keys(['example_short_circuit_operator']) retrieved from /home/airflow/sandbox/lib/python3.8/site-packages/airflow/example_dags/example_short_circuit_operator.py
[2021-09-23 23:16:53,158] {logging_mixin.py:104} INFO - [2021-09-23 23:16:53,158] {dag.py:1832} INFO - Sync 1 DAGs
[2021-09-23 23:16:53,169] {logging_mixin.py:104} INFO - [2021-09-23 23:16:53,169] {dag.py:2305} INFO - Setting next_dagrun for example_short_circuit_operator to 2021-09-21 00:00:00+00:00
[2021-09-23 23:16:53,195] {scheduler_job.py:190} INFO - Processing /home/airflow/sandbox/lib/python3.8/site-packages/airflow/example_dags/example_short_circuit_operator.py took 0.063 seconds
[2021-09-23 23:43:13,892] {scheduler_job.py:182} INFO - Started process (PID=9305) to work on /home/airflow/sandbox/lib/python3.8/site-packages/airflow/example_dags/example_short_circuit_operator.py
[2021-09-23 23:43:13,893] {scheduler_job.py:633} INFO - Processing file /home/airflow/sandbox/lib/python3.8/site-packages/airflow/example_dags/example_short_circuit_operator.py for tasks to queue
[2021-09-23 23:43:13,893] {logging_mixin.py:104} INFO - [2021-09-23 23:43:13,893] {dagbag.py:487} INFO - Filling up the DagBag from /home/airflow/sandbox/lib/python3.8/site-packages/airflow/example_dags/example_short_circuit_operator.py
[2021-09-23 23:43:13,950] {scheduler_job.py:643} INFO - DAG(s) dict_keys(['example_short_circuit_operator']) retrieved from /home/airflow/sandbox/lib/python3.8/site-packages/airflow/example_dags/example_short_circuit_operator.py
[2021-09-23 23:43:14,053] {logging_mixin.py:104} INFO - [2021-09-23 23:43:14,053] {dag.py:1832} INFO - Sync 1 DAGs
[2021-09-23 23:43:14,100] {logging_mixin.py:104} INFO - [2021-09-23 23:43:14,100] {dag.py:2305} INFO - Setting next_dagrun for example_short_circuit_operator to 2021-09-21 00:00:00+00:00
[2021-09-23 23:43:14,202] {scheduler_job.py:190} INFO - Processing /home/airflow/sandbox/lib/python3.8/site-packages/airflow/example_dags/example_short_circuit_operator.py took 0.312 seconds
[2021-09-23 23:43:49,970] {scheduler_job.py:182} INFO - Started process (PID=9335) to work on /home/airflow/sandbox/lib/python3.8/site-packages/airflow/example_dags/example_short_circuit_operator.py
[2021-09-23 23:43:49,971] {scheduler_job.py:633} INFO - Processing file /home/airflow/sandbox/lib/python3.8/site-packages/airflow/example_dags/example_short_circuit_operator.py for tasks to queue
[2021-09-23 23:43:49,972] {logging_mixin.py:104} INFO - [2021-09-23 23:43:49,972] {dagbag.py:487} INFO - Filling up the DagBag from /home/airflow/sandbox/lib/python3.8/site-packages/airflow/example_dags/example_short_circuit_operator.py
[2021-09-23 23:43:49,987] {scheduler_job.py:643} INFO - DAG(s) dict_keys(['example_short_circuit_operator']) retrieved from /home/airflow/sandbox/lib/python3.8/site-packages/airflow/example_dags/example_short_circuit_operator.py
[2021-09-23 23:43:50,003] {logging_mixin.py:104} INFO - [2021-09-23 23:43:50,003] {dag.py:1832} INFO - Sync 1 DAGs
[2021-09-23 23:43:50,014] {logging_mixin.py:104} INFO - [2021-09-23 23:43:50,013] {dag.py:2305} INFO - Setting next_dagrun for example_short_circuit_operator to 2021-09-21 00:00:00+00:00
[2021-09-23 23:43:50,037] {scheduler_job.py:190} INFO - Processing /home/airflow/sandbox/lib/python3.8/site-packages/airflow/example_dags/example_short_circuit_operator.py took 0.069 seconds
[2021-09-23 23:44:23,391] {scheduler_job.py:182} INFO - Started process (PID=9368) to work on /home/airflow/sandbox/lib/python3.8/site-packages/airflow/example_dags/example_short_circuit_operator.py
[2021-09-23 23:44:23,392] {scheduler_job.py:633} INFO - Processing file /home/airflow/sandbox/lib/python3.8/site-packages/airflow/example_dags/example_short_circuit_operator.py for tasks to queue
[2021-09-23 23:44:23,394] {logging_mixin.py:104} INFO - [2021-09-23 23:44:23,393] {dagbag.py:487} INFO - Filling up the DagBag from /home/airflow/sandbox/lib/python3.8/site-packages/airflow/example_dags/example_short_circuit_operator.py
[2021-09-23 23:44:23,410] {scheduler_job.py:643} INFO - DAG(s) dict_keys(['example_short_circuit_operator']) retrieved from /home/airflow/sandbox/lib/python3.8/site-packages/airflow/example_dags/example_short_circuit_operator.py
[2021-09-23 23:44:23,423] {logging_mixin.py:104} INFO - [2021-09-23 23:44:23,423] {dag.py:1832} INFO - Sync 1 DAGs
[2021-09-23 23:44:23,433] {logging_mixin.py:104} INFO - [2021-09-23 23:44:23,433] {dag.py:2305} INFO - Setting next_dagrun for example_short_circuit_operator to 2021-09-21 00:00:00+00:00
[2021-09-23 23:44:23,452] {scheduler_job.py:190} INFO - Processing /home/airflow/sandbox/lib/python3.8/site-packages/airflow/example_dags/example_short_circuit_operator.py took 0.063 seconds
[2021-09-23 23:44:58,357] {scheduler_job.py:182} INFO - Started process (PID=9401) to work on /home/airflow/sandbox/lib/python3.8/site-packages/airflow/example_dags/example_short_circuit_operator.py
[2021-09-23 23:44:58,358] {scheduler_job.py:633} INFO - Processing file /home/airflow/sandbox/lib/python3.8/site-packages/airflow/example_dags/example_short_circuit_operator.py for tasks to queue
[2021-09-23 23:44:58,359] {logging_mixin.py:104} INFO - [2021-09-23 23:44:58,359] {dagbag.py:487} INFO - Filling up the DagBag from /home/airflow/sandbox/lib/python3.8/site-packages/airflow/example_dags/example_short_circuit_operator.py
[2021-09-23 23:44:58,370] {scheduler_job.py:643} INFO - DAG(s) dict_keys(['example_short_circuit_operator']) retrieved from /home/airflow/sandbox/lib/python3.8/site-packages/airflow/example_dags/example_short_circuit_operator.py
[2021-09-23 23:44:58,383] {logging_mixin.py:104} INFO - [2021-09-23 23:44:58,383] {dag.py:1832} INFO - Sync 1 DAGs
[2021-09-23 23:44:58,395] {logging_mixin.py:104} INFO - [2021-09-23 23:44:58,394] {dag.py:2305} INFO - Setting next_dagrun for example_short_circuit_operator to 2021-09-21 00:00:00+00:00
[2021-09-23 23:44:58,416] {scheduler_job.py:190} INFO - Processing /home/airflow/sandbox/lib/python3.8/site-packages/airflow/example_dags/example_short_circuit_operator.py took 0.061 seconds
[2021-09-23 23:45:30,701] {scheduler_job.py:182} INFO - Started process (PID=9432) to work on /home/airflow/sandbox/lib/python3.8/site-packages/airflow/example_dags/example_short_circuit_operator.py
[2021-09-23 23:45:30,702] {scheduler_job.py:633} INFO - Processing file /home/airflow/sandbox/lib/python3.8/site-packages/airflow/example_dags/example_short_circuit_operator.py for tasks to queue
[2021-09-23 23:45:30,703] {logging_mixin.py:104} INFO - [2021-09-23 23:45:30,703] {dagbag.py:487} INFO - Filling up the DagBag from /home/airflow/sandbox/lib/python3.8/site-packages/airflow/example_dags/example_short_circuit_operator.py
[2021-09-23 23:45:30,718] {scheduler_job.py:643} INFO - DAG(s) dict_keys(['example_short_circuit_operator']) retrieved from /home/airflow/sandbox/lib/python3.8/site-packages/airflow/example_dags/example_short_circuit_operator.py
[2021-09-23 23:45:30,731] {logging_mixin.py:104} INFO - [2021-09-23 23:45:30,731] {dag.py:1832} INFO - Sync 1 DAGs
[2021-09-23 23:45:30,741] {logging_mixin.py:104} INFO - [2021-09-23 23:45:30,741] {dag.py:2305} INFO - Setting next_dagrun for example_short_circuit_operator to 2021-09-21 00:00:00+00:00
[2021-09-23 23:45:30,760] {scheduler_job.py:190} INFO - Processing /home/airflow/sandbox/lib/python3.8/site-packages/airflow/example_dags/example_short_circuit_operator.py took 0.062 seconds
[2021-09-23 23:46:04,041] {scheduler_job.py:182} INFO - Started process (PID=9463) to work on /home/airflow/sandbox/lib/python3.8/site-packages/airflow/example_dags/example_short_circuit_operator.py
[2021-09-23 23:46:04,042] {scheduler_job.py:633} INFO - Processing file /home/airflow/sandbox/lib/python3.8/site-packages/airflow/example_dags/example_short_circuit_operator.py for tasks to queue
[2021-09-23 23:46:04,042] {logging_mixin.py:104} INFO - [2021-09-23 23:46:04,042] {dagbag.py:487} INFO - Filling up the DagBag from /home/airflow/sandbox/lib/python3.8/site-packages/airflow/example_dags/example_short_circuit_operator.py
[2021-09-23 23:46:04,054] {scheduler_job.py:643} INFO - DAG(s) dict_keys(['example_short_circuit_operator']) retrieved from /home/airflow/sandbox/lib/python3.8/site-packages/airflow/example_dags/example_short_circuit_operator.py
[2021-09-23 23:46:04,066] {logging_mixin.py:104} INFO - [2021-09-23 23:46:04,066] {dag.py:1832} INFO - Sync 1 DAGs
[2021-09-23 23:46:04,078] {logging_mixin.py:104} INFO - [2021-09-23 23:46:04,078] {dag.py:2305} INFO - Setting next_dagrun for example_short_circuit_operator to 2021-09-21 00:00:00+00:00
[2021-09-23 23:46:04,097] {scheduler_job.py:190} INFO - Processing /home/airflow/sandbox/lib/python3.8/site-packages/airflow/example_dags/example_short_circuit_operator.py took 0.059 seconds
[2021-09-23 23:46:36,882] {scheduler_job.py:182} INFO - Started process (PID=9539) to work on /home/airflow/sandbox/lib/python3.8/site-packages/airflow/example_dags/example_short_circuit_operator.py
[2021-09-23 23:46:36,883] {scheduler_job.py:633} INFO - Processing file /home/airflow/sandbox/lib/python3.8/site-packages/airflow/example_dags/example_short_circuit_operator.py for tasks to queue
[2021-09-23 23:46:36,884] {logging_mixin.py:104} INFO - [2021-09-23 23:46:36,884] {dagbag.py:487} INFO - Filling up the DagBag from /home/airflow/sandbox/lib/python3.8/site-packages/airflow/example_dags/example_short_circuit_operator.py
[2021-09-23 23:46:36,895] {scheduler_job.py:643} INFO - DAG(s) dict_keys(['example_short_circuit_operator']) retrieved from /home/airflow/sandbox/lib/python3.8/site-packages/airflow/example_dags/example_short_circuit_operator.py
[2021-09-23 23:46:36,908] {logging_mixin.py:104} INFO - [2021-09-23 23:46:36,908] {dag.py:1832} INFO - Sync 1 DAGs
[2021-09-23 23:46:36,919] {logging_mixin.py:104} INFO - [2021-09-23 23:46:36,919] {dag.py:2305} INFO - Setting next_dagrun for example_short_circuit_operator to 2021-09-21 00:00:00+00:00
[2021-09-23 23:46:36,942] {scheduler_job.py:190} INFO - Processing /home/airflow/sandbox/lib/python3.8/site-packages/airflow/example_dags/example_short_circuit_operator.py took 0.062 seconds
[2021-09-23 23:47:12,011] {scheduler_job.py:182} INFO - Started process (PID=9572) to work on /home/airflow/sandbox/lib/python3.8/site-packages/airflow/example_dags/example_short_circuit_operator.py
[2021-09-23 23:47:12,013] {scheduler_job.py:633} INFO - Processing file /home/airflow/sandbox/lib/python3.8/site-packages/airflow/example_dags/example_short_circuit_operator.py for tasks to queue
[2021-09-23 23:47:12,014] {logging_mixin.py:104} INFO - [2021-09-23 23:47:12,013] {dagbag.py:487} INFO - Filling up the DagBag from /home/airflow/sandbox/lib/python3.8/site-packages/airflow/example_dags/example_short_circuit_operator.py
[2021-09-23 23:47:12,026] {scheduler_job.py:643} INFO - DAG(s) dict_keys(['example_short_circuit_operator']) retrieved from /home/airflow/sandbox/lib/python3.8/site-packages/airflow/example_dags/example_short_circuit_operator.py
[2021-09-23 23:47:12,039] {logging_mixin.py:104} INFO - [2021-09-23 23:47:12,039] {dag.py:1832} INFO - Sync 1 DAGs
[2021-09-23 23:47:12,050] {logging_mixin.py:104} INFO - [2021-09-23 23:47:12,050] {dag.py:2305} INFO - Setting next_dagrun for example_short_circuit_operator to 2021-09-21 00:00:00+00:00
[2021-09-23 23:47:12,069] {scheduler_job.py:190} INFO - Processing /home/airflow/sandbox/lib/python3.8/site-packages/airflow/example_dags/example_short_circuit_operator.py took 0.063 seconds
[2021-09-23 23:47:45,691] {scheduler_job.py:182} INFO - Started process (PID=9605) to work on /home/airflow/sandbox/lib/python3.8/site-packages/airflow/example_dags/example_short_circuit_operator.py
[2021-09-23 23:47:45,692] {scheduler_job.py:633} INFO - Processing file /home/airflow/sandbox/lib/python3.8/site-packages/airflow/example_dags/example_short_circuit_operator.py for tasks to queue
[2021-09-23 23:47:45,693] {logging_mixin.py:104} INFO - [2021-09-23 23:47:45,693] {dagbag.py:487} INFO - Filling up the DagBag from /home/airflow/sandbox/lib/python3.8/site-packages/airflow/example_dags/example_short_circuit_operator.py
[2021-09-23 23:47:45,704] {scheduler_job.py:643} INFO - DAG(s) dict_keys(['example_short_circuit_operator']) retrieved from /home/airflow/sandbox/lib/python3.8/site-packages/airflow/example_dags/example_short_circuit_operator.py
[2021-09-23 23:47:45,718] {logging_mixin.py:104} INFO - [2021-09-23 23:47:45,718] {dag.py:1832} INFO - Sync 1 DAGs
[2021-09-23 23:47:45,728] {logging_mixin.py:104} INFO - [2021-09-23 23:47:45,727] {dag.py:2305} INFO - Setting next_dagrun for example_short_circuit_operator to 2021-09-21 00:00:00+00:00
[2021-09-23 23:47:45,747] {scheduler_job.py:190} INFO - Processing /home/airflow/sandbox/lib/python3.8/site-packages/airflow/example_dags/example_short_circuit_operator.py took 0.058 seconds
[2021-09-23 23:48:16,518] {scheduler_job.py:182} INFO - Started process (PID=9635) to work on /home/airflow/sandbox/lib/python3.8/site-packages/airflow/example_dags/example_short_circuit_operator.py
[2021-09-23 23:48:16,519] {scheduler_job.py:633} INFO - Processing file /home/airflow/sandbox/lib/python3.8/site-packages/airflow/example_dags/example_short_circuit_operator.py for tasks to queue
[2021-09-23 23:48:16,519] {logging_mixin.py:104} INFO - [2021-09-23 23:48:16,519] {dagbag.py:487} INFO - Filling up the DagBag from /home/airflow/sandbox/lib/python3.8/site-packages/airflow/example_dags/example_short_circuit_operator.py
[2021-09-23 23:48:16,530] {scheduler_job.py:643} INFO - DAG(s) dict_keys(['example_short_circuit_operator']) retrieved from /home/airflow/sandbox/lib/python3.8/site-packages/airflow/example_dags/example_short_circuit_operator.py
[2021-09-23 23:48:16,543] {logging_mixin.py:104} INFO - [2021-09-23 23:48:16,543] {dag.py:1832} INFO - Sync 1 DAGs
[2021-09-23 23:48:16,554] {logging_mixin.py:104} INFO - [2021-09-23 23:48:16,553] {dag.py:2305} INFO - Setting next_dagrun for example_short_circuit_operator to 2021-09-21 00:00:00+00:00
[2021-09-23 23:48:16,575] {scheduler_job.py:190} INFO - Processing /home/airflow/sandbox/lib/python3.8/site-packages/airflow/example_dags/example_short_circuit_operator.py took 0.061 seconds
[2021-09-23 23:48:49,167] {scheduler_job.py:182} INFO - Started process (PID=9665) to work on /home/airflow/sandbox/lib/python3.8/site-packages/airflow/example_dags/example_short_circuit_operator.py
[2021-09-23 23:48:49,168] {scheduler_job.py:633} INFO - Processing file /home/airflow/sandbox/lib/python3.8/site-packages/airflow/example_dags/example_short_circuit_operator.py for tasks to queue
[2021-09-23 23:48:49,169] {logging_mixin.py:104} INFO - [2021-09-23 23:48:49,168] {dagbag.py:487} INFO - Filling up the DagBag from /home/airflow/sandbox/lib/python3.8/site-packages/airflow/example_dags/example_short_circuit_operator.py
[2021-09-23 23:48:49,184] {scheduler_job.py:643} INFO - DAG(s) dict_keys(['example_short_circuit_operator']) retrieved from /home/airflow/sandbox/lib/python3.8/site-packages/airflow/example_dags/example_short_circuit_operator.py
[2021-09-23 23:48:49,202] {logging_mixin.py:104} INFO - [2021-09-23 23:48:49,201] {dag.py:1832} INFO - Sync 1 DAGs
[2021-09-23 23:48:49,216] {logging_mixin.py:104} INFO - [2021-09-23 23:48:49,216] {dag.py:2305} INFO - Setting next_dagrun for example_short_circuit_operator to 2021-09-21 00:00:00+00:00
[2021-09-23 23:48:49,234] {scheduler_job.py:190} INFO - Processing /home/airflow/sandbox/lib/python3.8/site-packages/airflow/example_dags/example_short_circuit_operator.py took 0.069 seconds
[2021-09-23 23:49:22,429] {scheduler_job.py:182} INFO - Started process (PID=9695) to work on /home/airflow/sandbox/lib/python3.8/site-packages/airflow/example_dags/example_short_circuit_operator.py
[2021-09-23 23:49:22,430] {scheduler_job.py:633} INFO - Processing file /home/airflow/sandbox/lib/python3.8/site-packages/airflow/example_dags/example_short_circuit_operator.py for tasks to queue
[2021-09-23 23:49:22,431] {logging_mixin.py:104} INFO - [2021-09-23 23:49:22,431] {dagbag.py:487} INFO - Filling up the DagBag from /home/airflow/sandbox/lib/python3.8/site-packages/airflow/example_dags/example_short_circuit_operator.py
[2021-09-23 23:49:22,447] {scheduler_job.py:643} INFO - DAG(s) dict_keys(['example_short_circuit_operator']) retrieved from /home/airflow/sandbox/lib/python3.8/site-packages/airflow/example_dags/example_short_circuit_operator.py
[2021-09-23 23:49:22,461] {logging_mixin.py:104} INFO - [2021-09-23 23:49:22,461] {dag.py:1832} INFO - Sync 1 DAGs
[2021-09-23 23:49:22,484] {logging_mixin.py:104} INFO - [2021-09-23 23:49:22,484] {dag.py:2305} INFO - Setting next_dagrun for example_short_circuit_operator to 2021-09-21 00:00:00+00:00
[2021-09-23 23:49:22,504] {scheduler_job.py:190} INFO - Processing /home/airflow/sandbox/lib/python3.8/site-packages/airflow/example_dags/example_short_circuit_operator.py took 0.077 seconds
[2021-09-23 23:49:55,784] {scheduler_job.py:182} INFO - Started process (PID=9726) to work on /home/airflow/sandbox/lib/python3.8/site-packages/airflow/example_dags/example_short_circuit_operator.py
[2021-09-23 23:49:55,785] {scheduler_job.py:633} INFO - Processing file /home/airflow/sandbox/lib/python3.8/site-packages/airflow/example_dags/example_short_circuit_operator.py for tasks to queue
[2021-09-23 23:49:55,785] {logging_mixin.py:104} INFO - [2021-09-23 23:49:55,785] {dagbag.py:487} INFO - Filling up the DagBag from /home/airflow/sandbox/lib/python3.8/site-packages/airflow/example_dags/example_short_circuit_operator.py
[2021-09-23 23:49:55,796] {scheduler_job.py:643} INFO - DAG(s) dict_keys(['example_short_circuit_operator']) retrieved from /home/airflow/sandbox/lib/python3.8/site-packages/airflow/example_dags/example_short_circuit_operator.py
[2021-09-23 23:49:55,810] {logging_mixin.py:104} INFO - [2021-09-23 23:49:55,810] {dag.py:1832} INFO - Sync 1 DAGs
[2021-09-23 23:49:55,821] {logging_mixin.py:104} INFO - [2021-09-23 23:49:55,821] {dag.py:2305} INFO - Setting next_dagrun for example_short_circuit_operator to 2021-09-21 00:00:00+00:00
[2021-09-23 23:49:55,841] {scheduler_job.py:190} INFO - Processing /home/airflow/sandbox/lib/python3.8/site-packages/airflow/example_dags/example_short_circuit_operator.py took 0.061 seconds
[2021-09-23 23:50:27,856] {scheduler_job.py:182} INFO - Started process (PID=9759) to work on /home/airflow/sandbox/lib/python3.8/site-packages/airflow/example_dags/example_short_circuit_operator.py
[2021-09-23 23:50:27,857] {scheduler_job.py:633} INFO - Processing file /home/airflow/sandbox/lib/python3.8/site-packages/airflow/example_dags/example_short_circuit_operator.py for tasks to queue
[2021-09-23 23:50:27,858] {logging_mixin.py:104} INFO - [2021-09-23 23:50:27,858] {dagbag.py:487} INFO - Filling up the DagBag from /home/airflow/sandbox/lib/python3.8/site-packages/airflow/example_dags/example_short_circuit_operator.py
[2021-09-23 23:50:27,872] {scheduler_job.py:643} INFO - DAG(s) dict_keys(['example_short_circuit_operator']) retrieved from /home/airflow/sandbox/lib/python3.8/site-packages/airflow/example_dags/example_short_circuit_operator.py
[2021-09-23 23:50:27,886] {logging_mixin.py:104} INFO - [2021-09-23 23:50:27,886] {dag.py:1832} INFO - Sync 1 DAGs
[2021-09-23 23:50:27,898] {logging_mixin.py:104} INFO - [2021-09-23 23:50:27,898] {dag.py:2305} INFO - Setting next_dagrun for example_short_circuit_operator to 2021-09-21 00:00:00+00:00
[2021-09-23 23:50:27,915] {scheduler_job.py:190} INFO - Processing /home/airflow/sandbox/lib/python3.8/site-packages/airflow/example_dags/example_short_circuit_operator.py took 0.062 seconds
[2021-09-23 23:51:00,631] {scheduler_job.py:182} INFO - Started process (PID=9791) to work on /home/airflow/sandbox/lib/python3.8/site-packages/airflow/example_dags/example_short_circuit_operator.py
[2021-09-23 23:51:00,632] {scheduler_job.py:633} INFO - Processing file /home/airflow/sandbox/lib/python3.8/site-packages/airflow/example_dags/example_short_circuit_operator.py for tasks to queue
[2021-09-23 23:51:00,632] {logging_mixin.py:104} INFO - [2021-09-23 23:51:00,632] {dagbag.py:487} INFO - Filling up the DagBag from /home/airflow/sandbox/lib/python3.8/site-packages/airflow/example_dags/example_short_circuit_operator.py
[2021-09-23 23:51:00,647] {scheduler_job.py:643} INFO - DAG(s) dict_keys(['example_short_circuit_operator']) retrieved from /home/airflow/sandbox/lib/python3.8/site-packages/airflow/example_dags/example_short_circuit_operator.py
[2021-09-23 23:51:00,661] {logging_mixin.py:104} INFO - [2021-09-23 23:51:00,661] {dag.py:1832} INFO - Sync 1 DAGs
[2021-09-23 23:51:00,672] {logging_mixin.py:104} INFO - [2021-09-23 23:51:00,672] {dag.py:2305} INFO - Setting next_dagrun for example_short_circuit_operator to 2021-09-21 00:00:00+00:00
[2021-09-23 23:51:00,691] {scheduler_job.py:190} INFO - Processing /home/airflow/sandbox/lib/python3.8/site-packages/airflow/example_dags/example_short_circuit_operator.py took 0.063 seconds
[2021-09-23 23:51:34,648] {scheduler_job.py:182} INFO - Started process (PID=9858) to work on /home/airflow/sandbox/lib/python3.8/site-packages/airflow/example_dags/example_short_circuit_operator.py
[2021-09-23 23:51:34,649] {scheduler_job.py:633} INFO - Processing file /home/airflow/sandbox/lib/python3.8/site-packages/airflow/example_dags/example_short_circuit_operator.py for tasks to queue
[2021-09-23 23:51:34,649] {logging_mixin.py:104} INFO - [2021-09-23 23:51:34,649] {dagbag.py:487} INFO - Filling up the DagBag from /home/airflow/sandbox/lib/python3.8/site-packages/airflow/example_dags/example_short_circuit_operator.py
[2021-09-23 23:51:34,660] {scheduler_job.py:643} INFO - DAG(s) dict_keys(['example_short_circuit_operator']) retrieved from /home/airflow/sandbox/lib/python3.8/site-packages/airflow/example_dags/example_short_circuit_operator.py
[2021-09-23 23:51:34,675] {logging_mixin.py:104} INFO - [2021-09-23 23:51:34,675] {dag.py:1832} INFO - Sync 1 DAGs
[2021-09-23 23:51:34,685] {logging_mixin.py:104} INFO - [2021-09-23 23:51:34,685] {dag.py:2305} INFO - Setting next_dagrun for example_short_circuit_operator to 2021-09-21 00:00:00+00:00
[2021-09-23 23:51:34,701] {scheduler_job.py:190} INFO - Processing /home/airflow/sandbox/lib/python3.8/site-packages/airflow/example_dags/example_short_circuit_operator.py took 0.056 seconds
[2021-09-23 23:52:06,328] {scheduler_job.py:182} INFO - Started process (PID=9897) to work on /home/airflow/sandbox/lib/python3.8/site-packages/airflow/example_dags/example_short_circuit_operator.py
[2021-09-23 23:52:06,329] {scheduler_job.py:633} INFO - Processing file /home/airflow/sandbox/lib/python3.8/site-packages/airflow/example_dags/example_short_circuit_operator.py for tasks to queue
[2021-09-23 23:52:06,330] {logging_mixin.py:104} INFO - [2021-09-23 23:52:06,329] {dagbag.py:487} INFO - Filling up the DagBag from /home/airflow/sandbox/lib/python3.8/site-packages/airflow/example_dags/example_short_circuit_operator.py
[2021-09-23 23:52:06,340] {scheduler_job.py:643} INFO - DAG(s) dict_keys(['example_short_circuit_operator']) retrieved from /home/airflow/sandbox/lib/python3.8/site-packages/airflow/example_dags/example_short_circuit_operator.py
[2021-09-23 23:52:06,353] {logging_mixin.py:104} INFO - [2021-09-23 23:52:06,353] {dag.py:1832} INFO - Sync 1 DAGs
[2021-09-23 23:52:06,364] {logging_mixin.py:104} INFO - [2021-09-23 23:52:06,364] {dag.py:2305} INFO - Setting next_dagrun for example_short_circuit_operator to 2021-09-21 00:00:00+00:00
[2021-09-23 23:52:06,384] {scheduler_job.py:190} INFO - Processing /home/airflow/sandbox/lib/python3.8/site-packages/airflow/example_dags/example_short_circuit_operator.py took 0.060 seconds
[2021-09-23 23:52:37,763] {scheduler_job.py:182} INFO - Started process (PID=9929) to work on /home/airflow/sandbox/lib/python3.8/site-packages/airflow/example_dags/example_short_circuit_operator.py
[2021-09-23 23:52:37,765] {scheduler_job.py:633} INFO - Processing file /home/airflow/sandbox/lib/python3.8/site-packages/airflow/example_dags/example_short_circuit_operator.py for tasks to queue
[2021-09-23 23:52:37,765] {logging_mixin.py:104} INFO - [2021-09-23 23:52:37,765] {dagbag.py:487} INFO - Filling up the DagBag from /home/airflow/sandbox/lib/python3.8/site-packages/airflow/example_dags/example_short_circuit_operator.py
[2021-09-23 23:52:37,777] {scheduler_job.py:643} INFO - DAG(s) dict_keys(['example_short_circuit_operator']) retrieved from /home/airflow/sandbox/lib/python3.8/site-packages/airflow/example_dags/example_short_circuit_operator.py
[2021-09-23 23:52:37,792] {logging_mixin.py:104} INFO - [2021-09-23 23:52:37,792] {dag.py:1832} INFO - Sync 1 DAGs
[2021-09-23 23:52:37,802] {logging_mixin.py:104} INFO - [2021-09-23 23:52:37,802] {dag.py:2305} INFO - Setting next_dagrun for example_short_circuit_operator to 2021-09-21 00:00:00+00:00
[2021-09-23 23:52:37,823] {scheduler_job.py:190} INFO - Processing /home/airflow/sandbox/lib/python3.8/site-packages/airflow/example_dags/example_short_circuit_operator.py took 0.063 seconds
[2021-09-23 23:53:11,235] {scheduler_job.py:182} INFO - Started process (PID=9961) to work on /home/airflow/sandbox/lib/python3.8/site-packages/airflow/example_dags/example_short_circuit_operator.py
[2021-09-23 23:53:11,236] {scheduler_job.py:633} INFO - Processing file /home/airflow/sandbox/lib/python3.8/site-packages/airflow/example_dags/example_short_circuit_operator.py for tasks to queue
[2021-09-23 23:53:11,236] {logging_mixin.py:104} INFO - [2021-09-23 23:53:11,236] {dagbag.py:487} INFO - Filling up the DagBag from /home/airflow/sandbox/lib/python3.8/site-packages/airflow/example_dags/example_short_circuit_operator.py
[2021-09-23 23:53:11,247] {scheduler_job.py:643} INFO - DAG(s) dict_keys(['example_short_circuit_operator']) retrieved from /home/airflow/sandbox/lib/python3.8/site-packages/airflow/example_dags/example_short_circuit_operator.py
[2021-09-23 23:53:11,259] {logging_mixin.py:104} INFO - [2021-09-23 23:53:11,259] {dag.py:1832} INFO - Sync 1 DAGs
[2021-09-23 23:53:11,270] {logging_mixin.py:104} INFO - [2021-09-23 23:53:11,270] {dag.py:2305} INFO - Setting next_dagrun for example_short_circuit_operator to 2021-09-21 00:00:00+00:00
[2021-09-23 23:53:11,289] {scheduler_job.py:190} INFO - Processing /home/airflow/sandbox/lib/python3.8/site-packages/airflow/example_dags/example_short_circuit_operator.py took 0.058 seconds
[2021-09-23 23:53:46,088] {scheduler_job.py:182} INFO - Started process (PID=9994) to work on /home/airflow/sandbox/lib/python3.8/site-packages/airflow/example_dags/example_short_circuit_operator.py
[2021-09-23 23:53:46,089] {scheduler_job.py:633} INFO - Processing file /home/airflow/sandbox/lib/python3.8/site-packages/airflow/example_dags/example_short_circuit_operator.py for tasks to queue
[2021-09-23 23:53:46,090] {logging_mixin.py:104} INFO - [2021-09-23 23:53:46,090] {dagbag.py:487} INFO - Filling up the DagBag from /home/airflow/sandbox/lib/python3.8/site-packages/airflow/example_dags/example_short_circuit_operator.py
[2021-09-23 23:53:46,101] {scheduler_job.py:643} INFO - DAG(s) dict_keys(['example_short_circuit_operator']) retrieved from /home/airflow/sandbox/lib/python3.8/site-packages/airflow/example_dags/example_short_circuit_operator.py
[2021-09-23 23:53:46,116] {logging_mixin.py:104} INFO - [2021-09-23 23:53:46,116] {dag.py:1832} INFO - Sync 1 DAGs
[2021-09-23 23:53:46,128] {logging_mixin.py:104} INFO - [2021-09-23 23:53:46,128] {dag.py:2305} INFO - Setting next_dagrun for example_short_circuit_operator to 2021-09-21 00:00:00+00:00
[2021-09-23 23:53:46,156] {scheduler_job.py:190} INFO - Processing /home/airflow/sandbox/lib/python3.8/site-packages/airflow/example_dags/example_short_circuit_operator.py took 0.070 seconds
[2021-09-23 23:54:17,752] {scheduler_job.py:182} INFO - Started process (PID=10024) to work on /home/airflow/sandbox/lib/python3.8/site-packages/airflow/example_dags/example_short_circuit_operator.py
[2021-09-23 23:54:17,753] {scheduler_job.py:633} INFO - Processing file /home/airflow/sandbox/lib/python3.8/site-packages/airflow/example_dags/example_short_circuit_operator.py for tasks to queue
[2021-09-23 23:54:17,753] {logging_mixin.py:104} INFO - [2021-09-23 23:54:17,753] {dagbag.py:487} INFO - Filling up the DagBag from /home/airflow/sandbox/lib/python3.8/site-packages/airflow/example_dags/example_short_circuit_operator.py
[2021-09-23 23:54:17,769] {scheduler_job.py:643} INFO - DAG(s) dict_keys(['example_short_circuit_operator']) retrieved from /home/airflow/sandbox/lib/python3.8/site-packages/airflow/example_dags/example_short_circuit_operator.py
[2021-09-23 23:54:17,783] {logging_mixin.py:104} INFO - [2021-09-23 23:54:17,783] {dag.py:1832} INFO - Sync 1 DAGs
[2021-09-23 23:54:17,795] {logging_mixin.py:104} INFO - [2021-09-23 23:54:17,794] {dag.py:2305} INFO - Setting next_dagrun for example_short_circuit_operator to 2021-09-21 00:00:00+00:00
[2021-09-23 23:54:17,821] {scheduler_job.py:190} INFO - Processing /home/airflow/sandbox/lib/python3.8/site-packages/airflow/example_dags/example_short_circuit_operator.py took 0.072 seconds
[2021-09-23 23:54:50,421] {scheduler_job.py:182} INFO - Started process (PID=10055) to work on /home/airflow/sandbox/lib/python3.8/site-packages/airflow/example_dags/example_short_circuit_operator.py
[2021-09-23 23:54:50,422] {scheduler_job.py:633} INFO - Processing file /home/airflow/sandbox/lib/python3.8/site-packages/airflow/example_dags/example_short_circuit_operator.py for tasks to queue
[2021-09-23 23:54:50,422] {logging_mixin.py:104} INFO - [2021-09-23 23:54:50,422] {dagbag.py:487} INFO - Filling up the DagBag from /home/airflow/sandbox/lib/python3.8/site-packages/airflow/example_dags/example_short_circuit_operator.py
[2021-09-23 23:54:50,435] {scheduler_job.py:643} INFO - DAG(s) dict_keys(['example_short_circuit_operator']) retrieved from /home/airflow/sandbox/lib/python3.8/site-packages/airflow/example_dags/example_short_circuit_operator.py
[2021-09-23 23:54:50,449] {logging_mixin.py:104} INFO - [2021-09-23 23:54:50,449] {dag.py:1832} INFO - Sync 1 DAGs
[2021-09-23 23:54:50,463] {logging_mixin.py:104} INFO - [2021-09-23 23:54:50,463] {dag.py:2305} INFO - Setting next_dagrun for example_short_circuit_operator to 2021-09-21 00:00:00+00:00
[2021-09-23 23:54:50,483] {scheduler_job.py:190} INFO - Processing /home/airflow/sandbox/lib/python3.8/site-packages/airflow/example_dags/example_short_circuit_operator.py took 0.065 seconds
[2021-09-23 23:55:25,613] {scheduler_job.py:182} INFO - Started process (PID=10172) to work on /home/airflow/sandbox/lib/python3.8/site-packages/airflow/example_dags/example_short_circuit_operator.py
[2021-09-23 23:55:25,614] {scheduler_job.py:633} INFO - Processing file /home/airflow/sandbox/lib/python3.8/site-packages/airflow/example_dags/example_short_circuit_operator.py for tasks to queue
[2021-09-23 23:55:25,615] {logging_mixin.py:104} INFO - [2021-09-23 23:55:25,615] {dagbag.py:487} INFO - Filling up the DagBag from /home/airflow/sandbox/lib/python3.8/site-packages/airflow/example_dags/example_short_circuit_operator.py
[2021-09-23 23:55:25,626] {scheduler_job.py:643} INFO - DAG(s) dict_keys(['example_short_circuit_operator']) retrieved from /home/airflow/sandbox/lib/python3.8/site-packages/airflow/example_dags/example_short_circuit_operator.py
[2021-09-23 23:55:25,639] {logging_mixin.py:104} INFO - [2021-09-23 23:55:25,639] {dag.py:1832} INFO - Sync 1 DAGs
[2021-09-23 23:55:25,650] {logging_mixin.py:104} INFO - [2021-09-23 23:55:25,650] {dag.py:2305} INFO - Setting next_dagrun for example_short_circuit_operator to 2021-09-21 00:00:00+00:00
[2021-09-23 23:55:25,671] {scheduler_job.py:190} INFO - Processing /home/airflow/sandbox/lib/python3.8/site-packages/airflow/example_dags/example_short_circuit_operator.py took 0.061 seconds
[2021-09-23 23:55:58,362] {scheduler_job.py:182} INFO - Started process (PID=10203) to work on /home/airflow/sandbox/lib/python3.8/site-packages/airflow/example_dags/example_short_circuit_operator.py
[2021-09-23 23:55:58,363] {scheduler_job.py:633} INFO - Processing file /home/airflow/sandbox/lib/python3.8/site-packages/airflow/example_dags/example_short_circuit_operator.py for tasks to queue
[2021-09-23 23:55:58,364] {logging_mixin.py:104} INFO - [2021-09-23 23:55:58,364] {dagbag.py:487} INFO - Filling up the DagBag from /home/airflow/sandbox/lib/python3.8/site-packages/airflow/example_dags/example_short_circuit_operator.py
[2021-09-23 23:55:58,374] {scheduler_job.py:643} INFO - DAG(s) dict_keys(['example_short_circuit_operator']) retrieved from /home/airflow/sandbox/lib/python3.8/site-packages/airflow/example_dags/example_short_circuit_operator.py
[2021-09-23 23:55:58,391] {logging_mixin.py:104} INFO - [2021-09-23 23:55:58,391] {dag.py:1832} INFO - Sync 1 DAGs
[2021-09-23 23:55:58,404] {logging_mixin.py:104} INFO - [2021-09-23 23:55:58,404] {dag.py:2305} INFO - Setting next_dagrun for example_short_circuit_operator to 2021-09-21 00:00:00+00:00
[2021-09-23 23:55:58,429] {scheduler_job.py:190} INFO - Processing /home/airflow/sandbox/lib/python3.8/site-packages/airflow/example_dags/example_short_circuit_operator.py took 0.070 seconds
[2021-09-23 23:56:29,363] {scheduler_job.py:182} INFO - Started process (PID=10240) to work on /home/airflow/sandbox/lib/python3.8/site-packages/airflow/example_dags/example_short_circuit_operator.py
[2021-09-23 23:56:29,364] {scheduler_job.py:633} INFO - Processing file /home/airflow/sandbox/lib/python3.8/site-packages/airflow/example_dags/example_short_circuit_operator.py for tasks to queue
[2021-09-23 23:56:29,368] {logging_mixin.py:104} INFO - [2021-09-23 23:56:29,368] {dagbag.py:487} INFO - Filling up the DagBag from /home/airflow/sandbox/lib/python3.8/site-packages/airflow/example_dags/example_short_circuit_operator.py
[2021-09-23 23:56:29,382] {scheduler_job.py:643} INFO - DAG(s) dict_keys(['example_short_circuit_operator']) retrieved from /home/airflow/sandbox/lib/python3.8/site-packages/airflow/example_dags/example_short_circuit_operator.py
[2021-09-23 23:56:29,396] {logging_mixin.py:104} INFO - [2021-09-23 23:56:29,395] {dag.py:1832} INFO - Sync 1 DAGs
[2021-09-23 23:56:29,413] {logging_mixin.py:104} INFO - [2021-09-23 23:56:29,413] {dag.py:2305} INFO - Setting next_dagrun for example_short_circuit_operator to 2021-09-21 00:00:00+00:00
[2021-09-23 23:56:29,441] {scheduler_job.py:190} INFO - Processing /home/airflow/sandbox/lib/python3.8/site-packages/airflow/example_dags/example_short_circuit_operator.py took 0.080 seconds
[2021-09-23 23:57:04,494] {scheduler_job.py:182} INFO - Started process (PID=10309) to work on /home/airflow/sandbox/lib/python3.8/site-packages/airflow/example_dags/example_short_circuit_operator.py
[2021-09-23 23:57:04,495] {scheduler_job.py:633} INFO - Processing file /home/airflow/sandbox/lib/python3.8/site-packages/airflow/example_dags/example_short_circuit_operator.py for tasks to queue
[2021-09-23 23:57:04,496] {logging_mixin.py:104} INFO - [2021-09-23 23:57:04,496] {dagbag.py:487} INFO - Filling up the DagBag from /home/airflow/sandbox/lib/python3.8/site-packages/airflow/example_dags/example_short_circuit_operator.py
[2021-09-23 23:57:04,509] {scheduler_job.py:643} INFO - DAG(s) dict_keys(['example_short_circuit_operator']) retrieved from /home/airflow/sandbox/lib/python3.8/site-packages/airflow/example_dags/example_short_circuit_operator.py
[2021-09-23 23:57:04,522] {logging_mixin.py:104} INFO - [2021-09-23 23:57:04,521] {dag.py:1832} INFO - Sync 1 DAGs
[2021-09-23 23:57:04,532] {logging_mixin.py:104} INFO - [2021-09-23 23:57:04,532] {dag.py:2305} INFO - Setting next_dagrun for example_short_circuit_operator to 2021-09-21 00:00:00+00:00
[2021-09-23 23:57:04,552] {scheduler_job.py:190} INFO - Processing /home/airflow/sandbox/lib/python3.8/site-packages/airflow/example_dags/example_short_circuit_operator.py took 0.062 seconds
[2021-09-23 23:57:38,061] {scheduler_job.py:182} INFO - Started process (PID=10674) to work on /home/airflow/sandbox/lib/python3.8/site-packages/airflow/example_dags/example_short_circuit_operator.py
[2021-09-23 23:57:38,074] {scheduler_job.py:633} INFO - Processing file /home/airflow/sandbox/lib/python3.8/site-packages/airflow/example_dags/example_short_circuit_operator.py for tasks to queue
[2021-09-23 23:57:38,083] {logging_mixin.py:104} INFO - [2021-09-23 23:57:38,083] {dagbag.py:487} INFO - Filling up the DagBag from /home/airflow/sandbox/lib/python3.8/site-packages/airflow/example_dags/example_short_circuit_operator.py
[2021-09-23 23:57:38,170] {scheduler_job.py:643} INFO - DAG(s) dict_keys(['example_short_circuit_operator']) retrieved from /home/airflow/sandbox/lib/python3.8/site-packages/airflow/example_dags/example_short_circuit_operator.py
[2021-09-23 23:57:38,300] {logging_mixin.py:104} INFO - [2021-09-23 23:57:38,300] {dag.py:1832} INFO - Sync 1 DAGs
[2021-09-23 23:57:38,365] {logging_mixin.py:104} INFO - [2021-09-23 23:57:38,365] {dag.py:2305} INFO - Setting next_dagrun for example_short_circuit_operator to 2021-09-21 00:00:00+00:00
[2021-09-23 23:57:38,423] {scheduler_job.py:190} INFO - Processing /home/airflow/sandbox/lib/python3.8/site-packages/airflow/example_dags/example_short_circuit_operator.py took 0.407 seconds
[2021-09-23 23:58:10,557] {scheduler_job.py:182} INFO - Started process (PID=10860) to work on /home/airflow/sandbox/lib/python3.8/site-packages/airflow/example_dags/example_short_circuit_operator.py
[2021-09-23 23:58:10,557] {scheduler_job.py:633} INFO - Processing file /home/airflow/sandbox/lib/python3.8/site-packages/airflow/example_dags/example_short_circuit_operator.py for tasks to queue
[2021-09-23 23:58:10,558] {logging_mixin.py:104} INFO - [2021-09-23 23:58:10,558] {dagbag.py:487} INFO - Filling up the DagBag from /home/airflow/sandbox/lib/python3.8/site-packages/airflow/example_dags/example_short_circuit_operator.py
[2021-09-23 23:58:10,569] {scheduler_job.py:643} INFO - DAG(s) dict_keys(['example_short_circuit_operator']) retrieved from /home/airflow/sandbox/lib/python3.8/site-packages/airflow/example_dags/example_short_circuit_operator.py
[2021-09-23 23:58:10,585] {logging_mixin.py:104} INFO - [2021-09-23 23:58:10,585] {dag.py:1832} INFO - Sync 1 DAGs
[2021-09-23 23:58:10,596] {logging_mixin.py:104} INFO - [2021-09-23 23:58:10,596] {dag.py:2305} INFO - Setting next_dagrun for example_short_circuit_operator to 2021-09-21 00:00:00+00:00
[2021-09-23 23:58:10,623] {scheduler_job.py:190} INFO - Processing /home/airflow/sandbox/lib/python3.8/site-packages/airflow/example_dags/example_short_circuit_operator.py took 0.070 seconds
[2021-09-23 23:58:42,183] {scheduler_job.py:182} INFO - Started process (PID=10890) to work on /home/airflow/sandbox/lib/python3.8/site-packages/airflow/example_dags/example_short_circuit_operator.py
[2021-09-23 23:58:42,185] {scheduler_job.py:633} INFO - Processing file /home/airflow/sandbox/lib/python3.8/site-packages/airflow/example_dags/example_short_circuit_operator.py for tasks to queue
[2021-09-23 23:58:42,186] {logging_mixin.py:104} INFO - [2021-09-23 23:58:42,185] {dagbag.py:487} INFO - Filling up the DagBag from /home/airflow/sandbox/lib/python3.8/site-packages/airflow/example_dags/example_short_circuit_operator.py
[2021-09-23 23:58:42,199] {scheduler_job.py:643} INFO - DAG(s) dict_keys(['example_short_circuit_operator']) retrieved from /home/airflow/sandbox/lib/python3.8/site-packages/airflow/example_dags/example_short_circuit_operator.py
[2021-09-23 23:58:42,212] {logging_mixin.py:104} INFO - [2021-09-23 23:58:42,212] {dag.py:1832} INFO - Sync 1 DAGs
[2021-09-23 23:58:42,223] {logging_mixin.py:104} INFO - [2021-09-23 23:58:42,223] {dag.py:2305} INFO - Setting next_dagrun for example_short_circuit_operator to 2021-09-21 00:00:00+00:00
[2021-09-23 23:58:42,250] {scheduler_job.py:190} INFO - Processing /home/airflow/sandbox/lib/python3.8/site-packages/airflow/example_dags/example_short_circuit_operator.py took 0.071 seconds
[2021-09-23 23:59:14,985] {scheduler_job.py:182} INFO - Started process (PID=10920) to work on /home/airflow/sandbox/lib/python3.8/site-packages/airflow/example_dags/example_short_circuit_operator.py
[2021-09-23 23:59:14,987] {scheduler_job.py:633} INFO - Processing file /home/airflow/sandbox/lib/python3.8/site-packages/airflow/example_dags/example_short_circuit_operator.py for tasks to queue
[2021-09-23 23:59:14,988] {logging_mixin.py:104} INFO - [2021-09-23 23:59:14,988] {dagbag.py:487} INFO - Filling up the DagBag from /home/airflow/sandbox/lib/python3.8/site-packages/airflow/example_dags/example_short_circuit_operator.py
[2021-09-23 23:59:15,001] {scheduler_job.py:643} INFO - DAG(s) dict_keys(['example_short_circuit_operator']) retrieved from /home/airflow/sandbox/lib/python3.8/site-packages/airflow/example_dags/example_short_circuit_operator.py
[2021-09-23 23:59:15,017] {logging_mixin.py:104} INFO - [2021-09-23 23:59:15,017] {dag.py:1832} INFO - Sync 1 DAGs
[2021-09-23 23:59:15,027] {logging_mixin.py:104} INFO - [2021-09-23 23:59:15,027] {dag.py:2305} INFO - Setting next_dagrun for example_short_circuit_operator to 2021-09-21 00:00:00+00:00
[2021-09-23 23:59:15,052] {scheduler_job.py:190} INFO - Processing /home/airflow/sandbox/lib/python3.8/site-packages/airflow/example_dags/example_short_circuit_operator.py took 0.070 seconds
[2021-09-23 23:59:47,199] {scheduler_job.py:182} INFO - Started process (PID=10952) to work on /home/airflow/sandbox/lib/python3.8/site-packages/airflow/example_dags/example_short_circuit_operator.py
[2021-09-23 23:59:47,200] {scheduler_job.py:633} INFO - Processing file /home/airflow/sandbox/lib/python3.8/site-packages/airflow/example_dags/example_short_circuit_operator.py for tasks to queue
[2021-09-23 23:59:47,201] {logging_mixin.py:104} INFO - [2021-09-23 23:59:47,201] {dagbag.py:487} INFO - Filling up the DagBag from /home/airflow/sandbox/lib/python3.8/site-packages/airflow/example_dags/example_short_circuit_operator.py
[2021-09-23 23:59:47,215] {scheduler_job.py:643} INFO - DAG(s) dict_keys(['example_short_circuit_operator']) retrieved from /home/airflow/sandbox/lib/python3.8/site-packages/airflow/example_dags/example_short_circuit_operator.py
[2021-09-23 23:59:47,238] {logging_mixin.py:104} INFO - [2021-09-23 23:59:47,237] {dag.py:1832} INFO - Sync 1 DAGs
[2021-09-23 23:59:47,253] {logging_mixin.py:104} INFO - [2021-09-23 23:59:47,253] {dag.py:2305} INFO - Setting next_dagrun for example_short_circuit_operator to 2021-09-21 00:00:00+00:00
[2021-09-23 23:59:47,271] {scheduler_job.py:190} INFO - Processing /home/airflow/sandbox/lib/python3.8/site-packages/airflow/example_dags/example_short_circuit_operator.py took 0.076 seconds
