[2021-09-23 22:55:03,749] {scheduler_job.py:182} INFO - Started process (PID=4865) to work on /home/airflow/sandbox/lib/python3.8/site-packages/airflow/example_dags/example_xcom.py
[2021-09-23 22:55:03,750] {scheduler_job.py:633} INFO - Processing file /home/airflow/sandbox/lib/python3.8/site-packages/airflow/example_dags/example_xcom.py for tasks to queue
[2021-09-23 22:55:03,751] {logging_mixin.py:104} INFO - [2021-09-23 22:55:03,751] {dagbag.py:487} INFO - Filling up the DagBag from /home/airflow/sandbox/lib/python3.8/site-packages/airflow/example_dags/example_xcom.py
[2021-09-23 22:55:03,763] {scheduler_job.py:643} INFO - DAG(s) dict_keys(['example_xcom']) retrieved from /home/airflow/sandbox/lib/python3.8/site-packages/airflow/example_dags/example_xcom.py
[2021-09-23 22:55:04,145] {logging_mixin.py:104} INFO - [2021-09-23 22:55:04,145] {dag.py:1832} INFO - Sync 1 DAGs
[2021-09-23 22:55:04,159] {logging_mixin.py:104} INFO - [2021-09-23 22:55:04,159] {dag.py:2305} INFO - Setting next_dagrun for example_xcom to 2021-09-21 00:00:00+00:00
[2021-09-23 22:55:04,181] {scheduler_job.py:190} INFO - Processing /home/airflow/sandbox/lib/python3.8/site-packages/airflow/example_dags/example_xcom.py took 0.434 seconds
[2021-09-23 22:57:52,029] {scheduler_job.py:182} INFO - Started process (PID=6001) to work on /home/airflow/sandbox/lib/python3.8/site-packages/airflow/example_dags/example_xcom.py
[2021-09-23 22:57:52,030] {scheduler_job.py:633} INFO - Processing file /home/airflow/sandbox/lib/python3.8/site-packages/airflow/example_dags/example_xcom.py for tasks to queue
[2021-09-23 22:57:52,030] {logging_mixin.py:104} INFO - [2021-09-23 22:57:52,030] {dagbag.py:487} INFO - Filling up the DagBag from /home/airflow/sandbox/lib/python3.8/site-packages/airflow/example_dags/example_xcom.py
[2021-09-23 22:57:52,063] {scheduler_job.py:643} INFO - DAG(s) dict_keys(['example_xcom']) retrieved from /home/airflow/sandbox/lib/python3.8/site-packages/airflow/example_dags/example_xcom.py
[2021-09-23 22:57:52,105] {logging_mixin.py:104} INFO - [2021-09-23 22:57:52,105] {dag.py:1832} INFO - Sync 1 DAGs
[2021-09-23 22:57:52,129] {logging_mixin.py:104} INFO - [2021-09-23 22:57:52,129] {dag.py:2305} INFO - Setting next_dagrun for example_xcom to 2021-09-21 00:00:00+00:00
[2021-09-23 22:57:52,162] {scheduler_job.py:190} INFO - Processing /home/airflow/sandbox/lib/python3.8/site-packages/airflow/example_dags/example_xcom.py took 0.135 seconds
[2021-09-23 22:58:27,278] {scheduler_job.py:182} INFO - Started process (PID=6108) to work on /home/airflow/sandbox/lib/python3.8/site-packages/airflow/example_dags/example_xcom.py
[2021-09-23 22:58:27,279] {scheduler_job.py:633} INFO - Processing file /home/airflow/sandbox/lib/python3.8/site-packages/airflow/example_dags/example_xcom.py for tasks to queue
[2021-09-23 22:58:27,280] {logging_mixin.py:104} INFO - [2021-09-23 22:58:27,280] {dagbag.py:487} INFO - Filling up the DagBag from /home/airflow/sandbox/lib/python3.8/site-packages/airflow/example_dags/example_xcom.py
[2021-09-23 22:58:27,290] {scheduler_job.py:643} INFO - DAG(s) dict_keys(['example_xcom']) retrieved from /home/airflow/sandbox/lib/python3.8/site-packages/airflow/example_dags/example_xcom.py
[2021-09-23 22:58:27,305] {logging_mixin.py:104} INFO - [2021-09-23 22:58:27,305] {dag.py:1832} INFO - Sync 1 DAGs
[2021-09-23 22:58:27,320] {logging_mixin.py:104} INFO - [2021-09-23 22:58:27,320] {dag.py:2305} INFO - Setting next_dagrun for example_xcom to 2021-09-21 00:00:00+00:00
[2021-09-23 22:58:27,338] {scheduler_job.py:190} INFO - Processing /home/airflow/sandbox/lib/python3.8/site-packages/airflow/example_dags/example_xcom.py took 0.062 seconds
[2021-09-23 22:59:02,374] {scheduler_job.py:182} INFO - Started process (PID=6200) to work on /home/airflow/sandbox/lib/python3.8/site-packages/airflow/example_dags/example_xcom.py
[2021-09-23 22:59:02,375] {scheduler_job.py:633} INFO - Processing file /home/airflow/sandbox/lib/python3.8/site-packages/airflow/example_dags/example_xcom.py for tasks to queue
[2021-09-23 22:59:02,376] {logging_mixin.py:104} INFO - [2021-09-23 22:59:02,376] {dagbag.py:487} INFO - Filling up the DagBag from /home/airflow/sandbox/lib/python3.8/site-packages/airflow/example_dags/example_xcom.py
[2021-09-23 22:59:02,386] {scheduler_job.py:643} INFO - DAG(s) dict_keys(['example_xcom']) retrieved from /home/airflow/sandbox/lib/python3.8/site-packages/airflow/example_dags/example_xcom.py
[2021-09-23 22:59:02,399] {logging_mixin.py:104} INFO - [2021-09-23 22:59:02,399] {dag.py:1832} INFO - Sync 1 DAGs
[2021-09-23 22:59:02,418] {logging_mixin.py:104} INFO - [2021-09-23 22:59:02,418] {dag.py:2305} INFO - Setting next_dagrun for example_xcom to 2021-09-21 00:00:00+00:00
[2021-09-23 22:59:02,435] {scheduler_job.py:190} INFO - Processing /home/airflow/sandbox/lib/python3.8/site-packages/airflow/example_dags/example_xcom.py took 0.063 seconds
[2021-09-23 22:59:36,508] {scheduler_job.py:182} INFO - Started process (PID=6233) to work on /home/airflow/sandbox/lib/python3.8/site-packages/airflow/example_dags/example_xcom.py
[2021-09-23 22:59:36,510] {scheduler_job.py:633} INFO - Processing file /home/airflow/sandbox/lib/python3.8/site-packages/airflow/example_dags/example_xcom.py for tasks to queue
[2021-09-23 22:59:36,511] {logging_mixin.py:104} INFO - [2021-09-23 22:59:36,510] {dagbag.py:487} INFO - Filling up the DagBag from /home/airflow/sandbox/lib/python3.8/site-packages/airflow/example_dags/example_xcom.py
[2021-09-23 22:59:36,529] {scheduler_job.py:643} INFO - DAG(s) dict_keys(['example_xcom']) retrieved from /home/airflow/sandbox/lib/python3.8/site-packages/airflow/example_dags/example_xcom.py
[2021-09-23 22:59:36,547] {logging_mixin.py:104} INFO - [2021-09-23 22:59:36,547] {dag.py:1832} INFO - Sync 1 DAGs
[2021-09-23 22:59:36,559] {logging_mixin.py:104} INFO - [2021-09-23 22:59:36,559] {dag.py:2305} INFO - Setting next_dagrun for example_xcom to 2021-09-21 00:00:00+00:00
[2021-09-23 22:59:36,581] {scheduler_job.py:190} INFO - Processing /home/airflow/sandbox/lib/python3.8/site-packages/airflow/example_dags/example_xcom.py took 0.076 seconds
[2021-09-23 23:00:11,566] {scheduler_job.py:182} INFO - Started process (PID=6266) to work on /home/airflow/sandbox/lib/python3.8/site-packages/airflow/example_dags/example_xcom.py
[2021-09-23 23:00:11,569] {scheduler_job.py:633} INFO - Processing file /home/airflow/sandbox/lib/python3.8/site-packages/airflow/example_dags/example_xcom.py for tasks to queue
[2021-09-23 23:00:11,573] {logging_mixin.py:104} INFO - [2021-09-23 23:00:11,572] {dagbag.py:487} INFO - Filling up the DagBag from /home/airflow/sandbox/lib/python3.8/site-packages/airflow/example_dags/example_xcom.py
[2021-09-23 23:00:11,593] {scheduler_job.py:643} INFO - DAG(s) dict_keys(['example_xcom']) retrieved from /home/airflow/sandbox/lib/python3.8/site-packages/airflow/example_dags/example_xcom.py
[2021-09-23 23:00:11,609] {logging_mixin.py:104} INFO - [2021-09-23 23:00:11,609] {dag.py:1832} INFO - Sync 1 DAGs
[2021-09-23 23:00:11,626] {logging_mixin.py:104} INFO - [2021-09-23 23:00:11,626] {dag.py:2305} INFO - Setting next_dagrun for example_xcom to 2021-09-21 00:00:00+00:00
[2021-09-23 23:00:11,651] {scheduler_job.py:190} INFO - Processing /home/airflow/sandbox/lib/python3.8/site-packages/airflow/example_dags/example_xcom.py took 0.089 seconds
[2021-09-23 23:00:44,273] {scheduler_job.py:182} INFO - Started process (PID=6340) to work on /home/airflow/sandbox/lib/python3.8/site-packages/airflow/example_dags/example_xcom.py
[2021-09-23 23:00:44,274] {scheduler_job.py:633} INFO - Processing file /home/airflow/sandbox/lib/python3.8/site-packages/airflow/example_dags/example_xcom.py for tasks to queue
[2021-09-23 23:00:44,275] {logging_mixin.py:104} INFO - [2021-09-23 23:00:44,274] {dagbag.py:487} INFO - Filling up the DagBag from /home/airflow/sandbox/lib/python3.8/site-packages/airflow/example_dags/example_xcom.py
[2021-09-23 23:00:44,284] {scheduler_job.py:643} INFO - DAG(s) dict_keys(['example_xcom']) retrieved from /home/airflow/sandbox/lib/python3.8/site-packages/airflow/example_dags/example_xcom.py
[2021-09-23 23:00:44,298] {logging_mixin.py:104} INFO - [2021-09-23 23:00:44,298] {dag.py:1832} INFO - Sync 1 DAGs
[2021-09-23 23:00:44,310] {logging_mixin.py:104} INFO - [2021-09-23 23:00:44,310] {dag.py:2305} INFO - Setting next_dagrun for example_xcom to 2021-09-21 00:00:00+00:00
[2021-09-23 23:00:44,332] {scheduler_job.py:190} INFO - Processing /home/airflow/sandbox/lib/python3.8/site-packages/airflow/example_dags/example_xcom.py took 0.062 seconds
[2021-09-23 23:01:24,285] {scheduler_job.py:182} INFO - Started process (PID=6375) to work on /home/airflow/sandbox/lib/python3.8/site-packages/airflow/example_dags/example_xcom.py
[2021-09-23 23:01:24,287] {scheduler_job.py:633} INFO - Processing file /home/airflow/sandbox/lib/python3.8/site-packages/airflow/example_dags/example_xcom.py for tasks to queue
[2021-09-23 23:01:24,288] {logging_mixin.py:104} INFO - [2021-09-23 23:01:24,288] {dagbag.py:487} INFO - Filling up the DagBag from /home/airflow/sandbox/lib/python3.8/site-packages/airflow/example_dags/example_xcom.py
[2021-09-23 23:01:24,299] {scheduler_job.py:643} INFO - DAG(s) dict_keys(['example_xcom']) retrieved from /home/airflow/sandbox/lib/python3.8/site-packages/airflow/example_dags/example_xcom.py
[2021-09-23 23:01:24,317] {logging_mixin.py:104} INFO - [2021-09-23 23:01:24,317] {dag.py:1832} INFO - Sync 1 DAGs
[2021-09-23 23:01:24,335] {logging_mixin.py:104} INFO - [2021-09-23 23:01:24,335] {dag.py:2305} INFO - Setting next_dagrun for example_xcom to 2021-09-21 00:00:00+00:00
[2021-09-23 23:01:24,356] {scheduler_job.py:190} INFO - Processing /home/airflow/sandbox/lib/python3.8/site-packages/airflow/example_dags/example_xcom.py took 0.082 seconds
[2021-09-23 23:02:02,261] {scheduler_job.py:182} INFO - Started process (PID=6479) to work on /home/airflow/sandbox/lib/python3.8/site-packages/airflow/example_dags/example_xcom.py
[2021-09-23 23:02:02,262] {scheduler_job.py:633} INFO - Processing file /home/airflow/sandbox/lib/python3.8/site-packages/airflow/example_dags/example_xcom.py for tasks to queue
[2021-09-23 23:02:02,263] {logging_mixin.py:104} INFO - [2021-09-23 23:02:02,263] {dagbag.py:487} INFO - Filling up the DagBag from /home/airflow/sandbox/lib/python3.8/site-packages/airflow/example_dags/example_xcom.py
[2021-09-23 23:02:02,288] {scheduler_job.py:643} INFO - DAG(s) dict_keys(['example_xcom']) retrieved from /home/airflow/sandbox/lib/python3.8/site-packages/airflow/example_dags/example_xcom.py
[2021-09-23 23:02:02,307] {logging_mixin.py:104} INFO - [2021-09-23 23:02:02,307] {dag.py:1832} INFO - Sync 1 DAGs
[2021-09-23 23:02:02,327] {logging_mixin.py:104} INFO - [2021-09-23 23:02:02,327] {dag.py:2305} INFO - Setting next_dagrun for example_xcom to 2021-09-21 00:00:00+00:00
[2021-09-23 23:02:02,362] {scheduler_job.py:190} INFO - Processing /home/airflow/sandbox/lib/python3.8/site-packages/airflow/example_dags/example_xcom.py took 0.105 seconds
[2021-09-23 23:02:38,305] {scheduler_job.py:182} INFO - Started process (PID=6551) to work on /home/airflow/sandbox/lib/python3.8/site-packages/airflow/example_dags/example_xcom.py
[2021-09-23 23:02:38,306] {scheduler_job.py:633} INFO - Processing file /home/airflow/sandbox/lib/python3.8/site-packages/airflow/example_dags/example_xcom.py for tasks to queue
[2021-09-23 23:02:38,307] {logging_mixin.py:104} INFO - [2021-09-23 23:02:38,307] {dagbag.py:487} INFO - Filling up the DagBag from /home/airflow/sandbox/lib/python3.8/site-packages/airflow/example_dags/example_xcom.py
[2021-09-23 23:02:38,325] {scheduler_job.py:643} INFO - DAG(s) dict_keys(['example_xcom']) retrieved from /home/airflow/sandbox/lib/python3.8/site-packages/airflow/example_dags/example_xcom.py
[2021-09-23 23:02:38,338] {logging_mixin.py:104} INFO - [2021-09-23 23:02:38,338] {dag.py:1832} INFO - Sync 1 DAGs
[2021-09-23 23:02:38,352] {logging_mixin.py:104} INFO - [2021-09-23 23:02:38,352] {dag.py:2305} INFO - Setting next_dagrun for example_xcom to 2021-09-21 00:00:00+00:00
[2021-09-23 23:02:38,376] {scheduler_job.py:190} INFO - Processing /home/airflow/sandbox/lib/python3.8/site-packages/airflow/example_dags/example_xcom.py took 0.074 seconds
[2021-09-23 23:03:12,654] {scheduler_job.py:182} INFO - Started process (PID=6585) to work on /home/airflow/sandbox/lib/python3.8/site-packages/airflow/example_dags/example_xcom.py
[2021-09-23 23:03:12,655] {scheduler_job.py:633} INFO - Processing file /home/airflow/sandbox/lib/python3.8/site-packages/airflow/example_dags/example_xcom.py for tasks to queue
[2021-09-23 23:03:12,657] {logging_mixin.py:104} INFO - [2021-09-23 23:03:12,657] {dagbag.py:487} INFO - Filling up the DagBag from /home/airflow/sandbox/lib/python3.8/site-packages/airflow/example_dags/example_xcom.py
[2021-09-23 23:03:12,666] {scheduler_job.py:643} INFO - DAG(s) dict_keys(['example_xcom']) retrieved from /home/airflow/sandbox/lib/python3.8/site-packages/airflow/example_dags/example_xcom.py
[2021-09-23 23:03:12,684] {logging_mixin.py:104} INFO - [2021-09-23 23:03:12,684] {dag.py:1832} INFO - Sync 1 DAGs
[2021-09-23 23:03:12,697] {logging_mixin.py:104} INFO - [2021-09-23 23:03:12,697] {dag.py:2305} INFO - Setting next_dagrun for example_xcom to 2021-09-21 00:00:00+00:00
[2021-09-23 23:03:12,717] {scheduler_job.py:190} INFO - Processing /home/airflow/sandbox/lib/python3.8/site-packages/airflow/example_dags/example_xcom.py took 0.066 seconds
[2021-09-23 23:03:49,114] {scheduler_job.py:182} INFO - Started process (PID=6860) to work on /home/airflow/sandbox/lib/python3.8/site-packages/airflow/example_dags/example_xcom.py
[2021-09-23 23:03:49,115] {scheduler_job.py:633} INFO - Processing file /home/airflow/sandbox/lib/python3.8/site-packages/airflow/example_dags/example_xcom.py for tasks to queue
[2021-09-23 23:03:49,116] {logging_mixin.py:104} INFO - [2021-09-23 23:03:49,116] {dagbag.py:487} INFO - Filling up the DagBag from /home/airflow/sandbox/lib/python3.8/site-packages/airflow/example_dags/example_xcom.py
[2021-09-23 23:03:49,126] {scheduler_job.py:643} INFO - DAG(s) dict_keys(['example_xcom']) retrieved from /home/airflow/sandbox/lib/python3.8/site-packages/airflow/example_dags/example_xcom.py
[2021-09-23 23:03:49,138] {logging_mixin.py:104} INFO - [2021-09-23 23:03:49,138] {dag.py:1832} INFO - Sync 1 DAGs
[2021-09-23 23:03:49,151] {logging_mixin.py:104} INFO - [2021-09-23 23:03:49,151] {dag.py:2305} INFO - Setting next_dagrun for example_xcom to 2021-09-21 00:00:00+00:00
[2021-09-23 23:03:49,171] {scheduler_job.py:190} INFO - Processing /home/airflow/sandbox/lib/python3.8/site-packages/airflow/example_dags/example_xcom.py took 0.062 seconds
[2021-09-23 23:04:24,306] {scheduler_job.py:182} INFO - Started process (PID=6918) to work on /home/airflow/sandbox/lib/python3.8/site-packages/airflow/example_dags/example_xcom.py
[2021-09-23 23:04:24,307] {scheduler_job.py:633} INFO - Processing file /home/airflow/sandbox/lib/python3.8/site-packages/airflow/example_dags/example_xcom.py for tasks to queue
[2021-09-23 23:04:24,308] {logging_mixin.py:104} INFO - [2021-09-23 23:04:24,308] {dagbag.py:487} INFO - Filling up the DagBag from /home/airflow/sandbox/lib/python3.8/site-packages/airflow/example_dags/example_xcom.py
[2021-09-23 23:04:24,339] {scheduler_job.py:643} INFO - DAG(s) dict_keys(['example_xcom']) retrieved from /home/airflow/sandbox/lib/python3.8/site-packages/airflow/example_dags/example_xcom.py
[2021-09-23 23:04:24,352] {logging_mixin.py:104} INFO - [2021-09-23 23:04:24,352] {dag.py:1832} INFO - Sync 1 DAGs
[2021-09-23 23:04:24,365] {logging_mixin.py:104} INFO - [2021-09-23 23:04:24,363] {dag.py:2305} INFO - Setting next_dagrun for example_xcom to 2021-09-21 00:00:00+00:00
[2021-09-23 23:04:24,388] {scheduler_job.py:190} INFO - Processing /home/airflow/sandbox/lib/python3.8/site-packages/airflow/example_dags/example_xcom.py took 0.085 seconds
[2021-09-23 23:04:56,717] {scheduler_job.py:182} INFO - Started process (PID=6950) to work on /home/airflow/sandbox/lib/python3.8/site-packages/airflow/example_dags/example_xcom.py
[2021-09-23 23:04:56,720] {scheduler_job.py:633} INFO - Processing file /home/airflow/sandbox/lib/python3.8/site-packages/airflow/example_dags/example_xcom.py for tasks to queue
[2021-09-23 23:04:56,720] {logging_mixin.py:104} INFO - [2021-09-23 23:04:56,720] {dagbag.py:487} INFO - Filling up the DagBag from /home/airflow/sandbox/lib/python3.8/site-packages/airflow/example_dags/example_xcom.py
[2021-09-23 23:04:56,730] {scheduler_job.py:643} INFO - DAG(s) dict_keys(['example_xcom']) retrieved from /home/airflow/sandbox/lib/python3.8/site-packages/airflow/example_dags/example_xcom.py
[2021-09-23 23:04:56,744] {logging_mixin.py:104} INFO - [2021-09-23 23:04:56,744] {dag.py:1832} INFO - Sync 1 DAGs
[2021-09-23 23:04:56,757] {logging_mixin.py:104} INFO - [2021-09-23 23:04:56,757] {dag.py:2305} INFO - Setting next_dagrun for example_xcom to 2021-09-21 00:00:00+00:00
[2021-09-23 23:04:56,775] {scheduler_job.py:190} INFO - Processing /home/airflow/sandbox/lib/python3.8/site-packages/airflow/example_dags/example_xcom.py took 0.060 seconds
[2021-09-23 23:05:32,292] {scheduler_job.py:182} INFO - Started process (PID=7052) to work on /home/airflow/sandbox/lib/python3.8/site-packages/airflow/example_dags/example_xcom.py
[2021-09-23 23:05:32,293] {scheduler_job.py:633} INFO - Processing file /home/airflow/sandbox/lib/python3.8/site-packages/airflow/example_dags/example_xcom.py for tasks to queue
[2021-09-23 23:05:32,293] {logging_mixin.py:104} INFO - [2021-09-23 23:05:32,293] {dagbag.py:487} INFO - Filling up the DagBag from /home/airflow/sandbox/lib/python3.8/site-packages/airflow/example_dags/example_xcom.py
[2021-09-23 23:05:32,306] {scheduler_job.py:643} INFO - DAG(s) dict_keys(['example_xcom']) retrieved from /home/airflow/sandbox/lib/python3.8/site-packages/airflow/example_dags/example_xcom.py
[2021-09-23 23:05:32,318] {logging_mixin.py:104} INFO - [2021-09-23 23:05:32,318] {dag.py:1832} INFO - Sync 1 DAGs
[2021-09-23 23:05:32,331] {logging_mixin.py:104} INFO - [2021-09-23 23:05:32,331] {dag.py:2305} INFO - Setting next_dagrun for example_xcom to 2021-09-21 00:00:00+00:00
[2021-09-23 23:05:32,354] {scheduler_job.py:190} INFO - Processing /home/airflow/sandbox/lib/python3.8/site-packages/airflow/example_dags/example_xcom.py took 0.064 seconds
[2021-09-23 23:06:08,421] {scheduler_job.py:182} INFO - Started process (PID=7152) to work on /home/airflow/sandbox/lib/python3.8/site-packages/airflow/example_dags/example_xcom.py
[2021-09-23 23:06:08,422] {scheduler_job.py:633} INFO - Processing file /home/airflow/sandbox/lib/python3.8/site-packages/airflow/example_dags/example_xcom.py for tasks to queue
[2021-09-23 23:06:08,422] {logging_mixin.py:104} INFO - [2021-09-23 23:06:08,422] {dagbag.py:487} INFO - Filling up the DagBag from /home/airflow/sandbox/lib/python3.8/site-packages/airflow/example_dags/example_xcom.py
[2021-09-23 23:06:08,436] {scheduler_job.py:643} INFO - DAG(s) dict_keys(['example_xcom']) retrieved from /home/airflow/sandbox/lib/python3.8/site-packages/airflow/example_dags/example_xcom.py
[2021-09-23 23:06:08,463] {logging_mixin.py:104} INFO - [2021-09-23 23:06:08,463] {dag.py:1832} INFO - Sync 1 DAGs
[2021-09-23 23:06:08,474] {logging_mixin.py:104} INFO - [2021-09-23 23:06:08,474] {dag.py:2305} INFO - Setting next_dagrun for example_xcom to 2021-09-21 00:00:00+00:00
[2021-09-23 23:06:08,499] {scheduler_job.py:190} INFO - Processing /home/airflow/sandbox/lib/python3.8/site-packages/airflow/example_dags/example_xcom.py took 0.081 seconds
[2021-09-23 23:06:46,867] {scheduler_job.py:182} INFO - Started process (PID=7285) to work on /home/airflow/sandbox/lib/python3.8/site-packages/airflow/example_dags/example_xcom.py
[2021-09-23 23:06:46,868] {scheduler_job.py:633} INFO - Processing file /home/airflow/sandbox/lib/python3.8/site-packages/airflow/example_dags/example_xcom.py for tasks to queue
[2021-09-23 23:06:46,868] {logging_mixin.py:104} INFO - [2021-09-23 23:06:46,868] {dagbag.py:487} INFO - Filling up the DagBag from /home/airflow/sandbox/lib/python3.8/site-packages/airflow/example_dags/example_xcom.py
[2021-09-23 23:06:46,880] {scheduler_job.py:643} INFO - DAG(s) dict_keys(['example_xcom']) retrieved from /home/airflow/sandbox/lib/python3.8/site-packages/airflow/example_dags/example_xcom.py
[2021-09-23 23:06:46,893] {logging_mixin.py:104} INFO - [2021-09-23 23:06:46,893] {dag.py:1832} INFO - Sync 1 DAGs
[2021-09-23 23:06:46,905] {logging_mixin.py:104} INFO - [2021-09-23 23:06:46,904] {dag.py:2305} INFO - Setting next_dagrun for example_xcom to 2021-09-21 00:00:00+00:00
[2021-09-23 23:06:46,923] {scheduler_job.py:190} INFO - Processing /home/airflow/sandbox/lib/python3.8/site-packages/airflow/example_dags/example_xcom.py took 0.061 seconds
[2021-09-23 23:07:22,137] {scheduler_job.py:182} INFO - Started process (PID=7361) to work on /home/airflow/sandbox/lib/python3.8/site-packages/airflow/example_dags/example_xcom.py
[2021-09-23 23:07:22,138] {scheduler_job.py:633} INFO - Processing file /home/airflow/sandbox/lib/python3.8/site-packages/airflow/example_dags/example_xcom.py for tasks to queue
[2021-09-23 23:07:22,139] {logging_mixin.py:104} INFO - [2021-09-23 23:07:22,139] {dagbag.py:487} INFO - Filling up the DagBag from /home/airflow/sandbox/lib/python3.8/site-packages/airflow/example_dags/example_xcom.py
[2021-09-23 23:07:22,150] {scheduler_job.py:643} INFO - DAG(s) dict_keys(['example_xcom']) retrieved from /home/airflow/sandbox/lib/python3.8/site-packages/airflow/example_dags/example_xcom.py
[2021-09-23 23:07:22,163] {logging_mixin.py:104} INFO - [2021-09-23 23:07:22,163] {dag.py:1832} INFO - Sync 1 DAGs
[2021-09-23 23:07:22,175] {logging_mixin.py:104} INFO - [2021-09-23 23:07:22,175] {dag.py:2305} INFO - Setting next_dagrun for example_xcom to 2021-09-21 00:00:00+00:00
[2021-09-23 23:07:22,192] {scheduler_job.py:190} INFO - Processing /home/airflow/sandbox/lib/python3.8/site-packages/airflow/example_dags/example_xcom.py took 0.058 seconds
[2021-09-23 23:07:54,853] {scheduler_job.py:182} INFO - Started process (PID=7393) to work on /home/airflow/sandbox/lib/python3.8/site-packages/airflow/example_dags/example_xcom.py
[2021-09-23 23:07:54,854] {scheduler_job.py:633} INFO - Processing file /home/airflow/sandbox/lib/python3.8/site-packages/airflow/example_dags/example_xcom.py for tasks to queue
[2021-09-23 23:07:54,854] {logging_mixin.py:104} INFO - [2021-09-23 23:07:54,854] {dagbag.py:487} INFO - Filling up the DagBag from /home/airflow/sandbox/lib/python3.8/site-packages/airflow/example_dags/example_xcom.py
[2021-09-23 23:07:54,868] {scheduler_job.py:643} INFO - DAG(s) dict_keys(['example_xcom']) retrieved from /home/airflow/sandbox/lib/python3.8/site-packages/airflow/example_dags/example_xcom.py
[2021-09-23 23:07:54,884] {logging_mixin.py:104} INFO - [2021-09-23 23:07:54,884] {dag.py:1832} INFO - Sync 1 DAGs
[2021-09-23 23:07:54,894] {logging_mixin.py:104} INFO - [2021-09-23 23:07:54,894] {dag.py:2305} INFO - Setting next_dagrun for example_xcom to 2021-09-21 00:00:00+00:00
[2021-09-23 23:07:54,912] {scheduler_job.py:190} INFO - Processing /home/airflow/sandbox/lib/python3.8/site-packages/airflow/example_dags/example_xcom.py took 0.062 seconds
[2021-09-23 23:08:29,127] {scheduler_job.py:182} INFO - Started process (PID=7427) to work on /home/airflow/sandbox/lib/python3.8/site-packages/airflow/example_dags/example_xcom.py
[2021-09-23 23:08:29,129] {scheduler_job.py:633} INFO - Processing file /home/airflow/sandbox/lib/python3.8/site-packages/airflow/example_dags/example_xcom.py for tasks to queue
[2021-09-23 23:08:29,131] {logging_mixin.py:104} INFO - [2021-09-23 23:08:29,131] {dagbag.py:487} INFO - Filling up the DagBag from /home/airflow/sandbox/lib/python3.8/site-packages/airflow/example_dags/example_xcom.py
[2021-09-23 23:08:29,145] {scheduler_job.py:643} INFO - DAG(s) dict_keys(['example_xcom']) retrieved from /home/airflow/sandbox/lib/python3.8/site-packages/airflow/example_dags/example_xcom.py
[2021-09-23 23:08:29,159] {logging_mixin.py:104} INFO - [2021-09-23 23:08:29,159] {dag.py:1832} INFO - Sync 1 DAGs
[2021-09-23 23:08:29,170] {logging_mixin.py:104} INFO - [2021-09-23 23:08:29,170] {dag.py:2305} INFO - Setting next_dagrun for example_xcom to 2021-09-21 00:00:00+00:00
[2021-09-23 23:08:29,191] {scheduler_job.py:190} INFO - Processing /home/airflow/sandbox/lib/python3.8/site-packages/airflow/example_dags/example_xcom.py took 0.067 seconds
[2021-09-23 23:09:03,148] {scheduler_job.py:182} INFO - Started process (PID=7550) to work on /home/airflow/sandbox/lib/python3.8/site-packages/airflow/example_dags/example_xcom.py
[2021-09-23 23:09:03,149] {scheduler_job.py:633} INFO - Processing file /home/airflow/sandbox/lib/python3.8/site-packages/airflow/example_dags/example_xcom.py for tasks to queue
[2021-09-23 23:09:03,150] {logging_mixin.py:104} INFO - [2021-09-23 23:09:03,150] {dagbag.py:487} INFO - Filling up the DagBag from /home/airflow/sandbox/lib/python3.8/site-packages/airflow/example_dags/example_xcom.py
[2021-09-23 23:09:03,160] {scheduler_job.py:643} INFO - DAG(s) dict_keys(['example_xcom']) retrieved from /home/airflow/sandbox/lib/python3.8/site-packages/airflow/example_dags/example_xcom.py
[2021-09-23 23:09:03,174] {logging_mixin.py:104} INFO - [2021-09-23 23:09:03,174] {dag.py:1832} INFO - Sync 1 DAGs
[2021-09-23 23:09:03,188] {logging_mixin.py:104} INFO - [2021-09-23 23:09:03,188] {dag.py:2305} INFO - Setting next_dagrun for example_xcom to 2021-09-21 00:00:00+00:00
[2021-09-23 23:09:03,205] {scheduler_job.py:190} INFO - Processing /home/airflow/sandbox/lib/python3.8/site-packages/airflow/example_dags/example_xcom.py took 0.059 seconds
[2021-09-23 23:09:36,044] {scheduler_job.py:182} INFO - Started process (PID=7613) to work on /home/airflow/sandbox/lib/python3.8/site-packages/airflow/example_dags/example_xcom.py
[2021-09-23 23:09:36,045] {scheduler_job.py:633} INFO - Processing file /home/airflow/sandbox/lib/python3.8/site-packages/airflow/example_dags/example_xcom.py for tasks to queue
[2021-09-23 23:09:36,045] {logging_mixin.py:104} INFO - [2021-09-23 23:09:36,045] {dagbag.py:487} INFO - Filling up the DagBag from /home/airflow/sandbox/lib/python3.8/site-packages/airflow/example_dags/example_xcom.py
[2021-09-23 23:09:36,061] {scheduler_job.py:643} INFO - DAG(s) dict_keys(['example_xcom']) retrieved from /home/airflow/sandbox/lib/python3.8/site-packages/airflow/example_dags/example_xcom.py
[2021-09-23 23:09:36,076] {logging_mixin.py:104} INFO - [2021-09-23 23:09:36,076] {dag.py:1832} INFO - Sync 1 DAGs
[2021-09-23 23:09:36,087] {logging_mixin.py:104} INFO - [2021-09-23 23:09:36,087] {dag.py:2305} INFO - Setting next_dagrun for example_xcom to 2021-09-21 00:00:00+00:00
[2021-09-23 23:09:36,112] {scheduler_job.py:190} INFO - Processing /home/airflow/sandbox/lib/python3.8/site-packages/airflow/example_dags/example_xcom.py took 0.078 seconds
[2021-09-23 23:10:08,830] {scheduler_job.py:182} INFO - Started process (PID=7675) to work on /home/airflow/sandbox/lib/python3.8/site-packages/airflow/example_dags/example_xcom.py
[2021-09-23 23:10:08,832] {scheduler_job.py:633} INFO - Processing file /home/airflow/sandbox/lib/python3.8/site-packages/airflow/example_dags/example_xcom.py for tasks to queue
[2021-09-23 23:10:08,833] {logging_mixin.py:104} INFO - [2021-09-23 23:10:08,833] {dagbag.py:487} INFO - Filling up the DagBag from /home/airflow/sandbox/lib/python3.8/site-packages/airflow/example_dags/example_xcom.py
[2021-09-23 23:10:08,850] {scheduler_job.py:643} INFO - DAG(s) dict_keys(['example_xcom']) retrieved from /home/airflow/sandbox/lib/python3.8/site-packages/airflow/example_dags/example_xcom.py
[2021-09-23 23:10:08,865] {logging_mixin.py:104} INFO - [2021-09-23 23:10:08,865] {dag.py:1832} INFO - Sync 1 DAGs
[2021-09-23 23:10:08,880] {logging_mixin.py:104} INFO - [2021-09-23 23:10:08,880] {dag.py:2305} INFO - Setting next_dagrun for example_xcom to 2021-09-21 00:00:00+00:00
[2021-09-23 23:10:08,915] {scheduler_job.py:190} INFO - Processing /home/airflow/sandbox/lib/python3.8/site-packages/airflow/example_dags/example_xcom.py took 0.088 seconds
[2021-09-23 23:10:42,285] {scheduler_job.py:182} INFO - Started process (PID=7822) to work on /home/airflow/sandbox/lib/python3.8/site-packages/airflow/example_dags/example_xcom.py
[2021-09-23 23:10:42,286] {scheduler_job.py:633} INFO - Processing file /home/airflow/sandbox/lib/python3.8/site-packages/airflow/example_dags/example_xcom.py for tasks to queue
[2021-09-23 23:10:42,286] {logging_mixin.py:104} INFO - [2021-09-23 23:10:42,286] {dagbag.py:487} INFO - Filling up the DagBag from /home/airflow/sandbox/lib/python3.8/site-packages/airflow/example_dags/example_xcom.py
[2021-09-23 23:10:42,296] {scheduler_job.py:643} INFO - DAG(s) dict_keys(['example_xcom']) retrieved from /home/airflow/sandbox/lib/python3.8/site-packages/airflow/example_dags/example_xcom.py
[2021-09-23 23:10:42,319] {logging_mixin.py:104} INFO - [2021-09-23 23:10:42,318] {dag.py:1832} INFO - Sync 1 DAGs
[2021-09-23 23:10:42,336] {logging_mixin.py:104} INFO - [2021-09-23 23:10:42,336] {dag.py:2305} INFO - Setting next_dagrun for example_xcom to 2021-09-21 00:00:00+00:00
[2021-09-23 23:10:42,354] {scheduler_job.py:190} INFO - Processing /home/airflow/sandbox/lib/python3.8/site-packages/airflow/example_dags/example_xcom.py took 0.072 seconds
[2021-09-23 23:11:18,519] {scheduler_job.py:182} INFO - Started process (PID=7932) to work on /home/airflow/sandbox/lib/python3.8/site-packages/airflow/example_dags/example_xcom.py
[2021-09-23 23:11:18,521] {scheduler_job.py:633} INFO - Processing file /home/airflow/sandbox/lib/python3.8/site-packages/airflow/example_dags/example_xcom.py for tasks to queue
[2021-09-23 23:11:18,521] {logging_mixin.py:104} INFO - [2021-09-23 23:11:18,521] {dagbag.py:487} INFO - Filling up the DagBag from /home/airflow/sandbox/lib/python3.8/site-packages/airflow/example_dags/example_xcom.py
[2021-09-23 23:11:18,532] {scheduler_job.py:643} INFO - DAG(s) dict_keys(['example_xcom']) retrieved from /home/airflow/sandbox/lib/python3.8/site-packages/airflow/example_dags/example_xcom.py
[2021-09-23 23:11:18,545] {logging_mixin.py:104} INFO - [2021-09-23 23:11:18,545] {dag.py:1832} INFO - Sync 1 DAGs
[2021-09-23 23:11:18,555] {logging_mixin.py:104} INFO - [2021-09-23 23:11:18,555] {dag.py:2305} INFO - Setting next_dagrun for example_xcom to 2021-09-21 00:00:00+00:00
[2021-09-23 23:11:18,572] {scheduler_job.py:190} INFO - Processing /home/airflow/sandbox/lib/python3.8/site-packages/airflow/example_dags/example_xcom.py took 0.056 seconds
[2021-09-23 23:11:52,796] {scheduler_job.py:182} INFO - Started process (PID=8084) to work on /home/airflow/sandbox/lib/python3.8/site-packages/airflow/example_dags/example_xcom.py
[2021-09-23 23:11:52,797] {scheduler_job.py:633} INFO - Processing file /home/airflow/sandbox/lib/python3.8/site-packages/airflow/example_dags/example_xcom.py for tasks to queue
[2021-09-23 23:11:52,797] {logging_mixin.py:104} INFO - [2021-09-23 23:11:52,797] {dagbag.py:487} INFO - Filling up the DagBag from /home/airflow/sandbox/lib/python3.8/site-packages/airflow/example_dags/example_xcom.py
[2021-09-23 23:11:52,807] {scheduler_job.py:643} INFO - DAG(s) dict_keys(['example_xcom']) retrieved from /home/airflow/sandbox/lib/python3.8/site-packages/airflow/example_dags/example_xcom.py
[2021-09-23 23:11:52,820] {logging_mixin.py:104} INFO - [2021-09-23 23:11:52,820] {dag.py:1832} INFO - Sync 1 DAGs
[2021-09-23 23:11:52,832] {logging_mixin.py:104} INFO - [2021-09-23 23:11:52,832] {dag.py:2305} INFO - Setting next_dagrun for example_xcom to 2021-09-21 00:00:00+00:00
[2021-09-23 23:11:52,854] {scheduler_job.py:190} INFO - Processing /home/airflow/sandbox/lib/python3.8/site-packages/airflow/example_dags/example_xcom.py took 0.060 seconds
[2021-09-23 23:12:29,674] {scheduler_job.py:182} INFO - Started process (PID=8325) to work on /home/airflow/sandbox/lib/python3.8/site-packages/airflow/example_dags/example_xcom.py
[2021-09-23 23:12:29,675] {scheduler_job.py:633} INFO - Processing file /home/airflow/sandbox/lib/python3.8/site-packages/airflow/example_dags/example_xcom.py for tasks to queue
[2021-09-23 23:12:29,676] {logging_mixin.py:104} INFO - [2021-09-23 23:12:29,676] {dagbag.py:487} INFO - Filling up the DagBag from /home/airflow/sandbox/lib/python3.8/site-packages/airflow/example_dags/example_xcom.py
[2021-09-23 23:12:29,692] {scheduler_job.py:643} INFO - DAG(s) dict_keys(['example_xcom']) retrieved from /home/airflow/sandbox/lib/python3.8/site-packages/airflow/example_dags/example_xcom.py
[2021-09-23 23:12:29,711] {logging_mixin.py:104} INFO - [2021-09-23 23:12:29,710] {dag.py:1832} INFO - Sync 1 DAGs
[2021-09-23 23:12:29,724] {logging_mixin.py:104} INFO - [2021-09-23 23:12:29,724] {dag.py:2305} INFO - Setting next_dagrun for example_xcom to 2021-09-21 00:00:00+00:00
[2021-09-23 23:12:29,752] {scheduler_job.py:190} INFO - Processing /home/airflow/sandbox/lib/python3.8/site-packages/airflow/example_dags/example_xcom.py took 0.083 seconds
[2021-09-23 23:13:03,175] {scheduler_job.py:182} INFO - Started process (PID=8402) to work on /home/airflow/sandbox/lib/python3.8/site-packages/airflow/example_dags/example_xcom.py
[2021-09-23 23:13:03,177] {scheduler_job.py:633} INFO - Processing file /home/airflow/sandbox/lib/python3.8/site-packages/airflow/example_dags/example_xcom.py for tasks to queue
[2021-09-23 23:13:03,180] {logging_mixin.py:104} INFO - [2021-09-23 23:13:03,179] {dagbag.py:487} INFO - Filling up the DagBag from /home/airflow/sandbox/lib/python3.8/site-packages/airflow/example_dags/example_xcom.py
[2021-09-23 23:13:03,208] {scheduler_job.py:643} INFO - DAG(s) dict_keys(['example_xcom']) retrieved from /home/airflow/sandbox/lib/python3.8/site-packages/airflow/example_dags/example_xcom.py
[2021-09-23 23:13:03,230] {logging_mixin.py:104} INFO - [2021-09-23 23:13:03,229] {dag.py:1832} INFO - Sync 1 DAGs
[2021-09-23 23:13:03,249] {logging_mixin.py:104} INFO - [2021-09-23 23:13:03,249] {dag.py:2305} INFO - Setting next_dagrun for example_xcom to 2021-09-21 00:00:00+00:00
[2021-09-23 23:13:03,278] {scheduler_job.py:190} INFO - Processing /home/airflow/sandbox/lib/python3.8/site-packages/airflow/example_dags/example_xcom.py took 0.114 seconds
[2021-09-23 23:13:39,444] {scheduler_job.py:182} INFO - Started process (PID=8435) to work on /home/airflow/sandbox/lib/python3.8/site-packages/airflow/example_dags/example_xcom.py
[2021-09-23 23:13:39,445] {scheduler_job.py:633} INFO - Processing file /home/airflow/sandbox/lib/python3.8/site-packages/airflow/example_dags/example_xcom.py for tasks to queue
[2021-09-23 23:13:39,446] {logging_mixin.py:104} INFO - [2021-09-23 23:13:39,446] {dagbag.py:487} INFO - Filling up the DagBag from /home/airflow/sandbox/lib/python3.8/site-packages/airflow/example_dags/example_xcom.py
[2021-09-23 23:13:39,466] {scheduler_job.py:643} INFO - DAG(s) dict_keys(['example_xcom']) retrieved from /home/airflow/sandbox/lib/python3.8/site-packages/airflow/example_dags/example_xcom.py
[2021-09-23 23:13:39,483] {logging_mixin.py:104} INFO - [2021-09-23 23:13:39,483] {dag.py:1832} INFO - Sync 1 DAGs
[2021-09-23 23:13:39,500] {logging_mixin.py:104} INFO - [2021-09-23 23:13:39,500] {dag.py:2305} INFO - Setting next_dagrun for example_xcom to 2021-09-21 00:00:00+00:00
[2021-09-23 23:13:39,530] {scheduler_job.py:190} INFO - Processing /home/airflow/sandbox/lib/python3.8/site-packages/airflow/example_dags/example_xcom.py took 0.090 seconds
[2021-09-23 23:14:18,728] {scheduler_job.py:182} INFO - Started process (PID=8471) to work on /home/airflow/sandbox/lib/python3.8/site-packages/airflow/example_dags/example_xcom.py
[2021-09-23 23:14:18,730] {scheduler_job.py:633} INFO - Processing file /home/airflow/sandbox/lib/python3.8/site-packages/airflow/example_dags/example_xcom.py for tasks to queue
[2021-09-23 23:14:18,730] {logging_mixin.py:104} INFO - [2021-09-23 23:14:18,730] {dagbag.py:487} INFO - Filling up the DagBag from /home/airflow/sandbox/lib/python3.8/site-packages/airflow/example_dags/example_xcom.py
[2021-09-23 23:14:18,741] {scheduler_job.py:643} INFO - DAG(s) dict_keys(['example_xcom']) retrieved from /home/airflow/sandbox/lib/python3.8/site-packages/airflow/example_dags/example_xcom.py
[2021-09-23 23:14:18,754] {logging_mixin.py:104} INFO - [2021-09-23 23:14:18,754] {dag.py:1832} INFO - Sync 1 DAGs
[2021-09-23 23:14:18,765] {logging_mixin.py:104} INFO - [2021-09-23 23:14:18,765] {dag.py:2305} INFO - Setting next_dagrun for example_xcom to 2021-09-21 00:00:00+00:00
[2021-09-23 23:14:18,787] {scheduler_job.py:190} INFO - Processing /home/airflow/sandbox/lib/python3.8/site-packages/airflow/example_dags/example_xcom.py took 0.062 seconds
[2021-09-23 23:14:51,898] {scheduler_job.py:182} INFO - Started process (PID=8563) to work on /home/airflow/sandbox/lib/python3.8/site-packages/airflow/example_dags/example_xcom.py
[2021-09-23 23:14:51,899] {scheduler_job.py:633} INFO - Processing file /home/airflow/sandbox/lib/python3.8/site-packages/airflow/example_dags/example_xcom.py for tasks to queue
[2021-09-23 23:14:51,900] {logging_mixin.py:104} INFO - [2021-09-23 23:14:51,900] {dagbag.py:487} INFO - Filling up the DagBag from /home/airflow/sandbox/lib/python3.8/site-packages/airflow/example_dags/example_xcom.py
[2021-09-23 23:14:51,910] {scheduler_job.py:643} INFO - DAG(s) dict_keys(['example_xcom']) retrieved from /home/airflow/sandbox/lib/python3.8/site-packages/airflow/example_dags/example_xcom.py
[2021-09-23 23:14:51,923] {logging_mixin.py:104} INFO - [2021-09-23 23:14:51,923] {dag.py:1832} INFO - Sync 1 DAGs
[2021-09-23 23:14:51,934] {logging_mixin.py:104} INFO - [2021-09-23 23:14:51,934] {dag.py:2305} INFO - Setting next_dagrun for example_xcom to 2021-09-21 00:00:00+00:00
[2021-09-23 23:14:51,952] {scheduler_job.py:190} INFO - Processing /home/airflow/sandbox/lib/python3.8/site-packages/airflow/example_dags/example_xcom.py took 0.057 seconds
[2021-09-23 23:15:29,606] {scheduler_job.py:182} INFO - Started process (PID=8869) to work on /home/airflow/sandbox/lib/python3.8/site-packages/airflow/example_dags/example_xcom.py
[2021-09-23 23:15:29,607] {scheduler_job.py:633} INFO - Processing file /home/airflow/sandbox/lib/python3.8/site-packages/airflow/example_dags/example_xcom.py for tasks to queue
[2021-09-23 23:15:29,607] {logging_mixin.py:104} INFO - [2021-09-23 23:15:29,607] {dagbag.py:487} INFO - Filling up the DagBag from /home/airflow/sandbox/lib/python3.8/site-packages/airflow/example_dags/example_xcom.py
[2021-09-23 23:15:29,617] {scheduler_job.py:643} INFO - DAG(s) dict_keys(['example_xcom']) retrieved from /home/airflow/sandbox/lib/python3.8/site-packages/airflow/example_dags/example_xcom.py
[2021-09-23 23:15:29,629] {logging_mixin.py:104} INFO - [2021-09-23 23:15:29,629] {dag.py:1832} INFO - Sync 1 DAGs
[2021-09-23 23:15:29,641] {logging_mixin.py:104} INFO - [2021-09-23 23:15:29,641] {dag.py:2305} INFO - Setting next_dagrun for example_xcom to 2021-09-21 00:00:00+00:00
[2021-09-23 23:15:29,662] {scheduler_job.py:190} INFO - Processing /home/airflow/sandbox/lib/python3.8/site-packages/airflow/example_dags/example_xcom.py took 0.059 seconds
[2021-09-23 23:16:02,707] {scheduler_job.py:182} INFO - Started process (PID=9005) to work on /home/airflow/sandbox/lib/python3.8/site-packages/airflow/example_dags/example_xcom.py
[2021-09-23 23:16:02,708] {scheduler_job.py:633} INFO - Processing file /home/airflow/sandbox/lib/python3.8/site-packages/airflow/example_dags/example_xcom.py for tasks to queue
[2021-09-23 23:16:02,709] {logging_mixin.py:104} INFO - [2021-09-23 23:16:02,709] {dagbag.py:487} INFO - Filling up the DagBag from /home/airflow/sandbox/lib/python3.8/site-packages/airflow/example_dags/example_xcom.py
[2021-09-23 23:16:02,719] {scheduler_job.py:643} INFO - DAG(s) dict_keys(['example_xcom']) retrieved from /home/airflow/sandbox/lib/python3.8/site-packages/airflow/example_dags/example_xcom.py
[2021-09-23 23:16:02,733] {logging_mixin.py:104} INFO - [2021-09-23 23:16:02,733] {dag.py:1832} INFO - Sync 1 DAGs
[2021-09-23 23:16:02,745] {logging_mixin.py:104} INFO - [2021-09-23 23:16:02,745] {dag.py:2305} INFO - Setting next_dagrun for example_xcom to 2021-09-21 00:00:00+00:00
[2021-09-23 23:16:02,762] {scheduler_job.py:190} INFO - Processing /home/airflow/sandbox/lib/python3.8/site-packages/airflow/example_dags/example_xcom.py took 0.058 seconds
[2021-09-23 23:16:37,813] {scheduler_job.py:182} INFO - Started process (PID=9129) to work on /home/airflow/sandbox/lib/python3.8/site-packages/airflow/example_dags/example_xcom.py
[2021-09-23 23:16:37,814] {scheduler_job.py:633} INFO - Processing file /home/airflow/sandbox/lib/python3.8/site-packages/airflow/example_dags/example_xcom.py for tasks to queue
[2021-09-23 23:16:37,815] {logging_mixin.py:104} INFO - [2021-09-23 23:16:37,815] {dagbag.py:487} INFO - Filling up the DagBag from /home/airflow/sandbox/lib/python3.8/site-packages/airflow/example_dags/example_xcom.py
[2021-09-23 23:16:37,826] {scheduler_job.py:643} INFO - DAG(s) dict_keys(['example_xcom']) retrieved from /home/airflow/sandbox/lib/python3.8/site-packages/airflow/example_dags/example_xcom.py
[2021-09-23 23:16:37,838] {logging_mixin.py:104} INFO - [2021-09-23 23:16:37,838] {dag.py:1832} INFO - Sync 1 DAGs
[2021-09-23 23:16:37,850] {logging_mixin.py:104} INFO - [2021-09-23 23:16:37,850] {dag.py:2305} INFO - Setting next_dagrun for example_xcom to 2021-09-21 00:00:00+00:00
[2021-09-23 23:16:37,872] {scheduler_job.py:190} INFO - Processing /home/airflow/sandbox/lib/python3.8/site-packages/airflow/example_dags/example_xcom.py took 0.062 seconds
[2021-09-23 23:43:34,111] {scheduler_job.py:182} INFO - Started process (PID=9320) to work on /home/airflow/sandbox/lib/python3.8/site-packages/airflow/example_dags/example_xcom.py
[2021-09-23 23:43:34,112] {scheduler_job.py:633} INFO - Processing file /home/airflow/sandbox/lib/python3.8/site-packages/airflow/example_dags/example_xcom.py for tasks to queue
[2021-09-23 23:43:34,112] {logging_mixin.py:104} INFO - [2021-09-23 23:43:34,112] {dagbag.py:487} INFO - Filling up the DagBag from /home/airflow/sandbox/lib/python3.8/site-packages/airflow/example_dags/example_xcom.py
[2021-09-23 23:43:34,126] {scheduler_job.py:643} INFO - DAG(s) dict_keys(['example_xcom']) retrieved from /home/airflow/sandbox/lib/python3.8/site-packages/airflow/example_dags/example_xcom.py
[2021-09-23 23:43:34,137] {logging_mixin.py:104} INFO - [2021-09-23 23:43:34,137] {dag.py:1832} INFO - Sync 1 DAGs
[2021-09-23 23:43:34,148] {logging_mixin.py:104} INFO - [2021-09-23 23:43:34,148] {dag.py:2305} INFO - Setting next_dagrun for example_xcom to 2021-09-21 00:00:00+00:00
[2021-09-23 23:43:34,167] {scheduler_job.py:190} INFO - Processing /home/airflow/sandbox/lib/python3.8/site-packages/airflow/example_dags/example_xcom.py took 0.059 seconds
[2021-09-23 23:44:07,938] {scheduler_job.py:182} INFO - Started process (PID=9353) to work on /home/airflow/sandbox/lib/python3.8/site-packages/airflow/example_dags/example_xcom.py
[2021-09-23 23:44:07,939] {scheduler_job.py:633} INFO - Processing file /home/airflow/sandbox/lib/python3.8/site-packages/airflow/example_dags/example_xcom.py for tasks to queue
[2021-09-23 23:44:07,939] {logging_mixin.py:104} INFO - [2021-09-23 23:44:07,939] {dagbag.py:487} INFO - Filling up the DagBag from /home/airflow/sandbox/lib/python3.8/site-packages/airflow/example_dags/example_xcom.py
[2021-09-23 23:44:07,950] {scheduler_job.py:643} INFO - DAG(s) dict_keys(['example_xcom']) retrieved from /home/airflow/sandbox/lib/python3.8/site-packages/airflow/example_dags/example_xcom.py
[2021-09-23 23:44:07,963] {logging_mixin.py:104} INFO - [2021-09-23 23:44:07,963] {dag.py:1832} INFO - Sync 1 DAGs
[2021-09-23 23:44:07,973] {logging_mixin.py:104} INFO - [2021-09-23 23:44:07,973] {dag.py:2305} INFO - Setting next_dagrun for example_xcom to 2021-09-21 00:00:00+00:00
[2021-09-23 23:44:07,998] {scheduler_job.py:190} INFO - Processing /home/airflow/sandbox/lib/python3.8/site-packages/airflow/example_dags/example_xcom.py took 0.062 seconds
[2021-09-23 23:44:41,592] {scheduler_job.py:182} INFO - Started process (PID=9386) to work on /home/airflow/sandbox/lib/python3.8/site-packages/airflow/example_dags/example_xcom.py
[2021-09-23 23:44:41,592] {scheduler_job.py:633} INFO - Processing file /home/airflow/sandbox/lib/python3.8/site-packages/airflow/example_dags/example_xcom.py for tasks to queue
[2021-09-23 23:44:41,593] {logging_mixin.py:104} INFO - [2021-09-23 23:44:41,593] {dagbag.py:487} INFO - Filling up the DagBag from /home/airflow/sandbox/lib/python3.8/site-packages/airflow/example_dags/example_xcom.py
[2021-09-23 23:44:41,603] {scheduler_job.py:643} INFO - DAG(s) dict_keys(['example_xcom']) retrieved from /home/airflow/sandbox/lib/python3.8/site-packages/airflow/example_dags/example_xcom.py
[2021-09-23 23:44:41,619] {logging_mixin.py:104} INFO - [2021-09-23 23:44:41,619] {dag.py:1832} INFO - Sync 1 DAGs
[2021-09-23 23:44:41,632] {logging_mixin.py:104} INFO - [2021-09-23 23:44:41,632] {dag.py:2305} INFO - Setting next_dagrun for example_xcom to 2021-09-21 00:00:00+00:00
[2021-09-23 23:44:41,650] {scheduler_job.py:190} INFO - Processing /home/airflow/sandbox/lib/python3.8/site-packages/airflow/example_dags/example_xcom.py took 0.061 seconds
[2021-09-23 23:45:15,848] {scheduler_job.py:182} INFO - Started process (PID=9418) to work on /home/airflow/sandbox/lib/python3.8/site-packages/airflow/example_dags/example_xcom.py
[2021-09-23 23:45:15,849] {scheduler_job.py:633} INFO - Processing file /home/airflow/sandbox/lib/python3.8/site-packages/airflow/example_dags/example_xcom.py for tasks to queue
[2021-09-23 23:45:15,850] {logging_mixin.py:104} INFO - [2021-09-23 23:45:15,850] {dagbag.py:487} INFO - Filling up the DagBag from /home/airflow/sandbox/lib/python3.8/site-packages/airflow/example_dags/example_xcom.py
[2021-09-23 23:45:15,861] {scheduler_job.py:643} INFO - DAG(s) dict_keys(['example_xcom']) retrieved from /home/airflow/sandbox/lib/python3.8/site-packages/airflow/example_dags/example_xcom.py
[2021-09-23 23:45:15,874] {logging_mixin.py:104} INFO - [2021-09-23 23:45:15,874] {dag.py:1832} INFO - Sync 1 DAGs
[2021-09-23 23:45:15,886] {logging_mixin.py:104} INFO - [2021-09-23 23:45:15,886] {dag.py:2305} INFO - Setting next_dagrun for example_xcom to 2021-09-21 00:00:00+00:00
[2021-09-23 23:45:15,905] {scheduler_job.py:190} INFO - Processing /home/airflow/sandbox/lib/python3.8/site-packages/airflow/example_dags/example_xcom.py took 0.060 seconds
[2021-09-23 23:45:50,600] {scheduler_job.py:182} INFO - Started process (PID=9450) to work on /home/airflow/sandbox/lib/python3.8/site-packages/airflow/example_dags/example_xcom.py
[2021-09-23 23:45:50,600] {scheduler_job.py:633} INFO - Processing file /home/airflow/sandbox/lib/python3.8/site-packages/airflow/example_dags/example_xcom.py for tasks to queue
[2021-09-23 23:45:50,601] {logging_mixin.py:104} INFO - [2021-09-23 23:45:50,601] {dagbag.py:487} INFO - Filling up the DagBag from /home/airflow/sandbox/lib/python3.8/site-packages/airflow/example_dags/example_xcom.py
[2021-09-23 23:45:50,613] {scheduler_job.py:643} INFO - DAG(s) dict_keys(['example_xcom']) retrieved from /home/airflow/sandbox/lib/python3.8/site-packages/airflow/example_dags/example_xcom.py
[2021-09-23 23:45:50,628] {logging_mixin.py:104} INFO - [2021-09-23 23:45:50,628] {dag.py:1832} INFO - Sync 1 DAGs
[2021-09-23 23:45:50,641] {logging_mixin.py:104} INFO - [2021-09-23 23:45:50,641] {dag.py:2305} INFO - Setting next_dagrun for example_xcom to 2021-09-21 00:00:00+00:00
[2021-09-23 23:45:50,660] {scheduler_job.py:190} INFO - Processing /home/airflow/sandbox/lib/python3.8/site-packages/airflow/example_dags/example_xcom.py took 0.063 seconds
[2021-09-23 23:46:23,562] {scheduler_job.py:182} INFO - Started process (PID=9483) to work on /home/airflow/sandbox/lib/python3.8/site-packages/airflow/example_dags/example_xcom.py
[2021-09-23 23:46:23,563] {scheduler_job.py:633} INFO - Processing file /home/airflow/sandbox/lib/python3.8/site-packages/airflow/example_dags/example_xcom.py for tasks to queue
[2021-09-23 23:46:23,564] {logging_mixin.py:104} INFO - [2021-09-23 23:46:23,564] {dagbag.py:487} INFO - Filling up the DagBag from /home/airflow/sandbox/lib/python3.8/site-packages/airflow/example_dags/example_xcom.py
[2021-09-23 23:46:23,577] {scheduler_job.py:643} INFO - DAG(s) dict_keys(['example_xcom']) retrieved from /home/airflow/sandbox/lib/python3.8/site-packages/airflow/example_dags/example_xcom.py
[2021-09-23 23:46:23,589] {logging_mixin.py:104} INFO - [2021-09-23 23:46:23,589] {dag.py:1832} INFO - Sync 1 DAGs
[2021-09-23 23:46:23,601] {logging_mixin.py:104} INFO - [2021-09-23 23:46:23,601] {dag.py:2305} INFO - Setting next_dagrun for example_xcom to 2021-09-21 00:00:00+00:00
[2021-09-23 23:46:23,624] {scheduler_job.py:190} INFO - Processing /home/airflow/sandbox/lib/python3.8/site-packages/airflow/example_dags/example_xcom.py took 0.066 seconds
[2021-09-23 23:46:57,542] {scheduler_job.py:182} INFO - Started process (PID=9558) to work on /home/airflow/sandbox/lib/python3.8/site-packages/airflow/example_dags/example_xcom.py
[2021-09-23 23:46:57,543] {scheduler_job.py:633} INFO - Processing file /home/airflow/sandbox/lib/python3.8/site-packages/airflow/example_dags/example_xcom.py for tasks to queue
[2021-09-23 23:46:57,544] {logging_mixin.py:104} INFO - [2021-09-23 23:46:57,544] {dagbag.py:487} INFO - Filling up the DagBag from /home/airflow/sandbox/lib/python3.8/site-packages/airflow/example_dags/example_xcom.py
[2021-09-23 23:46:57,555] {scheduler_job.py:643} INFO - DAG(s) dict_keys(['example_xcom']) retrieved from /home/airflow/sandbox/lib/python3.8/site-packages/airflow/example_dags/example_xcom.py
[2021-09-23 23:46:57,567] {logging_mixin.py:104} INFO - [2021-09-23 23:46:57,567] {dag.py:1832} INFO - Sync 1 DAGs
[2021-09-23 23:46:57,578] {logging_mixin.py:104} INFO - [2021-09-23 23:46:57,578] {dag.py:2305} INFO - Setting next_dagrun for example_xcom to 2021-09-21 00:00:00+00:00
[2021-09-23 23:46:57,603] {scheduler_job.py:190} INFO - Processing /home/airflow/sandbox/lib/python3.8/site-packages/airflow/example_dags/example_xcom.py took 0.064 seconds
[2021-09-23 23:47:31,828] {scheduler_job.py:182} INFO - Started process (PID=9592) to work on /home/airflow/sandbox/lib/python3.8/site-packages/airflow/example_dags/example_xcom.py
[2021-09-23 23:47:31,831] {scheduler_job.py:633} INFO - Processing file /home/airflow/sandbox/lib/python3.8/site-packages/airflow/example_dags/example_xcom.py for tasks to queue
[2021-09-23 23:47:31,831] {logging_mixin.py:104} INFO - [2021-09-23 23:47:31,831] {dagbag.py:487} INFO - Filling up the DagBag from /home/airflow/sandbox/lib/python3.8/site-packages/airflow/example_dags/example_xcom.py
[2021-09-23 23:47:31,845] {scheduler_job.py:643} INFO - DAG(s) dict_keys(['example_xcom']) retrieved from /home/airflow/sandbox/lib/python3.8/site-packages/airflow/example_dags/example_xcom.py
[2021-09-23 23:47:31,858] {logging_mixin.py:104} INFO - [2021-09-23 23:47:31,858] {dag.py:1832} INFO - Sync 1 DAGs
[2021-09-23 23:47:31,869] {logging_mixin.py:104} INFO - [2021-09-23 23:47:31,869] {dag.py:2305} INFO - Setting next_dagrun for example_xcom to 2021-09-21 00:00:00+00:00
[2021-09-23 23:47:31,888] {scheduler_job.py:190} INFO - Processing /home/airflow/sandbox/lib/python3.8/site-packages/airflow/example_dags/example_xcom.py took 0.064 seconds
[2021-09-23 23:48:05,109] {scheduler_job.py:182} INFO - Started process (PID=9624) to work on /home/airflow/sandbox/lib/python3.8/site-packages/airflow/example_dags/example_xcom.py
[2021-09-23 23:48:05,111] {scheduler_job.py:633} INFO - Processing file /home/airflow/sandbox/lib/python3.8/site-packages/airflow/example_dags/example_xcom.py for tasks to queue
[2021-09-23 23:48:05,112] {logging_mixin.py:104} INFO - [2021-09-23 23:48:05,112] {dagbag.py:487} INFO - Filling up the DagBag from /home/airflow/sandbox/lib/python3.8/site-packages/airflow/example_dags/example_xcom.py
[2021-09-23 23:48:05,122] {scheduler_job.py:643} INFO - DAG(s) dict_keys(['example_xcom']) retrieved from /home/airflow/sandbox/lib/python3.8/site-packages/airflow/example_dags/example_xcom.py
[2021-09-23 23:48:05,135] {logging_mixin.py:104} INFO - [2021-09-23 23:48:05,135] {dag.py:1832} INFO - Sync 1 DAGs
[2021-09-23 23:48:05,146] {logging_mixin.py:104} INFO - [2021-09-23 23:48:05,146] {dag.py:2305} INFO - Setting next_dagrun for example_xcom to 2021-09-21 00:00:00+00:00
[2021-09-23 23:48:05,164] {scheduler_job.py:190} INFO - Processing /home/airflow/sandbox/lib/python3.8/site-packages/airflow/example_dags/example_xcom.py took 0.057 seconds
[2021-09-23 23:48:38,863] {scheduler_job.py:182} INFO - Started process (PID=9656) to work on /home/airflow/sandbox/lib/python3.8/site-packages/airflow/example_dags/example_xcom.py
[2021-09-23 23:48:38,864] {scheduler_job.py:633} INFO - Processing file /home/airflow/sandbox/lib/python3.8/site-packages/airflow/example_dags/example_xcom.py for tasks to queue
[2021-09-23 23:48:38,865] {logging_mixin.py:104} INFO - [2021-09-23 23:48:38,864] {dagbag.py:487} INFO - Filling up the DagBag from /home/airflow/sandbox/lib/python3.8/site-packages/airflow/example_dags/example_xcom.py
[2021-09-23 23:48:38,876] {scheduler_job.py:643} INFO - DAG(s) dict_keys(['example_xcom']) retrieved from /home/airflow/sandbox/lib/python3.8/site-packages/airflow/example_dags/example_xcom.py
[2021-09-23 23:48:38,890] {logging_mixin.py:104} INFO - [2021-09-23 23:48:38,889] {dag.py:1832} INFO - Sync 1 DAGs
[2021-09-23 23:48:38,903] {logging_mixin.py:104} INFO - [2021-09-23 23:48:38,903] {dag.py:2305} INFO - Setting next_dagrun for example_xcom to 2021-09-21 00:00:00+00:00
[2021-09-23 23:48:38,920] {scheduler_job.py:190} INFO - Processing /home/airflow/sandbox/lib/python3.8/site-packages/airflow/example_dags/example_xcom.py took 0.061 seconds
[2021-09-23 23:49:13,688] {scheduler_job.py:182} INFO - Started process (PID=9687) to work on /home/airflow/sandbox/lib/python3.8/site-packages/airflow/example_dags/example_xcom.py
[2021-09-23 23:49:13,690] {scheduler_job.py:633} INFO - Processing file /home/airflow/sandbox/lib/python3.8/site-packages/airflow/example_dags/example_xcom.py for tasks to queue
[2021-09-23 23:49:13,691] {logging_mixin.py:104} INFO - [2021-09-23 23:49:13,691] {dagbag.py:487} INFO - Filling up the DagBag from /home/airflow/sandbox/lib/python3.8/site-packages/airflow/example_dags/example_xcom.py
[2021-09-23 23:49:13,706] {scheduler_job.py:643} INFO - DAG(s) dict_keys(['example_xcom']) retrieved from /home/airflow/sandbox/lib/python3.8/site-packages/airflow/example_dags/example_xcom.py
[2021-09-23 23:49:13,719] {logging_mixin.py:104} INFO - [2021-09-23 23:49:13,719] {dag.py:1832} INFO - Sync 1 DAGs
[2021-09-23 23:49:13,734] {logging_mixin.py:104} INFO - [2021-09-23 23:49:13,734] {dag.py:2305} INFO - Setting next_dagrun for example_xcom to 2021-09-21 00:00:00+00:00
[2021-09-23 23:49:13,757] {scheduler_job.py:190} INFO - Processing /home/airflow/sandbox/lib/python3.8/site-packages/airflow/example_dags/example_xcom.py took 0.071 seconds
[2021-09-23 23:49:48,833] {scheduler_job.py:182} INFO - Started process (PID=9720) to work on /home/airflow/sandbox/lib/python3.8/site-packages/airflow/example_dags/example_xcom.py
[2021-09-23 23:49:48,835] {scheduler_job.py:633} INFO - Processing file /home/airflow/sandbox/lib/python3.8/site-packages/airflow/example_dags/example_xcom.py for tasks to queue
[2021-09-23 23:49:48,835] {logging_mixin.py:104} INFO - [2021-09-23 23:49:48,835] {dagbag.py:487} INFO - Filling up the DagBag from /home/airflow/sandbox/lib/python3.8/site-packages/airflow/example_dags/example_xcom.py
[2021-09-23 23:49:48,849] {scheduler_job.py:643} INFO - DAG(s) dict_keys(['example_xcom']) retrieved from /home/airflow/sandbox/lib/python3.8/site-packages/airflow/example_dags/example_xcom.py
[2021-09-23 23:49:48,865] {logging_mixin.py:104} INFO - [2021-09-23 23:49:48,865] {dag.py:1832} INFO - Sync 1 DAGs
[2021-09-23 23:49:48,876] {logging_mixin.py:104} INFO - [2021-09-23 23:49:48,876] {dag.py:2305} INFO - Setting next_dagrun for example_xcom to 2021-09-21 00:00:00+00:00
[2021-09-23 23:49:48,894] {scheduler_job.py:190} INFO - Processing /home/airflow/sandbox/lib/python3.8/site-packages/airflow/example_dags/example_xcom.py took 0.065 seconds
[2021-09-23 23:50:21,720] {scheduler_job.py:182} INFO - Started process (PID=9754) to work on /home/airflow/sandbox/lib/python3.8/site-packages/airflow/example_dags/example_xcom.py
[2021-09-23 23:50:21,722] {scheduler_job.py:633} INFO - Processing file /home/airflow/sandbox/lib/python3.8/site-packages/airflow/example_dags/example_xcom.py for tasks to queue
[2021-09-23 23:50:21,723] {logging_mixin.py:104} INFO - [2021-09-23 23:50:21,723] {dagbag.py:487} INFO - Filling up the DagBag from /home/airflow/sandbox/lib/python3.8/site-packages/airflow/example_dags/example_xcom.py
[2021-09-23 23:50:21,737] {scheduler_job.py:643} INFO - DAG(s) dict_keys(['example_xcom']) retrieved from /home/airflow/sandbox/lib/python3.8/site-packages/airflow/example_dags/example_xcom.py
[2021-09-23 23:50:21,749] {logging_mixin.py:104} INFO - [2021-09-23 23:50:21,749] {dag.py:1832} INFO - Sync 1 DAGs
[2021-09-23 23:50:21,760] {logging_mixin.py:104} INFO - [2021-09-23 23:50:21,760] {dag.py:2305} INFO - Setting next_dagrun for example_xcom to 2021-09-21 00:00:00+00:00
[2021-09-23 23:50:21,778] {scheduler_job.py:190} INFO - Processing /home/airflow/sandbox/lib/python3.8/site-packages/airflow/example_dags/example_xcom.py took 0.062 seconds
[2021-09-23 23:50:53,992] {scheduler_job.py:182} INFO - Started process (PID=9785) to work on /home/airflow/sandbox/lib/python3.8/site-packages/airflow/example_dags/example_xcom.py
[2021-09-23 23:50:53,994] {scheduler_job.py:633} INFO - Processing file /home/airflow/sandbox/lib/python3.8/site-packages/airflow/example_dags/example_xcom.py for tasks to queue
[2021-09-23 23:50:53,995] {logging_mixin.py:104} INFO - [2021-09-23 23:50:53,995] {dagbag.py:487} INFO - Filling up the DagBag from /home/airflow/sandbox/lib/python3.8/site-packages/airflow/example_dags/example_xcom.py
[2021-09-23 23:50:54,012] {scheduler_job.py:643} INFO - DAG(s) dict_keys(['example_xcom']) retrieved from /home/airflow/sandbox/lib/python3.8/site-packages/airflow/example_dags/example_xcom.py
[2021-09-23 23:50:54,026] {logging_mixin.py:104} INFO - [2021-09-23 23:50:54,026] {dag.py:1832} INFO - Sync 1 DAGs
[2021-09-23 23:50:54,038] {logging_mixin.py:104} INFO - [2021-09-23 23:50:54,038] {dag.py:2305} INFO - Setting next_dagrun for example_xcom to 2021-09-21 00:00:00+00:00
[2021-09-23 23:50:54,054] {scheduler_job.py:190} INFO - Processing /home/airflow/sandbox/lib/python3.8/site-packages/airflow/example_dags/example_xcom.py took 0.066 seconds
[2021-09-23 23:51:25,733] {scheduler_job.py:182} INFO - Started process (PID=9815) to work on /home/airflow/sandbox/lib/python3.8/site-packages/airflow/example_dags/example_xcom.py
[2021-09-23 23:51:25,734] {scheduler_job.py:633} INFO - Processing file /home/airflow/sandbox/lib/python3.8/site-packages/airflow/example_dags/example_xcom.py for tasks to queue
[2021-09-23 23:51:25,735] {logging_mixin.py:104} INFO - [2021-09-23 23:51:25,735] {dagbag.py:487} INFO - Filling up the DagBag from /home/airflow/sandbox/lib/python3.8/site-packages/airflow/example_dags/example_xcom.py
[2021-09-23 23:51:25,746] {scheduler_job.py:643} INFO - DAG(s) dict_keys(['example_xcom']) retrieved from /home/airflow/sandbox/lib/python3.8/site-packages/airflow/example_dags/example_xcom.py
[2021-09-23 23:51:25,760] {logging_mixin.py:104} INFO - [2021-09-23 23:51:25,759] {dag.py:1832} INFO - Sync 1 DAGs
[2021-09-23 23:51:25,772] {logging_mixin.py:104} INFO - [2021-09-23 23:51:25,772] {dag.py:2305} INFO - Setting next_dagrun for example_xcom to 2021-09-21 00:00:00+00:00
[2021-09-23 23:51:25,791] {scheduler_job.py:190} INFO - Processing /home/airflow/sandbox/lib/python3.8/site-packages/airflow/example_dags/example_xcom.py took 0.063 seconds
[2021-09-23 23:52:00,770] {scheduler_job.py:182} INFO - Started process (PID=9891) to work on /home/airflow/sandbox/lib/python3.8/site-packages/airflow/example_dags/example_xcom.py
[2021-09-23 23:52:00,771] {scheduler_job.py:633} INFO - Processing file /home/airflow/sandbox/lib/python3.8/site-packages/airflow/example_dags/example_xcom.py for tasks to queue
[2021-09-23 23:52:00,772] {logging_mixin.py:104} INFO - [2021-09-23 23:52:00,772] {dagbag.py:487} INFO - Filling up the DagBag from /home/airflow/sandbox/lib/python3.8/site-packages/airflow/example_dags/example_xcom.py
[2021-09-23 23:52:00,786] {scheduler_job.py:643} INFO - DAG(s) dict_keys(['example_xcom']) retrieved from /home/airflow/sandbox/lib/python3.8/site-packages/airflow/example_dags/example_xcom.py
[2021-09-23 23:52:00,801] {logging_mixin.py:104} INFO - [2021-09-23 23:52:00,801] {dag.py:1832} INFO - Sync 1 DAGs
[2021-09-23 23:52:00,811] {logging_mixin.py:104} INFO - [2021-09-23 23:52:00,811] {dag.py:2305} INFO - Setting next_dagrun for example_xcom to 2021-09-21 00:00:00+00:00
[2021-09-23 23:52:00,832] {scheduler_job.py:190} INFO - Processing /home/airflow/sandbox/lib/python3.8/site-packages/airflow/example_dags/example_xcom.py took 0.068 seconds
[2021-09-23 23:52:33,210] {scheduler_job.py:182} INFO - Started process (PID=9925) to work on /home/airflow/sandbox/lib/python3.8/site-packages/airflow/example_dags/example_xcom.py
[2021-09-23 23:52:33,211] {scheduler_job.py:633} INFO - Processing file /home/airflow/sandbox/lib/python3.8/site-packages/airflow/example_dags/example_xcom.py for tasks to queue
[2021-09-23 23:52:33,211] {logging_mixin.py:104} INFO - [2021-09-23 23:52:33,211] {dagbag.py:487} INFO - Filling up the DagBag from /home/airflow/sandbox/lib/python3.8/site-packages/airflow/example_dags/example_xcom.py
[2021-09-23 23:52:33,222] {scheduler_job.py:643} INFO - DAG(s) dict_keys(['example_xcom']) retrieved from /home/airflow/sandbox/lib/python3.8/site-packages/airflow/example_dags/example_xcom.py
[2021-09-23 23:52:33,235] {logging_mixin.py:104} INFO - [2021-09-23 23:52:33,235] {dag.py:1832} INFO - Sync 1 DAGs
[2021-09-23 23:52:33,245] {logging_mixin.py:104} INFO - [2021-09-23 23:52:33,245] {dag.py:2305} INFO - Setting next_dagrun for example_xcom to 2021-09-21 00:00:00+00:00
[2021-09-23 23:52:33,263] {scheduler_job.py:190} INFO - Processing /home/airflow/sandbox/lib/python3.8/site-packages/airflow/example_dags/example_xcom.py took 0.056 seconds
[2021-09-23 23:53:08,048] {scheduler_job.py:182} INFO - Started process (PID=9958) to work on /home/airflow/sandbox/lib/python3.8/site-packages/airflow/example_dags/example_xcom.py
[2021-09-23 23:53:08,049] {scheduler_job.py:633} INFO - Processing file /home/airflow/sandbox/lib/python3.8/site-packages/airflow/example_dags/example_xcom.py for tasks to queue
[2021-09-23 23:53:08,050] {logging_mixin.py:104} INFO - [2021-09-23 23:53:08,050] {dagbag.py:487} INFO - Filling up the DagBag from /home/airflow/sandbox/lib/python3.8/site-packages/airflow/example_dags/example_xcom.py
[2021-09-23 23:53:08,063] {scheduler_job.py:643} INFO - DAG(s) dict_keys(['example_xcom']) retrieved from /home/airflow/sandbox/lib/python3.8/site-packages/airflow/example_dags/example_xcom.py
[2021-09-23 23:53:08,084] {logging_mixin.py:104} INFO - [2021-09-23 23:53:08,084] {dag.py:1832} INFO - Sync 1 DAGs
[2021-09-23 23:53:08,096] {logging_mixin.py:104} INFO - [2021-09-23 23:53:08,096] {dag.py:2305} INFO - Setting next_dagrun for example_xcom to 2021-09-21 00:00:00+00:00
[2021-09-23 23:53:08,118] {scheduler_job.py:190} INFO - Processing /home/airflow/sandbox/lib/python3.8/site-packages/airflow/example_dags/example_xcom.py took 0.072 seconds
[2021-09-23 23:53:43,816] {scheduler_job.py:182} INFO - Started process (PID=9992) to work on /home/airflow/sandbox/lib/python3.8/site-packages/airflow/example_dags/example_xcom.py
[2021-09-23 23:53:43,817] {scheduler_job.py:633} INFO - Processing file /home/airflow/sandbox/lib/python3.8/site-packages/airflow/example_dags/example_xcom.py for tasks to queue
[2021-09-23 23:53:43,818] {logging_mixin.py:104} INFO - [2021-09-23 23:53:43,818] {dagbag.py:487} INFO - Filling up the DagBag from /home/airflow/sandbox/lib/python3.8/site-packages/airflow/example_dags/example_xcom.py
[2021-09-23 23:53:43,828] {scheduler_job.py:643} INFO - DAG(s) dict_keys(['example_xcom']) retrieved from /home/airflow/sandbox/lib/python3.8/site-packages/airflow/example_dags/example_xcom.py
[2021-09-23 23:53:43,842] {logging_mixin.py:104} INFO - [2021-09-23 23:53:43,842] {dag.py:1832} INFO - Sync 1 DAGs
[2021-09-23 23:53:43,852] {logging_mixin.py:104} INFO - [2021-09-23 23:53:43,852] {dag.py:2305} INFO - Setting next_dagrun for example_xcom to 2021-09-21 00:00:00+00:00
[2021-09-23 23:53:43,873] {scheduler_job.py:190} INFO - Processing /home/airflow/sandbox/lib/python3.8/site-packages/airflow/example_dags/example_xcom.py took 0.059 seconds
[2021-09-23 23:54:19,497] {scheduler_job.py:182} INFO - Started process (PID=10026) to work on /home/airflow/sandbox/lib/python3.8/site-packages/airflow/example_dags/example_xcom.py
[2021-09-23 23:54:19,499] {scheduler_job.py:633} INFO - Processing file /home/airflow/sandbox/lib/python3.8/site-packages/airflow/example_dags/example_xcom.py for tasks to queue
[2021-09-23 23:54:19,500] {logging_mixin.py:104} INFO - [2021-09-23 23:54:19,499] {dagbag.py:487} INFO - Filling up the DagBag from /home/airflow/sandbox/lib/python3.8/site-packages/airflow/example_dags/example_xcom.py
[2021-09-23 23:54:19,510] {scheduler_job.py:643} INFO - DAG(s) dict_keys(['example_xcom']) retrieved from /home/airflow/sandbox/lib/python3.8/site-packages/airflow/example_dags/example_xcom.py
[2021-09-23 23:54:19,524] {logging_mixin.py:104} INFO - [2021-09-23 23:54:19,524] {dag.py:1832} INFO - Sync 1 DAGs
[2021-09-23 23:54:19,539] {logging_mixin.py:104} INFO - [2021-09-23 23:54:19,539] {dag.py:2305} INFO - Setting next_dagrun for example_xcom to 2021-09-21 00:00:00+00:00
[2021-09-23 23:54:19,557] {scheduler_job.py:190} INFO - Processing /home/airflow/sandbox/lib/python3.8/site-packages/airflow/example_dags/example_xcom.py took 0.066 seconds
[2021-09-23 23:54:52,690] {scheduler_job.py:182} INFO - Started process (PID=10057) to work on /home/airflow/sandbox/lib/python3.8/site-packages/airflow/example_dags/example_xcom.py
[2021-09-23 23:54:52,691] {scheduler_job.py:633} INFO - Processing file /home/airflow/sandbox/lib/python3.8/site-packages/airflow/example_dags/example_xcom.py for tasks to queue
[2021-09-23 23:54:52,692] {logging_mixin.py:104} INFO - [2021-09-23 23:54:52,691] {dagbag.py:487} INFO - Filling up the DagBag from /home/airflow/sandbox/lib/python3.8/site-packages/airflow/example_dags/example_xcom.py
[2021-09-23 23:54:52,701] {scheduler_job.py:643} INFO - DAG(s) dict_keys(['example_xcom']) retrieved from /home/airflow/sandbox/lib/python3.8/site-packages/airflow/example_dags/example_xcom.py
[2021-09-23 23:54:52,713] {logging_mixin.py:104} INFO - [2021-09-23 23:54:52,713] {dag.py:1832} INFO - Sync 1 DAGs
[2021-09-23 23:54:52,725] {logging_mixin.py:104} INFO - [2021-09-23 23:54:52,725] {dag.py:2305} INFO - Setting next_dagrun for example_xcom to 2021-09-21 00:00:00+00:00
[2021-09-23 23:54:52,748] {scheduler_job.py:190} INFO - Processing /home/airflow/sandbox/lib/python3.8/site-packages/airflow/example_dags/example_xcom.py took 0.061 seconds
[2021-09-23 23:55:29,069] {scheduler_job.py:182} INFO - Started process (PID=10175) to work on /home/airflow/sandbox/lib/python3.8/site-packages/airflow/example_dags/example_xcom.py
[2021-09-23 23:55:29,072] {scheduler_job.py:633} INFO - Processing file /home/airflow/sandbox/lib/python3.8/site-packages/airflow/example_dags/example_xcom.py for tasks to queue
[2021-09-23 23:55:29,073] {logging_mixin.py:104} INFO - [2021-09-23 23:55:29,073] {dagbag.py:487} INFO - Filling up the DagBag from /home/airflow/sandbox/lib/python3.8/site-packages/airflow/example_dags/example_xcom.py
[2021-09-23 23:55:29,087] {scheduler_job.py:643} INFO - DAG(s) dict_keys(['example_xcom']) retrieved from /home/airflow/sandbox/lib/python3.8/site-packages/airflow/example_dags/example_xcom.py
[2021-09-23 23:55:29,102] {logging_mixin.py:104} INFO - [2021-09-23 23:55:29,102] {dag.py:1832} INFO - Sync 1 DAGs
[2021-09-23 23:55:29,113] {logging_mixin.py:104} INFO - [2021-09-23 23:55:29,113] {dag.py:2305} INFO - Setting next_dagrun for example_xcom to 2021-09-21 00:00:00+00:00
[2021-09-23 23:55:29,132] {scheduler_job.py:190} INFO - Processing /home/airflow/sandbox/lib/python3.8/site-packages/airflow/example_dags/example_xcom.py took 0.067 seconds
[2021-09-23 23:56:02,363] {scheduler_job.py:182} INFO - Started process (PID=10207) to work on /home/airflow/sandbox/lib/python3.8/site-packages/airflow/example_dags/example_xcom.py
[2021-09-23 23:56:02,364] {scheduler_job.py:633} INFO - Processing file /home/airflow/sandbox/lib/python3.8/site-packages/airflow/example_dags/example_xcom.py for tasks to queue
[2021-09-23 23:56:02,365] {logging_mixin.py:104} INFO - [2021-09-23 23:56:02,365] {dagbag.py:487} INFO - Filling up the DagBag from /home/airflow/sandbox/lib/python3.8/site-packages/airflow/example_dags/example_xcom.py
[2021-09-23 23:56:02,380] {scheduler_job.py:643} INFO - DAG(s) dict_keys(['example_xcom']) retrieved from /home/airflow/sandbox/lib/python3.8/site-packages/airflow/example_dags/example_xcom.py
[2021-09-23 23:56:02,398] {logging_mixin.py:104} INFO - [2021-09-23 23:56:02,398] {dag.py:1832} INFO - Sync 1 DAGs
[2021-09-23 23:56:02,413] {logging_mixin.py:104} INFO - [2021-09-23 23:56:02,413] {dag.py:2305} INFO - Setting next_dagrun for example_xcom to 2021-09-21 00:00:00+00:00
[2021-09-23 23:56:02,434] {scheduler_job.py:190} INFO - Processing /home/airflow/sandbox/lib/python3.8/site-packages/airflow/example_dags/example_xcom.py took 0.073 seconds
[2021-09-23 23:56:37,120] {scheduler_job.py:182} INFO - Started process (PID=10283) to work on /home/airflow/sandbox/lib/python3.8/site-packages/airflow/example_dags/example_xcom.py
[2021-09-23 23:56:37,122] {scheduler_job.py:633} INFO - Processing file /home/airflow/sandbox/lib/python3.8/site-packages/airflow/example_dags/example_xcom.py for tasks to queue
[2021-09-23 23:56:37,122] {logging_mixin.py:104} INFO - [2021-09-23 23:56:37,122] {dagbag.py:487} INFO - Filling up the DagBag from /home/airflow/sandbox/lib/python3.8/site-packages/airflow/example_dags/example_xcom.py
[2021-09-23 23:56:37,132] {scheduler_job.py:643} INFO - DAG(s) dict_keys(['example_xcom']) retrieved from /home/airflow/sandbox/lib/python3.8/site-packages/airflow/example_dags/example_xcom.py
[2021-09-23 23:56:37,145] {logging_mixin.py:104} INFO - [2021-09-23 23:56:37,145] {dag.py:1832} INFO - Sync 1 DAGs
[2021-09-23 23:56:37,158] {logging_mixin.py:104} INFO - [2021-09-23 23:56:37,158] {dag.py:2305} INFO - Setting next_dagrun for example_xcom to 2021-09-21 00:00:00+00:00
[2021-09-23 23:56:37,175] {scheduler_job.py:190} INFO - Processing /home/airflow/sandbox/lib/python3.8/site-packages/airflow/example_dags/example_xcom.py took 0.064 seconds
[2021-09-23 23:57:13,507] {scheduler_job.py:182} INFO - Started process (PID=10596) to work on /home/airflow/sandbox/lib/python3.8/site-packages/airflow/example_dags/example_xcom.py
[2021-09-23 23:57:13,508] {scheduler_job.py:633} INFO - Processing file /home/airflow/sandbox/lib/python3.8/site-packages/airflow/example_dags/example_xcom.py for tasks to queue
[2021-09-23 23:57:13,508] {logging_mixin.py:104} INFO - [2021-09-23 23:57:13,508] {dagbag.py:487} INFO - Filling up the DagBag from /home/airflow/sandbox/lib/python3.8/site-packages/airflow/example_dags/example_xcom.py
[2021-09-23 23:57:13,522] {scheduler_job.py:643} INFO - DAG(s) dict_keys(['example_xcom']) retrieved from /home/airflow/sandbox/lib/python3.8/site-packages/airflow/example_dags/example_xcom.py
[2021-09-23 23:57:13,534] {logging_mixin.py:104} INFO - [2021-09-23 23:57:13,534] {dag.py:1832} INFO - Sync 1 DAGs
[2021-09-23 23:57:13,549] {logging_mixin.py:104} INFO - [2021-09-23 23:57:13,549] {dag.py:2305} INFO - Setting next_dagrun for example_xcom to 2021-09-21 00:00:00+00:00
[2021-09-23 23:57:13,575] {scheduler_job.py:190} INFO - Processing /home/airflow/sandbox/lib/python3.8/site-packages/airflow/example_dags/example_xcom.py took 0.071 seconds
[2021-09-23 23:57:52,293] {scheduler_job.py:182} INFO - Started process (PID=10815) to work on /home/airflow/sandbox/lib/python3.8/site-packages/airflow/example_dags/example_xcom.py
[2021-09-23 23:57:52,294] {scheduler_job.py:633} INFO - Processing file /home/airflow/sandbox/lib/python3.8/site-packages/airflow/example_dags/example_xcom.py for tasks to queue
[2021-09-23 23:57:52,294] {logging_mixin.py:104} INFO - [2021-09-23 23:57:52,294] {dagbag.py:487} INFO - Filling up the DagBag from /home/airflow/sandbox/lib/python3.8/site-packages/airflow/example_dags/example_xcom.py
[2021-09-23 23:57:52,315] {scheduler_job.py:643} INFO - DAG(s) dict_keys(['example_xcom']) retrieved from /home/airflow/sandbox/lib/python3.8/site-packages/airflow/example_dags/example_xcom.py
[2021-09-23 23:57:52,352] {logging_mixin.py:104} INFO - [2021-09-23 23:57:52,351] {dag.py:1832} INFO - Sync 1 DAGs
[2021-09-23 23:57:52,377] {logging_mixin.py:104} INFO - [2021-09-23 23:57:52,377] {dag.py:2305} INFO - Setting next_dagrun for example_xcom to 2021-09-21 00:00:00+00:00
[2021-09-23 23:57:52,412] {scheduler_job.py:190} INFO - Processing /home/airflow/sandbox/lib/python3.8/site-packages/airflow/example_dags/example_xcom.py took 0.121 seconds
[2021-09-23 23:58:31,541] {scheduler_job.py:182} INFO - Started process (PID=10880) to work on /home/airflow/sandbox/lib/python3.8/site-packages/airflow/example_dags/example_xcom.py
[2021-09-23 23:58:31,542] {scheduler_job.py:633} INFO - Processing file /home/airflow/sandbox/lib/python3.8/site-packages/airflow/example_dags/example_xcom.py for tasks to queue
[2021-09-23 23:58:31,542] {logging_mixin.py:104} INFO - [2021-09-23 23:58:31,542] {dagbag.py:487} INFO - Filling up the DagBag from /home/airflow/sandbox/lib/python3.8/site-packages/airflow/example_dags/example_xcom.py
[2021-09-23 23:58:31,552] {scheduler_job.py:643} INFO - DAG(s) dict_keys(['example_xcom']) retrieved from /home/airflow/sandbox/lib/python3.8/site-packages/airflow/example_dags/example_xcom.py
[2021-09-23 23:58:31,564] {logging_mixin.py:104} INFO - [2021-09-23 23:58:31,564] {dag.py:1832} INFO - Sync 1 DAGs
[2021-09-23 23:58:31,579] {logging_mixin.py:104} INFO - [2021-09-23 23:58:31,579] {dag.py:2305} INFO - Setting next_dagrun for example_xcom to 2021-09-21 00:00:00+00:00
[2021-09-23 23:58:31,602] {scheduler_job.py:190} INFO - Processing /home/airflow/sandbox/lib/python3.8/site-packages/airflow/example_dags/example_xcom.py took 0.065 seconds
[2021-09-23 23:59:06,215] {scheduler_job.py:182} INFO - Started process (PID=10912) to work on /home/airflow/sandbox/lib/python3.8/site-packages/airflow/example_dags/example_xcom.py
[2021-09-23 23:59:06,216] {scheduler_job.py:633} INFO - Processing file /home/airflow/sandbox/lib/python3.8/site-packages/airflow/example_dags/example_xcom.py for tasks to queue
[2021-09-23 23:59:06,216] {logging_mixin.py:104} INFO - [2021-09-23 23:59:06,216] {dagbag.py:487} INFO - Filling up the DagBag from /home/airflow/sandbox/lib/python3.8/site-packages/airflow/example_dags/example_xcom.py
[2021-09-23 23:59:06,227] {scheduler_job.py:643} INFO - DAG(s) dict_keys(['example_xcom']) retrieved from /home/airflow/sandbox/lib/python3.8/site-packages/airflow/example_dags/example_xcom.py
[2021-09-23 23:59:06,242] {logging_mixin.py:104} INFO - [2021-09-23 23:59:06,242] {dag.py:1832} INFO - Sync 1 DAGs
[2021-09-23 23:59:06,253] {logging_mixin.py:104} INFO - [2021-09-23 23:59:06,252] {dag.py:2305} INFO - Setting next_dagrun for example_xcom to 2021-09-21 00:00:00+00:00
[2021-09-23 23:59:06,278] {scheduler_job.py:190} INFO - Processing /home/airflow/sandbox/lib/python3.8/site-packages/airflow/example_dags/example_xcom.py took 0.066 seconds
[2021-09-23 23:59:39,446] {scheduler_job.py:182} INFO - Started process (PID=10944) to work on /home/airflow/sandbox/lib/python3.8/site-packages/airflow/example_dags/example_xcom.py
[2021-09-23 23:59:39,447] {scheduler_job.py:633} INFO - Processing file /home/airflow/sandbox/lib/python3.8/site-packages/airflow/example_dags/example_xcom.py for tasks to queue
[2021-09-23 23:59:39,448] {logging_mixin.py:104} INFO - [2021-09-23 23:59:39,448] {dagbag.py:487} INFO - Filling up the DagBag from /home/airflow/sandbox/lib/python3.8/site-packages/airflow/example_dags/example_xcom.py
[2021-09-23 23:59:39,462] {scheduler_job.py:643} INFO - DAG(s) dict_keys(['example_xcom']) retrieved from /home/airflow/sandbox/lib/python3.8/site-packages/airflow/example_dags/example_xcom.py
[2021-09-23 23:59:39,478] {logging_mixin.py:104} INFO - [2021-09-23 23:59:39,477] {dag.py:1832} INFO - Sync 1 DAGs
[2021-09-23 23:59:39,491] {logging_mixin.py:104} INFO - [2021-09-23 23:59:39,491] {dag.py:2305} INFO - Setting next_dagrun for example_xcom to 2021-09-21 00:00:00+00:00
[2021-09-23 23:59:39,520] {scheduler_job.py:190} INFO - Processing /home/airflow/sandbox/lib/python3.8/site-packages/airflow/example_dags/example_xcom.py took 0.077 seconds
