[2021-09-23 22:55:56,253] {scheduler_job.py:182} INFO - Started process (PID=5184) to work on /home/airflow/sandbox/lib/python3.8/site-packages/airflow/example_dags/example_latest_only.py
[2021-09-23 22:55:56,254] {scheduler_job.py:633} INFO - Processing file /home/airflow/sandbox/lib/python3.8/site-packages/airflow/example_dags/example_latest_only.py for tasks to queue
[2021-09-23 22:55:56,254] {logging_mixin.py:104} INFO - [2021-09-23 22:55:56,254] {dagbag.py:487} INFO - Filling up the DagBag from /home/airflow/sandbox/lib/python3.8/site-packages/airflow/example_dags/example_latest_only.py
[2021-09-23 22:55:56,267] {scheduler_job.py:643} INFO - DAG(s) dict_keys(['latest_only']) retrieved from /home/airflow/sandbox/lib/python3.8/site-packages/airflow/example_dags/example_latest_only.py
[2021-09-23 22:55:56,609] {logging_mixin.py:104} INFO - [2021-09-23 22:55:56,609] {dag.py:1832} INFO - Sync 1 DAGs
[2021-09-23 22:55:56,621] {logging_mixin.py:104} INFO - [2021-09-23 22:55:56,621] {dag.py:2305} INFO - Setting next_dagrun for latest_only to 2021-09-21 00:00:00+00:00
[2021-09-23 22:55:56,642] {scheduler_job.py:190} INFO - Processing /home/airflow/sandbox/lib/python3.8/site-packages/airflow/example_dags/example_latest_only.py took 0.392 seconds
[2021-09-23 22:57:54,889] {scheduler_job.py:182} INFO - Started process (PID=6019) to work on /home/airflow/sandbox/lib/python3.8/site-packages/airflow/example_dags/example_latest_only.py
[2021-09-23 22:57:54,890] {scheduler_job.py:633} INFO - Processing file /home/airflow/sandbox/lib/python3.8/site-packages/airflow/example_dags/example_latest_only.py for tasks to queue
[2021-09-23 22:57:54,891] {logging_mixin.py:104} INFO - [2021-09-23 22:57:54,891] {dagbag.py:487} INFO - Filling up the DagBag from /home/airflow/sandbox/lib/python3.8/site-packages/airflow/example_dags/example_latest_only.py
[2021-09-23 22:57:54,900] {scheduler_job.py:643} INFO - DAG(s) dict_keys(['latest_only']) retrieved from /home/airflow/sandbox/lib/python3.8/site-packages/airflow/example_dags/example_latest_only.py
[2021-09-23 22:57:54,915] {logging_mixin.py:104} INFO - [2021-09-23 22:57:54,915] {dag.py:1832} INFO - Sync 1 DAGs
[2021-09-23 22:57:54,926] {logging_mixin.py:104} INFO - [2021-09-23 22:57:54,926] {dag.py:2305} INFO - Setting next_dagrun for latest_only to 2021-09-21 00:00:00+00:00
[2021-09-23 22:57:54,946] {scheduler_job.py:190} INFO - Processing /home/airflow/sandbox/lib/python3.8/site-packages/airflow/example_dags/example_latest_only.py took 0.059 seconds
[2021-09-23 22:58:30,690] {scheduler_job.py:182} INFO - Started process (PID=6111) to work on /home/airflow/sandbox/lib/python3.8/site-packages/airflow/example_dags/example_latest_only.py
[2021-09-23 22:58:30,692] {scheduler_job.py:633} INFO - Processing file /home/airflow/sandbox/lib/python3.8/site-packages/airflow/example_dags/example_latest_only.py for tasks to queue
[2021-09-23 22:58:30,693] {logging_mixin.py:104} INFO - [2021-09-23 22:58:30,693] {dagbag.py:487} INFO - Filling up the DagBag from /home/airflow/sandbox/lib/python3.8/site-packages/airflow/example_dags/example_latest_only.py
[2021-09-23 22:58:30,707] {scheduler_job.py:643} INFO - DAG(s) dict_keys(['latest_only']) retrieved from /home/airflow/sandbox/lib/python3.8/site-packages/airflow/example_dags/example_latest_only.py
[2021-09-23 22:58:30,719] {logging_mixin.py:104} INFO - [2021-09-23 22:58:30,719] {dag.py:1832} INFO - Sync 1 DAGs
[2021-09-23 22:58:30,734] {logging_mixin.py:104} INFO - [2021-09-23 22:58:30,734] {dag.py:2305} INFO - Setting next_dagrun for latest_only to 2021-09-21 00:00:00+00:00
[2021-09-23 22:58:30,756] {scheduler_job.py:190} INFO - Processing /home/airflow/sandbox/lib/python3.8/site-packages/airflow/example_dags/example_latest_only.py took 0.070 seconds
[2021-09-23 22:59:05,144] {scheduler_job.py:182} INFO - Started process (PID=6203) to work on /home/airflow/sandbox/lib/python3.8/site-packages/airflow/example_dags/example_latest_only.py
[2021-09-23 22:59:05,145] {scheduler_job.py:633} INFO - Processing file /home/airflow/sandbox/lib/python3.8/site-packages/airflow/example_dags/example_latest_only.py for tasks to queue
[2021-09-23 22:59:05,145] {logging_mixin.py:104} INFO - [2021-09-23 22:59:05,145] {dagbag.py:487} INFO - Filling up the DagBag from /home/airflow/sandbox/lib/python3.8/site-packages/airflow/example_dags/example_latest_only.py
[2021-09-23 22:59:05,155] {scheduler_job.py:643} INFO - DAG(s) dict_keys(['latest_only']) retrieved from /home/airflow/sandbox/lib/python3.8/site-packages/airflow/example_dags/example_latest_only.py
[2021-09-23 22:59:05,169] {logging_mixin.py:104} INFO - [2021-09-23 22:59:05,169] {dag.py:1832} INFO - Sync 1 DAGs
[2021-09-23 22:59:05,180] {logging_mixin.py:104} INFO - [2021-09-23 22:59:05,180] {dag.py:2305} INFO - Setting next_dagrun for latest_only to 2021-09-21 00:00:00+00:00
[2021-09-23 22:59:05,198] {scheduler_job.py:190} INFO - Processing /home/airflow/sandbox/lib/python3.8/site-packages/airflow/example_dags/example_latest_only.py took 0.058 seconds
[2021-09-23 22:59:39,370] {scheduler_job.py:182} INFO - Started process (PID=6236) to work on /home/airflow/sandbox/lib/python3.8/site-packages/airflow/example_dags/example_latest_only.py
[2021-09-23 22:59:39,371] {scheduler_job.py:633} INFO - Processing file /home/airflow/sandbox/lib/python3.8/site-packages/airflow/example_dags/example_latest_only.py for tasks to queue
[2021-09-23 22:59:39,372] {logging_mixin.py:104} INFO - [2021-09-23 22:59:39,372] {dagbag.py:487} INFO - Filling up the DagBag from /home/airflow/sandbox/lib/python3.8/site-packages/airflow/example_dags/example_latest_only.py
[2021-09-23 22:59:39,384] {scheduler_job.py:643} INFO - DAG(s) dict_keys(['latest_only']) retrieved from /home/airflow/sandbox/lib/python3.8/site-packages/airflow/example_dags/example_latest_only.py
[2021-09-23 22:59:39,398] {logging_mixin.py:104} INFO - [2021-09-23 22:59:39,398] {dag.py:1832} INFO - Sync 1 DAGs
[2021-09-23 22:59:39,411] {logging_mixin.py:104} INFO - [2021-09-23 22:59:39,411] {dag.py:2305} INFO - Setting next_dagrun for latest_only to 2021-09-21 00:00:00+00:00
[2021-09-23 22:59:39,433] {scheduler_job.py:190} INFO - Processing /home/airflow/sandbox/lib/python3.8/site-packages/airflow/example_dags/example_latest_only.py took 0.066 seconds
[2021-09-23 23:00:15,292] {scheduler_job.py:182} INFO - Started process (PID=6269) to work on /home/airflow/sandbox/lib/python3.8/site-packages/airflow/example_dags/example_latest_only.py
[2021-09-23 23:00:15,293] {scheduler_job.py:633} INFO - Processing file /home/airflow/sandbox/lib/python3.8/site-packages/airflow/example_dags/example_latest_only.py for tasks to queue
[2021-09-23 23:00:15,293] {logging_mixin.py:104} INFO - [2021-09-23 23:00:15,293] {dagbag.py:487} INFO - Filling up the DagBag from /home/airflow/sandbox/lib/python3.8/site-packages/airflow/example_dags/example_latest_only.py
[2021-09-23 23:00:15,305] {scheduler_job.py:643} INFO - DAG(s) dict_keys(['latest_only']) retrieved from /home/airflow/sandbox/lib/python3.8/site-packages/airflow/example_dags/example_latest_only.py
[2021-09-23 23:00:15,320] {logging_mixin.py:104} INFO - [2021-09-23 23:00:15,320] {dag.py:1832} INFO - Sync 1 DAGs
[2021-09-23 23:00:15,338] {logging_mixin.py:104} INFO - [2021-09-23 23:00:15,337] {dag.py:2305} INFO - Setting next_dagrun for latest_only to 2021-09-21 00:00:00+00:00
[2021-09-23 23:00:15,364] {scheduler_job.py:190} INFO - Processing /home/airflow/sandbox/lib/python3.8/site-packages/airflow/example_dags/example_latest_only.py took 0.075 seconds
[2021-09-23 23:00:47,139] {scheduler_job.py:182} INFO - Started process (PID=6343) to work on /home/airflow/sandbox/lib/python3.8/site-packages/airflow/example_dags/example_latest_only.py
[2021-09-23 23:00:47,140] {scheduler_job.py:633} INFO - Processing file /home/airflow/sandbox/lib/python3.8/site-packages/airflow/example_dags/example_latest_only.py for tasks to queue
[2021-09-23 23:00:47,141] {logging_mixin.py:104} INFO - [2021-09-23 23:00:47,140] {dagbag.py:487} INFO - Filling up the DagBag from /home/airflow/sandbox/lib/python3.8/site-packages/airflow/example_dags/example_latest_only.py
[2021-09-23 23:00:47,154] {scheduler_job.py:643} INFO - DAG(s) dict_keys(['latest_only']) retrieved from /home/airflow/sandbox/lib/python3.8/site-packages/airflow/example_dags/example_latest_only.py
[2021-09-23 23:00:47,166] {logging_mixin.py:104} INFO - [2021-09-23 23:00:47,166] {dag.py:1832} INFO - Sync 1 DAGs
[2021-09-23 23:00:47,178] {logging_mixin.py:104} INFO - [2021-09-23 23:00:47,178] {dag.py:2305} INFO - Setting next_dagrun for latest_only to 2021-09-21 00:00:00+00:00
[2021-09-23 23:00:47,200] {scheduler_job.py:190} INFO - Processing /home/airflow/sandbox/lib/python3.8/site-packages/airflow/example_dags/example_latest_only.py took 0.064 seconds
[2021-09-23 23:01:28,746] {scheduler_job.py:182} INFO - Started process (PID=6379) to work on /home/airflow/sandbox/lib/python3.8/site-packages/airflow/example_dags/example_latest_only.py
[2021-09-23 23:01:28,748] {scheduler_job.py:633} INFO - Processing file /home/airflow/sandbox/lib/python3.8/site-packages/airflow/example_dags/example_latest_only.py for tasks to queue
[2021-09-23 23:01:28,748] {logging_mixin.py:104} INFO - [2021-09-23 23:01:28,748] {dagbag.py:487} INFO - Filling up the DagBag from /home/airflow/sandbox/lib/python3.8/site-packages/airflow/example_dags/example_latest_only.py
[2021-09-23 23:01:28,763] {scheduler_job.py:643} INFO - DAG(s) dict_keys(['latest_only']) retrieved from /home/airflow/sandbox/lib/python3.8/site-packages/airflow/example_dags/example_latest_only.py
[2021-09-23 23:01:28,778] {logging_mixin.py:104} INFO - [2021-09-23 23:01:28,778] {dag.py:1832} INFO - Sync 1 DAGs
[2021-09-23 23:01:28,789] {logging_mixin.py:104} INFO - [2021-09-23 23:01:28,788] {dag.py:2305} INFO - Setting next_dagrun for latest_only to 2021-09-21 00:00:00+00:00
[2021-09-23 23:01:28,815] {scheduler_job.py:190} INFO - Processing /home/airflow/sandbox/lib/python3.8/site-packages/airflow/example_dags/example_latest_only.py took 0.073 seconds
[2021-09-23 23:02:07,575] {scheduler_job.py:182} INFO - Started process (PID=6484) to work on /home/airflow/sandbox/lib/python3.8/site-packages/airflow/example_dags/example_latest_only.py
[2021-09-23 23:02:07,576] {scheduler_job.py:633} INFO - Processing file /home/airflow/sandbox/lib/python3.8/site-packages/airflow/example_dags/example_latest_only.py for tasks to queue
[2021-09-23 23:02:07,576] {logging_mixin.py:104} INFO - [2021-09-23 23:02:07,576] {dagbag.py:487} INFO - Filling up the DagBag from /home/airflow/sandbox/lib/python3.8/site-packages/airflow/example_dags/example_latest_only.py
[2021-09-23 23:02:07,587] {scheduler_job.py:643} INFO - DAG(s) dict_keys(['latest_only']) retrieved from /home/airflow/sandbox/lib/python3.8/site-packages/airflow/example_dags/example_latest_only.py
[2021-09-23 23:02:07,600] {logging_mixin.py:104} INFO - [2021-09-23 23:02:07,600] {dag.py:1832} INFO - Sync 1 DAGs
[2021-09-23 23:02:07,612] {logging_mixin.py:104} INFO - [2021-09-23 23:02:07,612] {dag.py:2305} INFO - Setting next_dagrun for latest_only to 2021-09-21 00:00:00+00:00
[2021-09-23 23:02:07,635] {scheduler_job.py:190} INFO - Processing /home/airflow/sandbox/lib/python3.8/site-packages/airflow/example_dags/example_latest_only.py took 0.063 seconds
[2021-09-23 23:02:42,538] {scheduler_job.py:182} INFO - Started process (PID=6555) to work on /home/airflow/sandbox/lib/python3.8/site-packages/airflow/example_dags/example_latest_only.py
[2021-09-23 23:02:42,540] {scheduler_job.py:633} INFO - Processing file /home/airflow/sandbox/lib/python3.8/site-packages/airflow/example_dags/example_latest_only.py for tasks to queue
[2021-09-23 23:02:42,541] {logging_mixin.py:104} INFO - [2021-09-23 23:02:42,540] {dagbag.py:487} INFO - Filling up the DagBag from /home/airflow/sandbox/lib/python3.8/site-packages/airflow/example_dags/example_latest_only.py
[2021-09-23 23:02:42,556] {scheduler_job.py:643} INFO - DAG(s) dict_keys(['latest_only']) retrieved from /home/airflow/sandbox/lib/python3.8/site-packages/airflow/example_dags/example_latest_only.py
[2021-09-23 23:02:42,573] {logging_mixin.py:104} INFO - [2021-09-23 23:02:42,573] {dag.py:1832} INFO - Sync 1 DAGs
[2021-09-23 23:02:42,587] {logging_mixin.py:104} INFO - [2021-09-23 23:02:42,587] {dag.py:2305} INFO - Setting next_dagrun for latest_only to 2021-09-21 00:00:00+00:00
[2021-09-23 23:02:42,614] {scheduler_job.py:190} INFO - Processing /home/airflow/sandbox/lib/python3.8/site-packages/airflow/example_dags/example_latest_only.py took 0.080 seconds
[2021-09-23 23:03:16,673] {scheduler_job.py:182} INFO - Started process (PID=6591) to work on /home/airflow/sandbox/lib/python3.8/site-packages/airflow/example_dags/example_latest_only.py
[2021-09-23 23:03:16,674] {scheduler_job.py:633} INFO - Processing file /home/airflow/sandbox/lib/python3.8/site-packages/airflow/example_dags/example_latest_only.py for tasks to queue
[2021-09-23 23:03:16,675] {logging_mixin.py:104} INFO - [2021-09-23 23:03:16,675] {dagbag.py:487} INFO - Filling up the DagBag from /home/airflow/sandbox/lib/python3.8/site-packages/airflow/example_dags/example_latest_only.py
[2021-09-23 23:03:16,693] {scheduler_job.py:643} INFO - DAG(s) dict_keys(['latest_only']) retrieved from /home/airflow/sandbox/lib/python3.8/site-packages/airflow/example_dags/example_latest_only.py
[2021-09-23 23:03:16,707] {logging_mixin.py:104} INFO - [2021-09-23 23:03:16,707] {dag.py:1832} INFO - Sync 1 DAGs
[2021-09-23 23:03:16,719] {logging_mixin.py:104} INFO - [2021-09-23 23:03:16,719] {dag.py:2305} INFO - Setting next_dagrun for latest_only to 2021-09-21 00:00:00+00:00
[2021-09-23 23:03:16,741] {scheduler_job.py:190} INFO - Processing /home/airflow/sandbox/lib/python3.8/site-packages/airflow/example_dags/example_latest_only.py took 0.072 seconds
[2021-09-23 23:03:52,869] {scheduler_job.py:182} INFO - Started process (PID=6863) to work on /home/airflow/sandbox/lib/python3.8/site-packages/airflow/example_dags/example_latest_only.py
[2021-09-23 23:03:52,870] {scheduler_job.py:633} INFO - Processing file /home/airflow/sandbox/lib/python3.8/site-packages/airflow/example_dags/example_latest_only.py for tasks to queue
[2021-09-23 23:03:52,871] {logging_mixin.py:104} INFO - [2021-09-23 23:03:52,871] {dagbag.py:487} INFO - Filling up the DagBag from /home/airflow/sandbox/lib/python3.8/site-packages/airflow/example_dags/example_latest_only.py
[2021-09-23 23:03:52,893] {scheduler_job.py:643} INFO - DAG(s) dict_keys(['latest_only']) retrieved from /home/airflow/sandbox/lib/python3.8/site-packages/airflow/example_dags/example_latest_only.py
[2021-09-23 23:03:52,907] {logging_mixin.py:104} INFO - [2021-09-23 23:03:52,907] {dag.py:1832} INFO - Sync 1 DAGs
[2021-09-23 23:03:52,920] {logging_mixin.py:104} INFO - [2021-09-23 23:03:52,920] {dag.py:2305} INFO - Setting next_dagrun for latest_only to 2021-09-21 00:00:00+00:00
[2021-09-23 23:03:52,944] {scheduler_job.py:190} INFO - Processing /home/airflow/sandbox/lib/python3.8/site-packages/airflow/example_dags/example_latest_only.py took 0.078 seconds
[2021-09-23 23:04:29,478] {scheduler_job.py:182} INFO - Started process (PID=6923) to work on /home/airflow/sandbox/lib/python3.8/site-packages/airflow/example_dags/example_latest_only.py
[2021-09-23 23:04:29,480] {scheduler_job.py:633} INFO - Processing file /home/airflow/sandbox/lib/python3.8/site-packages/airflow/example_dags/example_latest_only.py for tasks to queue
[2021-09-23 23:04:29,481] {logging_mixin.py:104} INFO - [2021-09-23 23:04:29,481] {dagbag.py:487} INFO - Filling up the DagBag from /home/airflow/sandbox/lib/python3.8/site-packages/airflow/example_dags/example_latest_only.py
[2021-09-23 23:04:29,490] {scheduler_job.py:643} INFO - DAG(s) dict_keys(['latest_only']) retrieved from /home/airflow/sandbox/lib/python3.8/site-packages/airflow/example_dags/example_latest_only.py
[2021-09-23 23:04:29,509] {logging_mixin.py:104} INFO - [2021-09-23 23:04:29,509] {dag.py:1832} INFO - Sync 1 DAGs
[2021-09-23 23:04:29,527] {logging_mixin.py:104} INFO - [2021-09-23 23:04:29,527] {dag.py:2305} INFO - Setting next_dagrun for latest_only to 2021-09-21 00:00:00+00:00
[2021-09-23 23:04:29,551] {scheduler_job.py:190} INFO - Processing /home/airflow/sandbox/lib/python3.8/site-packages/airflow/example_dags/example_latest_only.py took 0.076 seconds
[2021-09-23 23:05:01,874] {scheduler_job.py:182} INFO - Started process (PID=6969) to work on /home/airflow/sandbox/lib/python3.8/site-packages/airflow/example_dags/example_latest_only.py
[2021-09-23 23:05:01,875] {scheduler_job.py:633} INFO - Processing file /home/airflow/sandbox/lib/python3.8/site-packages/airflow/example_dags/example_latest_only.py for tasks to queue
[2021-09-23 23:05:01,875] {logging_mixin.py:104} INFO - [2021-09-23 23:05:01,875] {dagbag.py:487} INFO - Filling up the DagBag from /home/airflow/sandbox/lib/python3.8/site-packages/airflow/example_dags/example_latest_only.py
[2021-09-23 23:05:01,886] {scheduler_job.py:643} INFO - DAG(s) dict_keys(['latest_only']) retrieved from /home/airflow/sandbox/lib/python3.8/site-packages/airflow/example_dags/example_latest_only.py
[2021-09-23 23:05:01,899] {logging_mixin.py:104} INFO - [2021-09-23 23:05:01,899] {dag.py:1832} INFO - Sync 1 DAGs
[2021-09-23 23:05:01,912] {logging_mixin.py:104} INFO - [2021-09-23 23:05:01,912] {dag.py:2305} INFO - Setting next_dagrun for latest_only to 2021-09-21 00:00:00+00:00
[2021-09-23 23:05:01,931] {scheduler_job.py:190} INFO - Processing /home/airflow/sandbox/lib/python3.8/site-packages/airflow/example_dags/example_latest_only.py took 0.059 seconds
[2021-09-23 23:05:37,874] {scheduler_job.py:182} INFO - Started process (PID=7057) to work on /home/airflow/sandbox/lib/python3.8/site-packages/airflow/example_dags/example_latest_only.py
[2021-09-23 23:05:37,875] {scheduler_job.py:633} INFO - Processing file /home/airflow/sandbox/lib/python3.8/site-packages/airflow/example_dags/example_latest_only.py for tasks to queue
[2021-09-23 23:05:37,875] {logging_mixin.py:104} INFO - [2021-09-23 23:05:37,875] {dagbag.py:487} INFO - Filling up the DagBag from /home/airflow/sandbox/lib/python3.8/site-packages/airflow/example_dags/example_latest_only.py
[2021-09-23 23:05:37,885] {scheduler_job.py:643} INFO - DAG(s) dict_keys(['latest_only']) retrieved from /home/airflow/sandbox/lib/python3.8/site-packages/airflow/example_dags/example_latest_only.py
[2021-09-23 23:05:37,898] {logging_mixin.py:104} INFO - [2021-09-23 23:05:37,898] {dag.py:1832} INFO - Sync 1 DAGs
[2021-09-23 23:05:37,912] {logging_mixin.py:104} INFO - [2021-09-23 23:05:37,912] {dag.py:2305} INFO - Setting next_dagrun for latest_only to 2021-09-21 00:00:00+00:00
[2021-09-23 23:05:37,932] {scheduler_job.py:190} INFO - Processing /home/airflow/sandbox/lib/python3.8/site-packages/airflow/example_dags/example_latest_only.py took 0.062 seconds
[2021-09-23 23:06:14,786] {scheduler_job.py:182} INFO - Started process (PID=7157) to work on /home/airflow/sandbox/lib/python3.8/site-packages/airflow/example_dags/example_latest_only.py
[2021-09-23 23:06:14,788] {scheduler_job.py:633} INFO - Processing file /home/airflow/sandbox/lib/python3.8/site-packages/airflow/example_dags/example_latest_only.py for tasks to queue
[2021-09-23 23:06:14,789] {logging_mixin.py:104} INFO - [2021-09-23 23:06:14,789] {dagbag.py:487} INFO - Filling up the DagBag from /home/airflow/sandbox/lib/python3.8/site-packages/airflow/example_dags/example_latest_only.py
[2021-09-23 23:06:14,801] {scheduler_job.py:643} INFO - DAG(s) dict_keys(['latest_only']) retrieved from /home/airflow/sandbox/lib/python3.8/site-packages/airflow/example_dags/example_latest_only.py
[2021-09-23 23:06:14,817] {logging_mixin.py:104} INFO - [2021-09-23 23:06:14,816] {dag.py:1832} INFO - Sync 1 DAGs
[2021-09-23 23:06:14,828] {logging_mixin.py:104} INFO - [2021-09-23 23:06:14,828] {dag.py:2305} INFO - Setting next_dagrun for latest_only to 2021-09-21 00:00:00+00:00
[2021-09-23 23:06:14,850] {scheduler_job.py:190} INFO - Processing /home/airflow/sandbox/lib/python3.8/site-packages/airflow/example_dags/example_latest_only.py took 0.067 seconds
[2021-09-23 23:06:52,216] {scheduler_job.py:182} INFO - Started process (PID=7303) to work on /home/airflow/sandbox/lib/python3.8/site-packages/airflow/example_dags/example_latest_only.py
[2021-09-23 23:06:52,217] {scheduler_job.py:633} INFO - Processing file /home/airflow/sandbox/lib/python3.8/site-packages/airflow/example_dags/example_latest_only.py for tasks to queue
[2021-09-23 23:06:52,217] {logging_mixin.py:104} INFO - [2021-09-23 23:06:52,217] {dagbag.py:487} INFO - Filling up the DagBag from /home/airflow/sandbox/lib/python3.8/site-packages/airflow/example_dags/example_latest_only.py
[2021-09-23 23:06:52,227] {scheduler_job.py:643} INFO - DAG(s) dict_keys(['latest_only']) retrieved from /home/airflow/sandbox/lib/python3.8/site-packages/airflow/example_dags/example_latest_only.py
[2021-09-23 23:06:52,242] {logging_mixin.py:104} INFO - [2021-09-23 23:06:52,241] {dag.py:1832} INFO - Sync 1 DAGs
[2021-09-23 23:06:52,256] {logging_mixin.py:104} INFO - [2021-09-23 23:06:52,256] {dag.py:2305} INFO - Setting next_dagrun for latest_only to 2021-09-21 00:00:00+00:00
[2021-09-23 23:06:52,276] {scheduler_job.py:190} INFO - Processing /home/airflow/sandbox/lib/python3.8/site-packages/airflow/example_dags/example_latest_only.py took 0.063 seconds
[2021-09-23 23:07:26,142] {scheduler_job.py:182} INFO - Started process (PID=7365) to work on /home/airflow/sandbox/lib/python3.8/site-packages/airflow/example_dags/example_latest_only.py
[2021-09-23 23:07:26,144] {scheduler_job.py:633} INFO - Processing file /home/airflow/sandbox/lib/python3.8/site-packages/airflow/example_dags/example_latest_only.py for tasks to queue
[2021-09-23 23:07:26,144] {logging_mixin.py:104} INFO - [2021-09-23 23:07:26,144] {dagbag.py:487} INFO - Filling up the DagBag from /home/airflow/sandbox/lib/python3.8/site-packages/airflow/example_dags/example_latest_only.py
[2021-09-23 23:07:26,155] {scheduler_job.py:643} INFO - DAG(s) dict_keys(['latest_only']) retrieved from /home/airflow/sandbox/lib/python3.8/site-packages/airflow/example_dags/example_latest_only.py
[2021-09-23 23:07:26,171] {logging_mixin.py:104} INFO - [2021-09-23 23:07:26,171] {dag.py:1832} INFO - Sync 1 DAGs
[2021-09-23 23:07:26,181] {logging_mixin.py:104} INFO - [2021-09-23 23:07:26,181] {dag.py:2305} INFO - Setting next_dagrun for latest_only to 2021-09-21 00:00:00+00:00
[2021-09-23 23:07:26,203] {scheduler_job.py:190} INFO - Processing /home/airflow/sandbox/lib/python3.8/site-packages/airflow/example_dags/example_latest_only.py took 0.065 seconds
[2021-09-23 23:07:59,188] {scheduler_job.py:182} INFO - Started process (PID=7397) to work on /home/airflow/sandbox/lib/python3.8/site-packages/airflow/example_dags/example_latest_only.py
[2021-09-23 23:07:59,189] {scheduler_job.py:633} INFO - Processing file /home/airflow/sandbox/lib/python3.8/site-packages/airflow/example_dags/example_latest_only.py for tasks to queue
[2021-09-23 23:07:59,190] {logging_mixin.py:104} INFO - [2021-09-23 23:07:59,190] {dagbag.py:487} INFO - Filling up the DagBag from /home/airflow/sandbox/lib/python3.8/site-packages/airflow/example_dags/example_latest_only.py
[2021-09-23 23:07:59,199] {scheduler_job.py:643} INFO - DAG(s) dict_keys(['latest_only']) retrieved from /home/airflow/sandbox/lib/python3.8/site-packages/airflow/example_dags/example_latest_only.py
[2021-09-23 23:07:59,212] {logging_mixin.py:104} INFO - [2021-09-23 23:07:59,212] {dag.py:1832} INFO - Sync 1 DAGs
[2021-09-23 23:07:59,224] {logging_mixin.py:104} INFO - [2021-09-23 23:07:59,224] {dag.py:2305} INFO - Setting next_dagrun for latest_only to 2021-09-21 00:00:00+00:00
[2021-09-23 23:07:59,245] {scheduler_job.py:190} INFO - Processing /home/airflow/sandbox/lib/python3.8/site-packages/airflow/example_dags/example_latest_only.py took 0.060 seconds
[2021-09-23 23:08:34,102] {scheduler_job.py:182} INFO - Started process (PID=7447) to work on /home/airflow/sandbox/lib/python3.8/site-packages/airflow/example_dags/example_latest_only.py
[2021-09-23 23:08:34,103] {scheduler_job.py:633} INFO - Processing file /home/airflow/sandbox/lib/python3.8/site-packages/airflow/example_dags/example_latest_only.py for tasks to queue
[2021-09-23 23:08:34,103] {logging_mixin.py:104} INFO - [2021-09-23 23:08:34,103] {dagbag.py:487} INFO - Filling up the DagBag from /home/airflow/sandbox/lib/python3.8/site-packages/airflow/example_dags/example_latest_only.py
[2021-09-23 23:08:34,113] {scheduler_job.py:643} INFO - DAG(s) dict_keys(['latest_only']) retrieved from /home/airflow/sandbox/lib/python3.8/site-packages/airflow/example_dags/example_latest_only.py
[2021-09-23 23:08:34,127] {logging_mixin.py:104} INFO - [2021-09-23 23:08:34,127] {dag.py:1832} INFO - Sync 1 DAGs
[2021-09-23 23:08:34,141] {logging_mixin.py:104} INFO - [2021-09-23 23:08:34,141] {dag.py:2305} INFO - Setting next_dagrun for latest_only to 2021-09-21 00:00:00+00:00
[2021-09-23 23:08:34,167] {scheduler_job.py:190} INFO - Processing /home/airflow/sandbox/lib/python3.8/site-packages/airflow/example_dags/example_latest_only.py took 0.069 seconds
[2021-09-23 23:09:07,649] {scheduler_job.py:182} INFO - Started process (PID=7554) to work on /home/airflow/sandbox/lib/python3.8/site-packages/airflow/example_dags/example_latest_only.py
[2021-09-23 23:09:07,650] {scheduler_job.py:633} INFO - Processing file /home/airflow/sandbox/lib/python3.8/site-packages/airflow/example_dags/example_latest_only.py for tasks to queue
[2021-09-23 23:09:07,651] {logging_mixin.py:104} INFO - [2021-09-23 23:09:07,651] {dagbag.py:487} INFO - Filling up the DagBag from /home/airflow/sandbox/lib/python3.8/site-packages/airflow/example_dags/example_latest_only.py
[2021-09-23 23:09:07,660] {scheduler_job.py:643} INFO - DAG(s) dict_keys(['latest_only']) retrieved from /home/airflow/sandbox/lib/python3.8/site-packages/airflow/example_dags/example_latest_only.py
[2021-09-23 23:09:07,675] {logging_mixin.py:104} INFO - [2021-09-23 23:09:07,675] {dag.py:1832} INFO - Sync 1 DAGs
[2021-09-23 23:09:07,686] {logging_mixin.py:104} INFO - [2021-09-23 23:09:07,686] {dag.py:2305} INFO - Setting next_dagrun for latest_only to 2021-09-21 00:00:00+00:00
[2021-09-23 23:09:07,709] {scheduler_job.py:190} INFO - Processing /home/airflow/sandbox/lib/python3.8/site-packages/airflow/example_dags/example_latest_only.py took 0.062 seconds
[2021-09-23 23:09:40,058] {scheduler_job.py:182} INFO - Started process (PID=7632) to work on /home/airflow/sandbox/lib/python3.8/site-packages/airflow/example_dags/example_latest_only.py
[2021-09-23 23:09:40,060] {scheduler_job.py:633} INFO - Processing file /home/airflow/sandbox/lib/python3.8/site-packages/airflow/example_dags/example_latest_only.py for tasks to queue
[2021-09-23 23:09:40,060] {logging_mixin.py:104} INFO - [2021-09-23 23:09:40,060] {dagbag.py:487} INFO - Filling up the DagBag from /home/airflow/sandbox/lib/python3.8/site-packages/airflow/example_dags/example_latest_only.py
[2021-09-23 23:09:40,073] {scheduler_job.py:643} INFO - DAG(s) dict_keys(['latest_only']) retrieved from /home/airflow/sandbox/lib/python3.8/site-packages/airflow/example_dags/example_latest_only.py
[2021-09-23 23:09:40,087] {logging_mixin.py:104} INFO - [2021-09-23 23:09:40,087] {dag.py:1832} INFO - Sync 1 DAGs
[2021-09-23 23:09:40,099] {logging_mixin.py:104} INFO - [2021-09-23 23:09:40,099] {dag.py:2305} INFO - Setting next_dagrun for latest_only to 2021-09-21 00:00:00+00:00
[2021-09-23 23:09:40,120] {scheduler_job.py:190} INFO - Processing /home/airflow/sandbox/lib/python3.8/site-packages/airflow/example_dags/example_latest_only.py took 0.065 seconds
[2021-09-23 23:10:15,309] {scheduler_job.py:182} INFO - Started process (PID=7680) to work on /home/airflow/sandbox/lib/python3.8/site-packages/airflow/example_dags/example_latest_only.py
[2021-09-23 23:10:15,310] {scheduler_job.py:633} INFO - Processing file /home/airflow/sandbox/lib/python3.8/site-packages/airflow/example_dags/example_latest_only.py for tasks to queue
[2021-09-23 23:10:15,310] {logging_mixin.py:104} INFO - [2021-09-23 23:10:15,310] {dagbag.py:487} INFO - Filling up the DagBag from /home/airflow/sandbox/lib/python3.8/site-packages/airflow/example_dags/example_latest_only.py
[2021-09-23 23:10:15,321] {scheduler_job.py:643} INFO - DAG(s) dict_keys(['latest_only']) retrieved from /home/airflow/sandbox/lib/python3.8/site-packages/airflow/example_dags/example_latest_only.py
[2021-09-23 23:10:15,334] {logging_mixin.py:104} INFO - [2021-09-23 23:10:15,334] {dag.py:1832} INFO - Sync 1 DAGs
[2021-09-23 23:10:15,346] {logging_mixin.py:104} INFO - [2021-09-23 23:10:15,345] {dag.py:2305} INFO - Setting next_dagrun for latest_only to 2021-09-21 00:00:00+00:00
[2021-09-23 23:10:15,365] {scheduler_job.py:190} INFO - Processing /home/airflow/sandbox/lib/python3.8/site-packages/airflow/example_dags/example_latest_only.py took 0.060 seconds
[2021-09-23 23:10:52,644] {scheduler_job.py:182} INFO - Started process (PID=7861) to work on /home/airflow/sandbox/lib/python3.8/site-packages/airflow/example_dags/example_latest_only.py
[2021-09-23 23:10:52,645] {scheduler_job.py:633} INFO - Processing file /home/airflow/sandbox/lib/python3.8/site-packages/airflow/example_dags/example_latest_only.py for tasks to queue
[2021-09-23 23:10:52,646] {logging_mixin.py:104} INFO - [2021-09-23 23:10:52,646] {dagbag.py:487} INFO - Filling up the DagBag from /home/airflow/sandbox/lib/python3.8/site-packages/airflow/example_dags/example_latest_only.py
[2021-09-23 23:10:52,656] {scheduler_job.py:643} INFO - DAG(s) dict_keys(['latest_only']) retrieved from /home/airflow/sandbox/lib/python3.8/site-packages/airflow/example_dags/example_latest_only.py
[2021-09-23 23:10:52,669] {logging_mixin.py:104} INFO - [2021-09-23 23:10:52,669] {dag.py:1832} INFO - Sync 1 DAGs
[2021-09-23 23:10:52,681] {logging_mixin.py:104} INFO - [2021-09-23 23:10:52,681] {dag.py:2305} INFO - Setting next_dagrun for latest_only to 2021-09-21 00:00:00+00:00
[2021-09-23 23:10:52,704] {scheduler_job.py:190} INFO - Processing /home/airflow/sandbox/lib/python3.8/site-packages/airflow/example_dags/example_latest_only.py took 0.063 seconds
[2021-09-23 23:11:28,016] {scheduler_job.py:182} INFO - Started process (PID=7971) to work on /home/airflow/sandbox/lib/python3.8/site-packages/airflow/example_dags/example_latest_only.py
[2021-09-23 23:11:28,017] {scheduler_job.py:633} INFO - Processing file /home/airflow/sandbox/lib/python3.8/site-packages/airflow/example_dags/example_latest_only.py for tasks to queue
[2021-09-23 23:11:28,017] {logging_mixin.py:104} INFO - [2021-09-23 23:11:28,017] {dagbag.py:487} INFO - Filling up the DagBag from /home/airflow/sandbox/lib/python3.8/site-packages/airflow/example_dags/example_latest_only.py
[2021-09-23 23:11:28,026] {scheduler_job.py:643} INFO - DAG(s) dict_keys(['latest_only']) retrieved from /home/airflow/sandbox/lib/python3.8/site-packages/airflow/example_dags/example_latest_only.py
[2021-09-23 23:11:28,038] {logging_mixin.py:104} INFO - [2021-09-23 23:11:28,038] {dag.py:1832} INFO - Sync 1 DAGs
[2021-09-23 23:11:28,050] {logging_mixin.py:104} INFO - [2021-09-23 23:11:28,049] {dag.py:2305} INFO - Setting next_dagrun for latest_only to 2021-09-21 00:00:00+00:00
[2021-09-23 23:11:28,071] {scheduler_job.py:190} INFO - Processing /home/airflow/sandbox/lib/python3.8/site-packages/airflow/example_dags/example_latest_only.py took 0.058 seconds
[2021-09-23 23:12:02,792] {scheduler_job.py:182} INFO - Started process (PID=8118) to work on /home/airflow/sandbox/lib/python3.8/site-packages/airflow/example_dags/example_latest_only.py
[2021-09-23 23:12:02,793] {scheduler_job.py:633} INFO - Processing file /home/airflow/sandbox/lib/python3.8/site-packages/airflow/example_dags/example_latest_only.py for tasks to queue
[2021-09-23 23:12:02,794] {logging_mixin.py:104} INFO - [2021-09-23 23:12:02,793] {dagbag.py:487} INFO - Filling up the DagBag from /home/airflow/sandbox/lib/python3.8/site-packages/airflow/example_dags/example_latest_only.py
[2021-09-23 23:12:02,814] {scheduler_job.py:643} INFO - DAG(s) dict_keys(['latest_only']) retrieved from /home/airflow/sandbox/lib/python3.8/site-packages/airflow/example_dags/example_latest_only.py
[2021-09-23 23:12:02,828] {logging_mixin.py:104} INFO - [2021-09-23 23:12:02,828] {dag.py:1832} INFO - Sync 1 DAGs
[2021-09-23 23:12:02,855] {logging_mixin.py:104} INFO - [2021-09-23 23:12:02,855] {dag.py:2305} INFO - Setting next_dagrun for latest_only to 2021-09-21 00:00:00+00:00
[2021-09-23 23:12:02,873] {scheduler_job.py:190} INFO - Processing /home/airflow/sandbox/lib/python3.8/site-packages/airflow/example_dags/example_latest_only.py took 0.084 seconds
[2021-09-23 23:12:40,196] {scheduler_job.py:182} INFO - Started process (PID=8381) to work on /home/airflow/sandbox/lib/python3.8/site-packages/airflow/example_dags/example_latest_only.py
[2021-09-23 23:12:40,198] {scheduler_job.py:633} INFO - Processing file /home/airflow/sandbox/lib/python3.8/site-packages/airflow/example_dags/example_latest_only.py for tasks to queue
[2021-09-23 23:12:40,199] {logging_mixin.py:104} INFO - [2021-09-23 23:12:40,199] {dagbag.py:487} INFO - Filling up the DagBag from /home/airflow/sandbox/lib/python3.8/site-packages/airflow/example_dags/example_latest_only.py
[2021-09-23 23:12:40,215] {scheduler_job.py:643} INFO - DAG(s) dict_keys(['latest_only']) retrieved from /home/airflow/sandbox/lib/python3.8/site-packages/airflow/example_dags/example_latest_only.py
[2021-09-23 23:12:40,228] {logging_mixin.py:104} INFO - [2021-09-23 23:12:40,227] {dag.py:1832} INFO - Sync 1 DAGs
[2021-09-23 23:12:40,240] {logging_mixin.py:104} INFO - [2021-09-23 23:12:40,239] {dag.py:2305} INFO - Setting next_dagrun for latest_only to 2021-09-21 00:00:00+00:00
[2021-09-23 23:12:40,264] {scheduler_job.py:190} INFO - Processing /home/airflow/sandbox/lib/python3.8/site-packages/airflow/example_dags/example_latest_only.py took 0.070 seconds
[2021-09-23 23:13:15,290] {scheduler_job.py:182} INFO - Started process (PID=8413) to work on /home/airflow/sandbox/lib/python3.8/site-packages/airflow/example_dags/example_latest_only.py
[2021-09-23 23:13:15,291] {scheduler_job.py:633} INFO - Processing file /home/airflow/sandbox/lib/python3.8/site-packages/airflow/example_dags/example_latest_only.py for tasks to queue
[2021-09-23 23:13:15,292] {logging_mixin.py:104} INFO - [2021-09-23 23:13:15,291] {dagbag.py:487} INFO - Filling up the DagBag from /home/airflow/sandbox/lib/python3.8/site-packages/airflow/example_dags/example_latest_only.py
[2021-09-23 23:13:15,302] {scheduler_job.py:643} INFO - DAG(s) dict_keys(['latest_only']) retrieved from /home/airflow/sandbox/lib/python3.8/site-packages/airflow/example_dags/example_latest_only.py
[2021-09-23 23:13:15,321] {logging_mixin.py:104} INFO - [2021-09-23 23:13:15,321] {dag.py:1832} INFO - Sync 1 DAGs
[2021-09-23 23:13:15,336] {logging_mixin.py:104} INFO - [2021-09-23 23:13:15,336] {dag.py:2305} INFO - Setting next_dagrun for latest_only to 2021-09-21 00:00:00+00:00
[2021-09-23 23:13:15,360] {scheduler_job.py:190} INFO - Processing /home/airflow/sandbox/lib/python3.8/site-packages/airflow/example_dags/example_latest_only.py took 0.072 seconds
[2021-09-23 23:13:51,410] {scheduler_job.py:182} INFO - Started process (PID=8447) to work on /home/airflow/sandbox/lib/python3.8/site-packages/airflow/example_dags/example_latest_only.py
[2021-09-23 23:13:51,411] {scheduler_job.py:633} INFO - Processing file /home/airflow/sandbox/lib/python3.8/site-packages/airflow/example_dags/example_latest_only.py for tasks to queue
[2021-09-23 23:13:51,411] {logging_mixin.py:104} INFO - [2021-09-23 23:13:51,411] {dagbag.py:487} INFO - Filling up the DagBag from /home/airflow/sandbox/lib/python3.8/site-packages/airflow/example_dags/example_latest_only.py
[2021-09-23 23:13:51,421] {scheduler_job.py:643} INFO - DAG(s) dict_keys(['latest_only']) retrieved from /home/airflow/sandbox/lib/python3.8/site-packages/airflow/example_dags/example_latest_only.py
[2021-09-23 23:13:51,437] {logging_mixin.py:104} INFO - [2021-09-23 23:13:51,436] {dag.py:1832} INFO - Sync 1 DAGs
[2021-09-23 23:13:51,451] {logging_mixin.py:104} INFO - [2021-09-23 23:13:51,451] {dag.py:2305} INFO - Setting next_dagrun for latest_only to 2021-09-21 00:00:00+00:00
[2021-09-23 23:13:51,475] {scheduler_job.py:190} INFO - Processing /home/airflow/sandbox/lib/python3.8/site-packages/airflow/example_dags/example_latest_only.py took 0.069 seconds
[2021-09-23 23:14:31,122] {scheduler_job.py:182} INFO - Started process (PID=8483) to work on /home/airflow/sandbox/lib/python3.8/site-packages/airflow/example_dags/example_latest_only.py
[2021-09-23 23:14:31,123] {scheduler_job.py:633} INFO - Processing file /home/airflow/sandbox/lib/python3.8/site-packages/airflow/example_dags/example_latest_only.py for tasks to queue
[2021-09-23 23:14:31,124] {logging_mixin.py:104} INFO - [2021-09-23 23:14:31,124] {dagbag.py:487} INFO - Filling up the DagBag from /home/airflow/sandbox/lib/python3.8/site-packages/airflow/example_dags/example_latest_only.py
[2021-09-23 23:14:31,133] {scheduler_job.py:643} INFO - DAG(s) dict_keys(['latest_only']) retrieved from /home/airflow/sandbox/lib/python3.8/site-packages/airflow/example_dags/example_latest_only.py
[2021-09-23 23:14:31,146] {logging_mixin.py:104} INFO - [2021-09-23 23:14:31,146] {dag.py:1832} INFO - Sync 1 DAGs
[2021-09-23 23:14:31,168] {logging_mixin.py:104} INFO - [2021-09-23 23:14:31,168] {dag.py:2305} INFO - Setting next_dagrun for latest_only to 2021-09-21 00:00:00+00:00
[2021-09-23 23:14:31,194] {scheduler_job.py:190} INFO - Processing /home/airflow/sandbox/lib/python3.8/site-packages/airflow/example_dags/example_latest_only.py took 0.075 seconds
[2021-09-23 23:15:12,639] {scheduler_job.py:182} INFO - Started process (PID=8732) to work on /home/airflow/sandbox/lib/python3.8/site-packages/airflow/example_dags/example_latest_only.py
[2021-09-23 23:15:12,640] {scheduler_job.py:633} INFO - Processing file /home/airflow/sandbox/lib/python3.8/site-packages/airflow/example_dags/example_latest_only.py for tasks to queue
[2021-09-23 23:15:12,641] {logging_mixin.py:104} INFO - [2021-09-23 23:15:12,641] {dagbag.py:487} INFO - Filling up the DagBag from /home/airflow/sandbox/lib/python3.8/site-packages/airflow/example_dags/example_latest_only.py
[2021-09-23 23:15:12,650] {scheduler_job.py:643} INFO - DAG(s) dict_keys(['latest_only']) retrieved from /home/airflow/sandbox/lib/python3.8/site-packages/airflow/example_dags/example_latest_only.py
[2021-09-23 23:15:12,662] {logging_mixin.py:104} INFO - [2021-09-23 23:15:12,662] {dag.py:1832} INFO - Sync 1 DAGs
[2021-09-23 23:15:12,676] {logging_mixin.py:104} INFO - [2021-09-23 23:15:12,676] {dag.py:2305} INFO - Setting next_dagrun for latest_only to 2021-09-21 00:00:00+00:00
[2021-09-23 23:15:12,699] {scheduler_job.py:190} INFO - Processing /home/airflow/sandbox/lib/python3.8/site-packages/airflow/example_dags/example_latest_only.py took 0.062 seconds
[2021-09-23 23:15:44,706] {scheduler_job.py:182} INFO - Started process (PID=8926) to work on /home/airflow/sandbox/lib/python3.8/site-packages/airflow/example_dags/example_latest_only.py
[2021-09-23 23:15:44,707] {scheduler_job.py:633} INFO - Processing file /home/airflow/sandbox/lib/python3.8/site-packages/airflow/example_dags/example_latest_only.py for tasks to queue
[2021-09-23 23:15:44,708] {logging_mixin.py:104} INFO - [2021-09-23 23:15:44,707] {dagbag.py:487} INFO - Filling up the DagBag from /home/airflow/sandbox/lib/python3.8/site-packages/airflow/example_dags/example_latest_only.py
[2021-09-23 23:15:44,718] {scheduler_job.py:643} INFO - DAG(s) dict_keys(['latest_only']) retrieved from /home/airflow/sandbox/lib/python3.8/site-packages/airflow/example_dags/example_latest_only.py
[2021-09-23 23:15:44,730] {logging_mixin.py:104} INFO - [2021-09-23 23:15:44,730] {dag.py:1832} INFO - Sync 1 DAGs
[2021-09-23 23:15:44,742] {logging_mixin.py:104} INFO - [2021-09-23 23:15:44,742] {dag.py:2305} INFO - Setting next_dagrun for latest_only to 2021-09-21 00:00:00+00:00
[2021-09-23 23:15:44,765] {scheduler_job.py:190} INFO - Processing /home/airflow/sandbox/lib/python3.8/site-packages/airflow/example_dags/example_latest_only.py took 0.061 seconds
[2021-09-23 23:16:17,050] {scheduler_job.py:182} INFO - Started process (PID=9054) to work on /home/airflow/sandbox/lib/python3.8/site-packages/airflow/example_dags/example_latest_only.py
[2021-09-23 23:16:17,051] {scheduler_job.py:633} INFO - Processing file /home/airflow/sandbox/lib/python3.8/site-packages/airflow/example_dags/example_latest_only.py for tasks to queue
[2021-09-23 23:16:17,052] {logging_mixin.py:104} INFO - [2021-09-23 23:16:17,052] {dagbag.py:487} INFO - Filling up the DagBag from /home/airflow/sandbox/lib/python3.8/site-packages/airflow/example_dags/example_latest_only.py
[2021-09-23 23:16:17,063] {scheduler_job.py:643} INFO - DAG(s) dict_keys(['latest_only']) retrieved from /home/airflow/sandbox/lib/python3.8/site-packages/airflow/example_dags/example_latest_only.py
[2021-09-23 23:16:17,079] {logging_mixin.py:104} INFO - [2021-09-23 23:16:17,079] {dag.py:1832} INFO - Sync 1 DAGs
[2021-09-23 23:16:17,090] {logging_mixin.py:104} INFO - [2021-09-23 23:16:17,090] {dag.py:2305} INFO - Setting next_dagrun for latest_only to 2021-09-21 00:00:00+00:00
[2021-09-23 23:16:17,116] {scheduler_job.py:190} INFO - Processing /home/airflow/sandbox/lib/python3.8/site-packages/airflow/example_dags/example_latest_only.py took 0.067 seconds
[2021-09-23 23:16:49,681] {scheduler_job.py:182} INFO - Started process (PID=9192) to work on /home/airflow/sandbox/lib/python3.8/site-packages/airflow/example_dags/example_latest_only.py
[2021-09-23 23:16:49,682] {scheduler_job.py:633} INFO - Processing file /home/airflow/sandbox/lib/python3.8/site-packages/airflow/example_dags/example_latest_only.py for tasks to queue
[2021-09-23 23:16:49,683] {logging_mixin.py:104} INFO - [2021-09-23 23:16:49,683] {dagbag.py:487} INFO - Filling up the DagBag from /home/airflow/sandbox/lib/python3.8/site-packages/airflow/example_dags/example_latest_only.py
[2021-09-23 23:16:49,691] {scheduler_job.py:643} INFO - DAG(s) dict_keys(['latest_only']) retrieved from /home/airflow/sandbox/lib/python3.8/site-packages/airflow/example_dags/example_latest_only.py
[2021-09-23 23:16:49,705] {logging_mixin.py:104} INFO - [2021-09-23 23:16:49,705] {dag.py:1832} INFO - Sync 1 DAGs
[2021-09-23 23:16:49,717] {logging_mixin.py:104} INFO - [2021-09-23 23:16:49,716] {dag.py:2305} INFO - Setting next_dagrun for latest_only to 2021-09-21 00:00:00+00:00
[2021-09-23 23:16:49,739] {scheduler_job.py:190} INFO - Processing /home/airflow/sandbox/lib/python3.8/site-packages/airflow/example_dags/example_latest_only.py took 0.060 seconds
[2021-09-23 23:43:36,971] {scheduler_job.py:182} INFO - Started process (PID=9323) to work on /home/airflow/sandbox/lib/python3.8/site-packages/airflow/example_dags/example_latest_only.py
[2021-09-23 23:43:36,973] {scheduler_job.py:633} INFO - Processing file /home/airflow/sandbox/lib/python3.8/site-packages/airflow/example_dags/example_latest_only.py for tasks to queue
[2021-09-23 23:43:36,974] {logging_mixin.py:104} INFO - [2021-09-23 23:43:36,973] {dagbag.py:487} INFO - Filling up the DagBag from /home/airflow/sandbox/lib/python3.8/site-packages/airflow/example_dags/example_latest_only.py
[2021-09-23 23:43:36,985] {scheduler_job.py:643} INFO - DAG(s) dict_keys(['latest_only']) retrieved from /home/airflow/sandbox/lib/python3.8/site-packages/airflow/example_dags/example_latest_only.py
[2021-09-23 23:43:36,999] {logging_mixin.py:104} INFO - [2021-09-23 23:43:36,999] {dag.py:1832} INFO - Sync 1 DAGs
[2021-09-23 23:43:37,017] {logging_mixin.py:104} INFO - [2021-09-23 23:43:37,017] {dag.py:2305} INFO - Setting next_dagrun for latest_only to 2021-09-21 00:00:00+00:00
[2021-09-23 23:43:37,043] {scheduler_job.py:190} INFO - Processing /home/airflow/sandbox/lib/python3.8/site-packages/airflow/example_dags/example_latest_only.py took 0.076 seconds
[2021-09-23 23:44:11,353] {scheduler_job.py:182} INFO - Started process (PID=9356) to work on /home/airflow/sandbox/lib/python3.8/site-packages/airflow/example_dags/example_latest_only.py
[2021-09-23 23:44:11,354] {scheduler_job.py:633} INFO - Processing file /home/airflow/sandbox/lib/python3.8/site-packages/airflow/example_dags/example_latest_only.py for tasks to queue
[2021-09-23 23:44:11,355] {logging_mixin.py:104} INFO - [2021-09-23 23:44:11,355] {dagbag.py:487} INFO - Filling up the DagBag from /home/airflow/sandbox/lib/python3.8/site-packages/airflow/example_dags/example_latest_only.py
[2021-09-23 23:44:11,365] {scheduler_job.py:643} INFO - DAG(s) dict_keys(['latest_only']) retrieved from /home/airflow/sandbox/lib/python3.8/site-packages/airflow/example_dags/example_latest_only.py
[2021-09-23 23:44:11,381] {logging_mixin.py:104} INFO - [2021-09-23 23:44:11,381] {dag.py:1832} INFO - Sync 1 DAGs
[2021-09-23 23:44:11,392] {logging_mixin.py:104} INFO - [2021-09-23 23:44:11,392] {dag.py:2305} INFO - Setting next_dagrun for latest_only to 2021-09-21 00:00:00+00:00
[2021-09-23 23:44:11,418] {scheduler_job.py:190} INFO - Processing /home/airflow/sandbox/lib/python3.8/site-packages/airflow/example_dags/example_latest_only.py took 0.067 seconds
[2021-09-23 23:44:44,464] {scheduler_job.py:182} INFO - Started process (PID=9389) to work on /home/airflow/sandbox/lib/python3.8/site-packages/airflow/example_dags/example_latest_only.py
[2021-09-23 23:44:44,465] {scheduler_job.py:633} INFO - Processing file /home/airflow/sandbox/lib/python3.8/site-packages/airflow/example_dags/example_latest_only.py for tasks to queue
[2021-09-23 23:44:44,467] {logging_mixin.py:104} INFO - [2021-09-23 23:44:44,466] {dagbag.py:487} INFO - Filling up the DagBag from /home/airflow/sandbox/lib/python3.8/site-packages/airflow/example_dags/example_latest_only.py
[2021-09-23 23:44:44,477] {scheduler_job.py:643} INFO - DAG(s) dict_keys(['latest_only']) retrieved from /home/airflow/sandbox/lib/python3.8/site-packages/airflow/example_dags/example_latest_only.py
[2021-09-23 23:44:44,490] {logging_mixin.py:104} INFO - [2021-09-23 23:44:44,489] {dag.py:1832} INFO - Sync 1 DAGs
[2021-09-23 23:44:44,502] {logging_mixin.py:104} INFO - [2021-09-23 23:44:44,502] {dag.py:2305} INFO - Setting next_dagrun for latest_only to 2021-09-21 00:00:00+00:00
[2021-09-23 23:44:44,530] {scheduler_job.py:190} INFO - Processing /home/airflow/sandbox/lib/python3.8/site-packages/airflow/example_dags/example_latest_only.py took 0.071 seconds
[2021-09-23 23:45:19,281] {scheduler_job.py:182} INFO - Started process (PID=9421) to work on /home/airflow/sandbox/lib/python3.8/site-packages/airflow/example_dags/example_latest_only.py
[2021-09-23 23:45:19,284] {scheduler_job.py:633} INFO - Processing file /home/airflow/sandbox/lib/python3.8/site-packages/airflow/example_dags/example_latest_only.py for tasks to queue
[2021-09-23 23:45:19,284] {logging_mixin.py:104} INFO - [2021-09-23 23:45:19,284] {dagbag.py:487} INFO - Filling up the DagBag from /home/airflow/sandbox/lib/python3.8/site-packages/airflow/example_dags/example_latest_only.py
[2021-09-23 23:45:19,295] {scheduler_job.py:643} INFO - DAG(s) dict_keys(['latest_only']) retrieved from /home/airflow/sandbox/lib/python3.8/site-packages/airflow/example_dags/example_latest_only.py
[2021-09-23 23:45:19,310] {logging_mixin.py:104} INFO - [2021-09-23 23:45:19,310] {dag.py:1832} INFO - Sync 1 DAGs
[2021-09-23 23:45:19,323] {logging_mixin.py:104} INFO - [2021-09-23 23:45:19,323] {dag.py:2305} INFO - Setting next_dagrun for latest_only to 2021-09-21 00:00:00+00:00
[2021-09-23 23:45:19,343] {scheduler_job.py:190} INFO - Processing /home/airflow/sandbox/lib/python3.8/site-packages/airflow/example_dags/example_latest_only.py took 0.066 seconds
[2021-09-23 23:45:53,410] {scheduler_job.py:182} INFO - Started process (PID=9453) to work on /home/airflow/sandbox/lib/python3.8/site-packages/airflow/example_dags/example_latest_only.py
[2021-09-23 23:45:53,411] {scheduler_job.py:633} INFO - Processing file /home/airflow/sandbox/lib/python3.8/site-packages/airflow/example_dags/example_latest_only.py for tasks to queue
[2021-09-23 23:45:53,411] {logging_mixin.py:104} INFO - [2021-09-23 23:45:53,411] {dagbag.py:487} INFO - Filling up the DagBag from /home/airflow/sandbox/lib/python3.8/site-packages/airflow/example_dags/example_latest_only.py
[2021-09-23 23:45:53,429] {scheduler_job.py:643} INFO - DAG(s) dict_keys(['latest_only']) retrieved from /home/airflow/sandbox/lib/python3.8/site-packages/airflow/example_dags/example_latest_only.py
[2021-09-23 23:45:53,445] {logging_mixin.py:104} INFO - [2021-09-23 23:45:53,445] {dag.py:1832} INFO - Sync 1 DAGs
[2021-09-23 23:45:53,459] {logging_mixin.py:104} INFO - [2021-09-23 23:45:53,459] {dag.py:2305} INFO - Setting next_dagrun for latest_only to 2021-09-21 00:00:00+00:00
[2021-09-23 23:45:53,476] {scheduler_job.py:190} INFO - Processing /home/airflow/sandbox/lib/python3.8/site-packages/airflow/example_dags/example_latest_only.py took 0.069 seconds
[2021-09-23 23:46:26,461] {scheduler_job.py:182} INFO - Started process (PID=9486) to work on /home/airflow/sandbox/lib/python3.8/site-packages/airflow/example_dags/example_latest_only.py
[2021-09-23 23:46:26,462] {scheduler_job.py:633} INFO - Processing file /home/airflow/sandbox/lib/python3.8/site-packages/airflow/example_dags/example_latest_only.py for tasks to queue
[2021-09-23 23:46:26,462] {logging_mixin.py:104} INFO - [2021-09-23 23:46:26,462] {dagbag.py:487} INFO - Filling up the DagBag from /home/airflow/sandbox/lib/python3.8/site-packages/airflow/example_dags/example_latest_only.py
[2021-09-23 23:46:26,475] {scheduler_job.py:643} INFO - DAG(s) dict_keys(['latest_only']) retrieved from /home/airflow/sandbox/lib/python3.8/site-packages/airflow/example_dags/example_latest_only.py
[2021-09-23 23:46:26,488] {logging_mixin.py:104} INFO - [2021-09-23 23:46:26,488] {dag.py:1832} INFO - Sync 1 DAGs
[2021-09-23 23:46:26,502] {logging_mixin.py:104} INFO - [2021-09-23 23:46:26,502] {dag.py:2305} INFO - Setting next_dagrun for latest_only to 2021-09-21 00:00:00+00:00
[2021-09-23 23:46:26,520] {scheduler_job.py:190} INFO - Processing /home/airflow/sandbox/lib/python3.8/site-packages/airflow/example_dags/example_latest_only.py took 0.064 seconds
[2021-09-23 23:47:00,407] {scheduler_job.py:182} INFO - Started process (PID=9561) to work on /home/airflow/sandbox/lib/python3.8/site-packages/airflow/example_dags/example_latest_only.py
[2021-09-23 23:47:00,409] {scheduler_job.py:633} INFO - Processing file /home/airflow/sandbox/lib/python3.8/site-packages/airflow/example_dags/example_latest_only.py for tasks to queue
[2021-09-23 23:47:00,409] {logging_mixin.py:104} INFO - [2021-09-23 23:47:00,409] {dagbag.py:487} INFO - Filling up the DagBag from /home/airflow/sandbox/lib/python3.8/site-packages/airflow/example_dags/example_latest_only.py
[2021-09-23 23:47:00,422] {scheduler_job.py:643} INFO - DAG(s) dict_keys(['latest_only']) retrieved from /home/airflow/sandbox/lib/python3.8/site-packages/airflow/example_dags/example_latest_only.py
[2021-09-23 23:47:00,434] {logging_mixin.py:104} INFO - [2021-09-23 23:47:00,434] {dag.py:1832} INFO - Sync 1 DAGs
[2021-09-23 23:47:00,446] {logging_mixin.py:104} INFO - [2021-09-23 23:47:00,446] {dag.py:2305} INFO - Setting next_dagrun for latest_only to 2021-09-21 00:00:00+00:00
[2021-09-23 23:47:00,467] {scheduler_job.py:190} INFO - Processing /home/airflow/sandbox/lib/python3.8/site-packages/airflow/example_dags/example_latest_only.py took 0.062 seconds
[2021-09-23 23:47:35,251] {scheduler_job.py:182} INFO - Started process (PID=9595) to work on /home/airflow/sandbox/lib/python3.8/site-packages/airflow/example_dags/example_latest_only.py
[2021-09-23 23:47:35,253] {scheduler_job.py:633} INFO - Processing file /home/airflow/sandbox/lib/python3.8/site-packages/airflow/example_dags/example_latest_only.py for tasks to queue
[2021-09-23 23:47:35,255] {logging_mixin.py:104} INFO - [2021-09-23 23:47:35,254] {dagbag.py:487} INFO - Filling up the DagBag from /home/airflow/sandbox/lib/python3.8/site-packages/airflow/example_dags/example_latest_only.py
[2021-09-23 23:47:35,266] {scheduler_job.py:643} INFO - DAG(s) dict_keys(['latest_only']) retrieved from /home/airflow/sandbox/lib/python3.8/site-packages/airflow/example_dags/example_latest_only.py
[2021-09-23 23:47:35,280] {logging_mixin.py:104} INFO - [2021-09-23 23:47:35,279] {dag.py:1832} INFO - Sync 1 DAGs
[2021-09-23 23:47:35,291] {logging_mixin.py:104} INFO - [2021-09-23 23:47:35,291] {dag.py:2305} INFO - Setting next_dagrun for latest_only to 2021-09-21 00:00:00+00:00
[2021-09-23 23:47:35,311] {scheduler_job.py:190} INFO - Processing /home/airflow/sandbox/lib/python3.8/site-packages/airflow/example_dags/example_latest_only.py took 0.062 seconds
[2021-09-23 23:48:07,939] {scheduler_job.py:182} INFO - Started process (PID=9627) to work on /home/airflow/sandbox/lib/python3.8/site-packages/airflow/example_dags/example_latest_only.py
[2021-09-23 23:48:07,940] {scheduler_job.py:633} INFO - Processing file /home/airflow/sandbox/lib/python3.8/site-packages/airflow/example_dags/example_latest_only.py for tasks to queue
[2021-09-23 23:48:07,941] {logging_mixin.py:104} INFO - [2021-09-23 23:48:07,941] {dagbag.py:487} INFO - Filling up the DagBag from /home/airflow/sandbox/lib/python3.8/site-packages/airflow/example_dags/example_latest_only.py
[2021-09-23 23:48:07,950] {scheduler_job.py:643} INFO - DAG(s) dict_keys(['latest_only']) retrieved from /home/airflow/sandbox/lib/python3.8/site-packages/airflow/example_dags/example_latest_only.py
[2021-09-23 23:48:07,963] {logging_mixin.py:104} INFO - [2021-09-23 23:48:07,962] {dag.py:1832} INFO - Sync 1 DAGs
[2021-09-23 23:48:07,974] {logging_mixin.py:104} INFO - [2021-09-23 23:48:07,974] {dag.py:2305} INFO - Setting next_dagrun for latest_only to 2021-09-21 00:00:00+00:00
[2021-09-23 23:48:07,993] {scheduler_job.py:190} INFO - Processing /home/airflow/sandbox/lib/python3.8/site-packages/airflow/example_dags/example_latest_only.py took 0.056 seconds
[2021-09-23 23:48:42,623] {scheduler_job.py:182} INFO - Started process (PID=9659) to work on /home/airflow/sandbox/lib/python3.8/site-packages/airflow/example_dags/example_latest_only.py
[2021-09-23 23:48:42,625] {scheduler_job.py:633} INFO - Processing file /home/airflow/sandbox/lib/python3.8/site-packages/airflow/example_dags/example_latest_only.py for tasks to queue
[2021-09-23 23:48:42,625] {logging_mixin.py:104} INFO - [2021-09-23 23:48:42,625] {dagbag.py:487} INFO - Filling up the DagBag from /home/airflow/sandbox/lib/python3.8/site-packages/airflow/example_dags/example_latest_only.py
[2021-09-23 23:48:42,643] {scheduler_job.py:643} INFO - DAG(s) dict_keys(['latest_only']) retrieved from /home/airflow/sandbox/lib/python3.8/site-packages/airflow/example_dags/example_latest_only.py
[2021-09-23 23:48:42,656] {logging_mixin.py:104} INFO - [2021-09-23 23:48:42,656] {dag.py:1832} INFO - Sync 1 DAGs
[2021-09-23 23:48:42,668] {logging_mixin.py:104} INFO - [2021-09-23 23:48:42,668] {dag.py:2305} INFO - Setting next_dagrun for latest_only to 2021-09-21 00:00:00+00:00
[2021-09-23 23:48:42,690] {scheduler_job.py:190} INFO - Processing /home/airflow/sandbox/lib/python3.8/site-packages/airflow/example_dags/example_latest_only.py took 0.070 seconds
[2021-09-23 23:49:21,288] {scheduler_job.py:182} INFO - Started process (PID=9694) to work on /home/airflow/sandbox/lib/python3.8/site-packages/airflow/example_dags/example_latest_only.py
[2021-09-23 23:49:21,289] {scheduler_job.py:633} INFO - Processing file /home/airflow/sandbox/lib/python3.8/site-packages/airflow/example_dags/example_latest_only.py for tasks to queue
[2021-09-23 23:49:21,290] {logging_mixin.py:104} INFO - [2021-09-23 23:49:21,290] {dagbag.py:487} INFO - Filling up the DagBag from /home/airflow/sandbox/lib/python3.8/site-packages/airflow/example_dags/example_latest_only.py
[2021-09-23 23:49:21,300] {scheduler_job.py:643} INFO - DAG(s) dict_keys(['latest_only']) retrieved from /home/airflow/sandbox/lib/python3.8/site-packages/airflow/example_dags/example_latest_only.py
[2021-09-23 23:49:21,314] {logging_mixin.py:104} INFO - [2021-09-23 23:49:21,314] {dag.py:1832} INFO - Sync 1 DAGs
[2021-09-23 23:49:21,331] {logging_mixin.py:104} INFO - [2021-09-23 23:49:21,331] {dag.py:2305} INFO - Setting next_dagrun for latest_only to 2021-09-21 00:00:00+00:00
[2021-09-23 23:49:21,353] {scheduler_job.py:190} INFO - Processing /home/airflow/sandbox/lib/python3.8/site-packages/airflow/example_dags/example_latest_only.py took 0.067 seconds
[2021-09-23 23:49:56,925] {scheduler_job.py:182} INFO - Started process (PID=9728) to work on /home/airflow/sandbox/lib/python3.8/site-packages/airflow/example_dags/example_latest_only.py
[2021-09-23 23:49:56,927] {scheduler_job.py:633} INFO - Processing file /home/airflow/sandbox/lib/python3.8/site-packages/airflow/example_dags/example_latest_only.py for tasks to queue
[2021-09-23 23:49:56,927] {logging_mixin.py:104} INFO - [2021-09-23 23:49:56,927] {dagbag.py:487} INFO - Filling up the DagBag from /home/airflow/sandbox/lib/python3.8/site-packages/airflow/example_dags/example_latest_only.py
[2021-09-23 23:49:56,943] {scheduler_job.py:643} INFO - DAG(s) dict_keys(['latest_only']) retrieved from /home/airflow/sandbox/lib/python3.8/site-packages/airflow/example_dags/example_latest_only.py
[2021-09-23 23:49:56,955] {logging_mixin.py:104} INFO - [2021-09-23 23:49:56,954] {dag.py:1832} INFO - Sync 1 DAGs
[2021-09-23 23:49:56,968] {logging_mixin.py:104} INFO - [2021-09-23 23:49:56,968] {dag.py:2305} INFO - Setting next_dagrun for latest_only to 2021-09-21 00:00:00+00:00
[2021-09-23 23:49:56,985] {scheduler_job.py:190} INFO - Processing /home/airflow/sandbox/lib/python3.8/site-packages/airflow/example_dags/example_latest_only.py took 0.064 seconds
[2021-09-23 23:50:29,474] {scheduler_job.py:182} INFO - Started process (PID=9762) to work on /home/airflow/sandbox/lib/python3.8/site-packages/airflow/example_dags/example_latest_only.py
[2021-09-23 23:50:29,476] {scheduler_job.py:633} INFO - Processing file /home/airflow/sandbox/lib/python3.8/site-packages/airflow/example_dags/example_latest_only.py for tasks to queue
[2021-09-23 23:50:29,477] {logging_mixin.py:104} INFO - [2021-09-23 23:50:29,477] {dagbag.py:487} INFO - Filling up the DagBag from /home/airflow/sandbox/lib/python3.8/site-packages/airflow/example_dags/example_latest_only.py
[2021-09-23 23:50:29,491] {scheduler_job.py:643} INFO - DAG(s) dict_keys(['latest_only']) retrieved from /home/airflow/sandbox/lib/python3.8/site-packages/airflow/example_dags/example_latest_only.py
[2021-09-23 23:50:29,506] {logging_mixin.py:104} INFO - [2021-09-23 23:50:29,506] {dag.py:1832} INFO - Sync 1 DAGs
[2021-09-23 23:50:29,517] {logging_mixin.py:104} INFO - [2021-09-23 23:50:29,517] {dag.py:2305} INFO - Setting next_dagrun for latest_only to 2021-09-21 00:00:00+00:00
[2021-09-23 23:50:29,539] {scheduler_job.py:190} INFO - Processing /home/airflow/sandbox/lib/python3.8/site-packages/airflow/example_dags/example_latest_only.py took 0.067 seconds
[2021-09-23 23:51:04,631] {scheduler_job.py:182} INFO - Started process (PID=9795) to work on /home/airflow/sandbox/lib/python3.8/site-packages/airflow/example_dags/example_latest_only.py
[2021-09-23 23:51:04,632] {scheduler_job.py:633} INFO - Processing file /home/airflow/sandbox/lib/python3.8/site-packages/airflow/example_dags/example_latest_only.py for tasks to queue
[2021-09-23 23:51:04,633] {logging_mixin.py:104} INFO - [2021-09-23 23:51:04,633] {dagbag.py:487} INFO - Filling up the DagBag from /home/airflow/sandbox/lib/python3.8/site-packages/airflow/example_dags/example_latest_only.py
[2021-09-23 23:51:04,642] {scheduler_job.py:643} INFO - DAG(s) dict_keys(['latest_only']) retrieved from /home/airflow/sandbox/lib/python3.8/site-packages/airflow/example_dags/example_latest_only.py
[2021-09-23 23:51:04,661] {logging_mixin.py:104} INFO - [2021-09-23 23:51:04,660] {dag.py:1832} INFO - Sync 1 DAGs
[2021-09-23 23:51:04,673] {logging_mixin.py:104} INFO - [2021-09-23 23:51:04,673] {dag.py:2305} INFO - Setting next_dagrun for latest_only to 2021-09-21 00:00:00+00:00
[2021-09-23 23:51:04,691] {scheduler_job.py:190} INFO - Processing /home/airflow/sandbox/lib/python3.8/site-packages/airflow/example_dags/example_latest_only.py took 0.063 seconds
[2021-09-23 23:51:38,694] {scheduler_job.py:182} INFO - Started process (PID=9871) to work on /home/airflow/sandbox/lib/python3.8/site-packages/airflow/example_dags/example_latest_only.py
[2021-09-23 23:51:38,695] {scheduler_job.py:633} INFO - Processing file /home/airflow/sandbox/lib/python3.8/site-packages/airflow/example_dags/example_latest_only.py for tasks to queue
[2021-09-23 23:51:38,696] {logging_mixin.py:104} INFO - [2021-09-23 23:51:38,696] {dagbag.py:487} INFO - Filling up the DagBag from /home/airflow/sandbox/lib/python3.8/site-packages/airflow/example_dags/example_latest_only.py
[2021-09-23 23:51:38,707] {scheduler_job.py:643} INFO - DAG(s) dict_keys(['latest_only']) retrieved from /home/airflow/sandbox/lib/python3.8/site-packages/airflow/example_dags/example_latest_only.py
[2021-09-23 23:51:38,723] {logging_mixin.py:104} INFO - [2021-09-23 23:51:38,723] {dag.py:1832} INFO - Sync 1 DAGs
[2021-09-23 23:51:38,733] {logging_mixin.py:104} INFO - [2021-09-23 23:51:38,733] {dag.py:2305} INFO - Setting next_dagrun for latest_only to 2021-09-21 00:00:00+00:00
[2021-09-23 23:51:38,753] {scheduler_job.py:190} INFO - Processing /home/airflow/sandbox/lib/python3.8/site-packages/airflow/example_dags/example_latest_only.py took 0.062 seconds
[2021-09-23 23:52:12,593] {scheduler_job.py:182} INFO - Started process (PID=9903) to work on /home/airflow/sandbox/lib/python3.8/site-packages/airflow/example_dags/example_latest_only.py
[2021-09-23 23:52:12,594] {scheduler_job.py:633} INFO - Processing file /home/airflow/sandbox/lib/python3.8/site-packages/airflow/example_dags/example_latest_only.py for tasks to queue
[2021-09-23 23:52:12,595] {logging_mixin.py:104} INFO - [2021-09-23 23:52:12,594] {dagbag.py:487} INFO - Filling up the DagBag from /home/airflow/sandbox/lib/python3.8/site-packages/airflow/example_dags/example_latest_only.py
[2021-09-23 23:52:12,605] {scheduler_job.py:643} INFO - DAG(s) dict_keys(['latest_only']) retrieved from /home/airflow/sandbox/lib/python3.8/site-packages/airflow/example_dags/example_latest_only.py
[2021-09-23 23:52:12,622] {logging_mixin.py:104} INFO - [2021-09-23 23:52:12,619] {dag.py:1832} INFO - Sync 1 DAGs
[2021-09-23 23:52:12,633] {logging_mixin.py:104} INFO - [2021-09-23 23:52:12,632] {dag.py:2305} INFO - Setting next_dagrun for latest_only to 2021-09-21 00:00:00+00:00
[2021-09-23 23:52:12,649] {scheduler_job.py:190} INFO - Processing /home/airflow/sandbox/lib/python3.8/site-packages/airflow/example_dags/example_latest_only.py took 0.061 seconds
[2021-09-23 23:52:44,677] {scheduler_job.py:182} INFO - Started process (PID=9936) to work on /home/airflow/sandbox/lib/python3.8/site-packages/airflow/example_dags/example_latest_only.py
[2021-09-23 23:52:44,678] {scheduler_job.py:633} INFO - Processing file /home/airflow/sandbox/lib/python3.8/site-packages/airflow/example_dags/example_latest_only.py for tasks to queue
[2021-09-23 23:52:44,678] {logging_mixin.py:104} INFO - [2021-09-23 23:52:44,678] {dagbag.py:487} INFO - Filling up the DagBag from /home/airflow/sandbox/lib/python3.8/site-packages/airflow/example_dags/example_latest_only.py
[2021-09-23 23:52:44,694] {scheduler_job.py:643} INFO - DAG(s) dict_keys(['latest_only']) retrieved from /home/airflow/sandbox/lib/python3.8/site-packages/airflow/example_dags/example_latest_only.py
[2021-09-23 23:52:44,707] {logging_mixin.py:104} INFO - [2021-09-23 23:52:44,707] {dag.py:1832} INFO - Sync 1 DAGs
[2021-09-23 23:52:44,720] {logging_mixin.py:104} INFO - [2021-09-23 23:52:44,720] {dag.py:2305} INFO - Setting next_dagrun for latest_only to 2021-09-21 00:00:00+00:00
[2021-09-23 23:52:44,740] {scheduler_job.py:190} INFO - Processing /home/airflow/sandbox/lib/python3.8/site-packages/airflow/example_dags/example_latest_only.py took 0.065 seconds
[2021-09-23 23:53:17,857] {scheduler_job.py:182} INFO - Started process (PID=9967) to work on /home/airflow/sandbox/lib/python3.8/site-packages/airflow/example_dags/example_latest_only.py
[2021-09-23 23:53:17,858] {scheduler_job.py:633} INFO - Processing file /home/airflow/sandbox/lib/python3.8/site-packages/airflow/example_dags/example_latest_only.py for tasks to queue
[2021-09-23 23:53:17,858] {logging_mixin.py:104} INFO - [2021-09-23 23:53:17,858] {dagbag.py:487} INFO - Filling up the DagBag from /home/airflow/sandbox/lib/python3.8/site-packages/airflow/example_dags/example_latest_only.py
[2021-09-23 23:53:17,867] {scheduler_job.py:643} INFO - DAG(s) dict_keys(['latest_only']) retrieved from /home/airflow/sandbox/lib/python3.8/site-packages/airflow/example_dags/example_latest_only.py
[2021-09-23 23:53:17,880] {logging_mixin.py:104} INFO - [2021-09-23 23:53:17,880] {dag.py:1832} INFO - Sync 1 DAGs
[2021-09-23 23:53:17,892] {logging_mixin.py:104} INFO - [2021-09-23 23:53:17,892] {dag.py:2305} INFO - Setting next_dagrun for latest_only to 2021-09-21 00:00:00+00:00
[2021-09-23 23:53:17,912] {scheduler_job.py:190} INFO - Processing /home/airflow/sandbox/lib/python3.8/site-packages/airflow/example_dags/example_latest_only.py took 0.059 seconds
[2021-09-23 23:53:52,345] {scheduler_job.py:182} INFO - Started process (PID=10001) to work on /home/airflow/sandbox/lib/python3.8/site-packages/airflow/example_dags/example_latest_only.py
[2021-09-23 23:53:52,346] {scheduler_job.py:633} INFO - Processing file /home/airflow/sandbox/lib/python3.8/site-packages/airflow/example_dags/example_latest_only.py for tasks to queue
[2021-09-23 23:53:52,347] {logging_mixin.py:104} INFO - [2021-09-23 23:53:52,346] {dagbag.py:487} INFO - Filling up the DagBag from /home/airflow/sandbox/lib/python3.8/site-packages/airflow/example_dags/example_latest_only.py
[2021-09-23 23:53:52,358] {scheduler_job.py:643} INFO - DAG(s) dict_keys(['latest_only']) retrieved from /home/airflow/sandbox/lib/python3.8/site-packages/airflow/example_dags/example_latest_only.py
[2021-09-23 23:53:52,375] {logging_mixin.py:104} INFO - [2021-09-23 23:53:52,375] {dag.py:1832} INFO - Sync 1 DAGs
[2021-09-23 23:53:52,385] {logging_mixin.py:104} INFO - [2021-09-23 23:53:52,385] {dag.py:2305} INFO - Setting next_dagrun for latest_only to 2021-09-21 00:00:00+00:00
[2021-09-23 23:53:52,410] {scheduler_job.py:190} INFO - Processing /home/airflow/sandbox/lib/python3.8/site-packages/airflow/example_dags/example_latest_only.py took 0.067 seconds
[2021-09-23 23:54:27,238] {scheduler_job.py:182} INFO - Started process (PID=10033) to work on /home/airflow/sandbox/lib/python3.8/site-packages/airflow/example_dags/example_latest_only.py
[2021-09-23 23:54:27,239] {scheduler_job.py:633} INFO - Processing file /home/airflow/sandbox/lib/python3.8/site-packages/airflow/example_dags/example_latest_only.py for tasks to queue
[2021-09-23 23:54:27,240] {logging_mixin.py:104} INFO - [2021-09-23 23:54:27,240] {dagbag.py:487} INFO - Filling up the DagBag from /home/airflow/sandbox/lib/python3.8/site-packages/airflow/example_dags/example_latest_only.py
[2021-09-23 23:54:27,252] {scheduler_job.py:643} INFO - DAG(s) dict_keys(['latest_only']) retrieved from /home/airflow/sandbox/lib/python3.8/site-packages/airflow/example_dags/example_latest_only.py
[2021-09-23 23:54:27,272] {logging_mixin.py:104} INFO - [2021-09-23 23:54:27,272] {dag.py:1832} INFO - Sync 1 DAGs
[2021-09-23 23:54:27,284] {logging_mixin.py:104} INFO - [2021-09-23 23:54:27,284] {dag.py:2305} INFO - Setting next_dagrun for latest_only to 2021-09-21 00:00:00+00:00
[2021-09-23 23:54:27,305] {scheduler_job.py:190} INFO - Processing /home/airflow/sandbox/lib/python3.8/site-packages/airflow/example_dags/example_latest_only.py took 0.072 seconds
[2021-09-23 23:54:59,760] {scheduler_job.py:182} INFO - Started process (PID=10064) to work on /home/airflow/sandbox/lib/python3.8/site-packages/airflow/example_dags/example_latest_only.py
[2021-09-23 23:54:59,761] {scheduler_job.py:633} INFO - Processing file /home/airflow/sandbox/lib/python3.8/site-packages/airflow/example_dags/example_latest_only.py for tasks to queue
[2021-09-23 23:54:59,761] {logging_mixin.py:104} INFO - [2021-09-23 23:54:59,761] {dagbag.py:487} INFO - Filling up the DagBag from /home/airflow/sandbox/lib/python3.8/site-packages/airflow/example_dags/example_latest_only.py
[2021-09-23 23:54:59,771] {scheduler_job.py:643} INFO - DAG(s) dict_keys(['latest_only']) retrieved from /home/airflow/sandbox/lib/python3.8/site-packages/airflow/example_dags/example_latest_only.py
[2021-09-23 23:54:59,783] {logging_mixin.py:104} INFO - [2021-09-23 23:54:59,783] {dag.py:1832} INFO - Sync 1 DAGs
[2021-09-23 23:54:59,793] {logging_mixin.py:104} INFO - [2021-09-23 23:54:59,793] {dag.py:2305} INFO - Setting next_dagrun for latest_only to 2021-09-21 00:00:00+00:00
[2021-09-23 23:54:59,808] {scheduler_job.py:190} INFO - Processing /home/airflow/sandbox/lib/python3.8/site-packages/airflow/example_dags/example_latest_only.py took 0.052 seconds
[2021-09-23 23:55:33,081] {scheduler_job.py:182} INFO - Started process (PID=10179) to work on /home/airflow/sandbox/lib/python3.8/site-packages/airflow/example_dags/example_latest_only.py
[2021-09-23 23:55:33,083] {scheduler_job.py:633} INFO - Processing file /home/airflow/sandbox/lib/python3.8/site-packages/airflow/example_dags/example_latest_only.py for tasks to queue
[2021-09-23 23:55:33,083] {logging_mixin.py:104} INFO - [2021-09-23 23:55:33,083] {dagbag.py:487} INFO - Filling up the DagBag from /home/airflow/sandbox/lib/python3.8/site-packages/airflow/example_dags/example_latest_only.py
[2021-09-23 23:55:33,095] {scheduler_job.py:643} INFO - DAG(s) dict_keys(['latest_only']) retrieved from /home/airflow/sandbox/lib/python3.8/site-packages/airflow/example_dags/example_latest_only.py
[2021-09-23 23:55:33,109] {logging_mixin.py:104} INFO - [2021-09-23 23:55:33,109] {dag.py:1832} INFO - Sync 1 DAGs
[2021-09-23 23:55:33,121] {logging_mixin.py:104} INFO - [2021-09-23 23:55:33,121] {dag.py:2305} INFO - Setting next_dagrun for latest_only to 2021-09-21 00:00:00+00:00
[2021-09-23 23:55:33,140] {scheduler_job.py:190} INFO - Processing /home/airflow/sandbox/lib/python3.8/site-packages/airflow/example_dags/example_latest_only.py took 0.062 seconds
[2021-09-23 23:56:08,730] {scheduler_job.py:182} INFO - Started process (PID=10213) to work on /home/airflow/sandbox/lib/python3.8/site-packages/airflow/example_dags/example_latest_only.py
[2021-09-23 23:56:08,731] {scheduler_job.py:633} INFO - Processing file /home/airflow/sandbox/lib/python3.8/site-packages/airflow/example_dags/example_latest_only.py for tasks to queue
[2021-09-23 23:56:08,731] {logging_mixin.py:104} INFO - [2021-09-23 23:56:08,731] {dagbag.py:487} INFO - Filling up the DagBag from /home/airflow/sandbox/lib/python3.8/site-packages/airflow/example_dags/example_latest_only.py
[2021-09-23 23:56:08,740] {scheduler_job.py:643} INFO - DAG(s) dict_keys(['latest_only']) retrieved from /home/airflow/sandbox/lib/python3.8/site-packages/airflow/example_dags/example_latest_only.py
[2021-09-23 23:56:08,753] {logging_mixin.py:104} INFO - [2021-09-23 23:56:08,753] {dag.py:1832} INFO - Sync 1 DAGs
[2021-09-23 23:56:08,766] {logging_mixin.py:104} INFO - [2021-09-23 23:56:08,766] {dag.py:2305} INFO - Setting next_dagrun for latest_only to 2021-09-21 00:00:00+00:00
[2021-09-23 23:56:08,789] {scheduler_job.py:190} INFO - Processing /home/airflow/sandbox/lib/python3.8/site-packages/airflow/example_dags/example_latest_only.py took 0.062 seconds
[2021-09-23 23:56:43,723] {scheduler_job.py:182} INFO - Started process (PID=10289) to work on /home/airflow/sandbox/lib/python3.8/site-packages/airflow/example_dags/example_latest_only.py
[2021-09-23 23:56:43,724] {scheduler_job.py:633} INFO - Processing file /home/airflow/sandbox/lib/python3.8/site-packages/airflow/example_dags/example_latest_only.py for tasks to queue
[2021-09-23 23:56:43,724] {logging_mixin.py:104} INFO - [2021-09-23 23:56:43,724] {dagbag.py:487} INFO - Filling up the DagBag from /home/airflow/sandbox/lib/python3.8/site-packages/airflow/example_dags/example_latest_only.py
[2021-09-23 23:56:43,736] {scheduler_job.py:643} INFO - DAG(s) dict_keys(['latest_only']) retrieved from /home/airflow/sandbox/lib/python3.8/site-packages/airflow/example_dags/example_latest_only.py
[2021-09-23 23:56:43,750] {logging_mixin.py:104} INFO - [2021-09-23 23:56:43,750] {dag.py:1832} INFO - Sync 1 DAGs
[2021-09-23 23:56:43,767] {logging_mixin.py:104} INFO - [2021-09-23 23:56:43,767] {dag.py:2305} INFO - Setting next_dagrun for latest_only to 2021-09-21 00:00:00+00:00
[2021-09-23 23:56:43,789] {scheduler_job.py:190} INFO - Processing /home/airflow/sandbox/lib/python3.8/site-packages/airflow/example_dags/example_latest_only.py took 0.068 seconds
[2021-09-23 23:57:17,735] {scheduler_job.py:182} INFO - Started process (PID=10602) to work on /home/airflow/sandbox/lib/python3.8/site-packages/airflow/example_dags/example_latest_only.py
[2021-09-23 23:57:17,736] {scheduler_job.py:633} INFO - Processing file /home/airflow/sandbox/lib/python3.8/site-packages/airflow/example_dags/example_latest_only.py for tasks to queue
[2021-09-23 23:57:17,737] {logging_mixin.py:104} INFO - [2021-09-23 23:57:17,737] {dagbag.py:487} INFO - Filling up the DagBag from /home/airflow/sandbox/lib/python3.8/site-packages/airflow/example_dags/example_latest_only.py
[2021-09-23 23:57:17,747] {scheduler_job.py:643} INFO - DAG(s) dict_keys(['latest_only']) retrieved from /home/airflow/sandbox/lib/python3.8/site-packages/airflow/example_dags/example_latest_only.py
[2021-09-23 23:57:17,764] {logging_mixin.py:104} INFO - [2021-09-23 23:57:17,764] {dag.py:1832} INFO - Sync 1 DAGs
[2021-09-23 23:57:17,777] {logging_mixin.py:104} INFO - [2021-09-23 23:57:17,777] {dag.py:2305} INFO - Setting next_dagrun for latest_only to 2021-09-21 00:00:00+00:00
[2021-09-23 23:57:17,809] {scheduler_job.py:190} INFO - Processing /home/airflow/sandbox/lib/python3.8/site-packages/airflow/example_dags/example_latest_only.py took 0.080 seconds
[2021-09-23 23:58:01,874] {scheduler_job.py:182} INFO - Started process (PID=10847) to work on /home/airflow/sandbox/lib/python3.8/site-packages/airflow/example_dags/example_latest_only.py
[2021-09-23 23:58:01,886] {scheduler_job.py:633} INFO - Processing file /home/airflow/sandbox/lib/python3.8/site-packages/airflow/example_dags/example_latest_only.py for tasks to queue
[2021-09-23 23:58:01,887] {logging_mixin.py:104} INFO - [2021-09-23 23:58:01,887] {dagbag.py:487} INFO - Filling up the DagBag from /home/airflow/sandbox/lib/python3.8/site-packages/airflow/example_dags/example_latest_only.py
[2021-09-23 23:58:01,895] {scheduler_job.py:643} INFO - DAG(s) dict_keys(['latest_only']) retrieved from /home/airflow/sandbox/lib/python3.8/site-packages/airflow/example_dags/example_latest_only.py
[2021-09-23 23:58:01,931] {logging_mixin.py:104} INFO - [2021-09-23 23:58:01,931] {dag.py:1832} INFO - Sync 1 DAGs
[2021-09-23 23:58:01,951] {logging_mixin.py:104} INFO - [2021-09-23 23:58:01,951] {dag.py:2305} INFO - Setting next_dagrun for latest_only to 2021-09-21 00:00:00+00:00
[2021-09-23 23:58:01,984] {scheduler_job.py:190} INFO - Processing /home/airflow/sandbox/lib/python3.8/site-packages/airflow/example_dags/example_latest_only.py took 0.112 seconds
[2021-09-23 23:58:38,159] {scheduler_job.py:182} INFO - Started process (PID=10886) to work on /home/airflow/sandbox/lib/python3.8/site-packages/airflow/example_dags/example_latest_only.py
[2021-09-23 23:58:38,160] {scheduler_job.py:633} INFO - Processing file /home/airflow/sandbox/lib/python3.8/site-packages/airflow/example_dags/example_latest_only.py for tasks to queue
[2021-09-23 23:58:38,160] {logging_mixin.py:104} INFO - [2021-09-23 23:58:38,160] {dagbag.py:487} INFO - Filling up the DagBag from /home/airflow/sandbox/lib/python3.8/site-packages/airflow/example_dags/example_latest_only.py
[2021-09-23 23:58:38,172] {scheduler_job.py:643} INFO - DAG(s) dict_keys(['latest_only']) retrieved from /home/airflow/sandbox/lib/python3.8/site-packages/airflow/example_dags/example_latest_only.py
[2021-09-23 23:58:38,185] {logging_mixin.py:104} INFO - [2021-09-23 23:58:38,185] {dag.py:1832} INFO - Sync 1 DAGs
[2021-09-23 23:58:38,200] {logging_mixin.py:104} INFO - [2021-09-23 23:58:38,200] {dag.py:2305} INFO - Setting next_dagrun for latest_only to 2021-09-21 00:00:00+00:00
[2021-09-23 23:58:38,225] {scheduler_job.py:190} INFO - Processing /home/airflow/sandbox/lib/python3.8/site-packages/airflow/example_dags/example_latest_only.py took 0.068 seconds
[2021-09-23 23:59:16,123] {scheduler_job.py:182} INFO - Started process (PID=10921) to work on /home/airflow/sandbox/lib/python3.8/site-packages/airflow/example_dags/example_latest_only.py
[2021-09-23 23:59:16,126] {scheduler_job.py:633} INFO - Processing file /home/airflow/sandbox/lib/python3.8/site-packages/airflow/example_dags/example_latest_only.py for tasks to queue
[2021-09-23 23:59:16,129] {logging_mixin.py:104} INFO - [2021-09-23 23:59:16,127] {dagbag.py:487} INFO - Filling up the DagBag from /home/airflow/sandbox/lib/python3.8/site-packages/airflow/example_dags/example_latest_only.py
[2021-09-23 23:59:16,140] {scheduler_job.py:643} INFO - DAG(s) dict_keys(['latest_only']) retrieved from /home/airflow/sandbox/lib/python3.8/site-packages/airflow/example_dags/example_latest_only.py
[2021-09-23 23:59:16,158] {logging_mixin.py:104} INFO - [2021-09-23 23:59:16,158] {dag.py:1832} INFO - Sync 1 DAGs
[2021-09-23 23:59:16,174] {logging_mixin.py:104} INFO - [2021-09-23 23:59:16,174] {dag.py:2305} INFO - Setting next_dagrun for latest_only to 2021-09-21 00:00:00+00:00
[2021-09-23 23:59:16,200] {scheduler_job.py:190} INFO - Processing /home/airflow/sandbox/lib/python3.8/site-packages/airflow/example_dags/example_latest_only.py took 0.080 seconds
[2021-09-23 23:59:51,050] {scheduler_job.py:182} INFO - Started process (PID=10955) to work on /home/airflow/sandbox/lib/python3.8/site-packages/airflow/example_dags/example_latest_only.py
[2021-09-23 23:59:51,051] {scheduler_job.py:633} INFO - Processing file /home/airflow/sandbox/lib/python3.8/site-packages/airflow/example_dags/example_latest_only.py for tasks to queue
[2021-09-23 23:59:51,052] {logging_mixin.py:104} INFO - [2021-09-23 23:59:51,052] {dagbag.py:487} INFO - Filling up the DagBag from /home/airflow/sandbox/lib/python3.8/site-packages/airflow/example_dags/example_latest_only.py
[2021-09-23 23:59:51,061] {scheduler_job.py:643} INFO - DAG(s) dict_keys(['latest_only']) retrieved from /home/airflow/sandbox/lib/python3.8/site-packages/airflow/example_dags/example_latest_only.py
[2021-09-23 23:59:51,078] {logging_mixin.py:104} INFO - [2021-09-23 23:59:51,078] {dag.py:1832} INFO - Sync 1 DAGs
[2021-09-23 23:59:51,091] {logging_mixin.py:104} INFO - [2021-09-23 23:59:51,091] {dag.py:2305} INFO - Setting next_dagrun for latest_only to 2021-09-21 00:00:00+00:00
[2021-09-23 23:59:51,114] {scheduler_job.py:190} INFO - Processing /home/airflow/sandbox/lib/python3.8/site-packages/airflow/example_dags/example_latest_only.py took 0.069 seconds
