[2021-09-23 22:53:15,260] {scheduler_job.py:182} INFO - Started process (PID=4120) to work on /home/airflow/sandbox/lib/python3.8/site-packages/airflow/example_dags/example_trigger_controller_dag.py
[2021-09-23 22:53:15,261] {scheduler_job.py:633} INFO - Processing file /home/airflow/sandbox/lib/python3.8/site-packages/airflow/example_dags/example_trigger_controller_dag.py for tasks to queue
[2021-09-23 22:53:15,262] {logging_mixin.py:104} INFO - [2021-09-23 22:53:15,262] {dagbag.py:487} INFO - Filling up the DagBag from /home/airflow/sandbox/lib/python3.8/site-packages/airflow/example_dags/example_trigger_controller_dag.py
[2021-09-23 22:53:15,273] {scheduler_job.py:643} INFO - DAG(s) dict_keys(['example_trigger_controller_dag']) retrieved from /home/airflow/sandbox/lib/python3.8/site-packages/airflow/example_dags/example_trigger_controller_dag.py
[2021-09-23 22:53:15,589] {logging_mixin.py:104} INFO - [2021-09-23 22:53:15,589] {dag.py:1832} INFO - Sync 1 DAGs
[2021-09-23 22:53:15,599] {logging_mixin.py:104} INFO - [2021-09-23 22:53:15,599] {dag.py:2305} INFO - Setting next_dagrun for example_trigger_controller_dag to 2021-09-21 00:00:00+00:00
[2021-09-23 22:53:15,624] {scheduler_job.py:190} INFO - Processing /home/airflow/sandbox/lib/python3.8/site-packages/airflow/example_dags/example_trigger_controller_dag.py took 0.366 seconds
[2021-09-23 22:57:45,287] {scheduler_job.py:182} INFO - Started process (PID=5991) to work on /home/airflow/sandbox/lib/python3.8/site-packages/airflow/example_dags/example_trigger_controller_dag.py
[2021-09-23 22:57:45,288] {scheduler_job.py:633} INFO - Processing file /home/airflow/sandbox/lib/python3.8/site-packages/airflow/example_dags/example_trigger_controller_dag.py for tasks to queue
[2021-09-23 22:57:45,289] {logging_mixin.py:104} INFO - [2021-09-23 22:57:45,289] {dagbag.py:487} INFO - Filling up the DagBag from /home/airflow/sandbox/lib/python3.8/site-packages/airflow/example_dags/example_trigger_controller_dag.py
[2021-09-23 22:57:45,303] {scheduler_job.py:643} INFO - DAG(s) dict_keys(['example_trigger_controller_dag']) retrieved from /home/airflow/sandbox/lib/python3.8/site-packages/airflow/example_dags/example_trigger_controller_dag.py
[2021-09-23 22:57:45,317] {logging_mixin.py:104} INFO - [2021-09-23 22:57:45,317] {dag.py:1832} INFO - Sync 1 DAGs
[2021-09-23 22:57:45,332] {logging_mixin.py:104} INFO - [2021-09-23 22:57:45,332] {dag.py:2305} INFO - Setting next_dagrun for example_trigger_controller_dag to 2021-09-21 00:00:00+00:00
[2021-09-23 22:57:45,355] {scheduler_job.py:190} INFO - Processing /home/airflow/sandbox/lib/python3.8/site-packages/airflow/example_dags/example_trigger_controller_dag.py took 0.072 seconds
[2021-09-23 22:58:20,968] {scheduler_job.py:182} INFO - Started process (PID=6102) to work on /home/airflow/sandbox/lib/python3.8/site-packages/airflow/example_dags/example_trigger_controller_dag.py
[2021-09-23 22:58:20,970] {scheduler_job.py:633} INFO - Processing file /home/airflow/sandbox/lib/python3.8/site-packages/airflow/example_dags/example_trigger_controller_dag.py for tasks to queue
[2021-09-23 22:58:20,970] {logging_mixin.py:104} INFO - [2021-09-23 22:58:20,970] {dagbag.py:487} INFO - Filling up the DagBag from /home/airflow/sandbox/lib/python3.8/site-packages/airflow/example_dags/example_trigger_controller_dag.py
[2021-09-23 22:58:20,979] {scheduler_job.py:643} INFO - DAG(s) dict_keys(['example_trigger_controller_dag']) retrieved from /home/airflow/sandbox/lib/python3.8/site-packages/airflow/example_dags/example_trigger_controller_dag.py
[2021-09-23 22:58:20,992] {logging_mixin.py:104} INFO - [2021-09-23 22:58:20,992] {dag.py:1832} INFO - Sync 1 DAGs
[2021-09-23 22:58:21,004] {logging_mixin.py:104} INFO - [2021-09-23 22:58:21,004] {dag.py:2305} INFO - Setting next_dagrun for example_trigger_controller_dag to 2021-09-21 00:00:00+00:00
[2021-09-23 22:58:21,033] {scheduler_job.py:190} INFO - Processing /home/airflow/sandbox/lib/python3.8/site-packages/airflow/example_dags/example_trigger_controller_dag.py took 0.069 seconds
[2021-09-23 22:58:55,608] {scheduler_job.py:182} INFO - Started process (PID=6164) to work on /home/airflow/sandbox/lib/python3.8/site-packages/airflow/example_dags/example_trigger_controller_dag.py
[2021-09-23 22:58:55,609] {scheduler_job.py:633} INFO - Processing file /home/airflow/sandbox/lib/python3.8/site-packages/airflow/example_dags/example_trigger_controller_dag.py for tasks to queue
[2021-09-23 22:58:55,610] {logging_mixin.py:104} INFO - [2021-09-23 22:58:55,610] {dagbag.py:487} INFO - Filling up the DagBag from /home/airflow/sandbox/lib/python3.8/site-packages/airflow/example_dags/example_trigger_controller_dag.py
[2021-09-23 22:58:55,621] {scheduler_job.py:643} INFO - DAG(s) dict_keys(['example_trigger_controller_dag']) retrieved from /home/airflow/sandbox/lib/python3.8/site-packages/airflow/example_dags/example_trigger_controller_dag.py
[2021-09-23 22:58:55,635] {logging_mixin.py:104} INFO - [2021-09-23 22:58:55,635] {dag.py:1832} INFO - Sync 1 DAGs
[2021-09-23 22:58:55,647] {logging_mixin.py:104} INFO - [2021-09-23 22:58:55,647] {dag.py:2305} INFO - Setting next_dagrun for example_trigger_controller_dag to 2021-09-21 00:00:00+00:00
[2021-09-23 22:58:55,665] {scheduler_job.py:190} INFO - Processing /home/airflow/sandbox/lib/python3.8/site-packages/airflow/example_dags/example_trigger_controller_dag.py took 0.060 seconds
[2021-09-23 22:59:29,899] {scheduler_job.py:182} INFO - Started process (PID=6227) to work on /home/airflow/sandbox/lib/python3.8/site-packages/airflow/example_dags/example_trigger_controller_dag.py
[2021-09-23 22:59:29,902] {scheduler_job.py:633} INFO - Processing file /home/airflow/sandbox/lib/python3.8/site-packages/airflow/example_dags/example_trigger_controller_dag.py for tasks to queue
[2021-09-23 22:59:29,902] {logging_mixin.py:104} INFO - [2021-09-23 22:59:29,902] {dagbag.py:487} INFO - Filling up the DagBag from /home/airflow/sandbox/lib/python3.8/site-packages/airflow/example_dags/example_trigger_controller_dag.py
[2021-09-23 22:59:29,912] {scheduler_job.py:643} INFO - DAG(s) dict_keys(['example_trigger_controller_dag']) retrieved from /home/airflow/sandbox/lib/python3.8/site-packages/airflow/example_dags/example_trigger_controller_dag.py
[2021-09-23 22:59:29,924] {logging_mixin.py:104} INFO - [2021-09-23 22:59:29,924] {dag.py:1832} INFO - Sync 1 DAGs
[2021-09-23 22:59:29,937] {logging_mixin.py:104} INFO - [2021-09-23 22:59:29,937] {dag.py:2305} INFO - Setting next_dagrun for example_trigger_controller_dag to 2021-09-21 00:00:00+00:00
[2021-09-23 22:59:29,955] {scheduler_job.py:190} INFO - Processing /home/airflow/sandbox/lib/python3.8/site-packages/airflow/example_dags/example_trigger_controller_dag.py took 0.060 seconds
[2021-09-23 23:00:05,230] {scheduler_job.py:182} INFO - Started process (PID=6260) to work on /home/airflow/sandbox/lib/python3.8/site-packages/airflow/example_dags/example_trigger_controller_dag.py
[2021-09-23 23:00:05,231] {scheduler_job.py:633} INFO - Processing file /home/airflow/sandbox/lib/python3.8/site-packages/airflow/example_dags/example_trigger_controller_dag.py for tasks to queue
[2021-09-23 23:00:05,232] {logging_mixin.py:104} INFO - [2021-09-23 23:00:05,232] {dagbag.py:487} INFO - Filling up the DagBag from /home/airflow/sandbox/lib/python3.8/site-packages/airflow/example_dags/example_trigger_controller_dag.py
[2021-09-23 23:00:05,244] {scheduler_job.py:643} INFO - DAG(s) dict_keys(['example_trigger_controller_dag']) retrieved from /home/airflow/sandbox/lib/python3.8/site-packages/airflow/example_dags/example_trigger_controller_dag.py
[2021-09-23 23:00:05,264] {logging_mixin.py:104} INFO - [2021-09-23 23:00:05,264] {dag.py:1832} INFO - Sync 1 DAGs
[2021-09-23 23:00:05,279] {logging_mixin.py:104} INFO - [2021-09-23 23:00:05,279] {dag.py:2305} INFO - Setting next_dagrun for example_trigger_controller_dag to 2021-09-21 00:00:00+00:00
[2021-09-23 23:00:05,299] {scheduler_job.py:190} INFO - Processing /home/airflow/sandbox/lib/python3.8/site-packages/airflow/example_dags/example_trigger_controller_dag.py took 0.074 seconds
[2021-09-23 23:00:38,817] {scheduler_job.py:182} INFO - Started process (PID=6334) to work on /home/airflow/sandbox/lib/python3.8/site-packages/airflow/example_dags/example_trigger_controller_dag.py
[2021-09-23 23:00:38,818] {scheduler_job.py:633} INFO - Processing file /home/airflow/sandbox/lib/python3.8/site-packages/airflow/example_dags/example_trigger_controller_dag.py for tasks to queue
[2021-09-23 23:00:38,818] {logging_mixin.py:104} INFO - [2021-09-23 23:00:38,818] {dagbag.py:487} INFO - Filling up the DagBag from /home/airflow/sandbox/lib/python3.8/site-packages/airflow/example_dags/example_trigger_controller_dag.py
[2021-09-23 23:00:38,828] {scheduler_job.py:643} INFO - DAG(s) dict_keys(['example_trigger_controller_dag']) retrieved from /home/airflow/sandbox/lib/python3.8/site-packages/airflow/example_dags/example_trigger_controller_dag.py
[2021-09-23 23:00:38,841] {logging_mixin.py:104} INFO - [2021-09-23 23:00:38,841] {dag.py:1832} INFO - Sync 1 DAGs
[2021-09-23 23:00:38,854] {logging_mixin.py:104} INFO - [2021-09-23 23:00:38,854] {dag.py:2305} INFO - Setting next_dagrun for example_trigger_controller_dag to 2021-09-21 00:00:00+00:00
[2021-09-23 23:00:38,874] {scheduler_job.py:190} INFO - Processing /home/airflow/sandbox/lib/python3.8/site-packages/airflow/example_dags/example_trigger_controller_dag.py took 0.064 seconds
[2021-09-23 23:01:17,453] {scheduler_job.py:182} INFO - Started process (PID=6369) to work on /home/airflow/sandbox/lib/python3.8/site-packages/airflow/example_dags/example_trigger_controller_dag.py
[2021-09-23 23:01:17,455] {scheduler_job.py:633} INFO - Processing file /home/airflow/sandbox/lib/python3.8/site-packages/airflow/example_dags/example_trigger_controller_dag.py for tasks to queue
[2021-09-23 23:01:17,455] {logging_mixin.py:104} INFO - [2021-09-23 23:01:17,455] {dagbag.py:487} INFO - Filling up the DagBag from /home/airflow/sandbox/lib/python3.8/site-packages/airflow/example_dags/example_trigger_controller_dag.py
[2021-09-23 23:01:17,464] {scheduler_job.py:643} INFO - DAG(s) dict_keys(['example_trigger_controller_dag']) retrieved from /home/airflow/sandbox/lib/python3.8/site-packages/airflow/example_dags/example_trigger_controller_dag.py
[2021-09-23 23:01:17,485] {logging_mixin.py:104} INFO - [2021-09-23 23:01:17,485] {dag.py:1832} INFO - Sync 1 DAGs
[2021-09-23 23:01:17,495] {logging_mixin.py:104} INFO - [2021-09-23 23:01:17,495] {dag.py:2305} INFO - Setting next_dagrun for example_trigger_controller_dag to 2021-09-21 00:00:00+00:00
[2021-09-23 23:01:17,520] {scheduler_job.py:190} INFO - Processing /home/airflow/sandbox/lib/python3.8/site-packages/airflow/example_dags/example_trigger_controller_dag.py took 0.069 seconds
[2021-09-23 23:01:52,788] {scheduler_job.py:182} INFO - Started process (PID=6447) to work on /home/airflow/sandbox/lib/python3.8/site-packages/airflow/example_dags/example_trigger_controller_dag.py
[2021-09-23 23:01:52,789] {scheduler_job.py:633} INFO - Processing file /home/airflow/sandbox/lib/python3.8/site-packages/airflow/example_dags/example_trigger_controller_dag.py for tasks to queue
[2021-09-23 23:01:52,797] {logging_mixin.py:104} INFO - [2021-09-23 23:01:52,797] {dagbag.py:487} INFO - Filling up the DagBag from /home/airflow/sandbox/lib/python3.8/site-packages/airflow/example_dags/example_trigger_controller_dag.py
[2021-09-23 23:01:52,825] {scheduler_job.py:643} INFO - DAG(s) dict_keys(['example_trigger_controller_dag']) retrieved from /home/airflow/sandbox/lib/python3.8/site-packages/airflow/example_dags/example_trigger_controller_dag.py
[2021-09-23 23:01:52,847] {logging_mixin.py:104} INFO - [2021-09-23 23:01:52,843] {dag.py:1832} INFO - Sync 1 DAGs
[2021-09-23 23:01:52,878] {logging_mixin.py:104} INFO - [2021-09-23 23:01:52,878] {dag.py:2305} INFO - Setting next_dagrun for example_trigger_controller_dag to 2021-09-21 00:00:00+00:00
[2021-09-23 23:01:52,912] {scheduler_job.py:190} INFO - Processing /home/airflow/sandbox/lib/python3.8/site-packages/airflow/example_dags/example_trigger_controller_dag.py took 0.127 seconds
[2021-09-23 23:02:31,795] {scheduler_job.py:182} INFO - Started process (PID=6545) to work on /home/airflow/sandbox/lib/python3.8/site-packages/airflow/example_dags/example_trigger_controller_dag.py
[2021-09-23 23:02:31,796] {scheduler_job.py:633} INFO - Processing file /home/airflow/sandbox/lib/python3.8/site-packages/airflow/example_dags/example_trigger_controller_dag.py for tasks to queue
[2021-09-23 23:02:31,796] {logging_mixin.py:104} INFO - [2021-09-23 23:02:31,796] {dagbag.py:487} INFO - Filling up the DagBag from /home/airflow/sandbox/lib/python3.8/site-packages/airflow/example_dags/example_trigger_controller_dag.py
[2021-09-23 23:02:31,807] {scheduler_job.py:643} INFO - DAG(s) dict_keys(['example_trigger_controller_dag']) retrieved from /home/airflow/sandbox/lib/python3.8/site-packages/airflow/example_dags/example_trigger_controller_dag.py
[2021-09-23 23:02:31,820] {logging_mixin.py:104} INFO - [2021-09-23 23:02:31,819] {dag.py:1832} INFO - Sync 1 DAGs
[2021-09-23 23:02:31,833] {logging_mixin.py:104} INFO - [2021-09-23 23:02:31,833] {dag.py:2305} INFO - Setting next_dagrun for example_trigger_controller_dag to 2021-09-21 00:00:00+00:00
[2021-09-23 23:02:31,854] {scheduler_job.py:190} INFO - Processing /home/airflow/sandbox/lib/python3.8/site-packages/airflow/example_dags/example_trigger_controller_dag.py took 0.063 seconds
[2021-09-23 23:03:05,796] {scheduler_job.py:182} INFO - Started process (PID=6579) to work on /home/airflow/sandbox/lib/python3.8/site-packages/airflow/example_dags/example_trigger_controller_dag.py
[2021-09-23 23:03:05,798] {scheduler_job.py:633} INFO - Processing file /home/airflow/sandbox/lib/python3.8/site-packages/airflow/example_dags/example_trigger_controller_dag.py for tasks to queue
[2021-09-23 23:03:05,799] {logging_mixin.py:104} INFO - [2021-09-23 23:03:05,799] {dagbag.py:487} INFO - Filling up the DagBag from /home/airflow/sandbox/lib/python3.8/site-packages/airflow/example_dags/example_trigger_controller_dag.py
[2021-09-23 23:03:05,807] {scheduler_job.py:643} INFO - DAG(s) dict_keys(['example_trigger_controller_dag']) retrieved from /home/airflow/sandbox/lib/python3.8/site-packages/airflow/example_dags/example_trigger_controller_dag.py
[2021-09-23 23:03:05,823] {logging_mixin.py:104} INFO - [2021-09-23 23:03:05,822] {dag.py:1832} INFO - Sync 1 DAGs
[2021-09-23 23:03:05,835] {logging_mixin.py:104} INFO - [2021-09-23 23:03:05,835] {dag.py:2305} INFO - Setting next_dagrun for example_trigger_controller_dag to 2021-09-21 00:00:00+00:00
[2021-09-23 23:03:05,860] {scheduler_job.py:190} INFO - Processing /home/airflow/sandbox/lib/python3.8/site-packages/airflow/example_dags/example_trigger_controller_dag.py took 0.068 seconds
[2021-09-23 23:03:38,459] {scheduler_job.py:182} INFO - Started process (PID=6838) to work on /home/airflow/sandbox/lib/python3.8/site-packages/airflow/example_dags/example_trigger_controller_dag.py
[2021-09-23 23:03:38,460] {scheduler_job.py:633} INFO - Processing file /home/airflow/sandbox/lib/python3.8/site-packages/airflow/example_dags/example_trigger_controller_dag.py for tasks to queue
[2021-09-23 23:03:38,460] {logging_mixin.py:104} INFO - [2021-09-23 23:03:38,460] {dagbag.py:487} INFO - Filling up the DagBag from /home/airflow/sandbox/lib/python3.8/site-packages/airflow/example_dags/example_trigger_controller_dag.py
[2021-09-23 23:03:38,474] {scheduler_job.py:643} INFO - DAG(s) dict_keys(['example_trigger_controller_dag']) retrieved from /home/airflow/sandbox/lib/python3.8/site-packages/airflow/example_dags/example_trigger_controller_dag.py
[2021-09-23 23:03:38,487] {logging_mixin.py:104} INFO - [2021-09-23 23:03:38,486] {dag.py:1832} INFO - Sync 1 DAGs
[2021-09-23 23:03:38,498] {logging_mixin.py:104} INFO - [2021-09-23 23:03:38,498] {dag.py:2305} INFO - Setting next_dagrun for example_trigger_controller_dag to 2021-09-21 00:00:00+00:00
[2021-09-23 23:03:38,516] {scheduler_job.py:190} INFO - Processing /home/airflow/sandbox/lib/python3.8/site-packages/airflow/example_dags/example_trigger_controller_dag.py took 0.060 seconds
[2021-09-23 23:04:13,293] {scheduler_job.py:182} INFO - Started process (PID=6908) to work on /home/airflow/sandbox/lib/python3.8/site-packages/airflow/example_dags/example_trigger_controller_dag.py
[2021-09-23 23:04:13,294] {scheduler_job.py:633} INFO - Processing file /home/airflow/sandbox/lib/python3.8/site-packages/airflow/example_dags/example_trigger_controller_dag.py for tasks to queue
[2021-09-23 23:04:13,294] {logging_mixin.py:104} INFO - [2021-09-23 23:04:13,294] {dagbag.py:487} INFO - Filling up the DagBag from /home/airflow/sandbox/lib/python3.8/site-packages/airflow/example_dags/example_trigger_controller_dag.py
[2021-09-23 23:04:13,305] {scheduler_job.py:643} INFO - DAG(s) dict_keys(['example_trigger_controller_dag']) retrieved from /home/airflow/sandbox/lib/python3.8/site-packages/airflow/example_dags/example_trigger_controller_dag.py
[2021-09-23 23:04:13,320] {logging_mixin.py:104} INFO - [2021-09-23 23:04:13,320] {dag.py:1832} INFO - Sync 1 DAGs
[2021-09-23 23:04:13,332] {logging_mixin.py:104} INFO - [2021-09-23 23:04:13,332] {dag.py:2305} INFO - Setting next_dagrun for example_trigger_controller_dag to 2021-09-21 00:00:00+00:00
[2021-09-23 23:04:13,355] {scheduler_job.py:190} INFO - Processing /home/airflow/sandbox/lib/python3.8/site-packages/airflow/example_dags/example_trigger_controller_dag.py took 0.064 seconds
[2021-09-23 23:04:44,934] {scheduler_job.py:182} INFO - Started process (PID=6939) to work on /home/airflow/sandbox/lib/python3.8/site-packages/airflow/example_dags/example_trigger_controller_dag.py
[2021-09-23 23:04:44,934] {scheduler_job.py:633} INFO - Processing file /home/airflow/sandbox/lib/python3.8/site-packages/airflow/example_dags/example_trigger_controller_dag.py for tasks to queue
[2021-09-23 23:04:44,935] {logging_mixin.py:104} INFO - [2021-09-23 23:04:44,935] {dagbag.py:487} INFO - Filling up the DagBag from /home/airflow/sandbox/lib/python3.8/site-packages/airflow/example_dags/example_trigger_controller_dag.py
[2021-09-23 23:04:44,947] {scheduler_job.py:643} INFO - DAG(s) dict_keys(['example_trigger_controller_dag']) retrieved from /home/airflow/sandbox/lib/python3.8/site-packages/airflow/example_dags/example_trigger_controller_dag.py
[2021-09-23 23:04:44,961] {logging_mixin.py:104} INFO - [2021-09-23 23:04:44,961] {dag.py:1832} INFO - Sync 1 DAGs
[2021-09-23 23:04:44,974] {logging_mixin.py:104} INFO - [2021-09-23 23:04:44,974] {dag.py:2305} INFO - Setting next_dagrun for example_trigger_controller_dag to 2021-09-21 00:00:00+00:00
[2021-09-23 23:04:44,995] {scheduler_job.py:190} INFO - Processing /home/airflow/sandbox/lib/python3.8/site-packages/airflow/example_dags/example_trigger_controller_dag.py took 0.064 seconds
[2021-09-23 23:05:19,900] {scheduler_job.py:182} INFO - Started process (PID=6998) to work on /home/airflow/sandbox/lib/python3.8/site-packages/airflow/example_dags/example_trigger_controller_dag.py
[2021-09-23 23:05:19,901] {scheduler_job.py:633} INFO - Processing file /home/airflow/sandbox/lib/python3.8/site-packages/airflow/example_dags/example_trigger_controller_dag.py for tasks to queue
[2021-09-23 23:05:19,902] {logging_mixin.py:104} INFO - [2021-09-23 23:05:19,902] {dagbag.py:487} INFO - Filling up the DagBag from /home/airflow/sandbox/lib/python3.8/site-packages/airflow/example_dags/example_trigger_controller_dag.py
[2021-09-23 23:05:19,911] {scheduler_job.py:643} INFO - DAG(s) dict_keys(['example_trigger_controller_dag']) retrieved from /home/airflow/sandbox/lib/python3.8/site-packages/airflow/example_dags/example_trigger_controller_dag.py
[2021-09-23 23:05:19,928] {logging_mixin.py:104} INFO - [2021-09-23 23:05:19,928] {dag.py:1832} INFO - Sync 1 DAGs
[2021-09-23 23:05:19,938] {logging_mixin.py:104} INFO - [2021-09-23 23:05:19,938] {dag.py:2305} INFO - Setting next_dagrun for example_trigger_controller_dag to 2021-09-21 00:00:00+00:00
[2021-09-23 23:05:19,959] {scheduler_job.py:190} INFO - Processing /home/airflow/sandbox/lib/python3.8/site-packages/airflow/example_dags/example_trigger_controller_dag.py took 0.062 seconds
[2021-09-23 23:05:54,719] {scheduler_job.py:182} INFO - Started process (PID=7110) to work on /home/airflow/sandbox/lib/python3.8/site-packages/airflow/example_dags/example_trigger_controller_dag.py
[2021-09-23 23:05:54,720] {scheduler_job.py:633} INFO - Processing file /home/airflow/sandbox/lib/python3.8/site-packages/airflow/example_dags/example_trigger_controller_dag.py for tasks to queue
[2021-09-23 23:05:54,721] {logging_mixin.py:104} INFO - [2021-09-23 23:05:54,720] {dagbag.py:487} INFO - Filling up the DagBag from /home/airflow/sandbox/lib/python3.8/site-packages/airflow/example_dags/example_trigger_controller_dag.py
[2021-09-23 23:05:54,731] {scheduler_job.py:643} INFO - DAG(s) dict_keys(['example_trigger_controller_dag']) retrieved from /home/airflow/sandbox/lib/python3.8/site-packages/airflow/example_dags/example_trigger_controller_dag.py
[2021-09-23 23:05:54,746] {logging_mixin.py:104} INFO - [2021-09-23 23:05:54,746] {dag.py:1832} INFO - Sync 1 DAGs
[2021-09-23 23:05:54,758] {logging_mixin.py:104} INFO - [2021-09-23 23:05:54,758] {dag.py:2305} INFO - Setting next_dagrun for example_trigger_controller_dag to 2021-09-21 00:00:00+00:00
[2021-09-23 23:05:54,776] {scheduler_job.py:190} INFO - Processing /home/airflow/sandbox/lib/python3.8/site-packages/airflow/example_dags/example_trigger_controller_dag.py took 0.066 seconds
[2021-09-23 23:06:34,158] {scheduler_job.py:182} INFO - Started process (PID=7246) to work on /home/airflow/sandbox/lib/python3.8/site-packages/airflow/example_dags/example_trigger_controller_dag.py
[2021-09-23 23:06:34,159] {scheduler_job.py:633} INFO - Processing file /home/airflow/sandbox/lib/python3.8/site-packages/airflow/example_dags/example_trigger_controller_dag.py for tasks to queue
[2021-09-23 23:06:34,160] {logging_mixin.py:104} INFO - [2021-09-23 23:06:34,160] {dagbag.py:487} INFO - Filling up the DagBag from /home/airflow/sandbox/lib/python3.8/site-packages/airflow/example_dags/example_trigger_controller_dag.py
[2021-09-23 23:06:34,171] {scheduler_job.py:643} INFO - DAG(s) dict_keys(['example_trigger_controller_dag']) retrieved from /home/airflow/sandbox/lib/python3.8/site-packages/airflow/example_dags/example_trigger_controller_dag.py
[2021-09-23 23:06:34,186] {logging_mixin.py:104} INFO - [2021-09-23 23:06:34,185] {dag.py:1832} INFO - Sync 1 DAGs
[2021-09-23 23:06:34,203] {logging_mixin.py:104} INFO - [2021-09-23 23:06:34,202] {dag.py:2305} INFO - Setting next_dagrun for example_trigger_controller_dag to 2021-09-21 00:00:00+00:00
[2021-09-23 23:06:34,228] {scheduler_job.py:190} INFO - Processing /home/airflow/sandbox/lib/python3.8/site-packages/airflow/example_dags/example_trigger_controller_dag.py took 0.075 seconds
[2021-09-23 23:07:08,923] {scheduler_job.py:182} INFO - Started process (PID=7348) to work on /home/airflow/sandbox/lib/python3.8/site-packages/airflow/example_dags/example_trigger_controller_dag.py
[2021-09-23 23:07:08,925] {scheduler_job.py:633} INFO - Processing file /home/airflow/sandbox/lib/python3.8/site-packages/airflow/example_dags/example_trigger_controller_dag.py for tasks to queue
[2021-09-23 23:07:08,926] {logging_mixin.py:104} INFO - [2021-09-23 23:07:08,925] {dagbag.py:487} INFO - Filling up the DagBag from /home/airflow/sandbox/lib/python3.8/site-packages/airflow/example_dags/example_trigger_controller_dag.py
[2021-09-23 23:07:08,936] {scheduler_job.py:643} INFO - DAG(s) dict_keys(['example_trigger_controller_dag']) retrieved from /home/airflow/sandbox/lib/python3.8/site-packages/airflow/example_dags/example_trigger_controller_dag.py
[2021-09-23 23:07:08,951] {logging_mixin.py:104} INFO - [2021-09-23 23:07:08,951] {dag.py:1832} INFO - Sync 1 DAGs
[2021-09-23 23:07:08,962] {logging_mixin.py:104} INFO - [2021-09-23 23:07:08,962] {dag.py:2305} INFO - Setting next_dagrun for example_trigger_controller_dag to 2021-09-21 00:00:00+00:00
[2021-09-23 23:07:08,979] {scheduler_job.py:190} INFO - Processing /home/airflow/sandbox/lib/python3.8/site-packages/airflow/example_dags/example_trigger_controller_dag.py took 0.059 seconds
[2021-09-23 23:07:41,930] {scheduler_job.py:182} INFO - Started process (PID=7381) to work on /home/airflow/sandbox/lib/python3.8/site-packages/airflow/example_dags/example_trigger_controller_dag.py
[2021-09-23 23:07:41,932] {scheduler_job.py:633} INFO - Processing file /home/airflow/sandbox/lib/python3.8/site-packages/airflow/example_dags/example_trigger_controller_dag.py for tasks to queue
[2021-09-23 23:07:41,933] {logging_mixin.py:104} INFO - [2021-09-23 23:07:41,932] {dagbag.py:487} INFO - Filling up the DagBag from /home/airflow/sandbox/lib/python3.8/site-packages/airflow/example_dags/example_trigger_controller_dag.py
[2021-09-23 23:07:41,941] {scheduler_job.py:643} INFO - DAG(s) dict_keys(['example_trigger_controller_dag']) retrieved from /home/airflow/sandbox/lib/python3.8/site-packages/airflow/example_dags/example_trigger_controller_dag.py
[2021-09-23 23:07:41,954] {logging_mixin.py:104} INFO - [2021-09-23 23:07:41,954] {dag.py:1832} INFO - Sync 1 DAGs
[2021-09-23 23:07:41,967] {logging_mixin.py:104} INFO - [2021-09-23 23:07:41,967] {dag.py:2305} INFO - Setting next_dagrun for example_trigger_controller_dag to 2021-09-21 00:00:00+00:00
[2021-09-23 23:07:41,988] {scheduler_job.py:190} INFO - Processing /home/airflow/sandbox/lib/python3.8/site-packages/airflow/example_dags/example_trigger_controller_dag.py took 0.062 seconds
[2021-09-23 23:08:16,125] {scheduler_job.py:182} INFO - Started process (PID=7414) to work on /home/airflow/sandbox/lib/python3.8/site-packages/airflow/example_dags/example_trigger_controller_dag.py
[2021-09-23 23:08:16,126] {scheduler_job.py:633} INFO - Processing file /home/airflow/sandbox/lib/python3.8/site-packages/airflow/example_dags/example_trigger_controller_dag.py for tasks to queue
[2021-09-23 23:08:16,127] {logging_mixin.py:104} INFO - [2021-09-23 23:08:16,126] {dagbag.py:487} INFO - Filling up the DagBag from /home/airflow/sandbox/lib/python3.8/site-packages/airflow/example_dags/example_trigger_controller_dag.py
[2021-09-23 23:08:16,143] {scheduler_job.py:643} INFO - DAG(s) dict_keys(['example_trigger_controller_dag']) retrieved from /home/airflow/sandbox/lib/python3.8/site-packages/airflow/example_dags/example_trigger_controller_dag.py
[2021-09-23 23:08:16,203] {logging_mixin.py:104} INFO - [2021-09-23 23:08:16,202] {dag.py:1832} INFO - Sync 1 DAGs
[2021-09-23 23:08:16,224] {logging_mixin.py:104} INFO - [2021-09-23 23:08:16,224] {dag.py:2305} INFO - Setting next_dagrun for example_trigger_controller_dag to 2021-09-21 00:00:00+00:00
[2021-09-23 23:08:16,249] {scheduler_job.py:190} INFO - Processing /home/airflow/sandbox/lib/python3.8/site-packages/airflow/example_dags/example_trigger_controller_dag.py took 0.126 seconds
[2021-09-23 23:08:49,772] {scheduler_job.py:182} INFO - Started process (PID=7537) to work on /home/airflow/sandbox/lib/python3.8/site-packages/airflow/example_dags/example_trigger_controller_dag.py
[2021-09-23 23:08:49,773] {scheduler_job.py:633} INFO - Processing file /home/airflow/sandbox/lib/python3.8/site-packages/airflow/example_dags/example_trigger_controller_dag.py for tasks to queue
[2021-09-23 23:08:49,774] {logging_mixin.py:104} INFO - [2021-09-23 23:08:49,774] {dagbag.py:487} INFO - Filling up the DagBag from /home/airflow/sandbox/lib/python3.8/site-packages/airflow/example_dags/example_trigger_controller_dag.py
[2021-09-23 23:08:49,784] {scheduler_job.py:643} INFO - DAG(s) dict_keys(['example_trigger_controller_dag']) retrieved from /home/airflow/sandbox/lib/python3.8/site-packages/airflow/example_dags/example_trigger_controller_dag.py
[2021-09-23 23:08:49,799] {logging_mixin.py:104} INFO - [2021-09-23 23:08:49,799] {dag.py:1832} INFO - Sync 1 DAGs
[2021-09-23 23:08:49,813] {logging_mixin.py:104} INFO - [2021-09-23 23:08:49,812] {dag.py:2305} INFO - Setting next_dagrun for example_trigger_controller_dag to 2021-09-21 00:00:00+00:00
[2021-09-23 23:08:49,837] {scheduler_job.py:190} INFO - Processing /home/airflow/sandbox/lib/python3.8/site-packages/airflow/example_dags/example_trigger_controller_dag.py took 0.069 seconds
[2021-09-23 23:09:23,128] {scheduler_job.py:182} INFO - Started process (PID=7571) to work on /home/airflow/sandbox/lib/python3.8/site-packages/airflow/example_dags/example_trigger_controller_dag.py
[2021-09-23 23:09:23,129] {scheduler_job.py:633} INFO - Processing file /home/airflow/sandbox/lib/python3.8/site-packages/airflow/example_dags/example_trigger_controller_dag.py for tasks to queue
[2021-09-23 23:09:23,130] {logging_mixin.py:104} INFO - [2021-09-23 23:09:23,130] {dagbag.py:487} INFO - Filling up the DagBag from /home/airflow/sandbox/lib/python3.8/site-packages/airflow/example_dags/example_trigger_controller_dag.py
[2021-09-23 23:09:23,138] {scheduler_job.py:643} INFO - DAG(s) dict_keys(['example_trigger_controller_dag']) retrieved from /home/airflow/sandbox/lib/python3.8/site-packages/airflow/example_dags/example_trigger_controller_dag.py
[2021-09-23 23:09:23,162] {logging_mixin.py:104} INFO - [2021-09-23 23:09:23,161] {dag.py:1832} INFO - Sync 1 DAGs
[2021-09-23 23:09:23,174] {logging_mixin.py:104} INFO - [2021-09-23 23:09:23,174] {dag.py:2305} INFO - Setting next_dagrun for example_trigger_controller_dag to 2021-09-21 00:00:00+00:00
[2021-09-23 23:09:23,191] {scheduler_job.py:190} INFO - Processing /home/airflow/sandbox/lib/python3.8/site-packages/airflow/example_dags/example_trigger_controller_dag.py took 0.066 seconds
[2021-09-23 23:09:54,503] {scheduler_job.py:182} INFO - Started process (PID=7661) to work on /home/airflow/sandbox/lib/python3.8/site-packages/airflow/example_dags/example_trigger_controller_dag.py
[2021-09-23 23:09:54,504] {scheduler_job.py:633} INFO - Processing file /home/airflow/sandbox/lib/python3.8/site-packages/airflow/example_dags/example_trigger_controller_dag.py for tasks to queue
[2021-09-23 23:09:54,506] {logging_mixin.py:104} INFO - [2021-09-23 23:09:54,505] {dagbag.py:487} INFO - Filling up the DagBag from /home/airflow/sandbox/lib/python3.8/site-packages/airflow/example_dags/example_trigger_controller_dag.py
[2021-09-23 23:09:54,523] {scheduler_job.py:643} INFO - DAG(s) dict_keys(['example_trigger_controller_dag']) retrieved from /home/airflow/sandbox/lib/python3.8/site-packages/airflow/example_dags/example_trigger_controller_dag.py
[2021-09-23 23:09:54,543] {logging_mixin.py:104} INFO - [2021-09-23 23:09:54,542] {dag.py:1832} INFO - Sync 1 DAGs
[2021-09-23 23:09:54,581] {logging_mixin.py:104} INFO - [2021-09-23 23:09:54,581] {dag.py:2305} INFO - Setting next_dagrun for example_trigger_controller_dag to 2021-09-21 00:00:00+00:00
[2021-09-23 23:09:54,606] {scheduler_job.py:190} INFO - Processing /home/airflow/sandbox/lib/python3.8/site-packages/airflow/example_dags/example_trigger_controller_dag.py took 0.105 seconds
[2021-09-23 23:10:27,913] {scheduler_job.py:182} INFO - Started process (PID=7770) to work on /home/airflow/sandbox/lib/python3.8/site-packages/airflow/example_dags/example_trigger_controller_dag.py
[2021-09-23 23:10:27,914] {scheduler_job.py:633} INFO - Processing file /home/airflow/sandbox/lib/python3.8/site-packages/airflow/example_dags/example_trigger_controller_dag.py for tasks to queue
[2021-09-23 23:10:27,915] {logging_mixin.py:104} INFO - [2021-09-23 23:10:27,915] {dagbag.py:487} INFO - Filling up the DagBag from /home/airflow/sandbox/lib/python3.8/site-packages/airflow/example_dags/example_trigger_controller_dag.py
[2021-09-23 23:10:27,924] {scheduler_job.py:643} INFO - DAG(s) dict_keys(['example_trigger_controller_dag']) retrieved from /home/airflow/sandbox/lib/python3.8/site-packages/airflow/example_dags/example_trigger_controller_dag.py
[2021-09-23 23:10:27,937] {logging_mixin.py:104} INFO - [2021-09-23 23:10:27,937] {dag.py:1832} INFO - Sync 1 DAGs
[2021-09-23 23:10:27,948] {logging_mixin.py:104} INFO - [2021-09-23 23:10:27,948] {dag.py:2305} INFO - Setting next_dagrun for example_trigger_controller_dag to 2021-09-21 00:00:00+00:00
[2021-09-23 23:10:27,973] {scheduler_job.py:190} INFO - Processing /home/airflow/sandbox/lib/python3.8/site-packages/airflow/example_dags/example_trigger_controller_dag.py took 0.062 seconds
[2021-09-23 23:11:01,804] {scheduler_job.py:182} INFO - Started process (PID=7916) to work on /home/airflow/sandbox/lib/python3.8/site-packages/airflow/example_dags/example_trigger_controller_dag.py
[2021-09-23 23:11:01,805] {scheduler_job.py:633} INFO - Processing file /home/airflow/sandbox/lib/python3.8/site-packages/airflow/example_dags/example_trigger_controller_dag.py for tasks to queue
[2021-09-23 23:11:01,806] {logging_mixin.py:104} INFO - [2021-09-23 23:11:01,806] {dagbag.py:487} INFO - Filling up the DagBag from /home/airflow/sandbox/lib/python3.8/site-packages/airflow/example_dags/example_trigger_controller_dag.py
[2021-09-23 23:11:01,816] {scheduler_job.py:643} INFO - DAG(s) dict_keys(['example_trigger_controller_dag']) retrieved from /home/airflow/sandbox/lib/python3.8/site-packages/airflow/example_dags/example_trigger_controller_dag.py
[2021-09-23 23:11:01,831] {logging_mixin.py:104} INFO - [2021-09-23 23:11:01,830] {dag.py:1832} INFO - Sync 1 DAGs
[2021-09-23 23:11:01,841] {logging_mixin.py:104} INFO - [2021-09-23 23:11:01,841] {dag.py:2305} INFO - Setting next_dagrun for example_trigger_controller_dag to 2021-09-21 00:00:00+00:00
[2021-09-23 23:11:01,859] {scheduler_job.py:190} INFO - Processing /home/airflow/sandbox/lib/python3.8/site-packages/airflow/example_dags/example_trigger_controller_dag.py took 0.059 seconds
[2021-09-23 23:11:37,163] {scheduler_job.py:182} INFO - Started process (PID=8020) to work on /home/airflow/sandbox/lib/python3.8/site-packages/airflow/example_dags/example_trigger_controller_dag.py
[2021-09-23 23:11:37,164] {scheduler_job.py:633} INFO - Processing file /home/airflow/sandbox/lib/python3.8/site-packages/airflow/example_dags/example_trigger_controller_dag.py for tasks to queue
[2021-09-23 23:11:37,164] {logging_mixin.py:104} INFO - [2021-09-23 23:11:37,164] {dagbag.py:487} INFO - Filling up the DagBag from /home/airflow/sandbox/lib/python3.8/site-packages/airflow/example_dags/example_trigger_controller_dag.py
[2021-09-23 23:11:37,173] {scheduler_job.py:643} INFO - DAG(s) dict_keys(['example_trigger_controller_dag']) retrieved from /home/airflow/sandbox/lib/python3.8/site-packages/airflow/example_dags/example_trigger_controller_dag.py
[2021-09-23 23:11:37,186] {logging_mixin.py:104} INFO - [2021-09-23 23:11:37,186] {dag.py:1832} INFO - Sync 1 DAGs
[2021-09-23 23:11:37,197] {logging_mixin.py:104} INFO - [2021-09-23 23:11:37,197] {dag.py:2305} INFO - Setting next_dagrun for example_trigger_controller_dag to 2021-09-21 00:00:00+00:00
[2021-09-23 23:11:37,214] {scheduler_job.py:190} INFO - Processing /home/airflow/sandbox/lib/python3.8/site-packages/airflow/example_dags/example_trigger_controller_dag.py took 0.054 seconds
[2021-09-23 23:12:10,843] {scheduler_job.py:182} INFO - Started process (PID=8156) to work on /home/airflow/sandbox/lib/python3.8/site-packages/airflow/example_dags/example_trigger_controller_dag.py
[2021-09-23 23:12:10,844] {scheduler_job.py:633} INFO - Processing file /home/airflow/sandbox/lib/python3.8/site-packages/airflow/example_dags/example_trigger_controller_dag.py for tasks to queue
[2021-09-23 23:12:10,845] {logging_mixin.py:104} INFO - [2021-09-23 23:12:10,844] {dagbag.py:487} INFO - Filling up the DagBag from /home/airflow/sandbox/lib/python3.8/site-packages/airflow/example_dags/example_trigger_controller_dag.py
[2021-09-23 23:12:10,855] {scheduler_job.py:643} INFO - DAG(s) dict_keys(['example_trigger_controller_dag']) retrieved from /home/airflow/sandbox/lib/python3.8/site-packages/airflow/example_dags/example_trigger_controller_dag.py
[2021-09-23 23:12:10,867] {logging_mixin.py:104} INFO - [2021-09-23 23:12:10,867] {dag.py:1832} INFO - Sync 1 DAGs
[2021-09-23 23:12:10,881] {logging_mixin.py:104} INFO - [2021-09-23 23:12:10,881] {dag.py:2305} INFO - Setting next_dagrun for example_trigger_controller_dag to 2021-09-21 00:00:00+00:00
[2021-09-23 23:12:10,904] {scheduler_job.py:190} INFO - Processing /home/airflow/sandbox/lib/python3.8/site-packages/airflow/example_dags/example_trigger_controller_dag.py took 0.063 seconds
[2021-09-23 23:12:43,634] {scheduler_job.py:182} INFO - Started process (PID=8384) to work on /home/airflow/sandbox/lib/python3.8/site-packages/airflow/example_dags/example_trigger_controller_dag.py
[2021-09-23 23:12:43,636] {scheduler_job.py:633} INFO - Processing file /home/airflow/sandbox/lib/python3.8/site-packages/airflow/example_dags/example_trigger_controller_dag.py for tasks to queue
[2021-09-23 23:12:43,638] {logging_mixin.py:104} INFO - [2021-09-23 23:12:43,638] {dagbag.py:487} INFO - Filling up the DagBag from /home/airflow/sandbox/lib/python3.8/site-packages/airflow/example_dags/example_trigger_controller_dag.py
[2021-09-23 23:12:43,652] {scheduler_job.py:643} INFO - DAG(s) dict_keys(['example_trigger_controller_dag']) retrieved from /home/airflow/sandbox/lib/python3.8/site-packages/airflow/example_dags/example_trigger_controller_dag.py
[2021-09-23 23:12:43,671] {logging_mixin.py:104} INFO - [2021-09-23 23:12:43,671] {dag.py:1832} INFO - Sync 1 DAGs
[2021-09-23 23:12:43,686] {logging_mixin.py:104} INFO - [2021-09-23 23:12:43,686] {dag.py:2305} INFO - Setting next_dagrun for example_trigger_controller_dag to 2021-09-21 00:00:00+00:00
[2021-09-23 23:12:43,707] {scheduler_job.py:190} INFO - Processing /home/airflow/sandbox/lib/python3.8/site-packages/airflow/example_dags/example_trigger_controller_dag.py took 0.075 seconds
[2021-09-23 23:13:16,696] {scheduler_job.py:182} INFO - Started process (PID=8415) to work on /home/airflow/sandbox/lib/python3.8/site-packages/airflow/example_dags/example_trigger_controller_dag.py
[2021-09-23 23:13:16,697] {scheduler_job.py:633} INFO - Processing file /home/airflow/sandbox/lib/python3.8/site-packages/airflow/example_dags/example_trigger_controller_dag.py for tasks to queue
[2021-09-23 23:13:16,699] {logging_mixin.py:104} INFO - [2021-09-23 23:13:16,698] {dagbag.py:487} INFO - Filling up the DagBag from /home/airflow/sandbox/lib/python3.8/site-packages/airflow/example_dags/example_trigger_controller_dag.py
[2021-09-23 23:13:16,709] {scheduler_job.py:643} INFO - DAG(s) dict_keys(['example_trigger_controller_dag']) retrieved from /home/airflow/sandbox/lib/python3.8/site-packages/airflow/example_dags/example_trigger_controller_dag.py
[2021-09-23 23:13:16,723] {logging_mixin.py:104} INFO - [2021-09-23 23:13:16,723] {dag.py:1832} INFO - Sync 1 DAGs
[2021-09-23 23:13:16,737] {logging_mixin.py:104} INFO - [2021-09-23 23:13:16,737] {dag.py:2305} INFO - Setting next_dagrun for example_trigger_controller_dag to 2021-09-21 00:00:00+00:00
[2021-09-23 23:13:16,756] {scheduler_job.py:190} INFO - Processing /home/airflow/sandbox/lib/python3.8/site-packages/airflow/example_dags/example_trigger_controller_dag.py took 0.062 seconds
[2021-09-23 23:13:49,748] {scheduler_job.py:182} INFO - Started process (PID=8445) to work on /home/airflow/sandbox/lib/python3.8/site-packages/airflow/example_dags/example_trigger_controller_dag.py
[2021-09-23 23:13:49,749] {scheduler_job.py:633} INFO - Processing file /home/airflow/sandbox/lib/python3.8/site-packages/airflow/example_dags/example_trigger_controller_dag.py for tasks to queue
[2021-09-23 23:13:49,750] {logging_mixin.py:104} INFO - [2021-09-23 23:13:49,750] {dagbag.py:487} INFO - Filling up the DagBag from /home/airflow/sandbox/lib/python3.8/site-packages/airflow/example_dags/example_trigger_controller_dag.py
[2021-09-23 23:13:49,761] {scheduler_job.py:643} INFO - DAG(s) dict_keys(['example_trigger_controller_dag']) retrieved from /home/airflow/sandbox/lib/python3.8/site-packages/airflow/example_dags/example_trigger_controller_dag.py
[2021-09-23 23:13:49,776] {logging_mixin.py:104} INFO - [2021-09-23 23:13:49,776] {dag.py:1832} INFO - Sync 1 DAGs
[2021-09-23 23:13:49,793] {logging_mixin.py:104} INFO - [2021-09-23 23:13:49,792] {dag.py:2305} INFO - Setting next_dagrun for example_trigger_controller_dag to 2021-09-21 00:00:00+00:00
[2021-09-23 23:13:49,820] {scheduler_job.py:190} INFO - Processing /home/airflow/sandbox/lib/python3.8/site-packages/airflow/example_dags/example_trigger_controller_dag.py took 0.075 seconds
[2021-09-23 23:14:23,880] {scheduler_job.py:182} INFO - Started process (PID=8476) to work on /home/airflow/sandbox/lib/python3.8/site-packages/airflow/example_dags/example_trigger_controller_dag.py
[2021-09-23 23:14:23,881] {scheduler_job.py:633} INFO - Processing file /home/airflow/sandbox/lib/python3.8/site-packages/airflow/example_dags/example_trigger_controller_dag.py for tasks to queue
[2021-09-23 23:14:23,882] {logging_mixin.py:104} INFO - [2021-09-23 23:14:23,882] {dagbag.py:487} INFO - Filling up the DagBag from /home/airflow/sandbox/lib/python3.8/site-packages/airflow/example_dags/example_trigger_controller_dag.py
[2021-09-23 23:14:23,892] {scheduler_job.py:643} INFO - DAG(s) dict_keys(['example_trigger_controller_dag']) retrieved from /home/airflow/sandbox/lib/python3.8/site-packages/airflow/example_dags/example_trigger_controller_dag.py
[2021-09-23 23:14:23,905] {logging_mixin.py:104} INFO - [2021-09-23 23:14:23,905] {dag.py:1832} INFO - Sync 1 DAGs
[2021-09-23 23:14:23,917] {logging_mixin.py:104} INFO - [2021-09-23 23:14:23,917] {dag.py:2305} INFO - Setting next_dagrun for example_trigger_controller_dag to 2021-09-21 00:00:00+00:00
[2021-09-23 23:14:23,938] {scheduler_job.py:190} INFO - Processing /home/airflow/sandbox/lib/python3.8/site-packages/airflow/example_dags/example_trigger_controller_dag.py took 0.060 seconds
[2021-09-23 23:15:02,266] {scheduler_job.py:182} INFO - Started process (PID=8680) to work on /home/airflow/sandbox/lib/python3.8/site-packages/airflow/example_dags/example_trigger_controller_dag.py
[2021-09-23 23:15:02,267] {scheduler_job.py:633} INFO - Processing file /home/airflow/sandbox/lib/python3.8/site-packages/airflow/example_dags/example_trigger_controller_dag.py for tasks to queue
[2021-09-23 23:15:02,267] {logging_mixin.py:104} INFO - [2021-09-23 23:15:02,267] {dagbag.py:487} INFO - Filling up the DagBag from /home/airflow/sandbox/lib/python3.8/site-packages/airflow/example_dags/example_trigger_controller_dag.py
[2021-09-23 23:15:02,275] {scheduler_job.py:643} INFO - DAG(s) dict_keys(['example_trigger_controller_dag']) retrieved from /home/airflow/sandbox/lib/python3.8/site-packages/airflow/example_dags/example_trigger_controller_dag.py
[2021-09-23 23:15:02,289] {logging_mixin.py:104} INFO - [2021-09-23 23:15:02,289] {dag.py:1832} INFO - Sync 1 DAGs
[2021-09-23 23:15:02,306] {logging_mixin.py:104} INFO - [2021-09-23 23:15:02,306] {dag.py:2305} INFO - Setting next_dagrun for example_trigger_controller_dag to 2021-09-21 00:00:00+00:00
[2021-09-23 23:15:02,327] {scheduler_job.py:190} INFO - Processing /home/airflow/sandbox/lib/python3.8/site-packages/airflow/example_dags/example_trigger_controller_dag.py took 0.065 seconds
[2021-09-23 23:15:34,772] {scheduler_job.py:182} INFO - Started process (PID=8904) to work on /home/airflow/sandbox/lib/python3.8/site-packages/airflow/example_dags/example_trigger_controller_dag.py
[2021-09-23 23:15:34,773] {scheduler_job.py:633} INFO - Processing file /home/airflow/sandbox/lib/python3.8/site-packages/airflow/example_dags/example_trigger_controller_dag.py for tasks to queue
[2021-09-23 23:15:34,773] {logging_mixin.py:104} INFO - [2021-09-23 23:15:34,773] {dagbag.py:487} INFO - Filling up the DagBag from /home/airflow/sandbox/lib/python3.8/site-packages/airflow/example_dags/example_trigger_controller_dag.py
[2021-09-23 23:15:34,782] {scheduler_job.py:643} INFO - DAG(s) dict_keys(['example_trigger_controller_dag']) retrieved from /home/airflow/sandbox/lib/python3.8/site-packages/airflow/example_dags/example_trigger_controller_dag.py
[2021-09-23 23:15:34,796] {logging_mixin.py:104} INFO - [2021-09-23 23:15:34,796] {dag.py:1832} INFO - Sync 1 DAGs
[2021-09-23 23:15:34,808] {logging_mixin.py:104} INFO - [2021-09-23 23:15:34,808] {dag.py:2305} INFO - Setting next_dagrun for example_trigger_controller_dag to 2021-09-21 00:00:00+00:00
[2021-09-23 23:15:34,826] {scheduler_job.py:190} INFO - Processing /home/airflow/sandbox/lib/python3.8/site-packages/airflow/example_dags/example_trigger_controller_dag.py took 0.057 seconds
[2021-09-23 23:16:06,720] {scheduler_job.py:182} INFO - Started process (PID=9009) to work on /home/airflow/sandbox/lib/python3.8/site-packages/airflow/example_dags/example_trigger_controller_dag.py
[2021-09-23 23:16:06,721] {scheduler_job.py:633} INFO - Processing file /home/airflow/sandbox/lib/python3.8/site-packages/airflow/example_dags/example_trigger_controller_dag.py for tasks to queue
[2021-09-23 23:16:06,722] {logging_mixin.py:104} INFO - [2021-09-23 23:16:06,722] {dagbag.py:487} INFO - Filling up the DagBag from /home/airflow/sandbox/lib/python3.8/site-packages/airflow/example_dags/example_trigger_controller_dag.py
[2021-09-23 23:16:06,733] {scheduler_job.py:643} INFO - DAG(s) dict_keys(['example_trigger_controller_dag']) retrieved from /home/airflow/sandbox/lib/python3.8/site-packages/airflow/example_dags/example_trigger_controller_dag.py
[2021-09-23 23:16:06,745] {logging_mixin.py:104} INFO - [2021-09-23 23:16:06,745] {dag.py:1832} INFO - Sync 1 DAGs
[2021-09-23 23:16:06,756] {logging_mixin.py:104} INFO - [2021-09-23 23:16:06,756] {dag.py:2305} INFO - Setting next_dagrun for example_trigger_controller_dag to 2021-09-21 00:00:00+00:00
[2021-09-23 23:16:06,780] {scheduler_job.py:190} INFO - Processing /home/airflow/sandbox/lib/python3.8/site-packages/airflow/example_dags/example_trigger_controller_dag.py took 0.063 seconds
[2021-09-23 23:16:39,135] {scheduler_job.py:182} INFO - Started process (PID=9140) to work on /home/airflow/sandbox/lib/python3.8/site-packages/airflow/example_dags/example_trigger_controller_dag.py
[2021-09-23 23:16:39,136] {scheduler_job.py:633} INFO - Processing file /home/airflow/sandbox/lib/python3.8/site-packages/airflow/example_dags/example_trigger_controller_dag.py for tasks to queue
[2021-09-23 23:16:39,137] {logging_mixin.py:104} INFO - [2021-09-23 23:16:39,137] {dagbag.py:487} INFO - Filling up the DagBag from /home/airflow/sandbox/lib/python3.8/site-packages/airflow/example_dags/example_trigger_controller_dag.py
[2021-09-23 23:16:39,147] {scheduler_job.py:643} INFO - DAG(s) dict_keys(['example_trigger_controller_dag']) retrieved from /home/airflow/sandbox/lib/python3.8/site-packages/airflow/example_dags/example_trigger_controller_dag.py
[2021-09-23 23:16:39,159] {logging_mixin.py:104} INFO - [2021-09-23 23:16:39,159] {dag.py:1832} INFO - Sync 1 DAGs
[2021-09-23 23:16:39,170] {logging_mixin.py:104} INFO - [2021-09-23 23:16:39,170] {dag.py:2305} INFO - Setting next_dagrun for example_trigger_controller_dag to 2021-09-21 00:00:00+00:00
[2021-09-23 23:16:39,191] {scheduler_job.py:190} INFO - Processing /home/airflow/sandbox/lib/python3.8/site-packages/airflow/example_dags/example_trigger_controller_dag.py took 0.058 seconds
[2021-09-23 23:43:27,506] {scheduler_job.py:182} INFO - Started process (PID=9314) to work on /home/airflow/sandbox/lib/python3.8/site-packages/airflow/example_dags/example_trigger_controller_dag.py
[2021-09-23 23:43:27,510] {scheduler_job.py:633} INFO - Processing file /home/airflow/sandbox/lib/python3.8/site-packages/airflow/example_dags/example_trigger_controller_dag.py for tasks to queue
[2021-09-23 23:43:27,510] {logging_mixin.py:104} INFO - [2021-09-23 23:43:27,510] {dagbag.py:487} INFO - Filling up the DagBag from /home/airflow/sandbox/lib/python3.8/site-packages/airflow/example_dags/example_trigger_controller_dag.py
[2021-09-23 23:43:27,522] {scheduler_job.py:643} INFO - DAG(s) dict_keys(['example_trigger_controller_dag']) retrieved from /home/airflow/sandbox/lib/python3.8/site-packages/airflow/example_dags/example_trigger_controller_dag.py
[2021-09-23 23:43:27,537] {logging_mixin.py:104} INFO - [2021-09-23 23:43:27,537] {dag.py:1832} INFO - Sync 1 DAGs
[2021-09-23 23:43:27,550] {logging_mixin.py:104} INFO - [2021-09-23 23:43:27,550] {dag.py:2305} INFO - Setting next_dagrun for example_trigger_controller_dag to 2021-09-21 00:00:00+00:00
[2021-09-23 23:43:27,578] {scheduler_job.py:190} INFO - Processing /home/airflow/sandbox/lib/python3.8/site-packages/airflow/example_dags/example_trigger_controller_dag.py took 0.074 seconds
[2021-09-23 23:44:02,017] {scheduler_job.py:182} INFO - Started process (PID=9346) to work on /home/airflow/sandbox/lib/python3.8/site-packages/airflow/example_dags/example_trigger_controller_dag.py
[2021-09-23 23:44:02,018] {scheduler_job.py:633} INFO - Processing file /home/airflow/sandbox/lib/python3.8/site-packages/airflow/example_dags/example_trigger_controller_dag.py for tasks to queue
[2021-09-23 23:44:02,018] {logging_mixin.py:104} INFO - [2021-09-23 23:44:02,018] {dagbag.py:487} INFO - Filling up the DagBag from /home/airflow/sandbox/lib/python3.8/site-packages/airflow/example_dags/example_trigger_controller_dag.py
[2021-09-23 23:44:02,028] {scheduler_job.py:643} INFO - DAG(s) dict_keys(['example_trigger_controller_dag']) retrieved from /home/airflow/sandbox/lib/python3.8/site-packages/airflow/example_dags/example_trigger_controller_dag.py
[2021-09-23 23:44:02,042] {logging_mixin.py:104} INFO - [2021-09-23 23:44:02,041] {dag.py:1832} INFO - Sync 1 DAGs
[2021-09-23 23:44:02,053] {logging_mixin.py:104} INFO - [2021-09-23 23:44:02,053] {dag.py:2305} INFO - Setting next_dagrun for example_trigger_controller_dag to 2021-09-21 00:00:00+00:00
[2021-09-23 23:44:02,074] {scheduler_job.py:190} INFO - Processing /home/airflow/sandbox/lib/python3.8/site-packages/airflow/example_dags/example_trigger_controller_dag.py took 0.059 seconds
[2021-09-23 23:44:34,986] {scheduler_job.py:182} INFO - Started process (PID=9380) to work on /home/airflow/sandbox/lib/python3.8/site-packages/airflow/example_dags/example_trigger_controller_dag.py
[2021-09-23 23:44:34,987] {scheduler_job.py:633} INFO - Processing file /home/airflow/sandbox/lib/python3.8/site-packages/airflow/example_dags/example_trigger_controller_dag.py for tasks to queue
[2021-09-23 23:44:34,987] {logging_mixin.py:104} INFO - [2021-09-23 23:44:34,987] {dagbag.py:487} INFO - Filling up the DagBag from /home/airflow/sandbox/lib/python3.8/site-packages/airflow/example_dags/example_trigger_controller_dag.py
[2021-09-23 23:44:34,996] {scheduler_job.py:643} INFO - DAG(s) dict_keys(['example_trigger_controller_dag']) retrieved from /home/airflow/sandbox/lib/python3.8/site-packages/airflow/example_dags/example_trigger_controller_dag.py
[2021-09-23 23:44:35,009] {logging_mixin.py:104} INFO - [2021-09-23 23:44:35,008] {dag.py:1832} INFO - Sync 1 DAGs
[2021-09-23 23:44:35,020] {logging_mixin.py:104} INFO - [2021-09-23 23:44:35,020] {dag.py:2305} INFO - Setting next_dagrun for example_trigger_controller_dag to 2021-09-21 00:00:00+00:00
[2021-09-23 23:44:35,041] {scheduler_job.py:190} INFO - Processing /home/airflow/sandbox/lib/python3.8/site-packages/airflow/example_dags/example_trigger_controller_dag.py took 0.058 seconds
[2021-09-23 23:45:10,117] {scheduler_job.py:182} INFO - Started process (PID=9412) to work on /home/airflow/sandbox/lib/python3.8/site-packages/airflow/example_dags/example_trigger_controller_dag.py
[2021-09-23 23:45:10,118] {scheduler_job.py:633} INFO - Processing file /home/airflow/sandbox/lib/python3.8/site-packages/airflow/example_dags/example_trigger_controller_dag.py for tasks to queue
[2021-09-23 23:45:10,119] {logging_mixin.py:104} INFO - [2021-09-23 23:45:10,119] {dagbag.py:487} INFO - Filling up the DagBag from /home/airflow/sandbox/lib/python3.8/site-packages/airflow/example_dags/example_trigger_controller_dag.py
[2021-09-23 23:45:10,130] {scheduler_job.py:643} INFO - DAG(s) dict_keys(['example_trigger_controller_dag']) retrieved from /home/airflow/sandbox/lib/python3.8/site-packages/airflow/example_dags/example_trigger_controller_dag.py
[2021-09-23 23:45:10,142] {logging_mixin.py:104} INFO - [2021-09-23 23:45:10,141] {dag.py:1832} INFO - Sync 1 DAGs
[2021-09-23 23:45:10,152] {logging_mixin.py:104} INFO - [2021-09-23 23:45:10,152] {dag.py:2305} INFO - Setting next_dagrun for example_trigger_controller_dag to 2021-09-21 00:00:00+00:00
[2021-09-23 23:45:10,172] {scheduler_job.py:190} INFO - Processing /home/airflow/sandbox/lib/python3.8/site-packages/airflow/example_dags/example_trigger_controller_dag.py took 0.058 seconds
[2021-09-23 23:45:43,908] {scheduler_job.py:182} INFO - Started process (PID=9444) to work on /home/airflow/sandbox/lib/python3.8/site-packages/airflow/example_dags/example_trigger_controller_dag.py
[2021-09-23 23:45:43,909] {scheduler_job.py:633} INFO - Processing file /home/airflow/sandbox/lib/python3.8/site-packages/airflow/example_dags/example_trigger_controller_dag.py for tasks to queue
[2021-09-23 23:45:43,910] {logging_mixin.py:104} INFO - [2021-09-23 23:45:43,909] {dagbag.py:487} INFO - Filling up the DagBag from /home/airflow/sandbox/lib/python3.8/site-packages/airflow/example_dags/example_trigger_controller_dag.py
[2021-09-23 23:45:43,918] {scheduler_job.py:643} INFO - DAG(s) dict_keys(['example_trigger_controller_dag']) retrieved from /home/airflow/sandbox/lib/python3.8/site-packages/airflow/example_dags/example_trigger_controller_dag.py
[2021-09-23 23:45:43,934] {logging_mixin.py:104} INFO - [2021-09-23 23:45:43,934] {dag.py:1832} INFO - Sync 1 DAGs
[2021-09-23 23:45:43,947] {logging_mixin.py:104} INFO - [2021-09-23 23:45:43,947] {dag.py:2305} INFO - Setting next_dagrun for example_trigger_controller_dag to 2021-09-21 00:00:00+00:00
[2021-09-23 23:45:43,968] {scheduler_job.py:190} INFO - Processing /home/airflow/sandbox/lib/python3.8/site-packages/airflow/example_dags/example_trigger_controller_dag.py took 0.064 seconds
[2021-09-23 23:46:17,266] {scheduler_job.py:182} INFO - Started process (PID=9476) to work on /home/airflow/sandbox/lib/python3.8/site-packages/airflow/example_dags/example_trigger_controller_dag.py
[2021-09-23 23:46:17,269] {scheduler_job.py:633} INFO - Processing file /home/airflow/sandbox/lib/python3.8/site-packages/airflow/example_dags/example_trigger_controller_dag.py for tasks to queue
[2021-09-23 23:46:17,270] {logging_mixin.py:104} INFO - [2021-09-23 23:46:17,269] {dagbag.py:487} INFO - Filling up the DagBag from /home/airflow/sandbox/lib/python3.8/site-packages/airflow/example_dags/example_trigger_controller_dag.py
[2021-09-23 23:46:17,278] {scheduler_job.py:643} INFO - DAG(s) dict_keys(['example_trigger_controller_dag']) retrieved from /home/airflow/sandbox/lib/python3.8/site-packages/airflow/example_dags/example_trigger_controller_dag.py
[2021-09-23 23:46:17,291] {logging_mixin.py:104} INFO - [2021-09-23 23:46:17,290] {dag.py:1832} INFO - Sync 1 DAGs
[2021-09-23 23:46:17,304] {logging_mixin.py:104} INFO - [2021-09-23 23:46:17,304] {dag.py:2305} INFO - Setting next_dagrun for example_trigger_controller_dag to 2021-09-21 00:00:00+00:00
[2021-09-23 23:46:17,319] {scheduler_job.py:190} INFO - Processing /home/airflow/sandbox/lib/python3.8/site-packages/airflow/example_dags/example_trigger_controller_dag.py took 0.055 seconds
[2021-09-23 23:46:48,693] {scheduler_job.py:182} INFO - Started process (PID=9550) to work on /home/airflow/sandbox/lib/python3.8/site-packages/airflow/example_dags/example_trigger_controller_dag.py
[2021-09-23 23:46:48,694] {scheduler_job.py:633} INFO - Processing file /home/airflow/sandbox/lib/python3.8/site-packages/airflow/example_dags/example_trigger_controller_dag.py for tasks to queue
[2021-09-23 23:46:48,694] {logging_mixin.py:104} INFO - [2021-09-23 23:46:48,694] {dagbag.py:487} INFO - Filling up the DagBag from /home/airflow/sandbox/lib/python3.8/site-packages/airflow/example_dags/example_trigger_controller_dag.py
[2021-09-23 23:46:48,704] {scheduler_job.py:643} INFO - DAG(s) dict_keys(['example_trigger_controller_dag']) retrieved from /home/airflow/sandbox/lib/python3.8/site-packages/airflow/example_dags/example_trigger_controller_dag.py
[2021-09-23 23:46:48,718] {logging_mixin.py:104} INFO - [2021-09-23 23:46:48,717] {dag.py:1832} INFO - Sync 1 DAGs
[2021-09-23 23:46:48,729] {logging_mixin.py:104} INFO - [2021-09-23 23:46:48,729] {dag.py:2305} INFO - Setting next_dagrun for example_trigger_controller_dag to 2021-09-21 00:00:00+00:00
[2021-09-23 23:46:48,752] {scheduler_job.py:190} INFO - Processing /home/airflow/sandbox/lib/python3.8/site-packages/airflow/example_dags/example_trigger_controller_dag.py took 0.061 seconds
[2021-09-23 23:47:23,533] {scheduler_job.py:182} INFO - Started process (PID=9582) to work on /home/airflow/sandbox/lib/python3.8/site-packages/airflow/example_dags/example_trigger_controller_dag.py
[2021-09-23 23:47:23,534] {scheduler_job.py:633} INFO - Processing file /home/airflow/sandbox/lib/python3.8/site-packages/airflow/example_dags/example_trigger_controller_dag.py for tasks to queue
[2021-09-23 23:47:23,535] {logging_mixin.py:104} INFO - [2021-09-23 23:47:23,535] {dagbag.py:487} INFO - Filling up the DagBag from /home/airflow/sandbox/lib/python3.8/site-packages/airflow/example_dags/example_trigger_controller_dag.py
[2021-09-23 23:47:23,545] {scheduler_job.py:643} INFO - DAG(s) dict_keys(['example_trigger_controller_dag']) retrieved from /home/airflow/sandbox/lib/python3.8/site-packages/airflow/example_dags/example_trigger_controller_dag.py
[2021-09-23 23:47:23,558] {logging_mixin.py:104} INFO - [2021-09-23 23:47:23,558] {dag.py:1832} INFO - Sync 1 DAGs
[2021-09-23 23:47:23,569] {logging_mixin.py:104} INFO - [2021-09-23 23:47:23,569] {dag.py:2305} INFO - Setting next_dagrun for example_trigger_controller_dag to 2021-09-21 00:00:00+00:00
[2021-09-23 23:47:23,592] {scheduler_job.py:190} INFO - Processing /home/airflow/sandbox/lib/python3.8/site-packages/airflow/example_dags/example_trigger_controller_dag.py took 0.061 seconds
[2021-09-23 23:47:55,886] {scheduler_job.py:182} INFO - Started process (PID=9615) to work on /home/airflow/sandbox/lib/python3.8/site-packages/airflow/example_dags/example_trigger_controller_dag.py
[2021-09-23 23:47:55,887] {scheduler_job.py:633} INFO - Processing file /home/airflow/sandbox/lib/python3.8/site-packages/airflow/example_dags/example_trigger_controller_dag.py for tasks to queue
[2021-09-23 23:47:55,887] {logging_mixin.py:104} INFO - [2021-09-23 23:47:55,887] {dagbag.py:487} INFO - Filling up the DagBag from /home/airflow/sandbox/lib/python3.8/site-packages/airflow/example_dags/example_trigger_controller_dag.py
[2021-09-23 23:47:55,897] {scheduler_job.py:643} INFO - DAG(s) dict_keys(['example_trigger_controller_dag']) retrieved from /home/airflow/sandbox/lib/python3.8/site-packages/airflow/example_dags/example_trigger_controller_dag.py
[2021-09-23 23:47:55,909] {logging_mixin.py:104} INFO - [2021-09-23 23:47:55,909] {dag.py:1832} INFO - Sync 1 DAGs
[2021-09-23 23:47:55,920] {logging_mixin.py:104} INFO - [2021-09-23 23:47:55,920] {dag.py:2305} INFO - Setting next_dagrun for example_trigger_controller_dag to 2021-09-21 00:00:00+00:00
[2021-09-23 23:47:55,937] {scheduler_job.py:190} INFO - Processing /home/airflow/sandbox/lib/python3.8/site-packages/airflow/example_dags/example_trigger_controller_dag.py took 0.054 seconds
[2021-09-23 23:48:28,550] {scheduler_job.py:182} INFO - Started process (PID=9646) to work on /home/airflow/sandbox/lib/python3.8/site-packages/airflow/example_dags/example_trigger_controller_dag.py
[2021-09-23 23:48:28,551] {scheduler_job.py:633} INFO - Processing file /home/airflow/sandbox/lib/python3.8/site-packages/airflow/example_dags/example_trigger_controller_dag.py for tasks to queue
[2021-09-23 23:48:28,552] {logging_mixin.py:104} INFO - [2021-09-23 23:48:28,552] {dagbag.py:487} INFO - Filling up the DagBag from /home/airflow/sandbox/lib/python3.8/site-packages/airflow/example_dags/example_trigger_controller_dag.py
[2021-09-23 23:48:28,561] {scheduler_job.py:643} INFO - DAG(s) dict_keys(['example_trigger_controller_dag']) retrieved from /home/airflow/sandbox/lib/python3.8/site-packages/airflow/example_dags/example_trigger_controller_dag.py
[2021-09-23 23:48:28,575] {logging_mixin.py:104} INFO - [2021-09-23 23:48:28,575] {dag.py:1832} INFO - Sync 1 DAGs
[2021-09-23 23:48:28,585] {logging_mixin.py:104} INFO - [2021-09-23 23:48:28,585] {dag.py:2305} INFO - Setting next_dagrun for example_trigger_controller_dag to 2021-09-21 00:00:00+00:00
[2021-09-23 23:48:28,607] {scheduler_job.py:190} INFO - Processing /home/airflow/sandbox/lib/python3.8/site-packages/airflow/example_dags/example_trigger_controller_dag.py took 0.059 seconds
[2021-09-23 23:49:02,943] {scheduler_job.py:182} INFO - Started process (PID=9677) to work on /home/airflow/sandbox/lib/python3.8/site-packages/airflow/example_dags/example_trigger_controller_dag.py
[2021-09-23 23:49:02,944] {scheduler_job.py:633} INFO - Processing file /home/airflow/sandbox/lib/python3.8/site-packages/airflow/example_dags/example_trigger_controller_dag.py for tasks to queue
[2021-09-23 23:49:02,945] {logging_mixin.py:104} INFO - [2021-09-23 23:49:02,945] {dagbag.py:487} INFO - Filling up the DagBag from /home/airflow/sandbox/lib/python3.8/site-packages/airflow/example_dags/example_trigger_controller_dag.py
[2021-09-23 23:49:02,954] {scheduler_job.py:643} INFO - DAG(s) dict_keys(['example_trigger_controller_dag']) retrieved from /home/airflow/sandbox/lib/python3.8/site-packages/airflow/example_dags/example_trigger_controller_dag.py
[2021-09-23 23:49:02,967] {logging_mixin.py:104} INFO - [2021-09-23 23:49:02,967] {dag.py:1832} INFO - Sync 1 DAGs
[2021-09-23 23:49:02,982] {logging_mixin.py:104} INFO - [2021-09-23 23:49:02,982] {dag.py:2305} INFO - Setting next_dagrun for example_trigger_controller_dag to 2021-09-21 00:00:00+00:00
[2021-09-23 23:49:03,001] {scheduler_job.py:190} INFO - Processing /home/airflow/sandbox/lib/python3.8/site-packages/airflow/example_dags/example_trigger_controller_dag.py took 0.062 seconds
[2021-09-23 23:49:38,201] {scheduler_job.py:182} INFO - Started process (PID=9710) to work on /home/airflow/sandbox/lib/python3.8/site-packages/airflow/example_dags/example_trigger_controller_dag.py
[2021-09-23 23:49:38,203] {scheduler_job.py:633} INFO - Processing file /home/airflow/sandbox/lib/python3.8/site-packages/airflow/example_dags/example_trigger_controller_dag.py for tasks to queue
[2021-09-23 23:49:38,203] {logging_mixin.py:104} INFO - [2021-09-23 23:49:38,203] {dagbag.py:487} INFO - Filling up the DagBag from /home/airflow/sandbox/lib/python3.8/site-packages/airflow/example_dags/example_trigger_controller_dag.py
[2021-09-23 23:49:38,214] {scheduler_job.py:643} INFO - DAG(s) dict_keys(['example_trigger_controller_dag']) retrieved from /home/airflow/sandbox/lib/python3.8/site-packages/airflow/example_dags/example_trigger_controller_dag.py
[2021-09-23 23:49:38,225] {logging_mixin.py:104} INFO - [2021-09-23 23:49:38,225] {dag.py:1832} INFO - Sync 1 DAGs
[2021-09-23 23:49:38,237] {logging_mixin.py:104} INFO - [2021-09-23 23:49:38,237] {dag.py:2305} INFO - Setting next_dagrun for example_trigger_controller_dag to 2021-09-21 00:00:00+00:00
[2021-09-23 23:49:38,255] {scheduler_job.py:190} INFO - Processing /home/airflow/sandbox/lib/python3.8/site-packages/airflow/example_dags/example_trigger_controller_dag.py took 0.058 seconds
[2021-09-23 23:50:12,039] {scheduler_job.py:182} INFO - Started process (PID=9744) to work on /home/airflow/sandbox/lib/python3.8/site-packages/airflow/example_dags/example_trigger_controller_dag.py
[2021-09-23 23:50:12,041] {scheduler_job.py:633} INFO - Processing file /home/airflow/sandbox/lib/python3.8/site-packages/airflow/example_dags/example_trigger_controller_dag.py for tasks to queue
[2021-09-23 23:50:12,042] {logging_mixin.py:104} INFO - [2021-09-23 23:50:12,042] {dagbag.py:487} INFO - Filling up the DagBag from /home/airflow/sandbox/lib/python3.8/site-packages/airflow/example_dags/example_trigger_controller_dag.py
[2021-09-23 23:50:12,053] {scheduler_job.py:643} INFO - DAG(s) dict_keys(['example_trigger_controller_dag']) retrieved from /home/airflow/sandbox/lib/python3.8/site-packages/airflow/example_dags/example_trigger_controller_dag.py
[2021-09-23 23:50:12,066] {logging_mixin.py:104} INFO - [2021-09-23 23:50:12,065] {dag.py:1832} INFO - Sync 1 DAGs
[2021-09-23 23:50:12,078] {logging_mixin.py:104} INFO - [2021-09-23 23:50:12,078] {dag.py:2305} INFO - Setting next_dagrun for example_trigger_controller_dag to 2021-09-21 00:00:00+00:00
[2021-09-23 23:50:12,100] {scheduler_job.py:190} INFO - Processing /home/airflow/sandbox/lib/python3.8/site-packages/airflow/example_dags/example_trigger_controller_dag.py took 0.065 seconds
[2021-09-23 23:50:45,987] {scheduler_job.py:182} INFO - Started process (PID=9777) to work on /home/airflow/sandbox/lib/python3.8/site-packages/airflow/example_dags/example_trigger_controller_dag.py
[2021-09-23 23:50:45,988] {scheduler_job.py:633} INFO - Processing file /home/airflow/sandbox/lib/python3.8/site-packages/airflow/example_dags/example_trigger_controller_dag.py for tasks to queue
[2021-09-23 23:50:45,989] {logging_mixin.py:104} INFO - [2021-09-23 23:50:45,989] {dagbag.py:487} INFO - Filling up the DagBag from /home/airflow/sandbox/lib/python3.8/site-packages/airflow/example_dags/example_trigger_controller_dag.py
[2021-09-23 23:50:45,998] {scheduler_job.py:643} INFO - DAG(s) dict_keys(['example_trigger_controller_dag']) retrieved from /home/airflow/sandbox/lib/python3.8/site-packages/airflow/example_dags/example_trigger_controller_dag.py
[2021-09-23 23:50:46,010] {logging_mixin.py:104} INFO - [2021-09-23 23:50:46,010] {dag.py:1832} INFO - Sync 1 DAGs
[2021-09-23 23:50:46,021] {logging_mixin.py:104} INFO - [2021-09-23 23:50:46,021] {dag.py:2305} INFO - Setting next_dagrun for example_trigger_controller_dag to 2021-09-21 00:00:00+00:00
[2021-09-23 23:50:46,043] {scheduler_job.py:190} INFO - Processing /home/airflow/sandbox/lib/python3.8/site-packages/airflow/example_dags/example_trigger_controller_dag.py took 0.060 seconds
[2021-09-23 23:51:18,902] {scheduler_job.py:182} INFO - Started process (PID=9808) to work on /home/airflow/sandbox/lib/python3.8/site-packages/airflow/example_dags/example_trigger_controller_dag.py
[2021-09-23 23:51:18,903] {scheduler_job.py:633} INFO - Processing file /home/airflow/sandbox/lib/python3.8/site-packages/airflow/example_dags/example_trigger_controller_dag.py for tasks to queue
[2021-09-23 23:51:18,903] {logging_mixin.py:104} INFO - [2021-09-23 23:51:18,903] {dagbag.py:487} INFO - Filling up the DagBag from /home/airflow/sandbox/lib/python3.8/site-packages/airflow/example_dags/example_trigger_controller_dag.py
[2021-09-23 23:51:18,913] {scheduler_job.py:643} INFO - DAG(s) dict_keys(['example_trigger_controller_dag']) retrieved from /home/airflow/sandbox/lib/python3.8/site-packages/airflow/example_dags/example_trigger_controller_dag.py
[2021-09-23 23:51:18,926] {logging_mixin.py:104} INFO - [2021-09-23 23:51:18,926] {dag.py:1832} INFO - Sync 1 DAGs
[2021-09-23 23:51:18,936] {logging_mixin.py:104} INFO - [2021-09-23 23:51:18,936] {dag.py:2305} INFO - Setting next_dagrun for example_trigger_controller_dag to 2021-09-21 00:00:00+00:00
[2021-09-23 23:51:18,956] {scheduler_job.py:190} INFO - Processing /home/airflow/sandbox/lib/python3.8/site-packages/airflow/example_dags/example_trigger_controller_dag.py took 0.056 seconds
[2021-09-23 23:51:53,019] {scheduler_job.py:182} INFO - Started process (PID=9884) to work on /home/airflow/sandbox/lib/python3.8/site-packages/airflow/example_dags/example_trigger_controller_dag.py
[2021-09-23 23:51:53,020] {scheduler_job.py:633} INFO - Processing file /home/airflow/sandbox/lib/python3.8/site-packages/airflow/example_dags/example_trigger_controller_dag.py for tasks to queue
[2021-09-23 23:51:53,020] {logging_mixin.py:104} INFO - [2021-09-23 23:51:53,020] {dagbag.py:487} INFO - Filling up the DagBag from /home/airflow/sandbox/lib/python3.8/site-packages/airflow/example_dags/example_trigger_controller_dag.py
[2021-09-23 23:51:53,028] {scheduler_job.py:643} INFO - DAG(s) dict_keys(['example_trigger_controller_dag']) retrieved from /home/airflow/sandbox/lib/python3.8/site-packages/airflow/example_dags/example_trigger_controller_dag.py
[2021-09-23 23:51:53,045] {logging_mixin.py:104} INFO - [2021-09-23 23:51:53,045] {dag.py:1832} INFO - Sync 1 DAGs
[2021-09-23 23:51:53,055] {logging_mixin.py:104} INFO - [2021-09-23 23:51:53,055] {dag.py:2305} INFO - Setting next_dagrun for example_trigger_controller_dag to 2021-09-21 00:00:00+00:00
[2021-09-23 23:51:53,075] {scheduler_job.py:190} INFO - Processing /home/airflow/sandbox/lib/python3.8/site-packages/airflow/example_dags/example_trigger_controller_dag.py took 0.061 seconds
[2021-09-23 23:52:25,195] {scheduler_job.py:182} INFO - Started process (PID=9917) to work on /home/airflow/sandbox/lib/python3.8/site-packages/airflow/example_dags/example_trigger_controller_dag.py
[2021-09-23 23:52:25,196] {scheduler_job.py:633} INFO - Processing file /home/airflow/sandbox/lib/python3.8/site-packages/airflow/example_dags/example_trigger_controller_dag.py for tasks to queue
[2021-09-23 23:52:25,197] {logging_mixin.py:104} INFO - [2021-09-23 23:52:25,197] {dagbag.py:487} INFO - Filling up the DagBag from /home/airflow/sandbox/lib/python3.8/site-packages/airflow/example_dags/example_trigger_controller_dag.py
[2021-09-23 23:52:25,206] {scheduler_job.py:643} INFO - DAG(s) dict_keys(['example_trigger_controller_dag']) retrieved from /home/airflow/sandbox/lib/python3.8/site-packages/airflow/example_dags/example_trigger_controller_dag.py
[2021-09-23 23:52:25,219] {logging_mixin.py:104} INFO - [2021-09-23 23:52:25,219] {dag.py:1832} INFO - Sync 1 DAGs
[2021-09-23 23:52:25,229] {logging_mixin.py:104} INFO - [2021-09-23 23:52:25,229] {dag.py:2305} INFO - Setting next_dagrun for example_trigger_controller_dag to 2021-09-21 00:00:00+00:00
[2021-09-23 23:52:25,251] {scheduler_job.py:190} INFO - Processing /home/airflow/sandbox/lib/python3.8/site-packages/airflow/example_dags/example_trigger_controller_dag.py took 0.058 seconds
[2021-09-23 23:52:58,431] {scheduler_job.py:182} INFO - Started process (PID=9948) to work on /home/airflow/sandbox/lib/python3.8/site-packages/airflow/example_dags/example_trigger_controller_dag.py
[2021-09-23 23:52:58,432] {scheduler_job.py:633} INFO - Processing file /home/airflow/sandbox/lib/python3.8/site-packages/airflow/example_dags/example_trigger_controller_dag.py for tasks to queue
[2021-09-23 23:52:58,432] {logging_mixin.py:104} INFO - [2021-09-23 23:52:58,432] {dagbag.py:487} INFO - Filling up the DagBag from /home/airflow/sandbox/lib/python3.8/site-packages/airflow/example_dags/example_trigger_controller_dag.py
[2021-09-23 23:52:58,442] {scheduler_job.py:643} INFO - DAG(s) dict_keys(['example_trigger_controller_dag']) retrieved from /home/airflow/sandbox/lib/python3.8/site-packages/airflow/example_dags/example_trigger_controller_dag.py
[2021-09-23 23:52:58,455] {logging_mixin.py:104} INFO - [2021-09-23 23:52:58,455] {dag.py:1832} INFO - Sync 1 DAGs
[2021-09-23 23:52:58,466] {logging_mixin.py:104} INFO - [2021-09-23 23:52:58,466] {dag.py:2305} INFO - Setting next_dagrun for example_trigger_controller_dag to 2021-09-21 00:00:00+00:00
[2021-09-23 23:52:58,488] {scheduler_job.py:190} INFO - Processing /home/airflow/sandbox/lib/python3.8/site-packages/airflow/example_dags/example_trigger_controller_dag.py took 0.061 seconds
[2021-09-23 23:53:32,203] {scheduler_job.py:182} INFO - Started process (PID=9982) to work on /home/airflow/sandbox/lib/python3.8/site-packages/airflow/example_dags/example_trigger_controller_dag.py
[2021-09-23 23:53:32,206] {scheduler_job.py:633} INFO - Processing file /home/airflow/sandbox/lib/python3.8/site-packages/airflow/example_dags/example_trigger_controller_dag.py for tasks to queue
[2021-09-23 23:53:32,206] {logging_mixin.py:104} INFO - [2021-09-23 23:53:32,206] {dagbag.py:487} INFO - Filling up the DagBag from /home/airflow/sandbox/lib/python3.8/site-packages/airflow/example_dags/example_trigger_controller_dag.py
[2021-09-23 23:53:32,215] {scheduler_job.py:643} INFO - DAG(s) dict_keys(['example_trigger_controller_dag']) retrieved from /home/airflow/sandbox/lib/python3.8/site-packages/airflow/example_dags/example_trigger_controller_dag.py
[2021-09-23 23:53:32,228] {logging_mixin.py:104} INFO - [2021-09-23 23:53:32,228] {dag.py:1832} INFO - Sync 1 DAGs
[2021-09-23 23:53:32,240] {logging_mixin.py:104} INFO - [2021-09-23 23:53:32,239] {dag.py:2305} INFO - Setting next_dagrun for example_trigger_controller_dag to 2021-09-21 00:00:00+00:00
[2021-09-23 23:53:32,262] {scheduler_job.py:190} INFO - Processing /home/airflow/sandbox/lib/python3.8/site-packages/airflow/example_dags/example_trigger_controller_dag.py took 0.062 seconds
[2021-09-23 23:54:06,790] {scheduler_job.py:182} INFO - Started process (PID=10014) to work on /home/airflow/sandbox/lib/python3.8/site-packages/airflow/example_dags/example_trigger_controller_dag.py
[2021-09-23 23:54:06,791] {scheduler_job.py:633} INFO - Processing file /home/airflow/sandbox/lib/python3.8/site-packages/airflow/example_dags/example_trigger_controller_dag.py for tasks to queue
[2021-09-23 23:54:06,792] {logging_mixin.py:104} INFO - [2021-09-23 23:54:06,792] {dagbag.py:487} INFO - Filling up the DagBag from /home/airflow/sandbox/lib/python3.8/site-packages/airflow/example_dags/example_trigger_controller_dag.py
[2021-09-23 23:54:06,804] {scheduler_job.py:643} INFO - DAG(s) dict_keys(['example_trigger_controller_dag']) retrieved from /home/airflow/sandbox/lib/python3.8/site-packages/airflow/example_dags/example_trigger_controller_dag.py
[2021-09-23 23:54:06,819] {logging_mixin.py:104} INFO - [2021-09-23 23:54:06,819] {dag.py:1832} INFO - Sync 1 DAGs
[2021-09-23 23:54:06,830] {logging_mixin.py:104} INFO - [2021-09-23 23:54:06,830] {dag.py:2305} INFO - Setting next_dagrun for example_trigger_controller_dag to 2021-09-21 00:00:00+00:00
[2021-09-23 23:54:06,848] {scheduler_job.py:190} INFO - Processing /home/airflow/sandbox/lib/python3.8/site-packages/airflow/example_dags/example_trigger_controller_dag.py took 0.060 seconds
[2021-09-23 23:54:40,106] {scheduler_job.py:182} INFO - Started process (PID=10046) to work on /home/airflow/sandbox/lib/python3.8/site-packages/airflow/example_dags/example_trigger_controller_dag.py
[2021-09-23 23:54:40,107] {scheduler_job.py:633} INFO - Processing file /home/airflow/sandbox/lib/python3.8/site-packages/airflow/example_dags/example_trigger_controller_dag.py for tasks to queue
[2021-09-23 23:54:40,108] {logging_mixin.py:104} INFO - [2021-09-23 23:54:40,108] {dagbag.py:487} INFO - Filling up the DagBag from /home/airflow/sandbox/lib/python3.8/site-packages/airflow/example_dags/example_trigger_controller_dag.py
[2021-09-23 23:54:40,118] {scheduler_job.py:643} INFO - DAG(s) dict_keys(['example_trigger_controller_dag']) retrieved from /home/airflow/sandbox/lib/python3.8/site-packages/airflow/example_dags/example_trigger_controller_dag.py
[2021-09-23 23:54:40,130] {logging_mixin.py:104} INFO - [2021-09-23 23:54:40,130] {dag.py:1832} INFO - Sync 1 DAGs
[2021-09-23 23:54:40,140] {logging_mixin.py:104} INFO - [2021-09-23 23:54:40,140] {dag.py:2305} INFO - Setting next_dagrun for example_trigger_controller_dag to 2021-09-21 00:00:00+00:00
[2021-09-23 23:54:40,157] {scheduler_job.py:190} INFO - Processing /home/airflow/sandbox/lib/python3.8/site-packages/airflow/example_dags/example_trigger_controller_dag.py took 0.055 seconds
[2021-09-23 23:55:15,210] {scheduler_job.py:182} INFO - Started process (PID=10079) to work on /home/airflow/sandbox/lib/python3.8/site-packages/airflow/example_dags/example_trigger_controller_dag.py
[2021-09-23 23:55:15,211] {scheduler_job.py:633} INFO - Processing file /home/airflow/sandbox/lib/python3.8/site-packages/airflow/example_dags/example_trigger_controller_dag.py for tasks to queue
[2021-09-23 23:55:15,211] {logging_mixin.py:104} INFO - [2021-09-23 23:55:15,211] {dagbag.py:487} INFO - Filling up the DagBag from /home/airflow/sandbox/lib/python3.8/site-packages/airflow/example_dags/example_trigger_controller_dag.py
[2021-09-23 23:55:15,222] {scheduler_job.py:643} INFO - DAG(s) dict_keys(['example_trigger_controller_dag']) retrieved from /home/airflow/sandbox/lib/python3.8/site-packages/airflow/example_dags/example_trigger_controller_dag.py
[2021-09-23 23:55:15,237] {logging_mixin.py:104} INFO - [2021-09-23 23:55:15,236] {dag.py:1832} INFO - Sync 1 DAGs
[2021-09-23 23:55:15,248] {logging_mixin.py:104} INFO - [2021-09-23 23:55:15,247] {dag.py:2305} INFO - Setting next_dagrun for example_trigger_controller_dag to 2021-09-21 00:00:00+00:00
[2021-09-23 23:55:15,269] {scheduler_job.py:190} INFO - Processing /home/airflow/sandbox/lib/python3.8/site-packages/airflow/example_dags/example_trigger_controller_dag.py took 0.063 seconds
[2021-09-23 23:55:48,992] {scheduler_job.py:182} INFO - Started process (PID=10194) to work on /home/airflow/sandbox/lib/python3.8/site-packages/airflow/example_dags/example_trigger_controller_dag.py
[2021-09-23 23:55:48,993] {scheduler_job.py:633} INFO - Processing file /home/airflow/sandbox/lib/python3.8/site-packages/airflow/example_dags/example_trigger_controller_dag.py for tasks to queue
[2021-09-23 23:55:48,994] {logging_mixin.py:104} INFO - [2021-09-23 23:55:48,994] {dagbag.py:487} INFO - Filling up the DagBag from /home/airflow/sandbox/lib/python3.8/site-packages/airflow/example_dags/example_trigger_controller_dag.py
[2021-09-23 23:55:49,004] {scheduler_job.py:643} INFO - DAG(s) dict_keys(['example_trigger_controller_dag']) retrieved from /home/airflow/sandbox/lib/python3.8/site-packages/airflow/example_dags/example_trigger_controller_dag.py
[2021-09-23 23:55:49,017] {logging_mixin.py:104} INFO - [2021-09-23 23:55:49,017] {dag.py:1832} INFO - Sync 1 DAGs
[2021-09-23 23:55:49,028] {logging_mixin.py:104} INFO - [2021-09-23 23:55:49,028] {dag.py:2305} INFO - Setting next_dagrun for example_trigger_controller_dag to 2021-09-21 00:00:00+00:00
[2021-09-23 23:55:49,050] {scheduler_job.py:190} INFO - Processing /home/airflow/sandbox/lib/python3.8/site-packages/airflow/example_dags/example_trigger_controller_dag.py took 0.060 seconds
[2021-09-23 23:56:22,576] {scheduler_job.py:182} INFO - Started process (PID=10227) to work on /home/airflow/sandbox/lib/python3.8/site-packages/airflow/example_dags/example_trigger_controller_dag.py
[2021-09-23 23:56:22,578] {scheduler_job.py:633} INFO - Processing file /home/airflow/sandbox/lib/python3.8/site-packages/airflow/example_dags/example_trigger_controller_dag.py for tasks to queue
[2021-09-23 23:56:22,579] {logging_mixin.py:104} INFO - [2021-09-23 23:56:22,578] {dagbag.py:487} INFO - Filling up the DagBag from /home/airflow/sandbox/lib/python3.8/site-packages/airflow/example_dags/example_trigger_controller_dag.py
[2021-09-23 23:56:22,589] {scheduler_job.py:643} INFO - DAG(s) dict_keys(['example_trigger_controller_dag']) retrieved from /home/airflow/sandbox/lib/python3.8/site-packages/airflow/example_dags/example_trigger_controller_dag.py
[2021-09-23 23:56:22,604] {logging_mixin.py:104} INFO - [2021-09-23 23:56:22,604] {dag.py:1832} INFO - Sync 1 DAGs
[2021-09-23 23:56:22,617] {logging_mixin.py:104} INFO - [2021-09-23 23:56:22,616] {dag.py:2305} INFO - Setting next_dagrun for example_trigger_controller_dag to 2021-09-21 00:00:00+00:00
[2021-09-23 23:56:22,637] {scheduler_job.py:190} INFO - Processing /home/airflow/sandbox/lib/python3.8/site-packages/airflow/example_dags/example_trigger_controller_dag.py took 0.064 seconds
[2021-09-23 23:56:54,480] {scheduler_job.py:182} INFO - Started process (PID=10300) to work on /home/airflow/sandbox/lib/python3.8/site-packages/airflow/example_dags/example_trigger_controller_dag.py
[2021-09-23 23:56:54,481] {scheduler_job.py:633} INFO - Processing file /home/airflow/sandbox/lib/python3.8/site-packages/airflow/example_dags/example_trigger_controller_dag.py for tasks to queue
[2021-09-23 23:56:54,482] {logging_mixin.py:104} INFO - [2021-09-23 23:56:54,482] {dagbag.py:487} INFO - Filling up the DagBag from /home/airflow/sandbox/lib/python3.8/site-packages/airflow/example_dags/example_trigger_controller_dag.py
[2021-09-23 23:56:54,494] {scheduler_job.py:643} INFO - DAG(s) dict_keys(['example_trigger_controller_dag']) retrieved from /home/airflow/sandbox/lib/python3.8/site-packages/airflow/example_dags/example_trigger_controller_dag.py
[2021-09-23 23:56:54,508] {logging_mixin.py:104} INFO - [2021-09-23 23:56:54,508] {dag.py:1832} INFO - Sync 1 DAGs
[2021-09-23 23:56:54,519] {logging_mixin.py:104} INFO - [2021-09-23 23:56:54,519] {dag.py:2305} INFO - Setting next_dagrun for example_trigger_controller_dag to 2021-09-21 00:00:00+00:00
[2021-09-23 23:56:54,536] {scheduler_job.py:190} INFO - Processing /home/airflow/sandbox/lib/python3.8/site-packages/airflow/example_dags/example_trigger_controller_dag.py took 0.059 seconds
[2021-09-23 23:57:27,737] {scheduler_job.py:182} INFO - Started process (PID=10612) to work on /home/airflow/sandbox/lib/python3.8/site-packages/airflow/example_dags/example_trigger_controller_dag.py
[2021-09-23 23:57:27,738] {scheduler_job.py:633} INFO - Processing file /home/airflow/sandbox/lib/python3.8/site-packages/airflow/example_dags/example_trigger_controller_dag.py for tasks to queue
[2021-09-23 23:57:27,738] {logging_mixin.py:104} INFO - [2021-09-23 23:57:27,738] {dagbag.py:487} INFO - Filling up the DagBag from /home/airflow/sandbox/lib/python3.8/site-packages/airflow/example_dags/example_trigger_controller_dag.py
[2021-09-23 23:57:27,750] {scheduler_job.py:643} INFO - DAG(s) dict_keys(['example_trigger_controller_dag']) retrieved from /home/airflow/sandbox/lib/python3.8/site-packages/airflow/example_dags/example_trigger_controller_dag.py
[2021-09-23 23:57:27,767] {logging_mixin.py:104} INFO - [2021-09-23 23:57:27,767] {dag.py:1832} INFO - Sync 1 DAGs
[2021-09-23 23:57:27,784] {logging_mixin.py:104} INFO - [2021-09-23 23:57:27,784] {dag.py:2305} INFO - Setting next_dagrun for example_trigger_controller_dag to 2021-09-21 00:00:00+00:00
[2021-09-23 23:57:27,803] {scheduler_job.py:190} INFO - Processing /home/airflow/sandbox/lib/python3.8/site-packages/airflow/example_dags/example_trigger_controller_dag.py took 0.068 seconds
[2021-09-23 23:58:12,842] {scheduler_job.py:182} INFO - Started process (PID=10862) to work on /home/airflow/sandbox/lib/python3.8/site-packages/airflow/example_dags/example_trigger_controller_dag.py
[2021-09-23 23:58:12,843] {scheduler_job.py:633} INFO - Processing file /home/airflow/sandbox/lib/python3.8/site-packages/airflow/example_dags/example_trigger_controller_dag.py for tasks to queue
[2021-09-23 23:58:12,844] {logging_mixin.py:104} INFO - [2021-09-23 23:58:12,844] {dagbag.py:487} INFO - Filling up the DagBag from /home/airflow/sandbox/lib/python3.8/site-packages/airflow/example_dags/example_trigger_controller_dag.py
[2021-09-23 23:58:12,858] {scheduler_job.py:643} INFO - DAG(s) dict_keys(['example_trigger_controller_dag']) retrieved from /home/airflow/sandbox/lib/python3.8/site-packages/airflow/example_dags/example_trigger_controller_dag.py
[2021-09-23 23:58:12,874] {logging_mixin.py:104} INFO - [2021-09-23 23:58:12,874] {dag.py:1832} INFO - Sync 1 DAGs
[2021-09-23 23:58:12,887] {logging_mixin.py:104} INFO - [2021-09-23 23:58:12,887] {dag.py:2305} INFO - Setting next_dagrun for example_trigger_controller_dag to 2021-09-21 00:00:00+00:00
[2021-09-23 23:58:12,909] {scheduler_job.py:190} INFO - Processing /home/airflow/sandbox/lib/python3.8/site-packages/airflow/example_dags/example_trigger_controller_dag.py took 0.070 seconds
[2021-09-23 23:58:47,338] {scheduler_job.py:182} INFO - Started process (PID=10895) to work on /home/airflow/sandbox/lib/python3.8/site-packages/airflow/example_dags/example_trigger_controller_dag.py
[2021-09-23 23:58:47,339] {scheduler_job.py:633} INFO - Processing file /home/airflow/sandbox/lib/python3.8/site-packages/airflow/example_dags/example_trigger_controller_dag.py for tasks to queue
[2021-09-23 23:58:47,339] {logging_mixin.py:104} INFO - [2021-09-23 23:58:47,339] {dagbag.py:487} INFO - Filling up the DagBag from /home/airflow/sandbox/lib/python3.8/site-packages/airflow/example_dags/example_trigger_controller_dag.py
[2021-09-23 23:58:47,348] {scheduler_job.py:643} INFO - DAG(s) dict_keys(['example_trigger_controller_dag']) retrieved from /home/airflow/sandbox/lib/python3.8/site-packages/airflow/example_dags/example_trigger_controller_dag.py
[2021-09-23 23:58:47,360] {logging_mixin.py:104} INFO - [2021-09-23 23:58:47,360] {dag.py:1832} INFO - Sync 1 DAGs
[2021-09-23 23:58:47,376] {logging_mixin.py:104} INFO - [2021-09-23 23:58:47,376] {dag.py:2305} INFO - Setting next_dagrun for example_trigger_controller_dag to 2021-09-21 00:00:00+00:00
[2021-09-23 23:58:47,402] {scheduler_job.py:190} INFO - Processing /home/airflow/sandbox/lib/python3.8/site-packages/airflow/example_dags/example_trigger_controller_dag.py took 0.066 seconds
[2021-09-23 23:59:20,878] {scheduler_job.py:182} INFO - Started process (PID=10926) to work on /home/airflow/sandbox/lib/python3.8/site-packages/airflow/example_dags/example_trigger_controller_dag.py
[2021-09-23 23:59:20,879] {scheduler_job.py:633} INFO - Processing file /home/airflow/sandbox/lib/python3.8/site-packages/airflow/example_dags/example_trigger_controller_dag.py for tasks to queue
[2021-09-23 23:59:20,881] {logging_mixin.py:104} INFO - [2021-09-23 23:59:20,879] {dagbag.py:487} INFO - Filling up the DagBag from /home/airflow/sandbox/lib/python3.8/site-packages/airflow/example_dags/example_trigger_controller_dag.py
[2021-09-23 23:59:20,891] {scheduler_job.py:643} INFO - DAG(s) dict_keys(['example_trigger_controller_dag']) retrieved from /home/airflow/sandbox/lib/python3.8/site-packages/airflow/example_dags/example_trigger_controller_dag.py
[2021-09-23 23:59:20,904] {logging_mixin.py:104} INFO - [2021-09-23 23:59:20,904] {dag.py:1832} INFO - Sync 1 DAGs
[2021-09-23 23:59:20,918] {logging_mixin.py:104} INFO - [2021-09-23 23:59:20,917] {dag.py:2305} INFO - Setting next_dagrun for example_trigger_controller_dag to 2021-09-21 00:00:00+00:00
[2021-09-23 23:59:20,935] {scheduler_job.py:190} INFO - Processing /home/airflow/sandbox/lib/python3.8/site-packages/airflow/example_dags/example_trigger_controller_dag.py took 0.059 seconds
[2021-09-23 23:59:55,063] {scheduler_job.py:182} INFO - Started process (PID=10959) to work on /home/airflow/sandbox/lib/python3.8/site-packages/airflow/example_dags/example_trigger_controller_dag.py
[2021-09-23 23:59:55,064] {scheduler_job.py:633} INFO - Processing file /home/airflow/sandbox/lib/python3.8/site-packages/airflow/example_dags/example_trigger_controller_dag.py for tasks to queue
[2021-09-23 23:59:55,064] {logging_mixin.py:104} INFO - [2021-09-23 23:59:55,064] {dagbag.py:487} INFO - Filling up the DagBag from /home/airflow/sandbox/lib/python3.8/site-packages/airflow/example_dags/example_trigger_controller_dag.py
[2021-09-23 23:59:55,073] {scheduler_job.py:643} INFO - DAG(s) dict_keys(['example_trigger_controller_dag']) retrieved from /home/airflow/sandbox/lib/python3.8/site-packages/airflow/example_dags/example_trigger_controller_dag.py
[2021-09-23 23:59:55,086] {logging_mixin.py:104} INFO - [2021-09-23 23:59:55,086] {dag.py:1832} INFO - Sync 1 DAGs
[2021-09-23 23:59:55,101] {logging_mixin.py:104} INFO - [2021-09-23 23:59:55,101] {dag.py:2305} INFO - Setting next_dagrun for example_trigger_controller_dag to 2021-09-21 00:00:00+00:00
[2021-09-23 23:59:55,120] {scheduler_job.py:190} INFO - Processing /home/airflow/sandbox/lib/python3.8/site-packages/airflow/example_dags/example_trigger_controller_dag.py took 0.061 seconds
