[2021-09-23 22:57:27,558] {scheduler_job.py:182} INFO - Started process (PID=5908) to work on /home/airflow/sandbox/lib/python3.8/site-packages/airflow/example_dags/example_dag_decorator.py
[2021-09-23 22:57:27,559] {scheduler_job.py:633} INFO - Processing file /home/airflow/sandbox/lib/python3.8/site-packages/airflow/example_dags/example_dag_decorator.py for tasks to queue
[2021-09-23 22:57:27,560] {logging_mixin.py:104} INFO - [2021-09-23 22:57:27,560] {dagbag.py:487} INFO - Filling up the DagBag from /home/airflow/sandbox/lib/python3.8/site-packages/airflow/example_dags/example_dag_decorator.py
[2021-09-23 22:57:27,577] {scheduler_job.py:643} INFO - DAG(s) dict_keys(['example_dag_decorator']) retrieved from /home/airflow/sandbox/lib/python3.8/site-packages/airflow/example_dags/example_dag_decorator.py
[2021-09-23 22:57:27,873] {logging_mixin.py:104} INFO - [2021-09-23 22:57:27,873] {dag.py:1832} INFO - Sync 1 DAGs
[2021-09-23 22:57:27,883] {logging_mixin.py:104} INFO - [2021-09-23 22:57:27,883] {dag.py:2305} INFO - Setting next_dagrun for example_dag_decorator to None
[2021-09-23 22:57:27,902] {scheduler_job.py:190} INFO - Processing /home/airflow/sandbox/lib/python3.8/site-packages/airflow/example_dags/example_dag_decorator.py took 0.346 seconds
[2021-09-23 22:58:03,931] {scheduler_job.py:182} INFO - Started process (PID=6057) to work on /home/airflow/sandbox/lib/python3.8/site-packages/airflow/example_dags/example_dag_decorator.py
[2021-09-23 22:58:03,932] {scheduler_job.py:633} INFO - Processing file /home/airflow/sandbox/lib/python3.8/site-packages/airflow/example_dags/example_dag_decorator.py for tasks to queue
[2021-09-23 22:58:03,933] {logging_mixin.py:104} INFO - [2021-09-23 22:58:03,933] {dagbag.py:487} INFO - Filling up the DagBag from /home/airflow/sandbox/lib/python3.8/site-packages/airflow/example_dags/example_dag_decorator.py
[2021-09-23 22:58:03,954] {scheduler_job.py:643} INFO - DAG(s) dict_keys(['example_dag_decorator']) retrieved from /home/airflow/sandbox/lib/python3.8/site-packages/airflow/example_dags/example_dag_decorator.py
[2021-09-23 22:58:04,323] {logging_mixin.py:104} INFO - [2021-09-23 22:58:04,322] {dag.py:1832} INFO - Sync 1 DAGs
[2021-09-23 22:58:04,336] {logging_mixin.py:104} INFO - [2021-09-23 22:58:04,335] {dag.py:2305} INFO - Setting next_dagrun for example_dag_decorator to None
[2021-09-23 22:58:04,358] {scheduler_job.py:190} INFO - Processing /home/airflow/sandbox/lib/python3.8/site-packages/airflow/example_dags/example_dag_decorator.py took 0.431 seconds
[2021-09-23 22:58:39,321] {scheduler_job.py:182} INFO - Started process (PID=6120) to work on /home/airflow/sandbox/lib/python3.8/site-packages/airflow/example_dags/example_dag_decorator.py
[2021-09-23 22:58:39,322] {scheduler_job.py:633} INFO - Processing file /home/airflow/sandbox/lib/python3.8/site-packages/airflow/example_dags/example_dag_decorator.py for tasks to queue
[2021-09-23 22:58:39,322] {logging_mixin.py:104} INFO - [2021-09-23 22:58:39,322] {dagbag.py:487} INFO - Filling up the DagBag from /home/airflow/sandbox/lib/python3.8/site-packages/airflow/example_dags/example_dag_decorator.py
[2021-09-23 22:58:39,339] {scheduler_job.py:643} INFO - DAG(s) dict_keys(['example_dag_decorator']) retrieved from /home/airflow/sandbox/lib/python3.8/site-packages/airflow/example_dags/example_dag_decorator.py
[2021-09-23 22:58:39,648] {logging_mixin.py:104} INFO - [2021-09-23 22:58:39,648] {dag.py:1832} INFO - Sync 1 DAGs
[2021-09-23 22:58:39,659] {logging_mixin.py:104} INFO - [2021-09-23 22:58:39,659] {dag.py:2305} INFO - Setting next_dagrun for example_dag_decorator to None
[2021-09-23 22:58:39,681] {scheduler_job.py:190} INFO - Processing /home/airflow/sandbox/lib/python3.8/site-packages/airflow/example_dags/example_dag_decorator.py took 0.363 seconds
[2021-09-23 22:59:13,994] {scheduler_job.py:182} INFO - Started process (PID=6213) to work on /home/airflow/sandbox/lib/python3.8/site-packages/airflow/example_dags/example_dag_decorator.py
[2021-09-23 22:59:13,995] {scheduler_job.py:633} INFO - Processing file /home/airflow/sandbox/lib/python3.8/site-packages/airflow/example_dags/example_dag_decorator.py for tasks to queue
[2021-09-23 22:59:13,996] {logging_mixin.py:104} INFO - [2021-09-23 22:59:13,995] {dagbag.py:487} INFO - Filling up the DagBag from /home/airflow/sandbox/lib/python3.8/site-packages/airflow/example_dags/example_dag_decorator.py
[2021-09-23 22:59:14,012] {scheduler_job.py:643} INFO - DAG(s) dict_keys(['example_dag_decorator']) retrieved from /home/airflow/sandbox/lib/python3.8/site-packages/airflow/example_dags/example_dag_decorator.py
[2021-09-23 22:59:14,331] {logging_mixin.py:104} INFO - [2021-09-23 22:59:14,331] {dag.py:1832} INFO - Sync 1 DAGs
[2021-09-23 22:59:14,344] {logging_mixin.py:104} INFO - [2021-09-23 22:59:14,344] {dag.py:2305} INFO - Setting next_dagrun for example_dag_decorator to None
[2021-09-23 22:59:14,367] {scheduler_job.py:190} INFO - Processing /home/airflow/sandbox/lib/python3.8/site-packages/airflow/example_dags/example_dag_decorator.py took 0.376 seconds
[2021-09-23 22:59:49,225] {scheduler_job.py:182} INFO - Started process (PID=6245) to work on /home/airflow/sandbox/lib/python3.8/site-packages/airflow/example_dags/example_dag_decorator.py
[2021-09-23 22:59:49,226] {scheduler_job.py:633} INFO - Processing file /home/airflow/sandbox/lib/python3.8/site-packages/airflow/example_dags/example_dag_decorator.py for tasks to queue
[2021-09-23 22:59:49,226] {logging_mixin.py:104} INFO - [2021-09-23 22:59:49,226] {dagbag.py:487} INFO - Filling up the DagBag from /home/airflow/sandbox/lib/python3.8/site-packages/airflow/example_dags/example_dag_decorator.py
[2021-09-23 22:59:49,252] {scheduler_job.py:643} INFO - DAG(s) dict_keys(['example_dag_decorator']) retrieved from /home/airflow/sandbox/lib/python3.8/site-packages/airflow/example_dags/example_dag_decorator.py
[2021-09-23 22:59:49,639] {logging_mixin.py:104} INFO - [2021-09-23 22:59:49,639] {dag.py:1832} INFO - Sync 1 DAGs
[2021-09-23 22:59:49,650] {logging_mixin.py:104} INFO - [2021-09-23 22:59:49,650] {dag.py:2305} INFO - Setting next_dagrun for example_dag_decorator to None
[2021-09-23 22:59:49,675] {scheduler_job.py:190} INFO - Processing /home/airflow/sandbox/lib/python3.8/site-packages/airflow/example_dags/example_dag_decorator.py took 0.453 seconds
[2021-09-23 23:00:24,843] {scheduler_job.py:182} INFO - Started process (PID=6300) to work on /home/airflow/sandbox/lib/python3.8/site-packages/airflow/example_dags/example_dag_decorator.py
[2021-09-23 23:00:24,843] {scheduler_job.py:633} INFO - Processing file /home/airflow/sandbox/lib/python3.8/site-packages/airflow/example_dags/example_dag_decorator.py for tasks to queue
[2021-09-23 23:00:24,844] {logging_mixin.py:104} INFO - [2021-09-23 23:00:24,844] {dagbag.py:487} INFO - Filling up the DagBag from /home/airflow/sandbox/lib/python3.8/site-packages/airflow/example_dags/example_dag_decorator.py
[2021-09-23 23:00:24,859] {scheduler_job.py:643} INFO - DAG(s) dict_keys(['example_dag_decorator']) retrieved from /home/airflow/sandbox/lib/python3.8/site-packages/airflow/example_dags/example_dag_decorator.py
[2021-09-23 23:00:25,142] {logging_mixin.py:104} INFO - [2021-09-23 23:00:25,142] {dag.py:1832} INFO - Sync 1 DAGs
[2021-09-23 23:00:25,150] {logging_mixin.py:104} INFO - [2021-09-23 23:00:25,149] {dag.py:2305} INFO - Setting next_dagrun for example_dag_decorator to None
[2021-09-23 23:00:25,178] {scheduler_job.py:190} INFO - Processing /home/airflow/sandbox/lib/python3.8/site-packages/airflow/example_dags/example_dag_decorator.py took 0.338 seconds
[2021-09-23 23:01:03,577] {scheduler_job.py:182} INFO - Started process (PID=6356) to work on /home/airflow/sandbox/lib/python3.8/site-packages/airflow/example_dags/example_dag_decorator.py
[2021-09-23 23:01:03,578] {scheduler_job.py:633} INFO - Processing file /home/airflow/sandbox/lib/python3.8/site-packages/airflow/example_dags/example_dag_decorator.py for tasks to queue
[2021-09-23 23:01:03,580] {logging_mixin.py:104} INFO - [2021-09-23 23:01:03,580] {dagbag.py:487} INFO - Filling up the DagBag from /home/airflow/sandbox/lib/python3.8/site-packages/airflow/example_dags/example_dag_decorator.py
[2021-09-23 23:01:03,610] {scheduler_job.py:643} INFO - DAG(s) dict_keys(['example_dag_decorator']) retrieved from /home/airflow/sandbox/lib/python3.8/site-packages/airflow/example_dags/example_dag_decorator.py
[2021-09-23 23:01:04,283] {logging_mixin.py:104} INFO - [2021-09-23 23:01:04,282] {dag.py:1832} INFO - Sync 1 DAGs
[2021-09-23 23:01:04,305] {logging_mixin.py:104} INFO - [2021-09-23 23:01:04,305] {dag.py:2305} INFO - Setting next_dagrun for example_dag_decorator to None
[2021-09-23 23:01:04,336] {scheduler_job.py:190} INFO - Processing /home/airflow/sandbox/lib/python3.8/site-packages/airflow/example_dags/example_dag_decorator.py took 0.762 seconds
[2021-09-23 23:01:40,995] {scheduler_job.py:182} INFO - Started process (PID=6391) to work on /home/airflow/sandbox/lib/python3.8/site-packages/airflow/example_dags/example_dag_decorator.py
[2021-09-23 23:01:40,997] {scheduler_job.py:633} INFO - Processing file /home/airflow/sandbox/lib/python3.8/site-packages/airflow/example_dags/example_dag_decorator.py for tasks to queue
[2021-09-23 23:01:40,997] {logging_mixin.py:104} INFO - [2021-09-23 23:01:40,997] {dagbag.py:487} INFO - Filling up the DagBag from /home/airflow/sandbox/lib/python3.8/site-packages/airflow/example_dags/example_dag_decorator.py
[2021-09-23 23:01:41,015] {scheduler_job.py:643} INFO - DAG(s) dict_keys(['example_dag_decorator']) retrieved from /home/airflow/sandbox/lib/python3.8/site-packages/airflow/example_dags/example_dag_decorator.py
[2021-09-23 23:01:41,351] {logging_mixin.py:104} INFO - [2021-09-23 23:01:41,351] {dag.py:1832} INFO - Sync 1 DAGs
[2021-09-23 23:01:41,360] {logging_mixin.py:104} INFO - [2021-09-23 23:01:41,360] {dag.py:2305} INFO - Setting next_dagrun for example_dag_decorator to None
[2021-09-23 23:01:41,380] {scheduler_job.py:190} INFO - Processing /home/airflow/sandbox/lib/python3.8/site-packages/airflow/example_dags/example_dag_decorator.py took 0.387 seconds
[2021-09-23 23:02:19,089] {scheduler_job.py:182} INFO - Started process (PID=6534) to work on /home/airflow/sandbox/lib/python3.8/site-packages/airflow/example_dags/example_dag_decorator.py
[2021-09-23 23:02:19,090] {scheduler_job.py:633} INFO - Processing file /home/airflow/sandbox/lib/python3.8/site-packages/airflow/example_dags/example_dag_decorator.py for tasks to queue
[2021-09-23 23:02:19,091] {logging_mixin.py:104} INFO - [2021-09-23 23:02:19,091] {dagbag.py:487} INFO - Filling up the DagBag from /home/airflow/sandbox/lib/python3.8/site-packages/airflow/example_dags/example_dag_decorator.py
[2021-09-23 23:02:19,106] {scheduler_job.py:643} INFO - DAG(s) dict_keys(['example_dag_decorator']) retrieved from /home/airflow/sandbox/lib/python3.8/site-packages/airflow/example_dags/example_dag_decorator.py
[2021-09-23 23:02:19,426] {logging_mixin.py:104} INFO - [2021-09-23 23:02:19,426] {dag.py:1832} INFO - Sync 1 DAGs
[2021-09-23 23:02:19,436] {logging_mixin.py:104} INFO - [2021-09-23 23:02:19,435] {dag.py:2305} INFO - Setting next_dagrun for example_dag_decorator to None
[2021-09-23 23:02:19,460] {scheduler_job.py:190} INFO - Processing /home/airflow/sandbox/lib/python3.8/site-packages/airflow/example_dags/example_dag_decorator.py took 0.374 seconds
[2021-09-23 23:02:53,992] {scheduler_job.py:182} INFO - Started process (PID=6567) to work on /home/airflow/sandbox/lib/python3.8/site-packages/airflow/example_dags/example_dag_decorator.py
[2021-09-23 23:02:53,994] {scheduler_job.py:633} INFO - Processing file /home/airflow/sandbox/lib/python3.8/site-packages/airflow/example_dags/example_dag_decorator.py for tasks to queue
[2021-09-23 23:02:53,996] {logging_mixin.py:104} INFO - [2021-09-23 23:02:53,995] {dagbag.py:487} INFO - Filling up the DagBag from /home/airflow/sandbox/lib/python3.8/site-packages/airflow/example_dags/example_dag_decorator.py
[2021-09-23 23:02:54,011] {scheduler_job.py:643} INFO - DAG(s) dict_keys(['example_dag_decorator']) retrieved from /home/airflow/sandbox/lib/python3.8/site-packages/airflow/example_dags/example_dag_decorator.py
[2021-09-23 23:02:54,362] {logging_mixin.py:104} INFO - [2021-09-23 23:02:54,362] {dag.py:1832} INFO - Sync 1 DAGs
[2021-09-23 23:02:54,372] {logging_mixin.py:104} INFO - [2021-09-23 23:02:54,372] {dag.py:2305} INFO - Setting next_dagrun for example_dag_decorator to None
[2021-09-23 23:02:54,395] {scheduler_job.py:190} INFO - Processing /home/airflow/sandbox/lib/python3.8/site-packages/airflow/example_dags/example_dag_decorator.py took 0.405 seconds
[2021-09-23 23:03:29,109] {scheduler_job.py:182} INFO - Started process (PID=6794) to work on /home/airflow/sandbox/lib/python3.8/site-packages/airflow/example_dags/example_dag_decorator.py
[2021-09-23 23:03:29,110] {scheduler_job.py:633} INFO - Processing file /home/airflow/sandbox/lib/python3.8/site-packages/airflow/example_dags/example_dag_decorator.py for tasks to queue
[2021-09-23 23:03:29,111] {logging_mixin.py:104} INFO - [2021-09-23 23:03:29,111] {dagbag.py:487} INFO - Filling up the DagBag from /home/airflow/sandbox/lib/python3.8/site-packages/airflow/example_dags/example_dag_decorator.py
[2021-09-23 23:03:29,129] {scheduler_job.py:643} INFO - DAG(s) dict_keys(['example_dag_decorator']) retrieved from /home/airflow/sandbox/lib/python3.8/site-packages/airflow/example_dags/example_dag_decorator.py
[2021-09-23 23:03:29,457] {logging_mixin.py:104} INFO - [2021-09-23 23:03:29,457] {dag.py:1832} INFO - Sync 1 DAGs
[2021-09-23 23:03:29,477] {logging_mixin.py:104} INFO - [2021-09-23 23:03:29,477] {dag.py:2305} INFO - Setting next_dagrun for example_dag_decorator to None
[2021-09-23 23:03:29,508] {scheduler_job.py:190} INFO - Processing /home/airflow/sandbox/lib/python3.8/site-packages/airflow/example_dags/example_dag_decorator.py took 0.401 seconds
[2021-09-23 23:04:05,306] {scheduler_job.py:182} INFO - Started process (PID=6900) to work on /home/airflow/sandbox/lib/python3.8/site-packages/airflow/example_dags/example_dag_decorator.py
[2021-09-23 23:04:05,307] {scheduler_job.py:633} INFO - Processing file /home/airflow/sandbox/lib/python3.8/site-packages/airflow/example_dags/example_dag_decorator.py for tasks to queue
[2021-09-23 23:04:05,308] {logging_mixin.py:104} INFO - [2021-09-23 23:04:05,308] {dagbag.py:487} INFO - Filling up the DagBag from /home/airflow/sandbox/lib/python3.8/site-packages/airflow/example_dags/example_dag_decorator.py
[2021-09-23 23:04:05,325] {scheduler_job.py:643} INFO - DAG(s) dict_keys(['example_dag_decorator']) retrieved from /home/airflow/sandbox/lib/python3.8/site-packages/airflow/example_dags/example_dag_decorator.py
[2021-09-23 23:04:05,632] {logging_mixin.py:104} INFO - [2021-09-23 23:04:05,632] {dag.py:1832} INFO - Sync 1 DAGs
[2021-09-23 23:04:05,641] {logging_mixin.py:104} INFO - [2021-09-23 23:04:05,641] {dag.py:2305} INFO - Setting next_dagrun for example_dag_decorator to None
[2021-09-23 23:04:05,663] {scheduler_job.py:190} INFO - Processing /home/airflow/sandbox/lib/python3.8/site-packages/airflow/example_dags/example_dag_decorator.py took 0.359 seconds
[2021-09-23 23:04:38,622] {scheduler_job.py:182} INFO - Started process (PID=6932) to work on /home/airflow/sandbox/lib/python3.8/site-packages/airflow/example_dags/example_dag_decorator.py
[2021-09-23 23:04:38,623] {scheduler_job.py:633} INFO - Processing file /home/airflow/sandbox/lib/python3.8/site-packages/airflow/example_dags/example_dag_decorator.py for tasks to queue
[2021-09-23 23:04:38,624] {logging_mixin.py:104} INFO - [2021-09-23 23:04:38,624] {dagbag.py:487} INFO - Filling up the DagBag from /home/airflow/sandbox/lib/python3.8/site-packages/airflow/example_dags/example_dag_decorator.py
[2021-09-23 23:04:38,642] {scheduler_job.py:643} INFO - DAG(s) dict_keys(['example_dag_decorator']) retrieved from /home/airflow/sandbox/lib/python3.8/site-packages/airflow/example_dags/example_dag_decorator.py
[2021-09-23 23:04:38,655] {logging_mixin.py:104} INFO - [2021-09-23 23:04:38,655] {dag.py:1832} INFO - Sync 1 DAGs
[2021-09-23 23:04:38,669] {logging_mixin.py:104} INFO - [2021-09-23 23:04:38,669] {dag.py:2305} INFO - Setting next_dagrun for example_dag_decorator to None
[2021-09-23 23:04:38,686] {scheduler_job.py:190} INFO - Processing /home/airflow/sandbox/lib/python3.8/site-packages/airflow/example_dags/example_dag_decorator.py took 0.066 seconds
[2021-09-23 23:05:13,863] {scheduler_job.py:182} INFO - Started process (PID=6993) to work on /home/airflow/sandbox/lib/python3.8/site-packages/airflow/example_dags/example_dag_decorator.py
[2021-09-23 23:05:13,864] {scheduler_job.py:633} INFO - Processing file /home/airflow/sandbox/lib/python3.8/site-packages/airflow/example_dags/example_dag_decorator.py for tasks to queue
[2021-09-23 23:05:13,864] {logging_mixin.py:104} INFO - [2021-09-23 23:05:13,864] {dagbag.py:487} INFO - Filling up the DagBag from /home/airflow/sandbox/lib/python3.8/site-packages/airflow/example_dags/example_dag_decorator.py
[2021-09-23 23:05:13,882] {scheduler_job.py:643} INFO - DAG(s) dict_keys(['example_dag_decorator']) retrieved from /home/airflow/sandbox/lib/python3.8/site-packages/airflow/example_dags/example_dag_decorator.py
[2021-09-23 23:05:14,171] {logging_mixin.py:104} INFO - [2021-09-23 23:05:14,171] {dag.py:1832} INFO - Sync 1 DAGs
[2021-09-23 23:05:14,182] {logging_mixin.py:104} INFO - [2021-09-23 23:05:14,182] {dag.py:2305} INFO - Setting next_dagrun for example_dag_decorator to None
[2021-09-23 23:05:14,204] {scheduler_job.py:190} INFO - Processing /home/airflow/sandbox/lib/python3.8/site-packages/airflow/example_dags/example_dag_decorator.py took 0.344 seconds
[2021-09-23 23:05:49,817] {scheduler_job.py:182} INFO - Started process (PID=7091) to work on /home/airflow/sandbox/lib/python3.8/site-packages/airflow/example_dags/example_dag_decorator.py
[2021-09-23 23:05:49,818] {scheduler_job.py:633} INFO - Processing file /home/airflow/sandbox/lib/python3.8/site-packages/airflow/example_dags/example_dag_decorator.py for tasks to queue
[2021-09-23 23:05:49,819] {logging_mixin.py:104} INFO - [2021-09-23 23:05:49,818] {dagbag.py:487} INFO - Filling up the DagBag from /home/airflow/sandbox/lib/python3.8/site-packages/airflow/example_dags/example_dag_decorator.py
[2021-09-23 23:05:49,834] {scheduler_job.py:643} INFO - DAG(s) dict_keys(['example_dag_decorator']) retrieved from /home/airflow/sandbox/lib/python3.8/site-packages/airflow/example_dags/example_dag_decorator.py
[2021-09-23 23:05:50,154] {logging_mixin.py:104} INFO - [2021-09-23 23:05:50,154] {dag.py:1832} INFO - Sync 1 DAGs
[2021-09-23 23:05:50,165] {logging_mixin.py:104} INFO - [2021-09-23 23:05:50,165] {dag.py:2305} INFO - Setting next_dagrun for example_dag_decorator to None
[2021-09-23 23:05:50,188] {scheduler_job.py:190} INFO - Processing /home/airflow/sandbox/lib/python3.8/site-packages/airflow/example_dags/example_dag_decorator.py took 0.374 seconds
[2021-09-23 23:06:30,157] {scheduler_job.py:182} INFO - Started process (PID=7231) to work on /home/airflow/sandbox/lib/python3.8/site-packages/airflow/example_dags/example_dag_decorator.py
[2021-09-23 23:06:30,158] {scheduler_job.py:633} INFO - Processing file /home/airflow/sandbox/lib/python3.8/site-packages/airflow/example_dags/example_dag_decorator.py for tasks to queue
[2021-09-23 23:06:30,158] {logging_mixin.py:104} INFO - [2021-09-23 23:06:30,158] {dagbag.py:487} INFO - Filling up the DagBag from /home/airflow/sandbox/lib/python3.8/site-packages/airflow/example_dags/example_dag_decorator.py
[2021-09-23 23:06:30,176] {scheduler_job.py:643} INFO - DAG(s) dict_keys(['example_dag_decorator']) retrieved from /home/airflow/sandbox/lib/python3.8/site-packages/airflow/example_dags/example_dag_decorator.py
[2021-09-23 23:06:30,517] {logging_mixin.py:104} INFO - [2021-09-23 23:06:30,517] {dag.py:1832} INFO - Sync 1 DAGs
[2021-09-23 23:06:30,533] {logging_mixin.py:104} INFO - [2021-09-23 23:06:30,533] {dag.py:2305} INFO - Setting next_dagrun for example_dag_decorator to None
[2021-09-23 23:06:30,560] {scheduler_job.py:190} INFO - Processing /home/airflow/sandbox/lib/python3.8/site-packages/airflow/example_dags/example_dag_decorator.py took 0.407 seconds
[2021-09-23 23:07:10,063] {scheduler_job.py:182} INFO - Started process (PID=7349) to work on /home/airflow/sandbox/lib/python3.8/site-packages/airflow/example_dags/example_dag_decorator.py
[2021-09-23 23:07:10,064] {scheduler_job.py:633} INFO - Processing file /home/airflow/sandbox/lib/python3.8/site-packages/airflow/example_dags/example_dag_decorator.py for tasks to queue
[2021-09-23 23:07:10,065] {logging_mixin.py:104} INFO - [2021-09-23 23:07:10,065] {dagbag.py:487} INFO - Filling up the DagBag from /home/airflow/sandbox/lib/python3.8/site-packages/airflow/example_dags/example_dag_decorator.py
[2021-09-23 23:07:10,087] {scheduler_job.py:643} INFO - DAG(s) dict_keys(['example_dag_decorator']) retrieved from /home/airflow/sandbox/lib/python3.8/site-packages/airflow/example_dags/example_dag_decorator.py
[2021-09-23 23:07:10,396] {logging_mixin.py:104} INFO - [2021-09-23 23:07:10,396] {dag.py:1832} INFO - Sync 1 DAGs
[2021-09-23 23:07:10,407] {logging_mixin.py:104} INFO - [2021-09-23 23:07:10,407] {dag.py:2305} INFO - Setting next_dagrun for example_dag_decorator to None
[2021-09-23 23:07:10,431] {scheduler_job.py:190} INFO - Processing /home/airflow/sandbox/lib/python3.8/site-packages/airflow/example_dags/example_dag_decorator.py took 0.372 seconds
[2021-09-23 23:07:43,082] {scheduler_job.py:182} INFO - Started process (PID=7382) to work on /home/airflow/sandbox/lib/python3.8/site-packages/airflow/example_dags/example_dag_decorator.py
[2021-09-23 23:07:43,084] {scheduler_job.py:633} INFO - Processing file /home/airflow/sandbox/lib/python3.8/site-packages/airflow/example_dags/example_dag_decorator.py for tasks to queue
[2021-09-23 23:07:43,084] {logging_mixin.py:104} INFO - [2021-09-23 23:07:43,084] {dagbag.py:487} INFO - Filling up the DagBag from /home/airflow/sandbox/lib/python3.8/site-packages/airflow/example_dags/example_dag_decorator.py
[2021-09-23 23:07:43,100] {scheduler_job.py:643} INFO - DAG(s) dict_keys(['example_dag_decorator']) retrieved from /home/airflow/sandbox/lib/python3.8/site-packages/airflow/example_dags/example_dag_decorator.py
[2021-09-23 23:07:43,395] {logging_mixin.py:104} INFO - [2021-09-23 23:07:43,395] {dag.py:1832} INFO - Sync 1 DAGs
[2021-09-23 23:07:43,406] {logging_mixin.py:104} INFO - [2021-09-23 23:07:43,406] {dag.py:2305} INFO - Setting next_dagrun for example_dag_decorator to None
[2021-09-23 23:07:43,440] {scheduler_job.py:190} INFO - Processing /home/airflow/sandbox/lib/python3.8/site-packages/airflow/example_dags/example_dag_decorator.py took 0.361 seconds
[2021-09-23 23:08:17,719] {scheduler_job.py:182} INFO - Started process (PID=7416) to work on /home/airflow/sandbox/lib/python3.8/site-packages/airflow/example_dags/example_dag_decorator.py
[2021-09-23 23:08:17,720] {scheduler_job.py:633} INFO - Processing file /home/airflow/sandbox/lib/python3.8/site-packages/airflow/example_dags/example_dag_decorator.py for tasks to queue
[2021-09-23 23:08:17,721] {logging_mixin.py:104} INFO - [2021-09-23 23:08:17,721] {dagbag.py:487} INFO - Filling up the DagBag from /home/airflow/sandbox/lib/python3.8/site-packages/airflow/example_dags/example_dag_decorator.py
[2021-09-23 23:08:17,743] {scheduler_job.py:643} INFO - DAG(s) dict_keys(['example_dag_decorator']) retrieved from /home/airflow/sandbox/lib/python3.8/site-packages/airflow/example_dags/example_dag_decorator.py
[2021-09-23 23:08:18,122] {logging_mixin.py:104} INFO - [2021-09-23 23:08:18,122] {dag.py:1832} INFO - Sync 1 DAGs
[2021-09-23 23:08:18,130] {logging_mixin.py:104} INFO - [2021-09-23 23:08:18,130] {dag.py:2305} INFO - Setting next_dagrun for example_dag_decorator to None
[2021-09-23 23:08:18,157] {scheduler_job.py:190} INFO - Processing /home/airflow/sandbox/lib/python3.8/site-packages/airflow/example_dags/example_dag_decorator.py took 0.444 seconds
[2021-09-23 23:08:52,061] {scheduler_job.py:182} INFO - Started process (PID=7539) to work on /home/airflow/sandbox/lib/python3.8/site-packages/airflow/example_dags/example_dag_decorator.py
[2021-09-23 23:08:52,062] {scheduler_job.py:633} INFO - Processing file /home/airflow/sandbox/lib/python3.8/site-packages/airflow/example_dags/example_dag_decorator.py for tasks to queue
[2021-09-23 23:08:52,063] {logging_mixin.py:104} INFO - [2021-09-23 23:08:52,063] {dagbag.py:487} INFO - Filling up the DagBag from /home/airflow/sandbox/lib/python3.8/site-packages/airflow/example_dags/example_dag_decorator.py
[2021-09-23 23:08:52,081] {scheduler_job.py:643} INFO - DAG(s) dict_keys(['example_dag_decorator']) retrieved from /home/airflow/sandbox/lib/python3.8/site-packages/airflow/example_dags/example_dag_decorator.py
[2021-09-23 23:08:52,422] {logging_mixin.py:104} INFO - [2021-09-23 23:08:52,422] {dag.py:1832} INFO - Sync 1 DAGs
[2021-09-23 23:08:52,434] {logging_mixin.py:104} INFO - [2021-09-23 23:08:52,434] {dag.py:2305} INFO - Setting next_dagrun for example_dag_decorator to None
[2021-09-23 23:08:52,456] {scheduler_job.py:190} INFO - Processing /home/airflow/sandbox/lib/python3.8/site-packages/airflow/example_dags/example_dag_decorator.py took 0.397 seconds
[2021-09-23 23:09:25,407] {scheduler_job.py:182} INFO - Started process (PID=7583) to work on /home/airflow/sandbox/lib/python3.8/site-packages/airflow/example_dags/example_dag_decorator.py
[2021-09-23 23:09:25,407] {scheduler_job.py:633} INFO - Processing file /home/airflow/sandbox/lib/python3.8/site-packages/airflow/example_dags/example_dag_decorator.py for tasks to queue
[2021-09-23 23:09:25,408] {logging_mixin.py:104} INFO - [2021-09-23 23:09:25,408] {dagbag.py:487} INFO - Filling up the DagBag from /home/airflow/sandbox/lib/python3.8/site-packages/airflow/example_dags/example_dag_decorator.py
[2021-09-23 23:09:25,424] {scheduler_job.py:643} INFO - DAG(s) dict_keys(['example_dag_decorator']) retrieved from /home/airflow/sandbox/lib/python3.8/site-packages/airflow/example_dags/example_dag_decorator.py
[2021-09-23 23:09:25,736] {logging_mixin.py:104} INFO - [2021-09-23 23:09:25,736] {dag.py:1832} INFO - Sync 1 DAGs
[2021-09-23 23:09:25,746] {logging_mixin.py:104} INFO - [2021-09-23 23:09:25,746] {dag.py:2305} INFO - Setting next_dagrun for example_dag_decorator to None
[2021-09-23 23:09:25,769] {scheduler_job.py:190} INFO - Processing /home/airflow/sandbox/lib/python3.8/site-packages/airflow/example_dags/example_dag_decorator.py took 0.365 seconds
[2021-09-23 23:10:02,256] {scheduler_job.py:182} INFO - Started process (PID=7668) to work on /home/airflow/sandbox/lib/python3.8/site-packages/airflow/example_dags/example_dag_decorator.py
[2021-09-23 23:10:02,257] {scheduler_job.py:633} INFO - Processing file /home/airflow/sandbox/lib/python3.8/site-packages/airflow/example_dags/example_dag_decorator.py for tasks to queue
[2021-09-23 23:10:02,257] {logging_mixin.py:104} INFO - [2021-09-23 23:10:02,257] {dagbag.py:487} INFO - Filling up the DagBag from /home/airflow/sandbox/lib/python3.8/site-packages/airflow/example_dags/example_dag_decorator.py
[2021-09-23 23:10:02,277] {scheduler_job.py:643} INFO - DAG(s) dict_keys(['example_dag_decorator']) retrieved from /home/airflow/sandbox/lib/python3.8/site-packages/airflow/example_dags/example_dag_decorator.py
[2021-09-23 23:10:02,632] {logging_mixin.py:104} INFO - [2021-09-23 23:10:02,632] {dag.py:1832} INFO - Sync 1 DAGs
[2021-09-23 23:10:02,655] {logging_mixin.py:104} INFO - [2021-09-23 23:10:02,655] {dag.py:2305} INFO - Setting next_dagrun for example_dag_decorator to None
[2021-09-23 23:10:02,676] {scheduler_job.py:190} INFO - Processing /home/airflow/sandbox/lib/python3.8/site-packages/airflow/example_dags/example_dag_decorator.py took 0.423 seconds
[2021-09-23 23:10:37,089] {scheduler_job.py:182} INFO - Started process (PID=7818) to work on /home/airflow/sandbox/lib/python3.8/site-packages/airflow/example_dags/example_dag_decorator.py
[2021-09-23 23:10:37,090] {scheduler_job.py:633} INFO - Processing file /home/airflow/sandbox/lib/python3.8/site-packages/airflow/example_dags/example_dag_decorator.py for tasks to queue
[2021-09-23 23:10:37,091] {logging_mixin.py:104} INFO - [2021-09-23 23:10:37,091] {dagbag.py:487} INFO - Filling up the DagBag from /home/airflow/sandbox/lib/python3.8/site-packages/airflow/example_dags/example_dag_decorator.py
[2021-09-23 23:10:37,109] {scheduler_job.py:643} INFO - DAG(s) dict_keys(['example_dag_decorator']) retrieved from /home/airflow/sandbox/lib/python3.8/site-packages/airflow/example_dags/example_dag_decorator.py
[2021-09-23 23:10:37,371] {logging_mixin.py:104} INFO - [2021-09-23 23:10:37,371] {dag.py:1832} INFO - Sync 1 DAGs
[2021-09-23 23:10:37,381] {logging_mixin.py:104} INFO - [2021-09-23 23:10:37,381] {dag.py:2305} INFO - Setting next_dagrun for example_dag_decorator to None
[2021-09-23 23:10:37,405] {scheduler_job.py:190} INFO - Processing /home/airflow/sandbox/lib/python3.8/site-packages/airflow/example_dags/example_dag_decorator.py took 0.318 seconds
[2021-09-23 23:11:13,567] {scheduler_job.py:182} INFO - Started process (PID=7928) to work on /home/airflow/sandbox/lib/python3.8/site-packages/airflow/example_dags/example_dag_decorator.py
[2021-09-23 23:11:13,568] {scheduler_job.py:633} INFO - Processing file /home/airflow/sandbox/lib/python3.8/site-packages/airflow/example_dags/example_dag_decorator.py for tasks to queue
[2021-09-23 23:11:13,569] {logging_mixin.py:104} INFO - [2021-09-23 23:11:13,569] {dagbag.py:487} INFO - Filling up the DagBag from /home/airflow/sandbox/lib/python3.8/site-packages/airflow/example_dags/example_dag_decorator.py
[2021-09-23 23:11:13,587] {scheduler_job.py:643} INFO - DAG(s) dict_keys(['example_dag_decorator']) retrieved from /home/airflow/sandbox/lib/python3.8/site-packages/airflow/example_dags/example_dag_decorator.py
[2021-09-23 23:11:13,854] {logging_mixin.py:104} INFO - [2021-09-23 23:11:13,854] {dag.py:1832} INFO - Sync 1 DAGs
[2021-09-23 23:11:13,862] {logging_mixin.py:104} INFO - [2021-09-23 23:11:13,862] {dag.py:2305} INFO - Setting next_dagrun for example_dag_decorator to None
[2021-09-23 23:11:13,880] {scheduler_job.py:190} INFO - Processing /home/airflow/sandbox/lib/python3.8/site-packages/airflow/example_dags/example_dag_decorator.py took 0.315 seconds
[2021-09-23 23:11:49,060] {scheduler_job.py:182} INFO - Started process (PID=8081) to work on /home/airflow/sandbox/lib/python3.8/site-packages/airflow/example_dags/example_dag_decorator.py
[2021-09-23 23:11:49,061] {scheduler_job.py:633} INFO - Processing file /home/airflow/sandbox/lib/python3.8/site-packages/airflow/example_dags/example_dag_decorator.py for tasks to queue
[2021-09-23 23:11:49,062] {logging_mixin.py:104} INFO - [2021-09-23 23:11:49,062] {dagbag.py:487} INFO - Filling up the DagBag from /home/airflow/sandbox/lib/python3.8/site-packages/airflow/example_dags/example_dag_decorator.py
[2021-09-23 23:11:49,077] {scheduler_job.py:643} INFO - DAG(s) dict_keys(['example_dag_decorator']) retrieved from /home/airflow/sandbox/lib/python3.8/site-packages/airflow/example_dags/example_dag_decorator.py
[2021-09-23 23:11:49,366] {logging_mixin.py:104} INFO - [2021-09-23 23:11:49,366] {dag.py:1832} INFO - Sync 1 DAGs
[2021-09-23 23:11:49,381] {logging_mixin.py:104} INFO - [2021-09-23 23:11:49,381] {dag.py:2305} INFO - Setting next_dagrun for example_dag_decorator to None
[2021-09-23 23:11:49,402] {scheduler_job.py:190} INFO - Processing /home/airflow/sandbox/lib/python3.8/site-packages/airflow/example_dags/example_dag_decorator.py took 0.345 seconds
[2021-09-23 23:12:24,406] {scheduler_job.py:182} INFO - Started process (PID=8306) to work on /home/airflow/sandbox/lib/python3.8/site-packages/airflow/example_dags/example_dag_decorator.py
[2021-09-23 23:12:24,407] {scheduler_job.py:633} INFO - Processing file /home/airflow/sandbox/lib/python3.8/site-packages/airflow/example_dags/example_dag_decorator.py for tasks to queue
[2021-09-23 23:12:24,408] {logging_mixin.py:104} INFO - [2021-09-23 23:12:24,408] {dagbag.py:487} INFO - Filling up the DagBag from /home/airflow/sandbox/lib/python3.8/site-packages/airflow/example_dags/example_dag_decorator.py
[2021-09-23 23:12:24,426] {scheduler_job.py:643} INFO - DAG(s) dict_keys(['example_dag_decorator']) retrieved from /home/airflow/sandbox/lib/python3.8/site-packages/airflow/example_dags/example_dag_decorator.py
[2021-09-23 23:12:24,709] {logging_mixin.py:104} INFO - [2021-09-23 23:12:24,709] {dag.py:1832} INFO - Sync 1 DAGs
[2021-09-23 23:12:24,722] {logging_mixin.py:104} INFO - [2021-09-23 23:12:24,721] {dag.py:2305} INFO - Setting next_dagrun for example_dag_decorator to None
[2021-09-23 23:12:24,744] {scheduler_job.py:190} INFO - Processing /home/airflow/sandbox/lib/python3.8/site-packages/airflow/example_dags/example_dag_decorator.py took 0.342 seconds
[2021-09-23 23:12:57,952] {scheduler_job.py:182} INFO - Started process (PID=8398) to work on /home/airflow/sandbox/lib/python3.8/site-packages/airflow/example_dags/example_dag_decorator.py
[2021-09-23 23:12:57,954] {scheduler_job.py:633} INFO - Processing file /home/airflow/sandbox/lib/python3.8/site-packages/airflow/example_dags/example_dag_decorator.py for tasks to queue
[2021-09-23 23:12:57,955] {logging_mixin.py:104} INFO - [2021-09-23 23:12:57,955] {dagbag.py:487} INFO - Filling up the DagBag from /home/airflow/sandbox/lib/python3.8/site-packages/airflow/example_dags/example_dag_decorator.py
[2021-09-23 23:12:57,974] {scheduler_job.py:643} INFO - DAG(s) dict_keys(['example_dag_decorator']) retrieved from /home/airflow/sandbox/lib/python3.8/site-packages/airflow/example_dags/example_dag_decorator.py
[2021-09-23 23:12:58,301] {logging_mixin.py:104} INFO - [2021-09-23 23:12:58,301] {dag.py:1832} INFO - Sync 1 DAGs
[2021-09-23 23:12:58,313] {logging_mixin.py:104} INFO - [2021-09-23 23:12:58,313] {dag.py:2305} INFO - Setting next_dagrun for example_dag_decorator to None
[2021-09-23 23:12:58,348] {scheduler_job.py:190} INFO - Processing /home/airflow/sandbox/lib/python3.8/site-packages/airflow/example_dags/example_dag_decorator.py took 0.399 seconds
[2021-09-23 23:13:33,142] {scheduler_job.py:182} INFO - Started process (PID=8430) to work on /home/airflow/sandbox/lib/python3.8/site-packages/airflow/example_dags/example_dag_decorator.py
[2021-09-23 23:13:33,144] {scheduler_job.py:633} INFO - Processing file /home/airflow/sandbox/lib/python3.8/site-packages/airflow/example_dags/example_dag_decorator.py for tasks to queue
[2021-09-23 23:13:33,145] {logging_mixin.py:104} INFO - [2021-09-23 23:13:33,145] {dagbag.py:487} INFO - Filling up the DagBag from /home/airflow/sandbox/lib/python3.8/site-packages/airflow/example_dags/example_dag_decorator.py
[2021-09-23 23:13:33,172] {scheduler_job.py:643} INFO - DAG(s) dict_keys(['example_dag_decorator']) retrieved from /home/airflow/sandbox/lib/python3.8/site-packages/airflow/example_dags/example_dag_decorator.py
[2021-09-23 23:13:33,484] {logging_mixin.py:104} INFO - [2021-09-23 23:13:33,484] {dag.py:1832} INFO - Sync 1 DAGs
[2021-09-23 23:13:33,496] {logging_mixin.py:104} INFO - [2021-09-23 23:13:33,495] {dag.py:2305} INFO - Setting next_dagrun for example_dag_decorator to None
[2021-09-23 23:13:33,519] {scheduler_job.py:190} INFO - Processing /home/airflow/sandbox/lib/python3.8/site-packages/airflow/example_dags/example_dag_decorator.py took 0.381 seconds
[2021-09-23 23:14:11,148] {scheduler_job.py:182} INFO - Started process (PID=8464) to work on /home/airflow/sandbox/lib/python3.8/site-packages/airflow/example_dags/example_dag_decorator.py
[2021-09-23 23:14:11,149] {scheduler_job.py:633} INFO - Processing file /home/airflow/sandbox/lib/python3.8/site-packages/airflow/example_dags/example_dag_decorator.py for tasks to queue
[2021-09-23 23:14:11,150] {logging_mixin.py:104} INFO - [2021-09-23 23:14:11,150] {dagbag.py:487} INFO - Filling up the DagBag from /home/airflow/sandbox/lib/python3.8/site-packages/airflow/example_dags/example_dag_decorator.py
[2021-09-23 23:14:11,169] {scheduler_job.py:643} INFO - DAG(s) dict_keys(['example_dag_decorator']) retrieved from /home/airflow/sandbox/lib/python3.8/site-packages/airflow/example_dags/example_dag_decorator.py
[2021-09-23 23:14:11,572] {logging_mixin.py:104} INFO - [2021-09-23 23:14:11,572] {dag.py:1832} INFO - Sync 1 DAGs
[2021-09-23 23:14:11,582] {logging_mixin.py:104} INFO - [2021-09-23 23:14:11,582] {dag.py:2305} INFO - Setting next_dagrun for example_dag_decorator to None
[2021-09-23 23:14:11,602] {scheduler_job.py:190} INFO - Processing /home/airflow/sandbox/lib/python3.8/site-packages/airflow/example_dags/example_dag_decorator.py took 0.456 seconds
[2021-09-23 23:14:46,818] {scheduler_job.py:182} INFO - Started process (PID=8528) to work on /home/airflow/sandbox/lib/python3.8/site-packages/airflow/example_dags/example_dag_decorator.py
[2021-09-23 23:14:46,819] {scheduler_job.py:633} INFO - Processing file /home/airflow/sandbox/lib/python3.8/site-packages/airflow/example_dags/example_dag_decorator.py for tasks to queue
[2021-09-23 23:14:46,820] {logging_mixin.py:104} INFO - [2021-09-23 23:14:46,820] {dagbag.py:487} INFO - Filling up the DagBag from /home/airflow/sandbox/lib/python3.8/site-packages/airflow/example_dags/example_dag_decorator.py
[2021-09-23 23:14:46,838] {scheduler_job.py:643} INFO - DAG(s) dict_keys(['example_dag_decorator']) retrieved from /home/airflow/sandbox/lib/python3.8/site-packages/airflow/example_dags/example_dag_decorator.py
[2021-09-23 23:14:46,851] {logging_mixin.py:104} INFO - [2021-09-23 23:14:46,851] {dag.py:1832} INFO - Sync 1 DAGs
[2021-09-23 23:14:46,867] {logging_mixin.py:104} INFO - [2021-09-23 23:14:46,866] {dag.py:2305} INFO - Setting next_dagrun for example_dag_decorator to None
[2021-09-23 23:14:46,894] {scheduler_job.py:190} INFO - Processing /home/airflow/sandbox/lib/python3.8/site-packages/airflow/example_dags/example_dag_decorator.py took 0.079 seconds
[2021-09-23 23:15:23,460] {scheduler_job.py:182} INFO - Started process (PID=8817) to work on /home/airflow/sandbox/lib/python3.8/site-packages/airflow/example_dags/example_dag_decorator.py
[2021-09-23 23:15:23,460] {scheduler_job.py:633} INFO - Processing file /home/airflow/sandbox/lib/python3.8/site-packages/airflow/example_dags/example_dag_decorator.py for tasks to queue
[2021-09-23 23:15:23,461] {logging_mixin.py:104} INFO - [2021-09-23 23:15:23,461] {dagbag.py:487} INFO - Filling up the DagBag from /home/airflow/sandbox/lib/python3.8/site-packages/airflow/example_dags/example_dag_decorator.py
[2021-09-23 23:15:23,476] {scheduler_job.py:643} INFO - DAG(s) dict_keys(['example_dag_decorator']) retrieved from /home/airflow/sandbox/lib/python3.8/site-packages/airflow/example_dags/example_dag_decorator.py
[2021-09-23 23:15:23,845] {logging_mixin.py:104} INFO - [2021-09-23 23:15:23,845] {dag.py:1832} INFO - Sync 1 DAGs
[2021-09-23 23:15:23,857] {logging_mixin.py:104} INFO - [2021-09-23 23:15:23,857] {dag.py:2305} INFO - Setting next_dagrun for example_dag_decorator to None
[2021-09-23 23:15:23,890] {scheduler_job.py:190} INFO - Processing /home/airflow/sandbox/lib/python3.8/site-packages/airflow/example_dags/example_dag_decorator.py took 0.433 seconds
[2021-09-23 23:15:58,690] {scheduler_job.py:182} INFO - Started process (PID=8989) to work on /home/airflow/sandbox/lib/python3.8/site-packages/airflow/example_dags/example_dag_decorator.py
[2021-09-23 23:15:58,692] {scheduler_job.py:633} INFO - Processing file /home/airflow/sandbox/lib/python3.8/site-packages/airflow/example_dags/example_dag_decorator.py for tasks to queue
[2021-09-23 23:15:58,693] {logging_mixin.py:104} INFO - [2021-09-23 23:15:58,693] {dagbag.py:487} INFO - Filling up the DagBag from /home/airflow/sandbox/lib/python3.8/site-packages/airflow/example_dags/example_dag_decorator.py
[2021-09-23 23:15:58,722] {scheduler_job.py:643} INFO - DAG(s) dict_keys(['example_dag_decorator']) retrieved from /home/airflow/sandbox/lib/python3.8/site-packages/airflow/example_dags/example_dag_decorator.py
[2021-09-23 23:15:59,095] {logging_mixin.py:104} INFO - [2021-09-23 23:15:59,095] {dag.py:1832} INFO - Sync 1 DAGs
[2021-09-23 23:15:59,109] {logging_mixin.py:104} INFO - [2021-09-23 23:15:59,109] {dag.py:2305} INFO - Setting next_dagrun for example_dag_decorator to None
[2021-09-23 23:15:59,140] {scheduler_job.py:190} INFO - Processing /home/airflow/sandbox/lib/python3.8/site-packages/airflow/example_dags/example_dag_decorator.py took 0.453 seconds
[2021-09-23 23:16:33,797] {scheduler_job.py:182} INFO - Started process (PID=9114) to work on /home/airflow/sandbox/lib/python3.8/site-packages/airflow/example_dags/example_dag_decorator.py
[2021-09-23 23:16:33,798] {scheduler_job.py:633} INFO - Processing file /home/airflow/sandbox/lib/python3.8/site-packages/airflow/example_dags/example_dag_decorator.py for tasks to queue
[2021-09-23 23:16:33,799] {logging_mixin.py:104} INFO - [2021-09-23 23:16:33,799] {dagbag.py:487} INFO - Filling up the DagBag from /home/airflow/sandbox/lib/python3.8/site-packages/airflow/example_dags/example_dag_decorator.py
[2021-09-23 23:16:33,814] {scheduler_job.py:643} INFO - DAG(s) dict_keys(['example_dag_decorator']) retrieved from /home/airflow/sandbox/lib/python3.8/site-packages/airflow/example_dags/example_dag_decorator.py
[2021-09-23 23:16:34,115] {logging_mixin.py:104} INFO - [2021-09-23 23:16:34,114] {dag.py:1832} INFO - Sync 1 DAGs
[2021-09-23 23:16:34,127] {logging_mixin.py:104} INFO - [2021-09-23 23:16:34,127] {dag.py:2305} INFO - Setting next_dagrun for example_dag_decorator to None
[2021-09-23 23:16:34,146] {scheduler_job.py:190} INFO - Processing /home/airflow/sandbox/lib/python3.8/site-packages/airflow/example_dags/example_dag_decorator.py took 0.353 seconds
[2021-09-23 23:43:43,270] {scheduler_job.py:182} INFO - Started process (PID=9329) to work on /home/airflow/sandbox/lib/python3.8/site-packages/airflow/example_dags/example_dag_decorator.py
[2021-09-23 23:43:43,271] {scheduler_job.py:633} INFO - Processing file /home/airflow/sandbox/lib/python3.8/site-packages/airflow/example_dags/example_dag_decorator.py for tasks to queue
[2021-09-23 23:43:43,272] {logging_mixin.py:104} INFO - [2021-09-23 23:43:43,272] {dagbag.py:487} INFO - Filling up the DagBag from /home/airflow/sandbox/lib/python3.8/site-packages/airflow/example_dags/example_dag_decorator.py
[2021-09-23 23:43:43,290] {scheduler_job.py:643} INFO - DAG(s) dict_keys(['example_dag_decorator']) retrieved from /home/airflow/sandbox/lib/python3.8/site-packages/airflow/example_dags/example_dag_decorator.py
[2021-09-23 23:43:43,662] {logging_mixin.py:104} INFO - [2021-09-23 23:43:43,662] {dag.py:1832} INFO - Sync 1 DAGs
[2021-09-23 23:43:43,674] {logging_mixin.py:104} INFO - [2021-09-23 23:43:43,674] {dag.py:2305} INFO - Setting next_dagrun for example_dag_decorator to None
[2021-09-23 23:43:43,699] {scheduler_job.py:190} INFO - Processing /home/airflow/sandbox/lib/python3.8/site-packages/airflow/example_dags/example_dag_decorator.py took 0.433 seconds
[2021-09-23 23:44:17,160] {scheduler_job.py:182} INFO - Started process (PID=9362) to work on /home/airflow/sandbox/lib/python3.8/site-packages/airflow/example_dags/example_dag_decorator.py
[2021-09-23 23:44:17,161] {scheduler_job.py:633} INFO - Processing file /home/airflow/sandbox/lib/python3.8/site-packages/airflow/example_dags/example_dag_decorator.py for tasks to queue
[2021-09-23 23:44:17,162] {logging_mixin.py:104} INFO - [2021-09-23 23:44:17,162] {dagbag.py:487} INFO - Filling up the DagBag from /home/airflow/sandbox/lib/python3.8/site-packages/airflow/example_dags/example_dag_decorator.py
[2021-09-23 23:44:17,184] {scheduler_job.py:643} INFO - DAG(s) dict_keys(['example_dag_decorator']) retrieved from /home/airflow/sandbox/lib/python3.8/site-packages/airflow/example_dags/example_dag_decorator.py
[2021-09-23 23:44:17,515] {logging_mixin.py:104} INFO - [2021-09-23 23:44:17,515] {dag.py:1832} INFO - Sync 1 DAGs
[2021-09-23 23:44:17,526] {logging_mixin.py:104} INFO - [2021-09-23 23:44:17,526] {dag.py:2305} INFO - Setting next_dagrun for example_dag_decorator to None
[2021-09-23 23:44:17,549] {scheduler_job.py:190} INFO - Processing /home/airflow/sandbox/lib/python3.8/site-packages/airflow/example_dags/example_dag_decorator.py took 0.391 seconds
[2021-09-23 23:44:50,765] {scheduler_job.py:182} INFO - Started process (PID=9395) to work on /home/airflow/sandbox/lib/python3.8/site-packages/airflow/example_dags/example_dag_decorator.py
[2021-09-23 23:44:50,766] {scheduler_job.py:633} INFO - Processing file /home/airflow/sandbox/lib/python3.8/site-packages/airflow/example_dags/example_dag_decorator.py for tasks to queue
[2021-09-23 23:44:50,766] {logging_mixin.py:104} INFO - [2021-09-23 23:44:50,766] {dagbag.py:487} INFO - Filling up the DagBag from /home/airflow/sandbox/lib/python3.8/site-packages/airflow/example_dags/example_dag_decorator.py
[2021-09-23 23:44:50,792] {scheduler_job.py:643} INFO - DAG(s) dict_keys(['example_dag_decorator']) retrieved from /home/airflow/sandbox/lib/python3.8/site-packages/airflow/example_dags/example_dag_decorator.py
[2021-09-23 23:44:51,076] {logging_mixin.py:104} INFO - [2021-09-23 23:44:51,076] {dag.py:1832} INFO - Sync 1 DAGs
[2021-09-23 23:44:51,086] {logging_mixin.py:104} INFO - [2021-09-23 23:44:51,086] {dag.py:2305} INFO - Setting next_dagrun for example_dag_decorator to None
[2021-09-23 23:44:51,104] {scheduler_job.py:190} INFO - Processing /home/airflow/sandbox/lib/python3.8/site-packages/airflow/example_dags/example_dag_decorator.py took 0.342 seconds
[2021-09-23 23:45:25,564] {scheduler_job.py:182} INFO - Started process (PID=9427) to work on /home/airflow/sandbox/lib/python3.8/site-packages/airflow/example_dags/example_dag_decorator.py
[2021-09-23 23:45:25,566] {scheduler_job.py:633} INFO - Processing file /home/airflow/sandbox/lib/python3.8/site-packages/airflow/example_dags/example_dag_decorator.py for tasks to queue
[2021-09-23 23:45:25,566] {logging_mixin.py:104} INFO - [2021-09-23 23:45:25,566] {dagbag.py:487} INFO - Filling up the DagBag from /home/airflow/sandbox/lib/python3.8/site-packages/airflow/example_dags/example_dag_decorator.py
[2021-09-23 23:45:25,582] {scheduler_job.py:643} INFO - DAG(s) dict_keys(['example_dag_decorator']) retrieved from /home/airflow/sandbox/lib/python3.8/site-packages/airflow/example_dags/example_dag_decorator.py
[2021-09-23 23:45:25,863] {logging_mixin.py:104} INFO - [2021-09-23 23:45:25,863] {dag.py:1832} INFO - Sync 1 DAGs
[2021-09-23 23:45:25,872] {logging_mixin.py:104} INFO - [2021-09-23 23:45:25,872] {dag.py:2305} INFO - Setting next_dagrun for example_dag_decorator to None
[2021-09-23 23:45:25,891] {scheduler_job.py:190} INFO - Processing /home/airflow/sandbox/lib/python3.8/site-packages/airflow/example_dags/example_dag_decorator.py took 0.330 seconds
[2021-09-23 23:45:59,706] {scheduler_job.py:182} INFO - Started process (PID=9459) to work on /home/airflow/sandbox/lib/python3.8/site-packages/airflow/example_dags/example_dag_decorator.py
[2021-09-23 23:45:59,708] {scheduler_job.py:633} INFO - Processing file /home/airflow/sandbox/lib/python3.8/site-packages/airflow/example_dags/example_dag_decorator.py for tasks to queue
[2021-09-23 23:45:59,709] {logging_mixin.py:104} INFO - [2021-09-23 23:45:59,708] {dagbag.py:487} INFO - Filling up the DagBag from /home/airflow/sandbox/lib/python3.8/site-packages/airflow/example_dags/example_dag_decorator.py
[2021-09-23 23:45:59,728] {scheduler_job.py:643} INFO - DAG(s) dict_keys(['example_dag_decorator']) retrieved from /home/airflow/sandbox/lib/python3.8/site-packages/airflow/example_dags/example_dag_decorator.py
[2021-09-23 23:46:00,046] {logging_mixin.py:104} INFO - [2021-09-23 23:46:00,046] {dag.py:1832} INFO - Sync 1 DAGs
[2021-09-23 23:46:00,055] {logging_mixin.py:104} INFO - [2021-09-23 23:46:00,055] {dag.py:2305} INFO - Setting next_dagrun for example_dag_decorator to None
[2021-09-23 23:46:00,077] {scheduler_job.py:190} INFO - Processing /home/airflow/sandbox/lib/python3.8/site-packages/airflow/example_dags/example_dag_decorator.py took 0.375 seconds
[2021-09-23 23:46:32,410] {scheduler_job.py:182} INFO - Started process (PID=9514) to work on /home/airflow/sandbox/lib/python3.8/site-packages/airflow/example_dags/example_dag_decorator.py
[2021-09-23 23:46:32,412] {scheduler_job.py:633} INFO - Processing file /home/airflow/sandbox/lib/python3.8/site-packages/airflow/example_dags/example_dag_decorator.py for tasks to queue
[2021-09-23 23:46:32,413] {logging_mixin.py:104} INFO - [2021-09-23 23:46:32,412] {dagbag.py:487} INFO - Filling up the DagBag from /home/airflow/sandbox/lib/python3.8/site-packages/airflow/example_dags/example_dag_decorator.py
[2021-09-23 23:46:32,434] {scheduler_job.py:643} INFO - DAG(s) dict_keys(['example_dag_decorator']) retrieved from /home/airflow/sandbox/lib/python3.8/site-packages/airflow/example_dags/example_dag_decorator.py
[2021-09-23 23:46:32,722] {logging_mixin.py:104} INFO - [2021-09-23 23:46:32,722] {dag.py:1832} INFO - Sync 1 DAGs
[2021-09-23 23:46:32,730] {logging_mixin.py:104} INFO - [2021-09-23 23:46:32,730] {dag.py:2305} INFO - Setting next_dagrun for example_dag_decorator to None
[2021-09-23 23:46:32,753] {scheduler_job.py:190} INFO - Processing /home/airflow/sandbox/lib/python3.8/site-packages/airflow/example_dags/example_dag_decorator.py took 0.346 seconds
[2021-09-23 23:47:07,950] {scheduler_job.py:182} INFO - Started process (PID=9569) to work on /home/airflow/sandbox/lib/python3.8/site-packages/airflow/example_dags/example_dag_decorator.py
[2021-09-23 23:47:07,951] {scheduler_job.py:633} INFO - Processing file /home/airflow/sandbox/lib/python3.8/site-packages/airflow/example_dags/example_dag_decorator.py for tasks to queue
[2021-09-23 23:47:07,952] {logging_mixin.py:104} INFO - [2021-09-23 23:47:07,952] {dagbag.py:487} INFO - Filling up the DagBag from /home/airflow/sandbox/lib/python3.8/site-packages/airflow/example_dags/example_dag_decorator.py
[2021-09-23 23:47:07,967] {scheduler_job.py:643} INFO - DAG(s) dict_keys(['example_dag_decorator']) retrieved from /home/airflow/sandbox/lib/python3.8/site-packages/airflow/example_dags/example_dag_decorator.py
[2021-09-23 23:47:08,254] {logging_mixin.py:104} INFO - [2021-09-23 23:47:08,254] {dag.py:1832} INFO - Sync 1 DAGs
[2021-09-23 23:47:08,260] {logging_mixin.py:104} INFO - [2021-09-23 23:47:08,260] {dag.py:2305} INFO - Setting next_dagrun for example_dag_decorator to None
[2021-09-23 23:47:08,276] {scheduler_job.py:190} INFO - Processing /home/airflow/sandbox/lib/python3.8/site-packages/airflow/example_dags/example_dag_decorator.py took 0.330 seconds
[2021-09-23 23:47:43,113] {scheduler_job.py:182} INFO - Started process (PID=9603) to work on /home/airflow/sandbox/lib/python3.8/site-packages/airflow/example_dags/example_dag_decorator.py
[2021-09-23 23:47:43,114] {scheduler_job.py:633} INFO - Processing file /home/airflow/sandbox/lib/python3.8/site-packages/airflow/example_dags/example_dag_decorator.py for tasks to queue
[2021-09-23 23:47:43,114] {logging_mixin.py:104} INFO - [2021-09-23 23:47:43,114] {dagbag.py:487} INFO - Filling up the DagBag from /home/airflow/sandbox/lib/python3.8/site-packages/airflow/example_dags/example_dag_decorator.py
[2021-09-23 23:47:43,131] {scheduler_job.py:643} INFO - DAG(s) dict_keys(['example_dag_decorator']) retrieved from /home/airflow/sandbox/lib/python3.8/site-packages/airflow/example_dags/example_dag_decorator.py
[2021-09-23 23:47:43,410] {logging_mixin.py:104} INFO - [2021-09-23 23:47:43,410] {dag.py:1832} INFO - Sync 1 DAGs
[2021-09-23 23:47:43,418] {logging_mixin.py:104} INFO - [2021-09-23 23:47:43,418] {dag.py:2305} INFO - Setting next_dagrun for example_dag_decorator to None
[2021-09-23 23:47:43,442] {scheduler_job.py:190} INFO - Processing /home/airflow/sandbox/lib/python3.8/site-packages/airflow/example_dags/example_dag_decorator.py took 0.332 seconds
[2021-09-23 23:48:17,655] {scheduler_job.py:182} INFO - Started process (PID=9636) to work on /home/airflow/sandbox/lib/python3.8/site-packages/airflow/example_dags/example_dag_decorator.py
[2021-09-23 23:48:17,655] {scheduler_job.py:633} INFO - Processing file /home/airflow/sandbox/lib/python3.8/site-packages/airflow/example_dags/example_dag_decorator.py for tasks to queue
[2021-09-23 23:48:17,656] {logging_mixin.py:104} INFO - [2021-09-23 23:48:17,656] {dagbag.py:487} INFO - Filling up the DagBag from /home/airflow/sandbox/lib/python3.8/site-packages/airflow/example_dags/example_dag_decorator.py
[2021-09-23 23:48:17,674] {scheduler_job.py:643} INFO - DAG(s) dict_keys(['example_dag_decorator']) retrieved from /home/airflow/sandbox/lib/python3.8/site-packages/airflow/example_dags/example_dag_decorator.py
[2021-09-23 23:48:17,987] {logging_mixin.py:104} INFO - [2021-09-23 23:48:17,986] {dag.py:1832} INFO - Sync 1 DAGs
[2021-09-23 23:48:17,995] {logging_mixin.py:104} INFO - [2021-09-23 23:48:17,995] {dag.py:2305} INFO - Setting next_dagrun for example_dag_decorator to None
[2021-09-23 23:48:18,015] {scheduler_job.py:190} INFO - Processing /home/airflow/sandbox/lib/python3.8/site-packages/airflow/example_dags/example_dag_decorator.py took 0.363 seconds
[2021-09-23 23:48:52,614] {scheduler_job.py:182} INFO - Started process (PID=9668) to work on /home/airflow/sandbox/lib/python3.8/site-packages/airflow/example_dags/example_dag_decorator.py
[2021-09-23 23:48:52,616] {scheduler_job.py:633} INFO - Processing file /home/airflow/sandbox/lib/python3.8/site-packages/airflow/example_dags/example_dag_decorator.py for tasks to queue
[2021-09-23 23:48:52,617] {logging_mixin.py:104} INFO - [2021-09-23 23:48:52,616] {dagbag.py:487} INFO - Filling up the DagBag from /home/airflow/sandbox/lib/python3.8/site-packages/airflow/example_dags/example_dag_decorator.py
[2021-09-23 23:48:52,639] {scheduler_job.py:643} INFO - DAG(s) dict_keys(['example_dag_decorator']) retrieved from /home/airflow/sandbox/lib/python3.8/site-packages/airflow/example_dags/example_dag_decorator.py
[2021-09-23 23:48:52,967] {logging_mixin.py:104} INFO - [2021-09-23 23:48:52,967] {dag.py:1832} INFO - Sync 1 DAGs
[2021-09-23 23:48:52,981] {logging_mixin.py:104} INFO - [2021-09-23 23:48:52,981] {dag.py:2305} INFO - Setting next_dagrun for example_dag_decorator to None
[2021-09-23 23:48:53,000] {scheduler_job.py:190} INFO - Processing /home/airflow/sandbox/lib/python3.8/site-packages/airflow/example_dags/example_dag_decorator.py took 0.389 seconds
[2021-09-23 23:49:33,059] {scheduler_job.py:182} INFO - Started process (PID=9705) to work on /home/airflow/sandbox/lib/python3.8/site-packages/airflow/example_dags/example_dag_decorator.py
[2021-09-23 23:49:33,060] {scheduler_job.py:633} INFO - Processing file /home/airflow/sandbox/lib/python3.8/site-packages/airflow/example_dags/example_dag_decorator.py for tasks to queue
[2021-09-23 23:49:33,060] {logging_mixin.py:104} INFO - [2021-09-23 23:49:33,060] {dagbag.py:487} INFO - Filling up the DagBag from /home/airflow/sandbox/lib/python3.8/site-packages/airflow/example_dags/example_dag_decorator.py
[2021-09-23 23:49:33,076] {scheduler_job.py:643} INFO - DAG(s) dict_keys(['example_dag_decorator']) retrieved from /home/airflow/sandbox/lib/python3.8/site-packages/airflow/example_dags/example_dag_decorator.py
[2021-09-23 23:49:33,356] {logging_mixin.py:104} INFO - [2021-09-23 23:49:33,356] {dag.py:1832} INFO - Sync 1 DAGs
[2021-09-23 23:49:33,369] {logging_mixin.py:104} INFO - [2021-09-23 23:49:33,369] {dag.py:2305} INFO - Setting next_dagrun for example_dag_decorator to None
[2021-09-23 23:49:33,388] {scheduler_job.py:190} INFO - Processing /home/airflow/sandbox/lib/python3.8/site-packages/airflow/example_dags/example_dag_decorator.py took 0.332 seconds
[2021-09-23 23:50:06,584] {scheduler_job.py:182} INFO - Started process (PID=9739) to work on /home/airflow/sandbox/lib/python3.8/site-packages/airflow/example_dags/example_dag_decorator.py
[2021-09-23 23:50:06,585] {scheduler_job.py:633} INFO - Processing file /home/airflow/sandbox/lib/python3.8/site-packages/airflow/example_dags/example_dag_decorator.py for tasks to queue
[2021-09-23 23:50:06,586] {logging_mixin.py:104} INFO - [2021-09-23 23:50:06,585] {dagbag.py:487} INFO - Filling up the DagBag from /home/airflow/sandbox/lib/python3.8/site-packages/airflow/example_dags/example_dag_decorator.py
[2021-09-23 23:50:06,604] {scheduler_job.py:643} INFO - DAG(s) dict_keys(['example_dag_decorator']) retrieved from /home/airflow/sandbox/lib/python3.8/site-packages/airflow/example_dags/example_dag_decorator.py
[2021-09-23 23:50:06,904] {logging_mixin.py:104} INFO - [2021-09-23 23:50:06,904] {dag.py:1832} INFO - Sync 1 DAGs
[2021-09-23 23:50:06,914] {logging_mixin.py:104} INFO - [2021-09-23 23:50:06,913] {dag.py:2305} INFO - Setting next_dagrun for example_dag_decorator to None
[2021-09-23 23:50:06,933] {scheduler_job.py:190} INFO - Processing /home/airflow/sandbox/lib/python3.8/site-packages/airflow/example_dags/example_dag_decorator.py took 0.352 seconds
[2021-09-23 23:50:41,968] {scheduler_job.py:182} INFO - Started process (PID=9773) to work on /home/airflow/sandbox/lib/python3.8/site-packages/airflow/example_dags/example_dag_decorator.py
[2021-09-23 23:50:41,969] {scheduler_job.py:633} INFO - Processing file /home/airflow/sandbox/lib/python3.8/site-packages/airflow/example_dags/example_dag_decorator.py for tasks to queue
[2021-09-23 23:50:41,970] {logging_mixin.py:104} INFO - [2021-09-23 23:50:41,970] {dagbag.py:487} INFO - Filling up the DagBag from /home/airflow/sandbox/lib/python3.8/site-packages/airflow/example_dags/example_dag_decorator.py
[2021-09-23 23:50:41,991] {scheduler_job.py:643} INFO - DAG(s) dict_keys(['example_dag_decorator']) retrieved from /home/airflow/sandbox/lib/python3.8/site-packages/airflow/example_dags/example_dag_decorator.py
[2021-09-23 23:50:42,272] {logging_mixin.py:104} INFO - [2021-09-23 23:50:42,272] {dag.py:1832} INFO - Sync 1 DAGs
[2021-09-23 23:50:42,280] {logging_mixin.py:104} INFO - [2021-09-23 23:50:42,280] {dag.py:2305} INFO - Setting next_dagrun for example_dag_decorator to None
[2021-09-23 23:50:42,297] {scheduler_job.py:190} INFO - Processing /home/airflow/sandbox/lib/python3.8/site-packages/airflow/example_dags/example_dag_decorator.py took 0.332 seconds
[2021-09-23 23:51:15,154] {scheduler_job.py:182} INFO - Started process (PID=9805) to work on /home/airflow/sandbox/lib/python3.8/site-packages/airflow/example_dags/example_dag_decorator.py
[2021-09-23 23:51:15,155] {scheduler_job.py:633} INFO - Processing file /home/airflow/sandbox/lib/python3.8/site-packages/airflow/example_dags/example_dag_decorator.py for tasks to queue
[2021-09-23 23:51:15,156] {logging_mixin.py:104} INFO - [2021-09-23 23:51:15,156] {dagbag.py:487} INFO - Filling up the DagBag from /home/airflow/sandbox/lib/python3.8/site-packages/airflow/example_dags/example_dag_decorator.py
[2021-09-23 23:51:15,171] {scheduler_job.py:643} INFO - DAG(s) dict_keys(['example_dag_decorator']) retrieved from /home/airflow/sandbox/lib/python3.8/site-packages/airflow/example_dags/example_dag_decorator.py
[2021-09-23 23:51:15,465] {logging_mixin.py:104} INFO - [2021-09-23 23:51:15,465] {dag.py:1832} INFO - Sync 1 DAGs
[2021-09-23 23:51:15,474] {logging_mixin.py:104} INFO - [2021-09-23 23:51:15,474] {dag.py:2305} INFO - Setting next_dagrun for example_dag_decorator to None
[2021-09-23 23:51:15,494] {scheduler_job.py:190} INFO - Processing /home/airflow/sandbox/lib/python3.8/site-packages/airflow/example_dags/example_dag_decorator.py took 0.342 seconds
[2021-09-23 23:51:50,874] {scheduler_job.py:182} INFO - Started process (PID=9882) to work on /home/airflow/sandbox/lib/python3.8/site-packages/airflow/example_dags/example_dag_decorator.py
[2021-09-23 23:51:50,875] {scheduler_job.py:633} INFO - Processing file /home/airflow/sandbox/lib/python3.8/site-packages/airflow/example_dags/example_dag_decorator.py for tasks to queue
[2021-09-23 23:51:50,875] {logging_mixin.py:104} INFO - [2021-09-23 23:51:50,875] {dagbag.py:487} INFO - Filling up the DagBag from /home/airflow/sandbox/lib/python3.8/site-packages/airflow/example_dags/example_dag_decorator.py
[2021-09-23 23:51:50,891] {scheduler_job.py:643} INFO - DAG(s) dict_keys(['example_dag_decorator']) retrieved from /home/airflow/sandbox/lib/python3.8/site-packages/airflow/example_dags/example_dag_decorator.py
[2021-09-23 23:51:51,183] {logging_mixin.py:104} INFO - [2021-09-23 23:51:51,183] {dag.py:1832} INFO - Sync 1 DAGs
[2021-09-23 23:51:51,190] {logging_mixin.py:104} INFO - [2021-09-23 23:51:51,190] {dag.py:2305} INFO - Setting next_dagrun for example_dag_decorator to None
[2021-09-23 23:51:51,210] {scheduler_job.py:190} INFO - Processing /home/airflow/sandbox/lib/python3.8/site-packages/airflow/example_dags/example_dag_decorator.py took 0.338 seconds
[2021-09-23 23:52:22,895] {scheduler_job.py:182} INFO - Started process (PID=9915) to work on /home/airflow/sandbox/lib/python3.8/site-packages/airflow/example_dags/example_dag_decorator.py
[2021-09-23 23:52:22,896] {scheduler_job.py:633} INFO - Processing file /home/airflow/sandbox/lib/python3.8/site-packages/airflow/example_dags/example_dag_decorator.py for tasks to queue
[2021-09-23 23:52:22,897] {logging_mixin.py:104} INFO - [2021-09-23 23:52:22,897] {dagbag.py:487} INFO - Filling up the DagBag from /home/airflow/sandbox/lib/python3.8/site-packages/airflow/example_dags/example_dag_decorator.py
[2021-09-23 23:52:22,917] {scheduler_job.py:643} INFO - DAG(s) dict_keys(['example_dag_decorator']) retrieved from /home/airflow/sandbox/lib/python3.8/site-packages/airflow/example_dags/example_dag_decorator.py
[2021-09-23 23:52:22,931] {logging_mixin.py:104} INFO - [2021-09-23 23:52:22,931] {dag.py:1832} INFO - Sync 1 DAGs
[2021-09-23 23:52:22,943] {logging_mixin.py:104} INFO - [2021-09-23 23:52:22,943] {dag.py:2305} INFO - Setting next_dagrun for example_dag_decorator to None
[2021-09-23 23:52:22,960] {scheduler_job.py:190} INFO - Processing /home/airflow/sandbox/lib/python3.8/site-packages/airflow/example_dags/example_dag_decorator.py took 0.070 seconds
[2021-09-23 23:52:59,028] {scheduler_job.py:182} INFO - Started process (PID=9949) to work on /home/airflow/sandbox/lib/python3.8/site-packages/airflow/example_dags/example_dag_decorator.py
[2021-09-23 23:52:59,029] {scheduler_job.py:633} INFO - Processing file /home/airflow/sandbox/lib/python3.8/site-packages/airflow/example_dags/example_dag_decorator.py for tasks to queue
[2021-09-23 23:52:59,029] {logging_mixin.py:104} INFO - [2021-09-23 23:52:59,029] {dagbag.py:487} INFO - Filling up the DagBag from /home/airflow/sandbox/lib/python3.8/site-packages/airflow/example_dags/example_dag_decorator.py
[2021-09-23 23:52:59,045] {scheduler_job.py:643} INFO - DAG(s) dict_keys(['example_dag_decorator']) retrieved from /home/airflow/sandbox/lib/python3.8/site-packages/airflow/example_dags/example_dag_decorator.py
[2021-09-23 23:52:59,341] {logging_mixin.py:104} INFO - [2021-09-23 23:52:59,341] {dag.py:1832} INFO - Sync 1 DAGs
[2021-09-23 23:52:59,349] {logging_mixin.py:104} INFO - [2021-09-23 23:52:59,349] {dag.py:2305} INFO - Setting next_dagrun for example_dag_decorator to None
[2021-09-23 23:52:59,369] {scheduler_job.py:190} INFO - Processing /home/airflow/sandbox/lib/python3.8/site-packages/airflow/example_dags/example_dag_decorator.py took 0.346 seconds
[2021-09-23 23:53:33,338] {scheduler_job.py:182} INFO - Started process (PID=9983) to work on /home/airflow/sandbox/lib/python3.8/site-packages/airflow/example_dags/example_dag_decorator.py
[2021-09-23 23:53:33,338] {scheduler_job.py:633} INFO - Processing file /home/airflow/sandbox/lib/python3.8/site-packages/airflow/example_dags/example_dag_decorator.py for tasks to queue
[2021-09-23 23:53:33,339] {logging_mixin.py:104} INFO - [2021-09-23 23:53:33,339] {dagbag.py:487} INFO - Filling up the DagBag from /home/airflow/sandbox/lib/python3.8/site-packages/airflow/example_dags/example_dag_decorator.py
[2021-09-23 23:53:33,360] {scheduler_job.py:643} INFO - DAG(s) dict_keys(['example_dag_decorator']) retrieved from /home/airflow/sandbox/lib/python3.8/site-packages/airflow/example_dags/example_dag_decorator.py
[2021-09-23 23:53:33,640] {logging_mixin.py:104} INFO - [2021-09-23 23:53:33,640] {dag.py:1832} INFO - Sync 1 DAGs
[2021-09-23 23:53:33,649] {logging_mixin.py:104} INFO - [2021-09-23 23:53:33,648] {dag.py:2305} INFO - Setting next_dagrun for example_dag_decorator to None
[2021-09-23 23:53:33,671] {scheduler_job.py:190} INFO - Processing /home/airflow/sandbox/lib/python3.8/site-packages/airflow/example_dags/example_dag_decorator.py took 0.336 seconds
[2021-09-23 23:54:07,355] {scheduler_job.py:182} INFO - Started process (PID=10015) to work on /home/airflow/sandbox/lib/python3.8/site-packages/airflow/example_dags/example_dag_decorator.py
[2021-09-23 23:54:07,356] {scheduler_job.py:633} INFO - Processing file /home/airflow/sandbox/lib/python3.8/site-packages/airflow/example_dags/example_dag_decorator.py for tasks to queue
[2021-09-23 23:54:07,357] {logging_mixin.py:104} INFO - [2021-09-23 23:54:07,357] {dagbag.py:487} INFO - Filling up the DagBag from /home/airflow/sandbox/lib/python3.8/site-packages/airflow/example_dags/example_dag_decorator.py
[2021-09-23 23:54:07,374] {scheduler_job.py:643} INFO - DAG(s) dict_keys(['example_dag_decorator']) retrieved from /home/airflow/sandbox/lib/python3.8/site-packages/airflow/example_dags/example_dag_decorator.py
[2021-09-23 23:54:07,739] {logging_mixin.py:104} INFO - [2021-09-23 23:54:07,739] {dag.py:1832} INFO - Sync 1 DAGs
[2021-09-23 23:54:07,747] {logging_mixin.py:104} INFO - [2021-09-23 23:54:07,747] {dag.py:2305} INFO - Setting next_dagrun for example_dag_decorator to None
[2021-09-23 23:54:07,771] {scheduler_job.py:190} INFO - Processing /home/airflow/sandbox/lib/python3.8/site-packages/airflow/example_dags/example_dag_decorator.py took 0.419 seconds
[2021-09-23 23:54:41,249] {scheduler_job.py:182} INFO - Started process (PID=10047) to work on /home/airflow/sandbox/lib/python3.8/site-packages/airflow/example_dags/example_dag_decorator.py
[2021-09-23 23:54:41,250] {scheduler_job.py:633} INFO - Processing file /home/airflow/sandbox/lib/python3.8/site-packages/airflow/example_dags/example_dag_decorator.py for tasks to queue
[2021-09-23 23:54:41,251] {logging_mixin.py:104} INFO - [2021-09-23 23:54:41,251] {dagbag.py:487} INFO - Filling up the DagBag from /home/airflow/sandbox/lib/python3.8/site-packages/airflow/example_dags/example_dag_decorator.py
[2021-09-23 23:54:41,271] {scheduler_job.py:643} INFO - DAG(s) dict_keys(['example_dag_decorator']) retrieved from /home/airflow/sandbox/lib/python3.8/site-packages/airflow/example_dags/example_dag_decorator.py
[2021-09-23 23:54:41,586] {logging_mixin.py:104} INFO - [2021-09-23 23:54:41,586] {dag.py:1832} INFO - Sync 1 DAGs
[2021-09-23 23:54:41,595] {logging_mixin.py:104} INFO - [2021-09-23 23:54:41,595] {dag.py:2305} INFO - Setting next_dagrun for example_dag_decorator to None
[2021-09-23 23:54:41,617] {scheduler_job.py:190} INFO - Processing /home/airflow/sandbox/lib/python3.8/site-packages/airflow/example_dags/example_dag_decorator.py took 0.372 seconds
[2021-09-23 23:55:18,647] {scheduler_job.py:182} INFO - Started process (PID=10125) to work on /home/airflow/sandbox/lib/python3.8/site-packages/airflow/example_dags/example_dag_decorator.py
[2021-09-23 23:55:18,648] {scheduler_job.py:633} INFO - Processing file /home/airflow/sandbox/lib/python3.8/site-packages/airflow/example_dags/example_dag_decorator.py for tasks to queue
[2021-09-23 23:55:18,649] {logging_mixin.py:104} INFO - [2021-09-23 23:55:18,649] {dagbag.py:487} INFO - Filling up the DagBag from /home/airflow/sandbox/lib/python3.8/site-packages/airflow/example_dags/example_dag_decorator.py
[2021-09-23 23:55:18,674] {scheduler_job.py:643} INFO - DAG(s) dict_keys(['example_dag_decorator']) retrieved from /home/airflow/sandbox/lib/python3.8/site-packages/airflow/example_dags/example_dag_decorator.py
[2021-09-23 23:55:19,031] {logging_mixin.py:104} INFO - [2021-09-23 23:55:19,031] {dag.py:1832} INFO - Sync 1 DAGs
[2021-09-23 23:55:19,042] {logging_mixin.py:104} INFO - [2021-09-23 23:55:19,042] {dag.py:2305} INFO - Setting next_dagrun for example_dag_decorator to None
[2021-09-23 23:55:19,066] {scheduler_job.py:190} INFO - Processing /home/airflow/sandbox/lib/python3.8/site-packages/airflow/example_dags/example_dag_decorator.py took 0.423 seconds
[2021-09-23 23:55:56,892] {scheduler_job.py:182} INFO - Started process (PID=10202) to work on /home/airflow/sandbox/lib/python3.8/site-packages/airflow/example_dags/example_dag_decorator.py
[2021-09-23 23:55:56,893] {scheduler_job.py:633} INFO - Processing file /home/airflow/sandbox/lib/python3.8/site-packages/airflow/example_dags/example_dag_decorator.py for tasks to queue
[2021-09-23 23:55:56,894] {logging_mixin.py:104} INFO - [2021-09-23 23:55:56,894] {dagbag.py:487} INFO - Filling up the DagBag from /home/airflow/sandbox/lib/python3.8/site-packages/airflow/example_dags/example_dag_decorator.py
[2021-09-23 23:55:56,912] {scheduler_job.py:643} INFO - DAG(s) dict_keys(['example_dag_decorator']) retrieved from /home/airflow/sandbox/lib/python3.8/site-packages/airflow/example_dags/example_dag_decorator.py
[2021-09-23 23:55:57,213] {logging_mixin.py:104} INFO - [2021-09-23 23:55:57,212] {dag.py:1832} INFO - Sync 1 DAGs
[2021-09-23 23:55:57,222] {logging_mixin.py:104} INFO - [2021-09-23 23:55:57,222] {dag.py:2305} INFO - Setting next_dagrun for example_dag_decorator to None
[2021-09-23 23:55:57,247] {scheduler_job.py:190} INFO - Processing /home/airflow/sandbox/lib/python3.8/site-packages/airflow/example_dags/example_dag_decorator.py took 0.357 seconds
[2021-09-23 23:56:31,968] {scheduler_job.py:182} INFO - Started process (PID=10258) to work on /home/airflow/sandbox/lib/python3.8/site-packages/airflow/example_dags/example_dag_decorator.py
[2021-09-23 23:56:31,969] {scheduler_job.py:633} INFO - Processing file /home/airflow/sandbox/lib/python3.8/site-packages/airflow/example_dags/example_dag_decorator.py for tasks to queue
[2021-09-23 23:56:31,969] {logging_mixin.py:104} INFO - [2021-09-23 23:56:31,969] {dagbag.py:487} INFO - Filling up the DagBag from /home/airflow/sandbox/lib/python3.8/site-packages/airflow/example_dags/example_dag_decorator.py
[2021-09-23 23:56:31,986] {scheduler_job.py:643} INFO - DAG(s) dict_keys(['example_dag_decorator']) retrieved from /home/airflow/sandbox/lib/python3.8/site-packages/airflow/example_dags/example_dag_decorator.py
[2021-09-23 23:56:32,258] {logging_mixin.py:104} INFO - [2021-09-23 23:56:32,257] {dag.py:1832} INFO - Sync 1 DAGs
[2021-09-23 23:56:32,266] {logging_mixin.py:104} INFO - [2021-09-23 23:56:32,266] {dag.py:2305} INFO - Setting next_dagrun for example_dag_decorator to None
[2021-09-23 23:56:32,289] {scheduler_job.py:190} INFO - Processing /home/airflow/sandbox/lib/python3.8/site-packages/airflow/example_dags/example_dag_decorator.py took 0.325 seconds
[2021-09-23 23:57:08,243] {scheduler_job.py:182} INFO - Started process (PID=10347) to work on /home/airflow/sandbox/lib/python3.8/site-packages/airflow/example_dags/example_dag_decorator.py
[2021-09-23 23:57:08,257] {scheduler_job.py:633} INFO - Processing file /home/airflow/sandbox/lib/python3.8/site-packages/airflow/example_dags/example_dag_decorator.py for tasks to queue
[2021-09-23 23:57:08,258] {logging_mixin.py:104} INFO - [2021-09-23 23:57:08,257] {dagbag.py:487} INFO - Filling up the DagBag from /home/airflow/sandbox/lib/python3.8/site-packages/airflow/example_dags/example_dag_decorator.py
[2021-09-23 23:57:08,291] {scheduler_job.py:643} INFO - DAG(s) dict_keys(['example_dag_decorator']) retrieved from /home/airflow/sandbox/lib/python3.8/site-packages/airflow/example_dags/example_dag_decorator.py
[2021-09-23 23:57:08,761] {logging_mixin.py:104} INFO - [2021-09-23 23:57:08,761] {dag.py:1832} INFO - Sync 1 DAGs
[2021-09-23 23:57:08,770] {logging_mixin.py:104} INFO - [2021-09-23 23:57:08,769] {dag.py:2305} INFO - Setting next_dagrun for example_dag_decorator to None
[2021-09-23 23:57:08,790] {scheduler_job.py:190} INFO - Processing /home/airflow/sandbox/lib/python3.8/site-packages/airflow/example_dags/example_dag_decorator.py took 0.549 seconds
[2021-09-23 23:57:54,750] {scheduler_job.py:182} INFO - Started process (PID=10842) to work on /home/airflow/sandbox/lib/python3.8/site-packages/airflow/example_dags/example_dag_decorator.py
[2021-09-23 23:57:54,751] {scheduler_job.py:633} INFO - Processing file /home/airflow/sandbox/lib/python3.8/site-packages/airflow/example_dags/example_dag_decorator.py for tasks to queue
[2021-09-23 23:57:54,752] {logging_mixin.py:104} INFO - [2021-09-23 23:57:54,751] {dagbag.py:487} INFO - Filling up the DagBag from /home/airflow/sandbox/lib/python3.8/site-packages/airflow/example_dags/example_dag_decorator.py
[2021-09-23 23:57:54,804] {scheduler_job.py:643} INFO - DAG(s) dict_keys(['example_dag_decorator']) retrieved from /home/airflow/sandbox/lib/python3.8/site-packages/airflow/example_dags/example_dag_decorator.py
[2021-09-23 23:57:55,398] {logging_mixin.py:104} INFO - [2021-09-23 23:57:55,398] {dag.py:1832} INFO - Sync 1 DAGs
[2021-09-23 23:57:55,418] {logging_mixin.py:104} INFO - [2021-09-23 23:57:55,418] {dag.py:2305} INFO - Setting next_dagrun for example_dag_decorator to None
[2021-09-23 23:57:55,442] {scheduler_job.py:190} INFO - Processing /home/airflow/sandbox/lib/python3.8/site-packages/airflow/example_dags/example_dag_decorator.py took 0.695 seconds
[2021-09-23 23:58:33,812] {scheduler_job.py:182} INFO - Started process (PID=10882) to work on /home/airflow/sandbox/lib/python3.8/site-packages/airflow/example_dags/example_dag_decorator.py
[2021-09-23 23:58:33,814] {scheduler_job.py:633} INFO - Processing file /home/airflow/sandbox/lib/python3.8/site-packages/airflow/example_dags/example_dag_decorator.py for tasks to queue
[2021-09-23 23:58:33,814] {logging_mixin.py:104} INFO - [2021-09-23 23:58:33,814] {dagbag.py:487} INFO - Filling up the DagBag from /home/airflow/sandbox/lib/python3.8/site-packages/airflow/example_dags/example_dag_decorator.py
[2021-09-23 23:58:33,832] {scheduler_job.py:643} INFO - DAG(s) dict_keys(['example_dag_decorator']) retrieved from /home/airflow/sandbox/lib/python3.8/site-packages/airflow/example_dags/example_dag_decorator.py
[2021-09-23 23:58:34,126] {logging_mixin.py:104} INFO - [2021-09-23 23:58:34,126] {dag.py:1832} INFO - Sync 1 DAGs
[2021-09-23 23:58:34,135] {logging_mixin.py:104} INFO - [2021-09-23 23:58:34,135] {dag.py:2305} INFO - Setting next_dagrun for example_dag_decorator to None
[2021-09-23 23:58:34,156] {scheduler_job.py:190} INFO - Processing /home/airflow/sandbox/lib/python3.8/site-packages/airflow/example_dags/example_dag_decorator.py took 0.347 seconds
[2021-09-23 23:59:11,848] {scheduler_job.py:182} INFO - Started process (PID=10918) to work on /home/airflow/sandbox/lib/python3.8/site-packages/airflow/example_dags/example_dag_decorator.py
[2021-09-23 23:59:11,849] {scheduler_job.py:633} INFO - Processing file /home/airflow/sandbox/lib/python3.8/site-packages/airflow/example_dags/example_dag_decorator.py for tasks to queue
[2021-09-23 23:59:11,850] {logging_mixin.py:104} INFO - [2021-09-23 23:59:11,850] {dagbag.py:487} INFO - Filling up the DagBag from /home/airflow/sandbox/lib/python3.8/site-packages/airflow/example_dags/example_dag_decorator.py
[2021-09-23 23:59:11,878] {scheduler_job.py:643} INFO - DAG(s) dict_keys(['example_dag_decorator']) retrieved from /home/airflow/sandbox/lib/python3.8/site-packages/airflow/example_dags/example_dag_decorator.py
[2021-09-23 23:59:12,236] {logging_mixin.py:104} INFO - [2021-09-23 23:59:12,236] {dag.py:1832} INFO - Sync 1 DAGs
[2021-09-23 23:59:12,251] {logging_mixin.py:104} INFO - [2021-09-23 23:59:12,251] {dag.py:2305} INFO - Setting next_dagrun for example_dag_decorator to None
[2021-09-23 23:59:12,281] {scheduler_job.py:190} INFO - Processing /home/airflow/sandbox/lib/python3.8/site-packages/airflow/example_dags/example_dag_decorator.py took 0.435 seconds
[2021-09-23 23:59:48,335] {scheduler_job.py:182} INFO - Started process (PID=10953) to work on /home/airflow/sandbox/lib/python3.8/site-packages/airflow/example_dags/example_dag_decorator.py
[2021-09-23 23:59:48,336] {scheduler_job.py:633} INFO - Processing file /home/airflow/sandbox/lib/python3.8/site-packages/airflow/example_dags/example_dag_decorator.py for tasks to queue
[2021-09-23 23:59:48,337] {logging_mixin.py:104} INFO - [2021-09-23 23:59:48,336] {dagbag.py:487} INFO - Filling up the DagBag from /home/airflow/sandbox/lib/python3.8/site-packages/airflow/example_dags/example_dag_decorator.py
[2021-09-23 23:59:48,357] {scheduler_job.py:643} INFO - DAG(s) dict_keys(['example_dag_decorator']) retrieved from /home/airflow/sandbox/lib/python3.8/site-packages/airflow/example_dags/example_dag_decorator.py
[2021-09-23 23:59:48,716] {logging_mixin.py:104} INFO - [2021-09-23 23:59:48,716] {dag.py:1832} INFO - Sync 1 DAGs
[2021-09-23 23:59:48,729] {logging_mixin.py:104} INFO - [2021-09-23 23:59:48,729] {dag.py:2305} INFO - Setting next_dagrun for example_dag_decorator to None
[2021-09-23 23:59:48,755] {scheduler_job.py:190} INFO - Processing /home/airflow/sandbox/lib/python3.8/site-packages/airflow/example_dags/example_dag_decorator.py took 0.427 seconds
