[2021-09-23 22:54:28,720] {scheduler_job.py:182} INFO - Started process (PID=4646) to work on /home/airflow/sandbox/lib/python3.8/site-packages/airflow/example_dags/tutorial_taskflow_api_etl.py
[2021-09-23 22:54:28,721] {scheduler_job.py:633} INFO - Processing file /home/airflow/sandbox/lib/python3.8/site-packages/airflow/example_dags/tutorial_taskflow_api_etl.py for tasks to queue
[2021-09-23 22:54:28,722] {logging_mixin.py:104} INFO - [2021-09-23 22:54:28,722] {dagbag.py:487} INFO - Filling up the DagBag from /home/airflow/sandbox/lib/python3.8/site-packages/airflow/example_dags/tutorial_taskflow_api_etl.py
[2021-09-23 22:54:28,740] {scheduler_job.py:643} INFO - DAG(s) dict_keys(['tutorial_taskflow_api_etl']) retrieved from /home/airflow/sandbox/lib/python3.8/site-packages/airflow/example_dags/tutorial_taskflow_api_etl.py
[2021-09-23 22:54:29,111] {logging_mixin.py:104} INFO - [2021-09-23 22:54:29,110] {dag.py:1832} INFO - Sync 1 DAGs
[2021-09-23 22:54:29,125] {logging_mixin.py:104} INFO - [2021-09-23 22:54:29,125] {dag.py:2305} INFO - Setting next_dagrun for tutorial_taskflow_api_etl to None
[2021-09-23 22:54:29,152] {scheduler_job.py:190} INFO - Processing /home/airflow/sandbox/lib/python3.8/site-packages/airflow/example_dags/tutorial_taskflow_api_etl.py took 0.435 seconds
[2021-09-23 22:57:49,287] {scheduler_job.py:182} INFO - Started process (PID=5998) to work on /home/airflow/sandbox/lib/python3.8/site-packages/airflow/example_dags/tutorial_taskflow_api_etl.py
[2021-09-23 22:57:49,288] {scheduler_job.py:633} INFO - Processing file /home/airflow/sandbox/lib/python3.8/site-packages/airflow/example_dags/tutorial_taskflow_api_etl.py for tasks to queue
[2021-09-23 22:57:49,289] {logging_mixin.py:104} INFO - [2021-09-23 22:57:49,289] {dagbag.py:487} INFO - Filling up the DagBag from /home/airflow/sandbox/lib/python3.8/site-packages/airflow/example_dags/tutorial_taskflow_api_etl.py
[2021-09-23 22:57:49,306] {scheduler_job.py:643} INFO - DAG(s) dict_keys(['tutorial_taskflow_api_etl']) retrieved from /home/airflow/sandbox/lib/python3.8/site-packages/airflow/example_dags/tutorial_taskflow_api_etl.py
[2021-09-23 22:57:49,706] {logging_mixin.py:104} INFO - [2021-09-23 22:57:49,697] {dag.py:1832} INFO - Sync 1 DAGs
[2021-09-23 22:57:49,715] {logging_mixin.py:104} INFO - [2021-09-23 22:57:49,715] {dag.py:2305} INFO - Setting next_dagrun for tutorial_taskflow_api_etl to None
[2021-09-23 22:57:49,744] {scheduler_job.py:190} INFO - Processing /home/airflow/sandbox/lib/python3.8/site-packages/airflow/example_dags/tutorial_taskflow_api_etl.py took 0.461 seconds
[2021-09-23 22:58:25,313] {scheduler_job.py:182} INFO - Started process (PID=6106) to work on /home/airflow/sandbox/lib/python3.8/site-packages/airflow/example_dags/tutorial_taskflow_api_etl.py
[2021-09-23 22:58:25,315] {scheduler_job.py:633} INFO - Processing file /home/airflow/sandbox/lib/python3.8/site-packages/airflow/example_dags/tutorial_taskflow_api_etl.py for tasks to queue
[2021-09-23 22:58:25,315] {logging_mixin.py:104} INFO - [2021-09-23 22:58:25,315] {dagbag.py:487} INFO - Filling up the DagBag from /home/airflow/sandbox/lib/python3.8/site-packages/airflow/example_dags/tutorial_taskflow_api_etl.py
[2021-09-23 22:58:25,328] {scheduler_job.py:643} INFO - DAG(s) dict_keys(['tutorial_taskflow_api_etl']) retrieved from /home/airflow/sandbox/lib/python3.8/site-packages/airflow/example_dags/tutorial_taskflow_api_etl.py
[2021-09-23 22:58:25,629] {logging_mixin.py:104} INFO - [2021-09-23 22:58:25,629] {dag.py:1832} INFO - Sync 1 DAGs
[2021-09-23 22:58:25,640] {logging_mixin.py:104} INFO - [2021-09-23 22:58:25,640] {dag.py:2305} INFO - Setting next_dagrun for tutorial_taskflow_api_etl to None
[2021-09-23 22:58:25,667] {scheduler_job.py:190} INFO - Processing /home/airflow/sandbox/lib/python3.8/site-packages/airflow/example_dags/tutorial_taskflow_api_etl.py took 0.355 seconds
[2021-09-23 22:58:59,780] {scheduler_job.py:182} INFO - Started process (PID=6198) to work on /home/airflow/sandbox/lib/python3.8/site-packages/airflow/example_dags/tutorial_taskflow_api_etl.py
[2021-09-23 22:58:59,782] {scheduler_job.py:633} INFO - Processing file /home/airflow/sandbox/lib/python3.8/site-packages/airflow/example_dags/tutorial_taskflow_api_etl.py for tasks to queue
[2021-09-23 22:58:59,784] {logging_mixin.py:104} INFO - [2021-09-23 22:58:59,782] {dagbag.py:487} INFO - Filling up the DagBag from /home/airflow/sandbox/lib/python3.8/site-packages/airflow/example_dags/tutorial_taskflow_api_etl.py
[2021-09-23 22:58:59,797] {scheduler_job.py:643} INFO - DAG(s) dict_keys(['tutorial_taskflow_api_etl']) retrieved from /home/airflow/sandbox/lib/python3.8/site-packages/airflow/example_dags/tutorial_taskflow_api_etl.py
[2021-09-23 22:59:00,109] {logging_mixin.py:104} INFO - [2021-09-23 22:59:00,109] {dag.py:1832} INFO - Sync 1 DAGs
[2021-09-23 22:59:00,120] {logging_mixin.py:104} INFO - [2021-09-23 22:59:00,120] {dag.py:2305} INFO - Setting next_dagrun for tutorial_taskflow_api_etl to None
[2021-09-23 22:59:00,142] {scheduler_job.py:190} INFO - Processing /home/airflow/sandbox/lib/python3.8/site-packages/airflow/example_dags/tutorial_taskflow_api_etl.py took 0.366 seconds
[2021-09-23 22:59:33,896] {scheduler_job.py:182} INFO - Started process (PID=6231) to work on /home/airflow/sandbox/lib/python3.8/site-packages/airflow/example_dags/tutorial_taskflow_api_etl.py
[2021-09-23 22:59:33,897] {scheduler_job.py:633} INFO - Processing file /home/airflow/sandbox/lib/python3.8/site-packages/airflow/example_dags/tutorial_taskflow_api_etl.py for tasks to queue
[2021-09-23 22:59:33,898] {logging_mixin.py:104} INFO - [2021-09-23 22:59:33,898] {dagbag.py:487} INFO - Filling up the DagBag from /home/airflow/sandbox/lib/python3.8/site-packages/airflow/example_dags/tutorial_taskflow_api_etl.py
[2021-09-23 22:59:33,913] {scheduler_job.py:643} INFO - DAG(s) dict_keys(['tutorial_taskflow_api_etl']) retrieved from /home/airflow/sandbox/lib/python3.8/site-packages/airflow/example_dags/tutorial_taskflow_api_etl.py
[2021-09-23 22:59:34,239] {logging_mixin.py:104} INFO - [2021-09-23 22:59:34,239] {dag.py:1832} INFO - Sync 1 DAGs
[2021-09-23 22:59:34,253] {logging_mixin.py:104} INFO - [2021-09-23 22:59:34,252] {dag.py:2305} INFO - Setting next_dagrun for tutorial_taskflow_api_etl to None
[2021-09-23 22:59:34,274] {scheduler_job.py:190} INFO - Processing /home/airflow/sandbox/lib/python3.8/site-packages/airflow/example_dags/tutorial_taskflow_api_etl.py took 0.382 seconds
[2021-09-23 23:00:09,376] {scheduler_job.py:182} INFO - Started process (PID=6264) to work on /home/airflow/sandbox/lib/python3.8/site-packages/airflow/example_dags/tutorial_taskflow_api_etl.py
[2021-09-23 23:00:09,377] {scheduler_job.py:633} INFO - Processing file /home/airflow/sandbox/lib/python3.8/site-packages/airflow/example_dags/tutorial_taskflow_api_etl.py for tasks to queue
[2021-09-23 23:00:09,378] {logging_mixin.py:104} INFO - [2021-09-23 23:00:09,377] {dagbag.py:487} INFO - Filling up the DagBag from /home/airflow/sandbox/lib/python3.8/site-packages/airflow/example_dags/tutorial_taskflow_api_etl.py
[2021-09-23 23:00:09,391] {scheduler_job.py:643} INFO - DAG(s) dict_keys(['tutorial_taskflow_api_etl']) retrieved from /home/airflow/sandbox/lib/python3.8/site-packages/airflow/example_dags/tutorial_taskflow_api_etl.py
[2021-09-23 23:00:09,730] {logging_mixin.py:104} INFO - [2021-09-23 23:00:09,730] {dag.py:1832} INFO - Sync 1 DAGs
[2021-09-23 23:00:09,741] {logging_mixin.py:104} INFO - [2021-09-23 23:00:09,741] {dag.py:2305} INFO - Setting next_dagrun for tutorial_taskflow_api_etl to None
[2021-09-23 23:00:09,762] {scheduler_job.py:190} INFO - Processing /home/airflow/sandbox/lib/python3.8/site-packages/airflow/example_dags/tutorial_taskflow_api_etl.py took 0.389 seconds
[2021-09-23 23:00:41,675] {scheduler_job.py:182} INFO - Started process (PID=6338) to work on /home/airflow/sandbox/lib/python3.8/site-packages/airflow/example_dags/tutorial_taskflow_api_etl.py
[2021-09-23 23:00:41,677] {scheduler_job.py:633} INFO - Processing file /home/airflow/sandbox/lib/python3.8/site-packages/airflow/example_dags/tutorial_taskflow_api_etl.py for tasks to queue
[2021-09-23 23:00:41,678] {logging_mixin.py:104} INFO - [2021-09-23 23:00:41,678] {dagbag.py:487} INFO - Filling up the DagBag from /home/airflow/sandbox/lib/python3.8/site-packages/airflow/example_dags/tutorial_taskflow_api_etl.py
[2021-09-23 23:00:41,695] {scheduler_job.py:643} INFO - DAG(s) dict_keys(['tutorial_taskflow_api_etl']) retrieved from /home/airflow/sandbox/lib/python3.8/site-packages/airflow/example_dags/tutorial_taskflow_api_etl.py
[2021-09-23 23:00:42,044] {logging_mixin.py:104} INFO - [2021-09-23 23:00:42,043] {dag.py:1832} INFO - Sync 1 DAGs
[2021-09-23 23:00:42,053] {logging_mixin.py:104} INFO - [2021-09-23 23:00:42,053] {dag.py:2305} INFO - Setting next_dagrun for tutorial_taskflow_api_etl to None
[2021-09-23 23:00:42,074] {scheduler_job.py:190} INFO - Processing /home/airflow/sandbox/lib/python3.8/site-packages/airflow/example_dags/tutorial_taskflow_api_etl.py took 0.402 seconds
[2021-09-23 23:01:21,584] {scheduler_job.py:182} INFO - Started process (PID=6373) to work on /home/airflow/sandbox/lib/python3.8/site-packages/airflow/example_dags/tutorial_taskflow_api_etl.py
[2021-09-23 23:01:21,585] {scheduler_job.py:633} INFO - Processing file /home/airflow/sandbox/lib/python3.8/site-packages/airflow/example_dags/tutorial_taskflow_api_etl.py for tasks to queue
[2021-09-23 23:01:21,586] {logging_mixin.py:104} INFO - [2021-09-23 23:01:21,586] {dagbag.py:487} INFO - Filling up the DagBag from /home/airflow/sandbox/lib/python3.8/site-packages/airflow/example_dags/tutorial_taskflow_api_etl.py
[2021-09-23 23:01:21,601] {scheduler_job.py:643} INFO - DAG(s) dict_keys(['tutorial_taskflow_api_etl']) retrieved from /home/airflow/sandbox/lib/python3.8/site-packages/airflow/example_dags/tutorial_taskflow_api_etl.py
[2021-09-23 23:01:21,964] {logging_mixin.py:104} INFO - [2021-09-23 23:01:21,964] {dag.py:1832} INFO - Sync 1 DAGs
[2021-09-23 23:01:21,974] {logging_mixin.py:104} INFO - [2021-09-23 23:01:21,974] {dag.py:2305} INFO - Setting next_dagrun for tutorial_taskflow_api_etl to None
[2021-09-23 23:01:22,002] {scheduler_job.py:190} INFO - Processing /home/airflow/sandbox/lib/python3.8/site-packages/airflow/example_dags/tutorial_taskflow_api_etl.py took 0.421 seconds
[2021-09-23 23:01:59,707] {scheduler_job.py:182} INFO - Started process (PID=6471) to work on /home/airflow/sandbox/lib/python3.8/site-packages/airflow/example_dags/tutorial_taskflow_api_etl.py
[2021-09-23 23:01:59,708] {scheduler_job.py:633} INFO - Processing file /home/airflow/sandbox/lib/python3.8/site-packages/airflow/example_dags/tutorial_taskflow_api_etl.py for tasks to queue
[2021-09-23 23:01:59,709] {logging_mixin.py:104} INFO - [2021-09-23 23:01:59,708] {dagbag.py:487} INFO - Filling up the DagBag from /home/airflow/sandbox/lib/python3.8/site-packages/airflow/example_dags/tutorial_taskflow_api_etl.py
[2021-09-23 23:01:59,746] {scheduler_job.py:643} INFO - DAG(s) dict_keys(['tutorial_taskflow_api_etl']) retrieved from /home/airflow/sandbox/lib/python3.8/site-packages/airflow/example_dags/tutorial_taskflow_api_etl.py
[2021-09-23 23:02:00,789] {logging_mixin.py:104} INFO - [2021-09-23 23:02:00,788] {dag.py:1832} INFO - Sync 1 DAGs
[2021-09-23 23:02:00,865] {logging_mixin.py:104} INFO - [2021-09-23 23:02:00,865] {dag.py:2305} INFO - Setting next_dagrun for tutorial_taskflow_api_etl to None
[2021-09-23 23:02:00,928] {scheduler_job.py:190} INFO - Processing /home/airflow/sandbox/lib/python3.8/site-packages/airflow/example_dags/tutorial_taskflow_api_etl.py took 1.248 seconds
[2021-09-23 23:02:35,699] {scheduler_job.py:182} INFO - Started process (PID=6549) to work on /home/airflow/sandbox/lib/python3.8/site-packages/airflow/example_dags/tutorial_taskflow_api_etl.py
[2021-09-23 23:02:35,700] {scheduler_job.py:633} INFO - Processing file /home/airflow/sandbox/lib/python3.8/site-packages/airflow/example_dags/tutorial_taskflow_api_etl.py for tasks to queue
[2021-09-23 23:02:35,700] {logging_mixin.py:104} INFO - [2021-09-23 23:02:35,700] {dagbag.py:487} INFO - Filling up the DagBag from /home/airflow/sandbox/lib/python3.8/site-packages/airflow/example_dags/tutorial_taskflow_api_etl.py
[2021-09-23 23:02:35,718] {scheduler_job.py:643} INFO - DAG(s) dict_keys(['tutorial_taskflow_api_etl']) retrieved from /home/airflow/sandbox/lib/python3.8/site-packages/airflow/example_dags/tutorial_taskflow_api_etl.py
[2021-09-23 23:02:36,065] {logging_mixin.py:104} INFO - [2021-09-23 23:02:36,065] {dag.py:1832} INFO - Sync 1 DAGs
[2021-09-23 23:02:36,075] {logging_mixin.py:104} INFO - [2021-09-23 23:02:36,075] {dag.py:2305} INFO - Setting next_dagrun for tutorial_taskflow_api_etl to None
[2021-09-23 23:02:36,096] {scheduler_job.py:190} INFO - Processing /home/airflow/sandbox/lib/python3.8/site-packages/airflow/example_dags/tutorial_taskflow_api_etl.py took 0.399 seconds
[2021-09-23 23:03:09,807] {scheduler_job.py:182} INFO - Started process (PID=6583) to work on /home/airflow/sandbox/lib/python3.8/site-packages/airflow/example_dags/tutorial_taskflow_api_etl.py
[2021-09-23 23:03:09,808] {scheduler_job.py:633} INFO - Processing file /home/airflow/sandbox/lib/python3.8/site-packages/airflow/example_dags/tutorial_taskflow_api_etl.py for tasks to queue
[2021-09-23 23:03:09,809] {logging_mixin.py:104} INFO - [2021-09-23 23:03:09,809] {dagbag.py:487} INFO - Filling up the DagBag from /home/airflow/sandbox/lib/python3.8/site-packages/airflow/example_dags/tutorial_taskflow_api_etl.py
[2021-09-23 23:03:09,821] {scheduler_job.py:643} INFO - DAG(s) dict_keys(['tutorial_taskflow_api_etl']) retrieved from /home/airflow/sandbox/lib/python3.8/site-packages/airflow/example_dags/tutorial_taskflow_api_etl.py
[2021-09-23 23:03:10,336] {logging_mixin.py:104} INFO - [2021-09-23 23:03:10,336] {dag.py:1832} INFO - Sync 1 DAGs
[2021-09-23 23:03:10,351] {logging_mixin.py:104} INFO - [2021-09-23 23:03:10,351] {dag.py:2305} INFO - Setting next_dagrun for tutorial_taskflow_api_etl to None
[2021-09-23 23:03:10,377] {scheduler_job.py:190} INFO - Processing /home/airflow/sandbox/lib/python3.8/site-packages/airflow/example_dags/tutorial_taskflow_api_etl.py took 0.573 seconds
[2021-09-23 23:03:45,393] {scheduler_job.py:182} INFO - Started process (PID=6857) to work on /home/airflow/sandbox/lib/python3.8/site-packages/airflow/example_dags/tutorial_taskflow_api_etl.py
[2021-09-23 23:03:45,394] {scheduler_job.py:633} INFO - Processing file /home/airflow/sandbox/lib/python3.8/site-packages/airflow/example_dags/tutorial_taskflow_api_etl.py for tasks to queue
[2021-09-23 23:03:45,395] {logging_mixin.py:104} INFO - [2021-09-23 23:03:45,395] {dagbag.py:487} INFO - Filling up the DagBag from /home/airflow/sandbox/lib/python3.8/site-packages/airflow/example_dags/tutorial_taskflow_api_etl.py
[2021-09-23 23:03:45,419] {scheduler_job.py:643} INFO - DAG(s) dict_keys(['tutorial_taskflow_api_etl']) retrieved from /home/airflow/sandbox/lib/python3.8/site-packages/airflow/example_dags/tutorial_taskflow_api_etl.py
[2021-09-23 23:03:45,810] {logging_mixin.py:104} INFO - [2021-09-23 23:03:45,810] {dag.py:1832} INFO - Sync 1 DAGs
[2021-09-23 23:03:45,820] {logging_mixin.py:104} INFO - [2021-09-23 23:03:45,820] {dag.py:2305} INFO - Setting next_dagrun for tutorial_taskflow_api_etl to None
[2021-09-23 23:03:45,846] {scheduler_job.py:190} INFO - Processing /home/airflow/sandbox/lib/python3.8/site-packages/airflow/example_dags/tutorial_taskflow_api_etl.py took 0.456 seconds
[2021-09-23 23:04:21,086] {scheduler_job.py:182} INFO - Started process (PID=6915) to work on /home/airflow/sandbox/lib/python3.8/site-packages/airflow/example_dags/tutorial_taskflow_api_etl.py
[2021-09-23 23:04:21,087] {scheduler_job.py:633} INFO - Processing file /home/airflow/sandbox/lib/python3.8/site-packages/airflow/example_dags/tutorial_taskflow_api_etl.py for tasks to queue
[2021-09-23 23:04:21,087] {logging_mixin.py:104} INFO - [2021-09-23 23:04:21,087] {dagbag.py:487} INFO - Filling up the DagBag from /home/airflow/sandbox/lib/python3.8/site-packages/airflow/example_dags/tutorial_taskflow_api_etl.py
[2021-09-23 23:04:21,103] {scheduler_job.py:643} INFO - DAG(s) dict_keys(['tutorial_taskflow_api_etl']) retrieved from /home/airflow/sandbox/lib/python3.8/site-packages/airflow/example_dags/tutorial_taskflow_api_etl.py
[2021-09-23 23:04:21,410] {logging_mixin.py:104} INFO - [2021-09-23 23:04:21,410] {dag.py:1832} INFO - Sync 1 DAGs
[2021-09-23 23:04:21,419] {logging_mixin.py:104} INFO - [2021-09-23 23:04:21,419] {dag.py:2305} INFO - Setting next_dagrun for tutorial_taskflow_api_etl to None
[2021-09-23 23:04:21,440] {scheduler_job.py:190} INFO - Processing /home/airflow/sandbox/lib/python3.8/site-packages/airflow/example_dags/tutorial_taskflow_api_etl.py took 0.356 seconds
[2021-09-23 23:04:54,088] {scheduler_job.py:182} INFO - Started process (PID=6948) to work on /home/airflow/sandbox/lib/python3.8/site-packages/airflow/example_dags/tutorial_taskflow_api_etl.py
[2021-09-23 23:04:54,090] {scheduler_job.py:633} INFO - Processing file /home/airflow/sandbox/lib/python3.8/site-packages/airflow/example_dags/tutorial_taskflow_api_etl.py for tasks to queue
[2021-09-23 23:04:54,090] {logging_mixin.py:104} INFO - [2021-09-23 23:04:54,090] {dagbag.py:487} INFO - Filling up the DagBag from /home/airflow/sandbox/lib/python3.8/site-packages/airflow/example_dags/tutorial_taskflow_api_etl.py
[2021-09-23 23:04:54,109] {scheduler_job.py:643} INFO - DAG(s) dict_keys(['tutorial_taskflow_api_etl']) retrieved from /home/airflow/sandbox/lib/python3.8/site-packages/airflow/example_dags/tutorial_taskflow_api_etl.py
[2021-09-23 23:04:54,427] {logging_mixin.py:104} INFO - [2021-09-23 23:04:54,427] {dag.py:1832} INFO - Sync 1 DAGs
[2021-09-23 23:04:54,435] {logging_mixin.py:104} INFO - [2021-09-23 23:04:54,435] {dag.py:2305} INFO - Setting next_dagrun for tutorial_taskflow_api_etl to None
[2021-09-23 23:04:54,459] {scheduler_job.py:190} INFO - Processing /home/airflow/sandbox/lib/python3.8/site-packages/airflow/example_dags/tutorial_taskflow_api_etl.py took 0.375 seconds
[2021-09-23 23:05:29,325] {scheduler_job.py:182} INFO - Started process (PID=7049) to work on /home/airflow/sandbox/lib/python3.8/site-packages/airflow/example_dags/tutorial_taskflow_api_etl.py
[2021-09-23 23:05:29,327] {scheduler_job.py:633} INFO - Processing file /home/airflow/sandbox/lib/python3.8/site-packages/airflow/example_dags/tutorial_taskflow_api_etl.py for tasks to queue
[2021-09-23 23:05:29,327] {logging_mixin.py:104} INFO - [2021-09-23 23:05:29,327] {dagbag.py:487} INFO - Filling up the DagBag from /home/airflow/sandbox/lib/python3.8/site-packages/airflow/example_dags/tutorial_taskflow_api_etl.py
[2021-09-23 23:05:29,342] {scheduler_job.py:643} INFO - DAG(s) dict_keys(['tutorial_taskflow_api_etl']) retrieved from /home/airflow/sandbox/lib/python3.8/site-packages/airflow/example_dags/tutorial_taskflow_api_etl.py
[2021-09-23 23:05:29,671] {logging_mixin.py:104} INFO - [2021-09-23 23:05:29,671] {dag.py:1832} INFO - Sync 1 DAGs
[2021-09-23 23:05:29,683] {logging_mixin.py:104} INFO - [2021-09-23 23:05:29,683] {dag.py:2305} INFO - Setting next_dagrun for tutorial_taskflow_api_etl to None
[2021-09-23 23:05:29,711] {scheduler_job.py:190} INFO - Processing /home/airflow/sandbox/lib/python3.8/site-packages/airflow/example_dags/tutorial_taskflow_api_etl.py took 0.390 seconds
[2021-09-23 23:06:06,706] {scheduler_job.py:182} INFO - Started process (PID=7150) to work on /home/airflow/sandbox/lib/python3.8/site-packages/airflow/example_dags/tutorial_taskflow_api_etl.py
[2021-09-23 23:06:06,707] {scheduler_job.py:633} INFO - Processing file /home/airflow/sandbox/lib/python3.8/site-packages/airflow/example_dags/tutorial_taskflow_api_etl.py for tasks to queue
[2021-09-23 23:06:06,708] {logging_mixin.py:104} INFO - [2021-09-23 23:06:06,708] {dagbag.py:487} INFO - Filling up the DagBag from /home/airflow/sandbox/lib/python3.8/site-packages/airflow/example_dags/tutorial_taskflow_api_etl.py
[2021-09-23 23:06:06,727] {scheduler_job.py:643} INFO - DAG(s) dict_keys(['tutorial_taskflow_api_etl']) retrieved from /home/airflow/sandbox/lib/python3.8/site-packages/airflow/example_dags/tutorial_taskflow_api_etl.py
[2021-09-23 23:06:07,046] {logging_mixin.py:104} INFO - [2021-09-23 23:06:07,046] {dag.py:1832} INFO - Sync 1 DAGs
[2021-09-23 23:06:07,055] {logging_mixin.py:104} INFO - [2021-09-23 23:06:07,054] {dag.py:2305} INFO - Setting next_dagrun for tutorial_taskflow_api_etl to None
[2021-09-23 23:06:07,078] {scheduler_job.py:190} INFO - Processing /home/airflow/sandbox/lib/python3.8/site-packages/airflow/example_dags/tutorial_taskflow_api_etl.py took 0.374 seconds
[2021-09-23 23:06:44,444] {scheduler_job.py:182} INFO - Started process (PID=7283) to work on /home/airflow/sandbox/lib/python3.8/site-packages/airflow/example_dags/tutorial_taskflow_api_etl.py
[2021-09-23 23:06:44,445] {scheduler_job.py:633} INFO - Processing file /home/airflow/sandbox/lib/python3.8/site-packages/airflow/example_dags/tutorial_taskflow_api_etl.py for tasks to queue
[2021-09-23 23:06:44,446] {logging_mixin.py:104} INFO - [2021-09-23 23:06:44,446] {dagbag.py:487} INFO - Filling up the DagBag from /home/airflow/sandbox/lib/python3.8/site-packages/airflow/example_dags/tutorial_taskflow_api_etl.py
[2021-09-23 23:06:44,463] {scheduler_job.py:643} INFO - DAG(s) dict_keys(['tutorial_taskflow_api_etl']) retrieved from /home/airflow/sandbox/lib/python3.8/site-packages/airflow/example_dags/tutorial_taskflow_api_etl.py
[2021-09-23 23:06:44,807] {logging_mixin.py:104} INFO - [2021-09-23 23:06:44,806] {dag.py:1832} INFO - Sync 1 DAGs
[2021-09-23 23:06:44,817] {logging_mixin.py:104} INFO - [2021-09-23 23:06:44,817] {dag.py:2305} INFO - Setting next_dagrun for tutorial_taskflow_api_etl to None
[2021-09-23 23:06:44,837] {scheduler_job.py:190} INFO - Processing /home/airflow/sandbox/lib/python3.8/site-packages/airflow/example_dags/tutorial_taskflow_api_etl.py took 0.395 seconds
[2021-09-23 23:07:18,276] {scheduler_job.py:182} INFO - Started process (PID=7358) to work on /home/airflow/sandbox/lib/python3.8/site-packages/airflow/example_dags/tutorial_taskflow_api_etl.py
[2021-09-23 23:07:18,277] {scheduler_job.py:633} INFO - Processing file /home/airflow/sandbox/lib/python3.8/site-packages/airflow/example_dags/tutorial_taskflow_api_etl.py for tasks to queue
[2021-09-23 23:07:18,278] {logging_mixin.py:104} INFO - [2021-09-23 23:07:18,278] {dagbag.py:487} INFO - Filling up the DagBag from /home/airflow/sandbox/lib/python3.8/site-packages/airflow/example_dags/tutorial_taskflow_api_etl.py
[2021-09-23 23:07:18,294] {scheduler_job.py:643} INFO - DAG(s) dict_keys(['tutorial_taskflow_api_etl']) retrieved from /home/airflow/sandbox/lib/python3.8/site-packages/airflow/example_dags/tutorial_taskflow_api_etl.py
[2021-09-23 23:07:18,580] {logging_mixin.py:104} INFO - [2021-09-23 23:07:18,580] {dag.py:1832} INFO - Sync 1 DAGs
[2021-09-23 23:07:18,589] {logging_mixin.py:104} INFO - [2021-09-23 23:07:18,589] {dag.py:2305} INFO - Setting next_dagrun for tutorial_taskflow_api_etl to None
[2021-09-23 23:07:18,616] {scheduler_job.py:190} INFO - Processing /home/airflow/sandbox/lib/python3.8/site-packages/airflow/example_dags/tutorial_taskflow_api_etl.py took 0.342 seconds
[2021-09-23 23:07:52,233] {scheduler_job.py:182} INFO - Started process (PID=7391) to work on /home/airflow/sandbox/lib/python3.8/site-packages/airflow/example_dags/tutorial_taskflow_api_etl.py
[2021-09-23 23:07:52,234] {scheduler_job.py:633} INFO - Processing file /home/airflow/sandbox/lib/python3.8/site-packages/airflow/example_dags/tutorial_taskflow_api_etl.py for tasks to queue
[2021-09-23 23:07:52,235] {logging_mixin.py:104} INFO - [2021-09-23 23:07:52,234] {dagbag.py:487} INFO - Filling up the DagBag from /home/airflow/sandbox/lib/python3.8/site-packages/airflow/example_dags/tutorial_taskflow_api_etl.py
[2021-09-23 23:07:52,249] {scheduler_job.py:643} INFO - DAG(s) dict_keys(['tutorial_taskflow_api_etl']) retrieved from /home/airflow/sandbox/lib/python3.8/site-packages/airflow/example_dags/tutorial_taskflow_api_etl.py
[2021-09-23 23:07:52,574] {logging_mixin.py:104} INFO - [2021-09-23 23:07:52,574] {dag.py:1832} INFO - Sync 1 DAGs
[2021-09-23 23:07:52,582] {logging_mixin.py:104} INFO - [2021-09-23 23:07:52,582] {dag.py:2305} INFO - Setting next_dagrun for tutorial_taskflow_api_etl to None
[2021-09-23 23:07:52,600] {scheduler_job.py:190} INFO - Processing /home/airflow/sandbox/lib/python3.8/site-packages/airflow/example_dags/tutorial_taskflow_api_etl.py took 0.369 seconds
[2021-09-23 23:08:26,532] {scheduler_job.py:182} INFO - Started process (PID=7425) to work on /home/airflow/sandbox/lib/python3.8/site-packages/airflow/example_dags/tutorial_taskflow_api_etl.py
[2021-09-23 23:08:26,533] {scheduler_job.py:633} INFO - Processing file /home/airflow/sandbox/lib/python3.8/site-packages/airflow/example_dags/tutorial_taskflow_api_etl.py for tasks to queue
[2021-09-23 23:08:26,534] {logging_mixin.py:104} INFO - [2021-09-23 23:08:26,534] {dagbag.py:487} INFO - Filling up the DagBag from /home/airflow/sandbox/lib/python3.8/site-packages/airflow/example_dags/tutorial_taskflow_api_etl.py
[2021-09-23 23:08:26,548] {scheduler_job.py:643} INFO - DAG(s) dict_keys(['tutorial_taskflow_api_etl']) retrieved from /home/airflow/sandbox/lib/python3.8/site-packages/airflow/example_dags/tutorial_taskflow_api_etl.py
[2021-09-23 23:08:26,858] {logging_mixin.py:104} INFO - [2021-09-23 23:08:26,858] {dag.py:1832} INFO - Sync 1 DAGs
[2021-09-23 23:08:26,868] {logging_mixin.py:104} INFO - [2021-09-23 23:08:26,868] {dag.py:2305} INFO - Setting next_dagrun for tutorial_taskflow_api_etl to None
[2021-09-23 23:08:26,885] {scheduler_job.py:190} INFO - Processing /home/airflow/sandbox/lib/python3.8/site-packages/airflow/example_dags/tutorial_taskflow_api_etl.py took 0.357 seconds
[2021-09-23 23:09:00,605] {scheduler_job.py:182} INFO - Started process (PID=7548) to work on /home/airflow/sandbox/lib/python3.8/site-packages/airflow/example_dags/tutorial_taskflow_api_etl.py
[2021-09-23 23:09:00,606] {scheduler_job.py:633} INFO - Processing file /home/airflow/sandbox/lib/python3.8/site-packages/airflow/example_dags/tutorial_taskflow_api_etl.py for tasks to queue
[2021-09-23 23:09:00,607] {logging_mixin.py:104} INFO - [2021-09-23 23:09:00,607] {dagbag.py:487} INFO - Filling up the DagBag from /home/airflow/sandbox/lib/python3.8/site-packages/airflow/example_dags/tutorial_taskflow_api_etl.py
[2021-09-23 23:09:00,626] {scheduler_job.py:643} INFO - DAG(s) dict_keys(['tutorial_taskflow_api_etl']) retrieved from /home/airflow/sandbox/lib/python3.8/site-packages/airflow/example_dags/tutorial_taskflow_api_etl.py
[2021-09-23 23:09:00,988] {logging_mixin.py:104} INFO - [2021-09-23 23:09:00,987] {dag.py:1832} INFO - Sync 1 DAGs
[2021-09-23 23:09:00,996] {logging_mixin.py:104} INFO - [2021-09-23 23:09:00,996] {dag.py:2305} INFO - Setting next_dagrun for tutorial_taskflow_api_etl to None
[2021-09-23 23:09:01,024] {scheduler_job.py:190} INFO - Processing /home/airflow/sandbox/lib/python3.8/site-packages/airflow/example_dags/tutorial_taskflow_api_etl.py took 0.422 seconds
[2021-09-23 23:09:33,445] {scheduler_job.py:182} INFO - Started process (PID=7606) to work on /home/airflow/sandbox/lib/python3.8/site-packages/airflow/example_dags/tutorial_taskflow_api_etl.py
[2021-09-23 23:09:33,446] {scheduler_job.py:633} INFO - Processing file /home/airflow/sandbox/lib/python3.8/site-packages/airflow/example_dags/tutorial_taskflow_api_etl.py for tasks to queue
[2021-09-23 23:09:33,447] {logging_mixin.py:104} INFO - [2021-09-23 23:09:33,447] {dagbag.py:487} INFO - Filling up the DagBag from /home/airflow/sandbox/lib/python3.8/site-packages/airflow/example_dags/tutorial_taskflow_api_etl.py
[2021-09-23 23:09:33,473] {scheduler_job.py:643} INFO - DAG(s) dict_keys(['tutorial_taskflow_api_etl']) retrieved from /home/airflow/sandbox/lib/python3.8/site-packages/airflow/example_dags/tutorial_taskflow_api_etl.py
[2021-09-23 23:09:33,806] {logging_mixin.py:104} INFO - [2021-09-23 23:09:33,806] {dag.py:1832} INFO - Sync 1 DAGs
[2021-09-23 23:09:33,818] {logging_mixin.py:104} INFO - [2021-09-23 23:09:33,818] {dag.py:2305} INFO - Setting next_dagrun for tutorial_taskflow_api_etl to None
[2021-09-23 23:09:33,849] {scheduler_job.py:190} INFO - Processing /home/airflow/sandbox/lib/python3.8/site-packages/airflow/example_dags/tutorial_taskflow_api_etl.py took 0.407 seconds
[2021-09-23 23:10:07,105] {scheduler_job.py:182} INFO - Started process (PID=7673) to work on /home/airflow/sandbox/lib/python3.8/site-packages/airflow/example_dags/tutorial_taskflow_api_etl.py
[2021-09-23 23:10:07,106] {scheduler_job.py:633} INFO - Processing file /home/airflow/sandbox/lib/python3.8/site-packages/airflow/example_dags/tutorial_taskflow_api_etl.py for tasks to queue
[2021-09-23 23:10:07,107] {logging_mixin.py:104} INFO - [2021-09-23 23:10:07,107] {dagbag.py:487} INFO - Filling up the DagBag from /home/airflow/sandbox/lib/python3.8/site-packages/airflow/example_dags/tutorial_taskflow_api_etl.py
[2021-09-23 23:10:07,123] {scheduler_job.py:643} INFO - DAG(s) dict_keys(['tutorial_taskflow_api_etl']) retrieved from /home/airflow/sandbox/lib/python3.8/site-packages/airflow/example_dags/tutorial_taskflow_api_etl.py
[2021-09-23 23:10:07,443] {logging_mixin.py:104} INFO - [2021-09-23 23:10:07,443] {dag.py:1832} INFO - Sync 1 DAGs
[2021-09-23 23:10:07,454] {logging_mixin.py:104} INFO - [2021-09-23 23:10:07,454] {dag.py:2305} INFO - Setting next_dagrun for tutorial_taskflow_api_etl to None
[2021-09-23 23:10:07,479] {scheduler_job.py:190} INFO - Processing /home/airflow/sandbox/lib/python3.8/site-packages/airflow/example_dags/tutorial_taskflow_api_etl.py took 0.376 seconds
[2021-09-23 23:10:39,684] {scheduler_job.py:182} INFO - Started process (PID=7820) to work on /home/airflow/sandbox/lib/python3.8/site-packages/airflow/example_dags/tutorial_taskflow_api_etl.py
[2021-09-23 23:10:39,685] {scheduler_job.py:633} INFO - Processing file /home/airflow/sandbox/lib/python3.8/site-packages/airflow/example_dags/tutorial_taskflow_api_etl.py for tasks to queue
[2021-09-23 23:10:39,686] {logging_mixin.py:104} INFO - [2021-09-23 23:10:39,686] {dagbag.py:487} INFO - Filling up the DagBag from /home/airflow/sandbox/lib/python3.8/site-packages/airflow/example_dags/tutorial_taskflow_api_etl.py
[2021-09-23 23:10:39,705] {scheduler_job.py:643} INFO - DAG(s) dict_keys(['tutorial_taskflow_api_etl']) retrieved from /home/airflow/sandbox/lib/python3.8/site-packages/airflow/example_dags/tutorial_taskflow_api_etl.py
[2021-09-23 23:10:40,037] {logging_mixin.py:104} INFO - [2021-09-23 23:10:40,037] {dag.py:1832} INFO - Sync 1 DAGs
[2021-09-23 23:10:40,047] {logging_mixin.py:104} INFO - [2021-09-23 23:10:40,047] {dag.py:2305} INFO - Setting next_dagrun for tutorial_taskflow_api_etl to None
[2021-09-23 23:10:40,064] {scheduler_job.py:190} INFO - Processing /home/airflow/sandbox/lib/python3.8/site-packages/airflow/example_dags/tutorial_taskflow_api_etl.py took 0.384 seconds
[2021-09-23 23:11:12,104] {scheduler_job.py:182} INFO - Started process (PID=7926) to work on /home/airflow/sandbox/lib/python3.8/site-packages/airflow/example_dags/tutorial_taskflow_api_etl.py
[2021-09-23 23:11:12,105] {scheduler_job.py:633} INFO - Processing file /home/airflow/sandbox/lib/python3.8/site-packages/airflow/example_dags/tutorial_taskflow_api_etl.py for tasks to queue
[2021-09-23 23:11:12,105] {logging_mixin.py:104} INFO - [2021-09-23 23:11:12,105] {dagbag.py:487} INFO - Filling up the DagBag from /home/airflow/sandbox/lib/python3.8/site-packages/airflow/example_dags/tutorial_taskflow_api_etl.py
[2021-09-23 23:11:12,120] {scheduler_job.py:643} INFO - DAG(s) dict_keys(['tutorial_taskflow_api_etl']) retrieved from /home/airflow/sandbox/lib/python3.8/site-packages/airflow/example_dags/tutorial_taskflow_api_etl.py
[2021-09-23 23:11:12,414] {logging_mixin.py:104} INFO - [2021-09-23 23:11:12,414] {dag.py:1832} INFO - Sync 1 DAGs
[2021-09-23 23:11:12,423] {logging_mixin.py:104} INFO - [2021-09-23 23:11:12,423] {dag.py:2305} INFO - Setting next_dagrun for tutorial_taskflow_api_etl to None
[2021-09-23 23:11:12,440] {scheduler_job.py:190} INFO - Processing /home/airflow/sandbox/lib/python3.8/site-packages/airflow/example_dags/tutorial_taskflow_api_etl.py took 0.339 seconds
[2021-09-23 23:11:47,487] {scheduler_job.py:182} INFO - Started process (PID=8080) to work on /home/airflow/sandbox/lib/python3.8/site-packages/airflow/example_dags/tutorial_taskflow_api_etl.py
[2021-09-23 23:11:47,487] {scheduler_job.py:633} INFO - Processing file /home/airflow/sandbox/lib/python3.8/site-packages/airflow/example_dags/tutorial_taskflow_api_etl.py for tasks to queue
[2021-09-23 23:11:47,488] {logging_mixin.py:104} INFO - [2021-09-23 23:11:47,488] {dagbag.py:487} INFO - Filling up the DagBag from /home/airflow/sandbox/lib/python3.8/site-packages/airflow/example_dags/tutorial_taskflow_api_etl.py
[2021-09-23 23:11:47,506] {scheduler_job.py:643} INFO - DAG(s) dict_keys(['tutorial_taskflow_api_etl']) retrieved from /home/airflow/sandbox/lib/python3.8/site-packages/airflow/example_dags/tutorial_taskflow_api_etl.py
[2021-09-23 23:11:47,875] {logging_mixin.py:104} INFO - [2021-09-23 23:11:47,875] {dag.py:1832} INFO - Sync 1 DAGs
[2021-09-23 23:11:47,886] {logging_mixin.py:104} INFO - [2021-09-23 23:11:47,886] {dag.py:2305} INFO - Setting next_dagrun for tutorial_taskflow_api_etl to None
[2021-09-23 23:11:47,908] {scheduler_job.py:190} INFO - Processing /home/airflow/sandbox/lib/python3.8/site-packages/airflow/example_dags/tutorial_taskflow_api_etl.py took 0.424 seconds
[2021-09-23 23:12:22,040] {scheduler_job.py:182} INFO - Started process (PID=8252) to work on /home/airflow/sandbox/lib/python3.8/site-packages/airflow/example_dags/tutorial_taskflow_api_etl.py
[2021-09-23 23:12:22,047] {scheduler_job.py:633} INFO - Processing file /home/airflow/sandbox/lib/python3.8/site-packages/airflow/example_dags/tutorial_taskflow_api_etl.py for tasks to queue
[2021-09-23 23:12:22,048] {logging_mixin.py:104} INFO - [2021-09-23 23:12:22,048] {dagbag.py:487} INFO - Filling up the DagBag from /home/airflow/sandbox/lib/python3.8/site-packages/airflow/example_dags/tutorial_taskflow_api_etl.py
[2021-09-23 23:12:22,064] {scheduler_job.py:643} INFO - DAG(s) dict_keys(['tutorial_taskflow_api_etl']) retrieved from /home/airflow/sandbox/lib/python3.8/site-packages/airflow/example_dags/tutorial_taskflow_api_etl.py
[2021-09-23 23:12:22,372] {logging_mixin.py:104} INFO - [2021-09-23 23:12:22,372] {dag.py:1832} INFO - Sync 1 DAGs
[2021-09-23 23:12:22,382] {logging_mixin.py:104} INFO - [2021-09-23 23:12:22,382] {dag.py:2305} INFO - Setting next_dagrun for tutorial_taskflow_api_etl to None
[2021-09-23 23:12:22,413] {scheduler_job.py:190} INFO - Processing /home/airflow/sandbox/lib/python3.8/site-packages/airflow/example_dags/tutorial_taskflow_api_etl.py took 0.378 seconds
[2021-09-23 23:12:54,029] {scheduler_job.py:182} INFO - Started process (PID=8394) to work on /home/airflow/sandbox/lib/python3.8/site-packages/airflow/example_dags/tutorial_taskflow_api_etl.py
[2021-09-23 23:12:54,030] {scheduler_job.py:633} INFO - Processing file /home/airflow/sandbox/lib/python3.8/site-packages/airflow/example_dags/tutorial_taskflow_api_etl.py for tasks to queue
[2021-09-23 23:12:54,031] {logging_mixin.py:104} INFO - [2021-09-23 23:12:54,031] {dagbag.py:487} INFO - Filling up the DagBag from /home/airflow/sandbox/lib/python3.8/site-packages/airflow/example_dags/tutorial_taskflow_api_etl.py
[2021-09-23 23:12:54,043] {scheduler_job.py:643} INFO - DAG(s) dict_keys(['tutorial_taskflow_api_etl']) retrieved from /home/airflow/sandbox/lib/python3.8/site-packages/airflow/example_dags/tutorial_taskflow_api_etl.py
[2021-09-23 23:12:54,391] {logging_mixin.py:104} INFO - [2021-09-23 23:12:54,391] {dag.py:1832} INFO - Sync 1 DAGs
[2021-09-23 23:12:54,399] {logging_mixin.py:104} INFO - [2021-09-23 23:12:54,399] {dag.py:2305} INFO - Setting next_dagrun for tutorial_taskflow_api_etl to None
[2021-09-23 23:12:54,425] {scheduler_job.py:190} INFO - Processing /home/airflow/sandbox/lib/python3.8/site-packages/airflow/example_dags/tutorial_taskflow_api_etl.py took 0.399 seconds
[2021-09-23 23:13:26,421] {scheduler_job.py:182} INFO - Started process (PID=8424) to work on /home/airflow/sandbox/lib/python3.8/site-packages/airflow/example_dags/tutorial_taskflow_api_etl.py
[2021-09-23 23:13:26,422] {scheduler_job.py:633} INFO - Processing file /home/airflow/sandbox/lib/python3.8/site-packages/airflow/example_dags/tutorial_taskflow_api_etl.py for tasks to queue
[2021-09-23 23:13:26,423] {logging_mixin.py:104} INFO - [2021-09-23 23:13:26,423] {dagbag.py:487} INFO - Filling up the DagBag from /home/airflow/sandbox/lib/python3.8/site-packages/airflow/example_dags/tutorial_taskflow_api_etl.py
[2021-09-23 23:13:26,436] {scheduler_job.py:643} INFO - DAG(s) dict_keys(['tutorial_taskflow_api_etl']) retrieved from /home/airflow/sandbox/lib/python3.8/site-packages/airflow/example_dags/tutorial_taskflow_api_etl.py
[2021-09-23 23:13:26,804] {logging_mixin.py:104} INFO - [2021-09-23 23:13:26,804] {dag.py:1832} INFO - Sync 1 DAGs
[2021-09-23 23:13:26,817] {logging_mixin.py:104} INFO - [2021-09-23 23:13:26,815] {dag.py:2305} INFO - Setting next_dagrun for tutorial_taskflow_api_etl to None
[2021-09-23 23:13:26,840] {scheduler_job.py:190} INFO - Processing /home/airflow/sandbox/lib/python3.8/site-packages/airflow/example_dags/tutorial_taskflow_api_etl.py took 0.421 seconds
[2021-09-23 23:14:00,440] {scheduler_job.py:182} INFO - Started process (PID=8455) to work on /home/airflow/sandbox/lib/python3.8/site-packages/airflow/example_dags/tutorial_taskflow_api_etl.py
[2021-09-23 23:14:00,441] {scheduler_job.py:633} INFO - Processing file /home/airflow/sandbox/lib/python3.8/site-packages/airflow/example_dags/tutorial_taskflow_api_etl.py for tasks to queue
[2021-09-23 23:14:00,442] {logging_mixin.py:104} INFO - [2021-09-23 23:14:00,441] {dagbag.py:487} INFO - Filling up the DagBag from /home/airflow/sandbox/lib/python3.8/site-packages/airflow/example_dags/tutorial_taskflow_api_etl.py
[2021-09-23 23:14:00,457] {scheduler_job.py:643} INFO - DAG(s) dict_keys(['tutorial_taskflow_api_etl']) retrieved from /home/airflow/sandbox/lib/python3.8/site-packages/airflow/example_dags/tutorial_taskflow_api_etl.py
[2021-09-23 23:14:00,766] {logging_mixin.py:104} INFO - [2021-09-23 23:14:00,766] {dag.py:1832} INFO - Sync 1 DAGs
[2021-09-23 23:14:00,789] {logging_mixin.py:104} INFO - [2021-09-23 23:14:00,789] {dag.py:2305} INFO - Setting next_dagrun for tutorial_taskflow_api_etl to None
[2021-09-23 23:14:00,824] {scheduler_job.py:190} INFO - Processing /home/airflow/sandbox/lib/python3.8/site-packages/airflow/example_dags/tutorial_taskflow_api_etl.py took 0.388 seconds
[2021-09-23 23:14:35,113] {scheduler_job.py:182} INFO - Started process (PID=8487) to work on /home/airflow/sandbox/lib/python3.8/site-packages/airflow/example_dags/tutorial_taskflow_api_etl.py
[2021-09-23 23:14:35,114] {scheduler_job.py:633} INFO - Processing file /home/airflow/sandbox/lib/python3.8/site-packages/airflow/example_dags/tutorial_taskflow_api_etl.py for tasks to queue
[2021-09-23 23:14:35,114] {logging_mixin.py:104} INFO - [2021-09-23 23:14:35,114] {dagbag.py:487} INFO - Filling up the DagBag from /home/airflow/sandbox/lib/python3.8/site-packages/airflow/example_dags/tutorial_taskflow_api_etl.py
[2021-09-23 23:14:35,130] {scheduler_job.py:643} INFO - DAG(s) dict_keys(['tutorial_taskflow_api_etl']) retrieved from /home/airflow/sandbox/lib/python3.8/site-packages/airflow/example_dags/tutorial_taskflow_api_etl.py
[2021-09-23 23:14:35,440] {logging_mixin.py:104} INFO - [2021-09-23 23:14:35,440] {dag.py:1832} INFO - Sync 1 DAGs
[2021-09-23 23:14:35,448] {logging_mixin.py:104} INFO - [2021-09-23 23:14:35,448] {dag.py:2305} INFO - Setting next_dagrun for tutorial_taskflow_api_etl to None
[2021-09-23 23:14:35,466] {scheduler_job.py:190} INFO - Processing /home/airflow/sandbox/lib/python3.8/site-packages/airflow/example_dags/tutorial_taskflow_api_etl.py took 0.355 seconds
[2021-09-23 23:15:11,171] {scheduler_job.py:182} INFO - Started process (PID=8730) to work on /home/airflow/sandbox/lib/python3.8/site-packages/airflow/example_dags/tutorial_taskflow_api_etl.py
[2021-09-23 23:15:11,172] {scheduler_job.py:633} INFO - Processing file /home/airflow/sandbox/lib/python3.8/site-packages/airflow/example_dags/tutorial_taskflow_api_etl.py for tasks to queue
[2021-09-23 23:15:11,173] {logging_mixin.py:104} INFO - [2021-09-23 23:15:11,173] {dagbag.py:487} INFO - Filling up the DagBag from /home/airflow/sandbox/lib/python3.8/site-packages/airflow/example_dags/tutorial_taskflow_api_etl.py
[2021-09-23 23:15:11,194] {scheduler_job.py:643} INFO - DAG(s) dict_keys(['tutorial_taskflow_api_etl']) retrieved from /home/airflow/sandbox/lib/python3.8/site-packages/airflow/example_dags/tutorial_taskflow_api_etl.py
[2021-09-23 23:15:11,524] {logging_mixin.py:104} INFO - [2021-09-23 23:15:11,524] {dag.py:1832} INFO - Sync 1 DAGs
[2021-09-23 23:15:11,536] {logging_mixin.py:104} INFO - [2021-09-23 23:15:11,536] {dag.py:2305} INFO - Setting next_dagrun for tutorial_taskflow_api_etl to None
[2021-09-23 23:15:11,563] {scheduler_job.py:190} INFO - Processing /home/airflow/sandbox/lib/python3.8/site-packages/airflow/example_dags/tutorial_taskflow_api_etl.py took 0.394 seconds
[2021-09-23 23:15:43,233] {scheduler_job.py:182} INFO - Started process (PID=8925) to work on /home/airflow/sandbox/lib/python3.8/site-packages/airflow/example_dags/tutorial_taskflow_api_etl.py
[2021-09-23 23:15:43,234] {scheduler_job.py:633} INFO - Processing file /home/airflow/sandbox/lib/python3.8/site-packages/airflow/example_dags/tutorial_taskflow_api_etl.py for tasks to queue
[2021-09-23 23:15:43,235] {logging_mixin.py:104} INFO - [2021-09-23 23:15:43,235] {dagbag.py:487} INFO - Filling up the DagBag from /home/airflow/sandbox/lib/python3.8/site-packages/airflow/example_dags/tutorial_taskflow_api_etl.py
[2021-09-23 23:15:43,247] {scheduler_job.py:643} INFO - DAG(s) dict_keys(['tutorial_taskflow_api_etl']) retrieved from /home/airflow/sandbox/lib/python3.8/site-packages/airflow/example_dags/tutorial_taskflow_api_etl.py
[2021-09-23 23:15:43,599] {logging_mixin.py:104} INFO - [2021-09-23 23:15:43,599] {dag.py:1832} INFO - Sync 1 DAGs
[2021-09-23 23:15:43,611] {logging_mixin.py:104} INFO - [2021-09-23 23:15:43,611] {dag.py:2305} INFO - Setting next_dagrun for tutorial_taskflow_api_etl to None
[2021-09-23 23:15:43,632] {scheduler_job.py:190} INFO - Processing /home/airflow/sandbox/lib/python3.8/site-packages/airflow/example_dags/tutorial_taskflow_api_etl.py took 0.401 seconds
[2021-09-23 23:16:15,286] {scheduler_job.py:182} INFO - Started process (PID=9041) to work on /home/airflow/sandbox/lib/python3.8/site-packages/airflow/example_dags/tutorial_taskflow_api_etl.py
[2021-09-23 23:16:15,287] {scheduler_job.py:633} INFO - Processing file /home/airflow/sandbox/lib/python3.8/site-packages/airflow/example_dags/tutorial_taskflow_api_etl.py for tasks to queue
[2021-09-23 23:16:15,288] {logging_mixin.py:104} INFO - [2021-09-23 23:16:15,288] {dagbag.py:487} INFO - Filling up the DagBag from /home/airflow/sandbox/lib/python3.8/site-packages/airflow/example_dags/tutorial_taskflow_api_etl.py
[2021-09-23 23:16:15,303] {scheduler_job.py:643} INFO - DAG(s) dict_keys(['tutorial_taskflow_api_etl']) retrieved from /home/airflow/sandbox/lib/python3.8/site-packages/airflow/example_dags/tutorial_taskflow_api_etl.py
[2021-09-23 23:16:15,612] {logging_mixin.py:104} INFO - [2021-09-23 23:16:15,611] {dag.py:1832} INFO - Sync 1 DAGs
[2021-09-23 23:16:15,622] {logging_mixin.py:104} INFO - [2021-09-23 23:16:15,622] {dag.py:2305} INFO - Setting next_dagrun for tutorial_taskflow_api_etl to None
[2021-09-23 23:16:15,645] {scheduler_job.py:190} INFO - Processing /home/airflow/sandbox/lib/python3.8/site-packages/airflow/example_dags/tutorial_taskflow_api_etl.py took 0.361 seconds
[2021-09-23 23:16:48,243] {scheduler_job.py:182} INFO - Started process (PID=9190) to work on /home/airflow/sandbox/lib/python3.8/site-packages/airflow/example_dags/tutorial_taskflow_api_etl.py
[2021-09-23 23:16:48,244] {scheduler_job.py:633} INFO - Processing file /home/airflow/sandbox/lib/python3.8/site-packages/airflow/example_dags/tutorial_taskflow_api_etl.py for tasks to queue
[2021-09-23 23:16:48,244] {logging_mixin.py:104} INFO - [2021-09-23 23:16:48,244] {dagbag.py:487} INFO - Filling up the DagBag from /home/airflow/sandbox/lib/python3.8/site-packages/airflow/example_dags/tutorial_taskflow_api_etl.py
[2021-09-23 23:16:48,257] {scheduler_job.py:643} INFO - DAG(s) dict_keys(['tutorial_taskflow_api_etl']) retrieved from /home/airflow/sandbox/lib/python3.8/site-packages/airflow/example_dags/tutorial_taskflow_api_etl.py
[2021-09-23 23:16:48,579] {logging_mixin.py:104} INFO - [2021-09-23 23:16:48,579] {dag.py:1832} INFO - Sync 1 DAGs
[2021-09-23 23:16:48,590] {logging_mixin.py:104} INFO - [2021-09-23 23:16:48,590] {dag.py:2305} INFO - Setting next_dagrun for tutorial_taskflow_api_etl to None
[2021-09-23 23:16:48,607] {scheduler_job.py:190} INFO - Processing /home/airflow/sandbox/lib/python3.8/site-packages/airflow/example_dags/tutorial_taskflow_api_etl.py took 0.368 seconds
[2021-09-23 23:43:31,509] {scheduler_job.py:182} INFO - Started process (PID=9318) to work on /home/airflow/sandbox/lib/python3.8/site-packages/airflow/example_dags/tutorial_taskflow_api_etl.py
[2021-09-23 23:43:31,510] {scheduler_job.py:633} INFO - Processing file /home/airflow/sandbox/lib/python3.8/site-packages/airflow/example_dags/tutorial_taskflow_api_etl.py for tasks to queue
[2021-09-23 23:43:31,510] {logging_mixin.py:104} INFO - [2021-09-23 23:43:31,510] {dagbag.py:487} INFO - Filling up the DagBag from /home/airflow/sandbox/lib/python3.8/site-packages/airflow/example_dags/tutorial_taskflow_api_etl.py
[2021-09-23 23:43:31,528] {scheduler_job.py:643} INFO - DAG(s) dict_keys(['tutorial_taskflow_api_etl']) retrieved from /home/airflow/sandbox/lib/python3.8/site-packages/airflow/example_dags/tutorial_taskflow_api_etl.py
[2021-09-23 23:43:31,875] {logging_mixin.py:104} INFO - [2021-09-23 23:43:31,875] {dag.py:1832} INFO - Sync 1 DAGs
[2021-09-23 23:43:31,886] {logging_mixin.py:104} INFO - [2021-09-23 23:43:31,886] {dag.py:2305} INFO - Setting next_dagrun for tutorial_taskflow_api_etl to None
[2021-09-23 23:43:31,913] {scheduler_job.py:190} INFO - Processing /home/airflow/sandbox/lib/python3.8/site-packages/airflow/example_dags/tutorial_taskflow_api_etl.py took 0.408 seconds
[2021-09-23 23:44:06,308] {scheduler_job.py:182} INFO - Started process (PID=9351) to work on /home/airflow/sandbox/lib/python3.8/site-packages/airflow/example_dags/tutorial_taskflow_api_etl.py
[2021-09-23 23:44:06,309] {scheduler_job.py:633} INFO - Processing file /home/airflow/sandbox/lib/python3.8/site-packages/airflow/example_dags/tutorial_taskflow_api_etl.py for tasks to queue
[2021-09-23 23:44:06,310] {logging_mixin.py:104} INFO - [2021-09-23 23:44:06,310] {dagbag.py:487} INFO - Filling up the DagBag from /home/airflow/sandbox/lib/python3.8/site-packages/airflow/example_dags/tutorial_taskflow_api_etl.py
[2021-09-23 23:44:06,327] {scheduler_job.py:643} INFO - DAG(s) dict_keys(['tutorial_taskflow_api_etl']) retrieved from /home/airflow/sandbox/lib/python3.8/site-packages/airflow/example_dags/tutorial_taskflow_api_etl.py
[2021-09-23 23:44:06,674] {logging_mixin.py:104} INFO - [2021-09-23 23:44:06,673] {dag.py:1832} INFO - Sync 1 DAGs
[2021-09-23 23:44:06,683] {logging_mixin.py:104} INFO - [2021-09-23 23:44:06,683] {dag.py:2305} INFO - Setting next_dagrun for tutorial_taskflow_api_etl to None
[2021-09-23 23:44:06,711] {scheduler_job.py:190} INFO - Processing /home/airflow/sandbox/lib/python3.8/site-packages/airflow/example_dags/tutorial_taskflow_api_etl.py took 0.404 seconds
[2021-09-23 23:44:38,987] {scheduler_job.py:182} INFO - Started process (PID=9384) to work on /home/airflow/sandbox/lib/python3.8/site-packages/airflow/example_dags/tutorial_taskflow_api_etl.py
[2021-09-23 23:44:38,988] {scheduler_job.py:633} INFO - Processing file /home/airflow/sandbox/lib/python3.8/site-packages/airflow/example_dags/tutorial_taskflow_api_etl.py for tasks to queue
[2021-09-23 23:44:38,989] {logging_mixin.py:104} INFO - [2021-09-23 23:44:38,989] {dagbag.py:487} INFO - Filling up the DagBag from /home/airflow/sandbox/lib/python3.8/site-packages/airflow/example_dags/tutorial_taskflow_api_etl.py
[2021-09-23 23:44:39,004] {scheduler_job.py:643} INFO - DAG(s) dict_keys(['tutorial_taskflow_api_etl']) retrieved from /home/airflow/sandbox/lib/python3.8/site-packages/airflow/example_dags/tutorial_taskflow_api_etl.py
[2021-09-23 23:44:39,327] {logging_mixin.py:104} INFO - [2021-09-23 23:44:39,327] {dag.py:1832} INFO - Sync 1 DAGs
[2021-09-23 23:44:39,337] {logging_mixin.py:104} INFO - [2021-09-23 23:44:39,337] {dag.py:2305} INFO - Setting next_dagrun for tutorial_taskflow_api_etl to None
[2021-09-23 23:44:39,360] {scheduler_job.py:190} INFO - Processing /home/airflow/sandbox/lib/python3.8/site-packages/airflow/example_dags/tutorial_taskflow_api_etl.py took 0.376 seconds
[2021-09-23 23:45:14,217] {scheduler_job.py:182} INFO - Started process (PID=9416) to work on /home/airflow/sandbox/lib/python3.8/site-packages/airflow/example_dags/tutorial_taskflow_api_etl.py
[2021-09-23 23:45:14,220] {scheduler_job.py:633} INFO - Processing file /home/airflow/sandbox/lib/python3.8/site-packages/airflow/example_dags/tutorial_taskflow_api_etl.py for tasks to queue
[2021-09-23 23:45:14,220] {logging_mixin.py:104} INFO - [2021-09-23 23:45:14,220] {dagbag.py:487} INFO - Filling up the DagBag from /home/airflow/sandbox/lib/python3.8/site-packages/airflow/example_dags/tutorial_taskflow_api_etl.py
[2021-09-23 23:45:14,237] {scheduler_job.py:643} INFO - DAG(s) dict_keys(['tutorial_taskflow_api_etl']) retrieved from /home/airflow/sandbox/lib/python3.8/site-packages/airflow/example_dags/tutorial_taskflow_api_etl.py
[2021-09-23 23:45:14,513] {logging_mixin.py:104} INFO - [2021-09-23 23:45:14,512] {dag.py:1832} INFO - Sync 1 DAGs
[2021-09-23 23:45:14,523] {logging_mixin.py:104} INFO - [2021-09-23 23:45:14,523] {dag.py:2305} INFO - Setting next_dagrun for tutorial_taskflow_api_etl to None
[2021-09-23 23:45:14,543] {scheduler_job.py:190} INFO - Processing /home/airflow/sandbox/lib/python3.8/site-packages/airflow/example_dags/tutorial_taskflow_api_etl.py took 0.328 seconds
[2021-09-23 23:45:47,923] {scheduler_job.py:182} INFO - Started process (PID=9448) to work on /home/airflow/sandbox/lib/python3.8/site-packages/airflow/example_dags/tutorial_taskflow_api_etl.py
[2021-09-23 23:45:47,924] {scheduler_job.py:633} INFO - Processing file /home/airflow/sandbox/lib/python3.8/site-packages/airflow/example_dags/tutorial_taskflow_api_etl.py for tasks to queue
[2021-09-23 23:45:47,924] {logging_mixin.py:104} INFO - [2021-09-23 23:45:47,924] {dagbag.py:487} INFO - Filling up the DagBag from /home/airflow/sandbox/lib/python3.8/site-packages/airflow/example_dags/tutorial_taskflow_api_etl.py
[2021-09-23 23:45:47,939] {scheduler_job.py:643} INFO - DAG(s) dict_keys(['tutorial_taskflow_api_etl']) retrieved from /home/airflow/sandbox/lib/python3.8/site-packages/airflow/example_dags/tutorial_taskflow_api_etl.py
[2021-09-23 23:45:48,292] {logging_mixin.py:104} INFO - [2021-09-23 23:45:48,292] {dag.py:1832} INFO - Sync 1 DAGs
[2021-09-23 23:45:48,303] {logging_mixin.py:104} INFO - [2021-09-23 23:45:48,303] {dag.py:2305} INFO - Setting next_dagrun for tutorial_taskflow_api_etl to None
[2021-09-23 23:45:48,337] {scheduler_job.py:190} INFO - Processing /home/airflow/sandbox/lib/python3.8/site-packages/airflow/example_dags/tutorial_taskflow_api_etl.py took 0.417 seconds
[2021-09-23 23:46:20,966] {scheduler_job.py:182} INFO - Started process (PID=9481) to work on /home/airflow/sandbox/lib/python3.8/site-packages/airflow/example_dags/tutorial_taskflow_api_etl.py
[2021-09-23 23:46:20,967] {scheduler_job.py:633} INFO - Processing file /home/airflow/sandbox/lib/python3.8/site-packages/airflow/example_dags/tutorial_taskflow_api_etl.py for tasks to queue
[2021-09-23 23:46:20,968] {logging_mixin.py:104} INFO - [2021-09-23 23:46:20,968] {dagbag.py:487} INFO - Filling up the DagBag from /home/airflow/sandbox/lib/python3.8/site-packages/airflow/example_dags/tutorial_taskflow_api_etl.py
[2021-09-23 23:46:20,983] {scheduler_job.py:643} INFO - DAG(s) dict_keys(['tutorial_taskflow_api_etl']) retrieved from /home/airflow/sandbox/lib/python3.8/site-packages/airflow/example_dags/tutorial_taskflow_api_etl.py
[2021-09-23 23:46:21,258] {logging_mixin.py:104} INFO - [2021-09-23 23:46:21,258] {dag.py:1832} INFO - Sync 1 DAGs
[2021-09-23 23:46:21,267] {logging_mixin.py:104} INFO - [2021-09-23 23:46:21,267] {dag.py:2305} INFO - Setting next_dagrun for tutorial_taskflow_api_etl to None
[2021-09-23 23:46:21,290] {scheduler_job.py:190} INFO - Processing /home/airflow/sandbox/lib/python3.8/site-packages/airflow/example_dags/tutorial_taskflow_api_etl.py took 0.328 seconds
[2021-09-23 23:46:54,927] {scheduler_job.py:182} INFO - Started process (PID=9556) to work on /home/airflow/sandbox/lib/python3.8/site-packages/airflow/example_dags/tutorial_taskflow_api_etl.py
[2021-09-23 23:46:54,928] {scheduler_job.py:633} INFO - Processing file /home/airflow/sandbox/lib/python3.8/site-packages/airflow/example_dags/tutorial_taskflow_api_etl.py for tasks to queue
[2021-09-23 23:46:54,929] {logging_mixin.py:104} INFO - [2021-09-23 23:46:54,929] {dagbag.py:487} INFO - Filling up the DagBag from /home/airflow/sandbox/lib/python3.8/site-packages/airflow/example_dags/tutorial_taskflow_api_etl.py
[2021-09-23 23:46:54,953] {scheduler_job.py:643} INFO - DAG(s) dict_keys(['tutorial_taskflow_api_etl']) retrieved from /home/airflow/sandbox/lib/python3.8/site-packages/airflow/example_dags/tutorial_taskflow_api_etl.py
[2021-09-23 23:46:55,252] {logging_mixin.py:104} INFO - [2021-09-23 23:46:55,252] {dag.py:1832} INFO - Sync 1 DAGs
[2021-09-23 23:46:55,262] {logging_mixin.py:104} INFO - [2021-09-23 23:46:55,262] {dag.py:2305} INFO - Setting next_dagrun for tutorial_taskflow_api_etl to None
[2021-09-23 23:46:55,284] {scheduler_job.py:190} INFO - Processing /home/airflow/sandbox/lib/python3.8/site-packages/airflow/example_dags/tutorial_taskflow_api_etl.py took 0.360 seconds
[2021-09-23 23:47:30,955] {scheduler_job.py:182} INFO - Started process (PID=9590) to work on /home/airflow/sandbox/lib/python3.8/site-packages/airflow/example_dags/tutorial_taskflow_api_etl.py
[2021-09-23 23:47:30,956] {scheduler_job.py:633} INFO - Processing file /home/airflow/sandbox/lib/python3.8/site-packages/airflow/example_dags/tutorial_taskflow_api_etl.py for tasks to queue
[2021-09-23 23:47:30,957] {logging_mixin.py:104} INFO - [2021-09-23 23:47:30,957] {dagbag.py:487} INFO - Filling up the DagBag from /home/airflow/sandbox/lib/python3.8/site-packages/airflow/example_dags/tutorial_taskflow_api_etl.py
[2021-09-23 23:47:30,971] {scheduler_job.py:643} INFO - DAG(s) dict_keys(['tutorial_taskflow_api_etl']) retrieved from /home/airflow/sandbox/lib/python3.8/site-packages/airflow/example_dags/tutorial_taskflow_api_etl.py
[2021-09-23 23:47:31,265] {logging_mixin.py:104} INFO - [2021-09-23 23:47:31,265] {dag.py:1832} INFO - Sync 1 DAGs
[2021-09-23 23:47:31,277] {logging_mixin.py:104} INFO - [2021-09-23 23:47:31,277] {dag.py:2305} INFO - Setting next_dagrun for tutorial_taskflow_api_etl to None
[2021-09-23 23:47:31,299] {scheduler_job.py:190} INFO - Processing /home/airflow/sandbox/lib/python3.8/site-packages/airflow/example_dags/tutorial_taskflow_api_etl.py took 0.346 seconds
[2021-09-23 23:48:02,460] {scheduler_job.py:182} INFO - Started process (PID=9622) to work on /home/airflow/sandbox/lib/python3.8/site-packages/airflow/example_dags/tutorial_taskflow_api_etl.py
[2021-09-23 23:48:02,461] {scheduler_job.py:633} INFO - Processing file /home/airflow/sandbox/lib/python3.8/site-packages/airflow/example_dags/tutorial_taskflow_api_etl.py for tasks to queue
[2021-09-23 23:48:02,461] {logging_mixin.py:104} INFO - [2021-09-23 23:48:02,461] {dagbag.py:487} INFO - Filling up the DagBag from /home/airflow/sandbox/lib/python3.8/site-packages/airflow/example_dags/tutorial_taskflow_api_etl.py
[2021-09-23 23:48:02,474] {scheduler_job.py:643} INFO - DAG(s) dict_keys(['tutorial_taskflow_api_etl']) retrieved from /home/airflow/sandbox/lib/python3.8/site-packages/airflow/example_dags/tutorial_taskflow_api_etl.py
[2021-09-23 23:48:02,758] {logging_mixin.py:104} INFO - [2021-09-23 23:48:02,758] {dag.py:1832} INFO - Sync 1 DAGs
[2021-09-23 23:48:02,768] {logging_mixin.py:104} INFO - [2021-09-23 23:48:02,768] {dag.py:2305} INFO - Setting next_dagrun for tutorial_taskflow_api_etl to None
[2021-09-23 23:48:02,800] {scheduler_job.py:190} INFO - Processing /home/airflow/sandbox/lib/python3.8/site-packages/airflow/example_dags/tutorial_taskflow_api_etl.py took 0.344 seconds
[2021-09-23 23:48:35,991] {scheduler_job.py:182} INFO - Started process (PID=9653) to work on /home/airflow/sandbox/lib/python3.8/site-packages/airflow/example_dags/tutorial_taskflow_api_etl.py
[2021-09-23 23:48:35,992] {scheduler_job.py:633} INFO - Processing file /home/airflow/sandbox/lib/python3.8/site-packages/airflow/example_dags/tutorial_taskflow_api_etl.py for tasks to queue
[2021-09-23 23:48:35,993] {logging_mixin.py:104} INFO - [2021-09-23 23:48:35,993] {dagbag.py:487} INFO - Filling up the DagBag from /home/airflow/sandbox/lib/python3.8/site-packages/airflow/example_dags/tutorial_taskflow_api_etl.py
[2021-09-23 23:48:36,006] {scheduler_job.py:643} INFO - DAG(s) dict_keys(['tutorial_taskflow_api_etl']) retrieved from /home/airflow/sandbox/lib/python3.8/site-packages/airflow/example_dags/tutorial_taskflow_api_etl.py
[2021-09-23 23:48:36,299] {logging_mixin.py:104} INFO - [2021-09-23 23:48:36,299] {dag.py:1832} INFO - Sync 1 DAGs
[2021-09-23 23:48:36,312] {logging_mixin.py:104} INFO - [2021-09-23 23:48:36,312] {dag.py:2305} INFO - Setting next_dagrun for tutorial_taskflow_api_etl to None
[2021-09-23 23:48:36,336] {scheduler_job.py:190} INFO - Processing /home/airflow/sandbox/lib/python3.8/site-packages/airflow/example_dags/tutorial_taskflow_api_etl.py took 0.347 seconds
[2021-09-23 23:49:10,974] {scheduler_job.py:182} INFO - Started process (PID=9685) to work on /home/airflow/sandbox/lib/python3.8/site-packages/airflow/example_dags/tutorial_taskflow_api_etl.py
[2021-09-23 23:49:10,976] {scheduler_job.py:633} INFO - Processing file /home/airflow/sandbox/lib/python3.8/site-packages/airflow/example_dags/tutorial_taskflow_api_etl.py for tasks to queue
[2021-09-23 23:49:10,977] {logging_mixin.py:104} INFO - [2021-09-23 23:49:10,977] {dagbag.py:487} INFO - Filling up the DagBag from /home/airflow/sandbox/lib/python3.8/site-packages/airflow/example_dags/tutorial_taskflow_api_etl.py
[2021-09-23 23:49:10,993] {scheduler_job.py:643} INFO - DAG(s) dict_keys(['tutorial_taskflow_api_etl']) retrieved from /home/airflow/sandbox/lib/python3.8/site-packages/airflow/example_dags/tutorial_taskflow_api_etl.py
[2021-09-23 23:49:11,364] {logging_mixin.py:104} INFO - [2021-09-23 23:49:11,364] {dag.py:1832} INFO - Sync 1 DAGs
[2021-09-23 23:49:11,375] {logging_mixin.py:104} INFO - [2021-09-23 23:49:11,375] {dag.py:2305} INFO - Setting next_dagrun for tutorial_taskflow_api_etl to None
[2021-09-23 23:49:11,402] {scheduler_job.py:190} INFO - Processing /home/airflow/sandbox/lib/python3.8/site-packages/airflow/example_dags/tutorial_taskflow_api_etl.py took 0.430 seconds
[2021-09-23 23:49:46,224] {scheduler_job.py:182} INFO - Started process (PID=9718) to work on /home/airflow/sandbox/lib/python3.8/site-packages/airflow/example_dags/tutorial_taskflow_api_etl.py
[2021-09-23 23:49:46,225] {scheduler_job.py:633} INFO - Processing file /home/airflow/sandbox/lib/python3.8/site-packages/airflow/example_dags/tutorial_taskflow_api_etl.py for tasks to queue
[2021-09-23 23:49:46,226] {logging_mixin.py:104} INFO - [2021-09-23 23:49:46,226] {dagbag.py:487} INFO - Filling up the DagBag from /home/airflow/sandbox/lib/python3.8/site-packages/airflow/example_dags/tutorial_taskflow_api_etl.py
[2021-09-23 23:49:46,240] {scheduler_job.py:643} INFO - DAG(s) dict_keys(['tutorial_taskflow_api_etl']) retrieved from /home/airflow/sandbox/lib/python3.8/site-packages/airflow/example_dags/tutorial_taskflow_api_etl.py
[2021-09-23 23:49:46,510] {logging_mixin.py:104} INFO - [2021-09-23 23:49:46,510] {dag.py:1832} INFO - Sync 1 DAGs
[2021-09-23 23:49:46,520] {logging_mixin.py:104} INFO - [2021-09-23 23:49:46,519] {dag.py:2305} INFO - Setting next_dagrun for tutorial_taskflow_api_etl to None
[2021-09-23 23:49:46,540] {scheduler_job.py:190} INFO - Processing /home/airflow/sandbox/lib/python3.8/site-packages/airflow/example_dags/tutorial_taskflow_api_etl.py took 0.321 seconds
[2021-09-23 23:50:17,190] {scheduler_job.py:182} INFO - Started process (PID=9749) to work on /home/airflow/sandbox/lib/python3.8/site-packages/airflow/example_dags/tutorial_taskflow_api_etl.py
[2021-09-23 23:50:17,192] {scheduler_job.py:633} INFO - Processing file /home/airflow/sandbox/lib/python3.8/site-packages/airflow/example_dags/tutorial_taskflow_api_etl.py for tasks to queue
[2021-09-23 23:50:17,194] {logging_mixin.py:104} INFO - [2021-09-23 23:50:17,192] {dagbag.py:487} INFO - Filling up the DagBag from /home/airflow/sandbox/lib/python3.8/site-packages/airflow/example_dags/tutorial_taskflow_api_etl.py
[2021-09-23 23:50:17,208] {scheduler_job.py:643} INFO - DAG(s) dict_keys(['tutorial_taskflow_api_etl']) retrieved from /home/airflow/sandbox/lib/python3.8/site-packages/airflow/example_dags/tutorial_taskflow_api_etl.py
[2021-09-23 23:50:17,497] {logging_mixin.py:104} INFO - [2021-09-23 23:50:17,497] {dag.py:1832} INFO - Sync 1 DAGs
[2021-09-23 23:50:17,508] {logging_mixin.py:104} INFO - [2021-09-23 23:50:17,508] {dag.py:2305} INFO - Setting next_dagrun for tutorial_taskflow_api_etl to None
[2021-09-23 23:50:17,529] {scheduler_job.py:190} INFO - Processing /home/airflow/sandbox/lib/python3.8/site-packages/airflow/example_dags/tutorial_taskflow_api_etl.py took 0.341 seconds
[2021-09-23 23:50:49,948] {scheduler_job.py:182} INFO - Started process (PID=9781) to work on /home/airflow/sandbox/lib/python3.8/site-packages/airflow/example_dags/tutorial_taskflow_api_etl.py
[2021-09-23 23:50:49,949] {scheduler_job.py:633} INFO - Processing file /home/airflow/sandbox/lib/python3.8/site-packages/airflow/example_dags/tutorial_taskflow_api_etl.py for tasks to queue
[2021-09-23 23:50:49,950] {logging_mixin.py:104} INFO - [2021-09-23 23:50:49,949] {dagbag.py:487} INFO - Filling up the DagBag from /home/airflow/sandbox/lib/python3.8/site-packages/airflow/example_dags/tutorial_taskflow_api_etl.py
[2021-09-23 23:50:49,963] {scheduler_job.py:643} INFO - DAG(s) dict_keys(['tutorial_taskflow_api_etl']) retrieved from /home/airflow/sandbox/lib/python3.8/site-packages/airflow/example_dags/tutorial_taskflow_api_etl.py
[2021-09-23 23:50:50,249] {logging_mixin.py:104} INFO - [2021-09-23 23:50:50,249] {dag.py:1832} INFO - Sync 1 DAGs
[2021-09-23 23:50:50,258] {logging_mixin.py:104} INFO - [2021-09-23 23:50:50,258] {dag.py:2305} INFO - Setting next_dagrun for tutorial_taskflow_api_etl to None
[2021-09-23 23:50:50,277] {scheduler_job.py:190} INFO - Processing /home/airflow/sandbox/lib/python3.8/site-packages/airflow/example_dags/tutorial_taskflow_api_etl.py took 0.333 seconds
[2021-09-23 23:51:23,996] {scheduler_job.py:182} INFO - Started process (PID=9813) to work on /home/airflow/sandbox/lib/python3.8/site-packages/airflow/example_dags/tutorial_taskflow_api_etl.py
[2021-09-23 23:51:23,997] {scheduler_job.py:633} INFO - Processing file /home/airflow/sandbox/lib/python3.8/site-packages/airflow/example_dags/tutorial_taskflow_api_etl.py for tasks to queue
[2021-09-23 23:51:23,997] {logging_mixin.py:104} INFO - [2021-09-23 23:51:23,997] {dagbag.py:487} INFO - Filling up the DagBag from /home/airflow/sandbox/lib/python3.8/site-packages/airflow/example_dags/tutorial_taskflow_api_etl.py
[2021-09-23 23:51:24,011] {scheduler_job.py:643} INFO - DAG(s) dict_keys(['tutorial_taskflow_api_etl']) retrieved from /home/airflow/sandbox/lib/python3.8/site-packages/airflow/example_dags/tutorial_taskflow_api_etl.py
[2021-09-23 23:51:24,296] {logging_mixin.py:104} INFO - [2021-09-23 23:51:24,296] {dag.py:1832} INFO - Sync 1 DAGs
[2021-09-23 23:51:24,303] {logging_mixin.py:104} INFO - [2021-09-23 23:51:24,303] {dag.py:2305} INFO - Setting next_dagrun for tutorial_taskflow_api_etl to None
[2021-09-23 23:51:24,328] {scheduler_job.py:190} INFO - Processing /home/airflow/sandbox/lib/python3.8/site-packages/airflow/example_dags/tutorial_taskflow_api_etl.py took 0.334 seconds
[2021-09-23 23:51:58,183] {scheduler_job.py:182} INFO - Started process (PID=9889) to work on /home/airflow/sandbox/lib/python3.8/site-packages/airflow/example_dags/tutorial_taskflow_api_etl.py
[2021-09-23 23:51:58,184] {scheduler_job.py:633} INFO - Processing file /home/airflow/sandbox/lib/python3.8/site-packages/airflow/example_dags/tutorial_taskflow_api_etl.py for tasks to queue
[2021-09-23 23:51:58,185] {logging_mixin.py:104} INFO - [2021-09-23 23:51:58,185] {dagbag.py:487} INFO - Filling up the DagBag from /home/airflow/sandbox/lib/python3.8/site-packages/airflow/example_dags/tutorial_taskflow_api_etl.py
[2021-09-23 23:51:58,198] {scheduler_job.py:643} INFO - DAG(s) dict_keys(['tutorial_taskflow_api_etl']) retrieved from /home/airflow/sandbox/lib/python3.8/site-packages/airflow/example_dags/tutorial_taskflow_api_etl.py
[2021-09-23 23:51:58,495] {logging_mixin.py:104} INFO - [2021-09-23 23:51:58,495] {dag.py:1832} INFO - Sync 1 DAGs
[2021-09-23 23:51:58,507] {logging_mixin.py:104} INFO - [2021-09-23 23:51:58,507] {dag.py:2305} INFO - Setting next_dagrun for tutorial_taskflow_api_etl to None
[2021-09-23 23:51:58,533] {scheduler_job.py:190} INFO - Processing /home/airflow/sandbox/lib/python3.8/site-packages/airflow/example_dags/tutorial_taskflow_api_etl.py took 0.352 seconds
[2021-09-23 23:52:30,353] {scheduler_job.py:182} INFO - Started process (PID=9922) to work on /home/airflow/sandbox/lib/python3.8/site-packages/airflow/example_dags/tutorial_taskflow_api_etl.py
[2021-09-23 23:52:30,355] {scheduler_job.py:633} INFO - Processing file /home/airflow/sandbox/lib/python3.8/site-packages/airflow/example_dags/tutorial_taskflow_api_etl.py for tasks to queue
[2021-09-23 23:52:30,356] {logging_mixin.py:104} INFO - [2021-09-23 23:52:30,355] {dagbag.py:487} INFO - Filling up the DagBag from /home/airflow/sandbox/lib/python3.8/site-packages/airflow/example_dags/tutorial_taskflow_api_etl.py
[2021-09-23 23:52:30,374] {scheduler_job.py:643} INFO - DAG(s) dict_keys(['tutorial_taskflow_api_etl']) retrieved from /home/airflow/sandbox/lib/python3.8/site-packages/airflow/example_dags/tutorial_taskflow_api_etl.py
[2021-09-23 23:52:30,655] {logging_mixin.py:104} INFO - [2021-09-23 23:52:30,655] {dag.py:1832} INFO - Sync 1 DAGs
[2021-09-23 23:52:30,663] {logging_mixin.py:104} INFO - [2021-09-23 23:52:30,663] {dag.py:2305} INFO - Setting next_dagrun for tutorial_taskflow_api_etl to None
[2021-09-23 23:52:30,689] {scheduler_job.py:190} INFO - Processing /home/airflow/sandbox/lib/python3.8/site-packages/airflow/example_dags/tutorial_taskflow_api_etl.py took 0.340 seconds
[2021-09-23 23:53:05,778] {scheduler_job.py:182} INFO - Started process (PID=9956) to work on /home/airflow/sandbox/lib/python3.8/site-packages/airflow/example_dags/tutorial_taskflow_api_etl.py
[2021-09-23 23:53:05,779] {scheduler_job.py:633} INFO - Processing file /home/airflow/sandbox/lib/python3.8/site-packages/airflow/example_dags/tutorial_taskflow_api_etl.py for tasks to queue
[2021-09-23 23:53:05,779] {logging_mixin.py:104} INFO - [2021-09-23 23:53:05,779] {dagbag.py:487} INFO - Filling up the DagBag from /home/airflow/sandbox/lib/python3.8/site-packages/airflow/example_dags/tutorial_taskflow_api_etl.py
[2021-09-23 23:53:05,793] {scheduler_job.py:643} INFO - DAG(s) dict_keys(['tutorial_taskflow_api_etl']) retrieved from /home/airflow/sandbox/lib/python3.8/site-packages/airflow/example_dags/tutorial_taskflow_api_etl.py
[2021-09-23 23:53:06,070] {logging_mixin.py:104} INFO - [2021-09-23 23:53:06,070] {dag.py:1832} INFO - Sync 1 DAGs
[2021-09-23 23:53:06,078] {logging_mixin.py:104} INFO - [2021-09-23 23:53:06,078] {dag.py:2305} INFO - Setting next_dagrun for tutorial_taskflow_api_etl to None
[2021-09-23 23:53:06,095] {scheduler_job.py:190} INFO - Processing /home/airflow/sandbox/lib/python3.8/site-packages/airflow/example_dags/tutorial_taskflow_api_etl.py took 0.320 seconds
[2021-09-23 23:53:41,198] {scheduler_job.py:182} INFO - Started process (PID=9990) to work on /home/airflow/sandbox/lib/python3.8/site-packages/airflow/example_dags/tutorial_taskflow_api_etl.py
[2021-09-23 23:53:41,199] {scheduler_job.py:633} INFO - Processing file /home/airflow/sandbox/lib/python3.8/site-packages/airflow/example_dags/tutorial_taskflow_api_etl.py for tasks to queue
[2021-09-23 23:53:41,199] {logging_mixin.py:104} INFO - [2021-09-23 23:53:41,199] {dagbag.py:487} INFO - Filling up the DagBag from /home/airflow/sandbox/lib/python3.8/site-packages/airflow/example_dags/tutorial_taskflow_api_etl.py
[2021-09-23 23:53:41,213] {scheduler_job.py:643} INFO - DAG(s) dict_keys(['tutorial_taskflow_api_etl']) retrieved from /home/airflow/sandbox/lib/python3.8/site-packages/airflow/example_dags/tutorial_taskflow_api_etl.py
[2021-09-23 23:53:41,510] {logging_mixin.py:104} INFO - [2021-09-23 23:53:41,510] {dag.py:1832} INFO - Sync 1 DAGs
[2021-09-23 23:53:41,517] {logging_mixin.py:104} INFO - [2021-09-23 23:53:41,517] {dag.py:2305} INFO - Setting next_dagrun for tutorial_taskflow_api_etl to None
[2021-09-23 23:53:41,535] {scheduler_job.py:190} INFO - Processing /home/airflow/sandbox/lib/python3.8/site-packages/airflow/example_dags/tutorial_taskflow_api_etl.py took 0.340 seconds
[2021-09-23 23:54:14,332] {scheduler_job.py:182} INFO - Started process (PID=10021) to work on /home/airflow/sandbox/lib/python3.8/site-packages/airflow/example_dags/tutorial_taskflow_api_etl.py
[2021-09-23 23:54:14,333] {scheduler_job.py:633} INFO - Processing file /home/airflow/sandbox/lib/python3.8/site-packages/airflow/example_dags/tutorial_taskflow_api_etl.py for tasks to queue
[2021-09-23 23:54:14,334] {logging_mixin.py:104} INFO - [2021-09-23 23:54:14,334] {dagbag.py:487} INFO - Filling up the DagBag from /home/airflow/sandbox/lib/python3.8/site-packages/airflow/example_dags/tutorial_taskflow_api_etl.py
[2021-09-23 23:54:14,347] {scheduler_job.py:643} INFO - DAG(s) dict_keys(['tutorial_taskflow_api_etl']) retrieved from /home/airflow/sandbox/lib/python3.8/site-packages/airflow/example_dags/tutorial_taskflow_api_etl.py
[2021-09-23 23:54:14,359] {logging_mixin.py:104} INFO - [2021-09-23 23:54:14,359] {dag.py:1832} INFO - Sync 1 DAGs
[2021-09-23 23:54:14,372] {logging_mixin.py:104} INFO - [2021-09-23 23:54:14,371] {dag.py:2305} INFO - Setting next_dagrun for tutorial_taskflow_api_etl to None
[2021-09-23 23:54:14,395] {scheduler_job.py:190} INFO - Processing /home/airflow/sandbox/lib/python3.8/site-packages/airflow/example_dags/tutorial_taskflow_api_etl.py took 0.066 seconds
[2021-09-23 23:54:47,966] {scheduler_job.py:182} INFO - Started process (PID=10053) to work on /home/airflow/sandbox/lib/python3.8/site-packages/airflow/example_dags/tutorial_taskflow_api_etl.py
[2021-09-23 23:54:47,967] {scheduler_job.py:633} INFO - Processing file /home/airflow/sandbox/lib/python3.8/site-packages/airflow/example_dags/tutorial_taskflow_api_etl.py for tasks to queue
[2021-09-23 23:54:47,967] {logging_mixin.py:104} INFO - [2021-09-23 23:54:47,967] {dagbag.py:487} INFO - Filling up the DagBag from /home/airflow/sandbox/lib/python3.8/site-packages/airflow/example_dags/tutorial_taskflow_api_etl.py
[2021-09-23 23:54:47,981] {scheduler_job.py:643} INFO - DAG(s) dict_keys(['tutorial_taskflow_api_etl']) retrieved from /home/airflow/sandbox/lib/python3.8/site-packages/airflow/example_dags/tutorial_taskflow_api_etl.py
[2021-09-23 23:54:48,300] {logging_mixin.py:104} INFO - [2021-09-23 23:54:48,300] {dag.py:1832} INFO - Sync 1 DAGs
[2021-09-23 23:54:48,310] {logging_mixin.py:104} INFO - [2021-09-23 23:54:48,310] {dag.py:2305} INFO - Setting next_dagrun for tutorial_taskflow_api_etl to None
[2021-09-23 23:54:48,333] {scheduler_job.py:190} INFO - Processing /home/airflow/sandbox/lib/python3.8/site-packages/airflow/example_dags/tutorial_taskflow_api_etl.py took 0.369 seconds
[2021-09-23 23:55:22,906] {scheduler_job.py:182} INFO - Started process (PID=10152) to work on /home/airflow/sandbox/lib/python3.8/site-packages/airflow/example_dags/tutorial_taskflow_api_etl.py
[2021-09-23 23:55:22,909] {scheduler_job.py:633} INFO - Processing file /home/airflow/sandbox/lib/python3.8/site-packages/airflow/example_dags/tutorial_taskflow_api_etl.py for tasks to queue
[2021-09-23 23:55:22,910] {logging_mixin.py:104} INFO - [2021-09-23 23:55:22,909] {dagbag.py:487} INFO - Filling up the DagBag from /home/airflow/sandbox/lib/python3.8/site-packages/airflow/example_dags/tutorial_taskflow_api_etl.py
[2021-09-23 23:55:22,927] {scheduler_job.py:643} INFO - DAG(s) dict_keys(['tutorial_taskflow_api_etl']) retrieved from /home/airflow/sandbox/lib/python3.8/site-packages/airflow/example_dags/tutorial_taskflow_api_etl.py
[2021-09-23 23:55:23,311] {logging_mixin.py:104} INFO - [2021-09-23 23:55:23,311] {dag.py:1832} INFO - Sync 1 DAGs
[2021-09-23 23:55:23,319] {logging_mixin.py:104} INFO - [2021-09-23 23:55:23,319] {dag.py:2305} INFO - Setting next_dagrun for tutorial_taskflow_api_etl to None
[2021-09-23 23:55:23,335] {scheduler_job.py:190} INFO - Processing /home/airflow/sandbox/lib/python3.8/site-packages/airflow/example_dags/tutorial_taskflow_api_etl.py took 0.431 seconds
[2021-09-23 23:55:56,353] {scheduler_job.py:182} INFO - Started process (PID=10201) to work on /home/airflow/sandbox/lib/python3.8/site-packages/airflow/example_dags/tutorial_taskflow_api_etl.py
[2021-09-23 23:55:56,353] {scheduler_job.py:633} INFO - Processing file /home/airflow/sandbox/lib/python3.8/site-packages/airflow/example_dags/tutorial_taskflow_api_etl.py for tasks to queue
[2021-09-23 23:55:56,354] {logging_mixin.py:104} INFO - [2021-09-23 23:55:56,354] {dagbag.py:487} INFO - Filling up the DagBag from /home/airflow/sandbox/lib/python3.8/site-packages/airflow/example_dags/tutorial_taskflow_api_etl.py
[2021-09-23 23:55:56,373] {scheduler_job.py:643} INFO - DAG(s) dict_keys(['tutorial_taskflow_api_etl']) retrieved from /home/airflow/sandbox/lib/python3.8/site-packages/airflow/example_dags/tutorial_taskflow_api_etl.py
[2021-09-23 23:55:56,665] {logging_mixin.py:104} INFO - [2021-09-23 23:55:56,665] {dag.py:1832} INFO - Sync 1 DAGs
[2021-09-23 23:55:56,679] {logging_mixin.py:104} INFO - [2021-09-23 23:55:56,679] {dag.py:2305} INFO - Setting next_dagrun for tutorial_taskflow_api_etl to None
[2021-09-23 23:55:56,702] {scheduler_job.py:190} INFO - Processing /home/airflow/sandbox/lib/python3.8/site-packages/airflow/example_dags/tutorial_taskflow_api_etl.py took 0.354 seconds
[2021-09-23 23:56:30,504] {scheduler_job.py:182} INFO - Started process (PID=10257) to work on /home/airflow/sandbox/lib/python3.8/site-packages/airflow/example_dags/tutorial_taskflow_api_etl.py
[2021-09-23 23:56:30,505] {scheduler_job.py:633} INFO - Processing file /home/airflow/sandbox/lib/python3.8/site-packages/airflow/example_dags/tutorial_taskflow_api_etl.py for tasks to queue
[2021-09-23 23:56:30,506] {logging_mixin.py:104} INFO - [2021-09-23 23:56:30,506] {dagbag.py:487} INFO - Filling up the DagBag from /home/airflow/sandbox/lib/python3.8/site-packages/airflow/example_dags/tutorial_taskflow_api_etl.py
[2021-09-23 23:56:30,520] {scheduler_job.py:643} INFO - DAG(s) dict_keys(['tutorial_taskflow_api_etl']) retrieved from /home/airflow/sandbox/lib/python3.8/site-packages/airflow/example_dags/tutorial_taskflow_api_etl.py
[2021-09-23 23:56:30,833] {logging_mixin.py:104} INFO - [2021-09-23 23:56:30,833] {dag.py:1832} INFO - Sync 1 DAGs
[2021-09-23 23:56:30,846] {logging_mixin.py:104} INFO - [2021-09-23 23:56:30,846] {dag.py:2305} INFO - Setting next_dagrun for tutorial_taskflow_api_etl to None
[2021-09-23 23:56:30,877] {scheduler_job.py:190} INFO - Processing /home/airflow/sandbox/lib/python3.8/site-packages/airflow/example_dags/tutorial_taskflow_api_etl.py took 0.375 seconds
[2021-09-23 23:57:06,791] {scheduler_job.py:182} INFO - Started process (PID=10311) to work on /home/airflow/sandbox/lib/python3.8/site-packages/airflow/example_dags/tutorial_taskflow_api_etl.py
[2021-09-23 23:57:06,792] {scheduler_job.py:633} INFO - Processing file /home/airflow/sandbox/lib/python3.8/site-packages/airflow/example_dags/tutorial_taskflow_api_etl.py for tasks to queue
[2021-09-23 23:57:06,793] {logging_mixin.py:104} INFO - [2021-09-23 23:57:06,792] {dagbag.py:487} INFO - Filling up the DagBag from /home/airflow/sandbox/lib/python3.8/site-packages/airflow/example_dags/tutorial_taskflow_api_etl.py
[2021-09-23 23:57:06,807] {scheduler_job.py:643} INFO - DAG(s) dict_keys(['tutorial_taskflow_api_etl']) retrieved from /home/airflow/sandbox/lib/python3.8/site-packages/airflow/example_dags/tutorial_taskflow_api_etl.py
[2021-09-23 23:57:07,106] {logging_mixin.py:104} INFO - [2021-09-23 23:57:07,106] {dag.py:1832} INFO - Sync 1 DAGs
[2021-09-23 23:57:07,114] {logging_mixin.py:104} INFO - [2021-09-23 23:57:07,113] {dag.py:2305} INFO - Setting next_dagrun for tutorial_taskflow_api_etl to None
[2021-09-23 23:57:07,138] {scheduler_job.py:190} INFO - Processing /home/airflow/sandbox/lib/python3.8/site-packages/airflow/example_dags/tutorial_taskflow_api_etl.py took 0.349 seconds
[2021-09-23 23:57:41,946] {scheduler_job.py:182} INFO - Started process (PID=10678) to work on /home/airflow/sandbox/lib/python3.8/site-packages/airflow/example_dags/tutorial_taskflow_api_etl.py
[2021-09-23 23:57:41,958] {scheduler_job.py:633} INFO - Processing file /home/airflow/sandbox/lib/python3.8/site-packages/airflow/example_dags/tutorial_taskflow_api_etl.py for tasks to queue
[2021-09-23 23:57:41,958] {logging_mixin.py:104} INFO - [2021-09-23 23:57:41,958] {dagbag.py:487} INFO - Filling up the DagBag from /home/airflow/sandbox/lib/python3.8/site-packages/airflow/example_dags/tutorial_taskflow_api_etl.py
[2021-09-23 23:57:41,981] {scheduler_job.py:643} INFO - DAG(s) dict_keys(['tutorial_taskflow_api_etl']) retrieved from /home/airflow/sandbox/lib/python3.8/site-packages/airflow/example_dags/tutorial_taskflow_api_etl.py
[2021-09-23 23:57:42,504] {logging_mixin.py:104} INFO - [2021-09-23 23:57:42,504] {dag.py:1832} INFO - Sync 1 DAGs
[2021-09-23 23:57:42,524] {logging_mixin.py:104} INFO - [2021-09-23 23:57:42,524] {dag.py:2305} INFO - Setting next_dagrun for tutorial_taskflow_api_etl to None
[2021-09-23 23:57:42,574] {scheduler_job.py:190} INFO - Processing /home/airflow/sandbox/lib/python3.8/site-packages/airflow/example_dags/tutorial_taskflow_api_etl.py took 0.631 seconds
[2021-09-23 23:58:24,950] {scheduler_job.py:182} INFO - Started process (PID=10874) to work on /home/airflow/sandbox/lib/python3.8/site-packages/airflow/example_dags/tutorial_taskflow_api_etl.py
[2021-09-23 23:58:24,953] {scheduler_job.py:633} INFO - Processing file /home/airflow/sandbox/lib/python3.8/site-packages/airflow/example_dags/tutorial_taskflow_api_etl.py for tasks to queue
[2021-09-23 23:58:24,953] {logging_mixin.py:104} INFO - [2021-09-23 23:58:24,953] {dagbag.py:487} INFO - Filling up the DagBag from /home/airflow/sandbox/lib/python3.8/site-packages/airflow/example_dags/tutorial_taskflow_api_etl.py
[2021-09-23 23:58:24,970] {scheduler_job.py:643} INFO - DAG(s) dict_keys(['tutorial_taskflow_api_etl']) retrieved from /home/airflow/sandbox/lib/python3.8/site-packages/airflow/example_dags/tutorial_taskflow_api_etl.py
[2021-09-23 23:58:25,296] {logging_mixin.py:104} INFO - [2021-09-23 23:58:25,296] {dag.py:1832} INFO - Sync 1 DAGs
[2021-09-23 23:58:25,307] {logging_mixin.py:104} INFO - [2021-09-23 23:58:25,307] {dag.py:2305} INFO - Setting next_dagrun for tutorial_taskflow_api_etl to None
[2021-09-23 23:58:25,331] {scheduler_job.py:190} INFO - Processing /home/airflow/sandbox/lib/python3.8/site-packages/airflow/example_dags/tutorial_taskflow_api_etl.py took 0.383 seconds
[2021-09-23 23:59:00,134] {scheduler_job.py:182} INFO - Started process (PID=10906) to work on /home/airflow/sandbox/lib/python3.8/site-packages/airflow/example_dags/tutorial_taskflow_api_etl.py
[2021-09-23 23:59:00,135] {scheduler_job.py:633} INFO - Processing file /home/airflow/sandbox/lib/python3.8/site-packages/airflow/example_dags/tutorial_taskflow_api_etl.py for tasks to queue
[2021-09-23 23:59:00,136] {logging_mixin.py:104} INFO - [2021-09-23 23:59:00,136] {dagbag.py:487} INFO - Filling up the DagBag from /home/airflow/sandbox/lib/python3.8/site-packages/airflow/example_dags/tutorial_taskflow_api_etl.py
[2021-09-23 23:59:00,151] {scheduler_job.py:643} INFO - DAG(s) dict_keys(['tutorial_taskflow_api_etl']) retrieved from /home/airflow/sandbox/lib/python3.8/site-packages/airflow/example_dags/tutorial_taskflow_api_etl.py
[2021-09-23 23:59:00,471] {logging_mixin.py:104} INFO - [2021-09-23 23:59:00,471] {dag.py:1832} INFO - Sync 1 DAGs
[2021-09-23 23:59:00,484] {logging_mixin.py:104} INFO - [2021-09-23 23:59:00,484] {dag.py:2305} INFO - Setting next_dagrun for tutorial_taskflow_api_etl to None
[2021-09-23 23:59:00,509] {scheduler_job.py:190} INFO - Processing /home/airflow/sandbox/lib/python3.8/site-packages/airflow/example_dags/tutorial_taskflow_api_etl.py took 0.379 seconds
[2021-09-23 23:59:35,426] {scheduler_job.py:182} INFO - Started process (PID=10940) to work on /home/airflow/sandbox/lib/python3.8/site-packages/airflow/example_dags/tutorial_taskflow_api_etl.py
[2021-09-23 23:59:35,427] {scheduler_job.py:633} INFO - Processing file /home/airflow/sandbox/lib/python3.8/site-packages/airflow/example_dags/tutorial_taskflow_api_etl.py for tasks to queue
[2021-09-23 23:59:35,428] {logging_mixin.py:104} INFO - [2021-09-23 23:59:35,428] {dagbag.py:487} INFO - Filling up the DagBag from /home/airflow/sandbox/lib/python3.8/site-packages/airflow/example_dags/tutorial_taskflow_api_etl.py
[2021-09-23 23:59:35,442] {scheduler_job.py:643} INFO - DAG(s) dict_keys(['tutorial_taskflow_api_etl']) retrieved from /home/airflow/sandbox/lib/python3.8/site-packages/airflow/example_dags/tutorial_taskflow_api_etl.py
[2021-09-23 23:59:35,739] {logging_mixin.py:104} INFO - [2021-09-23 23:59:35,738] {dag.py:1832} INFO - Sync 1 DAGs
[2021-09-23 23:59:35,746] {logging_mixin.py:104} INFO - [2021-09-23 23:59:35,746] {dag.py:2305} INFO - Setting next_dagrun for tutorial_taskflow_api_etl to None
[2021-09-23 23:59:35,764] {scheduler_job.py:190} INFO - Processing /home/airflow/sandbox/lib/python3.8/site-packages/airflow/example_dags/tutorial_taskflow_api_etl.py took 0.340 seconds
