[2021-09-23 22:52:26,404] {scheduler_job.py:182} INFO - Started process (PID=3797) to work on /home/airflow/sandbox/lib/python3.8/site-packages/airflow/example_dags/tutorial_etl_dag.py
[2021-09-23 22:52:26,406] {scheduler_job.py:633} INFO - Processing file /home/airflow/sandbox/lib/python3.8/site-packages/airflow/example_dags/tutorial_etl_dag.py for tasks to queue
[2021-09-23 22:52:26,406] {logging_mixin.py:104} INFO - [2021-09-23 22:52:26,406] {dagbag.py:487} INFO - Filling up the DagBag from /home/airflow/sandbox/lib/python3.8/site-packages/airflow/example_dags/tutorial_etl_dag.py
[2021-09-23 22:52:26,419] {scheduler_job.py:643} INFO - DAG(s) dict_keys(['tutorial_etl_dag']) retrieved from /home/airflow/sandbox/lib/python3.8/site-packages/airflow/example_dags/tutorial_etl_dag.py
[2021-09-23 22:52:26,788] {logging_mixin.py:104} INFO - [2021-09-23 22:52:26,787] {dag.py:1832} INFO - Sync 1 DAGs
[2021-09-23 22:52:26,799] {logging_mixin.py:104} INFO - [2021-09-23 22:52:26,799] {dag.py:2305} INFO - Setting next_dagrun for tutorial_etl_dag to None
[2021-09-23 22:52:26,818] {scheduler_job.py:190} INFO - Processing /home/airflow/sandbox/lib/python3.8/site-packages/airflow/example_dags/tutorial_etl_dag.py took 0.416 seconds
[2021-09-23 22:57:42,814] {scheduler_job.py:182} INFO - Started process (PID=5979) to work on /home/airflow/sandbox/lib/python3.8/site-packages/airflow/example_dags/tutorial_etl_dag.py
[2021-09-23 22:57:42,815] {scheduler_job.py:633} INFO - Processing file /home/airflow/sandbox/lib/python3.8/site-packages/airflow/example_dags/tutorial_etl_dag.py for tasks to queue
[2021-09-23 22:57:42,815] {logging_mixin.py:104} INFO - [2021-09-23 22:57:42,815] {dagbag.py:487} INFO - Filling up the DagBag from /home/airflow/sandbox/lib/python3.8/site-packages/airflow/example_dags/tutorial_etl_dag.py
[2021-09-23 22:57:42,827] {scheduler_job.py:643} INFO - DAG(s) dict_keys(['tutorial_etl_dag']) retrieved from /home/airflow/sandbox/lib/python3.8/site-packages/airflow/example_dags/tutorial_etl_dag.py
[2021-09-23 22:57:42,849] {logging_mixin.py:104} INFO - [2021-09-23 22:57:42,842] {dag.py:1832} INFO - Sync 1 DAGs
[2021-09-23 22:57:42,865] {logging_mixin.py:104} INFO - [2021-09-23 22:57:42,864] {dag.py:2305} INFO - Setting next_dagrun for tutorial_etl_dag to None
[2021-09-23 22:57:42,892] {scheduler_job.py:190} INFO - Processing /home/airflow/sandbox/lib/python3.8/site-packages/airflow/example_dags/tutorial_etl_dag.py took 0.081 seconds
[2021-09-23 22:58:18,102] {scheduler_job.py:182} INFO - Started process (PID=6099) to work on /home/airflow/sandbox/lib/python3.8/site-packages/airflow/example_dags/tutorial_etl_dag.py
[2021-09-23 22:58:18,104] {scheduler_job.py:633} INFO - Processing file /home/airflow/sandbox/lib/python3.8/site-packages/airflow/example_dags/tutorial_etl_dag.py for tasks to queue
[2021-09-23 22:58:18,104] {logging_mixin.py:104} INFO - [2021-09-23 22:58:18,104] {dagbag.py:487} INFO - Filling up the DagBag from /home/airflow/sandbox/lib/python3.8/site-packages/airflow/example_dags/tutorial_etl_dag.py
[2021-09-23 22:58:18,114] {scheduler_job.py:643} INFO - DAG(s) dict_keys(['tutorial_etl_dag']) retrieved from /home/airflow/sandbox/lib/python3.8/site-packages/airflow/example_dags/tutorial_etl_dag.py
[2021-09-23 22:58:18,127] {logging_mixin.py:104} INFO - [2021-09-23 22:58:18,127] {dag.py:1832} INFO - Sync 1 DAGs
[2021-09-23 22:58:18,140] {logging_mixin.py:104} INFO - [2021-09-23 22:58:18,140] {dag.py:2305} INFO - Setting next_dagrun for tutorial_etl_dag to None
[2021-09-23 22:58:18,158] {scheduler_job.py:190} INFO - Processing /home/airflow/sandbox/lib/python3.8/site-packages/airflow/example_dags/tutorial_etl_dag.py took 0.059 seconds
[2021-09-23 22:58:52,220] {scheduler_job.py:182} INFO - Started process (PID=6161) to work on /home/airflow/sandbox/lib/python3.8/site-packages/airflow/example_dags/tutorial_etl_dag.py
[2021-09-23 22:58:52,221] {scheduler_job.py:633} INFO - Processing file /home/airflow/sandbox/lib/python3.8/site-packages/airflow/example_dags/tutorial_etl_dag.py for tasks to queue
[2021-09-23 22:58:52,222] {logging_mixin.py:104} INFO - [2021-09-23 22:58:52,221] {dagbag.py:487} INFO - Filling up the DagBag from /home/airflow/sandbox/lib/python3.8/site-packages/airflow/example_dags/tutorial_etl_dag.py
[2021-09-23 22:58:52,237] {scheduler_job.py:643} INFO - DAG(s) dict_keys(['tutorial_etl_dag']) retrieved from /home/airflow/sandbox/lib/python3.8/site-packages/airflow/example_dags/tutorial_etl_dag.py
[2021-09-23 22:58:52,252] {logging_mixin.py:104} INFO - [2021-09-23 22:58:52,251] {dag.py:1832} INFO - Sync 1 DAGs
[2021-09-23 22:58:52,265] {logging_mixin.py:104} INFO - [2021-09-23 22:58:52,265] {dag.py:2305} INFO - Setting next_dagrun for tutorial_etl_dag to None
[2021-09-23 22:58:52,286] {scheduler_job.py:190} INFO - Processing /home/airflow/sandbox/lib/python3.8/site-packages/airflow/example_dags/tutorial_etl_dag.py took 0.068 seconds
[2021-09-23 22:59:27,358] {scheduler_job.py:182} INFO - Started process (PID=6224) to work on /home/airflow/sandbox/lib/python3.8/site-packages/airflow/example_dags/tutorial_etl_dag.py
[2021-09-23 22:59:27,359] {scheduler_job.py:633} INFO - Processing file /home/airflow/sandbox/lib/python3.8/site-packages/airflow/example_dags/tutorial_etl_dag.py for tasks to queue
[2021-09-23 22:59:27,360] {logging_mixin.py:104} INFO - [2021-09-23 22:59:27,360] {dagbag.py:487} INFO - Filling up the DagBag from /home/airflow/sandbox/lib/python3.8/site-packages/airflow/example_dags/tutorial_etl_dag.py
[2021-09-23 22:59:27,372] {scheduler_job.py:643} INFO - DAG(s) dict_keys(['tutorial_etl_dag']) retrieved from /home/airflow/sandbox/lib/python3.8/site-packages/airflow/example_dags/tutorial_etl_dag.py
[2021-09-23 22:59:27,396] {logging_mixin.py:104} INFO - [2021-09-23 22:59:27,396] {dag.py:1832} INFO - Sync 1 DAGs
[2021-09-23 22:59:27,408] {logging_mixin.py:104} INFO - [2021-09-23 22:59:27,408] {dag.py:2305} INFO - Setting next_dagrun for tutorial_etl_dag to None
[2021-09-23 22:59:27,428] {scheduler_job.py:190} INFO - Processing /home/airflow/sandbox/lib/python3.8/site-packages/airflow/example_dags/tutorial_etl_dag.py took 0.073 seconds
[2021-09-23 23:00:02,377] {scheduler_job.py:182} INFO - Started process (PID=6257) to work on /home/airflow/sandbox/lib/python3.8/site-packages/airflow/example_dags/tutorial_etl_dag.py
[2021-09-23 23:00:02,378] {scheduler_job.py:633} INFO - Processing file /home/airflow/sandbox/lib/python3.8/site-packages/airflow/example_dags/tutorial_etl_dag.py for tasks to queue
[2021-09-23 23:00:02,378] {logging_mixin.py:104} INFO - [2021-09-23 23:00:02,378] {dagbag.py:487} INFO - Filling up the DagBag from /home/airflow/sandbox/lib/python3.8/site-packages/airflow/example_dags/tutorial_etl_dag.py
[2021-09-23 23:00:02,391] {scheduler_job.py:643} INFO - DAG(s) dict_keys(['tutorial_etl_dag']) retrieved from /home/airflow/sandbox/lib/python3.8/site-packages/airflow/example_dags/tutorial_etl_dag.py
[2021-09-23 23:00:02,407] {logging_mixin.py:104} INFO - [2021-09-23 23:00:02,407] {dag.py:1832} INFO - Sync 1 DAGs
[2021-09-23 23:00:02,419] {logging_mixin.py:104} INFO - [2021-09-23 23:00:02,419] {dag.py:2305} INFO - Setting next_dagrun for tutorial_etl_dag to None
[2021-09-23 23:00:02,439] {scheduler_job.py:190} INFO - Processing /home/airflow/sandbox/lib/python3.8/site-packages/airflow/example_dags/tutorial_etl_dag.py took 0.066 seconds
[2021-09-23 23:00:36,257] {scheduler_job.py:182} INFO - Started process (PID=6331) to work on /home/airflow/sandbox/lib/python3.8/site-packages/airflow/example_dags/tutorial_etl_dag.py
[2021-09-23 23:00:36,259] {scheduler_job.py:633} INFO - Processing file /home/airflow/sandbox/lib/python3.8/site-packages/airflow/example_dags/tutorial_etl_dag.py for tasks to queue
[2021-09-23 23:00:36,259] {logging_mixin.py:104} INFO - [2021-09-23 23:00:36,259] {dagbag.py:487} INFO - Filling up the DagBag from /home/airflow/sandbox/lib/python3.8/site-packages/airflow/example_dags/tutorial_etl_dag.py
[2021-09-23 23:00:36,279] {scheduler_job.py:643} INFO - DAG(s) dict_keys(['tutorial_etl_dag']) retrieved from /home/airflow/sandbox/lib/python3.8/site-packages/airflow/example_dags/tutorial_etl_dag.py
[2021-09-23 23:00:36,291] {logging_mixin.py:104} INFO - [2021-09-23 23:00:36,291] {dag.py:1832} INFO - Sync 1 DAGs
[2021-09-23 23:00:36,302] {logging_mixin.py:104} INFO - [2021-09-23 23:00:36,302] {dag.py:2305} INFO - Setting next_dagrun for tutorial_etl_dag to None
[2021-09-23 23:00:36,323] {scheduler_job.py:190} INFO - Processing /home/airflow/sandbox/lib/python3.8/site-packages/airflow/example_dags/tutorial_etl_dag.py took 0.069 seconds
[2021-09-23 23:01:14,532] {scheduler_job.py:182} INFO - Started process (PID=6366) to work on /home/airflow/sandbox/lib/python3.8/site-packages/airflow/example_dags/tutorial_etl_dag.py
[2021-09-23 23:01:14,537] {scheduler_job.py:633} INFO - Processing file /home/airflow/sandbox/lib/python3.8/site-packages/airflow/example_dags/tutorial_etl_dag.py for tasks to queue
[2021-09-23 23:01:14,538] {logging_mixin.py:104} INFO - [2021-09-23 23:01:14,538] {dagbag.py:487} INFO - Filling up the DagBag from /home/airflow/sandbox/lib/python3.8/site-packages/airflow/example_dags/tutorial_etl_dag.py
[2021-09-23 23:01:14,550] {scheduler_job.py:643} INFO - DAG(s) dict_keys(['tutorial_etl_dag']) retrieved from /home/airflow/sandbox/lib/python3.8/site-packages/airflow/example_dags/tutorial_etl_dag.py
[2021-09-23 23:01:14,563] {logging_mixin.py:104} INFO - [2021-09-23 23:01:14,563] {dag.py:1832} INFO - Sync 1 DAGs
[2021-09-23 23:01:14,576] {logging_mixin.py:104} INFO - [2021-09-23 23:01:14,576] {dag.py:2305} INFO - Setting next_dagrun for tutorial_etl_dag to None
[2021-09-23 23:01:14,596] {scheduler_job.py:190} INFO - Processing /home/airflow/sandbox/lib/python3.8/site-packages/airflow/example_dags/tutorial_etl_dag.py took 0.066 seconds
[2021-09-23 23:01:50,149] {scheduler_job.py:182} INFO - Started process (PID=6398) to work on /home/airflow/sandbox/lib/python3.8/site-packages/airflow/example_dags/tutorial_etl_dag.py
[2021-09-23 23:01:50,150] {scheduler_job.py:633} INFO - Processing file /home/airflow/sandbox/lib/python3.8/site-packages/airflow/example_dags/tutorial_etl_dag.py for tasks to queue
[2021-09-23 23:01:50,150] {logging_mixin.py:104} INFO - [2021-09-23 23:01:50,150] {dagbag.py:487} INFO - Filling up the DagBag from /home/airflow/sandbox/lib/python3.8/site-packages/airflow/example_dags/tutorial_etl_dag.py
[2021-09-23 23:01:50,162] {scheduler_job.py:643} INFO - DAG(s) dict_keys(['tutorial_etl_dag']) retrieved from /home/airflow/sandbox/lib/python3.8/site-packages/airflow/example_dags/tutorial_etl_dag.py
[2021-09-23 23:01:50,178] {logging_mixin.py:104} INFO - [2021-09-23 23:01:50,178] {dag.py:1832} INFO - Sync 1 DAGs
[2021-09-23 23:01:50,192] {logging_mixin.py:104} INFO - [2021-09-23 23:01:50,191] {dag.py:2305} INFO - Setting next_dagrun for tutorial_etl_dag to None
[2021-09-23 23:01:50,221] {scheduler_job.py:190} INFO - Processing /home/airflow/sandbox/lib/python3.8/site-packages/airflow/example_dags/tutorial_etl_dag.py took 0.075 seconds
[2021-09-23 23:02:24,244] {scheduler_job.py:182} INFO - Started process (PID=6538) to work on /home/airflow/sandbox/lib/python3.8/site-packages/airflow/example_dags/tutorial_etl_dag.py
[2021-09-23 23:02:24,245] {scheduler_job.py:633} INFO - Processing file /home/airflow/sandbox/lib/python3.8/site-packages/airflow/example_dags/tutorial_etl_dag.py for tasks to queue
[2021-09-23 23:02:24,245] {logging_mixin.py:104} INFO - [2021-09-23 23:02:24,245] {dagbag.py:487} INFO - Filling up the DagBag from /home/airflow/sandbox/lib/python3.8/site-packages/airflow/example_dags/tutorial_etl_dag.py
[2021-09-23 23:02:24,255] {scheduler_job.py:643} INFO - DAG(s) dict_keys(['tutorial_etl_dag']) retrieved from /home/airflow/sandbox/lib/python3.8/site-packages/airflow/example_dags/tutorial_etl_dag.py
[2021-09-23 23:02:24,269] {logging_mixin.py:104} INFO - [2021-09-23 23:02:24,268] {dag.py:1832} INFO - Sync 1 DAGs
[2021-09-23 23:02:24,283] {logging_mixin.py:104} INFO - [2021-09-23 23:02:24,283] {dag.py:2305} INFO - Setting next_dagrun for tutorial_etl_dag to None
[2021-09-23 23:02:24,304] {scheduler_job.py:190} INFO - Processing /home/airflow/sandbox/lib/python3.8/site-packages/airflow/example_dags/tutorial_etl_dag.py took 0.062 seconds
[2021-09-23 23:02:57,678] {scheduler_job.py:182} INFO - Started process (PID=6571) to work on /home/airflow/sandbox/lib/python3.8/site-packages/airflow/example_dags/tutorial_etl_dag.py
[2021-09-23 23:02:57,680] {scheduler_job.py:633} INFO - Processing file /home/airflow/sandbox/lib/python3.8/site-packages/airflow/example_dags/tutorial_etl_dag.py for tasks to queue
[2021-09-23 23:02:57,681] {logging_mixin.py:104} INFO - [2021-09-23 23:02:57,681] {dagbag.py:487} INFO - Filling up the DagBag from /home/airflow/sandbox/lib/python3.8/site-packages/airflow/example_dags/tutorial_etl_dag.py
[2021-09-23 23:02:57,692] {scheduler_job.py:643} INFO - DAG(s) dict_keys(['tutorial_etl_dag']) retrieved from /home/airflow/sandbox/lib/python3.8/site-packages/airflow/example_dags/tutorial_etl_dag.py
[2021-09-23 23:02:57,710] {logging_mixin.py:104} INFO - [2021-09-23 23:02:57,710] {dag.py:1832} INFO - Sync 1 DAGs
[2021-09-23 23:02:57,724] {logging_mixin.py:104} INFO - [2021-09-23 23:02:57,723] {dag.py:2305} INFO - Setting next_dagrun for tutorial_etl_dag to None
[2021-09-23 23:02:57,743] {scheduler_job.py:190} INFO - Processing /home/airflow/sandbox/lib/python3.8/site-packages/airflow/example_dags/tutorial_etl_dag.py took 0.068 seconds
[2021-09-23 23:03:33,183] {scheduler_job.py:182} INFO - Started process (PID=6809) to work on /home/airflow/sandbox/lib/python3.8/site-packages/airflow/example_dags/tutorial_etl_dag.py
[2021-09-23 23:03:33,184] {scheduler_job.py:633} INFO - Processing file /home/airflow/sandbox/lib/python3.8/site-packages/airflow/example_dags/tutorial_etl_dag.py for tasks to queue
[2021-09-23 23:03:33,185] {logging_mixin.py:104} INFO - [2021-09-23 23:03:33,185] {dagbag.py:487} INFO - Filling up the DagBag from /home/airflow/sandbox/lib/python3.8/site-packages/airflow/example_dags/tutorial_etl_dag.py
[2021-09-23 23:03:33,195] {scheduler_job.py:643} INFO - DAG(s) dict_keys(['tutorial_etl_dag']) retrieved from /home/airflow/sandbox/lib/python3.8/site-packages/airflow/example_dags/tutorial_etl_dag.py
[2021-09-23 23:03:33,211] {logging_mixin.py:104} INFO - [2021-09-23 23:03:33,211] {dag.py:1832} INFO - Sync 1 DAGs
[2021-09-23 23:03:33,227] {logging_mixin.py:104} INFO - [2021-09-23 23:03:33,227] {dag.py:2305} INFO - Setting next_dagrun for tutorial_etl_dag to None
[2021-09-23 23:03:33,254] {scheduler_job.py:190} INFO - Processing /home/airflow/sandbox/lib/python3.8/site-packages/airflow/example_dags/tutorial_etl_dag.py took 0.074 seconds
[2021-09-23 23:04:09,642] {scheduler_job.py:182} INFO - Started process (PID=6904) to work on /home/airflow/sandbox/lib/python3.8/site-packages/airflow/example_dags/tutorial_etl_dag.py
[2021-09-23 23:04:09,642] {scheduler_job.py:633} INFO - Processing file /home/airflow/sandbox/lib/python3.8/site-packages/airflow/example_dags/tutorial_etl_dag.py for tasks to queue
[2021-09-23 23:04:09,643] {logging_mixin.py:104} INFO - [2021-09-23 23:04:09,643] {dagbag.py:487} INFO - Filling up the DagBag from /home/airflow/sandbox/lib/python3.8/site-packages/airflow/example_dags/tutorial_etl_dag.py
[2021-09-23 23:04:09,654] {scheduler_job.py:643} INFO - DAG(s) dict_keys(['tutorial_etl_dag']) retrieved from /home/airflow/sandbox/lib/python3.8/site-packages/airflow/example_dags/tutorial_etl_dag.py
[2021-09-23 23:04:09,672] {logging_mixin.py:104} INFO - [2021-09-23 23:04:09,671] {dag.py:1832} INFO - Sync 1 DAGs
[2021-09-23 23:04:09,682] {logging_mixin.py:104} INFO - [2021-09-23 23:04:09,681] {dag.py:2305} INFO - Setting next_dagrun for tutorial_etl_dag to None
[2021-09-23 23:04:09,703] {scheduler_job.py:190} INFO - Processing /home/airflow/sandbox/lib/python3.8/site-packages/airflow/example_dags/tutorial_etl_dag.py took 0.064 seconds
[2021-09-23 23:04:43,316] {scheduler_job.py:182} INFO - Started process (PID=6936) to work on /home/airflow/sandbox/lib/python3.8/site-packages/airflow/example_dags/tutorial_etl_dag.py
[2021-09-23 23:04:43,317] {scheduler_job.py:633} INFO - Processing file /home/airflow/sandbox/lib/python3.8/site-packages/airflow/example_dags/tutorial_etl_dag.py for tasks to queue
[2021-09-23 23:04:43,317] {logging_mixin.py:104} INFO - [2021-09-23 23:04:43,317] {dagbag.py:487} INFO - Filling up the DagBag from /home/airflow/sandbox/lib/python3.8/site-packages/airflow/example_dags/tutorial_etl_dag.py
[2021-09-23 23:04:43,328] {scheduler_job.py:643} INFO - DAG(s) dict_keys(['tutorial_etl_dag']) retrieved from /home/airflow/sandbox/lib/python3.8/site-packages/airflow/example_dags/tutorial_etl_dag.py
[2021-09-23 23:04:43,341] {logging_mixin.py:104} INFO - [2021-09-23 23:04:43,341] {dag.py:1832} INFO - Sync 1 DAGs
[2021-09-23 23:04:43,352] {logging_mixin.py:104} INFO - [2021-09-23 23:04:43,351] {dag.py:2305} INFO - Setting next_dagrun for tutorial_etl_dag to None
[2021-09-23 23:04:43,368] {scheduler_job.py:190} INFO - Processing /home/airflow/sandbox/lib/python3.8/site-packages/airflow/example_dags/tutorial_etl_dag.py took 0.055 seconds
[2021-09-23 23:05:16,487] {scheduler_job.py:182} INFO - Started process (PID=6995) to work on /home/airflow/sandbox/lib/python3.8/site-packages/airflow/example_dags/tutorial_etl_dag.py
[2021-09-23 23:05:16,489] {scheduler_job.py:633} INFO - Processing file /home/airflow/sandbox/lib/python3.8/site-packages/airflow/example_dags/tutorial_etl_dag.py for tasks to queue
[2021-09-23 23:05:16,490] {logging_mixin.py:104} INFO - [2021-09-23 23:05:16,490] {dagbag.py:487} INFO - Filling up the DagBag from /home/airflow/sandbox/lib/python3.8/site-packages/airflow/example_dags/tutorial_etl_dag.py
[2021-09-23 23:05:16,505] {scheduler_job.py:643} INFO - DAG(s) dict_keys(['tutorial_etl_dag']) retrieved from /home/airflow/sandbox/lib/python3.8/site-packages/airflow/example_dags/tutorial_etl_dag.py
[2021-09-23 23:05:16,518] {logging_mixin.py:104} INFO - [2021-09-23 23:05:16,518] {dag.py:1832} INFO - Sync 1 DAGs
[2021-09-23 23:05:16,536] {logging_mixin.py:104} INFO - [2021-09-23 23:05:16,536] {dag.py:2305} INFO - Setting next_dagrun for tutorial_etl_dag to None
[2021-09-23 23:05:16,557] {scheduler_job.py:190} INFO - Processing /home/airflow/sandbox/lib/python3.8/site-packages/airflow/example_dags/tutorial_etl_dag.py took 0.072 seconds
[2021-09-23 23:05:51,272] {scheduler_job.py:182} INFO - Started process (PID=7095) to work on /home/airflow/sandbox/lib/python3.8/site-packages/airflow/example_dags/tutorial_etl_dag.py
[2021-09-23 23:05:51,273] {scheduler_job.py:633} INFO - Processing file /home/airflow/sandbox/lib/python3.8/site-packages/airflow/example_dags/tutorial_etl_dag.py for tasks to queue
[2021-09-23 23:05:51,273] {logging_mixin.py:104} INFO - [2021-09-23 23:05:51,273] {dagbag.py:487} INFO - Filling up the DagBag from /home/airflow/sandbox/lib/python3.8/site-packages/airflow/example_dags/tutorial_etl_dag.py
[2021-09-23 23:05:51,283] {scheduler_job.py:643} INFO - DAG(s) dict_keys(['tutorial_etl_dag']) retrieved from /home/airflow/sandbox/lib/python3.8/site-packages/airflow/example_dags/tutorial_etl_dag.py
[2021-09-23 23:05:51,299] {logging_mixin.py:104} INFO - [2021-09-23 23:05:51,299] {dag.py:1832} INFO - Sync 1 DAGs
[2021-09-23 23:05:51,310] {logging_mixin.py:104} INFO - [2021-09-23 23:05:51,310] {dag.py:2305} INFO - Setting next_dagrun for tutorial_etl_dag to None
[2021-09-23 23:05:51,331] {scheduler_job.py:190} INFO - Processing /home/airflow/sandbox/lib/python3.8/site-packages/airflow/example_dags/tutorial_etl_dag.py took 0.062 seconds
[2021-09-23 23:06:28,191] {scheduler_job.py:182} INFO - Started process (PID=7225) to work on /home/airflow/sandbox/lib/python3.8/site-packages/airflow/example_dags/tutorial_etl_dag.py
[2021-09-23 23:06:28,192] {scheduler_job.py:633} INFO - Processing file /home/airflow/sandbox/lib/python3.8/site-packages/airflow/example_dags/tutorial_etl_dag.py for tasks to queue
[2021-09-23 23:06:28,193] {logging_mixin.py:104} INFO - [2021-09-23 23:06:28,193] {dagbag.py:487} INFO - Filling up the DagBag from /home/airflow/sandbox/lib/python3.8/site-packages/airflow/example_dags/tutorial_etl_dag.py
[2021-09-23 23:06:28,228] {scheduler_job.py:643} INFO - DAG(s) dict_keys(['tutorial_etl_dag']) retrieved from /home/airflow/sandbox/lib/python3.8/site-packages/airflow/example_dags/tutorial_etl_dag.py
[2021-09-23 23:06:28,263] {logging_mixin.py:104} INFO - [2021-09-23 23:06:28,263] {dag.py:1832} INFO - Sync 1 DAGs
[2021-09-23 23:06:28,285] {logging_mixin.py:104} INFO - [2021-09-23 23:06:28,285] {dag.py:2305} INFO - Setting next_dagrun for tutorial_etl_dag to None
[2021-09-23 23:06:28,316] {scheduler_job.py:190} INFO - Processing /home/airflow/sandbox/lib/python3.8/site-packages/airflow/example_dags/tutorial_etl_dag.py took 0.128 seconds
[2021-09-23 23:07:05,496] {scheduler_job.py:182} INFO - Started process (PID=7345) to work on /home/airflow/sandbox/lib/python3.8/site-packages/airflow/example_dags/tutorial_etl_dag.py
[2021-09-23 23:07:05,497] {scheduler_job.py:633} INFO - Processing file /home/airflow/sandbox/lib/python3.8/site-packages/airflow/example_dags/tutorial_etl_dag.py for tasks to queue
[2021-09-23 23:07:05,498] {logging_mixin.py:104} INFO - [2021-09-23 23:07:05,498] {dagbag.py:487} INFO - Filling up the DagBag from /home/airflow/sandbox/lib/python3.8/site-packages/airflow/example_dags/tutorial_etl_dag.py
[2021-09-23 23:07:05,514] {scheduler_job.py:643} INFO - DAG(s) dict_keys(['tutorial_etl_dag']) retrieved from /home/airflow/sandbox/lib/python3.8/site-packages/airflow/example_dags/tutorial_etl_dag.py
[2021-09-23 23:07:05,534] {logging_mixin.py:104} INFO - [2021-09-23 23:07:05,533] {dag.py:1832} INFO - Sync 1 DAGs
[2021-09-23 23:07:05,548] {logging_mixin.py:104} INFO - [2021-09-23 23:07:05,548] {dag.py:2305} INFO - Setting next_dagrun for tutorial_etl_dag to None
[2021-09-23 23:07:05,572] {scheduler_job.py:190} INFO - Processing /home/airflow/sandbox/lib/python3.8/site-packages/airflow/example_dags/tutorial_etl_dag.py took 0.078 seconds
[2021-09-23 23:07:37,933] {scheduler_job.py:182} INFO - Started process (PID=7377) to work on /home/airflow/sandbox/lib/python3.8/site-packages/airflow/example_dags/tutorial_etl_dag.py
[2021-09-23 23:07:37,935] {scheduler_job.py:633} INFO - Processing file /home/airflow/sandbox/lib/python3.8/site-packages/airflow/example_dags/tutorial_etl_dag.py for tasks to queue
[2021-09-23 23:07:37,935] {logging_mixin.py:104} INFO - [2021-09-23 23:07:37,935] {dagbag.py:487} INFO - Filling up the DagBag from /home/airflow/sandbox/lib/python3.8/site-packages/airflow/example_dags/tutorial_etl_dag.py
[2021-09-23 23:07:37,947] {scheduler_job.py:643} INFO - DAG(s) dict_keys(['tutorial_etl_dag']) retrieved from /home/airflow/sandbox/lib/python3.8/site-packages/airflow/example_dags/tutorial_etl_dag.py
[2021-09-23 23:07:37,960] {logging_mixin.py:104} INFO - [2021-09-23 23:07:37,960] {dag.py:1832} INFO - Sync 1 DAGs
[2021-09-23 23:07:37,971] {logging_mixin.py:104} INFO - [2021-09-23 23:07:37,971] {dag.py:2305} INFO - Setting next_dagrun for tutorial_etl_dag to None
[2021-09-23 23:07:37,992] {scheduler_job.py:190} INFO - Processing /home/airflow/sandbox/lib/python3.8/site-packages/airflow/example_dags/tutorial_etl_dag.py took 0.062 seconds
[2021-09-23 23:08:08,666] {scheduler_job.py:182} INFO - Started process (PID=7406) to work on /home/airflow/sandbox/lib/python3.8/site-packages/airflow/example_dags/tutorial_etl_dag.py
[2021-09-23 23:08:08,667] {scheduler_job.py:633} INFO - Processing file /home/airflow/sandbox/lib/python3.8/site-packages/airflow/example_dags/tutorial_etl_dag.py for tasks to queue
[2021-09-23 23:08:08,668] {logging_mixin.py:104} INFO - [2021-09-23 23:08:08,668] {dagbag.py:487} INFO - Filling up the DagBag from /home/airflow/sandbox/lib/python3.8/site-packages/airflow/example_dags/tutorial_etl_dag.py
[2021-09-23 23:08:08,679] {scheduler_job.py:643} INFO - DAG(s) dict_keys(['tutorial_etl_dag']) retrieved from /home/airflow/sandbox/lib/python3.8/site-packages/airflow/example_dags/tutorial_etl_dag.py
[2021-09-23 23:08:08,695] {logging_mixin.py:104} INFO - [2021-09-23 23:08:08,694] {dag.py:1832} INFO - Sync 1 DAGs
[2021-09-23 23:08:08,709] {logging_mixin.py:104} INFO - [2021-09-23 23:08:08,708] {dag.py:2305} INFO - Setting next_dagrun for tutorial_etl_dag to None
[2021-09-23 23:08:08,725] {scheduler_job.py:190} INFO - Processing /home/airflow/sandbox/lib/python3.8/site-packages/airflow/example_dags/tutorial_etl_dag.py took 0.063 seconds
[2021-09-23 23:08:42,178] {scheduler_job.py:182} INFO - Started process (PID=7499) to work on /home/airflow/sandbox/lib/python3.8/site-packages/airflow/example_dags/tutorial_etl_dag.py
[2021-09-23 23:08:42,179] {scheduler_job.py:633} INFO - Processing file /home/airflow/sandbox/lib/python3.8/site-packages/airflow/example_dags/tutorial_etl_dag.py for tasks to queue
[2021-09-23 23:08:42,179] {logging_mixin.py:104} INFO - [2021-09-23 23:08:42,179] {dagbag.py:487} INFO - Filling up the DagBag from /home/airflow/sandbox/lib/python3.8/site-packages/airflow/example_dags/tutorial_etl_dag.py
[2021-09-23 23:08:42,188] {scheduler_job.py:643} INFO - DAG(s) dict_keys(['tutorial_etl_dag']) retrieved from /home/airflow/sandbox/lib/python3.8/site-packages/airflow/example_dags/tutorial_etl_dag.py
[2021-09-23 23:08:42,201] {logging_mixin.py:104} INFO - [2021-09-23 23:08:42,201] {dag.py:1832} INFO - Sync 1 DAGs
[2021-09-23 23:08:42,214] {logging_mixin.py:104} INFO - [2021-09-23 23:08:42,214] {dag.py:2305} INFO - Setting next_dagrun for tutorial_etl_dag to None
[2021-09-23 23:08:42,235] {scheduler_job.py:190} INFO - Processing /home/airflow/sandbox/lib/python3.8/site-packages/airflow/example_dags/tutorial_etl_dag.py took 0.063 seconds
[2021-09-23 23:09:16,818] {scheduler_job.py:182} INFO - Started process (PID=7563) to work on /home/airflow/sandbox/lib/python3.8/site-packages/airflow/example_dags/tutorial_etl_dag.py
[2021-09-23 23:09:16,819] {scheduler_job.py:633} INFO - Processing file /home/airflow/sandbox/lib/python3.8/site-packages/airflow/example_dags/tutorial_etl_dag.py for tasks to queue
[2021-09-23 23:09:16,819] {logging_mixin.py:104} INFO - [2021-09-23 23:09:16,819] {dagbag.py:487} INFO - Filling up the DagBag from /home/airflow/sandbox/lib/python3.8/site-packages/airflow/example_dags/tutorial_etl_dag.py
[2021-09-23 23:09:16,831] {scheduler_job.py:643} INFO - DAG(s) dict_keys(['tutorial_etl_dag']) retrieved from /home/airflow/sandbox/lib/python3.8/site-packages/airflow/example_dags/tutorial_etl_dag.py
[2021-09-23 23:09:16,842] {logging_mixin.py:104} INFO - [2021-09-23 23:09:16,842] {dag.py:1832} INFO - Sync 1 DAGs
[2021-09-23 23:09:16,853] {logging_mixin.py:104} INFO - [2021-09-23 23:09:16,853] {dag.py:2305} INFO - Setting next_dagrun for tutorial_etl_dag to None
[2021-09-23 23:09:16,867] {scheduler_job.py:190} INFO - Processing /home/airflow/sandbox/lib/python3.8/site-packages/airflow/example_dags/tutorial_etl_dag.py took 0.051 seconds
[2021-09-23 23:09:49,338] {scheduler_job.py:182} INFO - Started process (PID=7656) to work on /home/airflow/sandbox/lib/python3.8/site-packages/airflow/example_dags/tutorial_etl_dag.py
[2021-09-23 23:09:49,339] {scheduler_job.py:633} INFO - Processing file /home/airflow/sandbox/lib/python3.8/site-packages/airflow/example_dags/tutorial_etl_dag.py for tasks to queue
[2021-09-23 23:09:49,339] {logging_mixin.py:104} INFO - [2021-09-23 23:09:49,339] {dagbag.py:487} INFO - Filling up the DagBag from /home/airflow/sandbox/lib/python3.8/site-packages/airflow/example_dags/tutorial_etl_dag.py
[2021-09-23 23:09:49,353] {scheduler_job.py:643} INFO - DAG(s) dict_keys(['tutorial_etl_dag']) retrieved from /home/airflow/sandbox/lib/python3.8/site-packages/airflow/example_dags/tutorial_etl_dag.py
[2021-09-23 23:09:49,368] {logging_mixin.py:104} INFO - [2021-09-23 23:09:49,367] {dag.py:1832} INFO - Sync 1 DAGs
[2021-09-23 23:09:49,382] {logging_mixin.py:104} INFO - [2021-09-23 23:09:49,382] {dag.py:2305} INFO - Setting next_dagrun for tutorial_etl_dag to None
[2021-09-23 23:09:49,407] {scheduler_job.py:190} INFO - Processing /home/airflow/sandbox/lib/python3.8/site-packages/airflow/example_dags/tutorial_etl_dag.py took 0.072 seconds
[2021-09-23 23:10:23,927] {scheduler_job.py:182} INFO - Started process (PID=7734) to work on /home/airflow/sandbox/lib/python3.8/site-packages/airflow/example_dags/tutorial_etl_dag.py
[2021-09-23 23:10:23,928] {scheduler_job.py:633} INFO - Processing file /home/airflow/sandbox/lib/python3.8/site-packages/airflow/example_dags/tutorial_etl_dag.py for tasks to queue
[2021-09-23 23:10:23,929] {logging_mixin.py:104} INFO - [2021-09-23 23:10:23,929] {dagbag.py:487} INFO - Filling up the DagBag from /home/airflow/sandbox/lib/python3.8/site-packages/airflow/example_dags/tutorial_etl_dag.py
[2021-09-23 23:10:23,939] {scheduler_job.py:643} INFO - DAG(s) dict_keys(['tutorial_etl_dag']) retrieved from /home/airflow/sandbox/lib/python3.8/site-packages/airflow/example_dags/tutorial_etl_dag.py
[2021-09-23 23:10:23,952] {logging_mixin.py:104} INFO - [2021-09-23 23:10:23,952] {dag.py:1832} INFO - Sync 1 DAGs
[2021-09-23 23:10:23,965] {logging_mixin.py:104} INFO - [2021-09-23 23:10:23,964] {dag.py:2305} INFO - Setting next_dagrun for tutorial_etl_dag to None
[2021-09-23 23:10:23,986] {scheduler_job.py:190} INFO - Processing /home/airflow/sandbox/lib/python3.8/site-packages/airflow/example_dags/tutorial_etl_dag.py took 0.062 seconds
[2021-09-23 23:10:56,648] {scheduler_job.py:182} INFO - Started process (PID=7890) to work on /home/airflow/sandbox/lib/python3.8/site-packages/airflow/example_dags/tutorial_etl_dag.py
[2021-09-23 23:10:56,649] {scheduler_job.py:633} INFO - Processing file /home/airflow/sandbox/lib/python3.8/site-packages/airflow/example_dags/tutorial_etl_dag.py for tasks to queue
[2021-09-23 23:10:56,650] {logging_mixin.py:104} INFO - [2021-09-23 23:10:56,650] {dagbag.py:487} INFO - Filling up the DagBag from /home/airflow/sandbox/lib/python3.8/site-packages/airflow/example_dags/tutorial_etl_dag.py
[2021-09-23 23:10:56,660] {scheduler_job.py:643} INFO - DAG(s) dict_keys(['tutorial_etl_dag']) retrieved from /home/airflow/sandbox/lib/python3.8/site-packages/airflow/example_dags/tutorial_etl_dag.py
[2021-09-23 23:10:56,673] {logging_mixin.py:104} INFO - [2021-09-23 23:10:56,673] {dag.py:1832} INFO - Sync 1 DAGs
[2021-09-23 23:10:56,685] {logging_mixin.py:104} INFO - [2021-09-23 23:10:56,685] {dag.py:2305} INFO - Setting next_dagrun for tutorial_etl_dag to None
[2021-09-23 23:10:56,708] {scheduler_job.py:190} INFO - Processing /home/airflow/sandbox/lib/python3.8/site-packages/airflow/example_dags/tutorial_etl_dag.py took 0.063 seconds
[2021-09-23 23:11:31,429] {scheduler_job.py:182} INFO - Started process (PID=7974) to work on /home/airflow/sandbox/lib/python3.8/site-packages/airflow/example_dags/tutorial_etl_dag.py
[2021-09-23 23:11:31,430] {scheduler_job.py:633} INFO - Processing file /home/airflow/sandbox/lib/python3.8/site-packages/airflow/example_dags/tutorial_etl_dag.py for tasks to queue
[2021-09-23 23:11:31,431] {logging_mixin.py:104} INFO - [2021-09-23 23:11:31,431] {dagbag.py:487} INFO - Filling up the DagBag from /home/airflow/sandbox/lib/python3.8/site-packages/airflow/example_dags/tutorial_etl_dag.py
[2021-09-23 23:11:31,443] {scheduler_job.py:643} INFO - DAG(s) dict_keys(['tutorial_etl_dag']) retrieved from /home/airflow/sandbox/lib/python3.8/site-packages/airflow/example_dags/tutorial_etl_dag.py
[2021-09-23 23:11:31,463] {logging_mixin.py:104} INFO - [2021-09-23 23:11:31,463] {dag.py:1832} INFO - Sync 1 DAGs
[2021-09-23 23:11:31,475] {logging_mixin.py:104} INFO - [2021-09-23 23:11:31,475] {dag.py:2305} INFO - Setting next_dagrun for tutorial_etl_dag to None
[2021-09-23 23:11:31,492] {scheduler_job.py:190} INFO - Processing /home/airflow/sandbox/lib/python3.8/site-packages/airflow/example_dags/tutorial_etl_dag.py took 0.065 seconds
[2021-09-23 23:12:04,517] {scheduler_job.py:182} INFO - Started process (PID=8120) to work on /home/airflow/sandbox/lib/python3.8/site-packages/airflow/example_dags/tutorial_etl_dag.py
[2021-09-23 23:12:04,518] {scheduler_job.py:633} INFO - Processing file /home/airflow/sandbox/lib/python3.8/site-packages/airflow/example_dags/tutorial_etl_dag.py for tasks to queue
[2021-09-23 23:12:04,519] {logging_mixin.py:104} INFO - [2021-09-23 23:12:04,518] {dagbag.py:487} INFO - Filling up the DagBag from /home/airflow/sandbox/lib/python3.8/site-packages/airflow/example_dags/tutorial_etl_dag.py
[2021-09-23 23:12:04,531] {scheduler_job.py:643} INFO - DAG(s) dict_keys(['tutorial_etl_dag']) retrieved from /home/airflow/sandbox/lib/python3.8/site-packages/airflow/example_dags/tutorial_etl_dag.py
[2021-09-23 23:12:04,551] {logging_mixin.py:104} INFO - [2021-09-23 23:12:04,550] {dag.py:1832} INFO - Sync 1 DAGs
[2021-09-23 23:12:04,566] {logging_mixin.py:104} INFO - [2021-09-23 23:12:04,566] {dag.py:2305} INFO - Setting next_dagrun for tutorial_etl_dag to None
[2021-09-23 23:12:04,585] {scheduler_job.py:190} INFO - Processing /home/airflow/sandbox/lib/python3.8/site-packages/airflow/example_dags/tutorial_etl_dag.py took 0.071 seconds
[2021-09-23 23:12:37,337] {scheduler_job.py:182} INFO - Started process (PID=8378) to work on /home/airflow/sandbox/lib/python3.8/site-packages/airflow/example_dags/tutorial_etl_dag.py
[2021-09-23 23:12:37,339] {scheduler_job.py:633} INFO - Processing file /home/airflow/sandbox/lib/python3.8/site-packages/airflow/example_dags/tutorial_etl_dag.py for tasks to queue
[2021-09-23 23:12:37,340] {logging_mixin.py:104} INFO - [2021-09-23 23:12:37,340] {dagbag.py:487} INFO - Filling up the DagBag from /home/airflow/sandbox/lib/python3.8/site-packages/airflow/example_dags/tutorial_etl_dag.py
[2021-09-23 23:12:37,350] {scheduler_job.py:643} INFO - DAG(s) dict_keys(['tutorial_etl_dag']) retrieved from /home/airflow/sandbox/lib/python3.8/site-packages/airflow/example_dags/tutorial_etl_dag.py
[2021-09-23 23:12:37,364] {logging_mixin.py:104} INFO - [2021-09-23 23:12:37,364] {dag.py:1832} INFO - Sync 1 DAGs
[2021-09-23 23:12:37,376] {logging_mixin.py:104} INFO - [2021-09-23 23:12:37,376] {dag.py:2305} INFO - Setting next_dagrun for tutorial_etl_dag to None
[2021-09-23 23:12:37,401] {scheduler_job.py:190} INFO - Processing /home/airflow/sandbox/lib/python3.8/site-packages/airflow/example_dags/tutorial_etl_dag.py took 0.068 seconds
[2021-09-23 23:13:10,939] {scheduler_job.py:182} INFO - Started process (PID=8409) to work on /home/airflow/sandbox/lib/python3.8/site-packages/airflow/example_dags/tutorial_etl_dag.py
[2021-09-23 23:13:10,940] {scheduler_job.py:633} INFO - Processing file /home/airflow/sandbox/lib/python3.8/site-packages/airflow/example_dags/tutorial_etl_dag.py for tasks to queue
[2021-09-23 23:13:10,941] {logging_mixin.py:104} INFO - [2021-09-23 23:13:10,941] {dagbag.py:487} INFO - Filling up the DagBag from /home/airflow/sandbox/lib/python3.8/site-packages/airflow/example_dags/tutorial_etl_dag.py
[2021-09-23 23:13:10,952] {scheduler_job.py:643} INFO - DAG(s) dict_keys(['tutorial_etl_dag']) retrieved from /home/airflow/sandbox/lib/python3.8/site-packages/airflow/example_dags/tutorial_etl_dag.py
[2021-09-23 23:13:10,966] {logging_mixin.py:104} INFO - [2021-09-23 23:13:10,966] {dag.py:1832} INFO - Sync 1 DAGs
[2021-09-23 23:13:10,979] {logging_mixin.py:104} INFO - [2021-09-23 23:13:10,979] {dag.py:2305} INFO - Setting next_dagrun for tutorial_etl_dag to None
[2021-09-23 23:13:11,007] {scheduler_job.py:190} INFO - Processing /home/airflow/sandbox/lib/python3.8/site-packages/airflow/example_dags/tutorial_etl_dag.py took 0.071 seconds
[2021-09-23 23:13:43,440] {scheduler_job.py:182} INFO - Started process (PID=8439) to work on /home/airflow/sandbox/lib/python3.8/site-packages/airflow/example_dags/tutorial_etl_dag.py
[2021-09-23 23:13:43,441] {scheduler_job.py:633} INFO - Processing file /home/airflow/sandbox/lib/python3.8/site-packages/airflow/example_dags/tutorial_etl_dag.py for tasks to queue
[2021-09-23 23:13:43,441] {logging_mixin.py:104} INFO - [2021-09-23 23:13:43,441] {dagbag.py:487} INFO - Filling up the DagBag from /home/airflow/sandbox/lib/python3.8/site-packages/airflow/example_dags/tutorial_etl_dag.py
[2021-09-23 23:13:43,451] {scheduler_job.py:643} INFO - DAG(s) dict_keys(['tutorial_etl_dag']) retrieved from /home/airflow/sandbox/lib/python3.8/site-packages/airflow/example_dags/tutorial_etl_dag.py
[2021-09-23 23:13:43,465] {logging_mixin.py:104} INFO - [2021-09-23 23:13:43,465] {dag.py:1832} INFO - Sync 1 DAGs
[2021-09-23 23:13:43,478] {logging_mixin.py:104} INFO - [2021-09-23 23:13:43,478] {dag.py:2305} INFO - Setting next_dagrun for tutorial_etl_dag to None
[2021-09-23 23:13:43,499] {scheduler_job.py:190} INFO - Processing /home/airflow/sandbox/lib/python3.8/site-packages/airflow/example_dags/tutorial_etl_dag.py took 0.062 seconds
[2021-09-23 23:14:16,464] {scheduler_job.py:182} INFO - Started process (PID=8469) to work on /home/airflow/sandbox/lib/python3.8/site-packages/airflow/example_dags/tutorial_etl_dag.py
[2021-09-23 23:14:16,465] {scheduler_job.py:633} INFO - Processing file /home/airflow/sandbox/lib/python3.8/site-packages/airflow/example_dags/tutorial_etl_dag.py for tasks to queue
[2021-09-23 23:14:16,465] {logging_mixin.py:104} INFO - [2021-09-23 23:14:16,465] {dagbag.py:487} INFO - Filling up the DagBag from /home/airflow/sandbox/lib/python3.8/site-packages/airflow/example_dags/tutorial_etl_dag.py
[2021-09-23 23:14:16,475] {scheduler_job.py:643} INFO - DAG(s) dict_keys(['tutorial_etl_dag']) retrieved from /home/airflow/sandbox/lib/python3.8/site-packages/airflow/example_dags/tutorial_etl_dag.py
[2021-09-23 23:14:16,489] {logging_mixin.py:104} INFO - [2021-09-23 23:14:16,489] {dag.py:1832} INFO - Sync 1 DAGs
[2021-09-23 23:14:16,501] {logging_mixin.py:104} INFO - [2021-09-23 23:14:16,501] {dag.py:2305} INFO - Setting next_dagrun for tutorial_etl_dag to None
[2021-09-23 23:14:16,521] {scheduler_job.py:190} INFO - Processing /home/airflow/sandbox/lib/python3.8/site-packages/airflow/example_dags/tutorial_etl_dag.py took 0.060 seconds
[2021-09-23 23:14:50,410] {scheduler_job.py:182} INFO - Started process (PID=8531) to work on /home/airflow/sandbox/lib/python3.8/site-packages/airflow/example_dags/tutorial_etl_dag.py
[2021-09-23 23:14:50,411] {scheduler_job.py:633} INFO - Processing file /home/airflow/sandbox/lib/python3.8/site-packages/airflow/example_dags/tutorial_etl_dag.py for tasks to queue
[2021-09-23 23:14:50,412] {logging_mixin.py:104} INFO - [2021-09-23 23:14:50,411] {dagbag.py:487} INFO - Filling up the DagBag from /home/airflow/sandbox/lib/python3.8/site-packages/airflow/example_dags/tutorial_etl_dag.py
[2021-09-23 23:14:50,422] {scheduler_job.py:643} INFO - DAG(s) dict_keys(['tutorial_etl_dag']) retrieved from /home/airflow/sandbox/lib/python3.8/site-packages/airflow/example_dags/tutorial_etl_dag.py
[2021-09-23 23:14:50,436] {logging_mixin.py:104} INFO - [2021-09-23 23:14:50,436] {dag.py:1832} INFO - Sync 1 DAGs
[2021-09-23 23:14:50,446] {logging_mixin.py:104} INFO - [2021-09-23 23:14:50,446] {dag.py:2305} INFO - Setting next_dagrun for tutorial_etl_dag to None
[2021-09-23 23:14:50,468] {scheduler_job.py:190} INFO - Processing /home/airflow/sandbox/lib/python3.8/site-packages/airflow/example_dags/tutorial_etl_dag.py took 0.060 seconds
[2021-09-23 23:15:26,746] {scheduler_job.py:182} INFO - Started process (PID=8844) to work on /home/airflow/sandbox/lib/python3.8/site-packages/airflow/example_dags/tutorial_etl_dag.py
[2021-09-23 23:15:26,748] {scheduler_job.py:633} INFO - Processing file /home/airflow/sandbox/lib/python3.8/site-packages/airflow/example_dags/tutorial_etl_dag.py for tasks to queue
[2021-09-23 23:15:26,748] {logging_mixin.py:104} INFO - [2021-09-23 23:15:26,748] {dagbag.py:487} INFO - Filling up the DagBag from /home/airflow/sandbox/lib/python3.8/site-packages/airflow/example_dags/tutorial_etl_dag.py
[2021-09-23 23:15:26,758] {scheduler_job.py:643} INFO - DAG(s) dict_keys(['tutorial_etl_dag']) retrieved from /home/airflow/sandbox/lib/python3.8/site-packages/airflow/example_dags/tutorial_etl_dag.py
[2021-09-23 23:15:26,773] {logging_mixin.py:104} INFO - [2021-09-23 23:15:26,771] {dag.py:1832} INFO - Sync 1 DAGs
[2021-09-23 23:15:26,785] {logging_mixin.py:104} INFO - [2021-09-23 23:15:26,784] {dag.py:2305} INFO - Setting next_dagrun for tutorial_etl_dag to None
[2021-09-23 23:15:26,806] {scheduler_job.py:190} INFO - Processing /home/airflow/sandbox/lib/python3.8/site-packages/airflow/example_dags/tutorial_etl_dag.py took 0.064 seconds
[2021-09-23 23:16:00,262] {scheduler_job.py:182} INFO - Started process (PID=8999) to work on /home/airflow/sandbox/lib/python3.8/site-packages/airflow/example_dags/tutorial_etl_dag.py
[2021-09-23 23:16:00,263] {scheduler_job.py:633} INFO - Processing file /home/airflow/sandbox/lib/python3.8/site-packages/airflow/example_dags/tutorial_etl_dag.py for tasks to queue
[2021-09-23 23:16:00,264] {logging_mixin.py:104} INFO - [2021-09-23 23:16:00,264] {dagbag.py:487} INFO - Filling up the DagBag from /home/airflow/sandbox/lib/python3.8/site-packages/airflow/example_dags/tutorial_etl_dag.py
[2021-09-23 23:16:00,273] {scheduler_job.py:643} INFO - DAG(s) dict_keys(['tutorial_etl_dag']) retrieved from /home/airflow/sandbox/lib/python3.8/site-packages/airflow/example_dags/tutorial_etl_dag.py
[2021-09-23 23:16:00,287] {logging_mixin.py:104} INFO - [2021-09-23 23:16:00,287] {dag.py:1832} INFO - Sync 1 DAGs
[2021-09-23 23:16:00,300] {logging_mixin.py:104} INFO - [2021-09-23 23:16:00,299] {dag.py:2305} INFO - Setting next_dagrun for tutorial_etl_dag to None
[2021-09-23 23:16:00,319] {scheduler_job.py:190} INFO - Processing /home/airflow/sandbox/lib/python3.8/site-packages/airflow/example_dags/tutorial_etl_dag.py took 0.060 seconds
[2021-09-23 23:16:31,491] {scheduler_job.py:182} INFO - Started process (PID=9112) to work on /home/airflow/sandbox/lib/python3.8/site-packages/airflow/example_dags/tutorial_etl_dag.py
[2021-09-23 23:16:31,493] {scheduler_job.py:633} INFO - Processing file /home/airflow/sandbox/lib/python3.8/site-packages/airflow/example_dags/tutorial_etl_dag.py for tasks to queue
[2021-09-23 23:16:31,494] {logging_mixin.py:104} INFO - [2021-09-23 23:16:31,494] {dagbag.py:487} INFO - Filling up the DagBag from /home/airflow/sandbox/lib/python3.8/site-packages/airflow/example_dags/tutorial_etl_dag.py
[2021-09-23 23:16:31,514] {scheduler_job.py:643} INFO - DAG(s) dict_keys(['tutorial_etl_dag']) retrieved from /home/airflow/sandbox/lib/python3.8/site-packages/airflow/example_dags/tutorial_etl_dag.py
[2021-09-23 23:16:31,531] {logging_mixin.py:104} INFO - [2021-09-23 23:16:31,531] {dag.py:1832} INFO - Sync 1 DAGs
[2021-09-23 23:16:31,546] {logging_mixin.py:104} INFO - [2021-09-23 23:16:31,546] {dag.py:2305} INFO - Setting next_dagrun for tutorial_etl_dag to None
[2021-09-23 23:16:31,570] {scheduler_job.py:190} INFO - Processing /home/airflow/sandbox/lib/python3.8/site-packages/airflow/example_dags/tutorial_etl_dag.py took 0.082 seconds
[2021-09-23 23:43:23,900] {scheduler_job.py:182} INFO - Started process (PID=9311) to work on /home/airflow/sandbox/lib/python3.8/site-packages/airflow/example_dags/tutorial_etl_dag.py
[2021-09-23 23:43:23,900] {scheduler_job.py:633} INFO - Processing file /home/airflow/sandbox/lib/python3.8/site-packages/airflow/example_dags/tutorial_etl_dag.py for tasks to queue
[2021-09-23 23:43:23,901] {logging_mixin.py:104} INFO - [2021-09-23 23:43:23,901] {dagbag.py:487} INFO - Filling up the DagBag from /home/airflow/sandbox/lib/python3.8/site-packages/airflow/example_dags/tutorial_etl_dag.py
[2021-09-23 23:43:23,954] {scheduler_job.py:643} INFO - DAG(s) dict_keys(['tutorial_etl_dag']) retrieved from /home/airflow/sandbox/lib/python3.8/site-packages/airflow/example_dags/tutorial_etl_dag.py
[2021-09-23 23:43:24,067] {logging_mixin.py:104} INFO - [2021-09-23 23:43:24,067] {dag.py:1832} INFO - Sync 1 DAGs
[2021-09-23 23:43:24,123] {logging_mixin.py:104} INFO - [2021-09-23 23:43:24,123] {dag.py:2305} INFO - Setting next_dagrun for tutorial_etl_dag to None
[2021-09-23 23:43:24,177] {scheduler_job.py:190} INFO - Processing /home/airflow/sandbox/lib/python3.8/site-packages/airflow/example_dags/tutorial_etl_dag.py took 0.280 seconds
[2021-09-23 23:43:58,800] {scheduler_job.py:182} INFO - Started process (PID=9343) to work on /home/airflow/sandbox/lib/python3.8/site-packages/airflow/example_dags/tutorial_etl_dag.py
[2021-09-23 23:43:58,801] {scheduler_job.py:633} INFO - Processing file /home/airflow/sandbox/lib/python3.8/site-packages/airflow/example_dags/tutorial_etl_dag.py for tasks to queue
[2021-09-23 23:43:58,801] {logging_mixin.py:104} INFO - [2021-09-23 23:43:58,801] {dagbag.py:487} INFO - Filling up the DagBag from /home/airflow/sandbox/lib/python3.8/site-packages/airflow/example_dags/tutorial_etl_dag.py
[2021-09-23 23:43:58,811] {scheduler_job.py:643} INFO - DAG(s) dict_keys(['tutorial_etl_dag']) retrieved from /home/airflow/sandbox/lib/python3.8/site-packages/airflow/example_dags/tutorial_etl_dag.py
[2021-09-23 23:43:58,826] {logging_mixin.py:104} INFO - [2021-09-23 23:43:58,826] {dag.py:1832} INFO - Sync 1 DAGs
[2021-09-23 23:43:58,840] {logging_mixin.py:104} INFO - [2021-09-23 23:43:58,840] {dag.py:2305} INFO - Setting next_dagrun for tutorial_etl_dag to None
[2021-09-23 23:43:58,864] {scheduler_job.py:190} INFO - Processing /home/airflow/sandbox/lib/python3.8/site-packages/airflow/example_dags/tutorial_etl_dag.py took 0.068 seconds
[2021-09-23 23:44:32,430] {scheduler_job.py:182} INFO - Started process (PID=9377) to work on /home/airflow/sandbox/lib/python3.8/site-packages/airflow/example_dags/tutorial_etl_dag.py
[2021-09-23 23:44:32,431] {scheduler_job.py:633} INFO - Processing file /home/airflow/sandbox/lib/python3.8/site-packages/airflow/example_dags/tutorial_etl_dag.py for tasks to queue
[2021-09-23 23:44:32,432] {logging_mixin.py:104} INFO - [2021-09-23 23:44:32,432] {dagbag.py:487} INFO - Filling up the DagBag from /home/airflow/sandbox/lib/python3.8/site-packages/airflow/example_dags/tutorial_etl_dag.py
[2021-09-23 23:44:32,444] {scheduler_job.py:643} INFO - DAG(s) dict_keys(['tutorial_etl_dag']) retrieved from /home/airflow/sandbox/lib/python3.8/site-packages/airflow/example_dags/tutorial_etl_dag.py
[2021-09-23 23:44:32,458] {logging_mixin.py:104} INFO - [2021-09-23 23:44:32,458] {dag.py:1832} INFO - Sync 1 DAGs
[2021-09-23 23:44:32,468] {logging_mixin.py:104} INFO - [2021-09-23 23:44:32,468] {dag.py:2305} INFO - Setting next_dagrun for tutorial_etl_dag to None
[2021-09-23 23:44:32,488] {scheduler_job.py:190} INFO - Processing /home/airflow/sandbox/lib/python3.8/site-packages/airflow/example_dags/tutorial_etl_dag.py took 0.060 seconds
[2021-09-23 23:45:05,291] {scheduler_job.py:182} INFO - Started process (PID=9407) to work on /home/airflow/sandbox/lib/python3.8/site-packages/airflow/example_dags/tutorial_etl_dag.py
[2021-09-23 23:45:05,293] {scheduler_job.py:633} INFO - Processing file /home/airflow/sandbox/lib/python3.8/site-packages/airflow/example_dags/tutorial_etl_dag.py for tasks to queue
[2021-09-23 23:45:05,294] {logging_mixin.py:104} INFO - [2021-09-23 23:45:05,294] {dagbag.py:487} INFO - Filling up the DagBag from /home/airflow/sandbox/lib/python3.8/site-packages/airflow/example_dags/tutorial_etl_dag.py
[2021-09-23 23:45:05,307] {scheduler_job.py:643} INFO - DAG(s) dict_keys(['tutorial_etl_dag']) retrieved from /home/airflow/sandbox/lib/python3.8/site-packages/airflow/example_dags/tutorial_etl_dag.py
[2021-09-23 23:45:05,325] {logging_mixin.py:104} INFO - [2021-09-23 23:45:05,325] {dag.py:1832} INFO - Sync 1 DAGs
[2021-09-23 23:45:05,366] {logging_mixin.py:104} INFO - [2021-09-23 23:45:05,365] {dag.py:2305} INFO - Setting next_dagrun for tutorial_etl_dag to None
[2021-09-23 23:45:05,402] {scheduler_job.py:190} INFO - Processing /home/airflow/sandbox/lib/python3.8/site-packages/airflow/example_dags/tutorial_etl_dag.py took 0.115 seconds
[2021-09-23 23:45:38,752] {scheduler_job.py:182} INFO - Started process (PID=9439) to work on /home/airflow/sandbox/lib/python3.8/site-packages/airflow/example_dags/tutorial_etl_dag.py
[2021-09-23 23:45:38,754] {scheduler_job.py:633} INFO - Processing file /home/airflow/sandbox/lib/python3.8/site-packages/airflow/example_dags/tutorial_etl_dag.py for tasks to queue
[2021-09-23 23:45:38,755] {logging_mixin.py:104} INFO - [2021-09-23 23:45:38,755] {dagbag.py:487} INFO - Filling up the DagBag from /home/airflow/sandbox/lib/python3.8/site-packages/airflow/example_dags/tutorial_etl_dag.py
[2021-09-23 23:45:38,772] {scheduler_job.py:643} INFO - DAG(s) dict_keys(['tutorial_etl_dag']) retrieved from /home/airflow/sandbox/lib/python3.8/site-packages/airflow/example_dags/tutorial_etl_dag.py
[2021-09-23 23:45:38,789] {logging_mixin.py:104} INFO - [2021-09-23 23:45:38,789] {dag.py:1832} INFO - Sync 1 DAGs
[2021-09-23 23:45:38,801] {logging_mixin.py:104} INFO - [2021-09-23 23:45:38,801] {dag.py:2305} INFO - Setting next_dagrun for tutorial_etl_dag to None
[2021-09-23 23:45:38,818] {scheduler_job.py:190} INFO - Processing /home/airflow/sandbox/lib/python3.8/site-packages/airflow/example_dags/tutorial_etl_dag.py took 0.068 seconds
[2021-09-23 23:46:11,792] {scheduler_job.py:182} INFO - Started process (PID=9470) to work on /home/airflow/sandbox/lib/python3.8/site-packages/airflow/example_dags/tutorial_etl_dag.py
[2021-09-23 23:46:11,793] {scheduler_job.py:633} INFO - Processing file /home/airflow/sandbox/lib/python3.8/site-packages/airflow/example_dags/tutorial_etl_dag.py for tasks to queue
[2021-09-23 23:46:11,793] {logging_mixin.py:104} INFO - [2021-09-23 23:46:11,793] {dagbag.py:487} INFO - Filling up the DagBag from /home/airflow/sandbox/lib/python3.8/site-packages/airflow/example_dags/tutorial_etl_dag.py
[2021-09-23 23:46:11,805] {scheduler_job.py:643} INFO - DAG(s) dict_keys(['tutorial_etl_dag']) retrieved from /home/airflow/sandbox/lib/python3.8/site-packages/airflow/example_dags/tutorial_etl_dag.py
[2021-09-23 23:46:11,818] {logging_mixin.py:104} INFO - [2021-09-23 23:46:11,818] {dag.py:1832} INFO - Sync 1 DAGs
[2021-09-23 23:46:11,830] {logging_mixin.py:104} INFO - [2021-09-23 23:46:11,829] {dag.py:2305} INFO - Setting next_dagrun for tutorial_etl_dag to None
[2021-09-23 23:46:11,847] {scheduler_job.py:190} INFO - Processing /home/airflow/sandbox/lib/python3.8/site-packages/airflow/example_dags/tutorial_etl_dag.py took 0.058 seconds
[2021-09-23 23:46:44,606] {scheduler_job.py:182} INFO - Started process (PID=9546) to work on /home/airflow/sandbox/lib/python3.8/site-packages/airflow/example_dags/tutorial_etl_dag.py
[2021-09-23 23:46:44,607] {scheduler_job.py:633} INFO - Processing file /home/airflow/sandbox/lib/python3.8/site-packages/airflow/example_dags/tutorial_etl_dag.py for tasks to queue
[2021-09-23 23:46:44,608] {logging_mixin.py:104} INFO - [2021-09-23 23:46:44,608] {dagbag.py:487} INFO - Filling up the DagBag from /home/airflow/sandbox/lib/python3.8/site-packages/airflow/example_dags/tutorial_etl_dag.py
[2021-09-23 23:46:44,617] {scheduler_job.py:643} INFO - DAG(s) dict_keys(['tutorial_etl_dag']) retrieved from /home/airflow/sandbox/lib/python3.8/site-packages/airflow/example_dags/tutorial_etl_dag.py
[2021-09-23 23:46:44,630] {logging_mixin.py:104} INFO - [2021-09-23 23:46:44,630] {dag.py:1832} INFO - Sync 1 DAGs
[2021-09-23 23:46:44,639] {logging_mixin.py:104} INFO - [2021-09-23 23:46:44,639] {dag.py:2305} INFO - Setting next_dagrun for tutorial_etl_dag to None
[2021-09-23 23:46:44,655] {scheduler_job.py:190} INFO - Processing /home/airflow/sandbox/lib/python3.8/site-packages/airflow/example_dags/tutorial_etl_dag.py took 0.051 seconds
[2021-09-23 23:47:17,826] {scheduler_job.py:182} INFO - Started process (PID=9577) to work on /home/airflow/sandbox/lib/python3.8/site-packages/airflow/example_dags/tutorial_etl_dag.py
[2021-09-23 23:47:17,827] {scheduler_job.py:633} INFO - Processing file /home/airflow/sandbox/lib/python3.8/site-packages/airflow/example_dags/tutorial_etl_dag.py for tasks to queue
[2021-09-23 23:47:17,827] {logging_mixin.py:104} INFO - [2021-09-23 23:47:17,827] {dagbag.py:487} INFO - Filling up the DagBag from /home/airflow/sandbox/lib/python3.8/site-packages/airflow/example_dags/tutorial_etl_dag.py
[2021-09-23 23:47:17,837] {scheduler_job.py:643} INFO - DAG(s) dict_keys(['tutorial_etl_dag']) retrieved from /home/airflow/sandbox/lib/python3.8/site-packages/airflow/example_dags/tutorial_etl_dag.py
[2021-09-23 23:47:17,850] {logging_mixin.py:104} INFO - [2021-09-23 23:47:17,850] {dag.py:1832} INFO - Sync 1 DAGs
[2021-09-23 23:47:17,862] {logging_mixin.py:104} INFO - [2021-09-23 23:47:17,862] {dag.py:2305} INFO - Setting next_dagrun for tutorial_etl_dag to None
[2021-09-23 23:47:17,884] {scheduler_job.py:190} INFO - Processing /home/airflow/sandbox/lib/python3.8/site-packages/airflow/example_dags/tutorial_etl_dag.py took 0.061 seconds
[2021-09-23 23:47:51,052] {scheduler_job.py:182} INFO - Started process (PID=9610) to work on /home/airflow/sandbox/lib/python3.8/site-packages/airflow/example_dags/tutorial_etl_dag.py
[2021-09-23 23:47:51,053] {scheduler_job.py:633} INFO - Processing file /home/airflow/sandbox/lib/python3.8/site-packages/airflow/example_dags/tutorial_etl_dag.py for tasks to queue
[2021-09-23 23:47:51,053] {logging_mixin.py:104} INFO - [2021-09-23 23:47:51,053] {dagbag.py:487} INFO - Filling up the DagBag from /home/airflow/sandbox/lib/python3.8/site-packages/airflow/example_dags/tutorial_etl_dag.py
[2021-09-23 23:47:51,063] {scheduler_job.py:643} INFO - DAG(s) dict_keys(['tutorial_etl_dag']) retrieved from /home/airflow/sandbox/lib/python3.8/site-packages/airflow/example_dags/tutorial_etl_dag.py
[2021-09-23 23:47:51,078] {logging_mixin.py:104} INFO - [2021-09-23 23:47:51,078] {dag.py:1832} INFO - Sync 1 DAGs
[2021-09-23 23:47:51,089] {logging_mixin.py:104} INFO - [2021-09-23 23:47:51,089] {dag.py:2305} INFO - Setting next_dagrun for tutorial_etl_dag to None
[2021-09-23 23:47:51,107] {scheduler_job.py:190} INFO - Processing /home/airflow/sandbox/lib/python3.8/site-packages/airflow/example_dags/tutorial_etl_dag.py took 0.058 seconds
[2021-09-23 23:48:24,554] {scheduler_job.py:182} INFO - Started process (PID=9642) to work on /home/airflow/sandbox/lib/python3.8/site-packages/airflow/example_dags/tutorial_etl_dag.py
[2021-09-23 23:48:24,555] {scheduler_job.py:633} INFO - Processing file /home/airflow/sandbox/lib/python3.8/site-packages/airflow/example_dags/tutorial_etl_dag.py for tasks to queue
[2021-09-23 23:48:24,555] {logging_mixin.py:104} INFO - [2021-09-23 23:48:24,555] {dagbag.py:487} INFO - Filling up the DagBag from /home/airflow/sandbox/lib/python3.8/site-packages/airflow/example_dags/tutorial_etl_dag.py
[2021-09-23 23:48:24,567] {scheduler_job.py:643} INFO - DAG(s) dict_keys(['tutorial_etl_dag']) retrieved from /home/airflow/sandbox/lib/python3.8/site-packages/airflow/example_dags/tutorial_etl_dag.py
[2021-09-23 23:48:24,580] {logging_mixin.py:104} INFO - [2021-09-23 23:48:24,580] {dag.py:1832} INFO - Sync 1 DAGs
[2021-09-23 23:48:24,593] {logging_mixin.py:104} INFO - [2021-09-23 23:48:24,593] {dag.py:2305} INFO - Setting next_dagrun for tutorial_etl_dag to None
[2021-09-23 23:48:24,613] {scheduler_job.py:190} INFO - Processing /home/airflow/sandbox/lib/python3.8/site-packages/airflow/example_dags/tutorial_etl_dag.py took 0.063 seconds
[2021-09-23 23:48:59,500] {scheduler_job.py:182} INFO - Started process (PID=9674) to work on /home/airflow/sandbox/lib/python3.8/site-packages/airflow/example_dags/tutorial_etl_dag.py
[2021-09-23 23:48:59,501] {scheduler_job.py:633} INFO - Processing file /home/airflow/sandbox/lib/python3.8/site-packages/airflow/example_dags/tutorial_etl_dag.py for tasks to queue
[2021-09-23 23:48:59,501] {logging_mixin.py:104} INFO - [2021-09-23 23:48:59,501] {dagbag.py:487} INFO - Filling up the DagBag from /home/airflow/sandbox/lib/python3.8/site-packages/airflow/example_dags/tutorial_etl_dag.py
[2021-09-23 23:48:59,514] {scheduler_job.py:643} INFO - DAG(s) dict_keys(['tutorial_etl_dag']) retrieved from /home/airflow/sandbox/lib/python3.8/site-packages/airflow/example_dags/tutorial_etl_dag.py
[2021-09-23 23:48:59,527] {logging_mixin.py:104} INFO - [2021-09-23 23:48:59,527] {dag.py:1832} INFO - Sync 1 DAGs
[2021-09-23 23:48:59,539] {logging_mixin.py:104} INFO - [2021-09-23 23:48:59,539] {dag.py:2305} INFO - Setting next_dagrun for tutorial_etl_dag to None
[2021-09-23 23:48:59,560] {scheduler_job.py:190} INFO - Processing /home/airflow/sandbox/lib/python3.8/site-packages/airflow/example_dags/tutorial_etl_dag.py took 0.063 seconds
[2021-09-23 23:49:34,840] {scheduler_job.py:182} INFO - Started process (PID=9707) to work on /home/airflow/sandbox/lib/python3.8/site-packages/airflow/example_dags/tutorial_etl_dag.py
[2021-09-23 23:49:34,842] {scheduler_job.py:633} INFO - Processing file /home/airflow/sandbox/lib/python3.8/site-packages/airflow/example_dags/tutorial_etl_dag.py for tasks to queue
[2021-09-23 23:49:34,843] {logging_mixin.py:104} INFO - [2021-09-23 23:49:34,843] {dagbag.py:487} INFO - Filling up the DagBag from /home/airflow/sandbox/lib/python3.8/site-packages/airflow/example_dags/tutorial_etl_dag.py
[2021-09-23 23:49:34,859] {scheduler_job.py:643} INFO - DAG(s) dict_keys(['tutorial_etl_dag']) retrieved from /home/airflow/sandbox/lib/python3.8/site-packages/airflow/example_dags/tutorial_etl_dag.py
[2021-09-23 23:49:34,872] {logging_mixin.py:104} INFO - [2021-09-23 23:49:34,872] {dag.py:1832} INFO - Sync 1 DAGs
[2021-09-23 23:49:34,881] {logging_mixin.py:104} INFO - [2021-09-23 23:49:34,881] {dag.py:2305} INFO - Setting next_dagrun for tutorial_etl_dag to None
[2021-09-23 23:49:34,901] {scheduler_job.py:190} INFO - Processing /home/airflow/sandbox/lib/python3.8/site-packages/airflow/example_dags/tutorial_etl_dag.py took 0.064 seconds
[2021-09-23 23:50:08,624] {scheduler_job.py:182} INFO - Started process (PID=9741) to work on /home/airflow/sandbox/lib/python3.8/site-packages/airflow/example_dags/tutorial_etl_dag.py
[2021-09-23 23:50:08,625] {scheduler_job.py:633} INFO - Processing file /home/airflow/sandbox/lib/python3.8/site-packages/airflow/example_dags/tutorial_etl_dag.py for tasks to queue
[2021-09-23 23:50:08,626] {logging_mixin.py:104} INFO - [2021-09-23 23:50:08,626] {dagbag.py:487} INFO - Filling up the DagBag from /home/airflow/sandbox/lib/python3.8/site-packages/airflow/example_dags/tutorial_etl_dag.py
[2021-09-23 23:50:08,636] {scheduler_job.py:643} INFO - DAG(s) dict_keys(['tutorial_etl_dag']) retrieved from /home/airflow/sandbox/lib/python3.8/site-packages/airflow/example_dags/tutorial_etl_dag.py
[2021-09-23 23:50:08,651] {logging_mixin.py:104} INFO - [2021-09-23 23:50:08,650] {dag.py:1832} INFO - Sync 1 DAGs
[2021-09-23 23:50:08,661] {logging_mixin.py:104} INFO - [2021-09-23 23:50:08,661] {dag.py:2305} INFO - Setting next_dagrun for tutorial_etl_dag to None
[2021-09-23 23:50:08,678] {scheduler_job.py:190} INFO - Processing /home/airflow/sandbox/lib/python3.8/site-packages/airflow/example_dags/tutorial_etl_dag.py took 0.056 seconds
[2021-09-23 23:50:40,828] {scheduler_job.py:182} INFO - Started process (PID=9772) to work on /home/airflow/sandbox/lib/python3.8/site-packages/airflow/example_dags/tutorial_etl_dag.py
[2021-09-23 23:50:40,829] {scheduler_job.py:633} INFO - Processing file /home/airflow/sandbox/lib/python3.8/site-packages/airflow/example_dags/tutorial_etl_dag.py for tasks to queue
[2021-09-23 23:50:40,830] {logging_mixin.py:104} INFO - [2021-09-23 23:50:40,829] {dagbag.py:487} INFO - Filling up the DagBag from /home/airflow/sandbox/lib/python3.8/site-packages/airflow/example_dags/tutorial_etl_dag.py
[2021-09-23 23:50:40,839] {scheduler_job.py:643} INFO - DAG(s) dict_keys(['tutorial_etl_dag']) retrieved from /home/airflow/sandbox/lib/python3.8/site-packages/airflow/example_dags/tutorial_etl_dag.py
[2021-09-23 23:50:40,854] {logging_mixin.py:104} INFO - [2021-09-23 23:50:40,854] {dag.py:1832} INFO - Sync 1 DAGs
[2021-09-23 23:50:40,865] {logging_mixin.py:104} INFO - [2021-09-23 23:50:40,865] {dag.py:2305} INFO - Setting next_dagrun for tutorial_etl_dag to None
[2021-09-23 23:50:40,885] {scheduler_job.py:190} INFO - Processing /home/airflow/sandbox/lib/python3.8/site-packages/airflow/example_dags/tutorial_etl_dag.py took 0.061 seconds
[2021-09-23 23:51:14,566] {scheduler_job.py:182} INFO - Started process (PID=9804) to work on /home/airflow/sandbox/lib/python3.8/site-packages/airflow/example_dags/tutorial_etl_dag.py
[2021-09-23 23:51:14,567] {scheduler_job.py:633} INFO - Processing file /home/airflow/sandbox/lib/python3.8/site-packages/airflow/example_dags/tutorial_etl_dag.py for tasks to queue
[2021-09-23 23:51:14,568] {logging_mixin.py:104} INFO - [2021-09-23 23:51:14,568] {dagbag.py:487} INFO - Filling up the DagBag from /home/airflow/sandbox/lib/python3.8/site-packages/airflow/example_dags/tutorial_etl_dag.py
[2021-09-23 23:51:14,583] {scheduler_job.py:643} INFO - DAG(s) dict_keys(['tutorial_etl_dag']) retrieved from /home/airflow/sandbox/lib/python3.8/site-packages/airflow/example_dags/tutorial_etl_dag.py
[2021-09-23 23:51:14,600] {logging_mixin.py:104} INFO - [2021-09-23 23:51:14,600] {dag.py:1832} INFO - Sync 1 DAGs
[2021-09-23 23:51:14,612] {logging_mixin.py:104} INFO - [2021-09-23 23:51:14,611] {dag.py:2305} INFO - Setting next_dagrun for tutorial_etl_dag to None
[2021-09-23 23:51:14,632] {scheduler_job.py:190} INFO - Processing /home/airflow/sandbox/lib/python3.8/site-packages/airflow/example_dags/tutorial_etl_dag.py took 0.071 seconds
[2021-09-23 23:51:48,999] {scheduler_job.py:182} INFO - Started process (PID=9880) to work on /home/airflow/sandbox/lib/python3.8/site-packages/airflow/example_dags/tutorial_etl_dag.py
[2021-09-23 23:51:49,000] {scheduler_job.py:633} INFO - Processing file /home/airflow/sandbox/lib/python3.8/site-packages/airflow/example_dags/tutorial_etl_dag.py for tasks to queue
[2021-09-23 23:51:49,001] {logging_mixin.py:104} INFO - [2021-09-23 23:51:49,001] {dagbag.py:487} INFO - Filling up the DagBag from /home/airflow/sandbox/lib/python3.8/site-packages/airflow/example_dags/tutorial_etl_dag.py
[2021-09-23 23:51:49,011] {scheduler_job.py:643} INFO - DAG(s) dict_keys(['tutorial_etl_dag']) retrieved from /home/airflow/sandbox/lib/python3.8/site-packages/airflow/example_dags/tutorial_etl_dag.py
[2021-09-23 23:51:49,025] {logging_mixin.py:104} INFO - [2021-09-23 23:51:49,025] {dag.py:1832} INFO - Sync 1 DAGs
[2021-09-23 23:51:49,038] {logging_mixin.py:104} INFO - [2021-09-23 23:51:49,037] {dag.py:2305} INFO - Setting next_dagrun for tutorial_etl_dag to None
[2021-09-23 23:51:49,059] {scheduler_job.py:190} INFO - Processing /home/airflow/sandbox/lib/python3.8/site-packages/airflow/example_dags/tutorial_etl_dag.py took 0.063 seconds
[2021-09-23 23:52:21,473] {scheduler_job.py:182} INFO - Started process (PID=9913) to work on /home/airflow/sandbox/lib/python3.8/site-packages/airflow/example_dags/tutorial_etl_dag.py
[2021-09-23 23:52:21,474] {scheduler_job.py:633} INFO - Processing file /home/airflow/sandbox/lib/python3.8/site-packages/airflow/example_dags/tutorial_etl_dag.py for tasks to queue
[2021-09-23 23:52:21,476] {logging_mixin.py:104} INFO - [2021-09-23 23:52:21,476] {dagbag.py:487} INFO - Filling up the DagBag from /home/airflow/sandbox/lib/python3.8/site-packages/airflow/example_dags/tutorial_etl_dag.py
[2021-09-23 23:52:21,484] {scheduler_job.py:643} INFO - DAG(s) dict_keys(['tutorial_etl_dag']) retrieved from /home/airflow/sandbox/lib/python3.8/site-packages/airflow/example_dags/tutorial_etl_dag.py
[2021-09-23 23:52:21,499] {logging_mixin.py:104} INFO - [2021-09-23 23:52:21,499] {dag.py:1832} INFO - Sync 1 DAGs
[2021-09-23 23:52:21,512] {logging_mixin.py:104} INFO - [2021-09-23 23:52:21,512] {dag.py:2305} INFO - Setting next_dagrun for tutorial_etl_dag to None
[2021-09-23 23:52:21,529] {scheduler_job.py:190} INFO - Processing /home/airflow/sandbox/lib/python3.8/site-packages/airflow/example_dags/tutorial_etl_dag.py took 0.059 seconds
[2021-09-23 23:52:52,905] {scheduler_job.py:182} INFO - Started process (PID=9943) to work on /home/airflow/sandbox/lib/python3.8/site-packages/airflow/example_dags/tutorial_etl_dag.py
[2021-09-23 23:52:52,906] {scheduler_job.py:633} INFO - Processing file /home/airflow/sandbox/lib/python3.8/site-packages/airflow/example_dags/tutorial_etl_dag.py for tasks to queue
[2021-09-23 23:52:52,907] {logging_mixin.py:104} INFO - [2021-09-23 23:52:52,907] {dagbag.py:487} INFO - Filling up the DagBag from /home/airflow/sandbox/lib/python3.8/site-packages/airflow/example_dags/tutorial_etl_dag.py
[2021-09-23 23:52:52,918] {scheduler_job.py:643} INFO - DAG(s) dict_keys(['tutorial_etl_dag']) retrieved from /home/airflow/sandbox/lib/python3.8/site-packages/airflow/example_dags/tutorial_etl_dag.py
[2021-09-23 23:52:52,933] {logging_mixin.py:104} INFO - [2021-09-23 23:52:52,933] {dag.py:1832} INFO - Sync 1 DAGs
[2021-09-23 23:52:52,943] {logging_mixin.py:104} INFO - [2021-09-23 23:52:52,943] {dag.py:2305} INFO - Setting next_dagrun for tutorial_etl_dag to None
[2021-09-23 23:52:52,964] {scheduler_job.py:190} INFO - Processing /home/airflow/sandbox/lib/python3.8/site-packages/airflow/example_dags/tutorial_etl_dag.py took 0.063 seconds
[2021-09-23 23:53:25,875] {scheduler_job.py:182} INFO - Started process (PID=9975) to work on /home/airflow/sandbox/lib/python3.8/site-packages/airflow/example_dags/tutorial_etl_dag.py
[2021-09-23 23:53:25,877] {scheduler_job.py:633} INFO - Processing file /home/airflow/sandbox/lib/python3.8/site-packages/airflow/example_dags/tutorial_etl_dag.py for tasks to queue
[2021-09-23 23:53:25,877] {logging_mixin.py:104} INFO - [2021-09-23 23:53:25,877] {dagbag.py:487} INFO - Filling up the DagBag from /home/airflow/sandbox/lib/python3.8/site-packages/airflow/example_dags/tutorial_etl_dag.py
[2021-09-23 23:53:25,889] {scheduler_job.py:643} INFO - DAG(s) dict_keys(['tutorial_etl_dag']) retrieved from /home/airflow/sandbox/lib/python3.8/site-packages/airflow/example_dags/tutorial_etl_dag.py
[2021-09-23 23:53:25,901] {logging_mixin.py:104} INFO - [2021-09-23 23:53:25,901] {dag.py:1832} INFO - Sync 1 DAGs
[2021-09-23 23:53:25,911] {logging_mixin.py:104} INFO - [2021-09-23 23:53:25,911] {dag.py:2305} INFO - Setting next_dagrun for tutorial_etl_dag to None
[2021-09-23 23:53:25,933] {scheduler_job.py:190} INFO - Processing /home/airflow/sandbox/lib/python3.8/site-packages/airflow/example_dags/tutorial_etl_dag.py took 0.063 seconds
[2021-09-23 23:54:00,480] {scheduler_job.py:182} INFO - Started process (PID=10008) to work on /home/airflow/sandbox/lib/python3.8/site-packages/airflow/example_dags/tutorial_etl_dag.py
[2021-09-23 23:54:00,481] {scheduler_job.py:633} INFO - Processing file /home/airflow/sandbox/lib/python3.8/site-packages/airflow/example_dags/tutorial_etl_dag.py for tasks to queue
[2021-09-23 23:54:00,482] {logging_mixin.py:104} INFO - [2021-09-23 23:54:00,482] {dagbag.py:487} INFO - Filling up the DagBag from /home/airflow/sandbox/lib/python3.8/site-packages/airflow/example_dags/tutorial_etl_dag.py
[2021-09-23 23:54:00,495] {scheduler_job.py:643} INFO - DAG(s) dict_keys(['tutorial_etl_dag']) retrieved from /home/airflow/sandbox/lib/python3.8/site-packages/airflow/example_dags/tutorial_etl_dag.py
[2021-09-23 23:54:00,510] {logging_mixin.py:104} INFO - [2021-09-23 23:54:00,510] {dag.py:1832} INFO - Sync 1 DAGs
[2021-09-23 23:54:00,525] {logging_mixin.py:104} INFO - [2021-09-23 23:54:00,525] {dag.py:2305} INFO - Setting next_dagrun for tutorial_etl_dag to None
[2021-09-23 23:54:00,544] {scheduler_job.py:190} INFO - Processing /home/airflow/sandbox/lib/python3.8/site-packages/airflow/example_dags/tutorial_etl_dag.py took 0.067 seconds
[2021-09-23 23:54:33,798] {scheduler_job.py:182} INFO - Started process (PID=10040) to work on /home/airflow/sandbox/lib/python3.8/site-packages/airflow/example_dags/tutorial_etl_dag.py
[2021-09-23 23:54:33,799] {scheduler_job.py:633} INFO - Processing file /home/airflow/sandbox/lib/python3.8/site-packages/airflow/example_dags/tutorial_etl_dag.py for tasks to queue
[2021-09-23 23:54:33,799] {logging_mixin.py:104} INFO - [2021-09-23 23:54:33,799] {dagbag.py:487} INFO - Filling up the DagBag from /home/airflow/sandbox/lib/python3.8/site-packages/airflow/example_dags/tutorial_etl_dag.py
[2021-09-23 23:54:33,811] {scheduler_job.py:643} INFO - DAG(s) dict_keys(['tutorial_etl_dag']) retrieved from /home/airflow/sandbox/lib/python3.8/site-packages/airflow/example_dags/tutorial_etl_dag.py
[2021-09-23 23:54:33,827] {logging_mixin.py:104} INFO - [2021-09-23 23:54:33,827] {dag.py:1832} INFO - Sync 1 DAGs
[2021-09-23 23:54:33,838] {logging_mixin.py:104} INFO - [2021-09-23 23:54:33,837] {dag.py:2305} INFO - Setting next_dagrun for tutorial_etl_dag to None
[2021-09-23 23:54:33,857] {scheduler_job.py:190} INFO - Processing /home/airflow/sandbox/lib/python3.8/site-packages/airflow/example_dags/tutorial_etl_dag.py took 0.062 seconds
[2021-09-23 23:55:06,061] {scheduler_job.py:182} INFO - Started process (PID=10070) to work on /home/airflow/sandbox/lib/python3.8/site-packages/airflow/example_dags/tutorial_etl_dag.py
[2021-09-23 23:55:06,062] {scheduler_job.py:633} INFO - Processing file /home/airflow/sandbox/lib/python3.8/site-packages/airflow/example_dags/tutorial_etl_dag.py for tasks to queue
[2021-09-23 23:55:06,063] {logging_mixin.py:104} INFO - [2021-09-23 23:55:06,063] {dagbag.py:487} INFO - Filling up the DagBag from /home/airflow/sandbox/lib/python3.8/site-packages/airflow/example_dags/tutorial_etl_dag.py
[2021-09-23 23:55:06,072] {scheduler_job.py:643} INFO - DAG(s) dict_keys(['tutorial_etl_dag']) retrieved from /home/airflow/sandbox/lib/python3.8/site-packages/airflow/example_dags/tutorial_etl_dag.py
[2021-09-23 23:55:06,093] {logging_mixin.py:104} INFO - [2021-09-23 23:55:06,093] {dag.py:1832} INFO - Sync 1 DAGs
[2021-09-23 23:55:06,105] {logging_mixin.py:104} INFO - [2021-09-23 23:55:06,105] {dag.py:2305} INFO - Setting next_dagrun for tutorial_etl_dag to None
[2021-09-23 23:55:06,129] {scheduler_job.py:190} INFO - Processing /home/airflow/sandbox/lib/python3.8/site-packages/airflow/example_dags/tutorial_etl_dag.py took 0.071 seconds
[2021-09-23 23:55:41,429] {scheduler_job.py:182} INFO - Started process (PID=10187) to work on /home/airflow/sandbox/lib/python3.8/site-packages/airflow/example_dags/tutorial_etl_dag.py
[2021-09-23 23:55:41,430] {scheduler_job.py:633} INFO - Processing file /home/airflow/sandbox/lib/python3.8/site-packages/airflow/example_dags/tutorial_etl_dag.py for tasks to queue
[2021-09-23 23:55:41,431] {logging_mixin.py:104} INFO - [2021-09-23 23:55:41,431] {dagbag.py:487} INFO - Filling up the DagBag from /home/airflow/sandbox/lib/python3.8/site-packages/airflow/example_dags/tutorial_etl_dag.py
[2021-09-23 23:55:41,440] {scheduler_job.py:643} INFO - DAG(s) dict_keys(['tutorial_etl_dag']) retrieved from /home/airflow/sandbox/lib/python3.8/site-packages/airflow/example_dags/tutorial_etl_dag.py
[2021-09-23 23:55:41,459] {logging_mixin.py:104} INFO - [2021-09-23 23:55:41,459] {dag.py:1832} INFO - Sync 1 DAGs
[2021-09-23 23:55:41,470] {logging_mixin.py:104} INFO - [2021-09-23 23:55:41,470] {dag.py:2305} INFO - Setting next_dagrun for tutorial_etl_dag to None
[2021-09-23 23:55:41,488] {scheduler_job.py:190} INFO - Processing /home/airflow/sandbox/lib/python3.8/site-packages/airflow/example_dags/tutorial_etl_dag.py took 0.061 seconds
[2021-09-23 23:56:15,037] {scheduler_job.py:182} INFO - Started process (PID=10220) to work on /home/airflow/sandbox/lib/python3.8/site-packages/airflow/example_dags/tutorial_etl_dag.py
[2021-09-23 23:56:15,039] {scheduler_job.py:633} INFO - Processing file /home/airflow/sandbox/lib/python3.8/site-packages/airflow/example_dags/tutorial_etl_dag.py for tasks to queue
[2021-09-23 23:56:15,040] {logging_mixin.py:104} INFO - [2021-09-23 23:56:15,040] {dagbag.py:487} INFO - Filling up the DagBag from /home/airflow/sandbox/lib/python3.8/site-packages/airflow/example_dags/tutorial_etl_dag.py
[2021-09-23 23:56:15,051] {scheduler_job.py:643} INFO - DAG(s) dict_keys(['tutorial_etl_dag']) retrieved from /home/airflow/sandbox/lib/python3.8/site-packages/airflow/example_dags/tutorial_etl_dag.py
[2021-09-23 23:56:15,065] {logging_mixin.py:104} INFO - [2021-09-23 23:56:15,065] {dag.py:1832} INFO - Sync 1 DAGs
[2021-09-23 23:56:15,076] {logging_mixin.py:104} INFO - [2021-09-23 23:56:15,075] {dag.py:2305} INFO - Setting next_dagrun for tutorial_etl_dag to None
[2021-09-23 23:56:15,099] {scheduler_job.py:190} INFO - Processing /home/airflow/sandbox/lib/python3.8/site-packages/airflow/example_dags/tutorial_etl_dag.py took 0.067 seconds
[2021-09-23 23:56:48,882] {scheduler_job.py:182} INFO - Started process (PID=10294) to work on /home/airflow/sandbox/lib/python3.8/site-packages/airflow/example_dags/tutorial_etl_dag.py
[2021-09-23 23:56:48,883] {scheduler_job.py:633} INFO - Processing file /home/airflow/sandbox/lib/python3.8/site-packages/airflow/example_dags/tutorial_etl_dag.py for tasks to queue
[2021-09-23 23:56:48,883] {logging_mixin.py:104} INFO - [2021-09-23 23:56:48,883] {dagbag.py:487} INFO - Filling up the DagBag from /home/airflow/sandbox/lib/python3.8/site-packages/airflow/example_dags/tutorial_etl_dag.py
[2021-09-23 23:56:48,893] {scheduler_job.py:643} INFO - DAG(s) dict_keys(['tutorial_etl_dag']) retrieved from /home/airflow/sandbox/lib/python3.8/site-packages/airflow/example_dags/tutorial_etl_dag.py
[2021-09-23 23:56:48,906] {logging_mixin.py:104} INFO - [2021-09-23 23:56:48,905] {dag.py:1832} INFO - Sync 1 DAGs
[2021-09-23 23:56:48,916] {logging_mixin.py:104} INFO - [2021-09-23 23:56:48,916] {dag.py:2305} INFO - Setting next_dagrun for tutorial_etl_dag to None
[2021-09-23 23:56:48,935] {scheduler_job.py:190} INFO - Processing /home/airflow/sandbox/lib/python3.8/site-packages/airflow/example_dags/tutorial_etl_dag.py took 0.056 seconds
[2021-09-23 23:57:20,170] {scheduler_job.py:182} INFO - Started process (PID=10605) to work on /home/airflow/sandbox/lib/python3.8/site-packages/airflow/example_dags/tutorial_etl_dag.py
[2021-09-23 23:57:20,171] {scheduler_job.py:633} INFO - Processing file /home/airflow/sandbox/lib/python3.8/site-packages/airflow/example_dags/tutorial_etl_dag.py for tasks to queue
[2021-09-23 23:57:20,171] {logging_mixin.py:104} INFO - [2021-09-23 23:57:20,171] {dagbag.py:487} INFO - Filling up the DagBag from /home/airflow/sandbox/lib/python3.8/site-packages/airflow/example_dags/tutorial_etl_dag.py
[2021-09-23 23:57:20,180] {scheduler_job.py:643} INFO - DAG(s) dict_keys(['tutorial_etl_dag']) retrieved from /home/airflow/sandbox/lib/python3.8/site-packages/airflow/example_dags/tutorial_etl_dag.py
[2021-09-23 23:57:20,192] {logging_mixin.py:104} INFO - [2021-09-23 23:57:20,192] {dag.py:1832} INFO - Sync 1 DAGs
[2021-09-23 23:57:20,203] {logging_mixin.py:104} INFO - [2021-09-23 23:57:20,203] {dag.py:2305} INFO - Setting next_dagrun for tutorial_etl_dag to None
[2021-09-23 23:57:20,221] {scheduler_job.py:190} INFO - Processing /home/airflow/sandbox/lib/python3.8/site-packages/airflow/example_dags/tutorial_etl_dag.py took 0.053 seconds
[2021-09-23 23:57:57,966] {scheduler_job.py:182} INFO - Started process (PID=10844) to work on /home/airflow/sandbox/lib/python3.8/site-packages/airflow/example_dags/tutorial_etl_dag.py
[2021-09-23 23:57:57,967] {scheduler_job.py:633} INFO - Processing file /home/airflow/sandbox/lib/python3.8/site-packages/airflow/example_dags/tutorial_etl_dag.py for tasks to queue
[2021-09-23 23:57:57,967] {logging_mixin.py:104} INFO - [2021-09-23 23:57:57,967] {dagbag.py:487} INFO - Filling up the DagBag from /home/airflow/sandbox/lib/python3.8/site-packages/airflow/example_dags/tutorial_etl_dag.py
[2021-09-23 23:57:58,009] {scheduler_job.py:643} INFO - DAG(s) dict_keys(['tutorial_etl_dag']) retrieved from /home/airflow/sandbox/lib/python3.8/site-packages/airflow/example_dags/tutorial_etl_dag.py
[2021-09-23 23:57:58,033] {logging_mixin.py:104} INFO - [2021-09-23 23:57:58,033] {dag.py:1832} INFO - Sync 1 DAGs
[2021-09-23 23:57:58,092] {logging_mixin.py:104} INFO - [2021-09-23 23:57:58,092] {dag.py:2305} INFO - Setting next_dagrun for tutorial_etl_dag to None
[2021-09-23 23:57:58,131] {scheduler_job.py:190} INFO - Processing /home/airflow/sandbox/lib/python3.8/site-packages/airflow/example_dags/tutorial_etl_dag.py took 0.167 seconds
[2021-09-23 23:58:35,265] {scheduler_job.py:182} INFO - Started process (PID=10883) to work on /home/airflow/sandbox/lib/python3.8/site-packages/airflow/example_dags/tutorial_etl_dag.py
[2021-09-23 23:58:35,266] {scheduler_job.py:633} INFO - Processing file /home/airflow/sandbox/lib/python3.8/site-packages/airflow/example_dags/tutorial_etl_dag.py for tasks to queue
[2021-09-23 23:58:35,267] {logging_mixin.py:104} INFO - [2021-09-23 23:58:35,266] {dagbag.py:487} INFO - Filling up the DagBag from /home/airflow/sandbox/lib/python3.8/site-packages/airflow/example_dags/tutorial_etl_dag.py
[2021-09-23 23:58:35,277] {scheduler_job.py:643} INFO - DAG(s) dict_keys(['tutorial_etl_dag']) retrieved from /home/airflow/sandbox/lib/python3.8/site-packages/airflow/example_dags/tutorial_etl_dag.py
[2021-09-23 23:58:35,291] {logging_mixin.py:104} INFO - [2021-09-23 23:58:35,291] {dag.py:1832} INFO - Sync 1 DAGs
[2021-09-23 23:58:35,307] {logging_mixin.py:104} INFO - [2021-09-23 23:58:35,307] {dag.py:2305} INFO - Setting next_dagrun for tutorial_etl_dag to None
[2021-09-23 23:58:35,333] {scheduler_job.py:190} INFO - Processing /home/airflow/sandbox/lib/python3.8/site-packages/airflow/example_dags/tutorial_etl_dag.py took 0.070 seconds
[2021-09-23 23:59:07,849] {scheduler_job.py:182} INFO - Started process (PID=10914) to work on /home/airflow/sandbox/lib/python3.8/site-packages/airflow/example_dags/tutorial_etl_dag.py
[2021-09-23 23:59:07,852] {scheduler_job.py:633} INFO - Processing file /home/airflow/sandbox/lib/python3.8/site-packages/airflow/example_dags/tutorial_etl_dag.py for tasks to queue
[2021-09-23 23:59:07,852] {logging_mixin.py:104} INFO - [2021-09-23 23:59:07,852] {dagbag.py:487} INFO - Filling up the DagBag from /home/airflow/sandbox/lib/python3.8/site-packages/airflow/example_dags/tutorial_etl_dag.py
[2021-09-23 23:59:07,863] {scheduler_job.py:643} INFO - DAG(s) dict_keys(['tutorial_etl_dag']) retrieved from /home/airflow/sandbox/lib/python3.8/site-packages/airflow/example_dags/tutorial_etl_dag.py
[2021-09-23 23:59:07,880] {logging_mixin.py:104} INFO - [2021-09-23 23:59:07,880] {dag.py:1832} INFO - Sync 1 DAGs
[2021-09-23 23:59:07,891] {logging_mixin.py:104} INFO - [2021-09-23 23:59:07,891] {dag.py:2305} INFO - Setting next_dagrun for tutorial_etl_dag to None
[2021-09-23 23:59:07,916] {scheduler_job.py:190} INFO - Processing /home/airflow/sandbox/lib/python3.8/site-packages/airflow/example_dags/tutorial_etl_dag.py took 0.070 seconds
[2021-09-23 23:59:41,877] {scheduler_job.py:182} INFO - Started process (PID=10947) to work on /home/airflow/sandbox/lib/python3.8/site-packages/airflow/example_dags/tutorial_etl_dag.py
[2021-09-23 23:59:41,879] {scheduler_job.py:633} INFO - Processing file /home/airflow/sandbox/lib/python3.8/site-packages/airflow/example_dags/tutorial_etl_dag.py for tasks to queue
[2021-09-23 23:59:41,880] {logging_mixin.py:104} INFO - [2021-09-23 23:59:41,880] {dagbag.py:487} INFO - Filling up the DagBag from /home/airflow/sandbox/lib/python3.8/site-packages/airflow/example_dags/tutorial_etl_dag.py
[2021-09-23 23:59:41,890] {scheduler_job.py:643} INFO - DAG(s) dict_keys(['tutorial_etl_dag']) retrieved from /home/airflow/sandbox/lib/python3.8/site-packages/airflow/example_dags/tutorial_etl_dag.py
[2021-09-23 23:59:41,905] {logging_mixin.py:104} INFO - [2021-09-23 23:59:41,905] {dag.py:1832} INFO - Sync 1 DAGs
[2021-09-23 23:59:41,922] {logging_mixin.py:104} INFO - [2021-09-23 23:59:41,922] {dag.py:2305} INFO - Setting next_dagrun for tutorial_etl_dag to None
[2021-09-23 23:59:41,938] {scheduler_job.py:190} INFO - Processing /home/airflow/sandbox/lib/python3.8/site-packages/airflow/example_dags/tutorial_etl_dag.py took 0.063 seconds
