[2021-09-23 22:51:41,472] {scheduler_job.py:182} INFO - Started process (PID=3433) to work on /home/airflow/sandbox/lib/python3.8/site-packages/airflow/example_dags/tutorial_taskflow_api_etl_virtualenv.py
[2021-09-23 22:51:41,473] {scheduler_job.py:633} INFO - Processing file /home/airflow/sandbox/lib/python3.8/site-packages/airflow/example_dags/tutorial_taskflow_api_etl_virtualenv.py for tasks to queue
[2021-09-23 22:51:41,473] {logging_mixin.py:104} INFO - [2021-09-23 22:51:41,473] {dagbag.py:487} INFO - Filling up the DagBag from /home/airflow/sandbox/lib/python3.8/site-packages/airflow/example_dags/tutorial_taskflow_api_etl_virtualenv.py
[2021-09-23 22:51:41,487] {scheduler_job.py:643} INFO - DAG(s) dict_keys(['tutorial_taskflow_api_etl_virtualenv']) retrieved from /home/airflow/sandbox/lib/python3.8/site-packages/airflow/example_dags/tutorial_taskflow_api_etl_virtualenv.py
[2021-09-23 22:51:41,850] {logging_mixin.py:104} INFO - [2021-09-23 22:51:41,850] {dag.py:1832} INFO - Sync 1 DAGs
[2021-09-23 22:51:41,860] {logging_mixin.py:104} INFO - [2021-09-23 22:51:41,860] {dag.py:2305} INFO - Setting next_dagrun for tutorial_taskflow_api_etl_virtualenv to None
[2021-09-23 22:51:41,880] {scheduler_job.py:190} INFO - Processing /home/airflow/sandbox/lib/python3.8/site-packages/airflow/example_dags/tutorial_taskflow_api_etl_virtualenv.py took 0.410 seconds
[2021-09-23 22:57:40,123] {scheduler_job.py:182} INFO - Started process (PID=5973) to work on /home/airflow/sandbox/lib/python3.8/site-packages/airflow/example_dags/tutorial_taskflow_api_etl_virtualenv.py
[2021-09-23 22:57:40,124] {scheduler_job.py:633} INFO - Processing file /home/airflow/sandbox/lib/python3.8/site-packages/airflow/example_dags/tutorial_taskflow_api_etl_virtualenv.py for tasks to queue
[2021-09-23 22:57:40,125] {logging_mixin.py:104} INFO - [2021-09-23 22:57:40,125] {dagbag.py:487} INFO - Filling up the DagBag from /home/airflow/sandbox/lib/python3.8/site-packages/airflow/example_dags/tutorial_taskflow_api_etl_virtualenv.py
[2021-09-23 22:57:40,141] {scheduler_job.py:643} INFO - DAG(s) dict_keys(['tutorial_taskflow_api_etl_virtualenv']) retrieved from /home/airflow/sandbox/lib/python3.8/site-packages/airflow/example_dags/tutorial_taskflow_api_etl_virtualenv.py
[2021-09-23 22:57:40,524] {logging_mixin.py:104} INFO - [2021-09-23 22:57:40,524] {dag.py:1832} INFO - Sync 1 DAGs
[2021-09-23 22:57:40,535] {logging_mixin.py:104} INFO - [2021-09-23 22:57:40,535] {dag.py:2305} INFO - Setting next_dagrun for tutorial_taskflow_api_etl_virtualenv to None
[2021-09-23 22:57:40,559] {scheduler_job.py:190} INFO - Processing /home/airflow/sandbox/lib/python3.8/site-packages/airflow/example_dags/tutorial_taskflow_api_etl_virtualenv.py took 0.441 seconds
[2021-09-23 22:58:15,489] {scheduler_job.py:182} INFO - Started process (PID=6097) to work on /home/airflow/sandbox/lib/python3.8/site-packages/airflow/example_dags/tutorial_taskflow_api_etl_virtualenv.py
[2021-09-23 22:58:15,490] {scheduler_job.py:633} INFO - Processing file /home/airflow/sandbox/lib/python3.8/site-packages/airflow/example_dags/tutorial_taskflow_api_etl_virtualenv.py for tasks to queue
[2021-09-23 22:58:15,490] {logging_mixin.py:104} INFO - [2021-09-23 22:58:15,490] {dagbag.py:487} INFO - Filling up the DagBag from /home/airflow/sandbox/lib/python3.8/site-packages/airflow/example_dags/tutorial_taskflow_api_etl_virtualenv.py
[2021-09-23 22:58:15,504] {scheduler_job.py:643} INFO - DAG(s) dict_keys(['tutorial_taskflow_api_etl_virtualenv']) retrieved from /home/airflow/sandbox/lib/python3.8/site-packages/airflow/example_dags/tutorial_taskflow_api_etl_virtualenv.py
[2021-09-23 22:58:15,811] {logging_mixin.py:104} INFO - [2021-09-23 22:58:15,811] {dag.py:1832} INFO - Sync 1 DAGs
[2021-09-23 22:58:15,819] {logging_mixin.py:104} INFO - [2021-09-23 22:58:15,819] {dag.py:2305} INFO - Setting next_dagrun for tutorial_taskflow_api_etl_virtualenv to None
[2021-09-23 22:58:15,844] {scheduler_job.py:190} INFO - Processing /home/airflow/sandbox/lib/python3.8/site-packages/airflow/example_dags/tutorial_taskflow_api_etl_virtualenv.py took 0.358 seconds
[2021-09-23 22:58:49,700] {scheduler_job.py:182} INFO - Started process (PID=6129) to work on /home/airflow/sandbox/lib/python3.8/site-packages/airflow/example_dags/tutorial_taskflow_api_etl_virtualenv.py
[2021-09-23 22:58:49,702] {scheduler_job.py:633} INFO - Processing file /home/airflow/sandbox/lib/python3.8/site-packages/airflow/example_dags/tutorial_taskflow_api_etl_virtualenv.py for tasks to queue
[2021-09-23 22:58:49,703] {logging_mixin.py:104} INFO - [2021-09-23 22:58:49,703] {dagbag.py:487} INFO - Filling up the DagBag from /home/airflow/sandbox/lib/python3.8/site-packages/airflow/example_dags/tutorial_taskflow_api_etl_virtualenv.py
[2021-09-23 22:58:49,779] {scheduler_job.py:643} INFO - DAG(s) dict_keys(['tutorial_taskflow_api_etl_virtualenv']) retrieved from /home/airflow/sandbox/lib/python3.8/site-packages/airflow/example_dags/tutorial_taskflow_api_etl_virtualenv.py
[2021-09-23 22:58:50,568] {logging_mixin.py:104} INFO - [2021-09-23 22:58:50,568] {dag.py:1832} INFO - Sync 1 DAGs
[2021-09-23 22:58:50,579] {logging_mixin.py:104} INFO - [2021-09-23 22:58:50,579] {dag.py:2305} INFO - Setting next_dagrun for tutorial_taskflow_api_etl_virtualenv to None
[2021-09-23 22:58:50,604] {scheduler_job.py:190} INFO - Processing /home/airflow/sandbox/lib/python3.8/site-packages/airflow/example_dags/tutorial_taskflow_api_etl_virtualenv.py took 0.910 seconds
[2021-09-23 22:59:24,757] {scheduler_job.py:182} INFO - Started process (PID=6222) to work on /home/airflow/sandbox/lib/python3.8/site-packages/airflow/example_dags/tutorial_taskflow_api_etl_virtualenv.py
[2021-09-23 22:59:24,758] {scheduler_job.py:633} INFO - Processing file /home/airflow/sandbox/lib/python3.8/site-packages/airflow/example_dags/tutorial_taskflow_api_etl_virtualenv.py for tasks to queue
[2021-09-23 22:59:24,759] {logging_mixin.py:104} INFO - [2021-09-23 22:59:24,758] {dagbag.py:487} INFO - Filling up the DagBag from /home/airflow/sandbox/lib/python3.8/site-packages/airflow/example_dags/tutorial_taskflow_api_etl_virtualenv.py
[2021-09-23 22:59:24,774] {scheduler_job.py:643} INFO - DAG(s) dict_keys(['tutorial_taskflow_api_etl_virtualenv']) retrieved from /home/airflow/sandbox/lib/python3.8/site-packages/airflow/example_dags/tutorial_taskflow_api_etl_virtualenv.py
[2021-09-23 22:59:25,101] {logging_mixin.py:104} INFO - [2021-09-23 22:59:25,101] {dag.py:1832} INFO - Sync 1 DAGs
[2021-09-23 22:59:25,112] {logging_mixin.py:104} INFO - [2021-09-23 22:59:25,112] {dag.py:2305} INFO - Setting next_dagrun for tutorial_taskflow_api_etl_virtualenv to None
[2021-09-23 22:59:25,131] {scheduler_job.py:190} INFO - Processing /home/airflow/sandbox/lib/python3.8/site-packages/airflow/example_dags/tutorial_taskflow_api_etl_virtualenv.py took 0.378 seconds
[2021-09-23 22:59:58,669] {scheduler_job.py:182} INFO - Started process (PID=6254) to work on /home/airflow/sandbox/lib/python3.8/site-packages/airflow/example_dags/tutorial_taskflow_api_etl_virtualenv.py
[2021-09-23 22:59:58,670] {scheduler_job.py:633} INFO - Processing file /home/airflow/sandbox/lib/python3.8/site-packages/airflow/example_dags/tutorial_taskflow_api_etl_virtualenv.py for tasks to queue
[2021-09-23 22:59:58,671] {logging_mixin.py:104} INFO - [2021-09-23 22:59:58,671] {dagbag.py:487} INFO - Filling up the DagBag from /home/airflow/sandbox/lib/python3.8/site-packages/airflow/example_dags/tutorial_taskflow_api_etl_virtualenv.py
[2021-09-23 22:59:58,689] {scheduler_job.py:643} INFO - DAG(s) dict_keys(['tutorial_taskflow_api_etl_virtualenv']) retrieved from /home/airflow/sandbox/lib/python3.8/site-packages/airflow/example_dags/tutorial_taskflow_api_etl_virtualenv.py
[2021-09-23 22:59:59,045] {logging_mixin.py:104} INFO - [2021-09-23 22:59:59,045] {dag.py:1832} INFO - Sync 1 DAGs
[2021-09-23 22:59:59,057] {logging_mixin.py:104} INFO - [2021-09-23 22:59:59,057] {dag.py:2305} INFO - Setting next_dagrun for tutorial_taskflow_api_etl_virtualenv to None
[2021-09-23 22:59:59,079] {scheduler_job.py:190} INFO - Processing /home/airflow/sandbox/lib/python3.8/site-packages/airflow/example_dags/tutorial_taskflow_api_etl_virtualenv.py took 0.414 seconds
[2021-09-23 23:00:32,524] {scheduler_job.py:182} INFO - Started process (PID=6328) to work on /home/airflow/sandbox/lib/python3.8/site-packages/airflow/example_dags/tutorial_taskflow_api_etl_virtualenv.py
[2021-09-23 23:00:32,525] {scheduler_job.py:633} INFO - Processing file /home/airflow/sandbox/lib/python3.8/site-packages/airflow/example_dags/tutorial_taskflow_api_etl_virtualenv.py for tasks to queue
[2021-09-23 23:00:32,526] {logging_mixin.py:104} INFO - [2021-09-23 23:00:32,526] {dagbag.py:487} INFO - Filling up the DagBag from /home/airflow/sandbox/lib/python3.8/site-packages/airflow/example_dags/tutorial_taskflow_api_etl_virtualenv.py
[2021-09-23 23:00:32,542] {scheduler_job.py:643} INFO - DAG(s) dict_keys(['tutorial_taskflow_api_etl_virtualenv']) retrieved from /home/airflow/sandbox/lib/python3.8/site-packages/airflow/example_dags/tutorial_taskflow_api_etl_virtualenv.py
[2021-09-23 23:00:32,854] {logging_mixin.py:104} INFO - [2021-09-23 23:00:32,854] {dag.py:1832} INFO - Sync 1 DAGs
[2021-09-23 23:00:32,867] {logging_mixin.py:104} INFO - [2021-09-23 23:00:32,866] {dag.py:2305} INFO - Setting next_dagrun for tutorial_taskflow_api_etl_virtualenv to None
[2021-09-23 23:00:32,893] {scheduler_job.py:190} INFO - Processing /home/airflow/sandbox/lib/python3.8/site-packages/airflow/example_dags/tutorial_taskflow_api_etl_virtualenv.py took 0.371 seconds
[2021-09-23 23:01:08,838] {scheduler_job.py:182} INFO - Started process (PID=6360) to work on /home/airflow/sandbox/lib/python3.8/site-packages/airflow/example_dags/tutorial_taskflow_api_etl_virtualenv.py
[2021-09-23 23:01:08,839] {scheduler_job.py:633} INFO - Processing file /home/airflow/sandbox/lib/python3.8/site-packages/airflow/example_dags/tutorial_taskflow_api_etl_virtualenv.py for tasks to queue
[2021-09-23 23:01:08,841] {logging_mixin.py:104} INFO - [2021-09-23 23:01:08,841] {dagbag.py:487} INFO - Filling up the DagBag from /home/airflow/sandbox/lib/python3.8/site-packages/airflow/example_dags/tutorial_taskflow_api_etl_virtualenv.py
[2021-09-23 23:01:08,856] {scheduler_job.py:643} INFO - DAG(s) dict_keys(['tutorial_taskflow_api_etl_virtualenv']) retrieved from /home/airflow/sandbox/lib/python3.8/site-packages/airflow/example_dags/tutorial_taskflow_api_etl_virtualenv.py
[2021-09-23 23:01:09,272] {logging_mixin.py:104} INFO - [2021-09-23 23:01:09,272] {dag.py:1832} INFO - Sync 1 DAGs
[2021-09-23 23:01:09,285] {logging_mixin.py:104} INFO - [2021-09-23 23:01:09,285] {dag.py:2305} INFO - Setting next_dagrun for tutorial_taskflow_api_etl_virtualenv to None
[2021-09-23 23:01:09,306] {scheduler_job.py:190} INFO - Processing /home/airflow/sandbox/lib/python3.8/site-packages/airflow/example_dags/tutorial_taskflow_api_etl_virtualenv.py took 0.471 seconds
[2021-09-23 23:01:43,618] {scheduler_job.py:182} INFO - Started process (PID=6393) to work on /home/airflow/sandbox/lib/python3.8/site-packages/airflow/example_dags/tutorial_taskflow_api_etl_virtualenv.py
[2021-09-23 23:01:43,619] {scheduler_job.py:633} INFO - Processing file /home/airflow/sandbox/lib/python3.8/site-packages/airflow/example_dags/tutorial_taskflow_api_etl_virtualenv.py for tasks to queue
[2021-09-23 23:01:43,619] {logging_mixin.py:104} INFO - [2021-09-23 23:01:43,619] {dagbag.py:487} INFO - Filling up the DagBag from /home/airflow/sandbox/lib/python3.8/site-packages/airflow/example_dags/tutorial_taskflow_api_etl_virtualenv.py
[2021-09-23 23:01:43,635] {scheduler_job.py:643} INFO - DAG(s) dict_keys(['tutorial_taskflow_api_etl_virtualenv']) retrieved from /home/airflow/sandbox/lib/python3.8/site-packages/airflow/example_dags/tutorial_taskflow_api_etl_virtualenv.py
[2021-09-23 23:01:43,991] {logging_mixin.py:104} INFO - [2021-09-23 23:01:43,991] {dag.py:1832} INFO - Sync 1 DAGs
[2021-09-23 23:01:44,003] {logging_mixin.py:104} INFO - [2021-09-23 23:01:44,003] {dag.py:2305} INFO - Setting next_dagrun for tutorial_taskflow_api_etl_virtualenv to None
[2021-09-23 23:01:44,033] {scheduler_job.py:190} INFO - Processing /home/airflow/sandbox/lib/python3.8/site-packages/airflow/example_dags/tutorial_taskflow_api_etl_virtualenv.py took 0.418 seconds
[2021-09-23 23:02:21,686] {scheduler_job.py:182} INFO - Started process (PID=6536) to work on /home/airflow/sandbox/lib/python3.8/site-packages/airflow/example_dags/tutorial_taskflow_api_etl_virtualenv.py
[2021-09-23 23:02:21,687] {scheduler_job.py:633} INFO - Processing file /home/airflow/sandbox/lib/python3.8/site-packages/airflow/example_dags/tutorial_taskflow_api_etl_virtualenv.py for tasks to queue
[2021-09-23 23:02:21,688] {logging_mixin.py:104} INFO - [2021-09-23 23:02:21,688] {dagbag.py:487} INFO - Filling up the DagBag from /home/airflow/sandbox/lib/python3.8/site-packages/airflow/example_dags/tutorial_taskflow_api_etl_virtualenv.py
[2021-09-23 23:02:21,706] {scheduler_job.py:643} INFO - DAG(s) dict_keys(['tutorial_taskflow_api_etl_virtualenv']) retrieved from /home/airflow/sandbox/lib/python3.8/site-packages/airflow/example_dags/tutorial_taskflow_api_etl_virtualenv.py
[2021-09-23 23:02:22,020] {logging_mixin.py:104} INFO - [2021-09-23 23:02:22,020] {dag.py:1832} INFO - Sync 1 DAGs
[2021-09-23 23:02:22,030] {logging_mixin.py:104} INFO - [2021-09-23 23:02:22,030] {dag.py:2305} INFO - Setting next_dagrun for tutorial_taskflow_api_etl_virtualenv to None
[2021-09-23 23:02:22,054] {scheduler_job.py:190} INFO - Processing /home/airflow/sandbox/lib/python3.8/site-packages/airflow/example_dags/tutorial_taskflow_api_etl_virtualenv.py took 0.370 seconds
[2021-09-23 23:02:55,476] {scheduler_job.py:182} INFO - Started process (PID=6568) to work on /home/airflow/sandbox/lib/python3.8/site-packages/airflow/example_dags/tutorial_taskflow_api_etl_virtualenv.py
[2021-09-23 23:02:55,478] {scheduler_job.py:633} INFO - Processing file /home/airflow/sandbox/lib/python3.8/site-packages/airflow/example_dags/tutorial_taskflow_api_etl_virtualenv.py for tasks to queue
[2021-09-23 23:02:55,479] {logging_mixin.py:104} INFO - [2021-09-23 23:02:55,479] {dagbag.py:487} INFO - Filling up the DagBag from /home/airflow/sandbox/lib/python3.8/site-packages/airflow/example_dags/tutorial_taskflow_api_etl_virtualenv.py
[2021-09-23 23:02:55,498] {scheduler_job.py:643} INFO - DAG(s) dict_keys(['tutorial_taskflow_api_etl_virtualenv']) retrieved from /home/airflow/sandbox/lib/python3.8/site-packages/airflow/example_dags/tutorial_taskflow_api_etl_virtualenv.py
[2021-09-23 23:02:55,836] {logging_mixin.py:104} INFO - [2021-09-23 23:02:55,836] {dag.py:1832} INFO - Sync 1 DAGs
[2021-09-23 23:02:55,851] {logging_mixin.py:104} INFO - [2021-09-23 23:02:55,851] {dag.py:2305} INFO - Setting next_dagrun for tutorial_taskflow_api_etl_virtualenv to None
[2021-09-23 23:02:55,872] {scheduler_job.py:190} INFO - Processing /home/airflow/sandbox/lib/python3.8/site-packages/airflow/example_dags/tutorial_taskflow_api_etl_virtualenv.py took 0.399 seconds
[2021-09-23 23:03:30,571] {scheduler_job.py:182} INFO - Started process (PID=6807) to work on /home/airflow/sandbox/lib/python3.8/site-packages/airflow/example_dags/tutorial_taskflow_api_etl_virtualenv.py
[2021-09-23 23:03:30,572] {scheduler_job.py:633} INFO - Processing file /home/airflow/sandbox/lib/python3.8/site-packages/airflow/example_dags/tutorial_taskflow_api_etl_virtualenv.py for tasks to queue
[2021-09-23 23:03:30,573] {logging_mixin.py:104} INFO - [2021-09-23 23:03:30,573] {dagbag.py:487} INFO - Filling up the DagBag from /home/airflow/sandbox/lib/python3.8/site-packages/airflow/example_dags/tutorial_taskflow_api_etl_virtualenv.py
[2021-09-23 23:03:30,587] {scheduler_job.py:643} INFO - DAG(s) dict_keys(['tutorial_taskflow_api_etl_virtualenv']) retrieved from /home/airflow/sandbox/lib/python3.8/site-packages/airflow/example_dags/tutorial_taskflow_api_etl_virtualenv.py
[2021-09-23 23:03:30,933] {logging_mixin.py:104} INFO - [2021-09-23 23:03:30,933] {dag.py:1832} INFO - Sync 1 DAGs
[2021-09-23 23:03:30,945] {logging_mixin.py:104} INFO - [2021-09-23 23:03:30,945] {dag.py:2305} INFO - Setting next_dagrun for tutorial_taskflow_api_etl_virtualenv to None
[2021-09-23 23:03:30,972] {scheduler_job.py:190} INFO - Processing /home/airflow/sandbox/lib/python3.8/site-packages/airflow/example_dags/tutorial_taskflow_api_etl_virtualenv.py took 0.403 seconds
[2021-09-23 23:04:07,040] {scheduler_job.py:182} INFO - Started process (PID=6902) to work on /home/airflow/sandbox/lib/python3.8/site-packages/airflow/example_dags/tutorial_taskflow_api_etl_virtualenv.py
[2021-09-23 23:04:07,041] {scheduler_job.py:633} INFO - Processing file /home/airflow/sandbox/lib/python3.8/site-packages/airflow/example_dags/tutorial_taskflow_api_etl_virtualenv.py for tasks to queue
[2021-09-23 23:04:07,041] {logging_mixin.py:104} INFO - [2021-09-23 23:04:07,041] {dagbag.py:487} INFO - Filling up the DagBag from /home/airflow/sandbox/lib/python3.8/site-packages/airflow/example_dags/tutorial_taskflow_api_etl_virtualenv.py
[2021-09-23 23:04:07,056] {scheduler_job.py:643} INFO - DAG(s) dict_keys(['tutorial_taskflow_api_etl_virtualenv']) retrieved from /home/airflow/sandbox/lib/python3.8/site-packages/airflow/example_dags/tutorial_taskflow_api_etl_virtualenv.py
[2021-09-23 23:04:07,394] {logging_mixin.py:104} INFO - [2021-09-23 23:04:07,394] {dag.py:1832} INFO - Sync 1 DAGs
[2021-09-23 23:04:07,405] {logging_mixin.py:104} INFO - [2021-09-23 23:04:07,405] {dag.py:2305} INFO - Setting next_dagrun for tutorial_taskflow_api_etl_virtualenv to None
[2021-09-23 23:04:07,424] {scheduler_job.py:190} INFO - Processing /home/airflow/sandbox/lib/python3.8/site-packages/airflow/example_dags/tutorial_taskflow_api_etl_virtualenv.py took 0.390 seconds
[2021-09-23 23:04:41,029] {scheduler_job.py:182} INFO - Started process (PID=6934) to work on /home/airflow/sandbox/lib/python3.8/site-packages/airflow/example_dags/tutorial_taskflow_api_etl_virtualenv.py
[2021-09-23 23:04:41,030] {scheduler_job.py:633} INFO - Processing file /home/airflow/sandbox/lib/python3.8/site-packages/airflow/example_dags/tutorial_taskflow_api_etl_virtualenv.py for tasks to queue
[2021-09-23 23:04:41,030] {logging_mixin.py:104} INFO - [2021-09-23 23:04:41,030] {dagbag.py:487} INFO - Filling up the DagBag from /home/airflow/sandbox/lib/python3.8/site-packages/airflow/example_dags/tutorial_taskflow_api_etl_virtualenv.py
[2021-09-23 23:04:41,047] {scheduler_job.py:643} INFO - DAG(s) dict_keys(['tutorial_taskflow_api_etl_virtualenv']) retrieved from /home/airflow/sandbox/lib/python3.8/site-packages/airflow/example_dags/tutorial_taskflow_api_etl_virtualenv.py
[2021-09-23 23:04:41,061] {logging_mixin.py:104} INFO - [2021-09-23 23:04:41,061] {dag.py:1832} INFO - Sync 1 DAGs
[2021-09-23 23:04:41,071] {logging_mixin.py:104} INFO - [2021-09-23 23:04:41,071] {dag.py:2305} INFO - Setting next_dagrun for tutorial_taskflow_api_etl_virtualenv to None
[2021-09-23 23:04:41,095] {scheduler_job.py:190} INFO - Processing /home/airflow/sandbox/lib/python3.8/site-packages/airflow/example_dags/tutorial_taskflow_api_etl_virtualenv.py took 0.070 seconds
[2021-09-23 23:05:12,932] {scheduler_job.py:182} INFO - Started process (PID=6992) to work on /home/airflow/sandbox/lib/python3.8/site-packages/airflow/example_dags/tutorial_taskflow_api_etl_virtualenv.py
[2021-09-23 23:05:12,933] {scheduler_job.py:633} INFO - Processing file /home/airflow/sandbox/lib/python3.8/site-packages/airflow/example_dags/tutorial_taskflow_api_etl_virtualenv.py for tasks to queue
[2021-09-23 23:05:12,934] {logging_mixin.py:104} INFO - [2021-09-23 23:05:12,934] {dagbag.py:487} INFO - Filling up the DagBag from /home/airflow/sandbox/lib/python3.8/site-packages/airflow/example_dags/tutorial_taskflow_api_etl_virtualenv.py
[2021-09-23 23:05:12,950] {scheduler_job.py:643} INFO - DAG(s) dict_keys(['tutorial_taskflow_api_etl_virtualenv']) retrieved from /home/airflow/sandbox/lib/python3.8/site-packages/airflow/example_dags/tutorial_taskflow_api_etl_virtualenv.py
[2021-09-23 23:05:13,231] {logging_mixin.py:104} INFO - [2021-09-23 23:05:13,231] {dag.py:1832} INFO - Sync 1 DAGs
[2021-09-23 23:05:13,240] {logging_mixin.py:104} INFO - [2021-09-23 23:05:13,240] {dag.py:2305} INFO - Setting next_dagrun for tutorial_taskflow_api_etl_virtualenv to None
[2021-09-23 23:05:13,259] {scheduler_job.py:190} INFO - Processing /home/airflow/sandbox/lib/python3.8/site-packages/airflow/example_dags/tutorial_taskflow_api_etl_virtualenv.py took 0.330 seconds
[2021-09-23 23:05:47,056] {scheduler_job.py:182} INFO - Started process (PID=7066) to work on /home/airflow/sandbox/lib/python3.8/site-packages/airflow/example_dags/tutorial_taskflow_api_etl_virtualenv.py
[2021-09-23 23:05:47,057] {scheduler_job.py:633} INFO - Processing file /home/airflow/sandbox/lib/python3.8/site-packages/airflow/example_dags/tutorial_taskflow_api_etl_virtualenv.py for tasks to queue
[2021-09-23 23:05:47,057] {logging_mixin.py:104} INFO - [2021-09-23 23:05:47,057] {dagbag.py:487} INFO - Filling up the DagBag from /home/airflow/sandbox/lib/python3.8/site-packages/airflow/example_dags/tutorial_taskflow_api_etl_virtualenv.py
[2021-09-23 23:05:47,073] {scheduler_job.py:643} INFO - DAG(s) dict_keys(['tutorial_taskflow_api_etl_virtualenv']) retrieved from /home/airflow/sandbox/lib/python3.8/site-packages/airflow/example_dags/tutorial_taskflow_api_etl_virtualenv.py
[2021-09-23 23:05:47,379] {logging_mixin.py:104} INFO - [2021-09-23 23:05:47,379] {dag.py:1832} INFO - Sync 1 DAGs
[2021-09-23 23:05:47,388] {logging_mixin.py:104} INFO - [2021-09-23 23:05:47,388] {dag.py:2305} INFO - Setting next_dagrun for tutorial_taskflow_api_etl_virtualenv to None
[2021-09-23 23:05:47,411] {scheduler_job.py:190} INFO - Processing /home/airflow/sandbox/lib/python3.8/site-packages/airflow/example_dags/tutorial_taskflow_api_etl_virtualenv.py took 0.358 seconds
[2021-09-23 23:06:24,974] {scheduler_job.py:182} INFO - Started process (PID=7196) to work on /home/airflow/sandbox/lib/python3.8/site-packages/airflow/example_dags/tutorial_taskflow_api_etl_virtualenv.py
[2021-09-23 23:06:24,975] {scheduler_job.py:633} INFO - Processing file /home/airflow/sandbox/lib/python3.8/site-packages/airflow/example_dags/tutorial_taskflow_api_etl_virtualenv.py for tasks to queue
[2021-09-23 23:06:24,976] {logging_mixin.py:104} INFO - [2021-09-23 23:06:24,976] {dagbag.py:487} INFO - Filling up the DagBag from /home/airflow/sandbox/lib/python3.8/site-packages/airflow/example_dags/tutorial_taskflow_api_etl_virtualenv.py
[2021-09-23 23:06:24,990] {scheduler_job.py:643} INFO - DAG(s) dict_keys(['tutorial_taskflow_api_etl_virtualenv']) retrieved from /home/airflow/sandbox/lib/python3.8/site-packages/airflow/example_dags/tutorial_taskflow_api_etl_virtualenv.py
[2021-09-23 23:06:25,619] {logging_mixin.py:104} INFO - [2021-09-23 23:06:25,619] {dag.py:1832} INFO - Sync 1 DAGs
[2021-09-23 23:06:25,640] {logging_mixin.py:104} INFO - [2021-09-23 23:06:25,639] {dag.py:2305} INFO - Setting next_dagrun for tutorial_taskflow_api_etl_virtualenv to None
[2021-09-23 23:06:25,672] {scheduler_job.py:190} INFO - Processing /home/airflow/sandbox/lib/python3.8/site-packages/airflow/example_dags/tutorial_taskflow_api_etl_virtualenv.py took 0.700 seconds
[2021-09-23 23:06:59,039] {scheduler_job.py:182} INFO - Started process (PID=7339) to work on /home/airflow/sandbox/lib/python3.8/site-packages/airflow/example_dags/tutorial_taskflow_api_etl_virtualenv.py
[2021-09-23 23:06:59,040] {scheduler_job.py:633} INFO - Processing file /home/airflow/sandbox/lib/python3.8/site-packages/airflow/example_dags/tutorial_taskflow_api_etl_virtualenv.py for tasks to queue
[2021-09-23 23:06:59,041] {logging_mixin.py:104} INFO - [2021-09-23 23:06:59,041] {dagbag.py:487} INFO - Filling up the DagBag from /home/airflow/sandbox/lib/python3.8/site-packages/airflow/example_dags/tutorial_taskflow_api_etl_virtualenv.py
[2021-09-23 23:06:59,056] {scheduler_job.py:643} INFO - DAG(s) dict_keys(['tutorial_taskflow_api_etl_virtualenv']) retrieved from /home/airflow/sandbox/lib/python3.8/site-packages/airflow/example_dags/tutorial_taskflow_api_etl_virtualenv.py
[2021-09-23 23:06:59,367] {logging_mixin.py:104} INFO - [2021-09-23 23:06:59,367] {dag.py:1832} INFO - Sync 1 DAGs
[2021-09-23 23:06:59,379] {logging_mixin.py:104} INFO - [2021-09-23 23:06:59,379] {dag.py:2305} INFO - Setting next_dagrun for tutorial_taskflow_api_etl_virtualenv to None
[2021-09-23 23:06:59,405] {scheduler_job.py:190} INFO - Processing /home/airflow/sandbox/lib/python3.8/site-packages/airflow/example_dags/tutorial_taskflow_api_etl_virtualenv.py took 0.369 seconds
[2021-09-23 23:07:31,289] {scheduler_job.py:182} INFO - Started process (PID=7371) to work on /home/airflow/sandbox/lib/python3.8/site-packages/airflow/example_dags/tutorial_taskflow_api_etl_virtualenv.py
[2021-09-23 23:07:31,291] {scheduler_job.py:633} INFO - Processing file /home/airflow/sandbox/lib/python3.8/site-packages/airflow/example_dags/tutorial_taskflow_api_etl_virtualenv.py for tasks to queue
[2021-09-23 23:07:31,292] {logging_mixin.py:104} INFO - [2021-09-23 23:07:31,292] {dagbag.py:487} INFO - Filling up the DagBag from /home/airflow/sandbox/lib/python3.8/site-packages/airflow/example_dags/tutorial_taskflow_api_etl_virtualenv.py
[2021-09-23 23:07:31,307] {scheduler_job.py:643} INFO - DAG(s) dict_keys(['tutorial_taskflow_api_etl_virtualenv']) retrieved from /home/airflow/sandbox/lib/python3.8/site-packages/airflow/example_dags/tutorial_taskflow_api_etl_virtualenv.py
[2021-09-23 23:07:31,602] {logging_mixin.py:104} INFO - [2021-09-23 23:07:31,602] {dag.py:1832} INFO - Sync 1 DAGs
[2021-09-23 23:07:31,609] {logging_mixin.py:104} INFO - [2021-09-23 23:07:31,609] {dag.py:2305} INFO - Setting next_dagrun for tutorial_taskflow_api_etl_virtualenv to None
[2021-09-23 23:07:31,626] {scheduler_job.py:190} INFO - Processing /home/airflow/sandbox/lib/python3.8/site-packages/airflow/example_dags/tutorial_taskflow_api_etl_virtualenv.py took 0.339 seconds
[2021-09-23 23:08:03,190] {scheduler_job.py:182} INFO - Started process (PID=7401) to work on /home/airflow/sandbox/lib/python3.8/site-packages/airflow/example_dags/tutorial_taskflow_api_etl_virtualenv.py
[2021-09-23 23:08:03,191] {scheduler_job.py:633} INFO - Processing file /home/airflow/sandbox/lib/python3.8/site-packages/airflow/example_dags/tutorial_taskflow_api_etl_virtualenv.py for tasks to queue
[2021-09-23 23:08:03,192] {logging_mixin.py:104} INFO - [2021-09-23 23:08:03,192] {dagbag.py:487} INFO - Filling up the DagBag from /home/airflow/sandbox/lib/python3.8/site-packages/airflow/example_dags/tutorial_taskflow_api_etl_virtualenv.py
[2021-09-23 23:08:03,206] {scheduler_job.py:643} INFO - DAG(s) dict_keys(['tutorial_taskflow_api_etl_virtualenv']) retrieved from /home/airflow/sandbox/lib/python3.8/site-packages/airflow/example_dags/tutorial_taskflow_api_etl_virtualenv.py
[2021-09-23 23:08:03,511] {logging_mixin.py:104} INFO - [2021-09-23 23:08:03,511] {dag.py:1832} INFO - Sync 1 DAGs
[2021-09-23 23:08:03,522] {logging_mixin.py:104} INFO - [2021-09-23 23:08:03,522] {dag.py:2305} INFO - Setting next_dagrun for tutorial_taskflow_api_etl_virtualenv to None
[2021-09-23 23:08:03,545] {scheduler_job.py:190} INFO - Processing /home/airflow/sandbox/lib/python3.8/site-packages/airflow/example_dags/tutorial_taskflow_api_etl_virtualenv.py took 0.359 seconds
[2021-09-23 23:08:36,736] {scheduler_job.py:182} INFO - Started process (PID=7465) to work on /home/airflow/sandbox/lib/python3.8/site-packages/airflow/example_dags/tutorial_taskflow_api_etl_virtualenv.py
[2021-09-23 23:08:36,737] {scheduler_job.py:633} INFO - Processing file /home/airflow/sandbox/lib/python3.8/site-packages/airflow/example_dags/tutorial_taskflow_api_etl_virtualenv.py for tasks to queue
[2021-09-23 23:08:36,738] {logging_mixin.py:104} INFO - [2021-09-23 23:08:36,738] {dagbag.py:487} INFO - Filling up the DagBag from /home/airflow/sandbox/lib/python3.8/site-packages/airflow/example_dags/tutorial_taskflow_api_etl_virtualenv.py
[2021-09-23 23:08:36,753] {scheduler_job.py:643} INFO - DAG(s) dict_keys(['tutorial_taskflow_api_etl_virtualenv']) retrieved from /home/airflow/sandbox/lib/python3.8/site-packages/airflow/example_dags/tutorial_taskflow_api_etl_virtualenv.py
[2021-09-23 23:08:37,040] {logging_mixin.py:104} INFO - [2021-09-23 23:08:37,040] {dag.py:1832} INFO - Sync 1 DAGs
[2021-09-23 23:08:37,053] {logging_mixin.py:104} INFO - [2021-09-23 23:08:37,053] {dag.py:2305} INFO - Setting next_dagrun for tutorial_taskflow_api_etl_virtualenv to None
[2021-09-23 23:08:37,079] {scheduler_job.py:190} INFO - Processing /home/airflow/sandbox/lib/python3.8/site-packages/airflow/example_dags/tutorial_taskflow_api_etl_virtualenv.py took 0.345 seconds
[2021-09-23 23:09:11,069] {scheduler_job.py:182} INFO - Started process (PID=7557) to work on /home/airflow/sandbox/lib/python3.8/site-packages/airflow/example_dags/tutorial_taskflow_api_etl_virtualenv.py
[2021-09-23 23:09:11,070] {scheduler_job.py:633} INFO - Processing file /home/airflow/sandbox/lib/python3.8/site-packages/airflow/example_dags/tutorial_taskflow_api_etl_virtualenv.py for tasks to queue
[2021-09-23 23:09:11,070] {logging_mixin.py:104} INFO - [2021-09-23 23:09:11,070] {dagbag.py:487} INFO - Filling up the DagBag from /home/airflow/sandbox/lib/python3.8/site-packages/airflow/example_dags/tutorial_taskflow_api_etl_virtualenv.py
[2021-09-23 23:09:11,089] {scheduler_job.py:643} INFO - DAG(s) dict_keys(['tutorial_taskflow_api_etl_virtualenv']) retrieved from /home/airflow/sandbox/lib/python3.8/site-packages/airflow/example_dags/tutorial_taskflow_api_etl_virtualenv.py
[2021-09-23 23:09:11,435] {logging_mixin.py:104} INFO - [2021-09-23 23:09:11,435] {dag.py:1832} INFO - Sync 1 DAGs
[2021-09-23 23:09:11,444] {logging_mixin.py:104} INFO - [2021-09-23 23:09:11,444] {dag.py:2305} INFO - Setting next_dagrun for tutorial_taskflow_api_etl_virtualenv to None
[2021-09-23 23:09:11,467] {scheduler_job.py:190} INFO - Processing /home/airflow/sandbox/lib/python3.8/site-packages/airflow/example_dags/tutorial_taskflow_api_etl_virtualenv.py took 0.401 seconds
[2021-09-23 23:09:42,593] {scheduler_job.py:182} INFO - Started process (PID=7645) to work on /home/airflow/sandbox/lib/python3.8/site-packages/airflow/example_dags/tutorial_taskflow_api_etl_virtualenv.py
[2021-09-23 23:09:42,594] {scheduler_job.py:633} INFO - Processing file /home/airflow/sandbox/lib/python3.8/site-packages/airflow/example_dags/tutorial_taskflow_api_etl_virtualenv.py for tasks to queue
[2021-09-23 23:09:42,595] {logging_mixin.py:104} INFO - [2021-09-23 23:09:42,595] {dagbag.py:487} INFO - Filling up the DagBag from /home/airflow/sandbox/lib/python3.8/site-packages/airflow/example_dags/tutorial_taskflow_api_etl_virtualenv.py
[2021-09-23 23:09:42,608] {scheduler_job.py:643} INFO - DAG(s) dict_keys(['tutorial_taskflow_api_etl_virtualenv']) retrieved from /home/airflow/sandbox/lib/python3.8/site-packages/airflow/example_dags/tutorial_taskflow_api_etl_virtualenv.py
[2021-09-23 23:09:42,908] {logging_mixin.py:104} INFO - [2021-09-23 23:09:42,907] {dag.py:1832} INFO - Sync 1 DAGs
[2021-09-23 23:09:42,918] {logging_mixin.py:104} INFO - [2021-09-23 23:09:42,918] {dag.py:2305} INFO - Setting next_dagrun for tutorial_taskflow_api_etl_virtualenv to None
[2021-09-23 23:09:42,938] {scheduler_job.py:190} INFO - Processing /home/airflow/sandbox/lib/python3.8/site-packages/airflow/example_dags/tutorial_taskflow_api_etl_virtualenv.py took 0.347 seconds
[2021-09-23 23:10:13,830] {scheduler_job.py:182} INFO - Started process (PID=7679) to work on /home/airflow/sandbox/lib/python3.8/site-packages/airflow/example_dags/tutorial_taskflow_api_etl_virtualenv.py
[2021-09-23 23:10:13,831] {scheduler_job.py:633} INFO - Processing file /home/airflow/sandbox/lib/python3.8/site-packages/airflow/example_dags/tutorial_taskflow_api_etl_virtualenv.py for tasks to queue
[2021-09-23 23:10:13,831] {logging_mixin.py:104} INFO - [2021-09-23 23:10:13,831] {dagbag.py:487} INFO - Filling up the DagBag from /home/airflow/sandbox/lib/python3.8/site-packages/airflow/example_dags/tutorial_taskflow_api_etl_virtualenv.py
[2021-09-23 23:10:13,846] {scheduler_job.py:643} INFO - DAG(s) dict_keys(['tutorial_taskflow_api_etl_virtualenv']) retrieved from /home/airflow/sandbox/lib/python3.8/site-packages/airflow/example_dags/tutorial_taskflow_api_etl_virtualenv.py
[2021-09-23 23:10:14,169] {logging_mixin.py:104} INFO - [2021-09-23 23:10:14,169] {dag.py:1832} INFO - Sync 1 DAGs
[2021-09-23 23:10:14,180] {logging_mixin.py:104} INFO - [2021-09-23 23:10:14,180] {dag.py:2305} INFO - Setting next_dagrun for tutorial_taskflow_api_etl_virtualenv to None
[2021-09-23 23:10:14,206] {scheduler_job.py:190} INFO - Processing /home/airflow/sandbox/lib/python3.8/site-packages/airflow/example_dags/tutorial_taskflow_api_etl_virtualenv.py took 0.378 seconds
[2021-09-23 23:10:46,402] {scheduler_job.py:182} INFO - Started process (PID=7841) to work on /home/airflow/sandbox/lib/python3.8/site-packages/airflow/example_dags/tutorial_taskflow_api_etl_virtualenv.py
[2021-09-23 23:10:46,403] {scheduler_job.py:633} INFO - Processing file /home/airflow/sandbox/lib/python3.8/site-packages/airflow/example_dags/tutorial_taskflow_api_etl_virtualenv.py for tasks to queue
[2021-09-23 23:10:46,404] {logging_mixin.py:104} INFO - [2021-09-23 23:10:46,404] {dagbag.py:487} INFO - Filling up the DagBag from /home/airflow/sandbox/lib/python3.8/site-packages/airflow/example_dags/tutorial_taskflow_api_etl_virtualenv.py
[2021-09-23 23:10:46,417] {scheduler_job.py:643} INFO - DAG(s) dict_keys(['tutorial_taskflow_api_etl_virtualenv']) retrieved from /home/airflow/sandbox/lib/python3.8/site-packages/airflow/example_dags/tutorial_taskflow_api_etl_virtualenv.py
[2021-09-23 23:10:46,703] {logging_mixin.py:104} INFO - [2021-09-23 23:10:46,703] {dag.py:1832} INFO - Sync 1 DAGs
[2021-09-23 23:10:46,710] {logging_mixin.py:104} INFO - [2021-09-23 23:10:46,710] {dag.py:2305} INFO - Setting next_dagrun for tutorial_taskflow_api_etl_virtualenv to None
[2021-09-23 23:10:46,728] {scheduler_job.py:190} INFO - Processing /home/airflow/sandbox/lib/python3.8/site-packages/airflow/example_dags/tutorial_taskflow_api_etl_virtualenv.py took 0.331 seconds
[2021-09-23 23:11:22,860] {scheduler_job.py:182} INFO - Started process (PID=7951) to work on /home/airflow/sandbox/lib/python3.8/site-packages/airflow/example_dags/tutorial_taskflow_api_etl_virtualenv.py
[2021-09-23 23:11:22,861] {scheduler_job.py:633} INFO - Processing file /home/airflow/sandbox/lib/python3.8/site-packages/airflow/example_dags/tutorial_taskflow_api_etl_virtualenv.py for tasks to queue
[2021-09-23 23:11:22,862] {logging_mixin.py:104} INFO - [2021-09-23 23:11:22,862] {dagbag.py:487} INFO - Filling up the DagBag from /home/airflow/sandbox/lib/python3.8/site-packages/airflow/example_dags/tutorial_taskflow_api_etl_virtualenv.py
[2021-09-23 23:11:22,877] {scheduler_job.py:643} INFO - DAG(s) dict_keys(['tutorial_taskflow_api_etl_virtualenv']) retrieved from /home/airflow/sandbox/lib/python3.8/site-packages/airflow/example_dags/tutorial_taskflow_api_etl_virtualenv.py
[2021-09-23 23:11:23,168] {logging_mixin.py:104} INFO - [2021-09-23 23:11:23,167] {dag.py:1832} INFO - Sync 1 DAGs
[2021-09-23 23:11:23,179] {logging_mixin.py:104} INFO - [2021-09-23 23:11:23,178] {dag.py:2305} INFO - Setting next_dagrun for tutorial_taskflow_api_etl_virtualenv to None
[2021-09-23 23:11:23,199] {scheduler_job.py:190} INFO - Processing /home/airflow/sandbox/lib/python3.8/site-packages/airflow/example_dags/tutorial_taskflow_api_etl_virtualenv.py took 0.342 seconds
[2021-09-23 23:11:56,817] {scheduler_job.py:182} INFO - Started process (PID=8100) to work on /home/airflow/sandbox/lib/python3.8/site-packages/airflow/example_dags/tutorial_taskflow_api_etl_virtualenv.py
[2021-09-23 23:11:56,818] {scheduler_job.py:633} INFO - Processing file /home/airflow/sandbox/lib/python3.8/site-packages/airflow/example_dags/tutorial_taskflow_api_etl_virtualenv.py for tasks to queue
[2021-09-23 23:11:56,818] {logging_mixin.py:104} INFO - [2021-09-23 23:11:56,818] {dagbag.py:487} INFO - Filling up the DagBag from /home/airflow/sandbox/lib/python3.8/site-packages/airflow/example_dags/tutorial_taskflow_api_etl_virtualenv.py
[2021-09-23 23:11:56,831] {scheduler_job.py:643} INFO - DAG(s) dict_keys(['tutorial_taskflow_api_etl_virtualenv']) retrieved from /home/airflow/sandbox/lib/python3.8/site-packages/airflow/example_dags/tutorial_taskflow_api_etl_virtualenv.py
[2021-09-23 23:11:57,154] {logging_mixin.py:104} INFO - [2021-09-23 23:11:57,154] {dag.py:1832} INFO - Sync 1 DAGs
[2021-09-23 23:11:57,164] {logging_mixin.py:104} INFO - [2021-09-23 23:11:57,164] {dag.py:2305} INFO - Setting next_dagrun for tutorial_taskflow_api_etl_virtualenv to None
[2021-09-23 23:11:57,185] {scheduler_job.py:190} INFO - Processing /home/airflow/sandbox/lib/python3.8/site-packages/airflow/example_dags/tutorial_taskflow_api_etl_virtualenv.py took 0.371 seconds
[2021-09-23 23:12:33,306] {scheduler_job.py:182} INFO - Started process (PID=8344) to work on /home/airflow/sandbox/lib/python3.8/site-packages/airflow/example_dags/tutorial_taskflow_api_etl_virtualenv.py
[2021-09-23 23:12:33,306] {scheduler_job.py:633} INFO - Processing file /home/airflow/sandbox/lib/python3.8/site-packages/airflow/example_dags/tutorial_taskflow_api_etl_virtualenv.py for tasks to queue
[2021-09-23 23:12:33,307] {logging_mixin.py:104} INFO - [2021-09-23 23:12:33,307] {dagbag.py:487} INFO - Filling up the DagBag from /home/airflow/sandbox/lib/python3.8/site-packages/airflow/example_dags/tutorial_taskflow_api_etl_virtualenv.py
[2021-09-23 23:12:33,323] {scheduler_job.py:643} INFO - DAG(s) dict_keys(['tutorial_taskflow_api_etl_virtualenv']) retrieved from /home/airflow/sandbox/lib/python3.8/site-packages/airflow/example_dags/tutorial_taskflow_api_etl_virtualenv.py
[2021-09-23 23:12:33,625] {logging_mixin.py:104} INFO - [2021-09-23 23:12:33,625] {dag.py:1832} INFO - Sync 1 DAGs
[2021-09-23 23:12:33,636] {logging_mixin.py:104} INFO - [2021-09-23 23:12:33,636] {dag.py:2305} INFO - Setting next_dagrun for tutorial_taskflow_api_etl_virtualenv to None
[2021-09-23 23:12:33,656] {scheduler_job.py:190} INFO - Processing /home/airflow/sandbox/lib/python3.8/site-packages/airflow/example_dags/tutorial_taskflow_api_etl_virtualenv.py took 0.353 seconds
[2021-09-23 23:13:06,033] {scheduler_job.py:182} INFO - Started process (PID=8405) to work on /home/airflow/sandbox/lib/python3.8/site-packages/airflow/example_dags/tutorial_taskflow_api_etl_virtualenv.py
[2021-09-23 23:13:06,034] {scheduler_job.py:633} INFO - Processing file /home/airflow/sandbox/lib/python3.8/site-packages/airflow/example_dags/tutorial_taskflow_api_etl_virtualenv.py for tasks to queue
[2021-09-23 23:13:06,035] {logging_mixin.py:104} INFO - [2021-09-23 23:13:06,035] {dagbag.py:487} INFO - Filling up the DagBag from /home/airflow/sandbox/lib/python3.8/site-packages/airflow/example_dags/tutorial_taskflow_api_etl_virtualenv.py
[2021-09-23 23:13:06,049] {scheduler_job.py:643} INFO - DAG(s) dict_keys(['tutorial_taskflow_api_etl_virtualenv']) retrieved from /home/airflow/sandbox/lib/python3.8/site-packages/airflow/example_dags/tutorial_taskflow_api_etl_virtualenv.py
[2021-09-23 23:13:06,354] {logging_mixin.py:104} INFO - [2021-09-23 23:13:06,353] {dag.py:1832} INFO - Sync 1 DAGs
[2021-09-23 23:13:06,367] {logging_mixin.py:104} INFO - [2021-09-23 23:13:06,367] {dag.py:2305} INFO - Setting next_dagrun for tutorial_taskflow_api_etl_virtualenv to None
[2021-09-23 23:13:06,388] {scheduler_job.py:190} INFO - Processing /home/airflow/sandbox/lib/python3.8/site-packages/airflow/example_dags/tutorial_taskflow_api_etl_virtualenv.py took 0.359 seconds
[2021-09-23 23:13:41,733] {scheduler_job.py:182} INFO - Started process (PID=8437) to work on /home/airflow/sandbox/lib/python3.8/site-packages/airflow/example_dags/tutorial_taskflow_api_etl_virtualenv.py
[2021-09-23 23:13:41,734] {scheduler_job.py:633} INFO - Processing file /home/airflow/sandbox/lib/python3.8/site-packages/airflow/example_dags/tutorial_taskflow_api_etl_virtualenv.py for tasks to queue
[2021-09-23 23:13:41,734] {logging_mixin.py:104} INFO - [2021-09-23 23:13:41,734] {dagbag.py:487} INFO - Filling up the DagBag from /home/airflow/sandbox/lib/python3.8/site-packages/airflow/example_dags/tutorial_taskflow_api_etl_virtualenv.py
[2021-09-23 23:13:41,748] {scheduler_job.py:643} INFO - DAG(s) dict_keys(['tutorial_taskflow_api_etl_virtualenv']) retrieved from /home/airflow/sandbox/lib/python3.8/site-packages/airflow/example_dags/tutorial_taskflow_api_etl_virtualenv.py
[2021-09-23 23:13:42,050] {logging_mixin.py:104} INFO - [2021-09-23 23:13:42,050] {dag.py:1832} INFO - Sync 1 DAGs
[2021-09-23 23:13:42,059] {logging_mixin.py:104} INFO - [2021-09-23 23:13:42,059] {dag.py:2305} INFO - Setting next_dagrun for tutorial_taskflow_api_etl_virtualenv to None
[2021-09-23 23:13:42,081] {scheduler_job.py:190} INFO - Processing /home/airflow/sandbox/lib/python3.8/site-packages/airflow/example_dags/tutorial_taskflow_api_etl_virtualenv.py took 0.351 seconds
[2021-09-23 23:14:13,826] {scheduler_job.py:182} INFO - Started process (PID=8467) to work on /home/airflow/sandbox/lib/python3.8/site-packages/airflow/example_dags/tutorial_taskflow_api_etl_virtualenv.py
[2021-09-23 23:14:13,827] {scheduler_job.py:633} INFO - Processing file /home/airflow/sandbox/lib/python3.8/site-packages/airflow/example_dags/tutorial_taskflow_api_etl_virtualenv.py for tasks to queue
[2021-09-23 23:14:13,828] {logging_mixin.py:104} INFO - [2021-09-23 23:14:13,828] {dagbag.py:487} INFO - Filling up the DagBag from /home/airflow/sandbox/lib/python3.8/site-packages/airflow/example_dags/tutorial_taskflow_api_etl_virtualenv.py
[2021-09-23 23:14:13,845] {scheduler_job.py:643} INFO - DAG(s) dict_keys(['tutorial_taskflow_api_etl_virtualenv']) retrieved from /home/airflow/sandbox/lib/python3.8/site-packages/airflow/example_dags/tutorial_taskflow_api_etl_virtualenv.py
[2021-09-23 23:14:14,180] {logging_mixin.py:104} INFO - [2021-09-23 23:14:14,180] {dag.py:1832} INFO - Sync 1 DAGs
[2021-09-23 23:14:14,192] {logging_mixin.py:104} INFO - [2021-09-23 23:14:14,192] {dag.py:2305} INFO - Setting next_dagrun for tutorial_taskflow_api_etl_virtualenv to None
[2021-09-23 23:14:14,215] {scheduler_job.py:190} INFO - Processing /home/airflow/sandbox/lib/python3.8/site-packages/airflow/example_dags/tutorial_taskflow_api_etl_virtualenv.py took 0.391 seconds
[2021-09-23 23:14:45,659] {scheduler_job.py:182} INFO - Started process (PID=8512) to work on /home/airflow/sandbox/lib/python3.8/site-packages/airflow/example_dags/tutorial_taskflow_api_etl_virtualenv.py
[2021-09-23 23:14:45,660] {scheduler_job.py:633} INFO - Processing file /home/airflow/sandbox/lib/python3.8/site-packages/airflow/example_dags/tutorial_taskflow_api_etl_virtualenv.py for tasks to queue
[2021-09-23 23:14:45,661] {logging_mixin.py:104} INFO - [2021-09-23 23:14:45,661] {dagbag.py:487} INFO - Filling up the DagBag from /home/airflow/sandbox/lib/python3.8/site-packages/airflow/example_dags/tutorial_taskflow_api_etl_virtualenv.py
[2021-09-23 23:14:45,679] {scheduler_job.py:643} INFO - DAG(s) dict_keys(['tutorial_taskflow_api_etl_virtualenv']) retrieved from /home/airflow/sandbox/lib/python3.8/site-packages/airflow/example_dags/tutorial_taskflow_api_etl_virtualenv.py
[2021-09-23 23:14:45,694] {logging_mixin.py:104} INFO - [2021-09-23 23:14:45,694] {dag.py:1832} INFO - Sync 1 DAGs
[2021-09-23 23:14:45,709] {logging_mixin.py:104} INFO - [2021-09-23 23:14:45,709] {dag.py:2305} INFO - Setting next_dagrun for tutorial_taskflow_api_etl_virtualenv to None
[2021-09-23 23:14:45,739] {scheduler_job.py:190} INFO - Processing /home/airflow/sandbox/lib/python3.8/site-packages/airflow/example_dags/tutorial_taskflow_api_etl_virtualenv.py took 0.082 seconds
[2021-09-23 23:15:19,084] {scheduler_job.py:182} INFO - Started process (PID=8784) to work on /home/airflow/sandbox/lib/python3.8/site-packages/airflow/example_dags/tutorial_taskflow_api_etl_virtualenv.py
[2021-09-23 23:15:19,084] {scheduler_job.py:633} INFO - Processing file /home/airflow/sandbox/lib/python3.8/site-packages/airflow/example_dags/tutorial_taskflow_api_etl_virtualenv.py for tasks to queue
[2021-09-23 23:15:19,085] {logging_mixin.py:104} INFO - [2021-09-23 23:15:19,085] {dagbag.py:487} INFO - Filling up the DagBag from /home/airflow/sandbox/lib/python3.8/site-packages/airflow/example_dags/tutorial_taskflow_api_etl_virtualenv.py
[2021-09-23 23:15:19,099] {scheduler_job.py:643} INFO - DAG(s) dict_keys(['tutorial_taskflow_api_etl_virtualenv']) retrieved from /home/airflow/sandbox/lib/python3.8/site-packages/airflow/example_dags/tutorial_taskflow_api_etl_virtualenv.py
[2021-09-23 23:15:19,361] {logging_mixin.py:104} INFO - [2021-09-23 23:15:19,361] {dag.py:1832} INFO - Sync 1 DAGs
[2021-09-23 23:15:19,369] {logging_mixin.py:104} INFO - [2021-09-23 23:15:19,369] {dag.py:2305} INFO - Setting next_dagrun for tutorial_taskflow_api_etl_virtualenv to None
[2021-09-23 23:15:19,387] {scheduler_job.py:190} INFO - Processing /home/airflow/sandbox/lib/python3.8/site-packages/airflow/example_dags/tutorial_taskflow_api_etl_virtualenv.py took 0.306 seconds
[2021-09-23 23:15:51,262] {scheduler_job.py:182} INFO - Started process (PID=8958) to work on /home/airflow/sandbox/lib/python3.8/site-packages/airflow/example_dags/tutorial_taskflow_api_etl_virtualenv.py
[2021-09-23 23:15:51,263] {scheduler_job.py:633} INFO - Processing file /home/airflow/sandbox/lib/python3.8/site-packages/airflow/example_dags/tutorial_taskflow_api_etl_virtualenv.py for tasks to queue
[2021-09-23 23:15:51,263] {logging_mixin.py:104} INFO - [2021-09-23 23:15:51,263] {dagbag.py:487} INFO - Filling up the DagBag from /home/airflow/sandbox/lib/python3.8/site-packages/airflow/example_dags/tutorial_taskflow_api_etl_virtualenv.py
[2021-09-23 23:15:51,277] {scheduler_job.py:643} INFO - DAG(s) dict_keys(['tutorial_taskflow_api_etl_virtualenv']) retrieved from /home/airflow/sandbox/lib/python3.8/site-packages/airflow/example_dags/tutorial_taskflow_api_etl_virtualenv.py
[2021-09-23 23:15:51,588] {logging_mixin.py:104} INFO - [2021-09-23 23:15:51,588] {dag.py:1832} INFO - Sync 1 DAGs
[2021-09-23 23:15:51,602] {logging_mixin.py:104} INFO - [2021-09-23 23:15:51,602] {dag.py:2305} INFO - Setting next_dagrun for tutorial_taskflow_api_etl_virtualenv to None
[2021-09-23 23:15:51,622] {scheduler_job.py:190} INFO - Processing /home/airflow/sandbox/lib/python3.8/site-packages/airflow/example_dags/tutorial_taskflow_api_etl_virtualenv.py took 0.365 seconds
[2021-09-23 23:16:23,991] {scheduler_job.py:182} INFO - Started process (PID=9081) to work on /home/airflow/sandbox/lib/python3.8/site-packages/airflow/example_dags/tutorial_taskflow_api_etl_virtualenv.py
[2021-09-23 23:16:23,993] {scheduler_job.py:633} INFO - Processing file /home/airflow/sandbox/lib/python3.8/site-packages/airflow/example_dags/tutorial_taskflow_api_etl_virtualenv.py for tasks to queue
[2021-09-23 23:16:23,994] {logging_mixin.py:104} INFO - [2021-09-23 23:16:23,993] {dagbag.py:487} INFO - Filling up the DagBag from /home/airflow/sandbox/lib/python3.8/site-packages/airflow/example_dags/tutorial_taskflow_api_etl_virtualenv.py
[2021-09-23 23:16:24,012] {scheduler_job.py:643} INFO - DAG(s) dict_keys(['tutorial_taskflow_api_etl_virtualenv']) retrieved from /home/airflow/sandbox/lib/python3.8/site-packages/airflow/example_dags/tutorial_taskflow_api_etl_virtualenv.py
[2021-09-23 23:16:24,365] {logging_mixin.py:104} INFO - [2021-09-23 23:16:24,365] {dag.py:1832} INFO - Sync 1 DAGs
[2021-09-23 23:16:24,377] {logging_mixin.py:104} INFO - [2021-09-23 23:16:24,377] {dag.py:2305} INFO - Setting next_dagrun for tutorial_taskflow_api_etl_virtualenv to None
[2021-09-23 23:16:24,410] {scheduler_job.py:190} INFO - Processing /home/airflow/sandbox/lib/python3.8/site-packages/airflow/example_dags/tutorial_taskflow_api_etl_virtualenv.py took 0.421 seconds
[2021-09-23 23:16:56,550] {scheduler_job.py:182} INFO - Started process (PID=9213) to work on /home/airflow/sandbox/lib/python3.8/site-packages/airflow/example_dags/tutorial_taskflow_api_etl_virtualenv.py
[2021-09-23 23:16:56,551] {scheduler_job.py:633} INFO - Processing file /home/airflow/sandbox/lib/python3.8/site-packages/airflow/example_dags/tutorial_taskflow_api_etl_virtualenv.py for tasks to queue
[2021-09-23 23:16:56,551] {logging_mixin.py:104} INFO - [2021-09-23 23:16:56,551] {dagbag.py:487} INFO - Filling up the DagBag from /home/airflow/sandbox/lib/python3.8/site-packages/airflow/example_dags/tutorial_taskflow_api_etl_virtualenv.py
[2021-09-23 23:16:56,576] {scheduler_job.py:643} INFO - DAG(s) dict_keys(['tutorial_taskflow_api_etl_virtualenv']) retrieved from /home/airflow/sandbox/lib/python3.8/site-packages/airflow/example_dags/tutorial_taskflow_api_etl_virtualenv.py
[2021-09-23 23:16:56,904] {logging_mixin.py:104} INFO - [2021-09-23 23:16:56,904] {dag.py:1832} INFO - Sync 1 DAGs
[2021-09-23 23:16:56,916] {logging_mixin.py:104} INFO - [2021-09-23 23:16:56,916] {dag.py:2305} INFO - Setting next_dagrun for tutorial_taskflow_api_etl_virtualenv to None
[2021-09-23 23:16:56,934] {scheduler_job.py:190} INFO - Processing /home/airflow/sandbox/lib/python3.8/site-packages/airflow/example_dags/tutorial_taskflow_api_etl_virtualenv.py took 0.387 seconds
[2021-09-23 23:43:19,322] {scheduler_job.py:182} INFO - Started process (PID=9309) to work on /home/airflow/sandbox/lib/python3.8/site-packages/airflow/example_dags/tutorial_taskflow_api_etl_virtualenv.py
[2021-09-23 23:43:19,323] {scheduler_job.py:633} INFO - Processing file /home/airflow/sandbox/lib/python3.8/site-packages/airflow/example_dags/tutorial_taskflow_api_etl_virtualenv.py for tasks to queue
[2021-09-23 23:43:19,323] {logging_mixin.py:104} INFO - [2021-09-23 23:43:19,323] {dagbag.py:487} INFO - Filling up the DagBag from /home/airflow/sandbox/lib/python3.8/site-packages/airflow/example_dags/tutorial_taskflow_api_etl_virtualenv.py
[2021-09-23 23:43:19,429] {scheduler_job.py:643} INFO - DAG(s) dict_keys(['tutorial_taskflow_api_etl_virtualenv']) retrieved from /home/airflow/sandbox/lib/python3.8/site-packages/airflow/example_dags/tutorial_taskflow_api_etl_virtualenv.py
[2021-09-23 23:43:21,029] {logging_mixin.py:104} INFO - [2021-09-23 23:43:21,029] {dag.py:1832} INFO - Sync 1 DAGs
[2021-09-23 23:43:21,092] {logging_mixin.py:104} INFO - [2021-09-23 23:43:21,091] {dag.py:2305} INFO - Setting next_dagrun for tutorial_taskflow_api_etl_virtualenv to None
[2021-09-23 23:43:21,195] {scheduler_job.py:190} INFO - Processing /home/airflow/sandbox/lib/python3.8/site-packages/airflow/example_dags/tutorial_taskflow_api_etl_virtualenv.py took 1.875 seconds
[2021-09-23 23:43:56,250] {scheduler_job.py:182} INFO - Started process (PID=9341) to work on /home/airflow/sandbox/lib/python3.8/site-packages/airflow/example_dags/tutorial_taskflow_api_etl_virtualenv.py
[2021-09-23 23:43:56,251] {scheduler_job.py:633} INFO - Processing file /home/airflow/sandbox/lib/python3.8/site-packages/airflow/example_dags/tutorial_taskflow_api_etl_virtualenv.py for tasks to queue
[2021-09-23 23:43:56,251] {logging_mixin.py:104} INFO - [2021-09-23 23:43:56,251] {dagbag.py:487} INFO - Filling up the DagBag from /home/airflow/sandbox/lib/python3.8/site-packages/airflow/example_dags/tutorial_taskflow_api_etl_virtualenv.py
[2021-09-23 23:43:56,266] {scheduler_job.py:643} INFO - DAG(s) dict_keys(['tutorial_taskflow_api_etl_virtualenv']) retrieved from /home/airflow/sandbox/lib/python3.8/site-packages/airflow/example_dags/tutorial_taskflow_api_etl_virtualenv.py
[2021-09-23 23:43:56,606] {logging_mixin.py:104} INFO - [2021-09-23 23:43:56,605] {dag.py:1832} INFO - Sync 1 DAGs
[2021-09-23 23:43:56,618] {logging_mixin.py:104} INFO - [2021-09-23 23:43:56,618] {dag.py:2305} INFO - Setting next_dagrun for tutorial_taskflow_api_etl_virtualenv to None
[2021-09-23 23:43:56,640] {scheduler_job.py:190} INFO - Processing /home/airflow/sandbox/lib/python3.8/site-packages/airflow/example_dags/tutorial_taskflow_api_etl_virtualenv.py took 0.393 seconds
[2021-09-23 23:44:29,839] {scheduler_job.py:182} INFO - Started process (PID=9375) to work on /home/airflow/sandbox/lib/python3.8/site-packages/airflow/example_dags/tutorial_taskflow_api_etl_virtualenv.py
[2021-09-23 23:44:29,840] {scheduler_job.py:633} INFO - Processing file /home/airflow/sandbox/lib/python3.8/site-packages/airflow/example_dags/tutorial_taskflow_api_etl_virtualenv.py for tasks to queue
[2021-09-23 23:44:29,840] {logging_mixin.py:104} INFO - [2021-09-23 23:44:29,840] {dagbag.py:487} INFO - Filling up the DagBag from /home/airflow/sandbox/lib/python3.8/site-packages/airflow/example_dags/tutorial_taskflow_api_etl_virtualenv.py
[2021-09-23 23:44:29,857] {scheduler_job.py:643} INFO - DAG(s) dict_keys(['tutorial_taskflow_api_etl_virtualenv']) retrieved from /home/airflow/sandbox/lib/python3.8/site-packages/airflow/example_dags/tutorial_taskflow_api_etl_virtualenv.py
[2021-09-23 23:44:30,179] {logging_mixin.py:104} INFO - [2021-09-23 23:44:30,179] {dag.py:1832} INFO - Sync 1 DAGs
[2021-09-23 23:44:30,189] {logging_mixin.py:104} INFO - [2021-09-23 23:44:30,189] {dag.py:2305} INFO - Setting next_dagrun for tutorial_taskflow_api_etl_virtualenv to None
[2021-09-23 23:44:30,211] {scheduler_job.py:190} INFO - Processing /home/airflow/sandbox/lib/python3.8/site-packages/airflow/example_dags/tutorial_taskflow_api_etl_virtualenv.py took 0.376 seconds
[2021-09-23 23:45:02,694] {scheduler_job.py:182} INFO - Started process (PID=9405) to work on /home/airflow/sandbox/lib/python3.8/site-packages/airflow/example_dags/tutorial_taskflow_api_etl_virtualenv.py
[2021-09-23 23:45:02,696] {scheduler_job.py:633} INFO - Processing file /home/airflow/sandbox/lib/python3.8/site-packages/airflow/example_dags/tutorial_taskflow_api_etl_virtualenv.py for tasks to queue
[2021-09-23 23:45:02,696] {logging_mixin.py:104} INFO - [2021-09-23 23:45:02,696] {dagbag.py:487} INFO - Filling up the DagBag from /home/airflow/sandbox/lib/python3.8/site-packages/airflow/example_dags/tutorial_taskflow_api_etl_virtualenv.py
[2021-09-23 23:45:02,714] {scheduler_job.py:643} INFO - DAG(s) dict_keys(['tutorial_taskflow_api_etl_virtualenv']) retrieved from /home/airflow/sandbox/lib/python3.8/site-packages/airflow/example_dags/tutorial_taskflow_api_etl_virtualenv.py
[2021-09-23 23:45:02,985] {logging_mixin.py:104} INFO - [2021-09-23 23:45:02,985] {dag.py:1832} INFO - Sync 1 DAGs
[2021-09-23 23:45:02,994] {logging_mixin.py:104} INFO - [2021-09-23 23:45:02,994] {dag.py:2305} INFO - Setting next_dagrun for tutorial_taskflow_api_etl_virtualenv to None
[2021-09-23 23:45:03,015] {scheduler_job.py:190} INFO - Processing /home/airflow/sandbox/lib/python3.8/site-packages/airflow/example_dags/tutorial_taskflow_api_etl_virtualenv.py took 0.325 seconds
[2021-09-23 23:45:35,068] {scheduler_job.py:182} INFO - Started process (PID=9436) to work on /home/airflow/sandbox/lib/python3.8/site-packages/airflow/example_dags/tutorial_taskflow_api_etl_virtualenv.py
[2021-09-23 23:45:35,069] {scheduler_job.py:633} INFO - Processing file /home/airflow/sandbox/lib/python3.8/site-packages/airflow/example_dags/tutorial_taskflow_api_etl_virtualenv.py for tasks to queue
[2021-09-23 23:45:35,069] {logging_mixin.py:104} INFO - [2021-09-23 23:45:35,069] {dagbag.py:487} INFO - Filling up the DagBag from /home/airflow/sandbox/lib/python3.8/site-packages/airflow/example_dags/tutorial_taskflow_api_etl_virtualenv.py
[2021-09-23 23:45:35,082] {scheduler_job.py:643} INFO - DAG(s) dict_keys(['tutorial_taskflow_api_etl_virtualenv']) retrieved from /home/airflow/sandbox/lib/python3.8/site-packages/airflow/example_dags/tutorial_taskflow_api_etl_virtualenv.py
[2021-09-23 23:45:35,385] {logging_mixin.py:104} INFO - [2021-09-23 23:45:35,384] {dag.py:1832} INFO - Sync 1 DAGs
[2021-09-23 23:45:35,402] {logging_mixin.py:104} INFO - [2021-09-23 23:45:35,401] {dag.py:2305} INFO - Setting next_dagrun for tutorial_taskflow_api_etl_virtualenv to None
[2021-09-23 23:45:35,432] {scheduler_job.py:190} INFO - Processing /home/airflow/sandbox/lib/python3.8/site-packages/airflow/example_dags/tutorial_taskflow_api_etl_virtualenv.py took 0.366 seconds
[2021-09-23 23:46:08,039] {scheduler_job.py:182} INFO - Started process (PID=9467) to work on /home/airflow/sandbox/lib/python3.8/site-packages/airflow/example_dags/tutorial_taskflow_api_etl_virtualenv.py
[2021-09-23 23:46:08,040] {scheduler_job.py:633} INFO - Processing file /home/airflow/sandbox/lib/python3.8/site-packages/airflow/example_dags/tutorial_taskflow_api_etl_virtualenv.py for tasks to queue
[2021-09-23 23:46:08,041] {logging_mixin.py:104} INFO - [2021-09-23 23:46:08,040] {dagbag.py:487} INFO - Filling up the DagBag from /home/airflow/sandbox/lib/python3.8/site-packages/airflow/example_dags/tutorial_taskflow_api_etl_virtualenv.py
[2021-09-23 23:46:08,054] {scheduler_job.py:643} INFO - DAG(s) dict_keys(['tutorial_taskflow_api_etl_virtualenv']) retrieved from /home/airflow/sandbox/lib/python3.8/site-packages/airflow/example_dags/tutorial_taskflow_api_etl_virtualenv.py
[2021-09-23 23:46:08,339] {logging_mixin.py:104} INFO - [2021-09-23 23:46:08,339] {dag.py:1832} INFO - Sync 1 DAGs
[2021-09-23 23:46:08,348] {logging_mixin.py:104} INFO - [2021-09-23 23:46:08,347] {dag.py:2305} INFO - Setting next_dagrun for tutorial_taskflow_api_etl_virtualenv to None
[2021-09-23 23:46:08,369] {scheduler_job.py:190} INFO - Processing /home/airflow/sandbox/lib/python3.8/site-packages/airflow/example_dags/tutorial_taskflow_api_etl_virtualenv.py took 0.333 seconds
[2021-09-23 23:46:41,744] {scheduler_job.py:182} INFO - Started process (PID=9543) to work on /home/airflow/sandbox/lib/python3.8/site-packages/airflow/example_dags/tutorial_taskflow_api_etl_virtualenv.py
[2021-09-23 23:46:41,745] {scheduler_job.py:633} INFO - Processing file /home/airflow/sandbox/lib/python3.8/site-packages/airflow/example_dags/tutorial_taskflow_api_etl_virtualenv.py for tasks to queue
[2021-09-23 23:46:41,746] {logging_mixin.py:104} INFO - [2021-09-23 23:46:41,746] {dagbag.py:487} INFO - Filling up the DagBag from /home/airflow/sandbox/lib/python3.8/site-packages/airflow/example_dags/tutorial_taskflow_api_etl_virtualenv.py
[2021-09-23 23:46:41,760] {scheduler_job.py:643} INFO - DAG(s) dict_keys(['tutorial_taskflow_api_etl_virtualenv']) retrieved from /home/airflow/sandbox/lib/python3.8/site-packages/airflow/example_dags/tutorial_taskflow_api_etl_virtualenv.py
[2021-09-23 23:46:42,059] {logging_mixin.py:104} INFO - [2021-09-23 23:46:42,059] {dag.py:1832} INFO - Sync 1 DAGs
[2021-09-23 23:46:42,071] {logging_mixin.py:104} INFO - [2021-09-23 23:46:42,071] {dag.py:2305} INFO - Setting next_dagrun for tutorial_taskflow_api_etl_virtualenv to None
[2021-09-23 23:46:42,096] {scheduler_job.py:190} INFO - Processing /home/airflow/sandbox/lib/python3.8/site-packages/airflow/example_dags/tutorial_taskflow_api_etl_virtualenv.py took 0.354 seconds
[2021-09-23 23:47:15,762] {scheduler_job.py:182} INFO - Started process (PID=9575) to work on /home/airflow/sandbox/lib/python3.8/site-packages/airflow/example_dags/tutorial_taskflow_api_etl_virtualenv.py
[2021-09-23 23:47:15,763] {scheduler_job.py:633} INFO - Processing file /home/airflow/sandbox/lib/python3.8/site-packages/airflow/example_dags/tutorial_taskflow_api_etl_virtualenv.py for tasks to queue
[2021-09-23 23:47:15,763] {logging_mixin.py:104} INFO - [2021-09-23 23:47:15,763] {dagbag.py:487} INFO - Filling up the DagBag from /home/airflow/sandbox/lib/python3.8/site-packages/airflow/example_dags/tutorial_taskflow_api_etl_virtualenv.py
[2021-09-23 23:47:15,779] {scheduler_job.py:643} INFO - DAG(s) dict_keys(['tutorial_taskflow_api_etl_virtualenv']) retrieved from /home/airflow/sandbox/lib/python3.8/site-packages/airflow/example_dags/tutorial_taskflow_api_etl_virtualenv.py
[2021-09-23 23:47:16,065] {logging_mixin.py:104} INFO - [2021-09-23 23:47:16,065] {dag.py:1832} INFO - Sync 1 DAGs
[2021-09-23 23:47:16,077] {logging_mixin.py:104} INFO - [2021-09-23 23:47:16,077] {dag.py:2305} INFO - Setting next_dagrun for tutorial_taskflow_api_etl_virtualenv to None
[2021-09-23 23:47:16,101] {scheduler_job.py:190} INFO - Processing /home/airflow/sandbox/lib/python3.8/site-packages/airflow/example_dags/tutorial_taskflow_api_etl_virtualenv.py took 0.341 seconds
[2021-09-23 23:47:48,465] {scheduler_job.py:182} INFO - Started process (PID=9608) to work on /home/airflow/sandbox/lib/python3.8/site-packages/airflow/example_dags/tutorial_taskflow_api_etl_virtualenv.py
[2021-09-23 23:47:48,466] {scheduler_job.py:633} INFO - Processing file /home/airflow/sandbox/lib/python3.8/site-packages/airflow/example_dags/tutorial_taskflow_api_etl_virtualenv.py for tasks to queue
[2021-09-23 23:47:48,467] {logging_mixin.py:104} INFO - [2021-09-23 23:47:48,467] {dagbag.py:487} INFO - Filling up the DagBag from /home/airflow/sandbox/lib/python3.8/site-packages/airflow/example_dags/tutorial_taskflow_api_etl_virtualenv.py
[2021-09-23 23:47:48,482] {scheduler_job.py:643} INFO - DAG(s) dict_keys(['tutorial_taskflow_api_etl_virtualenv']) retrieved from /home/airflow/sandbox/lib/python3.8/site-packages/airflow/example_dags/tutorial_taskflow_api_etl_virtualenv.py
[2021-09-23 23:47:48,785] {logging_mixin.py:104} INFO - [2021-09-23 23:47:48,785] {dag.py:1832} INFO - Sync 1 DAGs
[2021-09-23 23:47:48,797] {logging_mixin.py:104} INFO - [2021-09-23 23:47:48,796] {dag.py:2305} INFO - Setting next_dagrun for tutorial_taskflow_api_etl_virtualenv to None
[2021-09-23 23:47:48,824] {scheduler_job.py:190} INFO - Processing /home/airflow/sandbox/lib/python3.8/site-packages/airflow/example_dags/tutorial_taskflow_api_etl_virtualenv.py took 0.363 seconds
[2021-09-23 23:48:21,997] {scheduler_job.py:182} INFO - Started process (PID=9640) to work on /home/airflow/sandbox/lib/python3.8/site-packages/airflow/example_dags/tutorial_taskflow_api_etl_virtualenv.py
[2021-09-23 23:48:21,998] {scheduler_job.py:633} INFO - Processing file /home/airflow/sandbox/lib/python3.8/site-packages/airflow/example_dags/tutorial_taskflow_api_etl_virtualenv.py for tasks to queue
[2021-09-23 23:48:21,999] {logging_mixin.py:104} INFO - [2021-09-23 23:48:21,999] {dagbag.py:487} INFO - Filling up the DagBag from /home/airflow/sandbox/lib/python3.8/site-packages/airflow/example_dags/tutorial_taskflow_api_etl_virtualenv.py
[2021-09-23 23:48:22,012] {scheduler_job.py:643} INFO - DAG(s) dict_keys(['tutorial_taskflow_api_etl_virtualenv']) retrieved from /home/airflow/sandbox/lib/python3.8/site-packages/airflow/example_dags/tutorial_taskflow_api_etl_virtualenv.py
[2021-09-23 23:48:22,301] {logging_mixin.py:104} INFO - [2021-09-23 23:48:22,301] {dag.py:1832} INFO - Sync 1 DAGs
[2021-09-23 23:48:22,313] {logging_mixin.py:104} INFO - [2021-09-23 23:48:22,313] {dag.py:2305} INFO - Setting next_dagrun for tutorial_taskflow_api_etl_virtualenv to None
[2021-09-23 23:48:22,334] {scheduler_job.py:190} INFO - Processing /home/airflow/sandbox/lib/python3.8/site-packages/airflow/example_dags/tutorial_taskflow_api_etl_virtualenv.py took 0.340 seconds
[2021-09-23 23:48:57,050] {scheduler_job.py:182} INFO - Started process (PID=9672) to work on /home/airflow/sandbox/lib/python3.8/site-packages/airflow/example_dags/tutorial_taskflow_api_etl_virtualenv.py
[2021-09-23 23:48:57,050] {scheduler_job.py:633} INFO - Processing file /home/airflow/sandbox/lib/python3.8/site-packages/airflow/example_dags/tutorial_taskflow_api_etl_virtualenv.py for tasks to queue
[2021-09-23 23:48:57,051] {logging_mixin.py:104} INFO - [2021-09-23 23:48:57,051] {dagbag.py:487} INFO - Filling up the DagBag from /home/airflow/sandbox/lib/python3.8/site-packages/airflow/example_dags/tutorial_taskflow_api_etl_virtualenv.py
[2021-09-23 23:48:57,065] {scheduler_job.py:643} INFO - DAG(s) dict_keys(['tutorial_taskflow_api_etl_virtualenv']) retrieved from /home/airflow/sandbox/lib/python3.8/site-packages/airflow/example_dags/tutorial_taskflow_api_etl_virtualenv.py
[2021-09-23 23:48:57,436] {logging_mixin.py:104} INFO - [2021-09-23 23:48:57,436] {dag.py:1832} INFO - Sync 1 DAGs
[2021-09-23 23:48:57,450] {logging_mixin.py:104} INFO - [2021-09-23 23:48:57,450] {dag.py:2305} INFO - Setting next_dagrun for tutorial_taskflow_api_etl_virtualenv to None
[2021-09-23 23:48:57,471] {scheduler_job.py:190} INFO - Processing /home/airflow/sandbox/lib/python3.8/site-packages/airflow/example_dags/tutorial_taskflow_api_etl_virtualenv.py took 0.424 seconds
[2021-09-23 23:49:30,437] {scheduler_job.py:182} INFO - Started process (PID=9703) to work on /home/airflow/sandbox/lib/python3.8/site-packages/airflow/example_dags/tutorial_taskflow_api_etl_virtualenv.py
[2021-09-23 23:49:30,438] {scheduler_job.py:633} INFO - Processing file /home/airflow/sandbox/lib/python3.8/site-packages/airflow/example_dags/tutorial_taskflow_api_etl_virtualenv.py for tasks to queue
[2021-09-23 23:49:30,439] {logging_mixin.py:104} INFO - [2021-09-23 23:49:30,439] {dagbag.py:487} INFO - Filling up the DagBag from /home/airflow/sandbox/lib/python3.8/site-packages/airflow/example_dags/tutorial_taskflow_api_etl_virtualenv.py
[2021-09-23 23:49:30,457] {scheduler_job.py:643} INFO - DAG(s) dict_keys(['tutorial_taskflow_api_etl_virtualenv']) retrieved from /home/airflow/sandbox/lib/python3.8/site-packages/airflow/example_dags/tutorial_taskflow_api_etl_virtualenv.py
[2021-09-23 23:49:30,798] {logging_mixin.py:104} INFO - [2021-09-23 23:49:30,798] {dag.py:1832} INFO - Sync 1 DAGs
[2021-09-23 23:49:30,811] {logging_mixin.py:104} INFO - [2021-09-23 23:49:30,811] {dag.py:2305} INFO - Setting next_dagrun for tutorial_taskflow_api_etl_virtualenv to None
[2021-09-23 23:49:30,832] {scheduler_job.py:190} INFO - Processing /home/airflow/sandbox/lib/python3.8/site-packages/airflow/example_dags/tutorial_taskflow_api_etl_virtualenv.py took 0.398 seconds
[2021-09-23 23:50:03,976] {scheduler_job.py:182} INFO - Started process (PID=9737) to work on /home/airflow/sandbox/lib/python3.8/site-packages/airflow/example_dags/tutorial_taskflow_api_etl_virtualenv.py
[2021-09-23 23:50:03,977] {scheduler_job.py:633} INFO - Processing file /home/airflow/sandbox/lib/python3.8/site-packages/airflow/example_dags/tutorial_taskflow_api_etl_virtualenv.py for tasks to queue
[2021-09-23 23:50:03,978] {logging_mixin.py:104} INFO - [2021-09-23 23:50:03,978] {dagbag.py:487} INFO - Filling up the DagBag from /home/airflow/sandbox/lib/python3.8/site-packages/airflow/example_dags/tutorial_taskflow_api_etl_virtualenv.py
[2021-09-23 23:50:03,994] {scheduler_job.py:643} INFO - DAG(s) dict_keys(['tutorial_taskflow_api_etl_virtualenv']) retrieved from /home/airflow/sandbox/lib/python3.8/site-packages/airflow/example_dags/tutorial_taskflow_api_etl_virtualenv.py
[2021-09-23 23:50:04,302] {logging_mixin.py:104} INFO - [2021-09-23 23:50:04,302] {dag.py:1832} INFO - Sync 1 DAGs
[2021-09-23 23:50:04,311] {logging_mixin.py:104} INFO - [2021-09-23 23:50:04,311] {dag.py:2305} INFO - Setting next_dagrun for tutorial_taskflow_api_etl_virtualenv to None
[2021-09-23 23:50:04,332] {scheduler_job.py:190} INFO - Processing /home/airflow/sandbox/lib/python3.8/site-packages/airflow/example_dags/tutorial_taskflow_api_etl_virtualenv.py took 0.359 seconds
[2021-09-23 23:50:35,949] {scheduler_job.py:182} INFO - Started process (PID=9768) to work on /home/airflow/sandbox/lib/python3.8/site-packages/airflow/example_dags/tutorial_taskflow_api_etl_virtualenv.py
[2021-09-23 23:50:35,951] {scheduler_job.py:633} INFO - Processing file /home/airflow/sandbox/lib/python3.8/site-packages/airflow/example_dags/tutorial_taskflow_api_etl_virtualenv.py for tasks to queue
[2021-09-23 23:50:35,951] {logging_mixin.py:104} INFO - [2021-09-23 23:50:35,951] {dagbag.py:487} INFO - Filling up the DagBag from /home/airflow/sandbox/lib/python3.8/site-packages/airflow/example_dags/tutorial_taskflow_api_etl_virtualenv.py
[2021-09-23 23:50:35,970] {scheduler_job.py:643} INFO - DAG(s) dict_keys(['tutorial_taskflow_api_etl_virtualenv']) retrieved from /home/airflow/sandbox/lib/python3.8/site-packages/airflow/example_dags/tutorial_taskflow_api_etl_virtualenv.py
[2021-09-23 23:50:36,240] {logging_mixin.py:104} INFO - [2021-09-23 23:50:36,240] {dag.py:1832} INFO - Sync 1 DAGs
[2021-09-23 23:50:36,249] {logging_mixin.py:104} INFO - [2021-09-23 23:50:36,249] {dag.py:2305} INFO - Setting next_dagrun for tutorial_taskflow_api_etl_virtualenv to None
[2021-09-23 23:50:36,271] {scheduler_job.py:190} INFO - Processing /home/airflow/sandbox/lib/python3.8/site-packages/airflow/example_dags/tutorial_taskflow_api_etl_virtualenv.py took 0.326 seconds
[2021-09-23 23:51:09,785] {scheduler_job.py:182} INFO - Started process (PID=9800) to work on /home/airflow/sandbox/lib/python3.8/site-packages/airflow/example_dags/tutorial_taskflow_api_etl_virtualenv.py
[2021-09-23 23:51:09,786] {scheduler_job.py:633} INFO - Processing file /home/airflow/sandbox/lib/python3.8/site-packages/airflow/example_dags/tutorial_taskflow_api_etl_virtualenv.py for tasks to queue
[2021-09-23 23:51:09,786] {logging_mixin.py:104} INFO - [2021-09-23 23:51:09,786] {dagbag.py:487} INFO - Filling up the DagBag from /home/airflow/sandbox/lib/python3.8/site-packages/airflow/example_dags/tutorial_taskflow_api_etl_virtualenv.py
[2021-09-23 23:51:09,800] {scheduler_job.py:643} INFO - DAG(s) dict_keys(['tutorial_taskflow_api_etl_virtualenv']) retrieved from /home/airflow/sandbox/lib/python3.8/site-packages/airflow/example_dags/tutorial_taskflow_api_etl_virtualenv.py
[2021-09-23 23:51:10,062] {logging_mixin.py:104} INFO - [2021-09-23 23:51:10,061] {dag.py:1832} INFO - Sync 1 DAGs
[2021-09-23 23:51:10,071] {logging_mixin.py:104} INFO - [2021-09-23 23:51:10,071] {dag.py:2305} INFO - Setting next_dagrun for tutorial_taskflow_api_etl_virtualenv to None
[2021-09-23 23:51:10,093] {scheduler_job.py:190} INFO - Processing /home/airflow/sandbox/lib/python3.8/site-packages/airflow/example_dags/tutorial_taskflow_api_etl_virtualenv.py took 0.311 seconds
[2021-09-23 23:51:44,158] {scheduler_job.py:182} INFO - Started process (PID=9876) to work on /home/airflow/sandbox/lib/python3.8/site-packages/airflow/example_dags/tutorial_taskflow_api_etl_virtualenv.py
[2021-09-23 23:51:44,159] {scheduler_job.py:633} INFO - Processing file /home/airflow/sandbox/lib/python3.8/site-packages/airflow/example_dags/tutorial_taskflow_api_etl_virtualenv.py for tasks to queue
[2021-09-23 23:51:44,160] {logging_mixin.py:104} INFO - [2021-09-23 23:51:44,160] {dagbag.py:487} INFO - Filling up the DagBag from /home/airflow/sandbox/lib/python3.8/site-packages/airflow/example_dags/tutorial_taskflow_api_etl_virtualenv.py
[2021-09-23 23:51:44,174] {scheduler_job.py:643} INFO - DAG(s) dict_keys(['tutorial_taskflow_api_etl_virtualenv']) retrieved from /home/airflow/sandbox/lib/python3.8/site-packages/airflow/example_dags/tutorial_taskflow_api_etl_virtualenv.py
[2021-09-23 23:51:44,467] {logging_mixin.py:104} INFO - [2021-09-23 23:51:44,467] {dag.py:1832} INFO - Sync 1 DAGs
[2021-09-23 23:51:44,476] {logging_mixin.py:104} INFO - [2021-09-23 23:51:44,476] {dag.py:2305} INFO - Setting next_dagrun for tutorial_taskflow_api_etl_virtualenv to None
[2021-09-23 23:51:44,497] {scheduler_job.py:190} INFO - Processing /home/airflow/sandbox/lib/python3.8/site-packages/airflow/example_dags/tutorial_taskflow_api_etl_virtualenv.py took 0.341 seconds
[2021-09-23 23:52:16,017] {scheduler_job.py:182} INFO - Started process (PID=9906) to work on /home/airflow/sandbox/lib/python3.8/site-packages/airflow/example_dags/tutorial_taskflow_api_etl_virtualenv.py
[2021-09-23 23:52:16,018] {scheduler_job.py:633} INFO - Processing file /home/airflow/sandbox/lib/python3.8/site-packages/airflow/example_dags/tutorial_taskflow_api_etl_virtualenv.py for tasks to queue
[2021-09-23 23:52:16,019] {logging_mixin.py:104} INFO - [2021-09-23 23:52:16,018] {dagbag.py:487} INFO - Filling up the DagBag from /home/airflow/sandbox/lib/python3.8/site-packages/airflow/example_dags/tutorial_taskflow_api_etl_virtualenv.py
[2021-09-23 23:52:16,039] {scheduler_job.py:643} INFO - DAG(s) dict_keys(['tutorial_taskflow_api_etl_virtualenv']) retrieved from /home/airflow/sandbox/lib/python3.8/site-packages/airflow/example_dags/tutorial_taskflow_api_etl_virtualenv.py
[2021-09-23 23:52:16,052] {logging_mixin.py:104} INFO - [2021-09-23 23:52:16,052] {dag.py:1832} INFO - Sync 1 DAGs
[2021-09-23 23:52:16,063] {logging_mixin.py:104} INFO - [2021-09-23 23:52:16,063] {dag.py:2305} INFO - Setting next_dagrun for tutorial_taskflow_api_etl_virtualenv to None
[2021-09-23 23:52:16,084] {scheduler_job.py:190} INFO - Processing /home/airflow/sandbox/lib/python3.8/site-packages/airflow/example_dags/tutorial_taskflow_api_etl_virtualenv.py took 0.069 seconds
[2021-09-23 23:52:48,404] {scheduler_job.py:182} INFO - Started process (PID=9939) to work on /home/airflow/sandbox/lib/python3.8/site-packages/airflow/example_dags/tutorial_taskflow_api_etl_virtualenv.py
[2021-09-23 23:52:48,406] {scheduler_job.py:633} INFO - Processing file /home/airflow/sandbox/lib/python3.8/site-packages/airflow/example_dags/tutorial_taskflow_api_etl_virtualenv.py for tasks to queue
[2021-09-23 23:52:48,407] {logging_mixin.py:104} INFO - [2021-09-23 23:52:48,407] {dagbag.py:487} INFO - Filling up the DagBag from /home/airflow/sandbox/lib/python3.8/site-packages/airflow/example_dags/tutorial_taskflow_api_etl_virtualenv.py
[2021-09-23 23:52:48,427] {scheduler_job.py:643} INFO - DAG(s) dict_keys(['tutorial_taskflow_api_etl_virtualenv']) retrieved from /home/airflow/sandbox/lib/python3.8/site-packages/airflow/example_dags/tutorial_taskflow_api_etl_virtualenv.py
[2021-09-23 23:52:48,695] {logging_mixin.py:104} INFO - [2021-09-23 23:52:48,695] {dag.py:1832} INFO - Sync 1 DAGs
[2021-09-23 23:52:48,702] {logging_mixin.py:104} INFO - [2021-09-23 23:52:48,702] {dag.py:2305} INFO - Setting next_dagrun for tutorial_taskflow_api_etl_virtualenv to None
[2021-09-23 23:52:48,723] {scheduler_job.py:190} INFO - Processing /home/airflow/sandbox/lib/python3.8/site-packages/airflow/example_dags/tutorial_taskflow_api_etl_virtualenv.py took 0.323 seconds
[2021-09-23 23:53:21,881] {scheduler_job.py:182} INFO - Started process (PID=9971) to work on /home/airflow/sandbox/lib/python3.8/site-packages/airflow/example_dags/tutorial_taskflow_api_etl_virtualenv.py
[2021-09-23 23:53:21,883] {scheduler_job.py:633} INFO - Processing file /home/airflow/sandbox/lib/python3.8/site-packages/airflow/example_dags/tutorial_taskflow_api_etl_virtualenv.py for tasks to queue
[2021-09-23 23:53:21,884] {logging_mixin.py:104} INFO - [2021-09-23 23:53:21,883] {dagbag.py:487} INFO - Filling up the DagBag from /home/airflow/sandbox/lib/python3.8/site-packages/airflow/example_dags/tutorial_taskflow_api_etl_virtualenv.py
[2021-09-23 23:53:21,897] {scheduler_job.py:643} INFO - DAG(s) dict_keys(['tutorial_taskflow_api_etl_virtualenv']) retrieved from /home/airflow/sandbox/lib/python3.8/site-packages/airflow/example_dags/tutorial_taskflow_api_etl_virtualenv.py
[2021-09-23 23:53:22,146] {logging_mixin.py:104} INFO - [2021-09-23 23:53:22,146] {dag.py:1832} INFO - Sync 1 DAGs
[2021-09-23 23:53:22,156] {logging_mixin.py:104} INFO - [2021-09-23 23:53:22,156] {dag.py:2305} INFO - Setting next_dagrun for tutorial_taskflow_api_etl_virtualenv to None
[2021-09-23 23:53:22,173] {scheduler_job.py:190} INFO - Processing /home/airflow/sandbox/lib/python3.8/site-packages/airflow/example_dags/tutorial_taskflow_api_etl_virtualenv.py took 0.294 seconds
[2021-09-23 23:53:55,779] {scheduler_job.py:182} INFO - Started process (PID=10004) to work on /home/airflow/sandbox/lib/python3.8/site-packages/airflow/example_dags/tutorial_taskflow_api_etl_virtualenv.py
[2021-09-23 23:53:55,779] {scheduler_job.py:633} INFO - Processing file /home/airflow/sandbox/lib/python3.8/site-packages/airflow/example_dags/tutorial_taskflow_api_etl_virtualenv.py for tasks to queue
[2021-09-23 23:53:55,780] {logging_mixin.py:104} INFO - [2021-09-23 23:53:55,780] {dagbag.py:487} INFO - Filling up the DagBag from /home/airflow/sandbox/lib/python3.8/site-packages/airflow/example_dags/tutorial_taskflow_api_etl_virtualenv.py
[2021-09-23 23:53:55,794] {scheduler_job.py:643} INFO - DAG(s) dict_keys(['tutorial_taskflow_api_etl_virtualenv']) retrieved from /home/airflow/sandbox/lib/python3.8/site-packages/airflow/example_dags/tutorial_taskflow_api_etl_virtualenv.py
[2021-09-23 23:53:56,123] {logging_mixin.py:104} INFO - [2021-09-23 23:53:56,122] {dag.py:1832} INFO - Sync 1 DAGs
[2021-09-23 23:53:56,132] {logging_mixin.py:104} INFO - [2021-09-23 23:53:56,132] {dag.py:2305} INFO - Setting next_dagrun for tutorial_taskflow_api_etl_virtualenv to None
[2021-09-23 23:53:56,155] {scheduler_job.py:190} INFO - Processing /home/airflow/sandbox/lib/python3.8/site-packages/airflow/example_dags/tutorial_taskflow_api_etl_virtualenv.py took 0.379 seconds
[2021-09-23 23:54:29,798] {scheduler_job.py:182} INFO - Started process (PID=10036) to work on /home/airflow/sandbox/lib/python3.8/site-packages/airflow/example_dags/tutorial_taskflow_api_etl_virtualenv.py
[2021-09-23 23:54:29,799] {scheduler_job.py:633} INFO - Processing file /home/airflow/sandbox/lib/python3.8/site-packages/airflow/example_dags/tutorial_taskflow_api_etl_virtualenv.py for tasks to queue
[2021-09-23 23:54:29,799] {logging_mixin.py:104} INFO - [2021-09-23 23:54:29,799] {dagbag.py:487} INFO - Filling up the DagBag from /home/airflow/sandbox/lib/python3.8/site-packages/airflow/example_dags/tutorial_taskflow_api_etl_virtualenv.py
[2021-09-23 23:54:29,814] {scheduler_job.py:643} INFO - DAG(s) dict_keys(['tutorial_taskflow_api_etl_virtualenv']) retrieved from /home/airflow/sandbox/lib/python3.8/site-packages/airflow/example_dags/tutorial_taskflow_api_etl_virtualenv.py
[2021-09-23 23:54:30,118] {logging_mixin.py:104} INFO - [2021-09-23 23:54:30,118] {dag.py:1832} INFO - Sync 1 DAGs
[2021-09-23 23:54:30,129] {logging_mixin.py:104} INFO - [2021-09-23 23:54:30,129] {dag.py:2305} INFO - Setting next_dagrun for tutorial_taskflow_api_etl_virtualenv to None
[2021-09-23 23:54:30,152] {scheduler_job.py:190} INFO - Processing /home/airflow/sandbox/lib/python3.8/site-packages/airflow/example_dags/tutorial_taskflow_api_etl_virtualenv.py took 0.357 seconds
[2021-09-23 23:55:04,324] {scheduler_job.py:182} INFO - Started process (PID=10068) to work on /home/airflow/sandbox/lib/python3.8/site-packages/airflow/example_dags/tutorial_taskflow_api_etl_virtualenv.py
[2021-09-23 23:55:04,325] {scheduler_job.py:633} INFO - Processing file /home/airflow/sandbox/lib/python3.8/site-packages/airflow/example_dags/tutorial_taskflow_api_etl_virtualenv.py for tasks to queue
[2021-09-23 23:55:04,326] {logging_mixin.py:104} INFO - [2021-09-23 23:55:04,326] {dagbag.py:487} INFO - Filling up the DagBag from /home/airflow/sandbox/lib/python3.8/site-packages/airflow/example_dags/tutorial_taskflow_api_etl_virtualenv.py
[2021-09-23 23:55:04,341] {scheduler_job.py:643} INFO - DAG(s) dict_keys(['tutorial_taskflow_api_etl_virtualenv']) retrieved from /home/airflow/sandbox/lib/python3.8/site-packages/airflow/example_dags/tutorial_taskflow_api_etl_virtualenv.py
[2021-09-23 23:55:04,661] {logging_mixin.py:104} INFO - [2021-09-23 23:55:04,661] {dag.py:1832} INFO - Sync 1 DAGs
[2021-09-23 23:55:04,677] {logging_mixin.py:104} INFO - [2021-09-23 23:55:04,677] {dag.py:2305} INFO - Setting next_dagrun for tutorial_taskflow_api_etl_virtualenv to None
[2021-09-23 23:55:04,700] {scheduler_job.py:190} INFO - Processing /home/airflow/sandbox/lib/python3.8/site-packages/airflow/example_dags/tutorial_taskflow_api_etl_virtualenv.py took 0.379 seconds
[2021-09-23 23:55:35,941] {scheduler_job.py:182} INFO - Started process (PID=10182) to work on /home/airflow/sandbox/lib/python3.8/site-packages/airflow/example_dags/tutorial_taskflow_api_etl_virtualenv.py
[2021-09-23 23:55:35,942] {scheduler_job.py:633} INFO - Processing file /home/airflow/sandbox/lib/python3.8/site-packages/airflow/example_dags/tutorial_taskflow_api_etl_virtualenv.py for tasks to queue
[2021-09-23 23:55:35,943] {logging_mixin.py:104} INFO - [2021-09-23 23:55:35,943] {dagbag.py:487} INFO - Filling up the DagBag from /home/airflow/sandbox/lib/python3.8/site-packages/airflow/example_dags/tutorial_taskflow_api_etl_virtualenv.py
[2021-09-23 23:55:35,958] {scheduler_job.py:643} INFO - DAG(s) dict_keys(['tutorial_taskflow_api_etl_virtualenv']) retrieved from /home/airflow/sandbox/lib/python3.8/site-packages/airflow/example_dags/tutorial_taskflow_api_etl_virtualenv.py
[2021-09-23 23:55:36,249] {logging_mixin.py:104} INFO - [2021-09-23 23:55:36,249] {dag.py:1832} INFO - Sync 1 DAGs
[2021-09-23 23:55:36,256] {logging_mixin.py:104} INFO - [2021-09-23 23:55:36,256] {dag.py:2305} INFO - Setting next_dagrun for tutorial_taskflow_api_etl_virtualenv to None
[2021-09-23 23:55:36,279] {scheduler_job.py:190} INFO - Processing /home/airflow/sandbox/lib/python3.8/site-packages/airflow/example_dags/tutorial_taskflow_api_etl_virtualenv.py took 0.341 seconds
[2021-09-23 23:56:07,261] {scheduler_job.py:182} INFO - Started process (PID=10212) to work on /home/airflow/sandbox/lib/python3.8/site-packages/airflow/example_dags/tutorial_taskflow_api_etl_virtualenv.py
[2021-09-23 23:56:07,262] {scheduler_job.py:633} INFO - Processing file /home/airflow/sandbox/lib/python3.8/site-packages/airflow/example_dags/tutorial_taskflow_api_etl_virtualenv.py for tasks to queue
[2021-09-23 23:56:07,262] {logging_mixin.py:104} INFO - [2021-09-23 23:56:07,262] {dagbag.py:487} INFO - Filling up the DagBag from /home/airflow/sandbox/lib/python3.8/site-packages/airflow/example_dags/tutorial_taskflow_api_etl_virtualenv.py
[2021-09-23 23:56:07,277] {scheduler_job.py:643} INFO - DAG(s) dict_keys(['tutorial_taskflow_api_etl_virtualenv']) retrieved from /home/airflow/sandbox/lib/python3.8/site-packages/airflow/example_dags/tutorial_taskflow_api_etl_virtualenv.py
[2021-09-23 23:56:07,593] {logging_mixin.py:104} INFO - [2021-09-23 23:56:07,593] {dag.py:1832} INFO - Sync 1 DAGs
[2021-09-23 23:56:07,602] {logging_mixin.py:104} INFO - [2021-09-23 23:56:07,602] {dag.py:2305} INFO - Setting next_dagrun for tutorial_taskflow_api_etl_virtualenv to None
[2021-09-23 23:56:07,623] {scheduler_job.py:190} INFO - Processing /home/airflow/sandbox/lib/python3.8/site-packages/airflow/example_dags/tutorial_taskflow_api_etl_virtualenv.py took 0.364 seconds
[2021-09-23 23:56:38,259] {scheduler_job.py:182} INFO - Started process (PID=10284) to work on /home/airflow/sandbox/lib/python3.8/site-packages/airflow/example_dags/tutorial_taskflow_api_etl_virtualenv.py
[2021-09-23 23:56:38,260] {scheduler_job.py:633} INFO - Processing file /home/airflow/sandbox/lib/python3.8/site-packages/airflow/example_dags/tutorial_taskflow_api_etl_virtualenv.py for tasks to queue
[2021-09-23 23:56:38,261] {logging_mixin.py:104} INFO - [2021-09-23 23:56:38,261] {dagbag.py:487} INFO - Filling up the DagBag from /home/airflow/sandbox/lib/python3.8/site-packages/airflow/example_dags/tutorial_taskflow_api_etl_virtualenv.py
[2021-09-23 23:56:38,276] {scheduler_job.py:643} INFO - DAG(s) dict_keys(['tutorial_taskflow_api_etl_virtualenv']) retrieved from /home/airflow/sandbox/lib/python3.8/site-packages/airflow/example_dags/tutorial_taskflow_api_etl_virtualenv.py
[2021-09-23 23:56:38,581] {logging_mixin.py:104} INFO - [2021-09-23 23:56:38,581] {dag.py:1832} INFO - Sync 1 DAGs
[2021-09-23 23:56:38,591] {logging_mixin.py:104} INFO - [2021-09-23 23:56:38,591] {dag.py:2305} INFO - Setting next_dagrun for tutorial_taskflow_api_etl_virtualenv to None
[2021-09-23 23:56:38,613] {scheduler_job.py:190} INFO - Processing /home/airflow/sandbox/lib/python3.8/site-packages/airflow/example_dags/tutorial_taskflow_api_etl_virtualenv.py took 0.359 seconds
[2021-09-23 23:57:11,012] {scheduler_job.py:182} INFO - Started process (PID=10484) to work on /home/airflow/sandbox/lib/python3.8/site-packages/airflow/example_dags/tutorial_taskflow_api_etl_virtualenv.py
[2021-09-23 23:57:11,013] {scheduler_job.py:633} INFO - Processing file /home/airflow/sandbox/lib/python3.8/site-packages/airflow/example_dags/tutorial_taskflow_api_etl_virtualenv.py for tasks to queue
[2021-09-23 23:57:11,014] {logging_mixin.py:104} INFO - [2021-09-23 23:57:11,014] {dagbag.py:487} INFO - Filling up the DagBag from /home/airflow/sandbox/lib/python3.8/site-packages/airflow/example_dags/tutorial_taskflow_api_etl_virtualenv.py
[2021-09-23 23:57:11,029] {scheduler_job.py:643} INFO - DAG(s) dict_keys(['tutorial_taskflow_api_etl_virtualenv']) retrieved from /home/airflow/sandbox/lib/python3.8/site-packages/airflow/example_dags/tutorial_taskflow_api_etl_virtualenv.py
[2021-09-23 23:57:11,270] {logging_mixin.py:104} INFO - [2021-09-23 23:57:11,270] {dag.py:1832} INFO - Sync 1 DAGs
[2021-09-23 23:57:11,277] {logging_mixin.py:104} INFO - [2021-09-23 23:57:11,277] {dag.py:2305} INFO - Setting next_dagrun for tutorial_taskflow_api_etl_virtualenv to None
[2021-09-23 23:57:11,295] {scheduler_job.py:190} INFO - Processing /home/airflow/sandbox/lib/python3.8/site-packages/airflow/example_dags/tutorial_taskflow_api_etl_virtualenv.py took 0.287 seconds
[2021-09-23 23:57:47,691] {scheduler_job.py:182} INFO - Started process (PID=10760) to work on /home/airflow/sandbox/lib/python3.8/site-packages/airflow/example_dags/tutorial_taskflow_api_etl_virtualenv.py
[2021-09-23 23:57:47,691] {scheduler_job.py:633} INFO - Processing file /home/airflow/sandbox/lib/python3.8/site-packages/airflow/example_dags/tutorial_taskflow_api_etl_virtualenv.py for tasks to queue
[2021-09-23 23:57:47,692] {logging_mixin.py:104} INFO - [2021-09-23 23:57:47,692] {dagbag.py:487} INFO - Filling up the DagBag from /home/airflow/sandbox/lib/python3.8/site-packages/airflow/example_dags/tutorial_taskflow_api_etl_virtualenv.py
[2021-09-23 23:57:47,714] {scheduler_job.py:643} INFO - DAG(s) dict_keys(['tutorial_taskflow_api_etl_virtualenv']) retrieved from /home/airflow/sandbox/lib/python3.8/site-packages/airflow/example_dags/tutorial_taskflow_api_etl_virtualenv.py
[2021-09-23 23:57:48,491] {logging_mixin.py:104} INFO - [2021-09-23 23:57:48,491] {dag.py:1832} INFO - Sync 1 DAGs
[2021-09-23 23:57:48,511] {logging_mixin.py:104} INFO - [2021-09-23 23:57:48,511] {dag.py:2305} INFO - Setting next_dagrun for tutorial_taskflow_api_etl_virtualenv to None
[2021-09-23 23:57:48,550] {scheduler_job.py:190} INFO - Processing /home/airflow/sandbox/lib/python3.8/site-packages/airflow/example_dags/tutorial_taskflow_api_etl_virtualenv.py took 0.873 seconds
[2021-09-23 23:58:22,403] {scheduler_job.py:182} INFO - Started process (PID=10872) to work on /home/airflow/sandbox/lib/python3.8/site-packages/airflow/example_dags/tutorial_taskflow_api_etl_virtualenv.py
[2021-09-23 23:58:22,404] {scheduler_job.py:633} INFO - Processing file /home/airflow/sandbox/lib/python3.8/site-packages/airflow/example_dags/tutorial_taskflow_api_etl_virtualenv.py for tasks to queue
[2021-09-23 23:58:22,405] {logging_mixin.py:104} INFO - [2021-09-23 23:58:22,405] {dagbag.py:487} INFO - Filling up the DagBag from /home/airflow/sandbox/lib/python3.8/site-packages/airflow/example_dags/tutorial_taskflow_api_etl_virtualenv.py
[2021-09-23 23:58:22,427] {scheduler_job.py:643} INFO - DAG(s) dict_keys(['tutorial_taskflow_api_etl_virtualenv']) retrieved from /home/airflow/sandbox/lib/python3.8/site-packages/airflow/example_dags/tutorial_taskflow_api_etl_virtualenv.py
[2021-09-23 23:58:22,762] {logging_mixin.py:104} INFO - [2021-09-23 23:58:22,762] {dag.py:1832} INFO - Sync 1 DAGs
[2021-09-23 23:58:22,778] {logging_mixin.py:104} INFO - [2021-09-23 23:58:22,778] {dag.py:2305} INFO - Setting next_dagrun for tutorial_taskflow_api_etl_virtualenv to None
[2021-09-23 23:58:23,039] {scheduler_job.py:190} INFO - Processing /home/airflow/sandbox/lib/python3.8/site-packages/airflow/example_dags/tutorial_taskflow_api_etl_virtualenv.py took 0.638 seconds
[2021-09-23 23:58:57,529] {scheduler_job.py:182} INFO - Started process (PID=10904) to work on /home/airflow/sandbox/lib/python3.8/site-packages/airflow/example_dags/tutorial_taskflow_api_etl_virtualenv.py
[2021-09-23 23:58:57,531] {scheduler_job.py:633} INFO - Processing file /home/airflow/sandbox/lib/python3.8/site-packages/airflow/example_dags/tutorial_taskflow_api_etl_virtualenv.py for tasks to queue
[2021-09-23 23:58:57,531] {logging_mixin.py:104} INFO - [2021-09-23 23:58:57,531] {dagbag.py:487} INFO - Filling up the DagBag from /home/airflow/sandbox/lib/python3.8/site-packages/airflow/example_dags/tutorial_taskflow_api_etl_virtualenv.py
[2021-09-23 23:58:57,546] {scheduler_job.py:643} INFO - DAG(s) dict_keys(['tutorial_taskflow_api_etl_virtualenv']) retrieved from /home/airflow/sandbox/lib/python3.8/site-packages/airflow/example_dags/tutorial_taskflow_api_etl_virtualenv.py
[2021-09-23 23:58:57,873] {logging_mixin.py:104} INFO - [2021-09-23 23:58:57,873] {dag.py:1832} INFO - Sync 1 DAGs
[2021-09-23 23:58:57,881] {logging_mixin.py:104} INFO - [2021-09-23 23:58:57,881] {dag.py:2305} INFO - Setting next_dagrun for tutorial_taskflow_api_etl_virtualenv to None
[2021-09-23 23:58:57,902] {scheduler_job.py:190} INFO - Processing /home/airflow/sandbox/lib/python3.8/site-packages/airflow/example_dags/tutorial_taskflow_api_etl_virtualenv.py took 0.377 seconds
[2021-09-23 23:59:32,803] {scheduler_job.py:182} INFO - Started process (PID=10938) to work on /home/airflow/sandbox/lib/python3.8/site-packages/airflow/example_dags/tutorial_taskflow_api_etl_virtualenv.py
[2021-09-23 23:59:32,804] {scheduler_job.py:633} INFO - Processing file /home/airflow/sandbox/lib/python3.8/site-packages/airflow/example_dags/tutorial_taskflow_api_etl_virtualenv.py for tasks to queue
[2021-09-23 23:59:32,804] {logging_mixin.py:104} INFO - [2021-09-23 23:59:32,804] {dagbag.py:487} INFO - Filling up the DagBag from /home/airflow/sandbox/lib/python3.8/site-packages/airflow/example_dags/tutorial_taskflow_api_etl_virtualenv.py
[2021-09-23 23:59:32,819] {scheduler_job.py:643} INFO - DAG(s) dict_keys(['tutorial_taskflow_api_etl_virtualenv']) retrieved from /home/airflow/sandbox/lib/python3.8/site-packages/airflow/example_dags/tutorial_taskflow_api_etl_virtualenv.py
[2021-09-23 23:59:33,131] {logging_mixin.py:104} INFO - [2021-09-23 23:59:33,131] {dag.py:1832} INFO - Sync 1 DAGs
[2021-09-23 23:59:33,140] {logging_mixin.py:104} INFO - [2021-09-23 23:59:33,140] {dag.py:2305} INFO - Setting next_dagrun for tutorial_taskflow_api_etl_virtualenv to None
[2021-09-23 23:59:33,157] {scheduler_job.py:190} INFO - Processing /home/airflow/sandbox/lib/python3.8/site-packages/airflow/example_dags/tutorial_taskflow_api_etl_virtualenv.py took 0.357 seconds
