[2021-09-24 00:00:17,269] {taskinstance.py:876} INFO - Dependencies all met for <TaskInstance: user_processing.drop_table 2021-09-23T00:00:00+00:00 [queued]>
[2021-09-24 00:00:17,280] {taskinstance.py:876} INFO - Dependencies all met for <TaskInstance: user_processing.drop_table 2021-09-23T00:00:00+00:00 [queued]>
[2021-09-24 00:00:17,280] {taskinstance.py:1067} INFO - 
--------------------------------------------------------------------------------
[2021-09-24 00:00:17,280] {taskinstance.py:1068} INFO - Starting attempt 1 of 1
[2021-09-24 00:00:17,280] {taskinstance.py:1069} INFO - 
--------------------------------------------------------------------------------
[2021-09-24 00:00:17,307] {taskinstance.py:1087} INFO - Executing <Task(SqliteOperator): drop_table> on 2021-09-23T00:00:00+00:00
[2021-09-24 00:00:17,308] {standard_task_runner.py:52} INFO - Started process 11090 to run task
[2021-09-24 00:00:17,315] {standard_task_runner.py:76} INFO - Running: ['airflow', 'tasks', 'run', 'user_processing', 'drop_table', '2021-09-23T00:00:00+00:00', '--job-id', '209', '--pool', 'default_pool', '--raw', '--subdir', 'DAGS_FOLDER/user_processing.py', '--cfg-path', '/tmp/tmpko3skequ', '--error-file', '/tmp/tmpus6488mg']
[2021-09-24 00:00:17,316] {standard_task_runner.py:77} INFO - Job 209: Subtask drop_table
[2021-09-24 00:00:17,428] {logging_mixin.py:104} INFO - Running <TaskInstance: user_processing.drop_table 2021-09-23T00:00:00+00:00 [running]> on host airflowvm
[2021-09-24 00:00:17,577] {taskinstance.py:1280} INFO - Exporting the following env vars:
AIRFLOW_CTX_DAG_OWNER=airflow
AIRFLOW_CTX_DAG_ID=user_processing
AIRFLOW_CTX_TASK_ID=drop_table
AIRFLOW_CTX_EXECUTION_DATE=2021-09-23T00:00:00+00:00
AIRFLOW_CTX_DAG_RUN_ID=scheduled__2021-09-23T00:00:00+00:00
[2021-09-24 00:00:17,577] {sqlite.py:63} INFO - Executing: 
            DROP TABLE IF EXISTS users ;
        
[2021-09-24 00:00:17,580] {base.py:69} INFO - Using connection to: id: db_sqlite. Host: /home/airflow/airflow/airflow.db, Port: None, Schema: , Login: , Password: None, extra: {}
[2021-09-24 00:00:17,581] {dbapi.py:204} INFO - Running statement: 
            DROP TABLE IF EXISTS users ;
        , parameters: []
[2021-09-24 00:00:17,595] {taskinstance.py:1184} INFO - Marking task as SUCCESS. dag_id=user_processing, task_id=drop_table, execution_date=20210923T000000, start_date=20210924T000017, end_date=20210924T000017
[2021-09-24 00:00:17,616] {taskinstance.py:1245} INFO - 0 downstream tasks scheduled from follow-on schedule check
[2021-09-24 00:00:17,645] {local_task_job.py:151} INFO - Task exited with return code 0
