[2021-09-23 22:56:15,481] {taskinstance.py:876} INFO - Dependencies all met for <TaskInstance: example_bash_operator.runme_0 2021-09-06T00:00:00+00:00 [queued]>
[2021-09-23 22:56:15,490] {taskinstance.py:876} INFO - Dependencies all met for <TaskInstance: example_bash_operator.runme_0 2021-09-06T00:00:00+00:00 [queued]>
[2021-09-23 22:56:15,490] {taskinstance.py:1067} INFO - 
--------------------------------------------------------------------------------
[2021-09-23 22:56:15,490] {taskinstance.py:1068} INFO - Starting attempt 1 of 1
[2021-09-23 22:56:15,490] {taskinstance.py:1069} INFO - 
--------------------------------------------------------------------------------
[2021-09-23 22:56:15,509] {taskinstance.py:1087} INFO - Executing <Task(BashOperator): runme_0> on 2021-09-06T00:00:00+00:00
[2021-09-23 22:56:15,511] {standard_task_runner.py:52} INFO - Started process 5311 to run task
[2021-09-23 22:56:15,517] {standard_task_runner.py:76} INFO - Running: ['airflow', 'tasks', 'run', 'example_bash_operator', 'runme_0', '2021-09-06T00:00:00+00:00', '--job-id', '172', '--pool', 'default_pool', '--raw', '--subdir', '/home/airflow/sandbox/lib/python3.8/site-packages/airflow/example_dags/example_bash_operator.py', '--cfg-path', '/tmp/tmphb88t5eg', '--error-file', '/tmp/tmpk60ikzax']
[2021-09-23 22:56:15,518] {standard_task_runner.py:77} INFO - Job 172: Subtask runme_0
[2021-09-23 22:56:15,586] {logging_mixin.py:104} INFO - Running <TaskInstance: example_bash_operator.runme_0 2021-09-06T00:00:00+00:00 [running]> on host airflowvm
[2021-09-23 22:56:15,669] {taskinstance.py:1280} INFO - Exporting the following env vars:
AIRFLOW_CTX_DAG_OWNER=airflow
AIRFLOW_CTX_DAG_ID=example_bash_operator
AIRFLOW_CTX_TASK_ID=runme_0
AIRFLOW_CTX_EXECUTION_DATE=2021-09-06T00:00:00+00:00
AIRFLOW_CTX_DAG_RUN_ID=scheduled__2021-09-06T00:00:00+00:00
[2021-09-23 22:56:15,670] {subprocess.py:52} INFO - Tmp dir root location: 
 /tmp
[2021-09-23 22:56:15,670] {subprocess.py:63} INFO - Running command: ['bash', '-c', 'echo "example_bash_operator__runme_0__20210906" && sleep 1']
[2021-09-23 22:56:15,676] {subprocess.py:75} INFO - Output:
[2021-09-23 22:56:15,678] {subprocess.py:79} INFO - example_bash_operator__runme_0__20210906
[2021-09-23 22:56:16,682] {subprocess.py:83} INFO - Command exited with return code 0
[2021-09-23 22:56:16,704] {taskinstance.py:1184} INFO - Marking task as SUCCESS. dag_id=example_bash_operator, task_id=runme_0, execution_date=20210906T000000, start_date=20210923T225615, end_date=20210923T225616
[2021-09-23 22:56:16,733] {taskinstance.py:1245} INFO - 0 downstream tasks scheduled from follow-on schedule check
[2021-09-23 22:56:16,737] {local_task_job.py:151} INFO - Task exited with return code 0
