Validating found git in: git
Using git 2.25.1 from git
> git rev-parse --git-dir
Open repository: /home/airflow
> git status -z -u
> git check-ignore -v -z --stdin
> git symbolic-ref --short HEAD
> git for-each-ref --format=%(refname)%00%(upstream:short)%00%(objectname)%00%(upstream:track) refs/heads/main refs/remotes/main
> git for-each-ref --sort -committerdate --format %(refname) %(objectname) %(*objectname)
> git remote --verbose
> git config --get commit.template
> git show --textconv :airflow/dags/user_processing.py
> git ls-files --stage -- /home/airflow/airflow/dags/user_processing.py
> git cat-file -s e69de29bb2d1d6434b8b29ae775ad8c2e48c5391
> git status -z -u
> git symbolic-ref --short HEAD
> git for-each-ref --format=%(refname)%00%(upstream:short)%00%(objectname)%00%(upstream:track) refs/heads/main refs/remotes/main
> git for-each-ref --sort -committerdate --format %(refname) %(objectname) %(*objectname)
> git remote --verbose
> git config --get commit.template
> git status -z -u
> git ls-files --stage -- /home/airflow/airflow/dags/user_processing.py
> git cat-file -s 3377fd36d3c5128d5544e47dfe92423c5fe4cbfe
> git show --textconv :airflow/dags/user_processing.py
> git symbolic-ref --short HEAD
> git for-each-ref --format=%(refname)%00%(upstream:short)%00%(objectname)%00%(upstream:track) refs/heads/main refs/remotes/main
> git for-each-ref --sort -committerdate --format %(refname) %(objectname) %(*objectname)
> git remote --verbose
> git config --get commit.template
> git status -z -u
> git ls-files --stage -- /home/airflow/airflow/dags/user_processing.py
> git cat-file -s 3377fd36d3c5128d5544e47dfe92423c5fe4cbfe
> git symbolic-ref --short HEAD
> git for-each-ref --format=%(refname)%00%(upstream:short)%00%(objectname)%00%(upstream:track) refs/heads/main refs/remotes/main
> git for-each-ref --sort -committerdate --format %(refname) %(objectname) %(*objectname)
> git remote --verbose
> git show --textconv :airflow/dags/user_processing.py
> git config --get commit.template
> git status -z -u
> git ls-files --stage -- /home/airflow/airflow/dags/user_processing.py
> git cat-file -s 3377fd36d3c5128d5544e47dfe92423c5fe4cbfe
> git show --textconv :airflow/dags/user_processing.py
> git symbolic-ref --short HEAD
> git for-each-ref --format=%(refname)%00%(upstream:short)%00%(objectname)%00%(upstream:track) refs/heads/main refs/remotes/main
> git for-each-ref --sort -committerdate --format %(refname) %(objectname) %(*objectname)
> git remote --verbose
> git config --get commit.template
