[2021-08-16 13:13:37,497] {taskinstance.py:876} INFO - Dependencies all met for <TaskInstance: example_bash_operator.runme_1 2021-08-15T00:00:00+00:00 [queued]>
[2021-08-16 13:13:37,506] {taskinstance.py:876} INFO - Dependencies all met for <TaskInstance: example_bash_operator.runme_1 2021-08-15T00:00:00+00:00 [queued]>
[2021-08-16 13:13:37,506] {taskinstance.py:1067} INFO - 
--------------------------------------------------------------------------------
[2021-08-16 13:13:37,507] {taskinstance.py:1068} INFO - Starting attempt 1 of 1
[2021-08-16 13:13:37,507] {taskinstance.py:1069} INFO - 
--------------------------------------------------------------------------------
[2021-08-16 13:13:37,524] {taskinstance.py:1087} INFO - Executing <Task(BashOperator): runme_1> on 2021-08-15T00:00:00+00:00
[2021-08-16 13:13:37,526] {standard_task_runner.py:52} INFO - Started process 68155 to run task
[2021-08-16 13:13:37,533] {standard_task_runner.py:76} INFO - Running: ['airflow', 'tasks', 'run', 'example_bash_operator', 'runme_1', '2021-08-15T00:00:00+00:00', '--job-id', '8', '--pool', 'default_pool', '--raw', '--subdir', '/home/airflow/sandbox/lib/python3.8/site-packages/airflow/example_dags/example_bash_operator.py', '--cfg-path', '/tmp/tmp93pplidb', '--error-file', '/tmp/tmp828q_xr0']
[2021-08-16 13:13:37,534] {standard_task_runner.py:77} INFO - Job 8: Subtask runme_1
[2021-08-16 13:13:37,656] {logging_mixin.py:104} INFO - Running <TaskInstance: example_bash_operator.runme_1 2021-08-15T00:00:00+00:00 [running]> on host airflowvm
[2021-08-16 13:13:37,729] {taskinstance.py:1280} INFO - Exporting the following env vars:
AIRFLOW_CTX_DAG_OWNER=airflow
AIRFLOW_CTX_DAG_ID=example_bash_operator
AIRFLOW_CTX_TASK_ID=runme_1
AIRFLOW_CTX_EXECUTION_DATE=2021-08-15T00:00:00+00:00
AIRFLOW_CTX_DAG_RUN_ID=scheduled__2021-08-15T00:00:00+00:00
[2021-08-16 13:13:37,729] {subprocess.py:52} INFO - Tmp dir root location: 
 /tmp
[2021-08-16 13:13:37,730] {subprocess.py:63} INFO - Running command: ['bash', '-c', 'echo "example_bash_operator__runme_1__20210815" && sleep 1']
[2021-08-16 13:13:37,736] {subprocess.py:75} INFO - Output:
[2021-08-16 13:13:37,738] {subprocess.py:79} INFO - example_bash_operator__runme_1__20210815
[2021-08-16 13:13:38,741] {subprocess.py:83} INFO - Command exited with return code 0
[2021-08-16 13:13:38,773] {taskinstance.py:1184} INFO - Marking task as SUCCESS. dag_id=example_bash_operator, task_id=runme_1, execution_date=20210815T000000, start_date=20210816T131337, end_date=20210816T131338
[2021-08-16 13:13:38,802] {taskinstance.py:1245} INFO - 0 downstream tasks scheduled from follow-on schedule check
[2021-08-16 13:13:38,820] {local_task_job.py:151} INFO - Task exited with return code 0
