[2021-09-25 06:10:44.832] [exthost] [info] extension host started
[2021-09-25 06:10:44.848] [exthost] [error] Error: EEXIST: file already exists, open '/home/airflow/.vscode-server/data/User/workspaceStorage/e689b1832e6363481fe5fa9acd4a1bee/vscode.lock'
[2021-09-25 06:10:44.899] [exthost] [info] Lock '/home/airflow/.vscode-server/data/User/workspaceStorage/e689b1832e6363481fe5fa9acd4a1bee/vscode.lock': Could not acquire lock, checking if the file is stale.
[2021-09-25 06:10:44.917] [exthost] [info] Lock '/home/airflow/.vscode-server/data/User/workspaceStorage/e689b1832e6363481fe5fa9acd4a1bee/vscode.lock': The pid 2014 appears to be gone.
[2021-09-25 06:10:44.917] [exthost] [info] Lock '/home/airflow/.vscode-server/data/User/workspaceStorage/e689b1832e6363481fe5fa9acd4a1bee/vscode.lock': Deleting a stale lock.
[2021-09-25 06:10:45.167] [exthost] [info] ExtensionService#_doActivateExtension vscode.debug-auto-launch {"startup":true,"extensionId":{"value":"vscode.debug-auto-launch","_lower":"vscode.debug-auto-launch"},"activationEvent":"*"}
[2021-09-25 06:10:45.168] [exthost] [info] ExtensionService#loadCommonJSModule file:///home/airflow/.vscode-server/bin/7f6ab5485bbc008386c4386d08766667e155244e/extensions/debug-auto-launch/dist/extension
[2021-09-25 06:10:45.241] [exthost] [info] ExtensionService#_doActivateExtension vscode.git {"startup":true,"extensionId":{"value":"vscode.github","_lower":"vscode.github"},"activationEvent":"*"}
[2021-09-25 06:10:45.248] [exthost] [info] ExtensionService#loadCommonJSModule file:///home/airflow/.vscode-server/bin/7f6ab5485bbc008386c4386d08766667e155244e/extensions/git/dist/main
[2021-09-25 06:10:47.634] [exthost] [info] ExtensionService#_doActivateExtension ritwickdey.LiveServer {"startup":true,"extensionId":{"value":"ritwickdey.LiveServer","_lower":"ritwickdey.liveserver"},"activationEvent":"*"}
[2021-09-25 06:10:47.641] [exthost] [info] ExtensionService#loadCommonJSModule file:///home/airflow/.vscode-server/extensions/ritwickdey.liveserver-5.6.1/out/src/extension
[2021-09-25 06:10:51.032] [exthost] [info] Lock '/home/airflow/.vscode-server/data/User/workspaceStorage/e689b1832e6363481fe5fa9acd4a1bee/vscode.lock': Lock acquired.
[2021-09-25 06:10:52.168] [exthost] [info] ExtensionService#_doActivateExtension vscode.github {"startup":true,"extensionId":{"value":"vscode.github","_lower":"vscode.github"},"activationEvent":"*"}
[2021-09-25 06:10:52.168] [exthost] [info] ExtensionService#loadCommonJSModule file:///home/airflow/.vscode-server/bin/7f6ab5485bbc008386c4386d08766667e155244e/extensions/github/dist/extension.js
[2021-09-25 06:10:52.798] [exthost] [info] ExtensionService#_doActivateExtension vscode.emmet {"startup":false,"extensionId":{"value":"vscode.emmet","_lower":"vscode.emmet"},"activationEvent":"onStartupFinished"}
[2021-09-25 06:10:52.799] [exthost] [info] ExtensionService#loadCommonJSModule file:///home/airflow/.vscode-server/bin/7f6ab5485bbc008386c4386d08766667e155244e/extensions/emmet/dist/node/emmetNodeMain
[2021-09-25 06:10:53.214] [exthost] [info] ExtensionService#_doActivateExtension vscode.merge-conflict {"startup":false,"extensionId":{"value":"vscode.merge-conflict","_lower":"vscode.merge-conflict"},"activationEvent":"onStartupFinished"}
[2021-09-25 06:10:53.214] [exthost] [info] ExtensionService#loadCommonJSModule file:///home/airflow/.vscode-server/bin/7f6ab5485bbc008386c4386d08766667e155244e/extensions/merge-conflict/dist/mergeConflictMain
[2021-09-25 06:10:53.262] [exthost] [info] eager extensions activated
[2021-09-25 06:10:53.329] [exthost] [info] ExtensionService#_doActivateExtension ms-vscode.js-debug {"startup":false,"extensionId":{"value":"ms-vscode.js-debug","_lower":"ms-vscode.js-debug"},"activationEvent":"onCommand:extension.js-debug.clearAutoAttachVariables"}
[2021-09-25 06:10:53.329] [exthost] [info] ExtensionService#loadCommonJSModule file:///home/airflow/.vscode-server/bin/7f6ab5485bbc008386c4386d08766667e155244e/extensions/ms-vscode.js-debug/src/extension.js
[2021-09-25 06:10:56.060] [exthost] [warning] [Decorations] CAPPING events from decorations provider vscode.git 2909
[2021-09-25 06:11:00.274] [exthost] [warning] [Decorations] CAPPING events from decorations provider vscode.git 2909
[2021-09-25 06:14:12.592] [exthost] [warning] [Decorations] CAPPING events from decorations provider vscode.git 2909
[2021-09-25 06:14:19.261] [exthost] [warning] [Decorations] CAPPING events from decorations provider vscode.git 2909
