[2021-09-23 22:55:43,601] {taskinstance.py:876} INFO - Dependencies all met for <TaskInstance: example_bash_operator.runme_1 2021-09-04T00:00:00+00:00 [queued]>
[2021-09-23 22:55:43,609] {taskinstance.py:876} INFO - Dependencies all met for <TaskInstance: example_bash_operator.runme_1 2021-09-04T00:00:00+00:00 [queued]>
[2021-09-23 22:55:43,610] {taskinstance.py:1067} INFO - 
--------------------------------------------------------------------------------
[2021-09-23 22:55:43,610] {taskinstance.py:1068} INFO - Starting attempt 1 of 1
[2021-09-23 22:55:43,610] {taskinstance.py:1069} INFO - 
--------------------------------------------------------------------------------
[2021-09-23 22:55:43,634] {taskinstance.py:1087} INFO - Executing <Task(BashOperator): runme_1> on 2021-09-04T00:00:00+00:00
[2021-09-23 22:55:43,636] {standard_task_runner.py:52} INFO - Started process 5121 to run task
[2021-09-23 22:55:43,641] {standard_task_runner.py:76} INFO - Running: ['airflow', 'tasks', 'run', 'example_bash_operator', 'runme_1', '2021-09-04T00:00:00+00:00', '--job-id', '159', '--pool', 'default_pool', '--raw', '--subdir', '/home/airflow/sandbox/lib/python3.8/site-packages/airflow/example_dags/example_bash_operator.py', '--cfg-path', '/tmp/tmp2vwlk2d7', '--error-file', '/tmp/tmpiorcphtl']
[2021-09-23 22:55:43,642] {standard_task_runner.py:77} INFO - Job 159: Subtask runme_1
[2021-09-23 22:55:43,718] {logging_mixin.py:104} INFO - Running <TaskInstance: example_bash_operator.runme_1 2021-09-04T00:00:00+00:00 [running]> on host airflowvm
[2021-09-23 22:55:43,808] {taskinstance.py:1280} INFO - Exporting the following env vars:
AIRFLOW_CTX_DAG_OWNER=airflow
AIRFLOW_CTX_DAG_ID=example_bash_operator
AIRFLOW_CTX_TASK_ID=runme_1
AIRFLOW_CTX_EXECUTION_DATE=2021-09-04T00:00:00+00:00
AIRFLOW_CTX_DAG_RUN_ID=scheduled__2021-09-04T00:00:00+00:00
[2021-09-23 22:55:43,810] {subprocess.py:52} INFO - Tmp dir root location: 
 /tmp
[2021-09-23 22:55:43,811] {subprocess.py:63} INFO - Running command: ['bash', '-c', 'echo "example_bash_operator__runme_1__20210904" && sleep 1']
[2021-09-23 22:55:43,816] {subprocess.py:75} INFO - Output:
[2021-09-23 22:55:43,818] {subprocess.py:79} INFO - example_bash_operator__runme_1__20210904
[2021-09-23 22:55:44,822] {subprocess.py:83} INFO - Command exited with return code 0
[2021-09-23 22:55:44,852] {taskinstance.py:1184} INFO - Marking task as SUCCESS. dag_id=example_bash_operator, task_id=runme_1, execution_date=20210904T000000, start_date=20210923T225543, end_date=20210923T225544
[2021-09-23 22:55:44,882] {taskinstance.py:1245} INFO - 0 downstream tasks scheduled from follow-on schedule check
[2021-09-23 22:55:44,899] {local_task_job.py:151} INFO - Task exited with return code 0
